#1801 angles,  1 tensor ranks for 0=projectile
@subtitle   "12C(7Li,6Li)13C @ Ed=70 MeV;"                                                  
@legend ON
@legend x1 0.2
@legend y1 0.8
@g0 type LOGY
@yaxis ticklabel format power
@legend string   0 "Lab energy =   70.0000"
#legend string   0 "Partition=  2 Excit=  2 near/far= 1"
#  Theta       sigma       iT11        T20         T21         T22         Kyy for projectile
   0.000      0.1990    
  0.1000      0.2001    
  0.2000      0.2033    
  0.3000      0.2086    
  0.4000      0.2160    
  0.5000      0.2255    
  0.6000      0.2370    
  0.7000      0.2505    
  0.8000      0.2659    
  0.9000      0.2832    
   1.000      0.3023    
   1.100      0.3231    
   1.200      0.3455    
   1.300      0.3695    
   1.400      0.3949    
   1.500      0.4217    
   1.600      0.4496    
   1.700      0.4788    
   1.800      0.5089    
   1.900      0.5399    
   2.000      0.5717    
   2.100      0.6041    
   2.200      0.6370    
   2.300      0.6703    
   2.400      0.7038    
   2.500      0.7374    
   2.600      0.7711    
   2.700      0.8046    
   2.800      0.8378    
   2.900      0.8706    
   3.000      0.9028    
   3.100      0.9344    
   3.200      0.9652    
   3.300      0.9952    
   3.400       1.024    
   3.500       1.052    
   3.600       1.079    
   3.700       1.104    
   3.800       1.128    
   3.900       1.150    
   4.000       1.171    
   4.100       1.190    
   4.200       1.208    
   4.300       1.223    
   4.400       1.237    
   4.500       1.249    
   4.600       1.259    
   4.700       1.267    
   4.800       1.274    
   4.900       1.278    
   5.000       1.280    
   5.100       1.280    
   5.200       1.279    
   5.300       1.275    
   5.400       1.270    
   5.500       1.262    
   5.600       1.253    
   5.700       1.242    
   5.800       1.229    
   5.900       1.214    
   6.000       1.198    
   6.100       1.180    
   6.200       1.161    
   6.300       1.140    
   6.400       1.118    
   6.500       1.094    
   6.600       1.070    
   6.700       1.044    
   6.800       1.017    
   6.900      0.9892    
   7.000      0.9606    
   7.100      0.9312    
   7.200      0.9013    
   7.300      0.8708    
   7.400      0.8398    
   7.500      0.8085    
   7.600      0.7769    
   7.700      0.7452    
   7.800      0.7134    
   7.900      0.6817    
   8.000      0.6501    
   8.100      0.6187    
   8.200      0.5875    
   8.300      0.5568    
   8.400      0.5265    
   8.500      0.4967    
   8.600      0.4676    
   8.700      0.4391    
   8.800      0.4113    
   8.900      0.3843    
   9.000      0.3582    
   9.100      0.3329    
   9.200      0.3086    
   9.300      0.2853    
   9.400      0.2630    
   9.500      0.2417    
   9.600      0.2215    
   9.700      0.2024    
   9.800      0.1844    
   9.900      0.1676    
   10.00      0.1518    
   10.10      0.1372    
   10.20      0.1237    
   10.30      0.1114    
   10.40      0.1001    
   10.50      0.8998E-01
   10.60      0.8093E-01
   10.70      0.7295E-01
   10.80      0.6600E-01
   10.90      0.6008E-01
   11.00      0.5513E-01
   11.10      0.5114E-01
   11.20      0.4807E-01
   11.30      0.4587E-01
   11.40      0.4451E-01
   11.50      0.4396E-01
   11.60      0.4416E-01
   11.70      0.4507E-01
   11.80      0.4665E-01
   11.90      0.4885E-01
   12.00      0.5162E-01
   12.10      0.5493E-01
   12.20      0.5871E-01
   12.30      0.6292E-01
   12.40      0.6752E-01
   12.50      0.7245E-01
   12.60      0.7768E-01
   12.70      0.8315E-01
   12.80      0.8882E-01
   12.90      0.9465E-01
   13.00      0.1006    
   13.10      0.1066    
   13.20      0.1127    
   13.30      0.1187    
   13.40      0.1247    
   13.50      0.1307    
   13.60      0.1365    
   13.70      0.1422    
   13.80      0.1477    
   13.90      0.1530    
   14.00      0.1581    
   14.10      0.1630    
   14.20      0.1676    
   14.30      0.1719    
   14.40      0.1760    
   14.50      0.1797    
   14.60      0.1830    
   14.70      0.1861    
   14.80      0.1888    
   14.90      0.1911    
   15.00      0.1931    
   15.10      0.1948    
   15.20      0.1960    
   15.30      0.1970    
   15.40      0.1975    
   15.50      0.1977    
   15.60      0.1976    
   15.70      0.1971    
   15.80      0.1963    
   15.90      0.1951    
   16.00      0.1937    
   16.10      0.1919    
   16.20      0.1898    
   16.30      0.1875    
   16.40      0.1849    
   16.50      0.1820    
   16.60      0.1789    
   16.70      0.1756    
   16.80      0.1721    
   16.90      0.1684    
   17.00      0.1645    
   17.10      0.1605    
   17.20      0.1563    
   17.30      0.1520    
   17.40      0.1476    
   17.50      0.1431    
   17.60      0.1385    
   17.70      0.1338    
   17.80      0.1292    
   17.90      0.1244    
   18.00      0.1197    
   18.10      0.1150    
   18.20      0.1102    
   18.30      0.1055    
   18.40      0.1009    
   18.50      0.9628E-01
   18.60      0.9173E-01
   18.70      0.8726E-01
   18.80      0.8286E-01
   18.90      0.7856E-01
   19.00      0.7436E-01
   19.10      0.7027E-01
   19.20      0.6630E-01
   19.30      0.6244E-01
   19.40      0.5872E-01
   19.50      0.5513E-01
   19.60      0.5168E-01
   19.70      0.4837E-01
   19.80      0.4521E-01
   19.90      0.4220E-01
   20.00      0.3934E-01
   20.10      0.3664E-01
   20.20      0.3408E-01
   20.30      0.3169E-01
   20.40      0.2944E-01
   20.50      0.2735E-01
   20.60      0.2542E-01
   20.70      0.2363E-01
   20.80      0.2199E-01
   20.90      0.2050E-01
   21.00      0.1916E-01
   21.10      0.1795E-01
   21.20      0.1689E-01
   21.30      0.1595E-01
   21.40      0.1515E-01
   21.50      0.1447E-01
   21.60      0.1391E-01
   21.70      0.1347E-01
   21.80      0.1314E-01
   21.90      0.1291E-01
   22.00      0.1278E-01
   22.10      0.1275E-01
   22.20      0.1281E-01
   22.30      0.1295E-01
   22.40      0.1317E-01
   22.50      0.1347E-01
   22.60      0.1383E-01
   22.70      0.1425E-01
   22.80      0.1473E-01
   22.90      0.1525E-01
   23.00      0.1583E-01
   23.10      0.1644E-01
   23.20      0.1709E-01
   23.30      0.1777E-01
   23.40      0.1847E-01
   23.50      0.1919E-01
   23.60      0.1992E-01
   23.70      0.2067E-01
   23.80      0.2142E-01
   23.90      0.2217E-01
   24.00      0.2292E-01
   24.10      0.2366E-01
   24.20      0.2440E-01
   24.30      0.2511E-01
   24.40      0.2582E-01
   24.50      0.2650E-01
   24.60      0.2715E-01
   24.70      0.2778E-01
   24.80      0.2839E-01
   24.90      0.2896E-01
   25.00      0.2950E-01
   25.10      0.3000E-01
   25.20      0.3047E-01
   25.30      0.3089E-01
   25.40      0.3128E-01
   25.50      0.3163E-01
   25.60      0.3194E-01
   25.70      0.3220E-01
   25.80      0.3242E-01
   25.90      0.3260E-01
   26.00      0.3273E-01
   26.10      0.3282E-01
   26.20      0.3287E-01
   26.30      0.3287E-01
   26.40      0.3283E-01
   26.50      0.3275E-01
   26.60      0.3262E-01
   26.70      0.3246E-01
   26.80      0.3225E-01
   26.90      0.3201E-01
   27.00      0.3173E-01
   27.10      0.3141E-01
   27.20      0.3105E-01
   27.30      0.3066E-01
   27.40      0.3024E-01
   27.50      0.2979E-01
   27.60      0.2931E-01
   27.70      0.2880E-01
   27.80      0.2827E-01
   27.90      0.2771E-01
   28.00      0.2713E-01
   28.10      0.2653E-01
   28.20      0.2591E-01
   28.30      0.2527E-01
   28.40      0.2462E-01
   28.50      0.2395E-01
   28.60      0.2328E-01
   28.70      0.2259E-01
   28.80      0.2190E-01
   28.90      0.2120E-01
   29.00      0.2050E-01
   29.10      0.1979E-01
   29.20      0.1909E-01
   29.30      0.1838E-01
   29.40      0.1768E-01
   29.50      0.1699E-01
   29.60      0.1630E-01
   29.70      0.1562E-01
   29.80      0.1495E-01
   29.90      0.1428E-01
   30.00      0.1363E-01
   30.10      0.1300E-01
   30.20      0.1237E-01
   30.30      0.1177E-01
   30.40      0.1117E-01
   30.50      0.1060E-01
   30.60      0.1005E-01
   30.70      0.9509E-02
   30.80      0.8992E-02
   30.90      0.8495E-02
   31.00      0.8019E-02
   31.10      0.7565E-02
   31.20      0.7132E-02
   31.30      0.6722E-02
   31.40      0.6333E-02
   31.50      0.5968E-02
   31.60      0.5625E-02
   31.70      0.5304E-02
   31.80      0.5006E-02
   31.90      0.4731E-02
   32.00      0.4478E-02
   32.10      0.4247E-02
   32.20      0.4038E-02
   32.30      0.3850E-02
   32.40      0.3683E-02
   32.50      0.3536E-02
   32.60      0.3409E-02
   32.70      0.3302E-02
   32.80      0.3214E-02
   32.90      0.3143E-02
   33.00      0.3090E-02
   33.10      0.3054E-02
   33.20      0.3033E-02
   33.30      0.3027E-02
   33.40      0.3036E-02
   33.50      0.3058E-02
   33.60      0.3093E-02
   33.70      0.3139E-02
   33.80      0.3196E-02
   33.90      0.3263E-02
   34.00      0.3338E-02
   34.10      0.3422E-02
   34.20      0.3514E-02
   34.30      0.3611E-02
   34.40      0.3714E-02
   34.50      0.3821E-02
   34.60      0.3933E-02
   34.70      0.4047E-02
   34.80      0.4163E-02
   34.90      0.4281E-02
   35.00      0.4399E-02
   35.10      0.4517E-02
   35.20      0.4635E-02
   35.30      0.4750E-02
   35.40      0.4864E-02
   35.50      0.4975E-02
   35.60      0.5082E-02
   35.70      0.5186E-02
   35.80      0.5285E-02
   35.90      0.5380E-02
   36.00      0.5469E-02
   36.10      0.5553E-02
   36.20      0.5631E-02
   36.30      0.5702E-02
   36.40      0.5767E-02
   36.50      0.5826E-02
   36.60      0.5877E-02
   36.70      0.5921E-02
   36.80      0.5958E-02
   36.90      0.5988E-02
   37.00      0.6011E-02
   37.10      0.6026E-02
   37.20      0.6034E-02
   37.30      0.6034E-02
   37.40      0.6027E-02
   37.50      0.6014E-02
   37.60      0.5993E-02
   37.70      0.5965E-02
   37.80      0.5931E-02
   37.90      0.5890E-02
   38.00      0.5843E-02
   38.10      0.5790E-02
   38.20      0.5731E-02
   38.30      0.5667E-02
   38.40      0.5597E-02
   38.50      0.5523E-02
   38.60      0.5443E-02
   38.70      0.5360E-02
   38.80      0.5272E-02
   38.90      0.5181E-02
   39.00      0.5086E-02
   39.10      0.4988E-02
   39.20      0.4888E-02
   39.30      0.4785E-02
   39.40      0.4679E-02
   39.50      0.4572E-02
   39.60      0.4463E-02
   39.70      0.4353E-02
   39.80      0.4242E-02
   39.90      0.4131E-02
   40.00      0.4018E-02
   40.10      0.3906E-02
   40.20      0.3794E-02
   40.30      0.3682E-02
   40.40      0.3571E-02
   40.50      0.3460E-02
   40.60      0.3351E-02
   40.70      0.3242E-02
   40.80      0.3135E-02
   40.90      0.3030E-02
   41.00      0.2926E-02
   41.10      0.2824E-02
   41.20      0.2724E-02
   41.30      0.2626E-02
   41.40      0.2531E-02
   41.50      0.2437E-02
   41.60      0.2347E-02
   41.70      0.2258E-02
   41.80      0.2172E-02
   41.90      0.2089E-02
   42.00      0.2009E-02
   42.10      0.1931E-02
   42.20      0.1856E-02
   42.30      0.1783E-02
   42.40      0.1714E-02
   42.50      0.1647E-02
   42.60      0.1583E-02
   42.70      0.1522E-02
   42.80      0.1463E-02
   42.90      0.1407E-02
   43.00      0.1354E-02
   43.10      0.1304E-02
   43.20      0.1256E-02
   43.30      0.1210E-02
   43.40      0.1167E-02
   43.50      0.1127E-02
   43.60      0.1089E-02
   43.70      0.1053E-02
   43.80      0.1020E-02
   43.90      0.9885E-03
   44.00      0.9594E-03
   44.10      0.9324E-03
   44.20      0.9074E-03
   44.30      0.8844E-03
   44.40      0.8632E-03
   44.50      0.8438E-03
   44.60      0.8261E-03
   44.70      0.8101E-03
   44.80      0.7957E-03
   44.90      0.7828E-03
   45.00      0.7713E-03
   45.10      0.7612E-03
   45.20      0.7524E-03
   45.30      0.7448E-03
   45.40      0.7384E-03
   45.50      0.7331E-03
   45.60      0.7288E-03
   45.70      0.7255E-03
   45.80      0.7230E-03
   45.90      0.7215E-03
   46.00      0.7206E-03
   46.10      0.7206E-03
   46.20      0.7211E-03
   46.30      0.7223E-03
   46.40      0.7241E-03
   46.50      0.7263E-03
   46.60      0.7290E-03
   46.70      0.7321E-03
   46.80      0.7355E-03
   46.90      0.7393E-03
   47.00      0.7433E-03
   47.10      0.7476E-03
   47.20      0.7520E-03
   47.30      0.7566E-03
   47.40      0.7613E-03
   47.50      0.7660E-03
   47.60      0.7708E-03
   47.70      0.7756E-03
   47.80      0.7804E-03
   47.90      0.7851E-03
   48.00      0.7897E-03
   48.10      0.7942E-03
   48.20      0.7986E-03
   48.30      0.8028E-03
   48.40      0.8068E-03
   48.50      0.8106E-03
   48.60      0.8142E-03
   48.70      0.8175E-03
   48.80      0.8206E-03
   48.90      0.8233E-03
   49.00      0.8258E-03
   49.10      0.8279E-03
   49.20      0.8297E-03
   49.30      0.8311E-03
   49.40      0.8322E-03
   49.50      0.8329E-03
   49.60      0.8332E-03
   49.70      0.8331E-03
   49.80      0.8326E-03
   49.90      0.8317E-03
   50.00      0.8303E-03
   50.10      0.8286E-03
   50.20      0.8264E-03
   50.30      0.8237E-03
   50.40      0.8207E-03
   50.50      0.8171E-03
   50.60      0.8131E-03
   50.70      0.8087E-03
   50.80      0.8039E-03
   50.90      0.7985E-03
   51.00      0.7928E-03
   51.10      0.7866E-03
   51.20      0.7799E-03
   51.30      0.7729E-03
   51.40      0.7654E-03
   51.50      0.7575E-03
   51.60      0.7492E-03
   51.70      0.7405E-03
   51.80      0.7315E-03
   51.90      0.7220E-03
   52.00      0.7122E-03
   52.10      0.7021E-03
   52.20      0.6916E-03
   52.30      0.6809E-03
   52.40      0.6698E-03
   52.50      0.6585E-03
   52.60      0.6469E-03
   52.70      0.6352E-03
   52.80      0.6232E-03
   52.90      0.6110E-03
   53.00      0.5986E-03
   53.10      0.5861E-03
   53.20      0.5735E-03
   53.30      0.5609E-03
   53.40      0.5481E-03
   53.50      0.5353E-03
   53.60      0.5225E-03
   53.70      0.5097E-03
   53.80      0.4970E-03
   53.90      0.4843E-03
   54.00      0.4716E-03
   54.10      0.4591E-03
   54.20      0.4467E-03
   54.30      0.4345E-03
   54.40      0.4225E-03
   54.50      0.4106E-03
   54.60      0.3990E-03
   54.70      0.3876E-03
   54.80      0.3764E-03
   54.90      0.3656E-03
   55.00      0.3550E-03
   55.10      0.3447E-03
   55.20      0.3347E-03
   55.30      0.3251E-03
   55.40      0.3157E-03
   55.50      0.3068E-03
   55.60      0.2982E-03
   55.70      0.2899E-03
   55.80      0.2820E-03
   55.90      0.2745E-03
   56.00      0.2673E-03
   56.10      0.2605E-03
   56.20      0.2540E-03
   56.30      0.2479E-03
   56.40      0.2422E-03
   56.50      0.2368E-03
   56.60      0.2317E-03
   56.70      0.2270E-03
   56.80      0.2226E-03
   56.90      0.2185E-03
   57.00      0.2147E-03
   57.10      0.2112E-03
   57.20      0.2080E-03
   57.30      0.2050E-03
   57.40      0.2023E-03
   57.50      0.1998E-03
   57.60      0.1975E-03
   57.70      0.1954E-03
   57.80      0.1935E-03
   57.90      0.1917E-03
   58.00      0.1902E-03
   58.10      0.1887E-03
   58.20      0.1874E-03
   58.30      0.1861E-03
   58.40      0.1850E-03
   58.50      0.1839E-03
   58.60      0.1829E-03
   58.70      0.1820E-03
   58.80      0.1811E-03
   58.90      0.1802E-03
   59.00      0.1793E-03
   59.10      0.1784E-03
   59.20      0.1775E-03
   59.30      0.1767E-03
   59.40      0.1757E-03
   59.50      0.1748E-03
   59.60      0.1738E-03
   59.70      0.1728E-03
   59.80      0.1718E-03
   59.90      0.1706E-03
   60.00      0.1695E-03
   60.10      0.1683E-03
   60.20      0.1670E-03
   60.30      0.1657E-03
   60.40      0.1643E-03
   60.50      0.1629E-03
   60.60      0.1614E-03
   60.70      0.1599E-03
   60.80      0.1583E-03
   60.90      0.1567E-03
   61.00      0.1551E-03
   61.10      0.1534E-03
   61.20      0.1516E-03
   61.30      0.1499E-03
   61.40      0.1481E-03
   61.50      0.1462E-03
   61.60      0.1444E-03
   61.70      0.1425E-03
   61.80      0.1406E-03
   61.90      0.1388E-03
   62.00      0.1369E-03
   62.10      0.1350E-03
   62.20      0.1331E-03
   62.30      0.1312E-03
   62.40      0.1293E-03
   62.50      0.1275E-03
   62.60      0.1256E-03
   62.70      0.1238E-03
   62.80      0.1220E-03
   62.90      0.1202E-03
   63.00      0.1184E-03
   63.10      0.1167E-03
   63.20      0.1150E-03
   63.30      0.1133E-03
   63.40      0.1117E-03
   63.50      0.1100E-03
   63.60      0.1085E-03
   63.70      0.1069E-03
   63.80      0.1054E-03
   63.90      0.1039E-03
   64.00      0.1025E-03
   64.10      0.1011E-03
   64.20      0.9971E-04
   64.30      0.9839E-04
   64.40      0.9710E-04
   64.50      0.9585E-04
   64.60      0.9464E-04
   64.70      0.9347E-04
   64.80      0.9233E-04
   64.90      0.9124E-04
   65.00      0.9019E-04
   65.10      0.8917E-04
   65.20      0.8820E-04
   65.30      0.8727E-04
   65.40      0.8637E-04
   65.50      0.8552E-04
   65.60      0.8471E-04
   65.70      0.8394E-04
   65.80      0.8320E-04
   65.90      0.8251E-04
   66.00      0.8186E-04
   66.10      0.8124E-04
   66.20      0.8067E-04
   66.30      0.8013E-04
   66.40      0.7963E-04
   66.50      0.7916E-04
   66.60      0.7873E-04
   66.70      0.7834E-04
   66.80      0.7797E-04
   66.90      0.7764E-04
   67.00      0.7734E-04
   67.10      0.7706E-04
   67.20      0.7681E-04
   67.30      0.7659E-04
   67.40      0.7638E-04
   67.50      0.7619E-04
   67.60      0.7602E-04
   67.70      0.7585E-04
   67.80      0.7570E-04
   67.90      0.7555E-04
   68.00      0.7541E-04
   68.10      0.7527E-04
   68.20      0.7512E-04
   68.30      0.7497E-04
   68.40      0.7480E-04
   68.50      0.7463E-04
   68.60      0.7443E-04
   68.70      0.7422E-04
   68.80      0.7398E-04
   68.90      0.7372E-04
   69.00      0.7342E-04
   69.10      0.7310E-04
   69.20      0.7274E-04
   69.30      0.7234E-04
   69.40      0.7190E-04
   69.50      0.7143E-04
   69.60      0.7091E-04
   69.70      0.7034E-04
   69.80      0.6973E-04
   69.90      0.6908E-04
   70.00      0.6838E-04
   70.10      0.6763E-04
   70.20      0.6684E-04
   70.30      0.6600E-04
   70.40      0.6512E-04
   70.50      0.6420E-04
   70.60      0.6323E-04
   70.70      0.6222E-04
   70.80      0.6117E-04
   70.90      0.6009E-04
   71.00      0.5898E-04
   71.10      0.5783E-04
   71.20      0.5665E-04
   71.30      0.5546E-04
   71.40      0.5424E-04
   71.50      0.5300E-04
   71.60      0.5175E-04
   71.70      0.5048E-04
   71.80      0.4921E-04
   71.90      0.4794E-04
   72.00      0.4667E-04
   72.10      0.4540E-04
   72.20      0.4414E-04
   72.30      0.4288E-04
   72.40      0.4165E-04
   72.50      0.4043E-04
   72.60      0.3923E-04
   72.70      0.3805E-04
   72.80      0.3690E-04
   72.90      0.3578E-04
   73.00      0.3469E-04
   73.10      0.3363E-04
   73.20      0.3261E-04
   73.30      0.3162E-04
   73.40      0.3067E-04
   73.50      0.2976E-04
   73.60      0.2889E-04
   73.70      0.2805E-04
   73.80      0.2726E-04
   73.90      0.2650E-04
   74.00      0.2579E-04
   74.10      0.2511E-04
   74.20      0.2447E-04
   74.30      0.2387E-04
   74.40      0.2331E-04
   74.50      0.2278E-04
   74.60      0.2229E-04
   74.70      0.2183E-04
   74.80      0.2140E-04
   74.90      0.2101E-04
   75.00      0.2064E-04
   75.10      0.2030E-04
   75.20      0.1998E-04
   75.30      0.1969E-04
   75.40      0.1942E-04
   75.50      0.1918E-04
   75.60      0.1895E-04
   75.70      0.1874E-04
   75.80      0.1855E-04
   75.90      0.1838E-04
   76.00      0.1822E-04
   76.10      0.1807E-04
   76.20      0.1794E-04
   76.30      0.1782E-04
   76.40      0.1771E-04
   76.50      0.1761E-04
   76.60      0.1753E-04
   76.70      0.1745E-04
   76.80      0.1739E-04
   76.90      0.1733E-04
   77.00      0.1729E-04
   77.10      0.1725E-04
   77.20      0.1723E-04
   77.30      0.1722E-04
   77.40      0.1721E-04
   77.50      0.1722E-04
   77.60      0.1724E-04
   77.70      0.1727E-04
   77.80      0.1731E-04
   77.90      0.1736E-04
   78.00      0.1742E-04
   78.10      0.1750E-04
   78.20      0.1758E-04
   78.30      0.1768E-04
   78.40      0.1779E-04
   78.50      0.1790E-04
   78.60      0.1803E-04
   78.70      0.1817E-04
   78.80      0.1831E-04
   78.90      0.1846E-04
   79.00      0.1862E-04
   79.10      0.1879E-04
   79.20      0.1896E-04
   79.30      0.1913E-04
   79.40      0.1930E-04
   79.50      0.1948E-04
   79.60      0.1966E-04
   79.70      0.1983E-04
   79.80      0.2000E-04
   79.90      0.2017E-04
   80.00      0.2033E-04
   80.10      0.2048E-04
   80.20      0.2062E-04
   80.30      0.2076E-04
   80.40      0.2088E-04
   80.50      0.2098E-04
   80.60      0.2107E-04
   80.70      0.2115E-04
   80.80      0.2120E-04
   80.90      0.2124E-04
   81.00      0.2126E-04
   81.10      0.2126E-04
   81.20      0.2124E-04
   81.30      0.2120E-04
   81.40      0.2113E-04
   81.50      0.2105E-04
   81.60      0.2094E-04
   81.70      0.2082E-04
   81.80      0.2067E-04
   81.90      0.2050E-04
   82.00      0.2031E-04
   82.10      0.2011E-04
   82.20      0.1988E-04
   82.30      0.1964E-04
   82.40      0.1939E-04
   82.50      0.1912E-04
   82.60      0.1884E-04
   82.70      0.1855E-04
   82.80      0.1824E-04
   82.90      0.1793E-04
   83.00      0.1762E-04
   83.10      0.1730E-04
   83.20      0.1698E-04
   83.30      0.1666E-04
   83.40      0.1634E-04
   83.50      0.1602E-04
   83.60      0.1570E-04
   83.70      0.1539E-04
   83.80      0.1509E-04
   83.90      0.1480E-04
   84.00      0.1451E-04
   84.10      0.1424E-04
   84.20      0.1397E-04
   84.30      0.1372E-04
   84.40      0.1348E-04
   84.50      0.1325E-04
   84.60      0.1303E-04
   84.70      0.1283E-04
   84.80      0.1264E-04
   84.90      0.1246E-04
   85.00      0.1229E-04
   85.10      0.1214E-04
   85.20      0.1199E-04
   85.30      0.1186E-04
   85.40      0.1173E-04
   85.50      0.1161E-04
   85.60      0.1150E-04
   85.70      0.1140E-04
   85.80      0.1129E-04
   85.90      0.1119E-04
   86.00      0.1110E-04
   86.10      0.1100E-04
   86.20      0.1090E-04
   86.30      0.1080E-04
   86.40      0.1070E-04
   86.50      0.1059E-04
   86.60      0.1048E-04
   86.70      0.1036E-04
   86.80      0.1023E-04
   86.90      0.1009E-04
   87.00      0.9949E-05
   87.10      0.9795E-05
   87.20      0.9630E-05
   87.30      0.9456E-05
   87.40      0.9271E-05
   87.50      0.9076E-05
   87.60      0.8871E-05
   87.70      0.8656E-05
   87.80      0.8432E-05
   87.90      0.8200E-05
   88.00      0.7959E-05
   88.10      0.7712E-05
   88.20      0.7459E-05
   88.30      0.7200E-05
   88.40      0.6938E-05
   88.50      0.6674E-05
   88.60      0.6408E-05
   88.70      0.6143E-05
   88.80      0.5880E-05
   88.90      0.5619E-05
   89.00      0.5363E-05
   89.10      0.5113E-05
   89.20      0.4870E-05
   89.30      0.4636E-05
   89.40      0.4412E-05
   89.50      0.4199E-05
   89.60      0.3999E-05
   89.70      0.3811E-05
   89.80      0.3638E-05
   89.90      0.3481E-05
   90.00      0.3339E-05
   90.10      0.3213E-05
   90.20      0.3104E-05
   90.30      0.3012E-05
   90.40      0.2937E-05
   90.50      0.2880E-05
   90.60      0.2839E-05
   90.70      0.2815E-05
   90.80      0.2808E-05
   90.90      0.2816E-05
   91.00      0.2839E-05
   91.10      0.2876E-05
   91.20      0.2927E-05
   91.30      0.2990E-05
   91.40      0.3064E-05
   91.50      0.3148E-05
   91.60      0.3241E-05
   91.70      0.3342E-05
   91.80      0.3449E-05
   91.90      0.3561E-05
   92.00      0.3677E-05
   92.10      0.3795E-05
   92.20      0.3915E-05
   92.30      0.4034E-05
   92.40      0.4152E-05
   92.50      0.4268E-05
   92.60      0.4381E-05
   92.70      0.4489E-05
   92.80      0.4592E-05
   92.90      0.4690E-05
   93.00      0.4781E-05
   93.10      0.4865E-05
   93.20      0.4941E-05
   93.30      0.5009E-05
   93.40      0.5070E-05
   93.50      0.5123E-05
   93.60      0.5167E-05
   93.70      0.5204E-05
   93.80      0.5233E-05
   93.90      0.5255E-05
   94.00      0.5270E-05
   94.10      0.5279E-05
   94.20      0.5282E-05
   94.30      0.5280E-05
   94.40      0.5274E-05
   94.50      0.5265E-05
   94.60      0.5252E-05
   94.70      0.5238E-05
   94.80      0.5222E-05
   94.90      0.5206E-05
   95.00      0.5190E-05
   95.10      0.5175E-05
   95.20      0.5162E-05
   95.30      0.5151E-05
   95.40      0.5144E-05
   95.50      0.5140E-05
   95.60      0.5139E-05
   95.70      0.5143E-05
   95.80      0.5151E-05
   95.90      0.5164E-05
   96.00      0.5182E-05
   96.10      0.5204E-05
   96.20      0.5231E-05
   96.30      0.5262E-05
   96.40      0.5297E-05
   96.50      0.5336E-05
   96.60      0.5377E-05
   96.70      0.5421E-05
   96.80      0.5467E-05
   96.90      0.5514E-05
   97.00      0.5561E-05
   97.10      0.5608E-05
   97.20      0.5653E-05
   97.30      0.5696E-05
   97.40      0.5736E-05
   97.50      0.5772E-05
   97.60      0.5804E-05
   97.70      0.5829E-05
   97.80      0.5848E-05
   97.90      0.5860E-05
   98.00      0.5864E-05
   98.10      0.5860E-05
   98.20      0.5846E-05
   98.30      0.5823E-05
   98.40      0.5790E-05
   98.50      0.5746E-05
   98.60      0.5692E-05
   98.70      0.5628E-05
   98.80      0.5553E-05
   98.90      0.5467E-05
   99.00      0.5371E-05
   99.10      0.5266E-05
   99.20      0.5151E-05
   99.30      0.5028E-05
   99.40      0.4896E-05
   99.50      0.4757E-05
   99.60      0.4611E-05
   99.70      0.4460E-05
   99.80      0.4304E-05
   99.90      0.4144E-05
   100.0      0.3981E-05
   100.1      0.3817E-05
   100.2      0.3652E-05
   100.3      0.3488E-05
   100.4      0.3326E-05
   100.5      0.3166E-05
   100.6      0.3011E-05
   100.7      0.2860E-05
   100.8      0.2715E-05
   100.9      0.2577E-05
   101.0      0.2447E-05
   101.1      0.2325E-05
   101.2      0.2213E-05
   101.3      0.2109E-05
   101.4      0.2016E-05
   101.5      0.1934E-05
   101.6      0.1862E-05
   101.7      0.1802E-05
   101.8      0.1752E-05
   101.9      0.1713E-05
   102.0      0.1685E-05
   102.1      0.1667E-05
   102.2      0.1660E-05
   102.3      0.1662E-05
   102.4      0.1672E-05
   102.5      0.1692E-05
   102.6      0.1718E-05
   102.7      0.1752E-05
   102.8      0.1791E-05
   102.9      0.1835E-05
   103.0      0.1884E-05
   103.1      0.1935E-05
   103.2      0.1988E-05
   103.3      0.2043E-05
   103.4      0.2097E-05
   103.5      0.2151E-05
   103.6      0.2203E-05
   103.7      0.2252E-05
   103.8      0.2298E-05
   103.9      0.2340E-05
   104.0      0.2377E-05
   104.1      0.2409E-05
   104.2      0.2434E-05
   104.3      0.2454E-05
   104.4      0.2466E-05
   104.5      0.2472E-05
   104.6      0.2471E-05
   104.7      0.2463E-05
   104.8      0.2448E-05
   104.9      0.2427E-05
   105.0      0.2399E-05
   105.1      0.2365E-05
   105.2      0.2326E-05
   105.3      0.2282E-05
   105.4      0.2234E-05
   105.5      0.2183E-05
   105.6      0.2128E-05
   105.7      0.2072E-05
   105.8      0.2014E-05
   105.9      0.1957E-05
   106.0      0.1900E-05
   106.1      0.1844E-05
   106.2      0.1791E-05
   106.3      0.1742E-05
   106.4      0.1696E-05
   106.5      0.1655E-05
   106.6      0.1620E-05
   106.7      0.1592E-05
   106.8      0.1570E-05
   106.9      0.1556E-05
   107.0      0.1549E-05
   107.1      0.1551E-05
   107.2      0.1561E-05
   107.3      0.1580E-05
   107.4      0.1608E-05
   107.5      0.1644E-05
   107.6      0.1689E-05
   107.7      0.1742E-05
   107.8      0.1803E-05
   107.9      0.1872E-05
   108.0      0.1947E-05
   108.1      0.2029E-05
   108.2      0.2116E-05
   108.3      0.2208E-05
   108.4      0.2305E-05
   108.5      0.2404E-05
   108.6      0.2506E-05
   108.7      0.2608E-05
   108.8      0.2712E-05
   108.9      0.2814E-05
   109.0      0.2915E-05
   109.1      0.3013E-05
   109.2      0.3108E-05
   109.3      0.3198E-05
   109.4      0.3283E-05
   109.5      0.3361E-05
   109.6      0.3433E-05
   109.7      0.3497E-05
   109.8      0.3554E-05
   109.9      0.3601E-05
   110.0      0.3640E-05
   110.1      0.3669E-05
   110.2      0.3689E-05
   110.3      0.3699E-05
   110.4      0.3700E-05
   110.5      0.3691E-05
   110.6      0.3673E-05
   110.7      0.3646E-05
   110.8      0.3611E-05
   110.9      0.3567E-05
   111.0      0.3516E-05
   111.1      0.3458E-05
   111.2      0.3394E-05
   111.3      0.3325E-05
   111.4      0.3251E-05
   111.5      0.3174E-05
   111.6      0.3094E-05
   111.7      0.3012E-05
   111.8      0.2930E-05
   111.9      0.2847E-05
   112.0      0.2766E-05
   112.1      0.2686E-05
   112.2      0.2610E-05
   112.3      0.2537E-05
   112.4      0.2468E-05
   112.5      0.2405E-05
   112.6      0.2347E-05
   112.7      0.2295E-05
   112.8      0.2251E-05
   112.9      0.2213E-05
   113.0      0.2182E-05
   113.1      0.2160E-05
   113.2      0.2144E-05
   113.3      0.2137E-05
   113.4      0.2137E-05
   113.5      0.2144E-05
   113.6      0.2158E-05
   113.7      0.2179E-05
   113.8      0.2206E-05
   113.9      0.2239E-05
   114.0      0.2277E-05
   114.1      0.2319E-05
   114.2      0.2364E-05
   114.3      0.2413E-05
   114.4      0.2463E-05
   114.5      0.2515E-05
   114.6      0.2566E-05
   114.7      0.2618E-05
   114.8      0.2668E-05
   114.9      0.2715E-05
   115.0      0.2760E-05
   115.1      0.2801E-05
   115.2      0.2837E-05
   115.3      0.2869E-05
   115.4      0.2894E-05
   115.5      0.2914E-05
   115.6      0.2927E-05
   115.7      0.2932E-05
   115.8      0.2931E-05
   115.9      0.2922E-05
   116.0      0.2906E-05
   116.1      0.2882E-05
   116.2      0.2851E-05
   116.3      0.2813E-05
   116.4      0.2768E-05
   116.5      0.2716E-05
   116.6      0.2659E-05
   116.7      0.2596E-05
   116.8      0.2529E-05
   116.9      0.2457E-05
   117.0      0.2382E-05
   117.1      0.2304E-05
   117.2      0.2225E-05
   117.3      0.2145E-05
   117.4      0.2065E-05
   117.5      0.1986E-05
   117.6      0.1908E-05
   117.7      0.1833E-05
   117.8      0.1762E-05
   117.9      0.1695E-05
   118.0      0.1633E-05
   118.1      0.1576E-05
   118.2      0.1526E-05
   118.3      0.1482E-05
   118.4      0.1446E-05
   118.5      0.1418E-05
   118.6      0.1397E-05
   118.7      0.1385E-05
   118.8      0.1381E-05
   118.9      0.1385E-05
   119.0      0.1398E-05
   119.1      0.1419E-05
   119.2      0.1448E-05
   119.3      0.1484E-05
   119.4      0.1527E-05
   119.5      0.1576E-05
   119.6      0.1632E-05
   119.7      0.1692E-05
   119.8      0.1757E-05
   119.9      0.1826E-05
   120.0      0.1897E-05
   120.1      0.1971E-05
   120.2      0.2045E-05
   120.3      0.2119E-05
   120.4      0.2193E-05
   120.5      0.2265E-05
   120.6      0.2334E-05
   120.7      0.2400E-05
   120.8      0.2462E-05
   120.9      0.2519E-05
   121.0      0.2570E-05
   121.1      0.2614E-05
   121.2      0.2652E-05
   121.3      0.2683E-05
   121.4      0.2705E-05
   121.5      0.2720E-05
   121.6      0.2726E-05
   121.7      0.2724E-05
   121.8      0.2713E-05
   121.9      0.2695E-05
   122.0      0.2668E-05
   122.1      0.2633E-05
   122.2      0.2591E-05
   122.3      0.2542E-05
   122.4      0.2486E-05
   122.5      0.2425E-05
   122.6      0.2358E-05
   122.7      0.2287E-05
   122.8      0.2213E-05
   122.9      0.2136E-05
   123.0      0.2057E-05
   123.1      0.1977E-05
   123.2      0.1897E-05
   123.3      0.1818E-05
   123.4      0.1741E-05
   123.5      0.1666E-05
   123.6      0.1595E-05
   123.7      0.1528E-05
   123.8      0.1466E-05
   123.9      0.1410E-05
   124.0      0.1360E-05
   124.1      0.1318E-05
   124.2      0.1282E-05
   124.3      0.1254E-05
   124.4      0.1235E-05
   124.5      0.1223E-05
   124.6      0.1220E-05
   124.7      0.1225E-05
   124.8      0.1238E-05
   124.9      0.1259E-05
   125.0      0.1288E-05
   125.1      0.1324E-05
   125.2      0.1366E-05
   125.3      0.1415E-05
   125.4      0.1470E-05
   125.5      0.1529E-05
   125.6      0.1593E-05
   125.7      0.1660E-05
   125.8      0.1730E-05
   125.9      0.1801E-05
   126.0      0.1873E-05
   126.1      0.1945E-05
   126.2      0.2015E-05
   126.3      0.2084E-05
   126.4      0.2150E-05
   126.5      0.2213E-05
   126.6      0.2271E-05
   126.7      0.2325E-05
   126.8      0.2372E-05
   126.9      0.2414E-05
   127.0      0.2448E-05
   127.1      0.2476E-05
   127.2      0.2496E-05
   127.3      0.2508E-05
   127.4      0.2512E-05
   127.5      0.2509E-05
   127.6      0.2497E-05
   127.7      0.2478E-05
   127.8      0.2452E-05
   127.9      0.2418E-05
   128.0      0.2378E-05
   128.1      0.2331E-05
   128.2      0.2279E-05
   128.3      0.2222E-05
   128.4      0.2160E-05
   128.5      0.2096E-05
   128.6      0.2028E-05
   128.7      0.1959E-05
   128.8      0.1889E-05
   128.9      0.1819E-05
   129.0      0.1749E-05
   129.1      0.1682E-05
   129.2      0.1617E-05
   129.3      0.1555E-05
   129.4      0.1497E-05
   129.5      0.1445E-05
   129.6      0.1398E-05
   129.7      0.1357E-05
   129.8      0.1323E-05
   129.9      0.1296E-05
   130.0      0.1276E-05
   130.1      0.1265E-05
   130.2      0.1261E-05
   130.3      0.1265E-05
   130.4      0.1278E-05
   130.5      0.1298E-05
   130.6      0.1326E-05
   130.7      0.1361E-05
   130.8      0.1403E-05
   130.9      0.1452E-05
   131.0      0.1506E-05
   131.1      0.1566E-05
   131.2      0.1631E-05
   131.3      0.1699E-05
   131.4      0.1770E-05
   131.5      0.1843E-05
   131.6      0.1917E-05
   131.7      0.1992E-05
   131.8      0.2065E-05
   131.9      0.2138E-05
   132.0      0.2208E-05
   132.1      0.2274E-05
   132.2      0.2337E-05
   132.3      0.2394E-05
   132.4      0.2446E-05
   132.5      0.2491E-05
   132.6      0.2529E-05
   132.7      0.2560E-05
   132.8      0.2584E-05
   132.9      0.2598E-05
   133.0      0.2605E-05
   133.1      0.2603E-05
   133.2      0.2592E-05
   133.3      0.2572E-05
   133.4      0.2545E-05
   133.5      0.2509E-05
   133.6      0.2465E-05
   133.7      0.2414E-05
   133.8      0.2356E-05
   133.9      0.2293E-05
   134.0      0.2223E-05
   134.1      0.2149E-05
   134.2      0.2072E-05
   134.3      0.1991E-05
   134.4      0.1908E-05
   134.5      0.1824E-05
   134.6      0.1740E-05
   134.7      0.1657E-05
   134.8      0.1575E-05
   134.9      0.1497E-05
   135.0      0.1421E-05
   135.1      0.1351E-05
   135.2      0.1285E-05
   135.3      0.1225E-05
   135.4      0.1173E-05
   135.5      0.1127E-05
   135.6      0.1089E-05
   135.7      0.1060E-05
   135.8      0.1039E-05
   135.9      0.1026E-05
   136.0      0.1023E-05
   136.1      0.1029E-05
   136.2      0.1043E-05
   136.3      0.1066E-05
   136.4      0.1098E-05
   136.5      0.1137E-05
   136.6      0.1184E-05
   136.7      0.1237E-05
   136.8      0.1297E-05
   136.9      0.1363E-05
   137.0      0.1433E-05
   137.1      0.1507E-05
   137.2      0.1583E-05
   137.3      0.1662E-05
   137.4      0.1742E-05
   137.5      0.1822E-05
   137.6      0.1900E-05
   137.7      0.1977E-05
   137.8      0.2051E-05
   137.9      0.2122E-05
   138.0      0.2187E-05
   138.1      0.2247E-05
   138.2      0.2301E-05
   138.3      0.2348E-05
   138.4      0.2388E-05
   138.5      0.2419E-05
   138.6      0.2442E-05
   138.7      0.2457E-05
   138.8      0.2462E-05
   138.9      0.2458E-05
   139.0      0.2446E-05
   139.1      0.2424E-05
   139.2      0.2394E-05
   139.3      0.2355E-05
   139.4      0.2309E-05
   139.5      0.2255E-05
   139.6      0.2194E-05
   139.7      0.2127E-05
   139.8      0.2055E-05
   139.9      0.1979E-05
   140.0      0.1898E-05
   140.1      0.1815E-05
   140.2      0.1731E-05
   140.3      0.1646E-05
   140.4      0.1561E-05
   140.5      0.1477E-05
   140.6      0.1396E-05
   140.7      0.1318E-05
   140.8      0.1244E-05
   140.9      0.1175E-05
   141.0      0.1112E-05
   141.1      0.1056E-05
   141.2      0.1007E-05
   141.3      0.9662E-06
   141.4      0.9335E-06
   141.5      0.9096E-06
   141.6      0.8948E-06
   141.7      0.8891E-06
   141.8      0.8928E-06
   141.9      0.9057E-06
   142.0      0.9277E-06
   142.1      0.9586E-06
   142.2      0.9979E-06
   142.3      0.1045E-05
   142.4      0.1100E-05
   142.5      0.1161E-05
   142.6      0.1229E-05
   142.7      0.1302E-05
   142.8      0.1379E-05
   142.9      0.1459E-05
   143.0      0.1542E-05
   143.1      0.1626E-05
   143.2      0.1711E-05
   143.3      0.1795E-05
   143.4      0.1877E-05
   143.5      0.1957E-05
   143.6      0.2033E-05
   143.7      0.2105E-05
   143.8      0.2171E-05
   143.9      0.2230E-05
   144.0      0.2283E-05
   144.1      0.2328E-05
   144.2      0.2365E-05
   144.3      0.2393E-05
   144.4      0.2412E-05
   144.5      0.2422E-05
   144.6      0.2423E-05
   144.7      0.2414E-05
   144.8      0.2396E-05
   144.9      0.2369E-05
   145.0      0.2332E-05
   145.1      0.2288E-05
   145.2      0.2236E-05
   145.3      0.2176E-05
   145.4      0.2111E-05
   145.5      0.2039E-05
   145.6      0.1963E-05
   145.7      0.1883E-05
   145.8      0.1801E-05
   145.9      0.1716E-05
   146.0      0.1631E-05
   146.1      0.1547E-05
   146.2      0.1464E-05
   146.3      0.1383E-05
   146.4      0.1307E-05
   146.5      0.1234E-05
   146.6      0.1168E-05
   146.7      0.1108E-05
   146.8      0.1055E-05
   146.9      0.1010E-05
   147.0      0.9745E-06
   147.1      0.9479E-06
   147.2      0.9309E-06
   147.3      0.9240E-06
   147.4      0.9274E-06
   147.5      0.9411E-06
   147.6      0.9651E-06
   147.7      0.9992E-06
   147.8      0.1043E-05
   147.9      0.1097E-05
   148.0      0.1159E-05
   148.1      0.1230E-05
   148.2      0.1308E-05
   148.3      0.1393E-05
   148.4      0.1484E-05
   148.5      0.1579E-05
   148.6      0.1679E-05
   148.7      0.1781E-05
   148.8      0.1884E-05
   148.9      0.1988E-05
   149.0      0.2092E-05
   149.1      0.2193E-05
   149.2      0.2291E-05
   149.3      0.2385E-05
   149.4      0.2473E-05
   149.5      0.2555E-05
   149.6      0.2629E-05
   149.7      0.2695E-05
   149.8      0.2753E-05
   149.9      0.2800E-05
   150.0      0.2837E-05
   150.1      0.2863E-05
   150.2      0.2878E-05
   150.3      0.2881E-05
   150.4      0.2873E-05
   150.5      0.2854E-05
   150.6      0.2823E-05
   150.7      0.2781E-05
   150.8      0.2729E-05
   150.9      0.2667E-05
   151.0      0.2596E-05
   151.1      0.2516E-05
   151.2      0.2428E-05
   151.3      0.2334E-05
   151.4      0.2234E-05
   151.5      0.2129E-05
   151.6      0.2022E-05
   151.7      0.1912E-05
   151.8      0.1802E-05
   151.9      0.1692E-05
   152.0      0.1584E-05
   152.1      0.1479E-05
   152.2      0.1378E-05
   152.3      0.1282E-05
   152.4      0.1193E-05
   152.5      0.1112E-05
   152.6      0.1039E-05
   152.7      0.9750E-06
   152.8      0.9213E-06
   152.9      0.8784E-06
   153.0      0.8468E-06
   153.1      0.8267E-06
   153.2      0.8185E-06
   153.3      0.8222E-06
   153.4      0.8379E-06
   153.5      0.8653E-06
   153.6      0.9041E-06
   153.7      0.9538E-06
   153.8      0.1014E-05
   153.9      0.1084E-05
   154.0      0.1162E-05
   154.1      0.1249E-05
   154.2      0.1343E-05
   154.3      0.1442E-05
   154.4      0.1546E-05
   154.5      0.1653E-05
   154.6      0.1763E-05
   154.7      0.1873E-05
   154.8      0.1983E-05
   154.9      0.2091E-05
   155.0      0.2195E-05
   155.1      0.2296E-05
   155.2      0.2391E-05
   155.3      0.2479E-05
   155.4      0.2559E-05
   155.5      0.2631E-05
   155.6      0.2693E-05
   155.7      0.2745E-05
   155.8      0.2785E-05
   155.9      0.2814E-05
   156.0      0.2832E-05
   156.1      0.2837E-05
   156.2      0.2830E-05
   156.3      0.2812E-05
   156.4      0.2781E-05
   156.5      0.2739E-05
   156.6      0.2687E-05
   156.7      0.2624E-05
   156.8      0.2551E-05
   156.9      0.2471E-05
   157.0      0.2382E-05
   157.1      0.2288E-05
   157.2      0.2188E-05
   157.3      0.2085E-05
   157.4      0.1979E-05
   157.5      0.1872E-05
   157.6      0.1766E-05
   157.7      0.1661E-05
   157.8      0.1560E-05
   157.9      0.1463E-05
   158.0      0.1371E-05
   158.1      0.1288E-05
   158.2      0.1212E-05
   158.3      0.1146E-05
   158.4      0.1091E-05
   158.5      0.1047E-05
   158.6      0.1016E-05
   158.7      0.9968E-06
   158.8      0.9914E-06
   158.9      0.9998E-06
   159.0      0.1022E-05
   159.1      0.1058E-05
   159.2      0.1108E-05
   159.3      0.1171E-05
   159.4      0.1247E-05
   159.5      0.1336E-05
   159.6      0.1436E-05
   159.7      0.1546E-05
   159.8      0.1666E-05
   159.9      0.1794E-05
   160.0      0.1930E-05
   160.1      0.2071E-05
   160.2      0.2216E-05
   160.3      0.2363E-05
   160.4      0.2512E-05
   160.5      0.2660E-05
   160.6      0.2806E-05
   160.7      0.2948E-05
   160.8      0.3085E-05
   160.9      0.3215E-05
   161.0      0.3337E-05
   161.1      0.3448E-05
   161.2      0.3549E-05
   161.3      0.3638E-05
   161.4      0.3713E-05
   161.5      0.3774E-05
   161.6      0.3820E-05
   161.7      0.3851E-05
   161.8      0.3866E-05
   161.9      0.3864E-05
   162.0      0.3847E-05
   162.1      0.3814E-05
   162.2      0.3765E-05
   162.3      0.3701E-05
   162.4      0.3622E-05
   162.5      0.3530E-05
   162.6      0.3425E-05
   162.7      0.3308E-05
   162.8      0.3182E-05
   162.9      0.3047E-05
   163.0      0.2905E-05
   163.1      0.2757E-05
   163.2      0.2605E-05
   163.3      0.2452E-05
   163.4      0.2298E-05
   163.5      0.2146E-05
   163.6      0.1997E-05
   163.7      0.1854E-05
   163.8      0.1717E-05
   163.9      0.1589E-05
   164.0      0.1471E-05
   164.1      0.1365E-05
   164.2      0.1272E-05
   164.3      0.1193E-05
   164.4      0.1130E-05
   164.5      0.1083E-05
   164.6      0.1053E-05
   164.7      0.1040E-05
   164.8      0.1045E-05
   164.9      0.1068E-05
   165.0      0.1109E-05
   165.1      0.1168E-05
   165.2      0.1244E-05
   165.3      0.1336E-05
   165.4      0.1444E-05
   165.5      0.1566E-05
   165.6      0.1702E-05
   165.7      0.1850E-05
   165.8      0.2008E-05
   165.9      0.2175E-05
   166.0      0.2349E-05
   166.1      0.2528E-05
   166.2      0.2710E-05
   166.3      0.2894E-05
   166.4      0.3077E-05
   166.5      0.3258E-05
   166.6      0.3434E-05
   166.7      0.3603E-05
   166.8      0.3764E-05
   166.9      0.3915E-05
   167.0      0.4054E-05
   167.1      0.4180E-05
   167.2      0.4292E-05
   167.3      0.4387E-05
   167.4      0.4466E-05
   167.5      0.4527E-05
   167.6      0.4570E-05
   167.7      0.4595E-05
   167.8      0.4600E-05
   167.9      0.4587E-05
   168.0      0.4556E-05
   168.1      0.4507E-05
   168.2      0.4441E-05
   168.3      0.4359E-05
   168.4      0.4262E-05
   168.5      0.4151E-05
   168.6      0.4029E-05
   168.7      0.3896E-05
   168.8      0.3755E-05
   168.9      0.3608E-05
   169.0      0.3457E-05
   169.1      0.3304E-05
   169.2      0.3151E-05
   169.3      0.3001E-05
   169.4      0.2856E-05
   169.5      0.2718E-05
   169.6      0.2590E-05
   169.7      0.2474E-05
   169.8      0.2371E-05
   169.9      0.2285E-05
   170.0      0.2216E-05
   170.1      0.2167E-05
   170.2      0.2138E-05
   170.3      0.2132E-05
   170.4      0.2149E-05
   170.5      0.2190E-05
   170.6      0.2256E-05
   170.7      0.2347E-05
   170.8      0.2463E-05
   170.9      0.2603E-05
   171.0      0.2768E-05
   171.1      0.2957E-05
   171.2      0.3168E-05
   171.3      0.3400E-05
   171.4      0.3652E-05
   171.5      0.3922E-05
   171.6      0.4209E-05
   171.7      0.4509E-05
   171.8      0.4821E-05
   171.9      0.5142E-05
   172.0      0.5470E-05
   172.1      0.5801E-05
   172.2      0.6134E-05
   172.3      0.6465E-05
   172.4      0.6791E-05
   172.5      0.7111E-05
   172.6      0.7420E-05
   172.7      0.7716E-05
   172.8      0.7998E-05
   172.9      0.8262E-05
   173.0      0.8506E-05
   173.1      0.8728E-05
   173.2      0.8926E-05
   173.3      0.9099E-05
   173.4      0.9246E-05
   173.5      0.9365E-05
   173.6      0.9455E-05
   173.7      0.9516E-05
   173.8      0.9549E-05
   173.9      0.9552E-05
   174.0      0.9527E-05
   174.1      0.9474E-05
   174.2      0.9395E-05
   174.3      0.9291E-05
   174.4      0.9163E-05
   174.5      0.9013E-05
   174.6      0.8844E-05
   174.7      0.8659E-05
   174.8      0.8459E-05
   174.9      0.8247E-05
   175.0      0.8028E-05
   175.1      0.7803E-05
   175.2      0.7575E-05
   175.3      0.7349E-05
   175.4      0.7128E-05
   175.5      0.6914E-05
   175.6      0.6712E-05
   175.7      0.6523E-05
   175.8      0.6352E-05
   175.9      0.6201E-05
   176.0      0.6074E-05
   176.1      0.5971E-05
   176.2      0.5897E-05
   176.3      0.5852E-05
   176.4      0.5839E-05
   176.5      0.5860E-05
   176.6      0.5914E-05
   176.7      0.6004E-05
   176.8      0.6129E-05
   176.9      0.6290E-05
   177.0      0.6486E-05
   177.1      0.6717E-05
   177.2      0.6982E-05
   177.3      0.7279E-05
   177.4      0.7607E-05
   177.5      0.7964E-05
   177.6      0.8347E-05
   177.7      0.8754E-05
   177.8      0.9181E-05
   177.9      0.9627E-05
   178.0      0.1009E-04
   178.1      0.1056E-04
   178.2      0.1104E-04
   178.3      0.1152E-04
   178.4      0.1200E-04
   178.5      0.1247E-04
   178.6      0.1294E-04
   178.7      0.1340E-04
   178.8      0.1384E-04
   178.9      0.1426E-04
   179.0      0.1465E-04
   179.1      0.1502E-04
   179.2      0.1536E-04
   179.3      0.1567E-04
   179.4      0.1594E-04
   179.5      0.1618E-04
   179.6      0.1637E-04
   179.7      0.1653E-04
   179.8      0.1664E-04
   179.9      0.1670E-04
   180.0      0.1673E-04
 END
