#1801 angles,  1 tensor ranks for 0=projectile
@subtitle   "12C(7Li,6Li)13C @ Ed=63 MeV;"                                                  
@legend ON
@legend x1 0.2
@legend y1 0.8
@g0 type LOGY
@yaxis ticklabel format power
@legend string   0 "Lab energy =   63.0000"
#legend string   0 "Partition=  1 Excit=  1 near/far= 1"
#  Theta       sigma       iT11        T20         T21         T22         Kyy for projectile
  0.1000E-01  0.4581E+16
  0.1000      0.4579E+12
  0.2000      0.2861E+11
  0.3000      0.5663E+10
  0.4000      0.1799E+10
  0.5000      0.7410E+09
  0.6000      0.3592E+09
  0.7000      0.1948E+09
  0.8000      0.1145E+09
  0.9000      0.7155E+08
   1.000      0.4688E+08
   1.100      0.3190E+08
   1.200      0.2239E+08
   1.300      0.1611E+08
   1.400      0.1185E+08
   1.500      0.8872E+07
   1.600      0.6748E+07
   1.700      0.5202E+07
   1.800      0.4059E+07
   1.900      0.3201E+07
   2.000      0.2549E+07
   2.100      0.2047E+07
   2.200      0.1657E+07
   2.300      0.1351E+07
   2.400      0.1110E+07
   2.500      0.9172E+06
   2.600      0.7627E+06
   2.700      0.6381E+06
   2.800      0.5369E+06
   2.900      0.4543E+06
   3.000      0.3866E+06
   3.100      0.3308E+06
   3.200      0.2846E+06
   3.300      0.2462E+06
   3.400      0.2142E+06
   3.500      0.1873E+06
   3.600      0.1647E+06
   3.700      0.1457E+06
   3.800      0.1295E+06
   3.900      0.1158E+06
   4.000      0.1040E+06
   4.100      0.9393E+05
   4.200      0.8524E+05
   4.300      0.7773E+05
   4.400      0.7120E+05
   4.500      0.6549E+05
   4.600      0.6049E+05
   4.700      0.5607E+05
   4.800      0.5216E+05
   4.900      0.4867E+05
   5.000      0.4555E+05
   5.100      0.4273E+05
   5.200      0.4018E+05
   5.300      0.3786E+05
   5.400      0.3574E+05
   5.500      0.3378E+05
   5.600      0.3197E+05
   5.700      0.3030E+05
   5.800      0.2873E+05
   5.900      0.2727E+05
   6.000      0.2589E+05
   6.100      0.2459E+05
   6.200      0.2336E+05
   6.300      0.2219E+05
   6.400      0.2108E+05
   6.500      0.2003E+05
   6.600      0.1902E+05
   6.700      0.1806E+05
   6.800      0.1713E+05
   6.900      0.1625E+05
   7.000      0.1540E+05
   7.100      0.1459E+05
   7.200      0.1381E+05
   7.300      0.1306E+05
   7.400      0.1235E+05
   7.500      0.1166E+05
   7.600      0.1100E+05
   7.700      0.1036E+05
   7.800       9755.    
   7.900       9173.    
   8.000       8616.    
   8.100       8083.    
   8.200       7574.    
   8.300       7087.    
   8.400       6623.    
   8.500       6181.    
   8.600       5759.    
   8.700       5359.    
   8.800       4978.    
   8.900       4617.    
   9.000       4275.    
   9.100       3952.    
   9.200       3646.    
   9.300       3358.    
   9.400       3086.    
   9.500       2831.    
   9.600       2592.    
   9.700       2367.    
   9.800       2157.    
   9.900       1962.    
   10.00       1779.    
   10.10       1610.    
   10.20       1453.    
   10.30       1308.    
   10.40       1175.    
   10.50       1052.    
   10.60       939.8    
   10.70       837.2    
   10.80       743.9    
   10.90       659.5    
   11.00       583.4    
   11.10       515.1    
   11.20       454.3    
   11.30       400.4    
   11.40       353.1    
   11.50       311.8    
   11.60       276.2    
   11.70       245.9    
   11.80       220.4    
   11.90       199.5    
   12.00       182.8    
   12.10       169.8    
   12.20       160.3    
   12.30       154.0    
   12.40       150.5    
   12.50       149.5    
   12.60       150.9    
   12.70       154.2    
   12.80       159.4    
   12.90       166.0    
   13.00       173.9    
   13.10       183.0    
   13.20       192.9    
   13.30       203.6    
   13.40       214.8    
   13.50       226.4    
   13.60       238.2    
   13.70       250.1    
   13.80       262.0    
   13.90       273.7    
   14.00       285.2    
   14.10       296.4    
   14.20       307.1    
   14.30       317.4    
   14.40       327.1    
   14.50       336.1    
   14.60       344.6    
   14.70       352.3    
   14.80       359.2    
   14.90       365.4    
   15.00       370.8    
   15.10       375.4    
   15.20       379.2    
   15.30       382.2    
   15.40       384.3    
   15.50       385.7    
   15.60       386.2    
   15.70       386.0    
   15.80       385.0    
   15.90       383.3    
   16.00       380.8    
   16.10       377.7    
   16.20       373.9    
   16.30       369.4    
   16.40       364.4    
   16.50       358.8    
   16.60       352.6    
   16.70       346.0    
   16.80       338.9    
   16.90       331.3    
   17.00       323.4    
   17.10       315.2    
   17.20       306.6    
   17.30       297.7    
   17.40       288.6    
   17.50       279.3    
   17.60       269.9    
   17.70       260.2    
   17.80       250.5    
   17.90       240.8    
   18.00       231.0    
   18.10       221.1    
   18.20       211.3    
   18.30       201.6    
   18.40       191.9    
   18.50       182.4    
   18.60       172.9    
   18.70       163.6    
   18.80       154.5    
   18.90       145.5    
   19.00       136.8    
   19.10       128.2    
   19.20       119.9    
   19.30       111.9    
   19.40       104.1    
   19.50       96.54    
   19.60       89.28    
   19.70       82.31    
   19.80       75.63    
   19.90       69.25    
   20.00       63.16    
   20.10       57.38    
   20.20       51.90    
   20.30       46.72    
   20.40       41.84    
   20.50       37.27    
   20.60       32.99    
   20.70       29.01    
   20.80       25.32    
   20.90       21.92    
   21.00       18.79    
   21.10       15.94    
   21.20       13.36    
   21.30       11.03    
   21.40       8.961    
   21.50       7.131    
   21.60       5.534    
   21.70       4.162    
   21.80       3.005    
   21.90       2.053    
   22.00       1.298    
   22.10      0.7277    
   22.20      0.3332    
   22.30      0.1038    
   22.40      0.2933E-01
   22.50      0.9953E-01
   22.60      0.3041    
   22.70      0.6330    
   22.80       1.076    
   22.90       1.623    
   23.00       2.265    
   23.10       2.992    
   23.20       3.795    
   23.30       4.664    
   23.40       5.590    
   23.50       6.565    
   23.60       7.582    
   23.70       8.630    
   23.80       9.704    
   23.90       10.79    
   24.00       11.90    
   24.10       13.00    
   24.20       14.10    
   24.30       15.20    
   24.40       16.28    
   24.50       17.34    
   24.60       18.38    
   24.70       19.38    
   24.80       20.36    
   24.90       21.29    
   25.00       22.19    
   25.10       23.04    
   25.20       23.85    
   25.30       24.60    
   25.40       25.31    
   25.50       25.96    
   25.60       26.56    
   25.70       27.10    
   25.80       27.59    
   25.90       28.01    
   26.00       28.38    
   26.10       28.69    
   26.20       28.95    
   26.30       29.15    
   26.40       29.29    
   26.50       29.37    
   26.60       29.40    
   26.70       29.37    
   26.80       29.29    
   26.90       29.16    
   27.00       28.98    
   27.10       28.76    
   27.20       28.48    
   27.30       28.17    
   27.40       27.81    
   27.50       27.41    
   27.60       26.97    
   27.70       26.50    
   27.80       26.00    
   27.90       25.46    
   28.00       24.90    
   28.10       24.31    
   28.20       23.70    
   28.30       23.06    
   28.40       22.41    
   28.50       21.74    
   28.60       21.06    
   28.70       20.37    
   28.80       19.67    
   28.90       18.96    
   29.00       18.25    
   29.10       17.53    
   29.20       16.81    
   29.30       16.10    
   29.40       15.39    
   29.50       14.68    
   29.60       13.98    
   29.70       13.29    
   29.80       12.61    
   29.90       11.94    
   30.00       11.29    
   30.10       10.65    
   30.20       10.02    
   30.30       9.414    
   30.40       8.823    
   30.50       8.251    
   30.60       7.698    
   30.70       7.165    
   30.80       6.653    
   30.90       6.162    
   31.00       5.693    
   31.10       5.246    
   31.20       4.821    
   31.30       4.419    
   31.40       4.040    
   31.50       3.683    
   31.60       3.348    
   31.70       3.037    
   31.80       2.747    
   31.90       2.480    
   32.00       2.234    
   32.10       2.010    
   32.20       1.806    
   32.30       1.623    
   32.40       1.460    
   32.50       1.316    
   32.60       1.191    
   32.70       1.084    
   32.80      0.9945    
   32.90      0.9215    
   33.00      0.8645    
   33.10      0.8226    
   33.20      0.7952    
   33.30      0.7813    
   33.40      0.7804    
   33.50      0.7915    
   33.60      0.8138    
   33.70      0.8465    
   33.80      0.8889    
   33.90      0.9401    
   34.00      0.9994    
   34.10       1.066    
   34.20       1.139    
   34.30       1.218    
   34.40       1.301    
   34.50       1.389    
   34.60       1.481    
   34.70       1.576    
   34.80       1.672    
   34.90       1.771    
   35.00       1.870    
   35.10       1.970    
   35.20       2.070    
   35.30       2.169    
   35.40       2.267    
   35.50       2.363    
   35.60       2.457    
   35.70       2.549    
   35.80       2.638    
   35.90       2.724    
   36.00       2.807    
   36.10       2.886    
   36.20       2.960    
   36.30       3.031    
   36.40       3.097    
   36.50       3.158    
   36.60       3.215    
   36.70       3.267    
   36.80       3.314    
   36.90       3.355    
   37.00       3.392    
   37.10       3.424    
   37.20       3.450    
   37.30       3.471    
   37.40       3.487    
   37.50       3.499    
   37.60       3.505    
   37.70       3.506    
   37.80       3.502    
   37.90       3.494    
   38.00       3.481    
   38.10       3.464    
   38.20       3.443    
   38.30       3.417    
   38.40       3.388    
   38.50       3.354    
   38.60       3.317    
   38.70       3.277    
   38.80       3.233    
   38.90       3.187    
   39.00       3.137    
   39.10       3.085    
   39.20       3.030    
   39.30       2.973    
   39.40       2.914    
   39.50       2.853    
   39.60       2.791    
   39.70       2.727    
   39.80       2.661    
   39.90       2.595    
   40.00       2.527    
   40.10       2.459    
   40.20       2.390    
   40.30       2.320    
   40.40       2.251    
   40.50       2.181    
   40.60       2.112    
   40.70       2.042    
   40.80       1.973    
   40.90       1.904    
   41.00       1.836    
   41.10       1.769    
   41.20       1.702    
   41.30       1.637    
   41.40       1.572    
   41.50       1.509    
   41.60       1.446    
   41.70       1.385    
   41.80       1.326    
   41.90       1.268    
   42.00       1.211    
   42.10       1.156    
   42.20       1.103    
   42.30       1.051    
   42.40       1.001    
   42.50      0.9527    
   42.60      0.9063    
   42.70      0.8616    
   42.80      0.8187    
   42.90      0.7777    
   43.00      0.7385    
   43.10      0.7012    
   43.20      0.6657    
   43.30      0.6321    
   43.40      0.6003    
   43.50      0.5703    
   43.60      0.5422    
   43.70      0.5158    
   43.80      0.4912    
   43.90      0.4684    
   44.00      0.4473    
   44.10      0.4279    
   44.20      0.4101    
   44.30      0.3939    
   44.40      0.3794    
   44.50      0.3663    
   44.60      0.3548    
   44.70      0.3447    
   44.80      0.3360    
   44.90      0.3287    
   45.00      0.3227    
   45.10      0.3179    
   45.20      0.3144    
   45.30      0.3120    
   45.40      0.3106    
   45.50      0.3104    
   45.60      0.3111    
   45.70      0.3127    
   45.80      0.3152    
   45.90      0.3185    
   46.00      0.3226    
   46.10      0.3273    
   46.20      0.3328    
   46.30      0.3387    
   46.40      0.3453    
   46.50      0.3523    
   46.60      0.3597    
   46.70      0.3674    
   46.80      0.3755    
   46.90      0.3838    
   47.00      0.3924    
   47.10      0.4011    
   47.20      0.4098    
   47.30      0.4187    
   47.40      0.4275    
   47.50      0.4363    
   47.60      0.4450    
   47.70      0.4536    
   47.80      0.4621    
   47.90      0.4703    
   48.00      0.4782    
   48.10      0.4859    
   48.20      0.4933    
   48.30      0.5004    
   48.40      0.5070    
   48.50      0.5133    
   48.60      0.5191    
   48.70      0.5245    
   48.80      0.5294    
   48.90      0.5339    
   49.00      0.5378    
   49.10      0.5412    
   49.20      0.5441    
   49.30      0.5464    
   49.40      0.5482    
   49.50      0.5495    
   49.60      0.5502    
   49.70      0.5503    
   49.80      0.5499    
   49.90      0.5489    
   50.00      0.5474    
   50.10      0.5454    
   50.20      0.5428    
   50.30      0.5396    
   50.40      0.5360    
   50.50      0.5319    
   50.60      0.5273    
   50.70      0.5222    
   50.80      0.5167    
   50.90      0.5107    
   51.00      0.5044    
   51.10      0.4976    
   51.20      0.4905    
   51.30      0.4830    
   51.40      0.4752    
   51.50      0.4671    
   51.60      0.4588    
   51.70      0.4501    
   51.80      0.4413    
   51.90      0.4322    
   52.00      0.4230    
   52.10      0.4136    
   52.20      0.4041    
   52.30      0.3944    
   52.40      0.3847    
   52.50      0.3750    
   52.60      0.3652    
   52.70      0.3554    
   52.80      0.3456    
   52.90      0.3358    
   53.00      0.3261    
   53.10      0.3165    
   53.20      0.3069    
   53.30      0.2975    
   53.40      0.2882    
   53.50      0.2790    
   53.60      0.2700    
   53.70      0.2612    
   53.80      0.2526    
   53.90      0.2441    
   54.00      0.2359    
   54.10      0.2278    
   54.20      0.2201    
   54.30      0.2125    
   54.40      0.2052    
   54.50      0.1981    
   54.60      0.1913    
   54.70      0.1847    
   54.80      0.1784    
   54.90      0.1723    
   55.00      0.1665    
   55.10      0.1610    
   55.20      0.1557    
   55.30      0.1507    
   55.40      0.1459    
   55.50      0.1414    
   55.60      0.1371    
   55.70      0.1331    
   55.80      0.1293    
   55.90      0.1257    
   56.00      0.1224    
   56.10      0.1193    
   56.20      0.1163    
   56.30      0.1136    
   56.40      0.1111    
   56.50      0.1088    
   56.60      0.1067    
   56.70      0.1048    
   56.80      0.1030    
   56.90      0.1014    
   57.00      0.9989E-01
   57.10      0.9856E-01
   57.20      0.9737E-01
   57.30      0.9631E-01
   57.40      0.9537E-01
   57.50      0.9454E-01
   57.60      0.9382E-01
   57.70      0.9320E-01
   57.80      0.9266E-01
   57.90      0.9221E-01
   58.00      0.9184E-01
   58.10      0.9154E-01
   58.20      0.9131E-01
   58.30      0.9113E-01
   58.40      0.9100E-01
   58.50      0.9093E-01
   58.60      0.9089E-01
   58.70      0.9089E-01
   58.80      0.9093E-01
   58.90      0.9099E-01
   59.00      0.9107E-01
   59.10      0.9118E-01
   59.20      0.9130E-01
   59.30      0.9143E-01
   59.40      0.9157E-01
   59.50      0.9171E-01
   59.60      0.9186E-01
   59.70      0.9201E-01
   59.80      0.9216E-01
   59.90      0.9230E-01
   60.00      0.9243E-01
   60.10      0.9255E-01
   60.20      0.9266E-01
   60.30      0.9276E-01
   60.40      0.9285E-01
   60.50      0.9291E-01
   60.60      0.9296E-01
   60.70      0.9299E-01
   60.80      0.9301E-01
   60.90      0.9299E-01
   61.00      0.9296E-01
   61.10      0.9290E-01
   61.20      0.9282E-01
   61.30      0.9272E-01
   61.40      0.9259E-01
   61.50      0.9243E-01
   61.60      0.9224E-01
   61.70      0.9203E-01
   61.80      0.9179E-01
   61.90      0.9152E-01
   62.00      0.9122E-01
   62.10      0.9089E-01
   62.20      0.9053E-01
   62.30      0.9014E-01
   62.40      0.8972E-01
   62.50      0.8927E-01
   62.60      0.8879E-01
   62.70      0.8828E-01
   62.80      0.8774E-01
   62.90      0.8717E-01
   63.00      0.8656E-01
   63.10      0.8593E-01
   63.20      0.8526E-01
   63.30      0.8456E-01
   63.40      0.8384E-01
   63.50      0.8308E-01
   63.60      0.8229E-01
   63.70      0.8148E-01
   63.80      0.8063E-01
   63.90      0.7976E-01
   64.00      0.7886E-01
   64.10      0.7793E-01
   64.20      0.7698E-01
   64.30      0.7600E-01
   64.40      0.7499E-01
   64.50      0.7396E-01
   64.60      0.7291E-01
   64.70      0.7184E-01
   64.80      0.7074E-01
   64.90      0.6963E-01
   65.00      0.6849E-01
   65.10      0.6734E-01
   65.20      0.6617E-01
   65.30      0.6499E-01
   65.40      0.6380E-01
   65.50      0.6259E-01
   65.60      0.6137E-01
   65.70      0.6015E-01
   65.80      0.5891E-01
   65.90      0.5767E-01
   66.00      0.5643E-01
   66.10      0.5518E-01
   66.20      0.5393E-01
   66.30      0.5269E-01
   66.40      0.5145E-01
   66.50      0.5021E-01
   66.60      0.4897E-01
   66.70      0.4775E-01
   66.80      0.4653E-01
   66.90      0.4533E-01
   67.00      0.4414E-01
   67.10      0.4296E-01
   67.20      0.4180E-01
   67.30      0.4066E-01
   67.40      0.3953E-01
   67.50      0.3843E-01
   67.60      0.3735E-01
   67.70      0.3630E-01
   67.80      0.3526E-01
   67.90      0.3426E-01
   68.00      0.3328E-01
   68.10      0.3233E-01
   68.20      0.3142E-01
   68.30      0.3053E-01
   68.40      0.2967E-01
   68.50      0.2885E-01
   68.60      0.2806E-01
   68.70      0.2730E-01
   68.80      0.2658E-01
   68.90      0.2589E-01
   69.00      0.2524E-01
   69.10      0.2462E-01
   69.20      0.2403E-01
   69.30      0.2348E-01
   69.40      0.2297E-01
   69.50      0.2249E-01
   69.60      0.2204E-01
   69.70      0.2163E-01
   69.80      0.2124E-01
   69.90      0.2090E-01
   70.00      0.2058E-01
   70.10      0.2029E-01
   70.20      0.2003E-01
   70.30      0.1980E-01
   70.40      0.1960E-01
   70.50      0.1943E-01
   70.60      0.1928E-01
   70.70      0.1915E-01
   70.80      0.1904E-01
   70.90      0.1896E-01
   71.00      0.1889E-01
   71.10      0.1884E-01
   71.20      0.1881E-01
   71.30      0.1880E-01
   71.40      0.1879E-01
   71.50      0.1880E-01
   71.60      0.1882E-01
   71.70      0.1885E-01
   71.80      0.1888E-01
   71.90      0.1892E-01
   72.00      0.1897E-01
   72.10      0.1902E-01
   72.20      0.1907E-01
   72.30      0.1912E-01
   72.40      0.1917E-01
   72.50      0.1922E-01
   72.60      0.1927E-01
   72.70      0.1931E-01
   72.80      0.1935E-01
   72.90      0.1939E-01
   73.00      0.1942E-01
   73.10      0.1944E-01
   73.20      0.1945E-01
   73.30      0.1946E-01
   73.40      0.1945E-01
   73.50      0.1944E-01
   73.60      0.1942E-01
   73.70      0.1939E-01
   73.80      0.1936E-01
   73.90      0.1931E-01
   74.00      0.1925E-01
   74.10      0.1919E-01
   74.20      0.1911E-01
   74.30      0.1903E-01
   74.40      0.1894E-01
   74.50      0.1884E-01
   74.60      0.1873E-01
   74.70      0.1862E-01
   74.80      0.1850E-01
   74.90      0.1837E-01
   75.00      0.1824E-01
   75.10      0.1810E-01
   75.20      0.1795E-01
   75.30      0.1780E-01
   75.40      0.1765E-01
   75.50      0.1749E-01
   75.60      0.1733E-01
   75.70      0.1717E-01
   75.80      0.1701E-01
   75.90      0.1684E-01
   76.00      0.1668E-01
   76.10      0.1651E-01
   76.20      0.1634E-01
   76.30      0.1617E-01
   76.40      0.1600E-01
   76.50      0.1584E-01
   76.60      0.1567E-01
   76.70      0.1550E-01
   76.80      0.1534E-01
   76.90      0.1518E-01
   77.00      0.1501E-01
   77.10      0.1485E-01
   77.20      0.1469E-01
   77.30      0.1454E-01
   77.40      0.1438E-01
   77.50      0.1423E-01
   77.60      0.1407E-01
   77.70      0.1392E-01
   77.80      0.1377E-01
   77.90      0.1362E-01
   78.00      0.1347E-01
   78.10      0.1332E-01
   78.20      0.1317E-01
   78.30      0.1303E-01
   78.40      0.1288E-01
   78.50      0.1273E-01
   78.60      0.1258E-01
   78.70      0.1244E-01
   78.80      0.1229E-01
   78.90      0.1214E-01
   79.00      0.1199E-01
   79.10      0.1184E-01
   79.20      0.1169E-01
   79.30      0.1154E-01
   79.40      0.1139E-01
   79.50      0.1123E-01
   79.60      0.1108E-01
   79.70      0.1092E-01
   79.80      0.1077E-01
   79.90      0.1061E-01
   80.00      0.1045E-01
   80.10      0.1029E-01
   80.20      0.1013E-01
   80.30      0.9967E-02
   80.40      0.9805E-02
   80.50      0.9642E-02
   80.60      0.9479E-02
   80.70      0.9315E-02
   80.80      0.9152E-02
   80.90      0.8989E-02
   81.00      0.8826E-02
   81.10      0.8663E-02
   81.20      0.8502E-02
   81.30      0.8341E-02
   81.40      0.8181E-02
   81.50      0.8023E-02
   81.60      0.7866E-02
   81.70      0.7711E-02
   81.80      0.7558E-02
   81.90      0.7407E-02
   82.00      0.7258E-02
   82.10      0.7111E-02
   82.20      0.6967E-02
   82.30      0.6826E-02
   82.40      0.6687E-02
   82.50      0.6552E-02
   82.60      0.6419E-02
   82.70      0.6290E-02
   82.80      0.6164E-02
   82.90      0.6041E-02
   83.00      0.5922E-02
   83.10      0.5806E-02
   83.20      0.5693E-02
   83.30      0.5584E-02
   83.40      0.5479E-02
   83.50      0.5377E-02
   83.60      0.5279E-02
   83.70      0.5184E-02
   83.80      0.5093E-02
   83.90      0.5005E-02
   84.00      0.4921E-02
   84.10      0.4840E-02
   84.20      0.4763E-02
   84.30      0.4689E-02
   84.40      0.4618E-02
   84.50      0.4551E-02
   84.60      0.4487E-02
   84.70      0.4426E-02
   84.80      0.4368E-02
   84.90      0.4313E-02
   85.00      0.4262E-02
   85.10      0.4213E-02
   85.20      0.4167E-02
   85.30      0.4124E-02
   85.40      0.4084E-02
   85.50      0.4047E-02
   85.60      0.4013E-02
   85.70      0.3981E-02
   85.80      0.3951E-02
   85.90      0.3924E-02
   86.00      0.3900E-02
   86.10      0.3877E-02
   86.20      0.3857E-02
   86.30      0.3840E-02
   86.40      0.3824E-02
   86.50      0.3810E-02
   86.60      0.3798E-02
   86.70      0.3788E-02
   86.80      0.3779E-02
   86.90      0.3772E-02
   87.00      0.3766E-02
   87.10      0.3762E-02
   87.20      0.3758E-02
   87.30      0.3756E-02
   87.40      0.3754E-02
   87.50      0.3753E-02
   87.60      0.3752E-02
   87.70      0.3752E-02
   87.80      0.3751E-02
   87.90      0.3751E-02
   88.00      0.3751E-02
   88.10      0.3750E-02
   88.20      0.3748E-02
   88.30      0.3746E-02
   88.40      0.3742E-02
   88.50      0.3738E-02
   88.60      0.3732E-02
   88.70      0.3725E-02
   88.80      0.3717E-02
   88.90      0.3706E-02
   89.00      0.3694E-02
   89.10      0.3680E-02
   89.20      0.3664E-02
   89.30      0.3646E-02
   89.40      0.3625E-02
   89.50      0.3602E-02
   89.60      0.3577E-02
   89.70      0.3549E-02
   89.80      0.3519E-02
   89.90      0.3487E-02
   90.00      0.3452E-02
   90.10      0.3415E-02
   90.20      0.3376E-02
   90.30      0.3335E-02
   90.40      0.3291E-02
   90.50      0.3246E-02
   90.60      0.3198E-02
   90.70      0.3149E-02
   90.80      0.3098E-02
   90.90      0.3046E-02
   91.00      0.2993E-02
   91.10      0.2938E-02
   91.20      0.2883E-02
   91.30      0.2827E-02
   91.40      0.2770E-02
   91.50      0.2714E-02
   91.60      0.2657E-02
   91.70      0.2600E-02
   91.80      0.2544E-02
   91.90      0.2489E-02
   92.00      0.2434E-02
   92.10      0.2380E-02
   92.20      0.2327E-02
   92.30      0.2275E-02
   92.40      0.2225E-02
   92.50      0.2177E-02
   92.60      0.2130E-02
   92.70      0.2085E-02
   92.80      0.2042E-02
   92.90      0.2002E-02
   93.00      0.1963E-02
   93.10      0.1926E-02
   93.20      0.1892E-02
   93.30      0.1860E-02
   93.40      0.1830E-02
   93.50      0.1802E-02
   93.60      0.1777E-02
   93.70      0.1753E-02
   93.80      0.1731E-02
   93.90      0.1712E-02
   94.00      0.1694E-02
   94.10      0.1678E-02
   94.20      0.1663E-02
   94.30      0.1650E-02
   94.40      0.1638E-02
   94.50      0.1627E-02
   94.60      0.1617E-02
   94.70      0.1608E-02
   94.80      0.1600E-02
   94.90      0.1592E-02
   95.00      0.1585E-02
   95.10      0.1577E-02
   95.20      0.1570E-02
   95.30      0.1562E-02
   95.40      0.1554E-02
   95.50      0.1546E-02
   95.60      0.1537E-02
   95.70      0.1528E-02
   95.80      0.1517E-02
   95.90      0.1506E-02
   96.00      0.1494E-02
   96.10      0.1481E-02
   96.20      0.1467E-02
   96.30      0.1452E-02
   96.40      0.1435E-02
   96.50      0.1418E-02
   96.60      0.1400E-02
   96.70      0.1380E-02
   96.80      0.1360E-02
   96.90      0.1338E-02
   97.00      0.1316E-02
   97.10      0.1293E-02
   97.20      0.1270E-02
   97.30      0.1245E-02
   97.40      0.1220E-02
   97.50      0.1195E-02
   97.60      0.1170E-02
   97.70      0.1144E-02
   97.80      0.1118E-02
   97.90      0.1093E-02
   98.00      0.1067E-02
   98.10      0.1042E-02
   98.20      0.1018E-02
   98.30      0.9938E-03
   98.40      0.9704E-03
   98.50      0.9478E-03
   98.60      0.9261E-03
   98.70      0.9054E-03
   98.80      0.8857E-03
   98.90      0.8670E-03
   99.00      0.8496E-03
   99.10      0.8333E-03
   99.20      0.8182E-03
   99.30      0.8044E-03
   99.40      0.7919E-03
   99.50      0.7806E-03
   99.60      0.7706E-03
   99.70      0.7618E-03
   99.80      0.7542E-03
   99.90      0.7478E-03
   100.0      0.7424E-03
   100.1      0.7382E-03
   100.2      0.7349E-03
   100.3      0.7325E-03
   100.4      0.7310E-03
   100.5      0.7302E-03
   100.6      0.7301E-03
   100.7      0.7307E-03
   100.8      0.7317E-03
   100.9      0.7331E-03
   101.0      0.7349E-03
   101.1      0.7369E-03
   101.2      0.7391E-03
   101.3      0.7414E-03
   101.4      0.7438E-03
   101.5      0.7461E-03
   101.6      0.7483E-03
   101.7      0.7503E-03
   101.8      0.7522E-03
   101.9      0.7538E-03
   102.0      0.7552E-03
   102.1      0.7562E-03
   102.2      0.7569E-03
   102.3      0.7574E-03
   102.4      0.7575E-03
   102.5      0.7573E-03
   102.6      0.7567E-03
   102.7      0.7559E-03
   102.8      0.7549E-03
   102.9      0.7535E-03
   103.0      0.7520E-03
   103.1      0.7503E-03
   103.2      0.7485E-03
   103.3      0.7466E-03
   103.4      0.7446E-03
   103.5      0.7426E-03
   103.6      0.7407E-03
   103.7      0.7388E-03
   103.8      0.7370E-03
   103.9      0.7354E-03
   104.0      0.7339E-03
   104.1      0.7326E-03
   104.2      0.7315E-03
   104.3      0.7307E-03
   104.4      0.7301E-03
   104.5      0.7297E-03
   104.6      0.7296E-03
   104.7      0.7297E-03
   104.8      0.7300E-03
   104.9      0.7305E-03
   105.0      0.7312E-03
   105.1      0.7320E-03
   105.2      0.7329E-03
   105.3      0.7339E-03
   105.4      0.7348E-03
   105.5      0.7357E-03
   105.6      0.7365E-03
   105.7      0.7372E-03
   105.8      0.7376E-03
   105.9      0.7377E-03
   106.0      0.7375E-03
   106.1      0.7368E-03
   106.2      0.7358E-03
   106.3      0.7341E-03
   106.4      0.7320E-03
   106.5      0.7292E-03
   106.6      0.7257E-03
   106.7      0.7216E-03
   106.8      0.7167E-03
   106.9      0.7111E-03
   107.0      0.7047E-03
   107.1      0.6975E-03
   107.2      0.6896E-03
   107.3      0.6809E-03
   107.4      0.6714E-03
   107.5      0.6613E-03
   107.6      0.6504E-03
   107.7      0.6389E-03
   107.8      0.6268E-03
   107.9      0.6142E-03
   108.0      0.6011E-03
   108.1      0.5877E-03
   108.2      0.5739E-03
   108.3      0.5599E-03
   108.4      0.5457E-03
   108.5      0.5315E-03
   108.6      0.5173E-03
   108.7      0.5032E-03
   108.8      0.4894E-03
   108.9      0.4758E-03
   109.0      0.4627E-03
   109.1      0.4501E-03
   109.2      0.4381E-03
   109.3      0.4267E-03
   109.4      0.4161E-03
   109.5      0.4063E-03
   109.6      0.3973E-03
   109.7      0.3893E-03
   109.8      0.3822E-03
   109.9      0.3762E-03
   110.0      0.3711E-03
   110.1      0.3671E-03
   110.2      0.3641E-03
   110.3      0.3621E-03
   110.4      0.3611E-03
   110.5      0.3612E-03
   110.6      0.3621E-03
   110.7      0.3639E-03
   110.8      0.3666E-03
   110.9      0.3700E-03
   111.0      0.3741E-03
   111.1      0.3788E-03
   111.2      0.3840E-03
   111.3      0.3896E-03
   111.4      0.3956E-03
   111.5      0.4017E-03
   111.6      0.4079E-03
   111.7      0.4142E-03
   111.8      0.4203E-03
   111.9      0.4262E-03
   112.0      0.4317E-03
   112.1      0.4368E-03
   112.2      0.4414E-03
   112.3      0.4454E-03
   112.4      0.4486E-03
   112.5      0.4511E-03
   112.6      0.4527E-03
   112.7      0.4534E-03
   112.8      0.4532E-03
   112.9      0.4519E-03
   113.0      0.4496E-03
   113.1      0.4463E-03
   113.2      0.4419E-03
   113.3      0.4364E-03
   113.4      0.4299E-03
   113.5      0.4224E-03
   113.6      0.4140E-03
   113.7      0.4046E-03
   113.8      0.3943E-03
   113.9      0.3833E-03
   114.0      0.3715E-03
   114.1      0.3591E-03
   114.2      0.3462E-03
   114.3      0.3329E-03
   114.4      0.3192E-03
   114.5      0.3053E-03
   114.6      0.2912E-03
   114.7      0.2772E-03
   114.8      0.2633E-03
   114.9      0.2495E-03
   115.0      0.2361E-03
   115.1      0.2231E-03
   115.2      0.2107E-03
   115.3      0.1988E-03
   115.4      0.1877E-03
   115.5      0.1774E-03
   115.6      0.1679E-03
   115.7      0.1593E-03
   115.8      0.1517E-03
   115.9      0.1451E-03
   116.0      0.1396E-03
   116.1      0.1351E-03
   116.2      0.1318E-03
   116.3      0.1295E-03
   116.4      0.1282E-03
   116.5      0.1280E-03
   116.6      0.1289E-03
   116.7      0.1306E-03
   116.8      0.1334E-03
   116.9      0.1369E-03
   117.0      0.1413E-03
   117.1      0.1463E-03
   117.2      0.1520E-03
   117.3      0.1582E-03
   117.4      0.1648E-03
   117.5      0.1718E-03
   117.6      0.1790E-03
   117.7      0.1864E-03
   117.8      0.1938E-03
   117.9      0.2012E-03
   118.0      0.2084E-03
   118.1      0.2153E-03
   118.2      0.2220E-03
   118.3      0.2282E-03
   118.4      0.2339E-03
   118.5      0.2390E-03
   118.6      0.2436E-03
   118.7      0.2474E-03
   118.8      0.2505E-03
   118.9      0.2529E-03
   119.0      0.2544E-03
   119.1      0.2552E-03
   119.2      0.2551E-03
   119.3      0.2542E-03
   119.4      0.2525E-03
   119.5      0.2501E-03
   119.6      0.2469E-03
   119.7      0.2429E-03
   119.8      0.2384E-03
   119.9      0.2332E-03
   120.0      0.2274E-03
   120.1      0.2212E-03
   120.2      0.2146E-03
   120.3      0.2077E-03
   120.4      0.2004E-03
   120.5      0.1931E-03
   120.6      0.1856E-03
   120.7      0.1781E-03
   120.8      0.1707E-03
   120.9      0.1634E-03
   121.0      0.1564E-03
   121.1      0.1496E-03
   121.2      0.1432E-03
   121.3      0.1372E-03
   121.4      0.1317E-03
   121.5      0.1267E-03
   121.6      0.1223E-03
   121.7      0.1185E-03
   121.8      0.1153E-03
   121.9      0.1127E-03
   122.0      0.1108E-03
   122.1      0.1095E-03
   122.2      0.1089E-03
   122.3      0.1088E-03
   122.4      0.1094E-03
   122.5      0.1106E-03
   122.6      0.1122E-03
   122.7      0.1144E-03
   122.8      0.1170E-03
   122.9      0.1199E-03
   123.0      0.1232E-03
   123.1      0.1267E-03
   123.2      0.1304E-03
   123.3      0.1342E-03
   123.4      0.1381E-03
   123.5      0.1419E-03
   123.6      0.1457E-03
   123.7      0.1493E-03
   123.8      0.1526E-03
   123.9      0.1558E-03
   124.0      0.1585E-03
   124.1      0.1610E-03
   124.2      0.1629E-03
   124.3      0.1645E-03
   124.4      0.1655E-03
   124.5      0.1661E-03
   124.6      0.1661E-03
   124.7      0.1656E-03
   124.8      0.1646E-03
   124.9      0.1631E-03
   125.0      0.1610E-03
   125.1      0.1585E-03
   125.2      0.1555E-03
   125.3      0.1521E-03
   125.4      0.1484E-03
   125.5      0.1443E-03
   125.6      0.1400E-03
   125.7      0.1355E-03
   125.8      0.1308E-03
   125.9      0.1261E-03
   126.0      0.1213E-03
   126.1      0.1166E-03
   126.2      0.1121E-03
   126.3      0.1077E-03
   126.4      0.1036E-03
   126.5      0.9984E-04
   126.6      0.9646E-04
   126.7      0.9351E-04
   126.8      0.9105E-04
   126.9      0.8913E-04
   127.0      0.8777E-04
   127.1      0.8702E-04
   127.2      0.8690E-04
   127.3      0.8741E-04
   127.4      0.8858E-04
   127.5      0.9039E-04
   127.6      0.9283E-04
   127.7      0.9590E-04
   127.8      0.9956E-04
   127.9      0.1038E-03
   128.0      0.1085E-03
   128.1      0.1137E-03
   128.2      0.1194E-03
   128.3      0.1254E-03
   128.4      0.1316E-03
   128.5      0.1381E-03
   128.6      0.1447E-03
   128.7      0.1514E-03
   128.8      0.1581E-03
   128.9      0.1647E-03
   129.0      0.1711E-03
   129.1      0.1773E-03
   129.2      0.1831E-03
   129.3      0.1885E-03
   129.4      0.1935E-03
   129.5      0.1979E-03
   129.6      0.2017E-03
   129.7      0.2049E-03
   129.8      0.2073E-03
   129.9      0.2091E-03
   130.0      0.2100E-03
   130.1      0.2102E-03
   130.2      0.2095E-03
   130.3      0.2081E-03
   130.4      0.2059E-03
   130.5      0.2028E-03
   130.6      0.1991E-03
   130.7      0.1946E-03
   130.8      0.1894E-03
   130.9      0.1836E-03
   131.0      0.1772E-03
   131.1      0.1703E-03
   131.2      0.1630E-03
   131.3      0.1554E-03
   131.4      0.1474E-03
   131.5      0.1393E-03
   131.6      0.1311E-03
   131.7      0.1229E-03
   131.8      0.1148E-03
   131.9      0.1069E-03
   132.0      0.9928E-04
   132.1      0.9201E-04
   132.2      0.8518E-04
   132.3      0.7890E-04
   132.4      0.7321E-04
   132.5      0.6820E-04
   132.6      0.6393E-04
   132.7      0.6044E-04
   132.8      0.5779E-04
   132.9      0.5601E-04
   133.0      0.5513E-04
   133.1      0.5516E-04
   133.2      0.5610E-04
   133.3      0.5796E-04
   133.4      0.6071E-04
   133.5      0.6434E-04
   133.6      0.6880E-04
   133.7      0.7406E-04
   133.8      0.8005E-04
   133.9      0.8672E-04
   134.0      0.9399E-04
   134.1      0.1018E-03
   134.2      0.1100E-03
   134.3      0.1186E-03
   134.4      0.1275E-03
   134.5      0.1365E-03
   134.6      0.1456E-03
   134.7      0.1546E-03
   134.8      0.1635E-03
   134.9      0.1722E-03
   135.0      0.1805E-03
   135.1      0.1884E-03
   135.2      0.1958E-03
   135.3      0.2026E-03
   135.4      0.2087E-03
   135.5      0.2141E-03
   135.6      0.2186E-03
   135.7      0.2223E-03
   135.8      0.2251E-03
   135.9      0.2270E-03
   136.0      0.2279E-03
   136.1      0.2279E-03
   136.2      0.2268E-03
   136.3      0.2248E-03
   136.4      0.2219E-03
   136.5      0.2181E-03
   136.6      0.2134E-03
   136.7      0.2078E-03
   136.8      0.2016E-03
   136.9      0.1946E-03
   137.0      0.1871E-03
   137.1      0.1790E-03
   137.2      0.1704E-03
   137.3      0.1616E-03
   137.4      0.1525E-03
   137.5      0.1432E-03
   137.6      0.1339E-03
   137.7      0.1247E-03
   137.8      0.1156E-03
   137.9      0.1067E-03
   138.0      0.9827E-04
   138.1      0.9025E-04
   138.2      0.8276E-04
   138.3      0.7588E-04
   138.4      0.6968E-04
   138.5      0.6424E-04
   138.6      0.5960E-04
   138.7      0.5581E-04
   138.8      0.5291E-04
   138.9      0.5092E-04
   139.0      0.4986E-04
   139.1      0.4974E-04
   139.2      0.5054E-04
   139.3      0.5225E-04
   139.4      0.5484E-04
   139.5      0.5827E-04
   139.6      0.6251E-04
   139.7      0.6748E-04
   139.8      0.7312E-04
   139.9      0.7937E-04
   140.0      0.8613E-04
   140.1      0.9333E-04
   140.2      0.1009E-03
   140.3      0.1087E-03
   140.4      0.1166E-03
   140.5      0.1246E-03
   140.6      0.1326E-03
   140.7      0.1404E-03
   140.8      0.1480E-03
   140.9      0.1552E-03
   141.0      0.1621E-03
   141.1      0.1684E-03
   141.2      0.1741E-03
   141.3      0.1792E-03
   141.4      0.1836E-03
   141.5      0.1872E-03
   141.6      0.1901E-03
   141.7      0.1920E-03
   141.8      0.1931E-03
   141.9      0.1934E-03
   142.0      0.1927E-03
   142.1      0.1912E-03
   142.2      0.1888E-03
   142.3      0.1857E-03
   142.4      0.1817E-03
   142.5      0.1770E-03
   142.6      0.1716E-03
   142.7      0.1656E-03
   142.8      0.1591E-03
   142.9      0.1521E-03
   143.0      0.1447E-03
   143.1      0.1371E-03
   143.2      0.1292E-03
   143.3      0.1213E-03
   143.4      0.1134E-03
   143.5      0.1056E-03
   143.6      0.9797E-04
   143.7      0.9063E-04
   143.8      0.8368E-04
   143.9      0.7718E-04
   144.0      0.7123E-04
   144.1      0.6589E-04
   144.2      0.6123E-04
   144.3      0.5731E-04
   144.4      0.5417E-04
   144.5      0.5185E-04
   144.6      0.5038E-04
   144.7      0.4977E-04
   144.8      0.5004E-04
   144.9      0.5118E-04
   145.0      0.5317E-04
   145.1      0.5599E-04
   145.2      0.5960E-04
   145.3      0.6397E-04
   145.4      0.6902E-04
   145.5      0.7471E-04
   145.6      0.8095E-04
   145.7      0.8768E-04
   145.8      0.9480E-04
   145.9      0.1022E-03
   146.0      0.1099E-03
   146.1      0.1176E-03
   146.2      0.1254E-03
   146.3      0.1331E-03
   146.4      0.1407E-03
   146.5      0.1479E-03
   146.6      0.1548E-03
   146.7      0.1612E-03
   146.8      0.1672E-03
   146.9      0.1725E-03
   147.0      0.1771E-03
   147.1      0.1809E-03
   147.2      0.1840E-03
   147.3      0.1863E-03
   147.4      0.1877E-03
   147.5      0.1882E-03
   147.6      0.1878E-03
   147.7      0.1865E-03
   147.8      0.1843E-03
   147.9      0.1812E-03
   148.0      0.1774E-03
   148.1      0.1727E-03
   148.2      0.1674E-03
   148.3      0.1613E-03
   148.4      0.1547E-03
   148.5      0.1476E-03
   148.6      0.1400E-03
   148.7      0.1322E-03
   148.8      0.1241E-03
   148.9      0.1158E-03
   149.0      0.1076E-03
   149.1      0.9940E-04
   149.2      0.9142E-04
   149.3      0.8373E-04
   149.4      0.7643E-04
   149.5      0.6963E-04
   149.6      0.6340E-04
   149.7      0.5784E-04
   149.8      0.5303E-04
   149.9      0.4904E-04
   150.0      0.4592E-04
   150.1      0.4372E-04
   150.2      0.4249E-04
   150.3      0.4226E-04
   150.4      0.4304E-04
   150.5      0.4483E-04
   150.6      0.4763E-04
   150.7      0.5142E-04
   150.8      0.5617E-04
   150.9      0.6183E-04
   151.0      0.6836E-04
   151.1      0.7567E-04
   151.2      0.8371E-04
   151.3      0.9239E-04
   151.4      0.1016E-03
   151.5      0.1113E-03
   151.6      0.1213E-03
   151.7      0.1315E-03
   151.8      0.1418E-03
   151.9      0.1522E-03
   152.0      0.1624E-03
   152.1      0.1724E-03
   152.2      0.1820E-03
   152.3      0.1912E-03
   152.4      0.1998E-03
   152.5      0.2078E-03
   152.6      0.2150E-03
   152.7      0.2213E-03
   152.8      0.2267E-03
   152.9      0.2312E-03
   153.0      0.2346E-03
   153.1      0.2369E-03
   153.2      0.2381E-03
   153.3      0.2382E-03
   153.4      0.2371E-03
   153.5      0.2350E-03
   153.6      0.2317E-03
   153.7      0.2273E-03
   153.8      0.2220E-03
   153.9      0.2157E-03
   154.0      0.2085E-03
   154.1      0.2005E-03
   154.2      0.1918E-03
   154.3      0.1826E-03
   154.4      0.1728E-03
   154.5      0.1627E-03
   154.6      0.1523E-03
   154.7      0.1418E-03
   154.8      0.1313E-03
   154.9      0.1209E-03
   155.0      0.1108E-03
   155.1      0.1011E-03
   155.2      0.9187E-04
   155.3      0.8331E-04
   155.4      0.7550E-04
   155.5      0.6853E-04
   155.6      0.6251E-04
   155.7      0.5753E-04
   155.8      0.5364E-04
   155.9      0.5092E-04
   156.0      0.4942E-04
   156.1      0.4916E-04
   156.2      0.5017E-04
   156.3      0.5246E-04
   156.4      0.5602E-04
   156.5      0.6082E-04
   156.6      0.6682E-04
   156.7      0.7398E-04
   156.8      0.8223E-04
   156.9      0.9150E-04
   157.0      0.1017E-03
   157.1      0.1127E-03
   157.2      0.1244E-03
   157.3      0.1367E-03
   157.4      0.1495E-03
   157.5      0.1625E-03
   157.6      0.1758E-03
   157.7      0.1891E-03
   157.8      0.2024E-03
   157.9      0.2153E-03
   158.0      0.2279E-03
   158.1      0.2400E-03
   158.2      0.2515E-03
   158.3      0.2621E-03
   158.4      0.2719E-03
   158.5      0.2807E-03
   158.6      0.2883E-03
   158.7      0.2948E-03
   158.8      0.3001E-03
   158.9      0.3040E-03
   159.0      0.3065E-03
   159.1      0.3077E-03
   159.2      0.3075E-03
   159.3      0.3059E-03
   159.4      0.3029E-03
   159.5      0.2986E-03
   159.6      0.2930E-03
   159.7      0.2862E-03
   159.8      0.2783E-03
   159.9      0.2693E-03
   160.0      0.2593E-03
   160.1      0.2486E-03
   160.2      0.2371E-03
   160.3      0.2251E-03
   160.4      0.2127E-03
   160.5      0.2000E-03
   160.6      0.1872E-03
   160.7      0.1745E-03
   160.8      0.1619E-03
   160.9      0.1497E-03
   161.0      0.1381E-03
   161.1      0.1270E-03
   161.2      0.1168E-03
   161.3      0.1075E-03
   161.4      0.9927E-04
   161.5      0.9219E-04
   161.6      0.8637E-04
   161.7      0.8189E-04
   161.8      0.7883E-04
   161.9      0.7724E-04
   162.0      0.7715E-04
   162.1      0.7860E-04
   162.2      0.8158E-04
   162.3      0.8608E-04
   162.4      0.9207E-04
   162.5      0.9950E-04
   162.6      0.1083E-03
   162.7      0.1184E-03
   162.8      0.1297E-03
   162.9      0.1422E-03
   163.0      0.1556E-03
   163.1      0.1698E-03
   163.2      0.1847E-03
   163.3      0.2002E-03
   163.4      0.2161E-03
   163.5      0.2321E-03
   163.6      0.2483E-03
   163.7      0.2643E-03
   163.8      0.2801E-03
   163.9      0.2954E-03
   164.0      0.3101E-03
   164.1      0.3240E-03
   164.2      0.3370E-03
   164.3      0.3490E-03
   164.4      0.3598E-03
   164.5      0.3693E-03
   164.6      0.3774E-03
   164.7      0.3841E-03
   164.8      0.3892E-03
   164.9      0.3927E-03
   165.0      0.3946E-03
   165.1      0.3948E-03
   165.2      0.3934E-03
   165.3      0.3904E-03
   165.4      0.3858E-03
   165.5      0.3797E-03
   165.6      0.3722E-03
   165.7      0.3633E-03
   165.8      0.3532E-03
   165.9      0.3420E-03
   166.0      0.3298E-03
   166.1      0.3167E-03
   166.2      0.3030E-03
   166.3      0.2888E-03
   166.4      0.2743E-03
   166.5      0.2597E-03
   166.6      0.2450E-03
   166.7      0.2306E-03
   166.8      0.2166E-03
   166.9      0.2032E-03
   167.0      0.1906E-03
   167.1      0.1789E-03
   167.2      0.1682E-03
   167.3      0.1588E-03
   167.4      0.1508E-03
   167.5      0.1442E-03
   167.6      0.1393E-03
   167.7      0.1360E-03
   167.8      0.1345E-03
   167.9      0.1349E-03
   168.0      0.1370E-03
   168.1      0.1411E-03
   168.2      0.1470E-03
   168.3      0.1547E-03
   168.4      0.1643E-03
   168.5      0.1756E-03
   168.6      0.1885E-03
   168.7      0.2031E-03
   168.8      0.2190E-03
   168.9      0.2363E-03
   169.0      0.2548E-03
   169.1      0.2744E-03
   169.2      0.2948E-03
   169.3      0.3159E-03
   169.4      0.3375E-03
   169.5      0.3595E-03
   169.6      0.3816E-03
   169.7      0.4038E-03
   169.8      0.4257E-03
   169.9      0.4472E-03
   170.0      0.4682E-03
   170.1      0.4885E-03
   170.2      0.5078E-03
   170.3      0.5262E-03
   170.4      0.5434E-03
   170.5      0.5593E-03
   170.6      0.5739E-03
   170.7      0.5871E-03
   170.8      0.5987E-03
   170.9      0.6087E-03
   171.0      0.6172E-03
   171.1      0.6241E-03
   171.2      0.6294E-03
   171.3      0.6331E-03
   171.4      0.6354E-03
   171.5      0.6362E-03
   171.6      0.6357E-03
   171.7      0.6339E-03
   171.8      0.6310E-03
   171.9      0.6271E-03
   172.0      0.6224E-03
   172.1      0.6170E-03
   172.2      0.6111E-03
   172.3      0.6048E-03
   172.4      0.5984E-03
   172.5      0.5919E-03
   172.6      0.5857E-03
   172.7      0.5798E-03
   172.8      0.5744E-03
   172.9      0.5697E-03
   173.0      0.5659E-03
   173.1      0.5631E-03
   173.2      0.5615E-03
   173.3      0.5611E-03
   173.4      0.5620E-03
   173.5      0.5645E-03
   173.6      0.5684E-03
   173.7      0.5739E-03
   173.8      0.5811E-03
   173.9      0.5899E-03
   174.0      0.6002E-03
   174.1      0.6122E-03
   174.2      0.6257E-03
   174.3      0.6406E-03
   174.4      0.6568E-03
   174.5      0.6743E-03
   174.6      0.6929E-03
   174.7      0.7125E-03
   174.8      0.7328E-03
   174.9      0.7538E-03
   175.0      0.7751E-03
   175.1      0.7966E-03
   175.2      0.8182E-03
   175.3      0.8395E-03
   175.4      0.8603E-03
   175.5      0.8805E-03
   175.6      0.8998E-03
   175.7      0.9180E-03
   175.8      0.9349E-03
   175.9      0.9502E-03
   176.0      0.9638E-03
   176.1      0.9756E-03
   176.2      0.9852E-03
   176.3      0.9927E-03
   176.4      0.9979E-03
   176.5      0.1001E-02
   176.6      0.1001E-02
   176.7      0.9985E-03
   176.8      0.9935E-03
   176.9      0.9859E-03
   177.0      0.9758E-03
   177.1      0.9630E-03
   177.2      0.9478E-03
   177.3      0.9301E-03
   177.4      0.9102E-03
   177.5      0.8881E-03
   177.6      0.8640E-03
   177.7      0.8381E-03
   177.8      0.8106E-03
   177.9      0.7817E-03
   178.0      0.7517E-03
   178.1      0.7207E-03
   178.2      0.6892E-03
   178.3      0.6572E-03
   178.4      0.6252E-03
   178.5      0.5933E-03
   178.6      0.5619E-03
   178.7      0.5312E-03
   178.8      0.5015E-03
   178.9      0.4731E-03
   179.0      0.4463E-03
   179.1      0.4211E-03
   179.2      0.3980E-03
   179.3      0.3771E-03
   179.4      0.3586E-03
   179.5      0.3426E-03
   179.6      0.3293E-03
   179.7      0.3188E-03
   179.8      0.3113E-03
   179.9      0.3067E-03
   180.0      0.3052E-03
 END
