#1801 angles,  1 tensor ranks for 0=projectile
@subtitle   "12C(7Li,6Li)13C @ Ed=56 MeV;"                                                  
@legend ON
@legend x1 0.2
@legend y1 0.8
@g0 type LOGY
@yaxis ticklabel format power
@legend string   0 "Lab energy =   56.0000"
#legend string   0 "Partition=  2 Excit=  4 near/far= 1"
#  Theta       sigma       iT11        T20         T21         T22         Kyy for projectile
   0.000       20.27    
  0.1000       20.27    
  0.2000       20.27    
  0.3000       20.26    
  0.4000       20.25    
  0.5000       20.24    
  0.6000       20.23    
  0.7000       20.21    
  0.8000       20.19    
  0.9000       20.17    
   1.000       20.15    
   1.100       20.12    
   1.200       20.10    
   1.300       20.06    
   1.400       20.03    
   1.500       20.00    
   1.600       19.96    
   1.700       19.92    
   1.800       19.88    
   1.900       19.83    
   2.000       19.78    
   2.100       19.73    
   2.200       19.68    
   2.300       19.63    
   2.400       19.57    
   2.500       19.52    
   2.600       19.46    
   2.700       19.40    
   2.800       19.33    
   2.900       19.27    
   3.000       19.20    
   3.100       19.13    
   3.200       19.06    
   3.300       18.99    
   3.400       18.91    
   3.500       18.84    
   3.600       18.76    
   3.700       18.68    
   3.800       18.60    
   3.900       18.51    
   4.000       18.43    
   4.100       18.34    
   4.200       18.26    
   4.300       18.17    
   4.400       18.08    
   4.500       17.98    
   4.600       17.89    
   4.700       17.80    
   4.800       17.70    
   4.900       17.60    
   5.000       17.50    
   5.100       17.40    
   5.200       17.30    
   5.300       17.20    
   5.400       17.10    
   5.500       16.99    
   5.600       16.89    
   5.700       16.78    
   5.800       16.67    
   5.900       16.56    
   6.000       16.45    
   6.100       16.34    
   6.200       16.23    
   6.300       16.11    
   6.400       16.00    
   6.500       15.88    
   6.600       15.76    
   6.700       15.64    
   6.800       15.53    
   6.900       15.41    
   7.000       15.28    
   7.100       15.16    
   7.200       15.04    
   7.300       14.92    
   7.400       14.79    
   7.500       14.66    
   7.600       14.54    
   7.700       14.41    
   7.800       14.28    
   7.900       14.15    
   8.000       14.02    
   8.100       13.89    
   8.200       13.76    
   8.300       13.63    
   8.400       13.49    
   8.500       13.36    
   8.600       13.22    
   8.700       13.09    
   8.800       12.95    
   8.900       12.81    
   9.000       12.68    
   9.100       12.54    
   9.200       12.40    
   9.300       12.26    
   9.400       12.12    
   9.500       11.98    
   9.600       11.84    
   9.700       11.70    
   9.800       11.55    
   9.900       11.41    
   10.00       11.27    
   10.10       11.13    
   10.20       10.98    
   10.30       10.84    
   10.40       10.69    
   10.50       10.55    
   10.60       10.40    
   10.70       10.26    
   10.80       10.12    
   10.90       9.971    
   11.00       9.826    
   11.10       9.682    
   11.20       9.537    
   11.30       9.393    
   11.40       9.249    
   11.50       9.105    
   11.60       8.962    
   11.70       8.818    
   11.80       8.675    
   11.90       8.533    
   12.00       8.391    
   12.10       8.250    
   12.20       8.109    
   12.30       7.969    
   12.40       7.829    
   12.50       7.690    
   12.60       7.552    
   12.70       7.415    
   12.80       7.279    
   12.90       7.144    
   13.00       7.009    
   13.10       6.876    
   13.20       6.743    
   13.30       6.612    
   13.40       6.482    
   13.50       6.353    
   13.60       6.226    
   13.70       6.100    
   13.80       5.975    
   13.90       5.851    
   14.00       5.729    
   14.10       5.608    
   14.20       5.489    
   14.30       5.371    
   14.40       5.255    
   14.50       5.140    
   14.60       5.027    
   14.70       4.916    
   14.80       4.806    
   14.90       4.699    
   15.00       4.592    
   15.10       4.488    
   15.20       4.385    
   15.30       4.284    
   15.40       4.185    
   15.50       4.088    
   15.60       3.993    
   15.70       3.899    
   15.80       3.807    
   15.90       3.718    
   16.00       3.630    
   16.10       3.544    
   16.20       3.459    
   16.30       3.377    
   16.40       3.297    
   16.50       3.218    
   16.60       3.142    
   16.70       3.067    
   16.80       2.994    
   16.90       2.923    
   17.00       2.854    
   17.10       2.787    
   17.20       2.721    
   17.30       2.658    
   17.40       2.596    
   17.50       2.535    
   17.60       2.477    
   17.70       2.420    
   17.80       2.366    
   17.90       2.312    
   18.00       2.261    
   18.10       2.211    
   18.20       2.162    
   18.30       2.116    
   18.40       2.070    
   18.50       2.027    
   18.60       1.984    
   18.70       1.944    
   18.80       1.904    
   18.90       1.866    
   19.00       1.830    
   19.10       1.794    
   19.20       1.760    
   19.30       1.728    
   19.40       1.696    
   19.50       1.666    
   19.60       1.636    
   19.70       1.608    
   19.80       1.581    
   19.90       1.555    
   20.00       1.530    
   20.10       1.506    
   20.20       1.483    
   20.30       1.461    
   20.40       1.439    
   20.50       1.419    
   20.60       1.399    
   20.70       1.380    
   20.80       1.362    
   20.90       1.344    
   21.00       1.328    
   21.10       1.311    
   21.20       1.296    
   21.30       1.280    
   21.40       1.266    
   21.50       1.252    
   21.60       1.238    
   21.70       1.225    
   21.80       1.212    
   21.90       1.200    
   22.00       1.188    
   22.10       1.176    
   22.20       1.165    
   22.30       1.154    
   22.40       1.143    
   22.50       1.132    
   22.60       1.122    
   22.70       1.112    
   22.80       1.102    
   22.90       1.092    
   23.00       1.083    
   23.10       1.073    
   23.20       1.064    
   23.30       1.055    
   23.40       1.046    
   23.50       1.037    
   23.60       1.028    
   23.70       1.019    
   23.80       1.010    
   23.90       1.001    
   24.00      0.9922    
   24.10      0.9834    
   24.20      0.9746    
   24.30      0.9657    
   24.40      0.9569    
   24.50      0.9480    
   24.60      0.9391    
   24.70      0.9302    
   24.80      0.9212    
   24.90      0.9122    
   25.00      0.9032    
   25.10      0.8941    
   25.20      0.8850    
   25.30      0.8758    
   25.40      0.8666    
   25.50      0.8573    
   25.60      0.8480    
   25.70      0.8386    
   25.80      0.8292    
   25.90      0.8198    
   26.00      0.8102    
   26.10      0.8007    
   26.20      0.7911    
   26.30      0.7815    
   26.40      0.7718    
   26.50      0.7621    
   26.60      0.7523    
   26.70      0.7426    
   26.80      0.7328    
   26.90      0.7230    
   27.00      0.7131    
   27.10      0.7033    
   27.20      0.6934    
   27.30      0.6836    
   27.40      0.6738    
   27.50      0.6639    
   27.60      0.6541    
   27.70      0.6443    
   27.80      0.6345    
   27.90      0.6247    
   28.00      0.6150    
   28.10      0.6053    
   28.20      0.5957    
   28.30      0.5861    
   28.40      0.5765    
   28.50      0.5670    
   28.60      0.5576    
   28.70      0.5483    
   28.80      0.5390    
   28.90      0.5298    
   29.00      0.5206    
   29.10      0.5116    
   29.20      0.5027    
   29.30      0.4938    
   29.40      0.4851    
   29.50      0.4764    
   29.60      0.4679    
   29.70      0.4595    
   29.80      0.4512    
   29.90      0.4430    
   30.00      0.4349    
   30.10      0.4270    
   30.20      0.4192    
   30.30      0.4115    
   30.40      0.4040    
   30.50      0.3966    
   30.60      0.3893    
   30.70      0.3822    
   30.80      0.3752    
   30.90      0.3684    
   31.00      0.3617    
   31.10      0.3552    
   31.20      0.3488    
   31.30      0.3426    
   31.40      0.3365    
   31.50      0.3306    
   31.60      0.3248    
   31.70      0.3192    
   31.80      0.3137    
   31.90      0.3083    
   32.00      0.3031    
   32.10      0.2981    
   32.20      0.2932    
   32.30      0.2885    
   32.40      0.2839    
   32.50      0.2794    
   32.60      0.2751    
   32.70      0.2709    
   32.80      0.2669    
   32.90      0.2630    
   33.00      0.2592    
   33.10      0.2555    
   33.20      0.2520    
   33.30      0.2486    
   33.40      0.2453    
   33.50      0.2422    
   33.60      0.2391    
   33.70      0.2362    
   33.80      0.2333    
   33.90      0.2306    
   34.00      0.2280    
   34.10      0.2254    
   34.20      0.2230    
   34.30      0.2206    
   34.40      0.2184    
   34.50      0.2162    
   34.60      0.2141    
   34.70      0.2120    
   34.80      0.2101    
   34.90      0.2082    
   35.00      0.2063    
   35.10      0.2046    
   35.20      0.2028    
   35.30      0.2012    
   35.40      0.1995    
   35.50      0.1980    
   35.60      0.1964    
   35.70      0.1949    
   35.80      0.1934    
   35.90      0.1920    
   36.00      0.1906    
   36.10      0.1892    
   36.20      0.1878    
   36.30      0.1865    
   36.40      0.1851    
   36.50      0.1838    
   36.60      0.1825    
   36.70      0.1812    
   36.80      0.1799    
   36.90      0.1786    
   37.00      0.1773    
   37.10      0.1760    
   37.20      0.1747    
   37.30      0.1735    
   37.40      0.1722    
   37.50      0.1708    
   37.60      0.1695    
   37.70      0.1682    
   37.80      0.1669    
   37.90      0.1655    
   38.00      0.1642    
   38.10      0.1628    
   38.20      0.1614    
   38.30      0.1600    
   38.40      0.1586    
   38.50      0.1572    
   38.60      0.1557    
   38.70      0.1543    
   38.80      0.1528    
   38.90      0.1513    
   39.00      0.1498    
   39.10      0.1483    
   39.20      0.1468    
   39.30      0.1452    
   39.40      0.1437    
   39.50      0.1421    
   39.60      0.1406    
   39.70      0.1390    
   39.80      0.1374    
   39.90      0.1358    
   40.00      0.1342    
   40.10      0.1326    
   40.20      0.1309    
   40.30      0.1293    
   40.40      0.1277    
   40.50      0.1260    
   40.60      0.1244    
   40.70      0.1227    
   40.80      0.1211    
   40.90      0.1195    
   41.00      0.1178    
   41.10      0.1162    
   41.20      0.1145    
   41.30      0.1129    
   41.40      0.1113    
   41.50      0.1096    
   41.60      0.1080    
   41.70      0.1064    
   41.80      0.1048    
   41.90      0.1032    
   42.00      0.1016    
   42.10      0.1001    
   42.20      0.9851E-01
   42.30      0.9697E-01
   42.40      0.9543E-01
   42.50      0.9391E-01
   42.60      0.9241E-01
   42.70      0.9092E-01
   42.80      0.8945E-01
   42.90      0.8799E-01
   43.00      0.8655E-01
   43.10      0.8513E-01
   43.20      0.8372E-01
   43.30      0.8234E-01
   43.40      0.8097E-01
   43.50      0.7963E-01
   43.60      0.7830E-01
   43.70      0.7700E-01
   43.80      0.7571E-01
   43.90      0.7445E-01
   44.00      0.7321E-01
   44.10      0.7199E-01
   44.20      0.7079E-01
   44.30      0.6962E-01
   44.40      0.6846E-01
   44.50      0.6733E-01
   44.60      0.6623E-01
   44.70      0.6514E-01
   44.80      0.6408E-01
   44.90      0.6305E-01
   45.00      0.6203E-01
   45.10      0.6104E-01
   45.20      0.6007E-01
   45.30      0.5913E-01
   45.40      0.5821E-01
   45.50      0.5731E-01
   45.60      0.5644E-01
   45.70      0.5559E-01
   45.80      0.5476E-01
   45.90      0.5396E-01
   46.00      0.5318E-01
   46.10      0.5242E-01
   46.20      0.5168E-01
   46.30      0.5096E-01
   46.40      0.5027E-01
   46.50      0.4960E-01
   46.60      0.4895E-01
   46.70      0.4832E-01
   46.80      0.4771E-01
   46.90      0.4713E-01
   47.00      0.4656E-01
   47.10      0.4601E-01
   47.20      0.4548E-01
   47.30      0.4497E-01
   47.40      0.4448E-01
   47.50      0.4401E-01
   47.60      0.4355E-01
   47.70      0.4311E-01
   47.80      0.4269E-01
   47.90      0.4229E-01
   48.00      0.4190E-01
   48.10      0.4152E-01
   48.20      0.4116E-01
   48.30      0.4081E-01
   48.40      0.4048E-01
   48.50      0.4016E-01
   48.60      0.3985E-01
   48.70      0.3956E-01
   48.80      0.3928E-01
   48.90      0.3900E-01
   49.00      0.3874E-01
   49.10      0.3849E-01
   49.20      0.3824E-01
   49.30      0.3801E-01
   49.40      0.3778E-01
   49.50      0.3756E-01
   49.60      0.3734E-01
   49.70      0.3714E-01
   49.80      0.3693E-01
   49.90      0.3674E-01
   50.00      0.3655E-01
   50.10      0.3636E-01
   50.20      0.3617E-01
   50.30      0.3599E-01
   50.40      0.3581E-01
   50.50      0.3564E-01
   50.60      0.3546E-01
   50.70      0.3529E-01
   50.80      0.3511E-01
   50.90      0.3494E-01
   51.00      0.3477E-01
   51.10      0.3459E-01
   51.20      0.3442E-01
   51.30      0.3424E-01
   51.40      0.3407E-01
   51.50      0.3389E-01
   51.60      0.3371E-01
   51.70      0.3352E-01
   51.80      0.3334E-01
   51.90      0.3315E-01
   52.00      0.3296E-01
   52.10      0.3276E-01
   52.20      0.3256E-01
   52.30      0.3236E-01
   52.40      0.3215E-01
   52.50      0.3194E-01
   52.60      0.3173E-01
   52.70      0.3151E-01
   52.80      0.3128E-01
   52.90      0.3106E-01
   53.00      0.3082E-01
   53.10      0.3059E-01
   53.20      0.3035E-01
   53.30      0.3010E-01
   53.40      0.2986E-01
   53.50      0.2960E-01
   53.60      0.2935E-01
   53.70      0.2909E-01
   53.80      0.2882E-01
   53.90      0.2855E-01
   54.00      0.2828E-01
   54.10      0.2801E-01
   54.20      0.2773E-01
   54.30      0.2745E-01
   54.40      0.2717E-01
   54.50      0.2688E-01
   54.60      0.2659E-01
   54.70      0.2630E-01
   54.80      0.2600E-01
   54.90      0.2571E-01
   55.00      0.2541E-01
   55.10      0.2511E-01
   55.20      0.2481E-01
   55.30      0.2451E-01
   55.40      0.2421E-01
   55.50      0.2391E-01
   55.60      0.2361E-01
   55.70      0.2330E-01
   55.80      0.2300E-01
   55.90      0.2270E-01
   56.00      0.2240E-01
   56.10      0.2210E-01
   56.20      0.2180E-01
   56.30      0.2150E-01
   56.40      0.2120E-01
   56.50      0.2091E-01
   56.60      0.2061E-01
   56.70      0.2032E-01
   56.80      0.2003E-01
   56.90      0.1974E-01
   57.00      0.1946E-01
   57.10      0.1918E-01
   57.20      0.1890E-01
   57.30      0.1862E-01
   57.40      0.1835E-01
   57.50      0.1807E-01
   57.60      0.1781E-01
   57.70      0.1754E-01
   57.80      0.1728E-01
   57.90      0.1703E-01
   58.00      0.1677E-01
   58.10      0.1652E-01
   58.20      0.1627E-01
   58.30      0.1603E-01
   58.40      0.1579E-01
   58.50      0.1556E-01
   58.60      0.1533E-01
   58.70      0.1510E-01
   58.80      0.1488E-01
   58.90      0.1466E-01
   59.00      0.1444E-01
   59.10      0.1423E-01
   59.20      0.1403E-01
   59.30      0.1382E-01
   59.40      0.1362E-01
   59.50      0.1343E-01
   59.60      0.1324E-01
   59.70      0.1305E-01
   59.80      0.1287E-01
   59.90      0.1269E-01
   60.00      0.1252E-01
   60.10      0.1235E-01
   60.20      0.1218E-01
   60.30      0.1202E-01
   60.40      0.1186E-01
   60.50      0.1170E-01
   60.60      0.1155E-01
   60.70      0.1141E-01
   60.80      0.1126E-01
   60.90      0.1112E-01
   61.00      0.1099E-01
   61.10      0.1086E-01
   61.20      0.1073E-01
   61.30      0.1060E-01
   61.40      0.1048E-01
   61.50      0.1036E-01
   61.60      0.1025E-01
   61.70      0.1014E-01
   61.80      0.1003E-01
   61.90      0.9925E-02
   62.00      0.9823E-02
   62.10      0.9726E-02
   62.20      0.9631E-02
   62.30      0.9539E-02
   62.40      0.9450E-02
   62.50      0.9364E-02
   62.60      0.9281E-02
   62.70      0.9201E-02
   62.80      0.9124E-02
   62.90      0.9049E-02
   63.00      0.8977E-02
   63.10      0.8907E-02
   63.20      0.8840E-02
   63.30      0.8774E-02
   63.40      0.8711E-02
   63.50      0.8651E-02
   63.60      0.8592E-02
   63.70      0.8535E-02
   63.80      0.8480E-02
   63.90      0.8426E-02
   64.00      0.8375E-02
   64.10      0.8324E-02
   64.20      0.8275E-02
   64.30      0.8228E-02
   64.40      0.8181E-02
   64.50      0.8136E-02
   64.60      0.8092E-02
   64.70      0.8048E-02
   64.80      0.8006E-02
   64.90      0.7964E-02
   65.00      0.7922E-02
   65.10      0.7881E-02
   65.20      0.7841E-02
   65.30      0.7800E-02
   65.40      0.7760E-02
   65.50      0.7720E-02
   65.60      0.7680E-02
   65.70      0.7640E-02
   65.80      0.7600E-02
   65.90      0.7559E-02
   66.00      0.7519E-02
   66.10      0.7477E-02
   66.20      0.7436E-02
   66.30      0.7394E-02
   66.40      0.7351E-02
   66.50      0.7308E-02
   66.60      0.7264E-02
   66.70      0.7219E-02
   66.80      0.7174E-02
   66.90      0.7128E-02
   67.00      0.7081E-02
   67.10      0.7033E-02
   67.20      0.6985E-02
   67.30      0.6935E-02
   67.40      0.6885E-02
   67.50      0.6834E-02
   67.60      0.6783E-02
   67.70      0.6730E-02
   67.80      0.6677E-02
   67.90      0.6622E-02
   68.00      0.6567E-02
   68.10      0.6511E-02
   68.20      0.6455E-02
   68.30      0.6398E-02
   68.40      0.6340E-02
   68.50      0.6281E-02
   68.60      0.6222E-02
   68.70      0.6162E-02
   68.80      0.6102E-02
   68.90      0.6041E-02
   69.00      0.5980E-02
   69.10      0.5918E-02
   69.20      0.5856E-02
   69.30      0.5794E-02
   69.40      0.5731E-02
   69.50      0.5668E-02
   69.60      0.5605E-02
   69.70      0.5541E-02
   69.80      0.5478E-02
   69.90      0.5414E-02
   70.00      0.5351E-02
   70.10      0.5287E-02
   70.20      0.5224E-02
   70.30      0.5160E-02
   70.40      0.5097E-02
   70.50      0.5034E-02
   70.60      0.4971E-02
   70.70      0.4908E-02
   70.80      0.4845E-02
   70.90      0.4783E-02
   71.00      0.4721E-02
   71.10      0.4660E-02
   71.20      0.4598E-02
   71.30      0.4538E-02
   71.40      0.4477E-02
   71.50      0.4417E-02
   71.60      0.4358E-02
   71.70      0.4299E-02
   71.80      0.4241E-02
   71.90      0.4183E-02
   72.00      0.4125E-02
   72.10      0.4069E-02
   72.20      0.4012E-02
   72.30      0.3957E-02
   72.40      0.3902E-02
   72.50      0.3847E-02
   72.60      0.3794E-02
   72.70      0.3741E-02
   72.80      0.3688E-02
   72.90      0.3637E-02
   73.00      0.3586E-02
   73.10      0.3535E-02
   73.20      0.3486E-02
   73.30      0.3437E-02
   73.40      0.3388E-02
   73.50      0.3341E-02
   73.60      0.3294E-02
   73.70      0.3248E-02
   73.80      0.3203E-02
   73.90      0.3158E-02
   74.00      0.3115E-02
   74.10      0.3072E-02
   74.20      0.3029E-02
   74.30      0.2988E-02
   74.40      0.2947E-02
   74.50      0.2907E-02
   74.60      0.2868E-02
   74.70      0.2830E-02
   74.80      0.2792E-02
   74.90      0.2756E-02
   75.00      0.2720E-02
   75.10      0.2684E-02
   75.20      0.2650E-02
   75.30      0.2616E-02
   75.40      0.2583E-02
   75.50      0.2551E-02
   75.60      0.2520E-02
   75.70      0.2489E-02
   75.80      0.2459E-02
   75.90      0.2430E-02
   76.00      0.2402E-02
   76.10      0.2375E-02
   76.20      0.2348E-02
   76.30      0.2322E-02
   76.40      0.2297E-02
   76.50      0.2272E-02
   76.60      0.2248E-02
   76.70      0.2225E-02
   76.80      0.2202E-02
   76.90      0.2181E-02
   77.00      0.2160E-02
   77.10      0.2139E-02
   77.20      0.2119E-02
   77.30      0.2100E-02
   77.40      0.2082E-02
   77.50      0.2064E-02
   77.60      0.2047E-02
   77.70      0.2030E-02
   77.80      0.2014E-02
   77.90      0.1999E-02
   78.00      0.1984E-02
   78.10      0.1969E-02
   78.20      0.1955E-02
   78.30      0.1942E-02
   78.40      0.1929E-02
   78.50      0.1917E-02
   78.60      0.1905E-02
   78.70      0.1894E-02
   78.80      0.1883E-02
   78.90      0.1872E-02
   79.00      0.1862E-02
   79.10      0.1852E-02
   79.20      0.1843E-02
   79.30      0.1834E-02
   79.40      0.1825E-02
   79.50      0.1816E-02
   79.60      0.1808E-02
   79.70      0.1800E-02
   79.80      0.1793E-02
   79.90      0.1785E-02
   80.00      0.1778E-02
   80.10      0.1771E-02
   80.20      0.1764E-02
   80.30      0.1757E-02
   80.40      0.1751E-02
   80.50      0.1744E-02
   80.60      0.1738E-02
   80.70      0.1732E-02
   80.80      0.1725E-02
   80.90      0.1719E-02
   81.00      0.1713E-02
   81.10      0.1706E-02
   81.20      0.1700E-02
   81.30      0.1694E-02
   81.40      0.1687E-02
   81.50      0.1681E-02
   81.60      0.1674E-02
   81.70      0.1668E-02
   81.80      0.1661E-02
   81.90      0.1654E-02
   82.00      0.1646E-02
   82.10      0.1639E-02
   82.20      0.1632E-02
   82.30      0.1624E-02
   82.40      0.1616E-02
   82.50      0.1608E-02
   82.60      0.1599E-02
   82.70      0.1591E-02
   82.80      0.1582E-02
   82.90      0.1573E-02
   83.00      0.1563E-02
   83.10      0.1554E-02
   83.20      0.1544E-02
   83.30      0.1534E-02
   83.40      0.1524E-02
   83.50      0.1513E-02
   83.60      0.1503E-02
   83.70      0.1492E-02
   83.80      0.1481E-02
   83.90      0.1469E-02
   84.00      0.1458E-02
   84.10      0.1446E-02
   84.20      0.1434E-02
   84.30      0.1422E-02
   84.40      0.1410E-02
   84.50      0.1398E-02
   84.60      0.1385E-02
   84.70      0.1373E-02
   84.80      0.1360E-02
   84.90      0.1347E-02
   85.00      0.1334E-02
   85.10      0.1321E-02
   85.20      0.1308E-02
   85.30      0.1295E-02
   85.40      0.1282E-02
   85.50      0.1269E-02
   85.60      0.1256E-02
   85.70      0.1243E-02
   85.80      0.1230E-02
   85.90      0.1217E-02
   86.00      0.1204E-02
   86.10      0.1191E-02
   86.20      0.1178E-02
   86.30      0.1165E-02
   86.40      0.1152E-02
   86.50      0.1140E-02
   86.60      0.1127E-02
   86.70      0.1114E-02
   86.80      0.1102E-02
   86.90      0.1089E-02
   87.00      0.1077E-02
   87.10      0.1064E-02
   87.20      0.1052E-02
   87.30      0.1040E-02
   87.40      0.1028E-02
   87.50      0.1015E-02
   87.60      0.1003E-02
   87.70      0.9914E-03
   87.80      0.9795E-03
   87.90      0.9677E-03
   88.00      0.9559E-03
   88.10      0.9441E-03
   88.20      0.9324E-03
   88.30      0.9208E-03
   88.40      0.9092E-03
   88.50      0.8977E-03
   88.60      0.8862E-03
   88.70      0.8747E-03
   88.80      0.8633E-03
   88.90      0.8520E-03
   89.00      0.8407E-03
   89.10      0.8295E-03
   89.20      0.8183E-03
   89.30      0.8071E-03
   89.40      0.7960E-03
   89.50      0.7850E-03
   89.60      0.7741E-03
   89.70      0.7632E-03
   89.80      0.7524E-03
   89.90      0.7417E-03
   90.00      0.7311E-03
   90.10      0.7206E-03
   90.20      0.7102E-03
   90.30      0.6999E-03
   90.40      0.6897E-03
   90.50      0.6797E-03
   90.60      0.6698E-03
   90.70      0.6601E-03
   90.80      0.6505E-03
   90.90      0.6411E-03
   91.00      0.6319E-03
   91.10      0.6229E-03
   91.20      0.6140E-03
   91.30      0.6054E-03
   91.40      0.5969E-03
   91.50      0.5887E-03
   91.60      0.5807E-03
   91.70      0.5729E-03
   91.80      0.5654E-03
   91.90      0.5581E-03
   92.00      0.5510E-03
   92.10      0.5441E-03
   92.20      0.5375E-03
   92.30      0.5312E-03
   92.40      0.5250E-03
   92.50      0.5191E-03
   92.60      0.5135E-03
   92.70      0.5080E-03
   92.80      0.5028E-03
   92.90      0.4978E-03
   93.00      0.4930E-03
   93.10      0.4884E-03
   93.20      0.4841E-03
   93.30      0.4799E-03
   93.40      0.4759E-03
   93.50      0.4720E-03
   93.60      0.4683E-03
   93.70      0.4648E-03
   93.80      0.4614E-03
   93.90      0.4581E-03
   94.00      0.4550E-03
   94.10      0.4520E-03
   94.20      0.4490E-03
   94.30      0.4462E-03
   94.40      0.4434E-03
   94.50      0.4407E-03
   94.60      0.4380E-03
   94.70      0.4354E-03
   94.80      0.4328E-03
   94.90      0.4303E-03
   95.00      0.4277E-03
   95.10      0.4252E-03
   95.20      0.4227E-03
   95.30      0.4201E-03
   95.40      0.4176E-03
   95.50      0.4150E-03
   95.60      0.4125E-03
   95.70      0.4099E-03
   95.80      0.4073E-03
   95.90      0.4046E-03
   96.00      0.4019E-03
   96.10      0.3992E-03
   96.20      0.3965E-03
   96.30      0.3937E-03
   96.40      0.3910E-03
   96.50      0.3882E-03
   96.60      0.3853E-03
   96.70      0.3825E-03
   96.80      0.3796E-03
   96.90      0.3767E-03
   97.00      0.3738E-03
   97.10      0.3709E-03
   97.20      0.3680E-03
   97.30      0.3651E-03
   97.40      0.3622E-03
   97.50      0.3593E-03
   97.60      0.3564E-03
   97.70      0.3536E-03
   97.80      0.3508E-03
   97.90      0.3480E-03
   98.00      0.3452E-03
   98.10      0.3424E-03
   98.20      0.3397E-03
   98.30      0.3371E-03
   98.40      0.3344E-03
   98.50      0.3318E-03
   98.60      0.3293E-03
   98.70      0.3268E-03
   98.80      0.3244E-03
   98.90      0.3219E-03
   99.00      0.3196E-03
   99.10      0.3173E-03
   99.20      0.3150E-03
   99.30      0.3128E-03
   99.40      0.3106E-03
   99.50      0.3084E-03
   99.60      0.3063E-03
   99.70      0.3042E-03
   99.80      0.3021E-03
   99.90      0.3001E-03
   100.0      0.2981E-03
   100.1      0.2961E-03
   100.2      0.2942E-03
   100.3      0.2922E-03
   100.4      0.2903E-03
   100.5      0.2884E-03
   100.6      0.2865E-03
   100.7      0.2846E-03
   100.8      0.2827E-03
   100.9      0.2808E-03
   101.0      0.2789E-03
   101.1      0.2770E-03
   101.2      0.2751E-03
   101.3      0.2732E-03
   101.4      0.2713E-03
   101.5      0.2693E-03
   101.6      0.2674E-03
   101.7      0.2655E-03
   101.8      0.2635E-03
   101.9      0.2616E-03
   102.0      0.2596E-03
   102.1      0.2576E-03
   102.2      0.2556E-03
   102.3      0.2536E-03
   102.4      0.2516E-03
   102.5      0.2496E-03
   102.6      0.2476E-03
   102.7      0.2456E-03
   102.8      0.2436E-03
   102.9      0.2416E-03
   103.0      0.2395E-03
   103.1      0.2375E-03
   103.2      0.2355E-03
   103.3      0.2335E-03
   103.4      0.2315E-03
   103.5      0.2295E-03
   103.6      0.2276E-03
   103.7      0.2256E-03
   103.8      0.2236E-03
   103.9      0.2216E-03
   104.0      0.2197E-03
   104.1      0.2178E-03
   104.2      0.2158E-03
   104.3      0.2139E-03
   104.4      0.2120E-03
   104.5      0.2101E-03
   104.6      0.2082E-03
   104.7      0.2063E-03
   104.8      0.2044E-03
   104.9      0.2025E-03
   105.0      0.2006E-03
   105.1      0.1987E-03
   105.2      0.1969E-03
   105.3      0.1950E-03
   105.4      0.1931E-03
   105.5      0.1912E-03
   105.6      0.1894E-03
   105.7      0.1875E-03
   105.8      0.1856E-03
   105.9      0.1837E-03
   106.0      0.1819E-03
   106.1      0.1800E-03
   106.2      0.1781E-03
   106.3      0.1763E-03
   106.4      0.1744E-03
   106.5      0.1725E-03
   106.6      0.1707E-03
   106.7      0.1688E-03
   106.8      0.1670E-03
   106.9      0.1652E-03
   107.0      0.1634E-03
   107.1      0.1616E-03
   107.2      0.1598E-03
   107.3      0.1581E-03
   107.4      0.1564E-03
   107.5      0.1547E-03
   107.6      0.1531E-03
   107.7      0.1514E-03
   107.8      0.1499E-03
   107.9      0.1484E-03
   108.0      0.1469E-03
   108.1      0.1455E-03
   108.2      0.1441E-03
   108.3      0.1428E-03
   108.4      0.1415E-03
   108.5      0.1403E-03
   108.6      0.1392E-03
   108.7      0.1381E-03
   108.8      0.1371E-03
   108.9      0.1361E-03
   109.0      0.1352E-03
   109.1      0.1344E-03
   109.2      0.1337E-03
   109.3      0.1330E-03
   109.4      0.1323E-03
   109.5      0.1317E-03
   109.6      0.1312E-03
   109.7      0.1307E-03
   109.8      0.1303E-03
   109.9      0.1299E-03
   110.0      0.1296E-03
   110.1      0.1293E-03
   110.2      0.1290E-03
   110.3      0.1287E-03
   110.4      0.1285E-03
   110.5      0.1283E-03
   110.6      0.1281E-03
   110.7      0.1279E-03
   110.8      0.1277E-03
   110.9      0.1275E-03
   111.0      0.1273E-03
   111.1      0.1270E-03
   111.2      0.1268E-03
   111.3      0.1265E-03
   111.4      0.1262E-03
   111.5      0.1258E-03
   111.6      0.1254E-03
   111.7      0.1250E-03
   111.8      0.1245E-03
   111.9      0.1240E-03
   112.0      0.1234E-03
   112.1      0.1228E-03
   112.2      0.1221E-03
   112.3      0.1214E-03
   112.4      0.1206E-03
   112.5      0.1198E-03
   112.6      0.1189E-03
   112.7      0.1180E-03
   112.8      0.1170E-03
   112.9      0.1160E-03
   113.0      0.1149E-03
   113.1      0.1138E-03
   113.2      0.1127E-03
   113.3      0.1116E-03
   113.4      0.1104E-03
   113.5      0.1092E-03
   113.6      0.1080E-03
   113.7      0.1068E-03
   113.8      0.1056E-03
   113.9      0.1044E-03
   114.0      0.1032E-03
   114.1      0.1020E-03
   114.2      0.1009E-03
   114.3      0.9972E-04
   114.4      0.9862E-04
   114.5      0.9755E-04
   114.6      0.9652E-04
   114.7      0.9553E-04
   114.8      0.9459E-04
   114.9      0.9369E-04
   115.0      0.9284E-04
   115.1      0.9205E-04
   115.2      0.9131E-04
   115.3      0.9062E-04
   115.4      0.8999E-04
   115.5      0.8941E-04
   115.6      0.8889E-04
   115.7      0.8841E-04
   115.8      0.8798E-04
   115.9      0.8760E-04
   116.0      0.8726E-04
   116.1      0.8696E-04
   116.2      0.8670E-04
   116.3      0.8646E-04
   116.4      0.8626E-04
   116.5      0.8607E-04
   116.6      0.8590E-04
   116.7      0.8574E-04
   116.8      0.8559E-04
   116.9      0.8543E-04
   117.0      0.8528E-04
   117.1      0.8511E-04
   117.2      0.8492E-04
   117.3      0.8472E-04
   117.4      0.8449E-04
   117.5      0.8423E-04
   117.6      0.8393E-04
   117.7      0.8360E-04
   117.8      0.8322E-04
   117.9      0.8280E-04
   118.0      0.8234E-04
   118.1      0.8183E-04
   118.2      0.8126E-04
   118.3      0.8065E-04
   118.4      0.7999E-04
   118.5      0.7927E-04
   118.6      0.7851E-04
   118.7      0.7770E-04
   118.8      0.7684E-04
   118.9      0.7594E-04
   119.0      0.7500E-04
   119.1      0.7403E-04
   119.2      0.7301E-04
   119.3      0.7197E-04
   119.4      0.7091E-04
   119.5      0.6982E-04
   119.6      0.6872E-04
   119.7      0.6761E-04
   119.8      0.6650E-04
   119.9      0.6539E-04
   120.0      0.6428E-04
   120.1      0.6318E-04
   120.2      0.6210E-04
   120.3      0.6104E-04
   120.4      0.6001E-04
   120.5      0.5901E-04
   120.6      0.5804E-04
   120.7      0.5711E-04
   120.8      0.5623E-04
   120.9      0.5538E-04
   121.0      0.5459E-04
   121.1      0.5385E-04
   121.2      0.5315E-04
   121.3      0.5251E-04
   121.4      0.5193E-04
   121.5      0.5139E-04
   121.6      0.5091E-04
   121.7      0.5048E-04
   121.8      0.5010E-04
   121.9      0.4977E-04
   122.0      0.4949E-04
   122.1      0.4924E-04
   122.2      0.4904E-04
   122.3      0.4888E-04
   122.4      0.4874E-04
   122.5      0.4864E-04
   122.6      0.4856E-04
   122.7      0.4850E-04
   122.8      0.4846E-04
   122.9      0.4843E-04
   123.0      0.4841E-04
   123.1      0.4839E-04
   123.2      0.4837E-04
   123.3      0.4835E-04
   123.4      0.4831E-04
   123.5      0.4826E-04
   123.6      0.4820E-04
   123.7      0.4812E-04
   123.8      0.4801E-04
   123.9      0.4788E-04
   124.0      0.4772E-04
   124.1      0.4754E-04
   124.2      0.4733E-04
   124.3      0.4708E-04
   124.4      0.4681E-04
   124.5      0.4651E-04
   124.6      0.4618E-04
   124.7      0.4582E-04
   124.8      0.4543E-04
   124.9      0.4502E-04
   125.0      0.4459E-04
   125.1      0.4413E-04
   125.2      0.4366E-04
   125.3      0.4318E-04
   125.4      0.4268E-04
   125.5      0.4218E-04
   125.6      0.4167E-04
   125.7      0.4116E-04
   125.8      0.4065E-04
   125.9      0.4015E-04
   126.0      0.3966E-04
   126.1      0.3918E-04
   126.2      0.3872E-04
   126.3      0.3828E-04
   126.4      0.3786E-04
   126.5      0.3746E-04
   126.6      0.3710E-04
   126.7      0.3676E-04
   126.8      0.3645E-04
   126.9      0.3617E-04
   127.0      0.3593E-04
   127.1      0.3571E-04
   127.2      0.3553E-04
   127.3      0.3539E-04
   127.4      0.3527E-04
   127.5      0.3519E-04
   127.6      0.3513E-04
   127.7      0.3510E-04
   127.8      0.3510E-04
   127.9      0.3512E-04
   128.0      0.3516E-04
   128.1      0.3522E-04
   128.2      0.3529E-04
   128.3      0.3538E-04
   128.4      0.3547E-04
   128.5      0.3557E-04
   128.6      0.3567E-04
   128.7      0.3576E-04
   128.8      0.3585E-04
   128.9      0.3594E-04
   129.0      0.3601E-04
   129.1      0.3607E-04
   129.2      0.3611E-04
   129.3      0.3613E-04
   129.4      0.3613E-04
   129.5      0.3611E-04
   129.6      0.3607E-04
   129.7      0.3600E-04
   129.8      0.3590E-04
   129.9      0.3578E-04
   130.0      0.3564E-04
   130.1      0.3547E-04
   130.2      0.3527E-04
   130.3      0.3506E-04
   130.4      0.3482E-04
   130.5      0.3456E-04
   130.6      0.3429E-04
   130.7      0.3400E-04
   130.8      0.3370E-04
   130.9      0.3339E-04
   131.0      0.3308E-04
   131.1      0.3276E-04
   131.2      0.3244E-04
   131.3      0.3213E-04
   131.4      0.3183E-04
   131.5      0.3154E-04
   131.6      0.3127E-04
   131.7      0.3101E-04
   131.8      0.3077E-04
   131.9      0.3056E-04
   132.0      0.3037E-04
   132.1      0.3021E-04
   132.2      0.3008E-04
   132.3      0.2999E-04
   132.4      0.2992E-04
   132.5      0.2989E-04
   132.6      0.2989E-04
   132.7      0.2993E-04
   132.8      0.3000E-04
   132.9      0.3011E-04
   133.0      0.3024E-04
   133.1      0.3041E-04
   133.2      0.3060E-04
   133.3      0.3082E-04
   133.4      0.3106E-04
   133.5      0.3133E-04
   133.6      0.3160E-04
   133.7      0.3189E-04
   133.8      0.3219E-04
   133.9      0.3250E-04
   134.0      0.3280E-04
   134.1      0.3310E-04
   134.2      0.3340E-04
   134.3      0.3368E-04
   134.4      0.3395E-04
   134.5      0.3420E-04
   134.6      0.3442E-04
   134.7      0.3462E-04
   134.8      0.3479E-04
   134.9      0.3493E-04
   135.0      0.3503E-04
   135.1      0.3510E-04
   135.2      0.3513E-04
   135.3      0.3511E-04
   135.4      0.3506E-04
   135.5      0.3497E-04
   135.6      0.3483E-04
   135.7      0.3466E-04
   135.8      0.3444E-04
   135.9      0.3419E-04
   136.0      0.3390E-04
   136.1      0.3358E-04
   136.2      0.3323E-04
   136.3      0.3285E-04
   136.4      0.3245E-04
   136.5      0.3203E-04
   136.6      0.3159E-04
   136.7      0.3115E-04
   136.8      0.3069E-04
   136.9      0.3024E-04
   137.0      0.2978E-04
   137.1      0.2934E-04
   137.2      0.2891E-04
   137.3      0.2849E-04
   137.4      0.2810E-04
   137.5      0.2773E-04
   137.6      0.2739E-04
   137.7      0.2709E-04
   137.8      0.2682E-04
   137.9      0.2660E-04
   138.0      0.2641E-04
   138.1      0.2627E-04
   138.2      0.2618E-04
   138.3      0.2613E-04
   138.4      0.2613E-04
   138.5      0.2618E-04
   138.6      0.2628E-04
   138.7      0.2642E-04
   138.8      0.2661E-04
   138.9      0.2684E-04
   139.0      0.2711E-04
   139.1      0.2742E-04
   139.2      0.2776E-04
   139.3      0.2813E-04
   139.4      0.2853E-04
   139.5      0.2894E-04
   139.6      0.2937E-04
   139.7      0.2981E-04
   139.8      0.3026E-04
   139.9      0.3071E-04
   140.0      0.3115E-04
   140.1      0.3158E-04
   140.2      0.3199E-04
   140.3      0.3239E-04
   140.4      0.3275E-04
   140.5      0.3309E-04
   140.6      0.3339E-04
   140.7      0.3365E-04
   140.8      0.3386E-04
   140.9      0.3403E-04
   141.0      0.3415E-04
   141.1      0.3422E-04
   141.2      0.3424E-04
   141.3      0.3420E-04
   141.4      0.3411E-04
   141.5      0.3396E-04
   141.6      0.3376E-04
   141.7      0.3351E-04
   141.8      0.3320E-04
   141.9      0.3285E-04
   142.0      0.3245E-04
   142.1      0.3201E-04
   142.2      0.3153E-04
   142.3      0.3102E-04
   142.4      0.3047E-04
   142.5      0.2991E-04
   142.6      0.2932E-04
   142.7      0.2873E-04
   142.8      0.2812E-04
   142.9      0.2751E-04
   143.0      0.2691E-04
   143.1      0.2632E-04
   143.2      0.2574E-04
   143.3      0.2519E-04
   143.4      0.2466E-04
   143.5      0.2416E-04
   143.6      0.2370E-04
   143.7      0.2328E-04
   143.8      0.2290E-04
   143.9      0.2258E-04
   144.0      0.2230E-04
   144.1      0.2208E-04
   144.2      0.2191E-04
   144.3      0.2179E-04
   144.4      0.2173E-04
   144.5      0.2173E-04
   144.6      0.2179E-04
   144.7      0.2190E-04
   144.8      0.2206E-04
   144.9      0.2227E-04
   145.0      0.2252E-04
   145.1      0.2282E-04
   145.2      0.2316E-04
   145.3      0.2354E-04
   145.4      0.2394E-04
   145.5      0.2437E-04
   145.6      0.2482E-04
   145.7      0.2528E-04
   145.8      0.2575E-04
   145.9      0.2622E-04
   146.0      0.2669E-04
   146.1      0.2715E-04
   146.2      0.2759E-04
   146.3      0.2801E-04
   146.4      0.2841E-04
   146.5      0.2878E-04
   146.6      0.2911E-04
   146.7      0.2940E-04
   146.8      0.2965E-04
   146.9      0.2985E-04
   147.0      0.3001E-04
   147.1      0.3011E-04
   147.2      0.3016E-04
   147.3      0.3016E-04
   147.4      0.3011E-04
   147.5      0.3000E-04
   147.6      0.2984E-04
   147.7      0.2964E-04
   147.8      0.2938E-04
   147.9      0.2908E-04
   148.0      0.2874E-04
   148.1      0.2836E-04
   148.2      0.2794E-04
   148.3      0.2750E-04
   148.4      0.2704E-04
   148.5      0.2655E-04
   148.6      0.2605E-04
   148.7      0.2555E-04
   148.8      0.2504E-04
   148.9      0.2454E-04
   149.0      0.2405E-04
   149.1      0.2357E-04
   149.2      0.2311E-04
   149.3      0.2269E-04
   149.4      0.2229E-04
   149.5      0.2193E-04
   149.6      0.2160E-04
   149.7      0.2133E-04
   149.8      0.2109E-04
   149.9      0.2091E-04
   150.0      0.2078E-04
   150.1      0.2071E-04
   150.2      0.2068E-04
   150.3      0.2072E-04
   150.4      0.2080E-04
   150.5      0.2094E-04
   150.6      0.2113E-04
   150.7      0.2137E-04
   150.8      0.2166E-04
   150.9      0.2199E-04
   151.0      0.2236E-04
   151.1      0.2277E-04
   151.2      0.2320E-04
   151.3      0.2366E-04
   151.4      0.2414E-04
   151.5      0.2464E-04
   151.6      0.2515E-04
   151.7      0.2565E-04
   151.8      0.2616E-04
   151.9      0.2666E-04
   152.0      0.2714E-04
   152.1      0.2761E-04
   152.2      0.2805E-04
   152.3      0.2845E-04
   152.4      0.2883E-04
   152.5      0.2916E-04
   152.6      0.2946E-04
   152.7      0.2971E-04
   152.8      0.2991E-04
   152.9      0.3006E-04
   153.0      0.3015E-04
   153.1      0.3020E-04
   153.2      0.3019E-04
   153.3      0.3013E-04
   153.4      0.3002E-04
   153.5      0.2985E-04
   153.6      0.2964E-04
   153.7      0.2939E-04
   153.8      0.2909E-04
   153.9      0.2876E-04
   154.0      0.2840E-04
   154.1      0.2801E-04
   154.2      0.2759E-04
   154.3      0.2716E-04
   154.4      0.2672E-04
   154.5      0.2627E-04
   154.6      0.2582E-04
   154.7      0.2538E-04
   154.8      0.2496E-04
   154.9      0.2455E-04
   155.0      0.2416E-04
   155.1      0.2381E-04
   155.2      0.2349E-04
   155.3      0.2322E-04
   155.4      0.2298E-04
   155.5      0.2280E-04
   155.6      0.2267E-04
   155.7      0.2259E-04
   155.8      0.2257E-04
   155.9      0.2261E-04
   156.0      0.2270E-04
   156.1      0.2286E-04
   156.2      0.2307E-04
   156.3      0.2335E-04
   156.4      0.2368E-04
   156.5      0.2406E-04
   156.6      0.2449E-04
   156.7      0.2497E-04
   156.8      0.2550E-04
   156.9      0.2606E-04
   157.0      0.2665E-04
   157.1      0.2727E-04
   157.2      0.2791E-04
   157.3      0.2857E-04
   157.4      0.2924E-04
   157.5      0.2991E-04
   157.6      0.3057E-04
   157.7      0.3123E-04
   157.8      0.3187E-04
   157.9      0.3249E-04
   158.0      0.3308E-04
   158.1      0.3363E-04
   158.2      0.3415E-04
   158.3      0.3463E-04
   158.4      0.3506E-04
   158.5      0.3543E-04
   158.6      0.3576E-04
   158.7      0.3603E-04
   158.8      0.3624E-04
   158.9      0.3639E-04
   159.0      0.3649E-04
   159.1      0.3653E-04
   159.2      0.3651E-04
   159.3      0.3644E-04
   159.4      0.3632E-04
   159.5      0.3614E-04
   159.6      0.3593E-04
   159.7      0.3567E-04
   159.8      0.3538E-04
   159.9      0.3506E-04
   160.0      0.3472E-04
   160.1      0.3436E-04
   160.2      0.3400E-04
   160.3      0.3362E-04
   160.4      0.3325E-04
   160.5      0.3289E-04
   160.6      0.3255E-04
   160.7      0.3223E-04
   160.8      0.3194E-04
   160.9      0.3169E-04
   161.0      0.3148E-04
   161.1      0.3131E-04
   161.2      0.3120E-04
   161.3      0.3114E-04
   161.4      0.3115E-04
   161.5      0.3121E-04
   161.6      0.3134E-04
   161.7      0.3154E-04
   161.8      0.3180E-04
   161.9      0.3214E-04
   162.0      0.3253E-04
   162.1      0.3300E-04
   162.2      0.3352E-04
   162.3      0.3411E-04
   162.4      0.3475E-04
   162.5      0.3544E-04
   162.6      0.3617E-04
   162.7      0.3695E-04
   162.8      0.3776E-04
   162.9      0.3860E-04
   163.0      0.3946E-04
   163.1      0.4033E-04
   163.2      0.4121E-04
   163.3      0.4209E-04
   163.4      0.4296E-04
   163.5      0.4382E-04
   163.6      0.4464E-04
   163.7      0.4544E-04
   163.8      0.4621E-04
   163.9      0.4693E-04
   164.0      0.4760E-04
   164.1      0.4821E-04
   164.2      0.4877E-04
   164.3      0.4927E-04
   164.4      0.4970E-04
   164.5      0.5007E-04
   164.6      0.5037E-04
   164.7      0.5060E-04
   164.8      0.5076E-04
   164.9      0.5086E-04
   165.0      0.5089E-04
   165.1      0.5087E-04
   165.2      0.5078E-04
   165.3      0.5065E-04
   165.4      0.5047E-04
   165.5      0.5026E-04
   165.6      0.5001E-04
   165.7      0.4974E-04
   165.8      0.4945E-04
   165.9      0.4916E-04
   166.0      0.4887E-04
   166.1      0.4859E-04
   166.2      0.4834E-04
   166.3      0.4811E-04
   166.4      0.4793E-04
   166.5      0.4779E-04
   166.6      0.4772E-04
   166.7      0.4771E-04
   166.8      0.4778E-04
   166.9      0.4793E-04
   167.0      0.4818E-04
   167.1      0.4851E-04
   167.2      0.4895E-04
   167.3      0.4950E-04
   167.4      0.5015E-04
   167.5      0.5092E-04
   167.6      0.5179E-04
   167.7      0.5278E-04
   167.8      0.5388E-04
   167.9      0.5509E-04
   168.0      0.5640E-04
   168.1      0.5781E-04
   168.2      0.5932E-04
   168.3      0.6092E-04
   168.4      0.6259E-04
   168.5      0.6434E-04
   168.6      0.6616E-04
   168.7      0.6802E-04
   168.8      0.6993E-04
   168.9      0.7187E-04
   169.0      0.7383E-04
   169.1      0.7579E-04
   169.2      0.7775E-04
   169.3      0.7969E-04
   169.4      0.8160E-04
   169.5      0.8346E-04
   169.6      0.8527E-04
   169.7      0.8702E-04
   169.8      0.8868E-04
   169.9      0.9026E-04
   170.0      0.9174E-04
   170.1      0.9311E-04
   170.2      0.9437E-04
   170.3      0.9551E-04
   170.4      0.9652E-04
   170.5      0.9739E-04
   170.6      0.9814E-04
   170.7      0.9874E-04
   170.8      0.9920E-04
   170.9      0.9953E-04
   171.0      0.9972E-04
   171.1      0.9977E-04
   171.2      0.9970E-04
   171.3      0.9950E-04
   171.4      0.9919E-04
   171.5      0.9876E-04
   171.6      0.9823E-04
   171.7      0.9762E-04
   171.8      0.9692E-04
   171.9      0.9615E-04
   172.0      0.9532E-04
   172.1      0.9444E-04
   172.2      0.9354E-04
   172.3      0.9261E-04
   172.4      0.9167E-04
   172.5      0.9074E-04
   172.6      0.8982E-04
   172.7      0.8894E-04
   172.8      0.8809E-04
   172.9      0.8730E-04
   173.0      0.8656E-04
   173.1      0.8590E-04
   173.2      0.8532E-04
   173.3      0.8483E-04
   173.4      0.8442E-04
   173.5      0.8412E-04
   173.6      0.8392E-04
   173.7      0.8383E-04
   173.8      0.8383E-04
   173.9      0.8395E-04
   174.0      0.8417E-04
   174.1      0.8448E-04
   174.2      0.8490E-04
   174.3      0.8540E-04
   174.4      0.8599E-04
   174.5      0.8665E-04
   174.6      0.8737E-04
   174.7      0.8815E-04
   174.8      0.8898E-04
   174.9      0.8983E-04
   175.0      0.9070E-04
   175.1      0.9158E-04
   175.2      0.9245E-04
   175.3      0.9330E-04
   175.4      0.9411E-04
   175.5      0.9487E-04
   175.6      0.9556E-04
   175.7      0.9618E-04
   175.8      0.9671E-04
   175.9      0.9713E-04
   176.0      0.9744E-04
   176.1      0.9763E-04
   176.2      0.9768E-04
   176.3      0.9759E-04
   176.4      0.9735E-04
   176.5      0.9695E-04
   176.6      0.9640E-04
   176.7      0.9569E-04
   176.8      0.9481E-04
   176.9      0.9377E-04
   177.0      0.9257E-04
   177.1      0.9121E-04
   177.2      0.8971E-04
   177.3      0.8806E-04
   177.4      0.8628E-04
   177.5      0.8437E-04
   177.6      0.8235E-04
   177.7      0.8023E-04
   177.8      0.7802E-04
   177.9      0.7573E-04
   178.0      0.7340E-04
   178.1      0.7102E-04
   178.2      0.6862E-04
   178.3      0.6621E-04
   178.4      0.6382E-04
   178.5      0.6146E-04
   178.6      0.5914E-04
   178.7      0.5690E-04
   178.8      0.5474E-04
   178.9      0.5268E-04
   179.0      0.5074E-04
   179.1      0.4893E-04
   179.2      0.4728E-04
   179.3      0.4578E-04
   179.4      0.4446E-04
   179.5      0.4332E-04
   179.6      0.4237E-04
   179.7      0.4163E-04
   179.8      0.4110E-04
   179.9      0.4077E-04
   180.0      0.4067E-04
 END
