#1801 angles,  1 tensor ranks for 0=projectile
@subtitle   "12C(7Li,6Li)13C @ Ed=42 MeV;"                                                  
@legend ON
@legend x1 0.2
@legend y1 0.8
@g0 type LOGY
@yaxis ticklabel format power
@legend string   0 "Lab energy =   42.0000"
#legend string   0 "Partition=  2 Excit=  1 near/far= 1"
#  Theta       sigma       iT11        T20         T21         T22         Kyy for projectile
   0.000       4.121    
  0.1000       4.122    
  0.2000       4.123    
  0.3000       4.125    
  0.4000       4.128    
  0.5000       4.131    
  0.6000       4.136    
  0.7000       4.141    
  0.8000       4.147    
  0.9000       4.153    
   1.000       4.161    
   1.100       4.169    
   1.200       4.178    
   1.300       4.188    
   1.400       4.198    
   1.500       4.209    
   1.600       4.221    
   1.700       4.234    
   1.800       4.247    
   1.900       4.261    
   2.000       4.275    
   2.100       4.291    
   2.200       4.306    
   2.300       4.323    
   2.400       4.339    
   2.500       4.357    
   2.600       4.375    
   2.700       4.393    
   2.800       4.412    
   2.900       4.431    
   3.000       4.451    
   3.100       4.471    
   3.200       4.491    
   3.300       4.512    
   3.400       4.533    
   3.500       4.554    
   3.600       4.576    
   3.700       4.597    
   3.800       4.619    
   3.900       4.641    
   4.000       4.663    
   4.100       4.685    
   4.200       4.707    
   4.300       4.729    
   4.400       4.751    
   4.500       4.773    
   4.600       4.795    
   4.700       4.816    
   4.800       4.837    
   4.900       4.858    
   5.000       4.879    
   5.100       4.899    
   5.200       4.919    
   5.300       4.939    
   5.400       4.958    
   5.500       4.976    
   5.600       4.994    
   5.700       5.011    
   5.800       5.028    
   5.900       5.044    
   6.000       5.059    
   6.100       5.073    
   6.200       5.087    
   6.300       5.099    
   6.400       5.111    
   6.500       5.122    
   6.600       5.132    
   6.700       5.141    
   6.800       5.148    
   6.900       5.155    
   7.000       5.160    
   7.100       5.165    
   7.200       5.168    
   7.300       5.170    
   7.400       5.171    
   7.500       5.170    
   7.600       5.168    
   7.700       5.165    
   7.800       5.160    
   7.900       5.154    
   8.000       5.147    
   8.100       5.138    
   8.200       5.127    
   8.300       5.116    
   8.400       5.103    
   8.500       5.088    
   8.600       5.072    
   8.700       5.054    
   8.800       5.035    
   8.900       5.014    
   9.000       4.992    
   9.100       4.968    
   9.200       4.943    
   9.300       4.916    
   9.400       4.888    
   9.500       4.859    
   9.600       4.828    
   9.700       4.795    
   9.800       4.761    
   9.900       4.726    
   10.00       4.689    
   10.10       4.651    
   10.20       4.611    
   10.30       4.570    
   10.40       4.528    
   10.50       4.485    
   10.60       4.440    
   10.70       4.394    
   10.80       4.347    
   10.90       4.299    
   11.00       4.250    
   11.10       4.200    
   11.20       4.149    
   11.30       4.096    
   11.40       4.043    
   11.50       3.989    
   11.60       3.934    
   11.70       3.879    
   11.80       3.822    
   11.90       3.765    
   12.00       3.707    
   12.10       3.649    
   12.20       3.590    
   12.30       3.531    
   12.40       3.471    
   12.50       3.411    
   12.60       3.351    
   12.70       3.290    
   12.80       3.229    
   12.90       3.168    
   13.00       3.107    
   13.10       3.045    
   13.20       2.984    
   13.30       2.923    
   13.40       2.862    
   13.50       2.801    
   13.60       2.740    
   13.70       2.679    
   13.80       2.619    
   13.90       2.559    
   14.00       2.500    
   14.10       2.441    
   14.20       2.382    
   14.30       2.324    
   14.40       2.267    
   14.50       2.210    
   14.60       2.153    
   14.70       2.098    
   14.80       2.043    
   14.90       1.989    
   15.00       1.936    
   15.10       1.884    
   15.20       1.832    
   15.30       1.781    
   15.40       1.732    
   15.50       1.683    
   15.60       1.635    
   15.70       1.588    
   15.80       1.543    
   15.90       1.498    
   16.00       1.454    
   16.10       1.412    
   16.20       1.370    
   16.30       1.330    
   16.40       1.291    
   16.50       1.252    
   16.60       1.216    
   16.70       1.180    
   16.80       1.145    
   16.90       1.111    
   17.00       1.079    
   17.10       1.048    
   17.20       1.018    
   17.30      0.9886    
   17.40      0.9608    
   17.50      0.9341    
   17.60      0.9085    
   17.70      0.8840    
   17.80      0.8607    
   17.90      0.8384    
   18.00      0.8172    
   18.10      0.7971    
   18.20      0.7780    
   18.30      0.7599    
   18.40      0.7428    
   18.50      0.7268    
   18.60      0.7117    
   18.70      0.6975    
   18.80      0.6843    
   18.90      0.6720    
   19.00      0.6606    
   19.10      0.6500    
   19.20      0.6402    
   19.30      0.6313    
   19.40      0.6231    
   19.50      0.6157    
   19.60      0.6090    
   19.70      0.6030    
   19.80      0.5977    
   19.90      0.5930    
   20.00      0.5890    
   20.10      0.5855    
   20.20      0.5826    
   20.30      0.5802    
   20.40      0.5783    
   20.50      0.5769    
   20.60      0.5759    
   20.70      0.5753    
   20.80      0.5751    
   20.90      0.5753    
   21.00      0.5758    
   21.10      0.5766    
   21.20      0.5776    
   21.30      0.5789    
   21.40      0.5805    
   21.50      0.5822    
   21.60      0.5841    
   21.70      0.5862    
   21.80      0.5883    
   21.90      0.5906    
   22.00      0.5929    
   22.10      0.5953    
   22.20      0.5977    
   22.30      0.6002    
   22.40      0.6026    
   22.50      0.6049    
   22.60      0.6073    
   22.70      0.6095    
   22.80      0.6117    
   22.90      0.6138    
   23.00      0.6157    
   23.10      0.6176    
   23.20      0.6192    
   23.30      0.6208    
   23.40      0.6221    
   23.50      0.6233    
   23.60      0.6242    
   23.70      0.6250    
   23.80      0.6255    
   23.90      0.6258    
   24.00      0.6259    
   24.10      0.6258    
   24.20      0.6254    
   24.30      0.6247    
   24.40      0.6238    
   24.50      0.6227    
   24.60      0.6213    
   24.70      0.6196    
   24.80      0.6176    
   24.90      0.6154    
   25.00      0.6129    
   25.10      0.6102    
   25.20      0.6072    
   25.30      0.6039    
   25.40      0.6004    
   25.50      0.5966    
   25.60      0.5926    
   25.70      0.5883    
   25.80      0.5838    
   25.90      0.5791    
   26.00      0.5741    
   26.10      0.5688    
   26.20      0.5634    
   26.30      0.5577    
   26.40      0.5519    
   26.50      0.5458    
   26.60      0.5395    
   26.70      0.5331    
   26.80      0.5265    
   26.90      0.5197    
   27.00      0.5128    
   27.10      0.5057    
   27.20      0.4985    
   27.30      0.4911    
   27.40      0.4836    
   27.50      0.4761    
   27.60      0.4684    
   27.70      0.4606    
   27.80      0.4527    
   27.90      0.4448    
   28.00      0.4368    
   28.10      0.4288    
   28.20      0.4207    
   28.30      0.4126    
   28.40      0.4045    
   28.50      0.3963    
   28.60      0.3882    
   28.70      0.3800    
   28.80      0.3719    
   28.90      0.3638    
   29.00      0.3558    
   29.10      0.3477    
   29.20      0.3398    
   29.30      0.3318    
   29.40      0.3240    
   29.50      0.3162    
   29.60      0.3085    
   29.70      0.3009    
   29.80      0.2934    
   29.90      0.2860    
   30.00      0.2787    
   30.10      0.2716    
   30.20      0.2645    
   30.30      0.2576    
   30.40      0.2508    
   30.50      0.2441    
   30.60      0.2376    
   30.70      0.2312    
   30.80      0.2250    
   30.90      0.2189    
   31.00      0.2130    
   31.10      0.2072    
   31.20      0.2016    
   31.30      0.1962    
   31.40      0.1909    
   31.50      0.1858    
   31.60      0.1809    
   31.70      0.1761    
   31.80      0.1716    
   31.90      0.1671    
   32.00      0.1629    
   32.10      0.1588    
   32.20      0.1549    
   32.30      0.1512    
   32.40      0.1476    
   32.50      0.1442    
   32.60      0.1409    
   32.70      0.1379    
   32.80      0.1350    
   32.90      0.1322    
   33.00      0.1296    
   33.10      0.1272    
   33.20      0.1249    
   33.30      0.1228    
   33.40      0.1208    
   33.50      0.1190    
   33.60      0.1173    
   33.70      0.1157    
   33.80      0.1143    
   33.90      0.1130    
   34.00      0.1118    
   34.10      0.1107    
   34.20      0.1098    
   34.30      0.1090    
   34.40      0.1082    
   34.50      0.1076    
   34.60      0.1071    
   34.70      0.1067    
   34.80      0.1064    
   34.90      0.1061    
   35.00      0.1059    
   35.10      0.1059    
   35.20      0.1058    
   35.30      0.1059    
   35.40      0.1060    
   35.50      0.1062    
   35.60      0.1064    
   35.70      0.1067    
   35.80      0.1070    
   35.90      0.1073    
   36.00      0.1077    
   36.10      0.1082    
   36.20      0.1086    
   36.30      0.1091    
   36.40      0.1096    
   36.50      0.1101    
   36.60      0.1106    
   36.70      0.1111    
   36.80      0.1117    
   36.90      0.1122    
   37.00      0.1127    
   37.10      0.1132    
   37.20      0.1138    
   37.30      0.1143    
   37.40      0.1147    
   37.50      0.1152    
   37.60      0.1156    
   37.70      0.1161    
   37.80      0.1165    
   37.90      0.1168    
   38.00      0.1172    
   38.10      0.1175    
   38.20      0.1177    
   38.30      0.1180    
   38.40      0.1182    
   38.50      0.1183    
   38.60      0.1184    
   38.70      0.1185    
   38.80      0.1185    
   38.90      0.1185    
   39.00      0.1184    
   39.10      0.1183    
   39.20      0.1182    
   39.30      0.1180    
   39.40      0.1177    
   39.50      0.1174    
   39.60      0.1171    
   39.70      0.1167    
   39.80      0.1162    
   39.90      0.1157    
   40.00      0.1152    
   40.10      0.1146    
   40.20      0.1140    
   40.30      0.1133    
   40.40      0.1126    
   40.50      0.1118    
   40.60      0.1110    
   40.70      0.1102    
   40.80      0.1093    
   40.90      0.1083    
   41.00      0.1073    
   41.10      0.1063    
   41.20      0.1053    
   41.30      0.1042    
   41.40      0.1031    
   41.50      0.1019    
   41.60      0.1007    
   41.70      0.9951E-01
   41.80      0.9826E-01
   41.90      0.9699E-01
   42.00      0.9569E-01
   42.10      0.9437E-01
   42.20      0.9302E-01
   42.30      0.9166E-01
   42.40      0.9027E-01
   42.50      0.8887E-01
   42.60      0.8745E-01
   42.70      0.8601E-01
   42.80      0.8457E-01
   42.90      0.8311E-01
   43.00      0.8164E-01
   43.10      0.8017E-01
   43.20      0.7869E-01
   43.30      0.7721E-01
   43.40      0.7572E-01
   43.50      0.7423E-01
   43.60      0.7274E-01
   43.70      0.7126E-01
   43.80      0.6977E-01
   43.90      0.6830E-01
   44.00      0.6683E-01
   44.10      0.6536E-01
   44.20      0.6391E-01
   44.30      0.6247E-01
   44.40      0.6104E-01
   44.50      0.5962E-01
   44.60      0.5821E-01
   44.70      0.5683E-01
   44.80      0.5546E-01
   44.90      0.5410E-01
   45.00      0.5277E-01
   45.10      0.5145E-01
   45.20      0.5016E-01
   45.30      0.4889E-01
   45.40      0.4764E-01
   45.50      0.4642E-01
   45.60      0.4522E-01
   45.70      0.4404E-01
   45.80      0.4289E-01
   45.90      0.4177E-01
   46.00      0.4068E-01
   46.10      0.3961E-01
   46.20      0.3857E-01
   46.30      0.3756E-01
   46.40      0.3657E-01
   46.50      0.3562E-01
   46.60      0.3470E-01
   46.70      0.3380E-01
   46.80      0.3294E-01
   46.90      0.3211E-01
   47.00      0.3130E-01
   47.10      0.3053E-01
   47.20      0.2979E-01
   47.30      0.2907E-01
   47.40      0.2839E-01
   47.50      0.2774E-01
   47.60      0.2711E-01
   47.70      0.2652E-01
   47.80      0.2596E-01
   47.90      0.2542E-01
   48.00      0.2492E-01
   48.10      0.2444E-01
   48.20      0.2399E-01
   48.30      0.2357E-01
   48.40      0.2317E-01
   48.50      0.2281E-01
   48.60      0.2247E-01
   48.70      0.2215E-01
   48.80      0.2186E-01
   48.90      0.2160E-01
   49.00      0.2135E-01
   49.10      0.2114E-01
   49.20      0.2094E-01
   49.30      0.2077E-01
   49.40      0.2061E-01
   49.50      0.2048E-01
   49.60      0.2037E-01
   49.70      0.2028E-01
   49.80      0.2021E-01
   49.90      0.2015E-01
   50.00      0.2011E-01
   50.10      0.2009E-01
   50.20      0.2008E-01
   50.30      0.2009E-01
   50.40      0.2011E-01
   50.50      0.2015E-01
   50.60      0.2019E-01
   50.70      0.2025E-01
   50.80      0.2032E-01
   50.90      0.2040E-01
   51.00      0.2049E-01
   51.10      0.2059E-01
   51.20      0.2069E-01
   51.30      0.2080E-01
   51.40      0.2092E-01
   51.50      0.2104E-01
   51.60      0.2117E-01
   51.70      0.2130E-01
   51.80      0.2144E-01
   51.90      0.2157E-01
   52.00      0.2171E-01
   52.10      0.2185E-01
   52.20      0.2199E-01
   52.30      0.2214E-01
   52.40      0.2228E-01
   52.50      0.2242E-01
   52.60      0.2255E-01
   52.70      0.2269E-01
   52.80      0.2282E-01
   52.90      0.2295E-01
   53.00      0.2307E-01
   53.10      0.2319E-01
   53.20      0.2331E-01
   53.30      0.2341E-01
   53.40      0.2352E-01
   53.50      0.2362E-01
   53.60      0.2371E-01
   53.70      0.2379E-01
   53.80      0.2387E-01
   53.90      0.2393E-01
   54.00      0.2400E-01
   54.10      0.2405E-01
   54.20      0.2409E-01
   54.30      0.2413E-01
   54.40      0.2416E-01
   54.50      0.2417E-01
   54.60      0.2418E-01
   54.70      0.2418E-01
   54.80      0.2417E-01
   54.90      0.2415E-01
   55.00      0.2412E-01
   55.10      0.2409E-01
   55.20      0.2404E-01
   55.30      0.2398E-01
   55.40      0.2391E-01
   55.50      0.2384E-01
   55.60      0.2375E-01
   55.70      0.2365E-01
   55.80      0.2355E-01
   55.90      0.2343E-01
   56.00      0.2331E-01
   56.10      0.2318E-01
   56.20      0.2303E-01
   56.30      0.2288E-01
   56.40      0.2272E-01
   56.50      0.2256E-01
   56.60      0.2238E-01
   56.70      0.2220E-01
   56.80      0.2201E-01
   56.90      0.2181E-01
   57.00      0.2160E-01
   57.10      0.2139E-01
   57.20      0.2117E-01
   57.30      0.2094E-01
   57.40      0.2071E-01
   57.50      0.2047E-01
   57.60      0.2022E-01
   57.70      0.1997E-01
   57.80      0.1972E-01
   57.90      0.1946E-01
   58.00      0.1919E-01
   58.10      0.1893E-01
   58.20      0.1865E-01
   58.30      0.1838E-01
   58.40      0.1810E-01
   58.50      0.1782E-01
   58.60      0.1753E-01
   58.70      0.1724E-01
   58.80      0.1695E-01
   58.90      0.1666E-01
   59.00      0.1637E-01
   59.10      0.1608E-01
   59.20      0.1579E-01
   59.30      0.1549E-01
   59.40      0.1520E-01
   59.50      0.1490E-01
   59.60      0.1461E-01
   59.70      0.1432E-01
   59.80      0.1402E-01
   59.90      0.1373E-01
   60.00      0.1344E-01
   60.10      0.1316E-01
   60.20      0.1287E-01
   60.30      0.1259E-01
   60.40      0.1231E-01
   60.50      0.1203E-01
   60.60      0.1175E-01
   60.70      0.1148E-01
   60.80      0.1121E-01
   60.90      0.1095E-01
   61.00      0.1069E-01
   61.10      0.1043E-01
   61.20      0.1018E-01
   61.30      0.9929E-02
   61.40      0.9684E-02
   61.50      0.9445E-02
   61.60      0.9210E-02
   61.70      0.8979E-02
   61.80      0.8754E-02
   61.90      0.8534E-02
   62.00      0.8319E-02
   62.10      0.8110E-02
   62.20      0.7905E-02
   62.30      0.7706E-02
   62.40      0.7513E-02
   62.50      0.7325E-02
   62.60      0.7143E-02
   62.70      0.6966E-02
   62.80      0.6795E-02
   62.90      0.6630E-02
   63.00      0.6470E-02
   63.10      0.6317E-02
   63.20      0.6169E-02
   63.30      0.6026E-02
   63.40      0.5889E-02
   63.50      0.5758E-02
   63.60      0.5633E-02
   63.70      0.5513E-02
   63.80      0.5399E-02
   63.90      0.5291E-02
   64.00      0.5187E-02
   64.10      0.5090E-02
   64.20      0.4997E-02
   64.30      0.4910E-02
   64.40      0.4828E-02
   64.50      0.4751E-02
   64.60      0.4680E-02
   64.70      0.4613E-02
   64.80      0.4551E-02
   64.90      0.4494E-02
   65.00      0.4441E-02
   65.10      0.4393E-02
   65.20      0.4349E-02
   65.30      0.4310E-02
   65.40      0.4275E-02
   65.50      0.4244E-02
   65.60      0.4217E-02
   65.70      0.4194E-02
   65.80      0.4174E-02
   65.90      0.4158E-02
   66.00      0.4146E-02
   66.10      0.4137E-02
   66.20      0.4131E-02
   66.30      0.4128E-02
   66.40      0.4128E-02
   66.50      0.4131E-02
   66.60      0.4136E-02
   66.70      0.4144E-02
   66.80      0.4154E-02
   66.90      0.4167E-02
   67.00      0.4181E-02
   67.10      0.4198E-02
   67.20      0.4216E-02
   67.30      0.4236E-02
   67.40      0.4258E-02
   67.50      0.4281E-02
   67.60      0.4305E-02
   67.70      0.4331E-02
   67.80      0.4358E-02
   67.90      0.4385E-02
   68.00      0.4413E-02
   68.10      0.4442E-02
   68.20      0.4472E-02
   68.30      0.4502E-02
   68.40      0.4532E-02
   68.50      0.4562E-02
   68.60      0.4593E-02
   68.70      0.4623E-02
   68.80      0.4654E-02
   68.90      0.4684E-02
   69.00      0.4714E-02
   69.10      0.4743E-02
   69.20      0.4772E-02
   69.30      0.4800E-02
   69.40      0.4828E-02
   69.50      0.4855E-02
   69.60      0.4880E-02
   69.70      0.4905E-02
   69.80      0.4929E-02
   69.90      0.4952E-02
   70.00      0.4974E-02
   70.10      0.4994E-02
   70.20      0.5013E-02
   70.30      0.5031E-02
   70.40      0.5047E-02
   70.50      0.5062E-02
   70.60      0.5076E-02
   70.70      0.5088E-02
   70.80      0.5098E-02
   70.90      0.5107E-02
   71.00      0.5114E-02
   71.10      0.5119E-02
   71.20      0.5122E-02
   71.30      0.5124E-02
   71.40      0.5124E-02
   71.50      0.5123E-02
   71.60      0.5119E-02
   71.70      0.5114E-02
   71.80      0.5107E-02
   71.90      0.5098E-02
   72.00      0.5087E-02
   72.10      0.5074E-02
   72.20      0.5060E-02
   72.30      0.5044E-02
   72.40      0.5026E-02
   72.50      0.5006E-02
   72.60      0.4984E-02
   72.70      0.4961E-02
   72.80      0.4936E-02
   72.90      0.4910E-02
   73.00      0.4881E-02
   73.10      0.4851E-02
   73.20      0.4819E-02
   73.30      0.4786E-02
   73.40      0.4752E-02
   73.50      0.4715E-02
   73.60      0.4677E-02
   73.70      0.4638E-02
   73.80      0.4598E-02
   73.90      0.4556E-02
   74.00      0.4513E-02
   74.10      0.4468E-02
   74.20      0.4422E-02
   74.30      0.4376E-02
   74.40      0.4328E-02
   74.50      0.4279E-02
   74.60      0.4229E-02
   74.70      0.4178E-02
   74.80      0.4126E-02
   74.90      0.4073E-02
   75.00      0.4020E-02
   75.10      0.3966E-02
   75.20      0.3911E-02
   75.30      0.3855E-02
   75.40      0.3799E-02
   75.50      0.3743E-02
   75.60      0.3686E-02
   75.70      0.3628E-02
   75.80      0.3570E-02
   75.90      0.3512E-02
   76.00      0.3454E-02
   76.10      0.3396E-02
   76.20      0.3337E-02
   76.30      0.3278E-02
   76.40      0.3220E-02
   76.50      0.3161E-02
   76.60      0.3103E-02
   76.70      0.3044E-02
   76.80      0.2986E-02
   76.90      0.2928E-02
   77.00      0.2870E-02
   77.10      0.2813E-02
   77.20      0.2756E-02
   77.30      0.2700E-02
   77.40      0.2644E-02
   77.50      0.2588E-02
   77.60      0.2533E-02
   77.70      0.2479E-02
   77.80      0.2425E-02
   77.90      0.2372E-02
   78.00      0.2319E-02
   78.10      0.2268E-02
   78.20      0.2217E-02
   78.30      0.2166E-02
   78.40      0.2117E-02
   78.50      0.2069E-02
   78.60      0.2021E-02
   78.70      0.1974E-02
   78.80      0.1929E-02
   78.90      0.1884E-02
   79.00      0.1840E-02
   79.10      0.1797E-02
   79.20      0.1755E-02
   79.30      0.1714E-02
   79.40      0.1674E-02
   79.50      0.1636E-02
   79.60      0.1598E-02
   79.70      0.1561E-02
   79.80      0.1526E-02
   79.90      0.1491E-02
   80.00      0.1458E-02
   80.10      0.1425E-02
   80.20      0.1394E-02
   80.30      0.1364E-02
   80.40      0.1335E-02
   80.50      0.1307E-02
   80.60      0.1280E-02
   80.70      0.1254E-02
   80.80      0.1229E-02
   80.90      0.1206E-02
   81.00      0.1183E-02
   81.10      0.1161E-02
   81.20      0.1141E-02
   81.30      0.1122E-02
   81.40      0.1103E-02
   81.50      0.1086E-02
   81.60      0.1069E-02
   81.70      0.1054E-02
   81.80      0.1039E-02
   81.90      0.1026E-02
   82.00      0.1013E-02
   82.10      0.1001E-02
   82.20      0.9906E-03
   82.30      0.9807E-03
   82.40      0.9717E-03
   82.50      0.9635E-03
   82.60      0.9561E-03
   82.70      0.9495E-03
   82.80      0.9437E-03
   82.90      0.9386E-03
   83.00      0.9342E-03
   83.10      0.9306E-03
   83.20      0.9277E-03
   83.30      0.9254E-03
   83.40      0.9237E-03
   83.50      0.9227E-03
   83.60      0.9222E-03
   83.70      0.9223E-03
   83.80      0.9230E-03
   83.90      0.9241E-03
   84.00      0.9258E-03
   84.10      0.9279E-03
   84.20      0.9304E-03
   84.30      0.9334E-03
   84.40      0.9368E-03
   84.50      0.9405E-03
   84.60      0.9445E-03
   84.70      0.9489E-03
   84.80      0.9536E-03
   84.90      0.9585E-03
   85.00      0.9637E-03
   85.10      0.9691E-03
   85.20      0.9746E-03
   85.30      0.9804E-03
   85.40      0.9863E-03
   85.50      0.9924E-03
   85.60      0.9985E-03
   85.70      0.1005E-02
   85.80      0.1011E-02
   85.90      0.1017E-02
   86.00      0.1024E-02
   86.10      0.1030E-02
   86.20      0.1037E-02
   86.30      0.1043E-02
   86.40      0.1049E-02
   86.50      0.1055E-02
   86.60      0.1061E-02
   86.70      0.1067E-02
   86.80      0.1073E-02
   86.90      0.1079E-02
   87.00      0.1085E-02
   87.10      0.1090E-02
   87.20      0.1095E-02
   87.30      0.1100E-02
   87.40      0.1105E-02
   87.50      0.1110E-02
   87.60      0.1114E-02
   87.70      0.1118E-02
   87.80      0.1122E-02
   87.90      0.1126E-02
   88.00      0.1129E-02
   88.10      0.1132E-02
   88.20      0.1135E-02
   88.30      0.1137E-02
   88.40      0.1139E-02
   88.50      0.1141E-02
   88.60      0.1143E-02
   88.70      0.1144E-02
   88.80      0.1145E-02
   88.90      0.1145E-02
   89.00      0.1146E-02
   89.10      0.1145E-02
   89.20      0.1145E-02
   89.30      0.1144E-02
   89.40      0.1143E-02
   89.50      0.1141E-02
   89.60      0.1139E-02
   89.70      0.1137E-02
   89.80      0.1134E-02
   89.90      0.1131E-02
   90.00      0.1128E-02
   90.10      0.1124E-02
   90.20      0.1120E-02
   90.30      0.1116E-02
   90.40      0.1111E-02
   90.50      0.1106E-02
   90.60      0.1101E-02
   90.70      0.1095E-02
   90.80      0.1089E-02
   90.90      0.1083E-02
   91.00      0.1076E-02
   91.10      0.1069E-02
   91.20      0.1062E-02
   91.30      0.1054E-02
   91.40      0.1046E-02
   91.50      0.1038E-02
   91.60      0.1030E-02
   91.70      0.1021E-02
   91.80      0.1012E-02
   91.90      0.1003E-02
   92.00      0.9939E-03
   92.10      0.9843E-03
   92.20      0.9745E-03
   92.30      0.9644E-03
   92.40      0.9542E-03
   92.50      0.9438E-03
   92.60      0.9332E-03
   92.70      0.9224E-03
   92.80      0.9114E-03
   92.90      0.9004E-03
   93.00      0.8891E-03
   93.10      0.8778E-03
   93.20      0.8663E-03
   93.30      0.8547E-03
   93.40      0.8430E-03
   93.50      0.8313E-03
   93.60      0.8194E-03
   93.70      0.8075E-03
   93.80      0.7955E-03
   93.90      0.7835E-03
   94.00      0.7714E-03
   94.10      0.7593E-03
   94.20      0.7472E-03
   94.30      0.7351E-03
   94.40      0.7230E-03
   94.50      0.7109E-03
   94.60      0.6988E-03
   94.70      0.6867E-03
   94.80      0.6747E-03
   94.90      0.6627E-03
   95.00      0.6508E-03
   95.10      0.6389E-03
   95.20      0.6271E-03
   95.30      0.6154E-03
   95.40      0.6038E-03
   95.50      0.5923E-03
   95.60      0.5808E-03
   95.70      0.5695E-03
   95.80      0.5583E-03
   95.90      0.5472E-03
   96.00      0.5363E-03
   96.10      0.5254E-03
   96.20      0.5148E-03
   96.30      0.5042E-03
   96.40      0.4938E-03
   96.50      0.4836E-03
   96.60      0.4735E-03
   96.70      0.4636E-03
   96.80      0.4539E-03
   96.90      0.4443E-03
   97.00      0.4349E-03
   97.10      0.4257E-03
   97.20      0.4167E-03
   97.30      0.4078E-03
   97.40      0.3992E-03
   97.50      0.3907E-03
   97.60      0.3824E-03
   97.70      0.3743E-03
   97.80      0.3665E-03
   97.90      0.3588E-03
   98.00      0.3513E-03
   98.10      0.3440E-03
   98.20      0.3370E-03
   98.30      0.3301E-03
   98.40      0.3234E-03
   98.50      0.3170E-03
   98.60      0.3107E-03
   98.70      0.3046E-03
   98.80      0.2988E-03
   98.90      0.2931E-03
   99.00      0.2877E-03
   99.10      0.2825E-03
   99.20      0.2774E-03
   99.30      0.2726E-03
   99.40      0.2679E-03
   99.50      0.2635E-03
   99.60      0.2592E-03
   99.70      0.2552E-03
   99.80      0.2513E-03
   99.90      0.2476E-03
   100.0      0.2441E-03
   100.1      0.2408E-03
   100.2      0.2377E-03
   100.3      0.2348E-03
   100.4      0.2320E-03
   100.5      0.2294E-03
   100.6      0.2270E-03
   100.7      0.2248E-03
   100.8      0.2227E-03
   100.9      0.2207E-03
   101.0      0.2190E-03
   101.1      0.2174E-03
   101.2      0.2159E-03
   101.3      0.2146E-03
   101.4      0.2135E-03
   101.5      0.2124E-03
   101.6      0.2116E-03
   101.7      0.2108E-03
   101.8      0.2102E-03
   101.9      0.2097E-03
   102.0      0.2093E-03
   102.1      0.2091E-03
   102.2      0.2090E-03
   102.3      0.2089E-03
   102.4      0.2090E-03
   102.5      0.2092E-03
   102.6      0.2095E-03
   102.7      0.2098E-03
   102.8      0.2103E-03
   102.9      0.2109E-03
   103.0      0.2115E-03
   103.1      0.2122E-03
   103.2      0.2130E-03
   103.3      0.2138E-03
   103.4      0.2147E-03
   103.5      0.2157E-03
   103.6      0.2167E-03
   103.7      0.2178E-03
   103.8      0.2189E-03
   103.9      0.2200E-03
   104.0      0.2212E-03
   104.1      0.2225E-03
   104.2      0.2237E-03
   104.3      0.2250E-03
   104.4      0.2264E-03
   104.5      0.2277E-03
   104.6      0.2290E-03
   104.7      0.2304E-03
   104.8      0.2318E-03
   104.9      0.2332E-03
   105.0      0.2345E-03
   105.1      0.2359E-03
   105.2      0.2373E-03
   105.3      0.2386E-03
   105.4      0.2400E-03
   105.5      0.2413E-03
   105.6      0.2426E-03
   105.7      0.2439E-03
   105.8      0.2452E-03
   105.9      0.2464E-03
   106.0      0.2476E-03
   106.1      0.2488E-03
   106.2      0.2499E-03
   106.3      0.2510E-03
   106.4      0.2521E-03
   106.5      0.2531E-03
   106.6      0.2540E-03
   106.7      0.2550E-03
   106.8      0.2558E-03
   106.9      0.2567E-03
   107.0      0.2574E-03
   107.1      0.2581E-03
   107.2      0.2588E-03
   107.3      0.2594E-03
   107.4      0.2599E-03
   107.5      0.2604E-03
   107.6      0.2608E-03
   107.7      0.2611E-03
   107.8      0.2614E-03
   107.9      0.2616E-03
   108.0      0.2617E-03
   108.1      0.2618E-03
   108.2      0.2618E-03
   108.3      0.2617E-03
   108.4      0.2616E-03
   108.5      0.2614E-03
   108.6      0.2611E-03
   108.7      0.2608E-03
   108.8      0.2604E-03
   108.9      0.2599E-03
   109.0      0.2593E-03
   109.1      0.2587E-03
   109.2      0.2580E-03
   109.3      0.2572E-03
   109.4      0.2564E-03
   109.5      0.2555E-03
   109.6      0.2545E-03
   109.7      0.2535E-03
   109.8      0.2524E-03
   109.9      0.2512E-03
   110.0      0.2499E-03
   110.1      0.2486E-03
   110.2      0.2473E-03
   110.3      0.2459E-03
   110.4      0.2444E-03
   110.5      0.2428E-03
   110.6      0.2412E-03
   110.7      0.2396E-03
   110.8      0.2379E-03
   110.9      0.2361E-03
   111.0      0.2343E-03
   111.1      0.2324E-03
   111.2      0.2305E-03
   111.3      0.2286E-03
   111.4      0.2266E-03
   111.5      0.2245E-03
   111.6      0.2225E-03
   111.7      0.2203E-03
   111.8      0.2182E-03
   111.9      0.2160E-03
   112.0      0.2138E-03
   112.1      0.2115E-03
   112.2      0.2092E-03
   112.3      0.2069E-03
   112.4      0.2046E-03
   112.5      0.2022E-03
   112.6      0.1999E-03
   112.7      0.1975E-03
   112.8      0.1951E-03
   112.9      0.1926E-03
   113.0      0.1902E-03
   113.1      0.1877E-03
   113.2      0.1853E-03
   113.3      0.1828E-03
   113.4      0.1803E-03
   113.5      0.1778E-03
   113.6      0.1753E-03
   113.7      0.1728E-03
   113.8      0.1703E-03
   113.9      0.1678E-03
   114.0      0.1653E-03
   114.1      0.1628E-03
   114.2      0.1603E-03
   114.3      0.1578E-03
   114.4      0.1554E-03
   114.5      0.1529E-03
   114.6      0.1505E-03
   114.7      0.1480E-03
   114.8      0.1456E-03
   114.9      0.1432E-03
   115.0      0.1408E-03
   115.1      0.1384E-03
   115.2      0.1360E-03
   115.3      0.1336E-03
   115.4      0.1313E-03
   115.5      0.1290E-03
   115.6      0.1267E-03
   115.7      0.1244E-03
   115.8      0.1222E-03
   115.9      0.1200E-03
   116.0      0.1177E-03
   116.1      0.1156E-03
   116.2      0.1134E-03
   116.3      0.1113E-03
   116.4      0.1092E-03
   116.5      0.1071E-03
   116.6      0.1051E-03
   116.7      0.1031E-03
   116.8      0.1011E-03
   116.9      0.9911E-04
   117.0      0.9718E-04
   117.1      0.9529E-04
   117.2      0.9342E-04
   117.3      0.9159E-04
   117.4      0.8979E-04
   117.5      0.8803E-04
   117.6      0.8629E-04
   117.7      0.8460E-04
   117.8      0.8293E-04
   117.9      0.8130E-04
   118.0      0.7971E-04
   118.1      0.7815E-04
   118.2      0.7663E-04
   118.3      0.7515E-04
   118.4      0.7370E-04
   118.5      0.7228E-04
   118.6      0.7091E-04
   118.7      0.6957E-04
   118.8      0.6827E-04
   118.9      0.6701E-04
   119.0      0.6578E-04
   119.1      0.6459E-04
   119.2      0.6344E-04
   119.3      0.6233E-04
   119.4      0.6125E-04
   119.5      0.6021E-04
   119.6      0.5921E-04
   119.7      0.5825E-04
   119.8      0.5732E-04
   119.9      0.5643E-04
   120.0      0.5558E-04
   120.1      0.5477E-04
   120.2      0.5399E-04
   120.3      0.5324E-04
   120.4      0.5253E-04
   120.5      0.5186E-04
   120.6      0.5122E-04
   120.7      0.5062E-04
   120.8      0.5005E-04
   120.9      0.4951E-04
   121.0      0.4901E-04
   121.1      0.4854E-04
   121.2      0.4810E-04
   121.3      0.4769E-04
   121.4      0.4731E-04
   121.5      0.4696E-04
   121.6      0.4664E-04
   121.7      0.4635E-04
   121.8      0.4609E-04
   121.9      0.4585E-04
   122.0      0.4564E-04
   122.1      0.4546E-04
   122.2      0.4530E-04
   122.3      0.4516E-04
   122.4      0.4505E-04
   122.5      0.4496E-04
   122.6      0.4490E-04
   122.7      0.4485E-04
   122.8      0.4483E-04
   122.9      0.4482E-04
   123.0      0.4483E-04
   123.1      0.4486E-04
   123.2      0.4491E-04
   123.3      0.4498E-04
   123.4      0.4506E-04
   123.5      0.4516E-04
   123.6      0.4527E-04
   123.7      0.4539E-04
   123.8      0.4553E-04
   123.9      0.4568E-04
   124.0      0.4584E-04
   124.1      0.4601E-04
   124.2      0.4620E-04
   124.3      0.4639E-04
   124.4      0.4659E-04
   124.5      0.4680E-04
   124.6      0.4702E-04
   124.7      0.4724E-04
   124.8      0.4747E-04
   124.9      0.4771E-04
   125.0      0.4795E-04
   125.1      0.4820E-04
   125.2      0.4846E-04
   125.3      0.4871E-04
   125.4      0.4897E-04
   125.5      0.4924E-04
   125.6      0.4950E-04
   125.7      0.4977E-04
   125.8      0.5004E-04
   125.9      0.5031E-04
   126.0      0.5058E-04
   126.1      0.5085E-04
   126.2      0.5112E-04
   126.3      0.5139E-04
   126.4      0.5166E-04
   126.5      0.5192E-04
   126.6      0.5219E-04
   126.7      0.5245E-04
   126.8      0.5271E-04
   126.9      0.5297E-04
   127.0      0.5322E-04
   127.1      0.5347E-04
   127.2      0.5372E-04
   127.3      0.5396E-04
   127.4      0.5419E-04
   127.5      0.5443E-04
   127.6      0.5465E-04
   127.7      0.5487E-04
   127.8      0.5509E-04
   127.9      0.5529E-04
   128.0      0.5550E-04
   128.1      0.5569E-04
   128.2      0.5588E-04
   128.3      0.5606E-04
   128.4      0.5623E-04
   128.5      0.5640E-04
   128.6      0.5656E-04
   128.7      0.5671E-04
   128.8      0.5685E-04
   128.9      0.5698E-04
   129.0      0.5711E-04
   129.1      0.5722E-04
   129.2      0.5733E-04
   129.3      0.5743E-04
   129.4      0.5752E-04
   129.5      0.5760E-04
   129.6      0.5767E-04
   129.7      0.5773E-04
   129.8      0.5778E-04
   129.9      0.5782E-04
   130.0      0.5785E-04
   130.1      0.5787E-04
   130.2      0.5788E-04
   130.3      0.5788E-04
   130.4      0.5786E-04
   130.5      0.5784E-04
   130.6      0.5781E-04
   130.7      0.5777E-04
   130.8      0.5771E-04
   130.9      0.5765E-04
   131.0      0.5757E-04
   131.1      0.5749E-04
   131.2      0.5739E-04
   131.3      0.5728E-04
   131.4      0.5716E-04
   131.5      0.5703E-04
   131.6      0.5689E-04
   131.7      0.5674E-04
   131.8      0.5657E-04
   131.9      0.5639E-04
   132.0      0.5621E-04
   132.1      0.5601E-04
   132.2      0.5579E-04
   132.3      0.5557E-04
   132.4      0.5534E-04
   132.5      0.5509E-04
   132.6      0.5483E-04
   132.7      0.5456E-04
   132.8      0.5428E-04
   132.9      0.5398E-04
   133.0      0.5368E-04
   133.1      0.5336E-04
   133.2      0.5303E-04
   133.3      0.5269E-04
   133.4      0.5234E-04
   133.5      0.5197E-04
   133.6      0.5160E-04
   133.7      0.5121E-04
   133.8      0.5081E-04
   133.9      0.5040E-04
   134.0      0.4998E-04
   134.1      0.4955E-04
   134.2      0.4911E-04
   134.3      0.4866E-04
   134.4      0.4820E-04
   134.5      0.4773E-04
   134.6      0.4725E-04
   134.7      0.4676E-04
   134.8      0.4626E-04
   134.9      0.4576E-04
   135.0      0.4524E-04
   135.1      0.4472E-04
   135.2      0.4419E-04
   135.3      0.4365E-04
   135.4      0.4311E-04
   135.5      0.4256E-04
   135.6      0.4201E-04
   135.7      0.4145E-04
   135.8      0.4089E-04
   135.9      0.4032E-04
   136.0      0.3975E-04
   136.1      0.3918E-04
   136.2      0.3861E-04
   136.3      0.3803E-04
   136.4      0.3746E-04
   136.5      0.3688E-04
   136.6      0.3630E-04
   136.7      0.3572E-04
   136.8      0.3515E-04
   136.9      0.3457E-04
   137.0      0.3400E-04
   137.1      0.3343E-04
   137.2      0.3287E-04
   137.3      0.3231E-04
   137.4      0.3175E-04
   137.5      0.3120E-04
   137.6      0.3065E-04
   137.7      0.3011E-04
   137.8      0.2958E-04
   137.9      0.2905E-04
   138.0      0.2853E-04
   138.1      0.2801E-04
   138.2      0.2751E-04
   138.3      0.2701E-04
   138.4      0.2652E-04
   138.5      0.2604E-04
   138.6      0.2556E-04
   138.7      0.2510E-04
   138.8      0.2464E-04
   138.9      0.2420E-04
   139.0      0.2376E-04
   139.1      0.2333E-04
   139.2      0.2291E-04
   139.3      0.2250E-04
   139.4      0.2211E-04
   139.5      0.2171E-04
   139.6      0.2133E-04
   139.7      0.2096E-04
   139.8      0.2060E-04
   139.9      0.2025E-04
   140.0      0.1990E-04
   140.1      0.1957E-04
   140.2      0.1924E-04
   140.3      0.1892E-04
   140.4      0.1861E-04
   140.5      0.1831E-04
   140.6      0.1801E-04
   140.7      0.1773E-04
   140.8      0.1745E-04
   140.9      0.1718E-04
   141.0      0.1691E-04
   141.1      0.1665E-04
   141.2      0.1640E-04
   141.3      0.1616E-04
   141.4      0.1592E-04
   141.5      0.1569E-04
   141.6      0.1546E-04
   141.7      0.1524E-04
   141.8      0.1503E-04
   141.9      0.1482E-04
   142.0      0.1461E-04
   142.1      0.1442E-04
   142.2      0.1422E-04
   142.3      0.1403E-04
   142.4      0.1385E-04
   142.5      0.1367E-04
   142.6      0.1350E-04
   142.7      0.1333E-04
   142.8      0.1316E-04
   142.9      0.1300E-04
   143.0      0.1284E-04
   143.1      0.1269E-04
   143.2      0.1254E-04
   143.3      0.1240E-04
   143.4      0.1226E-04
   143.5      0.1213E-04
   143.6      0.1200E-04
   143.7      0.1187E-04
   143.8      0.1175E-04
   143.9      0.1163E-04
   144.0      0.1152E-04
   144.1      0.1141E-04
   144.2      0.1131E-04
   144.3      0.1121E-04
   144.4      0.1111E-04
   144.5      0.1102E-04
   144.6      0.1093E-04
   144.7      0.1085E-04
   144.8      0.1077E-04
   144.9      0.1070E-04
   145.0      0.1063E-04
   145.1      0.1057E-04
   145.2      0.1051E-04
   145.3      0.1045E-04
   145.4      0.1040E-04
   145.5      0.1035E-04
   145.6      0.1031E-04
   145.7      0.1027E-04
   145.8      0.1024E-04
   145.9      0.1021E-04
   146.0      0.1018E-04
   146.1      0.1016E-04
   146.2      0.1014E-04
   146.3      0.1013E-04
   146.4      0.1012E-04
   146.5      0.1011E-04
   146.6      0.1011E-04
   146.7      0.1011E-04
   146.8      0.1011E-04
   146.9      0.1012E-04
   147.0      0.1013E-04
   147.1      0.1014E-04
   147.2      0.1015E-04
   147.3      0.1017E-04
   147.4      0.1019E-04
   147.5      0.1022E-04
   147.6      0.1025E-04
   147.7      0.1028E-04
   147.8      0.1031E-04
   147.9      0.1034E-04
   148.0      0.1038E-04
   148.1      0.1042E-04
   148.2      0.1046E-04
   148.3      0.1050E-04
   148.4      0.1055E-04
   148.5      0.1060E-04
   148.6      0.1065E-04
   148.7      0.1070E-04
   148.8      0.1076E-04
   148.9      0.1081E-04
   149.0      0.1087E-04
   149.1      0.1093E-04
   149.2      0.1099E-04
   149.3      0.1106E-04
   149.4      0.1112E-04
   149.5      0.1119E-04
   149.6      0.1126E-04
   149.7      0.1133E-04
   149.8      0.1140E-04
   149.9      0.1148E-04
   150.0      0.1155E-04
   150.1      0.1163E-04
   150.2      0.1171E-04
   150.3      0.1179E-04
   150.4      0.1188E-04
   150.5      0.1196E-04
   150.6      0.1205E-04
   150.7      0.1213E-04
   150.8      0.1222E-04
   150.9      0.1231E-04
   151.0      0.1240E-04
   151.1      0.1249E-04
   151.2      0.1259E-04
   151.3      0.1268E-04
   151.4      0.1278E-04
   151.5      0.1287E-04
   151.6      0.1297E-04
   151.7      0.1306E-04
   151.8      0.1316E-04
   151.9      0.1326E-04
   152.0      0.1335E-04
   152.1      0.1345E-04
   152.2      0.1355E-04
   152.3      0.1364E-04
   152.4      0.1374E-04
   152.5      0.1383E-04
   152.6      0.1393E-04
   152.7      0.1402E-04
   152.8      0.1412E-04
   152.9      0.1421E-04
   153.0      0.1430E-04
   153.1      0.1439E-04
   153.2      0.1448E-04
   153.3      0.1456E-04
   153.4      0.1465E-04
   153.5      0.1473E-04
   153.6      0.1482E-04
   153.7      0.1490E-04
   153.8      0.1498E-04
   153.9      0.1505E-04
   154.0      0.1513E-04
   154.1      0.1520E-04
   154.2      0.1527E-04
   154.3      0.1534E-04
   154.4      0.1541E-04
   154.5      0.1547E-04
   154.6      0.1554E-04
   154.7      0.1560E-04
   154.8      0.1566E-04
   154.9      0.1572E-04
   155.0      0.1578E-04
   155.1      0.1583E-04
   155.2      0.1589E-04
   155.3      0.1594E-04
   155.4      0.1599E-04
   155.5      0.1604E-04
   155.6      0.1608E-04
   155.7      0.1613E-04
   155.8      0.1617E-04
   155.9      0.1622E-04
   156.0      0.1626E-04
   156.1      0.1630E-04
   156.2      0.1634E-04
   156.3      0.1638E-04
   156.4      0.1641E-04
   156.5      0.1645E-04
   156.6      0.1648E-04
   156.7      0.1651E-04
   156.8      0.1654E-04
   156.9      0.1657E-04
   157.0      0.1660E-04
   157.1      0.1662E-04
   157.2      0.1665E-04
   157.3      0.1667E-04
   157.4      0.1669E-04
   157.5      0.1670E-04
   157.6      0.1672E-04
   157.7      0.1673E-04
   157.8      0.1674E-04
   157.9      0.1674E-04
   158.0      0.1675E-04
   158.1      0.1674E-04
   158.2      0.1674E-04
   158.3      0.1673E-04
   158.4      0.1671E-04
   158.5      0.1670E-04
   158.6      0.1667E-04
   158.7      0.1664E-04
   158.8      0.1661E-04
   158.9      0.1657E-04
   159.0      0.1653E-04
   159.1      0.1648E-04
   159.2      0.1642E-04
   159.3      0.1636E-04
   159.4      0.1629E-04
   159.5      0.1621E-04
   159.6      0.1613E-04
   159.7      0.1604E-04
   159.8      0.1595E-04
   159.9      0.1584E-04
   160.0      0.1573E-04
   160.1      0.1561E-04
   160.2      0.1549E-04
   160.3      0.1536E-04
   160.4      0.1522E-04
   160.5      0.1507E-04
   160.6      0.1492E-04
   160.7      0.1476E-04
   160.8      0.1459E-04
   160.9      0.1442E-04
   161.0      0.1424E-04
   161.1      0.1406E-04
   161.2      0.1387E-04
   161.3      0.1367E-04
   161.4      0.1347E-04
   161.5      0.1327E-04
   161.6      0.1305E-04
   161.7      0.1284E-04
   161.8      0.1262E-04
   161.9      0.1240E-04
   162.0      0.1218E-04
   162.1      0.1195E-04
   162.2      0.1172E-04
   162.3      0.1149E-04
   162.4      0.1126E-04
   162.5      0.1103E-04
   162.6      0.1079E-04
   162.7      0.1056E-04
   162.8      0.1033E-04
   162.9      0.1010E-04
   163.0      0.9869E-05
   163.1      0.9641E-05
   163.2      0.9417E-05
   163.3      0.9194E-05
   163.4      0.8975E-05
   163.5      0.8760E-05
   163.6      0.8548E-05
   163.7      0.8340E-05
   163.8      0.8137E-05
   163.9      0.7939E-05
   164.0      0.7746E-05
   164.1      0.7558E-05
   164.2      0.7376E-05
   164.3      0.7200E-05
   164.4      0.7029E-05
   164.5      0.6865E-05
   164.6      0.6707E-05
   164.7      0.6555E-05
   164.8      0.6410E-05
   164.9      0.6271E-05
   165.0      0.6139E-05
   165.1      0.6014E-05
   165.2      0.5895E-05
   165.3      0.5784E-05
   165.4      0.5678E-05
   165.5      0.5580E-05
   165.6      0.5488E-05
   165.7      0.5403E-05
   165.8      0.5324E-05
   165.9      0.5252E-05
   166.0      0.5187E-05
   166.1      0.5127E-05
   166.2      0.5075E-05
   166.3      0.5028E-05
   166.4      0.4987E-05
   166.5      0.4953E-05
   166.6      0.4925E-05
   166.7      0.4903E-05
   166.8      0.4886E-05
   166.9      0.4876E-05
   167.0      0.4871E-05
   167.1      0.4873E-05
   167.2      0.4880E-05
   167.3      0.4893E-05
   167.4      0.4911E-05
   167.5      0.4936E-05
   167.6      0.4966E-05
   167.7      0.5003E-05
   167.8      0.5045E-05
   167.9      0.5093E-05
   168.0      0.5147E-05
   168.1      0.5207E-05
   168.2      0.5274E-05
   168.3      0.5346E-05
   168.4      0.5425E-05
   168.5      0.5510E-05
   168.6      0.5601E-05
   168.7      0.5699E-05
   168.8      0.5804E-05
   168.9      0.5915E-05
   169.0      0.6033E-05
   169.1      0.6158E-05
   169.2      0.6290E-05
   169.3      0.6429E-05
   169.4      0.6575E-05
   169.5      0.6728E-05
   169.6      0.6888E-05
   169.7      0.7055E-05
   169.8      0.7229E-05
   169.9      0.7410E-05
   170.0      0.7598E-05
   170.1      0.7793E-05
   170.2      0.7995E-05
   170.3      0.8204E-05
   170.4      0.8420E-05
   170.5      0.8642E-05
   170.6      0.8871E-05
   170.7      0.9106E-05
   170.8      0.9347E-05
   170.9      0.9593E-05
   171.0      0.9846E-05
   171.1      0.1010E-04
   171.2      0.1037E-04
   171.3      0.1063E-04
   171.4      0.1091E-04
   171.5      0.1118E-04
   171.6      0.1146E-04
   171.7      0.1175E-04
   171.8      0.1203E-04
   171.9      0.1232E-04
   172.0      0.1261E-04
   172.1      0.1291E-04
   172.2      0.1320E-04
   172.3      0.1350E-04
   172.4      0.1380E-04
   172.5      0.1409E-04
   172.6      0.1439E-04
   172.7      0.1469E-04
   172.8      0.1499E-04
   172.9      0.1528E-04
   173.0      0.1557E-04
   173.1      0.1587E-04
   173.2      0.1615E-04
   173.3      0.1644E-04
   173.4      0.1672E-04
   173.5      0.1701E-04
   173.6      0.1728E-04
   173.7      0.1755E-04
   173.8      0.1782E-04
   173.9      0.1809E-04
   174.0      0.1835E-04
   174.1      0.1860E-04
   174.2      0.1885E-04
   174.3      0.1910E-04
   174.4      0.1933E-04
   174.5      0.1957E-04
   174.6      0.1980E-04
   174.7      0.2002E-04
   174.8      0.2024E-04
   174.9      0.2045E-04
   175.0      0.2065E-04
   175.1      0.2085E-04
   175.2      0.2105E-04
   175.3      0.2123E-04
   175.4      0.2142E-04
   175.5      0.2159E-04
   175.6      0.2176E-04
   175.7      0.2193E-04
   175.8      0.2209E-04
   175.9      0.2224E-04
   176.0      0.2239E-04
   176.1      0.2253E-04
   176.2      0.2267E-04
   176.3      0.2281E-04
   176.4      0.2294E-04
   176.5      0.2306E-04
   176.6      0.2318E-04
   176.7      0.2330E-04
   176.8      0.2341E-04
   176.9      0.2351E-04
   177.0      0.2362E-04
   177.1      0.2371E-04
   177.2      0.2381E-04
   177.3      0.2390E-04
   177.4      0.2399E-04
   177.5      0.2407E-04
   177.6      0.2415E-04
   177.7      0.2422E-04
   177.8      0.2429E-04
   177.9      0.2436E-04
   178.0      0.2443E-04
   178.1      0.2449E-04
   178.2      0.2455E-04
   178.3      0.2461E-04
   178.4      0.2466E-04
   178.5      0.2471E-04
   178.6      0.2475E-04
   178.7      0.2479E-04
   178.8      0.2483E-04
   178.9      0.2487E-04
   179.0      0.2490E-04
   179.1      0.2493E-04
   179.2      0.2496E-04
   179.3      0.2498E-04
   179.4      0.2500E-04
   179.5      0.2502E-04
   179.6      0.2504E-04
   179.7      0.2505E-04
   179.8      0.2505E-04
   179.9      0.2506E-04
   180.0      0.2506E-04
 END
