#1801 angles,  1 tensor ranks for 0=projectile
@subtitle   "12C(7Li,6Li)13C @ Ed=84 MeV;"                                                  
@legend ON
@legend x1 0.2
@legend y1 0.8
@g0 type LOGY
@yaxis ticklabel format power
@legend string   0 "Lab energy =   84.0000"
#legend string   0 "Partition=  2 Excit=  3 near/far= 1"
#  Theta       sigma       iT11        T20         T21         T22         Kyy for projectile
   0.000      0.3039    
  0.1000      0.3039    
  0.2000      0.3038    
  0.3000      0.3037    
  0.4000      0.3036    
  0.5000      0.3035    
  0.6000      0.3033    
  0.7000      0.3031    
  0.8000      0.3028    
  0.9000      0.3025    
   1.000      0.3022    
   1.100      0.3018    
   1.200      0.3014    
   1.300      0.3010    
   1.400      0.3005    
   1.500      0.3000    
   1.600      0.2995    
   1.700      0.2989    
   1.800      0.2983    
   1.900      0.2976    
   2.000      0.2969    
   2.100      0.2961    
   2.200      0.2954    
   2.300      0.2945    
   2.400      0.2936    
   2.500      0.2927    
   2.600      0.2917    
   2.700      0.2907    
   2.800      0.2896    
   2.900      0.2885    
   3.000      0.2873    
   3.100      0.2861    
   3.200      0.2848    
   3.300      0.2835    
   3.400      0.2821    
   3.500      0.2806    
   3.600      0.2791    
   3.700      0.2776    
   3.800      0.2760    
   3.900      0.2743    
   4.000      0.2726    
   4.100      0.2708    
   4.200      0.2689    
   4.300      0.2670    
   4.400      0.2650    
   4.500      0.2630    
   4.600      0.2609    
   4.700      0.2587    
   4.800      0.2565    
   4.900      0.2542    
   5.000      0.2518    
   5.100      0.2494    
   5.200      0.2470    
   5.300      0.2444    
   5.400      0.2418    
   5.500      0.2392    
   5.600      0.2365    
   5.700      0.2337    
   5.800      0.2309    
   5.900      0.2280    
   6.000      0.2251    
   6.100      0.2221    
   6.200      0.2190    
   6.300      0.2159    
   6.400      0.2128    
   6.500      0.2096    
   6.600      0.2064    
   6.700      0.2032    
   6.800      0.1999    
   6.900      0.1965    
   7.000      0.1931    
   7.100      0.1897    
   7.200      0.1863    
   7.300      0.1829    
   7.400      0.1794    
   7.500      0.1759    
   7.600      0.1724    
   7.700      0.1689    
   7.800      0.1654    
   7.900      0.1618    
   8.000      0.1583    
   8.100      0.1548    
   8.200      0.1512    
   8.300      0.1477    
   8.400      0.1442    
   8.500      0.1407    
   8.600      0.1373    
   8.700      0.1338    
   8.800      0.1304    
   8.900      0.1270    
   9.000      0.1236    
   9.100      0.1203    
   9.200      0.1170    
   9.300      0.1138    
   9.400      0.1106    
   9.500      0.1074    
   9.600      0.1043    
   9.700      0.1013    
   9.800      0.9831E-01
   9.900      0.9538E-01
   10.00      0.9251E-01
   10.10      0.8970E-01
   10.20      0.8696E-01
   10.30      0.8428E-01
   10.40      0.8168E-01
   10.50      0.7914E-01
   10.60      0.7667E-01
   10.70      0.7428E-01
   10.80      0.7196E-01
   10.90      0.6971E-01
   11.00      0.6754E-01
   11.10      0.6544E-01
   11.20      0.6342E-01
   11.30      0.6147E-01
   11.40      0.5960E-01
   11.50      0.5780E-01
   11.60      0.5607E-01
   11.70      0.5442E-01
   11.80      0.5285E-01
   11.90      0.5134E-01
   12.00      0.4991E-01
   12.10      0.4854E-01
   12.20      0.4725E-01
   12.30      0.4602E-01
   12.40      0.4485E-01
   12.50      0.4375E-01
   12.60      0.4272E-01
   12.70      0.4174E-01
   12.80      0.4082E-01
   12.90      0.3995E-01
   13.00      0.3914E-01
   13.10      0.3838E-01
   13.20      0.3767E-01
   13.30      0.3701E-01
   13.40      0.3639E-01
   13.50      0.3582E-01
   13.60      0.3528E-01
   13.70      0.3478E-01
   13.80      0.3432E-01
   13.90      0.3389E-01
   14.00      0.3348E-01
   14.10      0.3311E-01
   14.20      0.3276E-01
   14.30      0.3244E-01
   14.40      0.3213E-01
   14.50      0.3185E-01
   14.60      0.3158E-01
   14.70      0.3132E-01
   14.80      0.3108E-01
   14.90      0.3085E-01
   15.00      0.3062E-01
   15.10      0.3040E-01
   15.20      0.3019E-01
   15.30      0.2998E-01
   15.40      0.2977E-01
   15.50      0.2957E-01
   15.60      0.2936E-01
   15.70      0.2915E-01
   15.80      0.2894E-01
   15.90      0.2872E-01
   16.00      0.2849E-01
   16.10      0.2827E-01
   16.20      0.2803E-01
   16.30      0.2779E-01
   16.40      0.2753E-01
   16.50      0.2727E-01
   16.60      0.2700E-01
   16.70      0.2672E-01
   16.80      0.2643E-01
   16.90      0.2614E-01
   17.00      0.2583E-01
   17.10      0.2551E-01
   17.20      0.2518E-01
   17.30      0.2485E-01
   17.40      0.2450E-01
   17.50      0.2415E-01
   17.60      0.2378E-01
   17.70      0.2341E-01
   17.80      0.2303E-01
   17.90      0.2265E-01
   18.00      0.2225E-01
   18.10      0.2185E-01
   18.20      0.2145E-01
   18.30      0.2104E-01
   18.40      0.2062E-01
   18.50      0.2021E-01
   18.60      0.1979E-01
   18.70      0.1936E-01
   18.80      0.1894E-01
   18.90      0.1851E-01
   19.00      0.1809E-01
   19.10      0.1766E-01
   19.20      0.1724E-01
   19.30      0.1681E-01
   19.40      0.1639E-01
   19.50      0.1597E-01
   19.60      0.1556E-01
   19.70      0.1515E-01
   19.80      0.1474E-01
   19.90      0.1434E-01
   20.00      0.1395E-01
   20.10      0.1356E-01
   20.20      0.1318E-01
   20.30      0.1280E-01
   20.40      0.1243E-01
   20.50      0.1207E-01
   20.60      0.1172E-01
   20.70      0.1138E-01
   20.80      0.1104E-01
   20.90      0.1071E-01
   21.00      0.1040E-01
   21.10      0.1009E-01
   21.20      0.9790E-02
   21.30      0.9501E-02
   21.40      0.9221E-02
   21.50      0.8951E-02
   21.60      0.8691E-02
   21.70      0.8440E-02
   21.80      0.8199E-02
   21.90      0.7967E-02
   22.00      0.7744E-02
   22.10      0.7531E-02
   22.20      0.7328E-02
   22.30      0.7133E-02
   22.40      0.6947E-02
   22.50      0.6770E-02
   22.60      0.6602E-02
   22.70      0.6442E-02
   22.80      0.6290E-02
   22.90      0.6146E-02
   23.00      0.6009E-02
   23.10      0.5881E-02
   23.20      0.5759E-02
   23.30      0.5644E-02
   23.40      0.5536E-02
   23.50      0.5434E-02
   23.60      0.5339E-02
   23.70      0.5249E-02
   23.80      0.5164E-02
   23.90      0.5085E-02
   24.00      0.5011E-02
   24.10      0.4942E-02
   24.20      0.4877E-02
   24.30      0.4816E-02
   24.40      0.4759E-02
   24.50      0.4706E-02
   24.60      0.4656E-02
   24.70      0.4609E-02
   24.80      0.4565E-02
   24.90      0.4524E-02
   25.00      0.4485E-02
   25.10      0.4448E-02
   25.20      0.4413E-02
   25.30      0.4380E-02
   25.40      0.4348E-02
   25.50      0.4318E-02
   25.60      0.4289E-02
   25.70      0.4261E-02
   25.80      0.4233E-02
   25.90      0.4206E-02
   26.00      0.4180E-02
   26.10      0.4154E-02
   26.20      0.4128E-02
   26.30      0.4102E-02
   26.40      0.4076E-02
   26.50      0.4050E-02
   26.60      0.4024E-02
   26.70      0.3997E-02
   26.80      0.3970E-02
   26.90      0.3943E-02
   27.00      0.3914E-02
   27.10      0.3885E-02
   27.20      0.3856E-02
   27.30      0.3826E-02
   27.40      0.3794E-02
   27.50      0.3762E-02
   27.60      0.3730E-02
   27.70      0.3696E-02
   27.80      0.3661E-02
   27.90      0.3626E-02
   28.00      0.3589E-02
   28.10      0.3552E-02
   28.20      0.3514E-02
   28.30      0.3475E-02
   28.40      0.3435E-02
   28.50      0.3394E-02
   28.60      0.3352E-02
   28.70      0.3310E-02
   28.80      0.3266E-02
   28.90      0.3223E-02
   29.00      0.3178E-02
   29.10      0.3133E-02
   29.20      0.3087E-02
   29.30      0.3041E-02
   29.40      0.2994E-02
   29.50      0.2946E-02
   29.60      0.2899E-02
   29.70      0.2851E-02
   29.80      0.2802E-02
   29.90      0.2754E-02
   30.00      0.2705E-02
   30.10      0.2657E-02
   30.20      0.2608E-02
   30.30      0.2559E-02
   30.40      0.2510E-02
   30.50      0.2462E-02
   30.60      0.2414E-02
   30.70      0.2366E-02
   30.80      0.2318E-02
   30.90      0.2271E-02
   31.00      0.2224E-02
   31.10      0.2177E-02
   31.20      0.2132E-02
   31.30      0.2086E-02
   31.40      0.2042E-02
   31.50      0.1998E-02
   31.60      0.1955E-02
   31.70      0.1913E-02
   31.80      0.1871E-02
   31.90      0.1831E-02
   32.00      0.1791E-02
   32.10      0.1752E-02
   32.20      0.1715E-02
   32.30      0.1678E-02
   32.40      0.1643E-02
   32.50      0.1608E-02
   32.60      0.1575E-02
   32.70      0.1542E-02
   32.80      0.1511E-02
   32.90      0.1481E-02
   33.00      0.1452E-02
   33.10      0.1425E-02
   33.20      0.1398E-02
   33.30      0.1373E-02
   33.40      0.1349E-02
   33.50      0.1326E-02
   33.60      0.1304E-02
   33.70      0.1283E-02
   33.80      0.1263E-02
   33.90      0.1245E-02
   34.00      0.1227E-02
   34.10      0.1211E-02
   34.20      0.1196E-02
   34.30      0.1182E-02
   34.40      0.1168E-02
   34.50      0.1156E-02
   34.60      0.1144E-02
   34.70      0.1134E-02
   34.80      0.1124E-02
   34.90      0.1115E-02
   35.00      0.1107E-02
   35.10      0.1100E-02
   35.20      0.1093E-02
   35.30      0.1087E-02
   35.40      0.1081E-02
   35.50      0.1076E-02
   35.60      0.1072E-02
   35.70      0.1068E-02
   35.80      0.1064E-02
   35.90      0.1061E-02
   36.00      0.1058E-02
   36.10      0.1055E-02
   36.20      0.1053E-02
   36.30      0.1051E-02
   36.40      0.1048E-02
   36.50      0.1046E-02
   36.60      0.1044E-02
   36.70      0.1042E-02
   36.80      0.1040E-02
   36.90      0.1038E-02
   37.00      0.1036E-02
   37.10      0.1033E-02
   37.20      0.1031E-02
   37.30      0.1028E-02
   37.40      0.1025E-02
   37.50      0.1022E-02
   37.60      0.1018E-02
   37.70      0.1014E-02
   37.80      0.1010E-02
   37.90      0.1005E-02
   38.00      0.1000E-02
   38.10      0.9949E-03
   38.20      0.9892E-03
   38.30      0.9831E-03
   38.40      0.9765E-03
   38.50      0.9695E-03
   38.60      0.9622E-03
   38.70      0.9544E-03
   38.80      0.9462E-03
   38.90      0.9376E-03
   39.00      0.9285E-03
   39.10      0.9191E-03
   39.20      0.9093E-03
   39.30      0.8991E-03
   39.40      0.8886E-03
   39.50      0.8777E-03
   39.60      0.8665E-03
   39.70      0.8549E-03
   39.80      0.8431E-03
   39.90      0.8310E-03
   40.00      0.8186E-03
   40.10      0.8059E-03
   40.20      0.7931E-03
   40.30      0.7801E-03
   40.40      0.7669E-03
   40.50      0.7535E-03
   40.60      0.7400E-03
   40.70      0.7264E-03
   40.80      0.7127E-03
   40.90      0.6990E-03
   41.00      0.6852E-03
   41.10      0.6714E-03
   41.20      0.6576E-03
   41.30      0.6438E-03
   41.40      0.6301E-03
   41.50      0.6165E-03
   41.60      0.6029E-03
   41.70      0.5895E-03
   41.80      0.5761E-03
   41.90      0.5630E-03
   42.00      0.5499E-03
   42.10      0.5371E-03
   42.20      0.5244E-03
   42.30      0.5119E-03
   42.40      0.4997E-03
   42.50      0.4877E-03
   42.60      0.4759E-03
   42.70      0.4643E-03
   42.80      0.4530E-03
   42.90      0.4420E-03
   43.00      0.4312E-03
   43.10      0.4207E-03
   43.20      0.4105E-03
   43.30      0.4005E-03
   43.40      0.3909E-03
   43.50      0.3815E-03
   43.60      0.3724E-03
   43.70      0.3635E-03
   43.80      0.3550E-03
   43.90      0.3468E-03
   44.00      0.3388E-03
   44.10      0.3311E-03
   44.20      0.3237E-03
   44.30      0.3165E-03
   44.40      0.3096E-03
   44.50      0.3030E-03
   44.60      0.2966E-03
   44.70      0.2905E-03
   44.80      0.2846E-03
   44.90      0.2789E-03
   45.00      0.2735E-03
   45.10      0.2684E-03
   45.20      0.2634E-03
   45.30      0.2586E-03
   45.40      0.2541E-03
   45.50      0.2497E-03
   45.60      0.2456E-03
   45.70      0.2416E-03
   45.80      0.2378E-03
   45.90      0.2341E-03
   46.00      0.2307E-03
   46.10      0.2274E-03
   46.20      0.2242E-03
   46.30      0.2212E-03
   46.40      0.2183E-03
   46.50      0.2155E-03
   46.60      0.2129E-03
   46.70      0.2104E-03
   46.80      0.2080E-03
   46.90      0.2057E-03
   47.00      0.2035E-03
   47.10      0.2013E-03
   47.20      0.1993E-03
   47.30      0.1974E-03
   47.40      0.1955E-03
   47.50      0.1937E-03
   47.60      0.1920E-03
   47.70      0.1903E-03
   47.80      0.1887E-03
   47.90      0.1871E-03
   48.00      0.1856E-03
   48.10      0.1841E-03
   48.20      0.1827E-03
   48.30      0.1813E-03
   48.40      0.1799E-03
   48.50      0.1786E-03
   48.60      0.1773E-03
   48.70      0.1760E-03
   48.80      0.1747E-03
   48.90      0.1734E-03
   49.00      0.1722E-03
   49.10      0.1709E-03
   49.20      0.1697E-03
   49.30      0.1685E-03
   49.40      0.1672E-03
   49.50      0.1660E-03
   49.60      0.1647E-03
   49.70      0.1635E-03
   49.80      0.1622E-03
   49.90      0.1610E-03
   50.00      0.1597E-03
   50.10      0.1584E-03
   50.20      0.1571E-03
   50.30      0.1558E-03
   50.40      0.1544E-03
   50.50      0.1531E-03
   50.60      0.1517E-03
   50.70      0.1503E-03
   50.80      0.1489E-03
   50.90      0.1475E-03
   51.00      0.1460E-03
   51.10      0.1446E-03
   51.20      0.1431E-03
   51.30      0.1416E-03
   51.40      0.1400E-03
   51.50      0.1385E-03
   51.60      0.1369E-03
   51.70      0.1353E-03
   51.80      0.1337E-03
   51.90      0.1321E-03
   52.00      0.1305E-03
   52.10      0.1288E-03
   52.20      0.1272E-03
   52.30      0.1255E-03
   52.40      0.1238E-03
   52.50      0.1221E-03
   52.60      0.1204E-03
   52.70      0.1187E-03
   52.80      0.1170E-03
   52.90      0.1152E-03
   53.00      0.1135E-03
   53.10      0.1118E-03
   53.20      0.1101E-03
   53.30      0.1083E-03
   53.40      0.1066E-03
   53.50      0.1049E-03
   53.60      0.1032E-03
   53.70      0.1015E-03
   53.80      0.9977E-04
   53.90      0.9808E-04
   54.00      0.9641E-04
   54.10      0.9475E-04
   54.20      0.9311E-04
   54.30      0.9148E-04
   54.40      0.8987E-04
   54.50      0.8828E-04
   54.60      0.8671E-04
   54.70      0.8517E-04
   54.80      0.8365E-04
   54.90      0.8215E-04
   55.00      0.8068E-04
   55.10      0.7924E-04
   55.20      0.7783E-04
   55.30      0.7645E-04
   55.40      0.7510E-04
   55.50      0.7378E-04
   55.60      0.7250E-04
   55.70      0.7125E-04
   55.80      0.7004E-04
   55.90      0.6886E-04
   56.00      0.6772E-04
   56.10      0.6661E-04
   56.20      0.6555E-04
   56.30      0.6452E-04
   56.40      0.6353E-04
   56.50      0.6258E-04
   56.60      0.6167E-04
   56.70      0.6079E-04
   56.80      0.5996E-04
   56.90      0.5917E-04
   57.00      0.5842E-04
   57.10      0.5770E-04
   57.20      0.5703E-04
   57.30      0.5639E-04
   57.40      0.5579E-04
   57.50      0.5523E-04
   57.60      0.5471E-04
   57.70      0.5422E-04
   57.80      0.5377E-04
   57.90      0.5335E-04
   58.00      0.5296E-04
   58.10      0.5261E-04
   58.20      0.5229E-04
   58.30      0.5200E-04
   58.40      0.5174E-04
   58.50      0.5150E-04
   58.60      0.5129E-04
   58.70      0.5111E-04
   58.80      0.5094E-04
   58.90      0.5080E-04
   59.00      0.5068E-04
   59.10      0.5057E-04
   59.20      0.5049E-04
   59.30      0.5041E-04
   59.40      0.5035E-04
   59.50      0.5030E-04
   59.60      0.5026E-04
   59.70      0.5023E-04
   59.80      0.5020E-04
   59.90      0.5017E-04
   60.00      0.5015E-04
   60.10      0.5013E-04
   60.20      0.5011E-04
   60.30      0.5008E-04
   60.40      0.5005E-04
   60.50      0.5002E-04
   60.60      0.4998E-04
   60.70      0.4993E-04
   60.80      0.4987E-04
   60.90      0.4980E-04
   61.00      0.4972E-04
   61.10      0.4963E-04
   61.20      0.4952E-04
   61.30      0.4940E-04
   61.40      0.4927E-04
   61.50      0.4912E-04
   61.60      0.4895E-04
   61.70      0.4877E-04
   61.80      0.4857E-04
   61.90      0.4835E-04
   62.00      0.4812E-04
   62.10      0.4787E-04
   62.20      0.4761E-04
   62.30      0.4733E-04
   62.40      0.4703E-04
   62.50      0.4671E-04
   62.60      0.4638E-04
   62.70      0.4603E-04
   62.80      0.4567E-04
   62.90      0.4530E-04
   63.00      0.4491E-04
   63.10      0.4451E-04
   63.20      0.4409E-04
   63.30      0.4366E-04
   63.40      0.4322E-04
   63.50      0.4277E-04
   63.60      0.4231E-04
   63.70      0.4185E-04
   63.80      0.4137E-04
   63.90      0.4089E-04
   64.00      0.4039E-04
   64.10      0.3990E-04
   64.20      0.3939E-04
   64.30      0.3888E-04
   64.40      0.3837E-04
   64.50      0.3785E-04
   64.60      0.3733E-04
   64.70      0.3681E-04
   64.80      0.3629E-04
   64.90      0.3576E-04
   65.00      0.3524E-04
   65.10      0.3471E-04
   65.20      0.3418E-04
   65.30      0.3366E-04
   65.40      0.3313E-04
   65.50      0.3261E-04
   65.60      0.3208E-04
   65.70      0.3156E-04
   65.80      0.3104E-04
   65.90      0.3052E-04
   66.00      0.3001E-04
   66.10      0.2949E-04
   66.20      0.2898E-04
   66.30      0.2848E-04
   66.40      0.2797E-04
   66.50      0.2747E-04
   66.60      0.2698E-04
   66.70      0.2649E-04
   66.80      0.2600E-04
   66.90      0.2551E-04
   67.00      0.2504E-04
   67.10      0.2456E-04
   67.20      0.2409E-04
   67.30      0.2363E-04
   67.40      0.2317E-04
   67.50      0.2272E-04
   67.60      0.2227E-04
   67.70      0.2183E-04
   67.80      0.2140E-04
   67.90      0.2097E-04
   68.00      0.2055E-04
   68.10      0.2014E-04
   68.20      0.1974E-04
   68.30      0.1934E-04
   68.40      0.1896E-04
   68.50      0.1858E-04
   68.60      0.1821E-04
   68.70      0.1785E-04
   68.80      0.1750E-04
   68.90      0.1716E-04
   69.00      0.1683E-04
   69.10      0.1652E-04
   69.20      0.1621E-04
   69.30      0.1591E-04
   69.40      0.1563E-04
   69.50      0.1535E-04
   69.60      0.1509E-04
   69.70      0.1484E-04
   69.80      0.1460E-04
   69.90      0.1438E-04
   70.00      0.1416E-04
   70.10      0.1396E-04
   70.20      0.1376E-04
   70.30      0.1358E-04
   70.40      0.1341E-04
   70.50      0.1325E-04
   70.60      0.1310E-04
   70.70      0.1297E-04
   70.80      0.1284E-04
   70.90      0.1272E-04
   71.00      0.1261E-04
   71.10      0.1251E-04
   71.20      0.1242E-04
   71.30      0.1233E-04
   71.40      0.1226E-04
   71.50      0.1219E-04
   71.60      0.1213E-04
   71.70      0.1207E-04
   71.80      0.1202E-04
   71.90      0.1197E-04
   72.00      0.1193E-04
   72.10      0.1189E-04
   72.20      0.1186E-04
   72.30      0.1183E-04
   72.40      0.1180E-04
   72.50      0.1177E-04
   72.60      0.1174E-04
   72.70      0.1172E-04
   72.80      0.1169E-04
   72.90      0.1167E-04
   73.00      0.1164E-04
   73.10      0.1162E-04
   73.20      0.1159E-04
   73.30      0.1156E-04
   73.40      0.1153E-04
   73.50      0.1150E-04
   73.60      0.1146E-04
   73.70      0.1142E-04
   73.80      0.1138E-04
   73.90      0.1134E-04
   74.00      0.1130E-04
   74.10      0.1125E-04
   74.20      0.1120E-04
   74.30      0.1114E-04
   74.40      0.1109E-04
   74.50      0.1103E-04
   74.60      0.1097E-04
   74.70      0.1090E-04
   74.80      0.1083E-04
   74.90      0.1076E-04
   75.00      0.1069E-04
   75.10      0.1062E-04
   75.20      0.1054E-04
   75.30      0.1046E-04
   75.40      0.1038E-04
   75.50      0.1030E-04
   75.60      0.1022E-04
   75.70      0.1013E-04
   75.80      0.1004E-04
   75.90      0.9955E-05
   76.00      0.9867E-05
   76.10      0.9777E-05
   76.20      0.9686E-05
   76.30      0.9594E-05
   76.40      0.9502E-05
   76.50      0.9409E-05
   76.60      0.9316E-05
   76.70      0.9222E-05
   76.80      0.9128E-05
   76.90      0.9033E-05
   77.00      0.8938E-05
   77.10      0.8842E-05
   77.20      0.8746E-05
   77.30      0.8650E-05
   77.40      0.8553E-05
   77.50      0.8456E-05
   77.60      0.8359E-05
   77.70      0.8261E-05
   77.80      0.8163E-05
   77.90      0.8064E-05
   78.00      0.7965E-05
   78.10      0.7866E-05
   78.20      0.7766E-05
   78.30      0.7665E-05
   78.40      0.7565E-05
   78.50      0.7463E-05
   78.60      0.7362E-05
   78.70      0.7260E-05
   78.80      0.7158E-05
   78.90      0.7056E-05
   79.00      0.6953E-05
   79.10      0.6851E-05
   79.20      0.6748E-05
   79.30      0.6646E-05
   79.40      0.6544E-05
   79.50      0.6442E-05
   79.60      0.6341E-05
   79.70      0.6240E-05
   79.80      0.6140E-05
   79.90      0.6040E-05
   80.00      0.5942E-05
   80.10      0.5845E-05
   80.20      0.5749E-05
   80.30      0.5655E-05
   80.40      0.5562E-05
   80.50      0.5471E-05
   80.60      0.5381E-05
   80.70      0.5294E-05
   80.80      0.5209E-05
   80.90      0.5126E-05
   81.00      0.5045E-05
   81.10      0.4967E-05
   81.20      0.4891E-05
   81.30      0.4818E-05
   81.40      0.4748E-05
   81.50      0.4680E-05
   81.60      0.4615E-05
   81.70      0.4553E-05
   81.80      0.4494E-05
   81.90      0.4437E-05
   82.00      0.4383E-05
   82.10      0.4332E-05
   82.20      0.4284E-05
   82.30      0.4239E-05
   82.40      0.4196E-05
   82.50      0.4155E-05
   82.60      0.4117E-05
   82.70      0.4082E-05
   82.80      0.4048E-05
   82.90      0.4017E-05
   83.00      0.3987E-05
   83.10      0.3960E-05
   83.20      0.3935E-05
   83.30      0.3911E-05
   83.40      0.3888E-05
   83.50      0.3867E-05
   83.60      0.3848E-05
   83.70      0.3829E-05
   83.80      0.3812E-05
   83.90      0.3795E-05
   84.00      0.3780E-05
   84.10      0.3765E-05
   84.20      0.3751E-05
   84.30      0.3738E-05
   84.40      0.3726E-05
   84.50      0.3713E-05
   84.60      0.3702E-05
   84.70      0.3691E-05
   84.80      0.3680E-05
   84.90      0.3670E-05
   85.00      0.3660E-05
   85.10      0.3651E-05
   85.20      0.3642E-05
   85.30      0.3634E-05
   85.40      0.3626E-05
   85.50      0.3619E-05
   85.60      0.3613E-05
   85.70      0.3607E-05
   85.80      0.3601E-05
   85.90      0.3597E-05
   86.00      0.3593E-05
   86.10      0.3590E-05
   86.20      0.3587E-05
   86.30      0.3586E-05
   86.40      0.3586E-05
   86.50      0.3586E-05
   86.60      0.3587E-05
   86.70      0.3589E-05
   86.80      0.3592E-05
   86.90      0.3596E-05
   87.00      0.3601E-05
   87.10      0.3606E-05
   87.20      0.3613E-05
   87.30      0.3619E-05
   87.40      0.3627E-05
   87.50      0.3635E-05
   87.60      0.3643E-05
   87.70      0.3652E-05
   87.80      0.3661E-05
   87.90      0.3670E-05
   88.00      0.3679E-05
   88.10      0.3687E-05
   88.20      0.3695E-05
   88.30      0.3703E-05
   88.40      0.3710E-05
   88.50      0.3716E-05
   88.60      0.3721E-05
   88.70      0.3725E-05
   88.80      0.3728E-05
   88.90      0.3729E-05
   89.00      0.3729E-05
   89.10      0.3727E-05
   89.20      0.3723E-05
   89.30      0.3717E-05
   89.40      0.3709E-05
   89.50      0.3699E-05
   89.60      0.3686E-05
   89.70      0.3671E-05
   89.80      0.3654E-05
   89.90      0.3634E-05
   90.00      0.3612E-05
   90.10      0.3588E-05
   90.20      0.3561E-05
   90.30      0.3532E-05
   90.40      0.3500E-05
   90.50      0.3466E-05
   90.60      0.3430E-05
   90.70      0.3392E-05
   90.80      0.3352E-05
   90.90      0.3311E-05
   91.00      0.3267E-05
   91.10      0.3222E-05
   91.20      0.3176E-05
   91.30      0.3129E-05
   91.40      0.3081E-05
   91.50      0.3032E-05
   91.60      0.2982E-05
   91.70      0.2932E-05
   91.80      0.2882E-05
   91.90      0.2832E-05
   92.00      0.2782E-05
   92.10      0.2732E-05
   92.20      0.2683E-05
   92.30      0.2635E-05
   92.40      0.2588E-05
   92.50      0.2542E-05
   92.60      0.2497E-05
   92.70      0.2453E-05
   92.80      0.2411E-05
   92.90      0.2370E-05
   93.00      0.2332E-05
   93.10      0.2294E-05
   93.20      0.2259E-05
   93.30      0.2225E-05
   93.40      0.2194E-05
   93.50      0.2164E-05
   93.60      0.2136E-05
   93.70      0.2109E-05
   93.80      0.2085E-05
   93.90      0.2062E-05
   94.00      0.2041E-05
   94.10      0.2021E-05
   94.20      0.2003E-05
   94.30      0.1986E-05
   94.40      0.1971E-05
   94.50      0.1956E-05
   94.60      0.1943E-05
   94.70      0.1930E-05
   94.80      0.1919E-05
   94.90      0.1908E-05
   95.00      0.1897E-05
   95.10      0.1887E-05
   95.20      0.1877E-05
   95.30      0.1867E-05
   95.40      0.1858E-05
   95.50      0.1848E-05
   95.60      0.1838E-05
   95.70      0.1828E-05
   95.80      0.1818E-05
   95.90      0.1807E-05
   96.00      0.1796E-05
   96.10      0.1784E-05
   96.20      0.1772E-05
   96.30      0.1760E-05
   96.40      0.1747E-05
   96.50      0.1733E-05
   96.60      0.1719E-05
   96.70      0.1705E-05
   96.80      0.1690E-05
   96.90      0.1675E-05
   97.00      0.1660E-05
   97.10      0.1645E-05
   97.20      0.1630E-05
   97.30      0.1614E-05
   97.40      0.1599E-05
   97.50      0.1584E-05
   97.60      0.1569E-05
   97.70      0.1555E-05
   97.80      0.1541E-05
   97.90      0.1528E-05
   98.00      0.1515E-05
   98.10      0.1503E-05
   98.20      0.1492E-05
   98.30      0.1482E-05
   98.40      0.1473E-05
   98.50      0.1465E-05
   98.60      0.1458E-05
   98.70      0.1452E-05
   98.80      0.1448E-05
   98.90      0.1444E-05
   99.00      0.1442E-05
   99.10      0.1441E-05
   99.20      0.1441E-05
   99.30      0.1442E-05
   99.40      0.1445E-05
   99.50      0.1448E-05
   99.60      0.1453E-05
   99.70      0.1458E-05
   99.80      0.1465E-05
   99.90      0.1472E-05
   100.0      0.1480E-05
   100.1      0.1488E-05
   100.2      0.1498E-05
   100.3      0.1507E-05
   100.4      0.1517E-05
   100.5      0.1527E-05
   100.6      0.1537E-05
   100.7      0.1547E-05
   100.8      0.1557E-05
   100.9      0.1567E-05
   101.0      0.1576E-05
   101.1      0.1585E-05
   101.2      0.1594E-05
   101.3      0.1602E-05
   101.4      0.1609E-05
   101.5      0.1616E-05
   101.6      0.1622E-05
   101.7      0.1627E-05
   101.8      0.1631E-05
   101.9      0.1635E-05
   102.0      0.1638E-05
   102.1      0.1640E-05
   102.2      0.1641E-05
   102.3      0.1641E-05
   102.4      0.1641E-05
   102.5      0.1639E-05
   102.6      0.1637E-05
   102.7      0.1635E-05
   102.8      0.1632E-05
   102.9      0.1628E-05
   103.0      0.1624E-05
   103.1      0.1620E-05
   103.2      0.1615E-05
   103.3      0.1610E-05
   103.4      0.1605E-05
   103.5      0.1599E-05
   103.6      0.1594E-05
   103.7      0.1589E-05
   103.8      0.1584E-05
   103.9      0.1580E-05
   104.0      0.1575E-05
   104.1      0.1571E-05
   104.2      0.1567E-05
   104.3      0.1564E-05
   104.4      0.1561E-05
   104.5      0.1558E-05
   104.6      0.1556E-05
   104.7      0.1555E-05
   104.8      0.1554E-05
   104.9      0.1553E-05
   105.0      0.1553E-05
   105.1      0.1553E-05
   105.2      0.1554E-05
   105.3      0.1555E-05
   105.4      0.1556E-05
   105.5      0.1557E-05
   105.6      0.1558E-05
   105.7      0.1560E-05
   105.8      0.1561E-05
   105.9      0.1562E-05
   106.0      0.1564E-05
   106.1      0.1564E-05
   106.2      0.1565E-05
   106.3      0.1565E-05
   106.4      0.1564E-05
   106.5      0.1563E-05
   106.6      0.1561E-05
   106.7      0.1559E-05
   106.8      0.1556E-05
   106.9      0.1552E-05
   107.0      0.1547E-05
   107.1      0.1541E-05
   107.2      0.1534E-05
   107.3      0.1527E-05
   107.4      0.1518E-05
   107.5      0.1509E-05
   107.6      0.1499E-05
   107.7      0.1488E-05
   107.8      0.1476E-05
   107.9      0.1463E-05
   108.0      0.1449E-05
   108.1      0.1435E-05
   108.2      0.1421E-05
   108.3      0.1406E-05
   108.4      0.1390E-05
   108.5      0.1374E-05
   108.6      0.1358E-05
   108.7      0.1342E-05
   108.8      0.1326E-05
   108.9      0.1310E-05
   109.0      0.1294E-05
   109.1      0.1279E-05
   109.2      0.1264E-05
   109.3      0.1249E-05
   109.4      0.1235E-05
   109.5      0.1222E-05
   109.6      0.1210E-05
   109.7      0.1198E-05
   109.8      0.1188E-05
   109.9      0.1179E-05
   110.0      0.1170E-05
   110.1      0.1163E-05
   110.2      0.1157E-05
   110.3      0.1152E-05
   110.4      0.1148E-05
   110.5      0.1145E-05
   110.6      0.1144E-05
   110.7      0.1144E-05
   110.8      0.1144E-05
   110.9      0.1146E-05
   111.0      0.1149E-05
   111.1      0.1153E-05
   111.2      0.1157E-05
   111.3      0.1163E-05
   111.4      0.1169E-05
   111.5      0.1175E-05
   111.6      0.1182E-05
   111.7      0.1190E-05
   111.8      0.1197E-05
   111.9      0.1205E-05
   112.0      0.1213E-05
   112.1      0.1221E-05
   112.2      0.1228E-05
   112.3      0.1236E-05
   112.4      0.1243E-05
   112.5      0.1249E-05
   112.6      0.1255E-05
   112.7      0.1261E-05
   112.8      0.1265E-05
   112.9      0.1269E-05
   113.0      0.1272E-05
   113.1      0.1275E-05
   113.2      0.1276E-05
   113.3      0.1277E-05
   113.4      0.1276E-05
   113.5      0.1275E-05
   113.6      0.1273E-05
   113.7      0.1270E-05
   113.8      0.1266E-05
   113.9      0.1261E-05
   114.0      0.1256E-05
   114.1      0.1249E-05
   114.2      0.1242E-05
   114.3      0.1235E-05
   114.4      0.1227E-05
   114.5      0.1219E-05
   114.6      0.1210E-05
   114.7      0.1201E-05
   114.8      0.1192E-05
   114.9      0.1183E-05
   115.0      0.1174E-05
   115.1      0.1165E-05
   115.2      0.1157E-05
   115.3      0.1148E-05
   115.4      0.1140E-05
   115.5      0.1133E-05
   115.6      0.1125E-05
   115.7      0.1119E-05
   115.8      0.1113E-05
   115.9      0.1108E-05
   116.0      0.1103E-05
   116.1      0.1099E-05
   116.2      0.1096E-05
   116.3      0.1094E-05
   116.4      0.1092E-05
   116.5      0.1091E-05
   116.6      0.1091E-05
   116.7      0.1092E-05
   116.8      0.1093E-05
   116.9      0.1094E-05
   117.0      0.1096E-05
   117.1      0.1099E-05
   117.2      0.1102E-05
   117.3      0.1105E-05
   117.4      0.1108E-05
   117.5      0.1112E-05
   117.6      0.1116E-05
   117.7      0.1119E-05
   117.8      0.1123E-05
   117.9      0.1126E-05
   118.0      0.1129E-05
   118.1      0.1132E-05
   118.2      0.1135E-05
   118.3      0.1137E-05
   118.4      0.1138E-05
   118.5      0.1139E-05
   118.6      0.1139E-05
   118.7      0.1138E-05
   118.8      0.1137E-05
   118.9      0.1135E-05
   119.0      0.1133E-05
   119.1      0.1129E-05
   119.2      0.1125E-05
   119.3      0.1120E-05
   119.4      0.1115E-05
   119.5      0.1109E-05
   119.6      0.1102E-05
   119.7      0.1095E-05
   119.8      0.1087E-05
   119.9      0.1079E-05
   120.0      0.1070E-05
   120.1      0.1061E-05
   120.2      0.1052E-05
   120.3      0.1043E-05
   120.4      0.1034E-05
   120.5      0.1025E-05
   120.6      0.1016E-05
   120.7      0.1007E-05
   120.8      0.9983E-06
   120.9      0.9902E-06
   121.0      0.9826E-06
   121.1      0.9755E-06
   121.2      0.9691E-06
   121.3      0.9633E-06
   121.4      0.9583E-06
   121.5      0.9540E-06
   121.6      0.9506E-06
   121.7      0.9480E-06
   121.8      0.9463E-06
   121.9      0.9454E-06
   122.0      0.9454E-06
   122.1      0.9463E-06
   122.2      0.9480E-06
   122.3      0.9506E-06
   122.4      0.9539E-06
   122.5      0.9580E-06
   122.6      0.9628E-06
   122.7      0.9681E-06
   122.8      0.9741E-06
   122.9      0.9805E-06
   123.0      0.9874E-06
   123.1      0.9945E-06
   123.2      0.1002E-05
   123.3      0.1009E-05
   123.4      0.1017E-05
   123.5      0.1025E-05
   123.6      0.1032E-05
   123.7      0.1039E-05
   123.8      0.1046E-05
   123.9      0.1053E-05
   124.0      0.1059E-05
   124.1      0.1065E-05
   124.2      0.1070E-05
   124.3      0.1074E-05
   124.4      0.1078E-05
   124.5      0.1081E-05
   124.6      0.1084E-05
   124.7      0.1085E-05
   124.8      0.1086E-05
   124.9      0.1086E-05
   125.0      0.1085E-05
   125.1      0.1084E-05
   125.2      0.1081E-05
   125.3      0.1079E-05
   125.4      0.1075E-05
   125.5      0.1071E-05
   125.6      0.1066E-05
   125.7      0.1061E-05
   125.8      0.1055E-05
   125.9      0.1050E-05
   126.0      0.1043E-05
   126.1      0.1037E-05
   126.2      0.1031E-05
   126.3      0.1025E-05
   126.4      0.1018E-05
   126.5      0.1012E-05
   126.6      0.1007E-05
   126.7      0.1001E-05
   126.8      0.9962E-06
   126.9      0.9918E-06
   127.0      0.9879E-06
   127.1      0.9847E-06
   127.2      0.9821E-06
   127.3      0.9803E-06
   127.4      0.9793E-06
   127.5      0.9790E-06
   127.6      0.9796E-06
   127.7      0.9809E-06
   127.8      0.9832E-06
   127.9      0.9862E-06
   128.0      0.9900E-06
   128.1      0.9946E-06
   128.2      0.9999E-06
   128.3      0.1006E-05
   128.4      0.1013E-05
   128.5      0.1020E-05
   128.6      0.1028E-05
   128.7      0.1036E-05
   128.8      0.1044E-05
   128.9      0.1053E-05
   129.0      0.1062E-05
   129.1      0.1071E-05
   129.2      0.1080E-05
   129.3      0.1090E-05
   129.4      0.1098E-05
   129.5      0.1107E-05
   129.6      0.1116E-05
   129.7      0.1124E-05
   129.8      0.1131E-05
   129.9      0.1138E-05
   130.0      0.1145E-05
   130.1      0.1151E-05
   130.2      0.1156E-05
   130.3      0.1160E-05
   130.4      0.1164E-05
   130.5      0.1167E-05
   130.6      0.1169E-05
   130.7      0.1170E-05
   130.8      0.1171E-05
   130.9      0.1171E-05
   131.0      0.1170E-05
   131.1      0.1169E-05
   131.2      0.1166E-05
   131.3      0.1164E-05
   131.4      0.1161E-05
   131.5      0.1157E-05
   131.6      0.1153E-05
   131.7      0.1149E-05
   131.8      0.1144E-05
   131.9      0.1139E-05
   132.0      0.1134E-05
   132.1      0.1130E-05
   132.2      0.1125E-05
   132.3      0.1120E-05
   132.4      0.1116E-05
   132.5      0.1112E-05
   132.6      0.1108E-05
   132.7      0.1105E-05
   132.8      0.1103E-05
   132.9      0.1101E-05
   133.0      0.1099E-05
   133.1      0.1098E-05
   133.2      0.1098E-05
   133.3      0.1099E-05
   133.4      0.1100E-05
   133.5      0.1102E-05
   133.6      0.1105E-05
   133.7      0.1109E-05
   133.8      0.1113E-05
   133.9      0.1117E-05
   134.0      0.1123E-05
   134.1      0.1129E-05
   134.2      0.1135E-05
   134.3      0.1142E-05
   134.4      0.1149E-05
   134.5      0.1156E-05
   134.6      0.1164E-05
   134.7      0.1171E-05
   134.8      0.1179E-05
   134.9      0.1187E-05
   135.0      0.1194E-05
   135.1      0.1201E-05
   135.2      0.1208E-05
   135.3      0.1215E-05
   135.4      0.1221E-05
   135.5      0.1226E-05
   135.6      0.1231E-05
   135.7      0.1235E-05
   135.8      0.1239E-05
   135.9      0.1241E-05
   136.0      0.1243E-05
   136.1      0.1244E-05
   136.2      0.1244E-05
   136.3      0.1243E-05
   136.4      0.1241E-05
   136.5      0.1239E-05
   136.6      0.1236E-05
   136.7      0.1231E-05
   136.8      0.1226E-05
   136.9      0.1221E-05
   137.0      0.1214E-05
   137.1      0.1208E-05
   137.2      0.1200E-05
   137.3      0.1192E-05
   137.4      0.1184E-05
   137.5      0.1175E-05
   137.6      0.1167E-05
   137.7      0.1158E-05
   137.8      0.1149E-05
   137.9      0.1140E-05
   138.0      0.1132E-05
   138.1      0.1123E-05
   138.2      0.1115E-05
   138.3      0.1108E-05
   138.4      0.1101E-05
   138.5      0.1095E-05
   138.6      0.1089E-05
   138.7      0.1085E-05
   138.8      0.1081E-05
   138.9      0.1077E-05
   139.0      0.1075E-05
   139.1      0.1074E-05
   139.2      0.1073E-05
   139.3      0.1074E-05
   139.4      0.1075E-05
   139.5      0.1078E-05
   139.6      0.1081E-05
   139.7      0.1085E-05
   139.8      0.1090E-05
   139.9      0.1096E-05
   140.0      0.1103E-05
   140.1      0.1110E-05
   140.2      0.1118E-05
   140.3      0.1126E-05
   140.4      0.1135E-05
   140.5      0.1144E-05
   140.6      0.1153E-05
   140.7      0.1162E-05
   140.8      0.1172E-05
   140.9      0.1181E-05
   141.0      0.1191E-05
   141.1      0.1200E-05
   141.2      0.1209E-05
   141.3      0.1218E-05
   141.4      0.1226E-05
   141.5      0.1233E-05
   141.6      0.1241E-05
   141.7      0.1247E-05
   141.8      0.1253E-05
   141.9      0.1258E-05
   142.0      0.1262E-05
   142.1      0.1266E-05
   142.2      0.1269E-05
   142.3      0.1271E-05
   142.4      0.1272E-05
   142.5      0.1272E-05
   142.6      0.1272E-05
   142.7      0.1271E-05
   142.8      0.1270E-05
   142.9      0.1268E-05
   143.0      0.1265E-05
   143.1      0.1262E-05
   143.2      0.1259E-05
   143.3      0.1255E-05
   143.4      0.1252E-05
   143.5      0.1248E-05
   143.6      0.1244E-05
   143.7      0.1240E-05
   143.8      0.1236E-05
   143.9      0.1232E-05
   144.0      0.1229E-05
   144.1      0.1225E-05
   144.2      0.1223E-05
   144.3      0.1221E-05
   144.4      0.1219E-05
   144.5      0.1218E-05
   144.6      0.1218E-05
   144.7      0.1219E-05
   144.8      0.1220E-05
   144.9      0.1222E-05
   145.0      0.1225E-05
   145.1      0.1228E-05
   145.2      0.1233E-05
   145.3      0.1238E-05
   145.4      0.1244E-05
   145.5      0.1250E-05
   145.6      0.1258E-05
   145.7      0.1265E-05
   145.8      0.1274E-05
   145.9      0.1283E-05
   146.0      0.1292E-05
   146.1      0.1302E-05
   146.2      0.1312E-05
   146.3      0.1322E-05
   146.4      0.1332E-05
   146.5      0.1342E-05
   146.6      0.1352E-05
   146.7      0.1362E-05
   146.8      0.1372E-05
   146.9      0.1381E-05
   147.0      0.1390E-05
   147.1      0.1399E-05
   147.2      0.1406E-05
   147.3      0.1414E-05
   147.4      0.1420E-05
   147.5      0.1426E-05
   147.6      0.1431E-05
   147.7      0.1435E-05
   147.8      0.1438E-05
   147.9      0.1441E-05
   148.0      0.1442E-05
   148.1      0.1443E-05
   148.2      0.1443E-05
   148.3      0.1442E-05
   148.4      0.1440E-05
   148.5      0.1438E-05
   148.6      0.1434E-05
   148.7      0.1431E-05
   148.8      0.1426E-05
   148.9      0.1422E-05
   149.0      0.1416E-05
   149.1      0.1411E-05
   149.2      0.1405E-05
   149.3      0.1399E-05
   149.4      0.1393E-05
   149.5      0.1387E-05
   149.6      0.1382E-05
   149.7      0.1376E-05
   149.8      0.1371E-05
   149.9      0.1367E-05
   150.0      0.1362E-05
   150.1      0.1359E-05
   150.2      0.1356E-05
   150.3      0.1354E-05
   150.4      0.1352E-05
   150.5      0.1352E-05
   150.6      0.1352E-05
   150.7      0.1353E-05
   150.8      0.1355E-05
   150.9      0.1358E-05
   151.0      0.1362E-05
   151.1      0.1367E-05
   151.2      0.1373E-05
   151.3      0.1380E-05
   151.4      0.1387E-05
   151.5      0.1396E-05
   151.6      0.1405E-05
   151.7      0.1415E-05
   151.8      0.1426E-05
   151.9      0.1437E-05
   152.0      0.1448E-05
   152.1      0.1460E-05
   152.2      0.1472E-05
   152.3      0.1485E-05
   152.4      0.1498E-05
   152.5      0.1510E-05
   152.6      0.1523E-05
   152.7      0.1536E-05
   152.8      0.1548E-05
   152.9      0.1560E-05
   153.0      0.1572E-05
   153.1      0.1583E-05
   153.2      0.1594E-05
   153.3      0.1604E-05
   153.4      0.1613E-05
   153.5      0.1622E-05
   153.6      0.1631E-05
   153.7      0.1638E-05
   153.8      0.1645E-05
   153.9      0.1651E-05
   154.0      0.1656E-05
   154.1      0.1661E-05
   154.2      0.1665E-05
   154.3      0.1668E-05
   154.4      0.1670E-05
   154.5      0.1672E-05
   154.6      0.1674E-05
   154.7      0.1675E-05
   154.8      0.1675E-05
   154.9      0.1675E-05
   155.0      0.1675E-05
   155.1      0.1675E-05
   155.2      0.1675E-05
   155.3      0.1674E-05
   155.4      0.1674E-05
   155.5      0.1673E-05
   155.6      0.1673E-05
   155.7      0.1674E-05
   155.8      0.1674E-05
   155.9      0.1675E-05
   156.0      0.1677E-05
   156.1      0.1679E-05
   156.2      0.1682E-05
   156.3      0.1685E-05
   156.4      0.1689E-05
   156.5      0.1694E-05
   156.6      0.1700E-05
   156.7      0.1706E-05
   156.8      0.1713E-05
   156.9      0.1721E-05
   157.0      0.1730E-05
   157.1      0.1739E-05
   157.2      0.1750E-05
   157.3      0.1761E-05
   157.4      0.1772E-05
   157.5      0.1785E-05
   157.6      0.1797E-05
   157.7      0.1811E-05
   157.8      0.1824E-05
   157.9      0.1839E-05
   158.0      0.1853E-05
   158.1      0.1868E-05
   158.2      0.1883E-05
   158.3      0.1898E-05
   158.4      0.1913E-05
   158.5      0.1928E-05
   158.6      0.1942E-05
   158.7      0.1957E-05
   158.8      0.1971E-05
   158.9      0.1986E-05
   159.0      0.1999E-05
   159.1      0.2012E-05
   159.2      0.2025E-05
   159.3      0.2038E-05
   159.4      0.2049E-05
   159.5      0.2061E-05
   159.6      0.2071E-05
   159.7      0.2081E-05
   159.8      0.2091E-05
   159.9      0.2100E-05
   160.0      0.2108E-05
   160.1      0.2116E-05
   160.2      0.2124E-05
   160.3      0.2131E-05
   160.4      0.2137E-05
   160.5      0.2143E-05
   160.6      0.2149E-05
   160.7      0.2154E-05
   160.8      0.2159E-05
   160.9      0.2164E-05
   161.0      0.2169E-05
   161.1      0.2174E-05
   161.2      0.2179E-05
   161.3      0.2184E-05
   161.4      0.2189E-05
   161.5      0.2194E-05
   161.6      0.2200E-05
   161.7      0.2205E-05
   161.8      0.2211E-05
   161.9      0.2218E-05
   162.0      0.2225E-05
   162.1      0.2232E-05
   162.2      0.2240E-05
   162.3      0.2248E-05
   162.4      0.2257E-05
   162.5      0.2266E-05
   162.6      0.2276E-05
   162.7      0.2287E-05
   162.8      0.2298E-05
   162.9      0.2310E-05
   163.0      0.2322E-05
   163.1      0.2335E-05
   163.2      0.2348E-05
   163.3      0.2362E-05
   163.4      0.2376E-05
   163.5      0.2391E-05
   163.6      0.2406E-05
   163.7      0.2422E-05
   163.8      0.2438E-05
   163.9      0.2454E-05
   164.0      0.2471E-05
   164.1      0.2488E-05
   164.2      0.2506E-05
   164.3      0.2523E-05
   164.4      0.2541E-05
   164.5      0.2559E-05
   164.6      0.2578E-05
   164.7      0.2597E-05
   164.8      0.2616E-05
   164.9      0.2635E-05
   165.0      0.2654E-05
   165.1      0.2674E-05
   165.2      0.2694E-05
   165.3      0.2715E-05
   165.4      0.2736E-05
   165.5      0.2757E-05
   165.6      0.2779E-05
   165.7      0.2801E-05
   165.8      0.2824E-05
   165.9      0.2848E-05
   166.0      0.2872E-05
   166.1      0.2896E-05
   166.2      0.2922E-05
   166.3      0.2948E-05
   166.4      0.2975E-05
   166.5      0.3003E-05
   166.6      0.3032E-05
   166.7      0.3061E-05
   166.8      0.3092E-05
   166.9      0.3124E-05
   167.0      0.3156E-05
   167.1      0.3190E-05
   167.2      0.3224E-05
   167.3      0.3260E-05
   167.4      0.3296E-05
   167.5      0.3334E-05
   167.6      0.3372E-05
   167.7      0.3412E-05
   167.8      0.3452E-05
   167.9      0.3493E-05
   168.0      0.3534E-05
   168.1      0.3577E-05
   168.2      0.3620E-05
   168.3      0.3664E-05
   168.4      0.3708E-05
   168.5      0.3752E-05
   168.6      0.3797E-05
   168.7      0.3842E-05
   168.8      0.3888E-05
   168.9      0.3933E-05
   169.0      0.3979E-05
   169.1      0.4024E-05
   169.2      0.4070E-05
   169.3      0.4115E-05
   169.4      0.4160E-05
   169.5      0.4205E-05
   169.6      0.4250E-05
   169.7      0.4294E-05
   169.8      0.4339E-05
   169.9      0.4382E-05
   170.0      0.4426E-05
   170.1      0.4470E-05
   170.2      0.4513E-05
   170.3      0.4556E-05
   170.4      0.4599E-05
   170.5      0.4643E-05
   170.6      0.4686E-05
   170.7      0.4730E-05
   170.8      0.4774E-05
   170.9      0.4819E-05
   171.0      0.4864E-05
   171.1      0.4911E-05
   171.2      0.4958E-05
   171.3      0.5007E-05
   171.4      0.5057E-05
   171.5      0.5109E-05
   171.6      0.5162E-05
   171.7      0.5218E-05
   171.8      0.5276E-05
   171.9      0.5336E-05
   172.0      0.5399E-05
   172.1      0.5465E-05
   172.2      0.5533E-05
   172.3      0.5605E-05
   172.4      0.5680E-05
   172.5      0.5758E-05
   172.6      0.5840E-05
   172.7      0.5925E-05
   172.8      0.6014E-05
   172.9      0.6107E-05
   173.0      0.6203E-05
   173.1      0.6303E-05
   173.2      0.6406E-05
   173.3      0.6513E-05
   173.4      0.6623E-05
   173.5      0.6737E-05
   173.6      0.6854E-05
   173.7      0.6974E-05
   173.8      0.7097E-05
   173.9      0.7222E-05
   174.0      0.7349E-05
   174.1      0.7479E-05
   174.2      0.7610E-05
   174.3      0.7743E-05
   174.4      0.7877E-05
   174.5      0.8011E-05
   174.6      0.8146E-05
   174.7      0.8280E-05
   174.8      0.8414E-05
   174.9      0.8547E-05
   175.0      0.8679E-05
   175.1      0.8809E-05
   175.2      0.8937E-05
   175.3      0.9062E-05
   175.4      0.9185E-05
   175.5      0.9304E-05
   175.6      0.9419E-05
   175.7      0.9531E-05
   175.8      0.9638E-05
   175.9      0.9740E-05
   176.0      0.9838E-05
   176.1      0.9930E-05
   176.2      0.1002E-04
   176.3      0.1010E-04
   176.4      0.1017E-04
   176.5      0.1024E-04
   176.6      0.1031E-04
   176.7      0.1036E-04
   176.8      0.1042E-04
   176.9      0.1046E-04
   177.0      0.1050E-04
   177.1      0.1053E-04
   177.2      0.1056E-04
   177.3      0.1059E-04
   177.4      0.1060E-04
   177.5      0.1062E-04
   177.6      0.1062E-04
   177.7      0.1063E-04
   177.8      0.1063E-04
   177.9      0.1062E-04
   178.0      0.1061E-04
   178.1      0.1060E-04
   178.2      0.1059E-04
   178.3      0.1057E-04
   178.4      0.1055E-04
   178.5      0.1054E-04
   178.6      0.1052E-04
   178.7      0.1049E-04
   178.8      0.1047E-04
   178.9      0.1045E-04
   179.0      0.1043E-04
   179.1      0.1041E-04
   179.2      0.1039E-04
   179.3      0.1038E-04
   179.4      0.1036E-04
   179.5      0.1035E-04
   179.6      0.1034E-04
   179.7      0.1033E-04
   179.8      0.1032E-04
   179.9      0.1032E-04
   180.0      0.1032E-04
 END
