#1801 angles,  1 tensor ranks for 0=projectile
@subtitle   "12C(7Li,6Li)13C @ Ed=56 MeV;"                                                  
@legend ON
@legend x1 0.2
@legend y1 0.8
@g0 type LOGY
@yaxis ticklabel format power
@legend string   0 "Lab energy =   56.0000"
#legend string   0 "Partition=  2 Excit=  3 near/far= 1"
#  Theta       sigma       iT11        T20         T21         T22         Kyy for projectile
   0.000      0.5142    
  0.1000      0.5142    
  0.2000      0.5141    
  0.3000      0.5140    
  0.4000      0.5138    
  0.5000      0.5135    
  0.6000      0.5132    
  0.7000      0.5128    
  0.8000      0.5124    
  0.9000      0.5119    
   1.000      0.5113    
   1.100      0.5107    
   1.200      0.5100    
   1.300      0.5093    
   1.400      0.5085    
   1.500      0.5077    
   1.600      0.5068    
   1.700      0.5058    
   1.800      0.5048    
   1.900      0.5037    
   2.000      0.5026    
   2.100      0.5014    
   2.200      0.5002    
   2.300      0.4989    
   2.400      0.4976    
   2.500      0.4962    
   2.600      0.4947    
   2.700      0.4932    
   2.800      0.4916    
   2.900      0.4900    
   3.000      0.4883    
   3.100      0.4866    
   3.200      0.4848    
   3.300      0.4830    
   3.400      0.4811    
   3.500      0.4791    
   3.600      0.4771    
   3.700      0.4750    
   3.800      0.4729    
   3.900      0.4707    
   4.000      0.4685    
   4.100      0.4662    
   4.200      0.4638    
   4.300      0.4614    
   4.400      0.4589    
   4.500      0.4564    
   4.600      0.4538    
   4.700      0.4512    
   4.800      0.4484    
   4.900      0.4457    
   5.000      0.4428    
   5.100      0.4399    
   5.200      0.4370    
   5.300      0.4339    
   5.400      0.4308    
   5.500      0.4277    
   5.600      0.4244    
   5.700      0.4212    
   5.800      0.4178    
   5.900      0.4144    
   6.000      0.4109    
   6.100      0.4074    
   6.200      0.4037    
   6.300      0.4001    
   6.400      0.3963    
   6.500      0.3925    
   6.600      0.3886    
   6.700      0.3847    
   6.800      0.3807    
   6.900      0.3767    
   7.000      0.3725    
   7.100      0.3684    
   7.200      0.3641    
   7.300      0.3598    
   7.400      0.3555    
   7.500      0.3511    
   7.600      0.3466    
   7.700      0.3421    
   7.800      0.3376    
   7.900      0.3330    
   8.000      0.3283    
   8.100      0.3236    
   8.200      0.3189    
   8.300      0.3141    
   8.400      0.3093    
   8.500      0.3045    
   8.600      0.2996    
   8.700      0.2947    
   8.800      0.2898    
   8.900      0.2849    
   9.000      0.2799    
   9.100      0.2749    
   9.200      0.2700    
   9.300      0.2650    
   9.400      0.2600    
   9.500      0.2550    
   9.600      0.2500    
   9.700      0.2450    
   9.800      0.2400    
   9.900      0.2351    
   10.00      0.2301    
   10.10      0.2252    
   10.20      0.2203    
   10.30      0.2154    
   10.40      0.2106    
   10.50      0.2058    
   10.60      0.2010    
   10.70      0.1963    
   10.80      0.1916    
   10.90      0.1870    
   11.00      0.1824    
   11.10      0.1778    
   11.20      0.1734    
   11.30      0.1690    
   11.40      0.1646    
   11.50      0.1603    
   11.60      0.1561    
   11.70      0.1519    
   11.80      0.1479    
   11.90      0.1438    
   12.00      0.1399    
   12.10      0.1361    
   12.20      0.1323    
   12.30      0.1286    
   12.40      0.1250    
   12.50      0.1215    
   12.60      0.1180    
   12.70      0.1147    
   12.80      0.1114    
   12.90      0.1082    
   13.00      0.1052    
   13.10      0.1022    
   13.20      0.9924E-01
   13.30      0.9642E-01
   13.40      0.9368E-01
   13.50      0.9104E-01
   13.60      0.8848E-01
   13.70      0.8601E-01
   13.80      0.8363E-01
   13.90      0.8134E-01
   14.00      0.7913E-01
   14.10      0.7700E-01
   14.20      0.7496E-01
   14.30      0.7300E-01
   14.40      0.7113E-01
   14.50      0.6933E-01
   14.60      0.6761E-01
   14.70      0.6597E-01
   14.80      0.6440E-01
   14.90      0.6290E-01
   15.00      0.6148E-01
   15.10      0.6012E-01
   15.20      0.5884E-01
   15.30      0.5762E-01
   15.40      0.5646E-01
   15.50      0.5536E-01
   15.60      0.5432E-01
   15.70      0.5334E-01
   15.80      0.5241E-01
   15.90      0.5154E-01
   16.00      0.5072E-01
   16.10      0.4994E-01
   16.20      0.4921E-01
   16.30      0.4853E-01
   16.40      0.4788E-01
   16.50      0.4728E-01
   16.60      0.4671E-01
   16.70      0.4618E-01
   16.80      0.4568E-01
   16.90      0.4521E-01
   17.00      0.4477E-01
   17.10      0.4435E-01
   17.20      0.4396E-01
   17.30      0.4360E-01
   17.40      0.4325E-01
   17.50      0.4292E-01
   17.60      0.4261E-01
   17.70      0.4231E-01
   17.80      0.4203E-01
   17.90      0.4176E-01
   18.00      0.4150E-01
   18.10      0.4125E-01
   18.20      0.4101E-01
   18.30      0.4077E-01
   18.40      0.4054E-01
   18.50      0.4031E-01
   18.60      0.4008E-01
   18.70      0.3985E-01
   18.80      0.3963E-01
   18.90      0.3940E-01
   19.00      0.3917E-01
   19.10      0.3894E-01
   19.20      0.3870E-01
   19.30      0.3846E-01
   19.40      0.3822E-01
   19.50      0.3797E-01
   19.60      0.3771E-01
   19.70      0.3745E-01
   19.80      0.3718E-01
   19.90      0.3690E-01
   20.00      0.3661E-01
   20.10      0.3632E-01
   20.20      0.3602E-01
   20.30      0.3571E-01
   20.40      0.3539E-01
   20.50      0.3506E-01
   20.60      0.3472E-01
   20.70      0.3438E-01
   20.80      0.3402E-01
   20.90      0.3366E-01
   21.00      0.3329E-01
   21.10      0.3291E-01
   21.20      0.3253E-01
   21.30      0.3213E-01
   21.40      0.3173E-01
   21.50      0.3132E-01
   21.60      0.3090E-01
   21.70      0.3048E-01
   21.80      0.3005E-01
   21.90      0.2962E-01
   22.00      0.2918E-01
   22.10      0.2873E-01
   22.20      0.2828E-01
   22.30      0.2783E-01
   22.40      0.2737E-01
   22.50      0.2691E-01
   22.60      0.2645E-01
   22.70      0.2598E-01
   22.80      0.2552E-01
   22.90      0.2505E-01
   23.00      0.2458E-01
   23.10      0.2411E-01
   23.20      0.2364E-01
   23.30      0.2317E-01
   23.40      0.2270E-01
   23.50      0.2224E-01
   23.60      0.2177E-01
   23.70      0.2131E-01
   23.80      0.2085E-01
   23.90      0.2039E-01
   24.00      0.1994E-01
   24.10      0.1949E-01
   24.20      0.1905E-01
   24.30      0.1861E-01
   24.40      0.1818E-01
   24.50      0.1775E-01
   24.60      0.1733E-01
   24.70      0.1692E-01
   24.80      0.1651E-01
   24.90      0.1611E-01
   25.00      0.1571E-01
   25.10      0.1533E-01
   25.20      0.1495E-01
   25.30      0.1458E-01
   25.40      0.1421E-01
   25.50      0.1386E-01
   25.60      0.1351E-01
   25.70      0.1318E-01
   25.80      0.1285E-01
   25.90      0.1253E-01
   26.00      0.1222E-01
   26.10      0.1192E-01
   26.20      0.1163E-01
   26.30      0.1135E-01
   26.40      0.1107E-01
   26.50      0.1081E-01
   26.60      0.1055E-01
   26.70      0.1031E-01
   26.80      0.1007E-01
   26.90      0.9845E-02
   27.00      0.9628E-02
   27.10      0.9419E-02
   27.20      0.9220E-02
   27.30      0.9029E-02
   27.40      0.8847E-02
   27.50      0.8673E-02
   27.60      0.8508E-02
   27.70      0.8351E-02
   27.80      0.8202E-02
   27.90      0.8062E-02
   28.00      0.7928E-02
   28.10      0.7803E-02
   28.20      0.7685E-02
   28.30      0.7573E-02
   28.40      0.7469E-02
   28.50      0.7371E-02
   28.60      0.7280E-02
   28.70      0.7195E-02
   28.80      0.7116E-02
   28.90      0.7042E-02
   29.00      0.6974E-02
   29.10      0.6911E-02
   29.20      0.6852E-02
   29.30      0.6799E-02
   29.40      0.6749E-02
   29.50      0.6704E-02
   29.60      0.6662E-02
   29.70      0.6624E-02
   29.80      0.6589E-02
   29.90      0.6558E-02
   30.00      0.6529E-02
   30.10      0.6502E-02
   30.20      0.6478E-02
   30.30      0.6455E-02
   30.40      0.6435E-02
   30.50      0.6415E-02
   30.60      0.6397E-02
   30.70      0.6380E-02
   30.80      0.6364E-02
   30.90      0.6349E-02
   31.00      0.6334E-02
   31.10      0.6319E-02
   31.20      0.6304E-02
   31.30      0.6289E-02
   31.40      0.6273E-02
   31.50      0.6257E-02
   31.60      0.6241E-02
   31.70      0.6223E-02
   31.80      0.6205E-02
   31.90      0.6185E-02
   32.00      0.6164E-02
   32.10      0.6142E-02
   32.20      0.6119E-02
   32.30      0.6093E-02
   32.40      0.6067E-02
   32.50      0.6038E-02
   32.60      0.6008E-02
   32.70      0.5976E-02
   32.80      0.5942E-02
   32.90      0.5906E-02
   33.00      0.5869E-02
   33.10      0.5829E-02
   33.20      0.5788E-02
   33.30      0.5744E-02
   33.40      0.5699E-02
   33.50      0.5651E-02
   33.60      0.5602E-02
   33.70      0.5551E-02
   33.80      0.5498E-02
   33.90      0.5443E-02
   34.00      0.5386E-02
   34.10      0.5327E-02
   34.20      0.5267E-02
   34.30      0.5206E-02
   34.40      0.5142E-02
   34.50      0.5077E-02
   34.60      0.5011E-02
   34.70      0.4944E-02
   34.80      0.4875E-02
   34.90      0.4805E-02
   35.00      0.4734E-02
   35.10      0.4662E-02
   35.20      0.4589E-02
   35.30      0.4515E-02
   35.40      0.4441E-02
   35.50      0.4366E-02
   35.60      0.4290E-02
   35.70      0.4214E-02
   35.80      0.4138E-02
   35.90      0.4062E-02
   36.00      0.3985E-02
   36.10      0.3908E-02
   36.20      0.3831E-02
   36.30      0.3755E-02
   36.40      0.3678E-02
   36.50      0.3602E-02
   36.60      0.3526E-02
   36.70      0.3451E-02
   36.80      0.3376E-02
   36.90      0.3302E-02
   37.00      0.3229E-02
   37.10      0.3156E-02
   37.20      0.3084E-02
   37.30      0.3013E-02
   37.40      0.2943E-02
   37.50      0.2875E-02
   37.60      0.2807E-02
   37.70      0.2740E-02
   37.80      0.2674E-02
   37.90      0.2610E-02
   38.00      0.2547E-02
   38.10      0.2485E-02
   38.20      0.2425E-02
   38.30      0.2365E-02
   38.40      0.2308E-02
   38.50      0.2251E-02
   38.60      0.2197E-02
   38.70      0.2143E-02
   38.80      0.2091E-02
   38.90      0.2041E-02
   39.00      0.1992E-02
   39.10      0.1945E-02
   39.20      0.1899E-02
   39.30      0.1854E-02
   39.40      0.1811E-02
   39.50      0.1770E-02
   39.60      0.1730E-02
   39.70      0.1692E-02
   39.80      0.1655E-02
   39.90      0.1619E-02
   40.00      0.1585E-02
   40.10      0.1552E-02
   40.20      0.1521E-02
   40.30      0.1491E-02
   40.40      0.1463E-02
   40.50      0.1436E-02
   40.60      0.1410E-02
   40.70      0.1385E-02
   40.80      0.1362E-02
   40.90      0.1340E-02
   41.00      0.1319E-02
   41.10      0.1299E-02
   41.20      0.1280E-02
   41.30      0.1262E-02
   41.40      0.1246E-02
   41.50      0.1230E-02
   41.60      0.1216E-02
   41.70      0.1202E-02
   41.80      0.1189E-02
   41.90      0.1177E-02
   42.00      0.1166E-02
   42.10      0.1156E-02
   42.20      0.1146E-02
   42.30      0.1138E-02
   42.40      0.1130E-02
   42.50      0.1122E-02
   42.60      0.1115E-02
   42.70      0.1109E-02
   42.80      0.1103E-02
   42.90      0.1098E-02
   43.00      0.1093E-02
   43.10      0.1088E-02
   43.20      0.1084E-02
   43.30      0.1081E-02
   43.40      0.1077E-02
   43.50      0.1074E-02
   43.60      0.1072E-02
   43.70      0.1069E-02
   43.80      0.1067E-02
   43.90      0.1065E-02
   44.00      0.1062E-02
   44.10      0.1061E-02
   44.20      0.1059E-02
   44.30      0.1057E-02
   44.40      0.1055E-02
   44.50      0.1053E-02
   44.60      0.1052E-02
   44.70      0.1050E-02
   44.80      0.1048E-02
   44.90      0.1046E-02
   45.00      0.1044E-02
   45.10      0.1042E-02
   45.20      0.1039E-02
   45.30      0.1037E-02
   45.40      0.1034E-02
   45.50      0.1031E-02
   45.60      0.1028E-02
   45.70      0.1025E-02
   45.80      0.1022E-02
   45.90      0.1018E-02
   46.00      0.1014E-02
   46.10      0.1010E-02
   46.20      0.1006E-02
   46.30      0.1001E-02
   46.40      0.9961E-03
   46.50      0.9908E-03
   46.60      0.9853E-03
   46.70      0.9796E-03
   46.80      0.9735E-03
   46.90      0.9671E-03
   47.00      0.9605E-03
   47.10      0.9536E-03
   47.20      0.9464E-03
   47.30      0.9389E-03
   47.40      0.9311E-03
   47.50      0.9231E-03
   47.60      0.9148E-03
   47.70      0.9062E-03
   47.80      0.8974E-03
   47.90      0.8883E-03
   48.00      0.8790E-03
   48.10      0.8694E-03
   48.20      0.8596E-03
   48.30      0.8496E-03
   48.40      0.8394E-03
   48.50      0.8289E-03
   48.60      0.8183E-03
   48.70      0.8075E-03
   48.80      0.7966E-03
   48.90      0.7854E-03
   49.00      0.7742E-03
   49.10      0.7628E-03
   49.20      0.7513E-03
   49.30      0.7397E-03
   49.40      0.7280E-03
   49.50      0.7162E-03
   49.60      0.7043E-03
   49.70      0.6924E-03
   49.80      0.6805E-03
   49.90      0.6685E-03
   50.00      0.6565E-03
   50.10      0.6445E-03
   50.20      0.6326E-03
   50.30      0.6206E-03
   50.40      0.6087E-03
   50.50      0.5969E-03
   50.60      0.5851E-03
   50.70      0.5734E-03
   50.80      0.5618E-03
   50.90      0.5503E-03
   51.00      0.5389E-03
   51.10      0.5276E-03
   51.20      0.5165E-03
   51.30      0.5055E-03
   51.40      0.4946E-03
   51.50      0.4840E-03
   51.60      0.4735E-03
   51.70      0.4632E-03
   51.80      0.4530E-03
   51.90      0.4431E-03
   52.00      0.4334E-03
   52.10      0.4239E-03
   52.20      0.4146E-03
   52.30      0.4055E-03
   52.40      0.3967E-03
   52.50      0.3881E-03
   52.60      0.3797E-03
   52.70      0.3716E-03
   52.80      0.3637E-03
   52.90      0.3560E-03
   53.00      0.3486E-03
   53.10      0.3415E-03
   53.20      0.3346E-03
   53.30      0.3279E-03
   53.40      0.3215E-03
   53.50      0.3153E-03
   53.60      0.3094E-03
   53.70      0.3037E-03
   53.80      0.2983E-03
   53.90      0.2931E-03
   54.00      0.2881E-03
   54.10      0.2834E-03
   54.20      0.2789E-03
   54.30      0.2746E-03
   54.40      0.2705E-03
   54.50      0.2667E-03
   54.60      0.2630E-03
   54.70      0.2596E-03
   54.80      0.2564E-03
   54.90      0.2533E-03
   55.00      0.2505E-03
   55.10      0.2478E-03
   55.20      0.2453E-03
   55.30      0.2430E-03
   55.40      0.2409E-03
   55.50      0.2389E-03
   55.60      0.2370E-03
   55.70      0.2353E-03
   55.80      0.2337E-03
   55.90      0.2323E-03
   56.00      0.2310E-03
   56.10      0.2298E-03
   56.20      0.2287E-03
   56.30      0.2277E-03
   56.40      0.2268E-03
   56.50      0.2260E-03
   56.60      0.2253E-03
   56.70      0.2247E-03
   56.80      0.2242E-03
   56.90      0.2237E-03
   57.00      0.2232E-03
   57.10      0.2228E-03
   57.20      0.2225E-03
   57.30      0.2222E-03
   57.40      0.2220E-03
   57.50      0.2217E-03
   57.60      0.2215E-03
   57.70      0.2213E-03
   57.80      0.2212E-03
   57.90      0.2210E-03
   58.00      0.2209E-03
   58.10      0.2207E-03
   58.20      0.2206E-03
   58.30      0.2204E-03
   58.40      0.2202E-03
   58.50      0.2200E-03
   58.60      0.2198E-03
   58.70      0.2195E-03
   58.80      0.2193E-03
   58.90      0.2190E-03
   59.00      0.2186E-03
   59.10      0.2183E-03
   59.20      0.2179E-03
   59.30      0.2174E-03
   59.40      0.2169E-03
   59.50      0.2164E-03
   59.60      0.2158E-03
   59.70      0.2151E-03
   59.80      0.2144E-03
   59.90      0.2136E-03
   60.00      0.2128E-03
   60.10      0.2120E-03
   60.20      0.2110E-03
   60.30      0.2100E-03
   60.40      0.2090E-03
   60.50      0.2079E-03
   60.60      0.2067E-03
   60.70      0.2055E-03
   60.80      0.2042E-03
   60.90      0.2028E-03
   61.00      0.2014E-03
   61.10      0.2000E-03
   61.20      0.1984E-03
   61.30      0.1968E-03
   61.40      0.1952E-03
   61.50      0.1935E-03
   61.60      0.1917E-03
   61.70      0.1899E-03
   61.80      0.1881E-03
   61.90      0.1862E-03
   62.00      0.1842E-03
   62.10      0.1822E-03
   62.20      0.1801E-03
   62.30      0.1780E-03
   62.40      0.1759E-03
   62.50      0.1737E-03
   62.60      0.1715E-03
   62.70      0.1692E-03
   62.80      0.1670E-03
   62.90      0.1646E-03
   63.00      0.1623E-03
   63.10      0.1599E-03
   63.20      0.1575E-03
   63.30      0.1551E-03
   63.40      0.1527E-03
   63.50      0.1503E-03
   63.60      0.1478E-03
   63.70      0.1454E-03
   63.80      0.1429E-03
   63.90      0.1404E-03
   64.00      0.1380E-03
   64.10      0.1355E-03
   64.20      0.1330E-03
   64.30      0.1306E-03
   64.40      0.1281E-03
   64.50      0.1257E-03
   64.60      0.1232E-03
   64.70      0.1208E-03
   64.80      0.1184E-03
   64.90      0.1160E-03
   65.00      0.1137E-03
   65.10      0.1113E-03
   65.20      0.1090E-03
   65.30      0.1067E-03
   65.40      0.1045E-03
   65.50      0.1022E-03
   65.60      0.1000E-03
   65.70      0.9788E-04
   65.80      0.9575E-04
   65.90      0.9366E-04
   66.00      0.9160E-04
   66.10      0.8958E-04
   66.20      0.8760E-04
   66.30      0.8566E-04
   66.40      0.8376E-04
   66.50      0.8191E-04
   66.60      0.8009E-04
   66.70      0.7832E-04
   66.80      0.7659E-04
   66.90      0.7491E-04
   67.00      0.7327E-04
   67.10      0.7167E-04
   67.20      0.7012E-04
   67.30      0.6861E-04
   67.40      0.6715E-04
   67.50      0.6574E-04
   67.60      0.6437E-04
   67.70      0.6305E-04
   67.80      0.6177E-04
   67.90      0.6054E-04
   68.00      0.5935E-04
   68.10      0.5820E-04
   68.20      0.5711E-04
   68.30      0.5605E-04
   68.40      0.5504E-04
   68.50      0.5407E-04
   68.60      0.5314E-04
   68.70      0.5226E-04
   68.80      0.5141E-04
   68.90      0.5061E-04
   69.00      0.4984E-04
   69.10      0.4912E-04
   69.20      0.4843E-04
   69.30      0.4778E-04
   69.40      0.4717E-04
   69.50      0.4659E-04
   69.60      0.4605E-04
   69.70      0.4554E-04
   69.80      0.4507E-04
   69.90      0.4463E-04
   70.00      0.4421E-04
   70.10      0.4383E-04
   70.20      0.4348E-04
   70.30      0.4316E-04
   70.40      0.4286E-04
   70.50      0.4259E-04
   70.60      0.4234E-04
   70.70      0.4212E-04
   70.80      0.4192E-04
   70.90      0.4174E-04
   71.00      0.4158E-04
   71.10      0.4145E-04
   71.20      0.4133E-04
   71.30      0.4123E-04
   71.40      0.4114E-04
   71.50      0.4107E-04
   71.60      0.4102E-04
   71.70      0.4098E-04
   71.80      0.4095E-04
   71.90      0.4094E-04
   72.00      0.4093E-04
   72.10      0.4093E-04
   72.20      0.4095E-04
   72.30      0.4097E-04
   72.40      0.4100E-04
   72.50      0.4103E-04
   72.60      0.4107E-04
   72.70      0.4112E-04
   72.80      0.4117E-04
   72.90      0.4122E-04
   73.00      0.4127E-04
   73.10      0.4133E-04
   73.20      0.4138E-04
   73.30      0.4144E-04
   73.40      0.4150E-04
   73.50      0.4155E-04
   73.60      0.4161E-04
   73.70      0.4166E-04
   73.80      0.4171E-04
   73.90      0.4175E-04
   74.00      0.4180E-04
   74.10      0.4183E-04
   74.20      0.4187E-04
   74.30      0.4189E-04
   74.40      0.4192E-04
   74.50      0.4193E-04
   74.60      0.4194E-04
   74.70      0.4194E-04
   74.80      0.4193E-04
   74.90      0.4192E-04
   75.00      0.4189E-04
   75.10      0.4186E-04
   75.20      0.4182E-04
   75.30      0.4177E-04
   75.40      0.4171E-04
   75.50      0.4164E-04
   75.60      0.4156E-04
   75.70      0.4147E-04
   75.80      0.4137E-04
   75.90      0.4125E-04
   76.00      0.4113E-04
   76.10      0.4099E-04
   76.20      0.4085E-04
   76.30      0.4069E-04
   76.40      0.4051E-04
   76.50      0.4033E-04
   76.60      0.4014E-04
   76.70      0.3993E-04
   76.80      0.3971E-04
   76.90      0.3947E-04
   77.00      0.3923E-04
   77.10      0.3897E-04
   77.20      0.3870E-04
   77.30      0.3842E-04
   77.40      0.3813E-04
   77.50      0.3783E-04
   77.60      0.3751E-04
   77.70      0.3718E-04
   77.80      0.3685E-04
   77.90      0.3650E-04
   78.00      0.3614E-04
   78.10      0.3577E-04
   78.20      0.3539E-04
   78.30      0.3501E-04
   78.40      0.3461E-04
   78.50      0.3421E-04
   78.60      0.3380E-04
   78.70      0.3338E-04
   78.80      0.3295E-04
   78.90      0.3252E-04
   79.00      0.3208E-04
   79.10      0.3164E-04
   79.20      0.3119E-04
   79.30      0.3074E-04
   79.40      0.3028E-04
   79.50      0.2983E-04
   79.60      0.2937E-04
   79.70      0.2890E-04
   79.80      0.2844E-04
   79.90      0.2798E-04
   80.00      0.2751E-04
   80.10      0.2705E-04
   80.20      0.2659E-04
   80.30      0.2613E-04
   80.40      0.2567E-04
   80.50      0.2522E-04
   80.60      0.2477E-04
   80.70      0.2432E-04
   80.80      0.2387E-04
   80.90      0.2343E-04
   81.00      0.2300E-04
   81.10      0.2257E-04
   81.20      0.2215E-04
   81.30      0.2173E-04
   81.40      0.2132E-04
   81.50      0.2091E-04
   81.60      0.2051E-04
   81.70      0.2012E-04
   81.80      0.1974E-04
   81.90      0.1936E-04
   82.00      0.1899E-04
   82.10      0.1863E-04
   82.20      0.1827E-04
   82.30      0.1793E-04
   82.40      0.1759E-04
   82.50      0.1725E-04
   82.60      0.1693E-04
   82.70      0.1661E-04
   82.80      0.1630E-04
   82.90      0.1600E-04
   83.00      0.1571E-04
   83.10      0.1542E-04
   83.20      0.1514E-04
   83.30      0.1487E-04
   83.40      0.1460E-04
   83.50      0.1435E-04
   83.60      0.1410E-04
   83.70      0.1385E-04
   83.80      0.1362E-04
   83.90      0.1339E-04
   84.00      0.1316E-04
   84.10      0.1295E-04
   84.20      0.1274E-04
   84.30      0.1254E-04
   84.40      0.1234E-04
   84.50      0.1215E-04
   84.60      0.1197E-04
   84.70      0.1179E-04
   84.80      0.1162E-04
   84.90      0.1145E-04
   85.00      0.1130E-04
   85.10      0.1114E-04
   85.20      0.1100E-04
   85.30      0.1086E-04
   85.40      0.1072E-04
   85.50      0.1060E-04
   85.60      0.1048E-04
   85.70      0.1036E-04
   85.80      0.1025E-04
   85.90      0.1015E-04
   86.00      0.1005E-04
   86.10      0.9955E-05
   86.20      0.9868E-05
   86.30      0.9787E-05
   86.40      0.9711E-05
   86.50      0.9641E-05
   86.60      0.9577E-05
   86.70      0.9517E-05
   86.80      0.9463E-05
   86.90      0.9413E-05
   87.00      0.9369E-05
   87.10      0.9329E-05
   87.20      0.9294E-05
   87.30      0.9263E-05
   87.40      0.9236E-05
   87.50      0.9214E-05
   87.60      0.9194E-05
   87.70      0.9179E-05
   87.80      0.9167E-05
   87.90      0.9157E-05
   88.00      0.9151E-05
   88.10      0.9147E-05
   88.20      0.9145E-05
   88.30      0.9146E-05
   88.40      0.9148E-05
   88.50      0.9151E-05
   88.60      0.9156E-05
   88.70      0.9162E-05
   88.80      0.9168E-05
   88.90      0.9175E-05
   89.00      0.9182E-05
   89.10      0.9189E-05
   89.20      0.9195E-05
   89.30      0.9201E-05
   89.40      0.9206E-05
   89.50      0.9210E-05
   89.60      0.9212E-05
   89.70      0.9213E-05
   89.80      0.9213E-05
   89.90      0.9211E-05
   90.00      0.9207E-05
   90.10      0.9200E-05
   90.20      0.9192E-05
   90.30      0.9181E-05
   90.40      0.9168E-05
   90.50      0.9152E-05
   90.60      0.9133E-05
   90.70      0.9112E-05
   90.80      0.9089E-05
   90.90      0.9062E-05
   91.00      0.9033E-05
   91.10      0.9001E-05
   91.20      0.8967E-05
   91.30      0.8930E-05
   91.40      0.8890E-05
   91.50      0.8848E-05
   91.60      0.8803E-05
   91.70      0.8756E-05
   91.80      0.8706E-05
   91.90      0.8654E-05
   92.00      0.8600E-05
   92.10      0.8544E-05
   92.20      0.8485E-05
   92.30      0.8425E-05
   92.40      0.8363E-05
   92.50      0.8299E-05
   92.60      0.8233E-05
   92.70      0.8166E-05
   92.80      0.8097E-05
   92.90      0.8027E-05
   93.00      0.7955E-05
   93.10      0.7883E-05
   93.20      0.7809E-05
   93.30      0.7734E-05
   93.40      0.7657E-05
   93.50      0.7580E-05
   93.60      0.7502E-05
   93.70      0.7424E-05
   93.80      0.7344E-05
   93.90      0.7264E-05
   94.00      0.7183E-05
   94.10      0.7101E-05
   94.20      0.7019E-05
   94.30      0.6937E-05
   94.40      0.6854E-05
   94.50      0.6770E-05
   94.60      0.6687E-05
   94.70      0.6602E-05
   94.80      0.6518E-05
   94.90      0.6433E-05
   95.00      0.6348E-05
   95.10      0.6263E-05
   95.20      0.6178E-05
   95.30      0.6093E-05
   95.40      0.6008E-05
   95.50      0.5923E-05
   95.60      0.5837E-05
   95.70      0.5752E-05
   95.80      0.5668E-05
   95.90      0.5583E-05
   96.00      0.5499E-05
   96.10      0.5415E-05
   96.20      0.5332E-05
   96.30      0.5249E-05
   96.40      0.5167E-05
   96.50      0.5085E-05
   96.60      0.5004E-05
   96.70      0.4924E-05
   96.80      0.4845E-05
   96.90      0.4767E-05
   97.00      0.4689E-05
   97.10      0.4613E-05
   97.20      0.4537E-05
   97.30      0.4463E-05
   97.40      0.4390E-05
   97.50      0.4318E-05
   97.60      0.4248E-05
   97.70      0.4178E-05
   97.80      0.4110E-05
   97.90      0.4044E-05
   98.00      0.3978E-05
   98.10      0.3914E-05
   98.20      0.3852E-05
   98.30      0.3791E-05
   98.40      0.3731E-05
   98.50      0.3672E-05
   98.60      0.3615E-05
   98.70      0.3560E-05
   98.80      0.3505E-05
   98.90      0.3452E-05
   99.00      0.3400E-05
   99.10      0.3349E-05
   99.20      0.3300E-05
   99.30      0.3251E-05
   99.40      0.3204E-05
   99.50      0.3158E-05
   99.60      0.3112E-05
   99.70      0.3068E-05
   99.80      0.3025E-05
   99.90      0.2982E-05
   100.0      0.2940E-05
   100.1      0.2899E-05
   100.2      0.2859E-05
   100.3      0.2820E-05
   100.4      0.2781E-05
   100.5      0.2743E-05
   100.6      0.2705E-05
   100.7      0.2669E-05
   100.8      0.2633E-05
   100.9      0.2598E-05
   101.0      0.2563E-05
   101.1      0.2529E-05
   101.2      0.2496E-05
   101.3      0.2464E-05
   101.4      0.2432E-05
   101.5      0.2402E-05
   101.6      0.2372E-05
   101.7      0.2343E-05
   101.8      0.2316E-05
   101.9      0.2289E-05
   102.0      0.2264E-05
   102.1      0.2240E-05
   102.2      0.2217E-05
   102.3      0.2196E-05
   102.4      0.2176E-05
   102.5      0.2158E-05
   102.6      0.2141E-05
   102.7      0.2126E-05
   102.8      0.2113E-05
   102.9      0.2102E-05
   103.0      0.2092E-05
   103.1      0.2085E-05
   103.2      0.2079E-05
   103.3      0.2075E-05
   103.4      0.2073E-05
   103.5      0.2074E-05
   103.6      0.2076E-05
   103.7      0.2080E-05
   103.8      0.2086E-05
   103.9      0.2095E-05
   104.0      0.2105E-05
   104.1      0.2117E-05
   104.2      0.2130E-05
   104.3      0.2146E-05
   104.4      0.2163E-05
   104.5      0.2181E-05
   104.6      0.2201E-05
   104.7      0.2223E-05
   104.8      0.2245E-05
   104.9      0.2269E-05
   105.0      0.2293E-05
   105.1      0.2318E-05
   105.2      0.2344E-05
   105.3      0.2370E-05
   105.4      0.2397E-05
   105.5      0.2424E-05
   105.6      0.2450E-05
   105.7      0.2477E-05
   105.8      0.2503E-05
   105.9      0.2529E-05
   106.0      0.2554E-05
   106.1      0.2578E-05
   106.2      0.2602E-05
   106.3      0.2624E-05
   106.4      0.2646E-05
   106.5      0.2666E-05
   106.6      0.2685E-05
   106.7      0.2702E-05
   106.8      0.2718E-05
   106.9      0.2732E-05
   107.0      0.2745E-05
   107.1      0.2755E-05
   107.2      0.2764E-05
   107.3      0.2772E-05
   107.4      0.2777E-05
   107.5      0.2781E-05
   107.6      0.2784E-05
   107.7      0.2784E-05
   107.8      0.2783E-05
   107.9      0.2780E-05
   108.0      0.2775E-05
   108.1      0.2770E-05
   108.2      0.2762E-05
   108.3      0.2754E-05
   108.4      0.2744E-05
   108.5      0.2733E-05
   108.6      0.2720E-05
   108.7      0.2707E-05
   108.8      0.2693E-05
   108.9      0.2678E-05
   109.0      0.2663E-05
   109.1      0.2646E-05
   109.2      0.2630E-05
   109.3      0.2613E-05
   109.4      0.2595E-05
   109.5      0.2578E-05
   109.6      0.2560E-05
   109.7      0.2542E-05
   109.8      0.2524E-05
   109.9      0.2506E-05
   110.0      0.2488E-05
   110.1      0.2470E-05
   110.2      0.2452E-05
   110.3      0.2434E-05
   110.4      0.2416E-05
   110.5      0.2399E-05
   110.6      0.2382E-05
   110.7      0.2364E-05
   110.8      0.2347E-05
   110.9      0.2330E-05
   111.0      0.2313E-05
   111.1      0.2296E-05
   111.2      0.2279E-05
   111.3      0.2261E-05
   111.4      0.2244E-05
   111.5      0.2226E-05
   111.6      0.2208E-05
   111.7      0.2190E-05
   111.8      0.2171E-05
   111.9      0.2152E-05
   112.0      0.2132E-05
   112.1      0.2112E-05
   112.2      0.2091E-05
   112.3      0.2070E-05
   112.4      0.2047E-05
   112.5      0.2024E-05
   112.6      0.2001E-05
   112.7      0.1976E-05
   112.8      0.1951E-05
   112.9      0.1925E-05
   113.0      0.1898E-05
   113.1      0.1871E-05
   113.2      0.1842E-05
   113.3      0.1813E-05
   113.4      0.1784E-05
   113.5      0.1753E-05
   113.6      0.1722E-05
   113.7      0.1690E-05
   113.8      0.1658E-05
   113.9      0.1626E-05
   114.0      0.1593E-05
   114.1      0.1560E-05
   114.2      0.1527E-05
   114.3      0.1493E-05
   114.4      0.1460E-05
   114.5      0.1426E-05
   114.6      0.1393E-05
   114.7      0.1360E-05
   114.8      0.1327E-05
   114.9      0.1294E-05
   115.0      0.1262E-05
   115.1      0.1231E-05
   115.2      0.1200E-05
   115.3      0.1170E-05
   115.4      0.1141E-05
   115.5      0.1112E-05
   115.6      0.1084E-05
   115.7      0.1057E-05
   115.8      0.1032E-05
   115.9      0.1007E-05
   116.0      0.9827E-06
   116.1      0.9597E-06
   116.2      0.9377E-06
   116.3      0.9168E-06
   116.4      0.8968E-06
   116.5      0.8779E-06
   116.6      0.8599E-06
   116.7      0.8428E-06
   116.8      0.8267E-06
   116.9      0.8115E-06
   117.0      0.7971E-06
   117.1      0.7835E-06
   117.2      0.7706E-06
   117.3      0.7585E-06
   117.4      0.7470E-06
   117.5      0.7361E-06
   117.6      0.7258E-06
   117.7      0.7160E-06
   117.8      0.7066E-06
   117.9      0.6976E-06
   118.0      0.6890E-06
   118.1      0.6808E-06
   118.2      0.6728E-06
   118.3      0.6650E-06
   118.4      0.6574E-06
   118.5      0.6501E-06
   118.6      0.6429E-06
   118.7      0.6358E-06
   118.8      0.6289E-06
   118.9      0.6220E-06
   119.0      0.6153E-06
   119.1      0.6088E-06
   119.2      0.6023E-06
   119.3      0.5960E-06
   119.4      0.5899E-06
   119.5      0.5839E-06
   119.6      0.5781E-06
   119.7      0.5726E-06
   119.8      0.5673E-06
   119.9      0.5623E-06
   120.0      0.5577E-06
   120.1      0.5534E-06
   120.2      0.5494E-06
   120.3      0.5459E-06
   120.4      0.5429E-06
   120.5      0.5403E-06
   120.6      0.5383E-06
   120.7      0.5368E-06
   120.8      0.5358E-06
   120.9      0.5354E-06
   121.0      0.5357E-06
   121.1      0.5365E-06
   121.2      0.5379E-06
   121.3      0.5400E-06
   121.4      0.5426E-06
   121.5      0.5459E-06
   121.6      0.5497E-06
   121.7      0.5541E-06
   121.8      0.5590E-06
   121.9      0.5644E-06
   122.0      0.5702E-06
   122.1      0.5765E-06
   122.2      0.5832E-06
   122.3      0.5902E-06
   122.4      0.5974E-06
   122.5      0.6049E-06
   122.6      0.6126E-06
   122.7      0.6204E-06
   122.8      0.6282E-06
   122.9      0.6360E-06
   123.0      0.6437E-06
   123.1      0.6513E-06
   123.2      0.6588E-06
   123.3      0.6660E-06
   123.4      0.6729E-06
   123.5      0.6795E-06
   123.6      0.6858E-06
   123.7      0.6916E-06
   123.8      0.6970E-06
   123.9      0.7020E-06
   124.0      0.7065E-06
   124.1      0.7105E-06
   124.2      0.7140E-06
   124.3      0.7170E-06
   124.4      0.7195E-06
   124.5      0.7215E-06
   124.6      0.7231E-06
   124.7      0.7242E-06
   124.8      0.7250E-06
   124.9      0.7254E-06
   125.0      0.7255E-06
   125.1      0.7253E-06
   125.2      0.7249E-06
   125.3      0.7243E-06
   125.4      0.7236E-06
   125.5      0.7229E-06
   125.6      0.7222E-06
   125.7      0.7216E-06
   125.8      0.7212E-06
   125.9      0.7209E-06
   126.0      0.7210E-06
   126.1      0.7213E-06
   126.2      0.7221E-06
   126.3      0.7232E-06
   126.4      0.7249E-06
   126.5      0.7270E-06
   126.6      0.7298E-06
   126.7      0.7331E-06
   126.8      0.7370E-06
   126.9      0.7416E-06
   127.0      0.7468E-06
   127.1      0.7526E-06
   127.2      0.7591E-06
   127.3      0.7662E-06
   127.4      0.7738E-06
   127.5      0.7821E-06
   127.6      0.7909E-06
   127.7      0.8001E-06
   127.8      0.8098E-06
   127.9      0.8199E-06
   128.0      0.8303E-06
   128.1      0.8410E-06
   128.2      0.8518E-06
   128.3      0.8628E-06
   128.4      0.8737E-06
   128.5      0.8846E-06
   128.6      0.8954E-06
   128.7      0.9060E-06
   128.8      0.9163E-06
   128.9      0.9262E-06
   129.0      0.9356E-06
   129.1      0.9445E-06
   129.2      0.9528E-06
   129.3      0.9604E-06
   129.4      0.9673E-06
   129.5      0.9734E-06
   129.6      0.9786E-06
   129.7      0.9830E-06
   129.8      0.9864E-06
   129.9      0.9889E-06
   130.0      0.9905E-06
   130.1      0.9910E-06
   130.2      0.9906E-06
   130.3      0.9892E-06
   130.4      0.9868E-06
   130.5      0.9834E-06
   130.6      0.9792E-06
   130.7      0.9740E-06
   130.8      0.9681E-06
   130.9      0.9613E-06
   131.0      0.9538E-06
   131.1      0.9456E-06
   131.2      0.9369E-06
   131.3      0.9276E-06
   131.4      0.9178E-06
   131.5      0.9076E-06
   131.6      0.8971E-06
   131.7      0.8864E-06
   131.8      0.8756E-06
   131.9      0.8646E-06
   132.0      0.8537E-06
   132.1      0.8428E-06
   132.2      0.8321E-06
   132.3      0.8215E-06
   132.4      0.8112E-06
   132.5      0.8013E-06
   132.6      0.7917E-06
   132.7      0.7825E-06
   132.8      0.7737E-06
   132.9      0.7654E-06
   133.0      0.7576E-06
   133.1      0.7503E-06
   133.2      0.7435E-06
   133.3      0.7371E-06
   133.4      0.7313E-06
   133.5      0.7260E-06
   133.6      0.7211E-06
   133.7      0.7167E-06
   133.8      0.7126E-06
   133.9      0.7089E-06
   134.0      0.7055E-06
   134.1      0.7023E-06
   134.2      0.6993E-06
   134.3      0.6965E-06
   134.4      0.6937E-06
   134.5      0.6910E-06
   134.6      0.6883E-06
   134.7      0.6854E-06
   134.8      0.6824E-06
   134.9      0.6792E-06
   135.0      0.6758E-06
   135.1      0.6720E-06
   135.2      0.6679E-06
   135.3      0.6634E-06
   135.4      0.6584E-06
   135.5      0.6530E-06
   135.6      0.6471E-06
   135.7      0.6408E-06
   135.8      0.6339E-06
   135.9      0.6265E-06
   136.0      0.6187E-06
   136.1      0.6104E-06
   136.2      0.6016E-06
   136.3      0.5923E-06
   136.4      0.5827E-06
   136.5      0.5728E-06
   136.6      0.5625E-06
   136.7      0.5520E-06
   136.8      0.5413E-06
   136.9      0.5304E-06
   137.0      0.5195E-06
   137.1      0.5086E-06
   137.2      0.4978E-06
   137.3      0.4871E-06
   137.4      0.4767E-06
   137.5      0.4666E-06
   137.6      0.4568E-06
   137.7      0.4474E-06
   137.8      0.4386E-06
   137.9      0.4303E-06
   138.0      0.4227E-06
   138.1      0.4157E-06
   138.2      0.4095E-06
   138.3      0.4040E-06
   138.4      0.3994E-06
   138.5      0.3956E-06
   138.6      0.3926E-06
   138.7      0.3905E-06
   138.8      0.3892E-06
   138.9      0.3888E-06
   139.0      0.3893E-06
   139.1      0.3906E-06
   139.2      0.3927E-06
   139.3      0.3956E-06
   139.4      0.3992E-06
   139.5      0.4034E-06
   139.6      0.4083E-06
   139.7      0.4137E-06
   139.8      0.4197E-06
   139.9      0.4260E-06
   140.0      0.4327E-06
   140.1      0.4396E-06
   140.2      0.4468E-06
   140.3      0.4540E-06
   140.4      0.4613E-06
   140.5      0.4685E-06
   140.6      0.4756E-06
   140.7      0.4824E-06
   140.8      0.4891E-06
   140.9      0.4953E-06
   141.0      0.5012E-06
   141.1      0.5065E-06
   141.2      0.5114E-06
   141.3      0.5157E-06
   141.4      0.5194E-06
   141.5      0.5225E-06
   141.6      0.5249E-06
   141.7      0.5266E-06
   141.8      0.5276E-06
   141.9      0.5280E-06
   142.0      0.5277E-06
   142.1      0.5268E-06
   142.2      0.5252E-06
   142.3      0.5230E-06
   142.4      0.5203E-06
   142.5      0.5170E-06
   142.6      0.5133E-06
   142.7      0.5092E-06
   142.8      0.5047E-06
   142.9      0.4999E-06
   143.0      0.4949E-06
   143.1      0.4897E-06
   143.2      0.4844E-06
   143.3      0.4792E-06
   143.4      0.4739E-06
   143.5      0.4688E-06
   143.6      0.4639E-06
   143.7      0.4592E-06
   143.8      0.4548E-06
   143.9      0.4507E-06
   144.0      0.4471E-06
   144.1      0.4439E-06
   144.2      0.4412E-06
   144.3      0.4390E-06
   144.4      0.4374E-06
   144.5      0.4363E-06
   144.6      0.4358E-06
   144.7      0.4359E-06
   144.8      0.4366E-06
   144.9      0.4378E-06
   145.0      0.4395E-06
   145.1      0.4418E-06
   145.2      0.4446E-06
   145.3      0.4478E-06
   145.4      0.4514E-06
   145.5      0.4555E-06
   145.6      0.4598E-06
   145.7      0.4644E-06
   145.8      0.4692E-06
   145.9      0.4742E-06
   146.0      0.4792E-06
   146.1      0.4843E-06
   146.2      0.4894E-06
   146.3      0.4944E-06
   146.4      0.4993E-06
   146.5      0.5040E-06
   146.6      0.5084E-06
   146.7      0.5126E-06
   146.8      0.5165E-06
   146.9      0.5200E-06
   147.0      0.5232E-06
   147.1      0.5259E-06
   147.2      0.5283E-06
   147.3      0.5302E-06
   147.4      0.5318E-06
   147.5      0.5329E-06
   147.6      0.5336E-06
   147.7      0.5339E-06
   147.8      0.5339E-06
   147.9      0.5336E-06
   148.0      0.5331E-06
   148.1      0.5323E-06
   148.2      0.5313E-06
   148.3      0.5302E-06
   148.4      0.5290E-06
   148.5      0.5279E-06
   148.6      0.5268E-06
   148.7      0.5258E-06
   148.8      0.5250E-06
   148.9      0.5245E-06
   149.0      0.5243E-06
   149.1      0.5245E-06
   149.2      0.5251E-06
   149.3      0.5262E-06
   149.4      0.5278E-06
   149.5      0.5301E-06
   149.6      0.5329E-06
   149.7      0.5364E-06
   149.8      0.5405E-06
   149.9      0.5454E-06
   150.0      0.5509E-06
   150.1      0.5571E-06
   150.2      0.5640E-06
   150.3      0.5716E-06
   150.4      0.5798E-06
   150.5      0.5886E-06
   150.6      0.5980E-06
   150.7      0.6078E-06
   150.8      0.6181E-06
   150.9      0.6288E-06
   151.0      0.6398E-06
   151.1      0.6510E-06
   151.2      0.6623E-06
   151.3      0.6737E-06
   151.4      0.6851E-06
   151.5      0.6963E-06
   151.6      0.7073E-06
   151.7      0.7180E-06
   151.8      0.7283E-06
   151.9      0.7380E-06
   152.0      0.7472E-06
   152.1      0.7557E-06
   152.2      0.7635E-06
   152.3      0.7704E-06
   152.4      0.7764E-06
   152.5      0.7815E-06
   152.6      0.7856E-06
   152.7      0.7886E-06
   152.8      0.7906E-06
   152.9      0.7915E-06
   153.0      0.7912E-06
   153.1      0.7899E-06
   153.2      0.7874E-06
   153.3      0.7839E-06
   153.4      0.7793E-06
   153.5      0.7736E-06
   153.6      0.7671E-06
   153.7      0.7596E-06
   153.8      0.7512E-06
   153.9      0.7421E-06
   154.0      0.7324E-06
   154.1      0.7220E-06
   154.2      0.7111E-06
   154.3      0.6999E-06
   154.4      0.6883E-06
   154.5      0.6765E-06
   154.6      0.6647E-06
   154.7      0.6529E-06
   154.8      0.6412E-06
   154.9      0.6298E-06
   155.0      0.6187E-06
   155.1      0.6080E-06
   155.2      0.5978E-06
   155.3      0.5882E-06
   155.4      0.5793E-06
   155.5      0.5712E-06
   155.6      0.5639E-06
   155.7      0.5574E-06
   155.8      0.5518E-06
   155.9      0.5472E-06
   156.0      0.5435E-06
   156.1      0.5407E-06
   156.2      0.5389E-06
   156.3      0.5381E-06
   156.4      0.5382E-06
   156.5      0.5391E-06
   156.6      0.5409E-06
   156.7      0.5435E-06
   156.8      0.5468E-06
   156.9      0.5508E-06
   157.0      0.5554E-06
   157.1      0.5604E-06
   157.2      0.5659E-06
   157.3      0.5718E-06
   157.4      0.5778E-06
   157.5      0.5841E-06
   157.6      0.5903E-06
   157.7      0.5966E-06
   157.8      0.6027E-06
   157.9      0.6086E-06
   158.0      0.6142E-06
   158.1      0.6194E-06
   158.2      0.6242E-06
   158.3      0.6285E-06
   158.4      0.6323E-06
   158.5      0.6354E-06
   158.6      0.6380E-06
   158.7      0.6398E-06
   158.8      0.6410E-06
   158.9      0.6415E-06
   159.0      0.6414E-06
   159.1      0.6406E-06
   159.2      0.6392E-06
   159.3      0.6373E-06
   159.4      0.6348E-06
   159.5      0.6318E-06
   159.6      0.6285E-06
   159.7      0.6248E-06
   159.8      0.6210E-06
   159.9      0.6169E-06
   160.0      0.6129E-06
   160.1      0.6089E-06
   160.2      0.6051E-06
   160.3      0.6015E-06
   160.4      0.5983E-06
   160.5      0.5956E-06
   160.6      0.5935E-06
   160.7      0.5920E-06
   160.8      0.5914E-06
   160.9      0.5915E-06
   161.0      0.5926E-06
   161.1      0.5947E-06
   161.2      0.5979E-06
   161.3      0.6021E-06
   161.4      0.6075E-06
   161.5      0.6141E-06
   161.6      0.6218E-06
   161.7      0.6308E-06
   161.8      0.6409E-06
   161.9      0.6522E-06
   162.0      0.6645E-06
   162.1      0.6779E-06
   162.2      0.6923E-06
   162.3      0.7076E-06
   162.4      0.7238E-06
   162.5      0.7406E-06
   162.6      0.7581E-06
   162.7      0.7761E-06
   162.8      0.7944E-06
   162.9      0.8130E-06
   163.0      0.8317E-06
   163.1      0.8503E-06
   163.2      0.8688E-06
   163.3      0.8870E-06
   163.4      0.9047E-06
   163.5      0.9219E-06
   163.6      0.9383E-06
   163.7      0.9539E-06
   163.8      0.9686E-06
   163.9      0.9822E-06
   164.0      0.9947E-06
   164.1      0.1006E-05
   164.2      0.1016E-05
   164.3      0.1024E-05
   164.4      0.1032E-05
   164.5      0.1037E-05
   164.6      0.1042E-05
   164.7      0.1045E-05
   164.8      0.1046E-05
   164.9      0.1046E-05
   165.0      0.1045E-05
   165.1      0.1043E-05
   165.2      0.1039E-05
   165.3      0.1035E-05
   165.4      0.1029E-05
   165.5      0.1023E-05
   165.6      0.1017E-05
   165.7      0.1009E-05
   165.8      0.1002E-05
   165.9      0.9939E-06
   166.0      0.9862E-06
   166.1      0.9788E-06
   166.2      0.9717E-06
   166.3      0.9652E-06
   166.4      0.9594E-06
   166.5      0.9545E-06
   166.6      0.9508E-06
   166.7      0.9483E-06
   166.8      0.9472E-06
   166.9      0.9476E-06
   167.0      0.9496E-06
   167.1      0.9535E-06
   167.2      0.9592E-06
   167.3      0.9668E-06
   167.4      0.9765E-06
   167.5      0.9881E-06
   167.6      0.1002E-05
   167.7      0.1018E-05
   167.8      0.1035E-05
   167.9      0.1055E-05
   168.0      0.1077E-05
   168.1      0.1100E-05
   168.2      0.1126E-05
   168.3      0.1153E-05
   168.4      0.1181E-05
   168.5      0.1211E-05
   168.6      0.1241E-05
   168.7      0.1273E-05
   168.8      0.1306E-05
   168.9      0.1339E-05
   169.0      0.1373E-05
   169.1      0.1406E-05
   169.2      0.1440E-05
   169.3      0.1473E-05
   169.4      0.1506E-05
   169.5      0.1538E-05
   169.6      0.1569E-05
   169.7      0.1599E-05
   169.8      0.1627E-05
   169.9      0.1654E-05
   170.0      0.1680E-05
   170.1      0.1703E-05
   170.2      0.1725E-05
   170.3      0.1745E-05
   170.4      0.1762E-05
   170.5      0.1777E-05
   170.6      0.1790E-05
   170.7      0.1801E-05
   170.8      0.1809E-05
   170.9      0.1815E-05
   171.0      0.1819E-05
   171.1      0.1820E-05
   171.2      0.1820E-05
   171.3      0.1818E-05
   171.4      0.1813E-05
   171.5      0.1808E-05
   171.6      0.1800E-05
   171.7      0.1791E-05
   171.8      0.1782E-05
   171.9      0.1771E-05
   172.0      0.1759E-05
   172.1      0.1748E-05
   172.2      0.1736E-05
   172.3      0.1724E-05
   172.4      0.1712E-05
   172.5      0.1701E-05
   172.6      0.1690E-05
   172.7      0.1680E-05
   172.8      0.1672E-05
   172.9      0.1665E-05
   173.0      0.1659E-05
   173.1      0.1655E-05
   173.2      0.1653E-05
   173.3      0.1653E-05
   173.4      0.1655E-05
   173.5      0.1659E-05
   173.6      0.1666E-05
   173.7      0.1675E-05
   173.8      0.1685E-05
   173.9      0.1699E-05
   174.0      0.1714E-05
   174.1      0.1731E-05
   174.2      0.1751E-05
   174.3      0.1772E-05
   174.4      0.1795E-05
   174.5      0.1820E-05
   174.6      0.1845E-05
   174.7      0.1873E-05
   174.8      0.1901E-05
   174.9      0.1929E-05
   175.0      0.1958E-05
   175.1      0.1988E-05
   175.2      0.2017E-05
   175.3      0.2046E-05
   175.4      0.2074E-05
   175.5      0.2101E-05
   175.6      0.2127E-05
   175.7      0.2152E-05
   175.8      0.2174E-05
   175.9      0.2195E-05
   176.0      0.2214E-05
   176.1      0.2230E-05
   176.2      0.2244E-05
   176.3      0.2255E-05
   176.4      0.2263E-05
   176.5      0.2267E-05
   176.6      0.2269E-05
   176.7      0.2268E-05
   176.8      0.2263E-05
   176.9      0.2256E-05
   177.0      0.2245E-05
   177.1      0.2231E-05
   177.2      0.2213E-05
   177.3      0.2193E-05
   177.4      0.2171E-05
   177.5      0.2145E-05
   177.6      0.2117E-05
   177.7      0.2088E-05
   177.8      0.2056E-05
   177.9      0.2022E-05
   178.0      0.1987E-05
   178.1      0.1951E-05
   178.2      0.1914E-05
   178.3      0.1877E-05
   178.4      0.1840E-05
   178.5      0.1802E-05
   178.6      0.1766E-05
   178.7      0.1730E-05
   178.8      0.1695E-05
   178.9      0.1662E-05
   179.0      0.1631E-05
   179.1      0.1601E-05
   179.2      0.1574E-05
   179.3      0.1550E-05
   179.4      0.1528E-05
   179.5      0.1510E-05
   179.6      0.1494E-05
   179.7      0.1482E-05
   179.8      0.1473E-05
   179.9      0.1468E-05
   180.0      0.1466E-05
 END
