#1801 angles,  1 tensor ranks for 0=projectile
@subtitle   "12C(7Li,6Li)13C @ Ed=42.82126 MeV;"                                            
@legend ON
@legend x1 0.2
@legend y1 0.8
@g0 type LOGY
@yaxis ticklabel format power
@legend string   0 "Lab energy =   42.8213"
#legend string   0 "Partition=  2 Excit=  3 near/far= 1"
#  Theta       sigma       iT11        T20         T21         T22         Kyy for projectile
   0.000      0.2903    
  0.1000      0.2903    
  0.2000      0.2902    
  0.3000      0.2902    
  0.4000      0.2902    
  0.5000      0.2901    
  0.6000      0.2900    
  0.7000      0.2900    
  0.8000      0.2899    
  0.9000      0.2898    
   1.000      0.2896    
   1.100      0.2895    
   1.200      0.2894    
   1.300      0.2892    
   1.400      0.2890    
   1.500      0.2888    
   1.600      0.2886    
   1.700      0.2884    
   1.800      0.2882    
   1.900      0.2880    
   2.000      0.2877    
   2.100      0.2874    
   2.200      0.2871    
   2.300      0.2868    
   2.400      0.2865    
   2.500      0.2861    
   2.600      0.2858    
   2.700      0.2854    
   2.800      0.2850    
   2.900      0.2846    
   3.000      0.2841    
   3.100      0.2837    
   3.200      0.2832    
   3.300      0.2827    
   3.400      0.2822    
   3.500      0.2816    
   3.600      0.2811    
   3.700      0.2805    
   3.800      0.2799    
   3.900      0.2792    
   4.000      0.2786    
   4.100      0.2779    
   4.200      0.2772    
   4.300      0.2764    
   4.400      0.2756    
   4.500      0.2748    
   4.600      0.2740    
   4.700      0.2732    
   4.800      0.2723    
   4.900      0.2714    
   5.000      0.2704    
   5.100      0.2694    
   5.200      0.2684    
   5.300      0.2674    
   5.400      0.2663    
   5.500      0.2652    
   5.600      0.2641    
   5.700      0.2629    
   5.800      0.2617    
   5.900      0.2604    
   6.000      0.2591    
   6.100      0.2578    
   6.200      0.2565    
   6.300      0.2551    
   6.400      0.2537    
   6.500      0.2522    
   6.600      0.2507    
   6.700      0.2492    
   6.800      0.2476    
   6.900      0.2460    
   7.000      0.2443    
   7.100      0.2427    
   7.200      0.2409    
   7.300      0.2392    
   7.400      0.2374    
   7.500      0.2356    
   7.600      0.2337    
   7.700      0.2318    
   7.800      0.2298    
   7.900      0.2279    
   8.000      0.2259    
   8.100      0.2238    
   8.200      0.2218    
   8.300      0.2197    
   8.400      0.2175    
   8.500      0.2153    
   8.600      0.2131    
   8.700      0.2109    
   8.800      0.2087    
   8.900      0.2064    
   9.000      0.2041    
   9.100      0.2017    
   9.200      0.1994    
   9.300      0.1970    
   9.400      0.1946    
   9.500      0.1922    
   9.600      0.1897    
   9.700      0.1872    
   9.800      0.1848    
   9.900      0.1823    
   10.00      0.1797    
   10.10      0.1772    
   10.20      0.1747    
   10.30      0.1721    
   10.40      0.1696    
   10.50      0.1670    
   10.60      0.1644    
   10.70      0.1619    
   10.80      0.1593    
   10.90      0.1567    
   11.00      0.1541    
   11.10      0.1515    
   11.20      0.1490    
   11.30      0.1464    
   11.40      0.1438    
   11.50      0.1413    
   11.60      0.1387    
   11.70      0.1362    
   11.80      0.1336    
   11.90      0.1311    
   12.00      0.1286    
   12.10      0.1261    
   12.20      0.1237    
   12.30      0.1212    
   12.40      0.1188    
   12.50      0.1164    
   12.60      0.1140    
   12.70      0.1116    
   12.80      0.1093    
   12.90      0.1070    
   13.00      0.1047    
   13.10      0.1025    
   13.20      0.1002    
   13.30      0.9804E-01
   13.40      0.9588E-01
   13.50      0.9375E-01
   13.60      0.9165E-01
   13.70      0.8959E-01
   13.80      0.8756E-01
   13.90      0.8557E-01
   14.00      0.8361E-01
   14.10      0.8168E-01
   14.20      0.7980E-01
   14.30      0.7795E-01
   14.40      0.7614E-01
   14.50      0.7437E-01
   14.60      0.7263E-01
   14.70      0.7094E-01
   14.80      0.6928E-01
   14.90      0.6766E-01
   15.00      0.6609E-01
   15.10      0.6455E-01
   15.20      0.6305E-01
   15.30      0.6159E-01
   15.40      0.6017E-01
   15.50      0.5879E-01
   15.60      0.5744E-01
   15.70      0.5614E-01
   15.80      0.5488E-01
   15.90      0.5365E-01
   16.00      0.5246E-01
   16.10      0.5131E-01
   16.20      0.5020E-01
   16.30      0.4912E-01
   16.40      0.4808E-01
   16.50      0.4708E-01
   16.60      0.4611E-01
   16.70      0.4518E-01
   16.80      0.4428E-01
   16.90      0.4341E-01
   17.00      0.4258E-01
   17.10      0.4178E-01
   17.20      0.4101E-01
   17.30      0.4028E-01
   17.40      0.3957E-01
   17.50      0.3889E-01
   17.60      0.3825E-01
   17.70      0.3763E-01
   17.80      0.3703E-01
   17.90      0.3647E-01
   18.00      0.3593E-01
   18.10      0.3541E-01
   18.20      0.3492E-01
   18.30      0.3445E-01
   18.40      0.3401E-01
   18.50      0.3358E-01
   18.60      0.3318E-01
   18.70      0.3280E-01
   18.80      0.3243E-01
   18.90      0.3209E-01
   19.00      0.3176E-01
   19.10      0.3145E-01
   19.20      0.3115E-01
   19.30      0.3087E-01
   19.40      0.3061E-01
   19.50      0.3035E-01
   19.60      0.3011E-01
   19.70      0.2989E-01
   19.80      0.2967E-01
   19.90      0.2946E-01
   20.00      0.2927E-01
   20.10      0.2908E-01
   20.20      0.2890E-01
   20.30      0.2873E-01
   20.40      0.2856E-01
   20.50      0.2840E-01
   20.60      0.2825E-01
   20.70      0.2810E-01
   20.80      0.2796E-01
   20.90      0.2782E-01
   21.00      0.2769E-01
   21.10      0.2755E-01
   21.20      0.2742E-01
   21.30      0.2729E-01
   21.40      0.2716E-01
   21.50      0.2704E-01
   21.60      0.2691E-01
   21.70      0.2678E-01
   21.80      0.2666E-01
   21.90      0.2653E-01
   22.00      0.2640E-01
   22.10      0.2627E-01
   22.20      0.2613E-01
   22.30      0.2600E-01
   22.40      0.2586E-01
   22.50      0.2572E-01
   22.60      0.2558E-01
   22.70      0.2543E-01
   22.80      0.2528E-01
   22.90      0.2513E-01
   23.00      0.2497E-01
   23.10      0.2481E-01
   23.20      0.2465E-01
   23.30      0.2448E-01
   23.40      0.2431E-01
   23.50      0.2413E-01
   23.60      0.2395E-01
   23.70      0.2376E-01
   23.80      0.2357E-01
   23.90      0.2338E-01
   24.00      0.2318E-01
   24.10      0.2298E-01
   24.20      0.2277E-01
   24.30      0.2256E-01
   24.40      0.2234E-01
   24.50      0.2212E-01
   24.60      0.2190E-01
   24.70      0.2167E-01
   24.80      0.2144E-01
   24.90      0.2120E-01
   25.00      0.2097E-01
   25.10      0.2072E-01
   25.20      0.2048E-01
   25.30      0.2023E-01
   25.40      0.1998E-01
   25.50      0.1972E-01
   25.60      0.1947E-01
   25.70      0.1921E-01
   25.80      0.1895E-01
   25.90      0.1869E-01
   26.00      0.1842E-01
   26.10      0.1815E-01
   26.20      0.1789E-01
   26.30      0.1762E-01
   26.40      0.1735E-01
   26.50      0.1708E-01
   26.60      0.1680E-01
   26.70      0.1653E-01
   26.80      0.1626E-01
   26.90      0.1599E-01
   27.00      0.1572E-01
   27.10      0.1545E-01
   27.20      0.1518E-01
   27.30      0.1491E-01
   27.40      0.1464E-01
   27.50      0.1437E-01
   27.60      0.1411E-01
   27.70      0.1384E-01
   27.80      0.1358E-01
   27.90      0.1332E-01
   28.00      0.1307E-01
   28.10      0.1281E-01
   28.20      0.1256E-01
   28.30      0.1231E-01
   28.40      0.1206E-01
   28.50      0.1182E-01
   28.60      0.1158E-01
   28.70      0.1134E-01
   28.80      0.1111E-01
   28.90      0.1088E-01
   29.00      0.1066E-01
   29.10      0.1043E-01
   29.20      0.1022E-01
   29.30      0.1000E-01
   29.40      0.9792E-02
   29.50      0.9586E-02
   29.60      0.9385E-02
   29.70      0.9189E-02
   29.80      0.8996E-02
   29.90      0.8809E-02
   30.00      0.8625E-02
   30.10      0.8447E-02
   30.20      0.8273E-02
   30.30      0.8104E-02
   30.40      0.7939E-02
   30.50      0.7779E-02
   30.60      0.7624E-02
   30.70      0.7473E-02
   30.80      0.7328E-02
   30.90      0.7186E-02
   31.00      0.7050E-02
   31.10      0.6918E-02
   31.20      0.6790E-02
   31.30      0.6667E-02
   31.40      0.6549E-02
   31.50      0.6435E-02
   31.60      0.6325E-02
   31.70      0.6220E-02
   31.80      0.6119E-02
   31.90      0.6022E-02
   32.00      0.5929E-02
   32.10      0.5840E-02
   32.20      0.5755E-02
   32.30      0.5674E-02
   32.40      0.5597E-02
   32.50      0.5523E-02
   32.60      0.5453E-02
   32.70      0.5386E-02
   32.80      0.5323E-02
   32.90      0.5263E-02
   33.00      0.5206E-02
   33.10      0.5152E-02
   33.20      0.5101E-02
   33.30      0.5053E-02
   33.40      0.5007E-02
   33.50      0.4964E-02
   33.60      0.4924E-02
   33.70      0.4885E-02
   33.80      0.4850E-02
   33.90      0.4816E-02
   34.00      0.4784E-02
   34.10      0.4754E-02
   34.20      0.4726E-02
   34.30      0.4699E-02
   34.40      0.4674E-02
   34.50      0.4651E-02
   34.60      0.4629E-02
   34.70      0.4608E-02
   34.80      0.4588E-02
   34.90      0.4569E-02
   35.00      0.4551E-02
   35.10      0.4534E-02
   35.20      0.4518E-02
   35.30      0.4502E-02
   35.40      0.4487E-02
   35.50      0.4472E-02
   35.60      0.4458E-02
   35.70      0.4444E-02
   35.80      0.4430E-02
   35.90      0.4416E-02
   36.00      0.4403E-02
   36.10      0.4389E-02
   36.20      0.4375E-02
   36.30      0.4361E-02
   36.40      0.4347E-02
   36.50      0.4332E-02
   36.60      0.4317E-02
   36.70      0.4302E-02
   36.80      0.4287E-02
   36.90      0.4270E-02
   37.00      0.4254E-02
   37.10      0.4236E-02
   37.20      0.4219E-02
   37.30      0.4200E-02
   37.40      0.4181E-02
   37.50      0.4161E-02
   37.60      0.4140E-02
   37.70      0.4119E-02
   37.80      0.4097E-02
   37.90      0.4074E-02
   38.00      0.4050E-02
   38.10      0.4026E-02
   38.20      0.4001E-02
   38.30      0.3975E-02
   38.40      0.3948E-02
   38.50      0.3920E-02
   38.60      0.3891E-02
   38.70      0.3862E-02
   38.80      0.3832E-02
   38.90      0.3801E-02
   39.00      0.3769E-02
   39.10      0.3736E-02
   39.20      0.3703E-02
   39.30      0.3669E-02
   39.40      0.3634E-02
   39.50      0.3599E-02
   39.60      0.3563E-02
   39.70      0.3526E-02
   39.80      0.3488E-02
   39.90      0.3450E-02
   40.00      0.3412E-02
   40.10      0.3372E-02
   40.20      0.3333E-02
   40.30      0.3292E-02
   40.40      0.3251E-02
   40.50      0.3210E-02
   40.60      0.3169E-02
   40.70      0.3127E-02
   40.80      0.3084E-02
   40.90      0.3042E-02
   41.00      0.2999E-02
   41.10      0.2956E-02
   41.20      0.2912E-02
   41.30      0.2869E-02
   41.40      0.2825E-02
   41.50      0.2781E-02
   41.60      0.2737E-02
   41.70      0.2693E-02
   41.80      0.2649E-02
   41.90      0.2605E-02
   42.00      0.2561E-02
   42.10      0.2517E-02
   42.20      0.2474E-02
   42.30      0.2430E-02
   42.40      0.2387E-02
   42.50      0.2344E-02
   42.60      0.2301E-02
   42.70      0.2258E-02
   42.80      0.2216E-02
   42.90      0.2174E-02
   43.00      0.2132E-02
   43.10      0.2091E-02
   43.20      0.2050E-02
   43.30      0.2010E-02
   43.40      0.1970E-02
   43.50      0.1930E-02
   43.60      0.1891E-02
   43.70      0.1853E-02
   43.80      0.1815E-02
   43.90      0.1777E-02
   44.00      0.1741E-02
   44.10      0.1705E-02
   44.20      0.1669E-02
   44.30      0.1634E-02
   44.40      0.1600E-02
   44.50      0.1566E-02
   44.60      0.1533E-02
   44.70      0.1501E-02
   44.80      0.1469E-02
   44.90      0.1439E-02
   45.00      0.1408E-02
   45.10      0.1379E-02
   45.20      0.1350E-02
   45.30      0.1322E-02
   45.40      0.1295E-02
   45.50      0.1269E-02
   45.60      0.1243E-02
   45.70      0.1218E-02
   45.80      0.1194E-02
   45.90      0.1170E-02
   46.00      0.1147E-02
   46.10      0.1125E-02
   46.20      0.1104E-02
   46.30      0.1083E-02
   46.40      0.1063E-02
   46.50      0.1044E-02
   46.60      0.1026E-02
   46.70      0.1008E-02
   46.80      0.9912E-03
   46.90      0.9749E-03
   47.00      0.9592E-03
   47.10      0.9443E-03
   47.20      0.9300E-03
   47.30      0.9163E-03
   47.40      0.9033E-03
   47.50      0.8909E-03
   47.60      0.8791E-03
   47.70      0.8679E-03
   47.80      0.8573E-03
   47.90      0.8473E-03
   48.00      0.8378E-03
   48.10      0.8289E-03
   48.20      0.8205E-03
   48.30      0.8126E-03
   48.40      0.8052E-03
   48.50      0.7983E-03
   48.60      0.7918E-03
   48.70      0.7858E-03
   48.80      0.7802E-03
   48.90      0.7751E-03
   49.00      0.7703E-03
   49.10      0.7659E-03
   49.20      0.7618E-03
   49.30      0.7581E-03
   49.40      0.7548E-03
   49.50      0.7517E-03
   49.60      0.7489E-03
   49.70      0.7464E-03
   49.80      0.7442E-03
   49.90      0.7422E-03
   50.00      0.7404E-03
   50.10      0.7388E-03
   50.20      0.7375E-03
   50.30      0.7362E-03
   50.40      0.7352E-03
   50.50      0.7343E-03
   50.60      0.7335E-03
   50.70      0.7328E-03
   50.80      0.7323E-03
   50.90      0.7318E-03
   51.00      0.7314E-03
   51.10      0.7310E-03
   51.20      0.7307E-03
   51.30      0.7304E-03
   51.40      0.7301E-03
   51.50      0.7298E-03
   51.60      0.7295E-03
   51.70      0.7292E-03
   51.80      0.7288E-03
   51.90      0.7284E-03
   52.00      0.7279E-03
   52.10      0.7274E-03
   52.20      0.7268E-03
   52.30      0.7262E-03
   52.40      0.7254E-03
   52.50      0.7245E-03
   52.60      0.7235E-03
   52.70      0.7224E-03
   52.80      0.7212E-03
   52.90      0.7199E-03
   53.00      0.7184E-03
   53.10      0.7168E-03
   53.20      0.7150E-03
   53.30      0.7131E-03
   53.40      0.7111E-03
   53.50      0.7088E-03
   53.60      0.7064E-03
   53.70      0.7039E-03
   53.80      0.7012E-03
   53.90      0.6983E-03
   54.00      0.6953E-03
   54.10      0.6921E-03
   54.20      0.6887E-03
   54.30      0.6851E-03
   54.40      0.6814E-03
   54.50      0.6775E-03
   54.60      0.6734E-03
   54.70      0.6692E-03
   54.80      0.6648E-03
   54.90      0.6602E-03
   55.00      0.6555E-03
   55.10      0.6506E-03
   55.20      0.6456E-03
   55.30      0.6404E-03
   55.40      0.6350E-03
   55.50      0.6295E-03
   55.60      0.6239E-03
   55.70      0.6181E-03
   55.80      0.6122E-03
   55.90      0.6062E-03
   56.00      0.6000E-03
   56.10      0.5937E-03
   56.20      0.5873E-03
   56.30      0.5808E-03
   56.40      0.5742E-03
   56.50      0.5675E-03
   56.60      0.5607E-03
   56.70      0.5538E-03
   56.80      0.5468E-03
   56.90      0.5397E-03
   57.00      0.5326E-03
   57.10      0.5254E-03
   57.20      0.5181E-03
   57.30      0.5108E-03
   57.40      0.5035E-03
   57.50      0.4961E-03
   57.60      0.4887E-03
   57.70      0.4812E-03
   57.80      0.4738E-03
   57.90      0.4663E-03
   58.00      0.4588E-03
   58.10      0.4513E-03
   58.20      0.4438E-03
   58.30      0.4363E-03
   58.40      0.4288E-03
   58.50      0.4214E-03
   58.60      0.4140E-03
   58.70      0.4066E-03
   58.80      0.3992E-03
   58.90      0.3919E-03
   59.00      0.3846E-03
   59.10      0.3774E-03
   59.20      0.3703E-03
   59.30      0.3632E-03
   59.40      0.3561E-03
   59.50      0.3492E-03
   59.60      0.3423E-03
   59.70      0.3355E-03
   59.80      0.3288E-03
   59.90      0.3222E-03
   60.00      0.3157E-03
   60.10      0.3092E-03
   60.20      0.3029E-03
   60.30      0.2967E-03
   60.40      0.2905E-03
   60.50      0.2845E-03
   60.60      0.2786E-03
   60.70      0.2728E-03
   60.80      0.2672E-03
   60.90      0.2616E-03
   61.00      0.2562E-03
   61.10      0.2508E-03
   61.20      0.2456E-03
   61.30      0.2406E-03
   61.40      0.2356E-03
   61.50      0.2308E-03
   61.60      0.2261E-03
   61.70      0.2216E-03
   61.80      0.2172E-03
   61.90      0.2129E-03
   62.00      0.2087E-03
   62.10      0.2047E-03
   62.20      0.2007E-03
   62.30      0.1970E-03
   62.40      0.1933E-03
   62.50      0.1898E-03
   62.60      0.1864E-03
   62.70      0.1831E-03
   62.80      0.1800E-03
   62.90      0.1770E-03
   63.00      0.1741E-03
   63.10      0.1713E-03
   63.20      0.1686E-03
   63.30      0.1661E-03
   63.40      0.1637E-03
   63.50      0.1613E-03
   63.60      0.1591E-03
   63.70      0.1570E-03
   63.80      0.1551E-03
   63.90      0.1532E-03
   64.00      0.1514E-03
   64.10      0.1497E-03
   64.20      0.1481E-03
   64.30      0.1467E-03
   64.40      0.1453E-03
   64.50      0.1440E-03
   64.60      0.1427E-03
   64.70      0.1416E-03
   64.80      0.1405E-03
   64.90      0.1396E-03
   65.00      0.1387E-03
   65.10      0.1378E-03
   65.20      0.1370E-03
   65.30      0.1363E-03
   65.40      0.1357E-03
   65.50      0.1351E-03
   65.60      0.1346E-03
   65.70      0.1341E-03
   65.80      0.1337E-03
   65.90      0.1333E-03
   66.00      0.1330E-03
   66.10      0.1327E-03
   66.20      0.1325E-03
   66.30      0.1323E-03
   66.40      0.1321E-03
   66.50      0.1319E-03
   66.60      0.1318E-03
   66.70      0.1317E-03
   66.80      0.1316E-03
   66.90      0.1316E-03
   67.00      0.1315E-03
   67.10      0.1315E-03
   67.20      0.1315E-03
   67.30      0.1315E-03
   67.40      0.1315E-03
   67.50      0.1315E-03
   67.60      0.1315E-03
   67.70      0.1316E-03
   67.80      0.1316E-03
   67.90      0.1316E-03
   68.00      0.1316E-03
   68.10      0.1316E-03
   68.20      0.1316E-03
   68.30      0.1316E-03
   68.40      0.1316E-03
   68.50      0.1316E-03
   68.60      0.1316E-03
   68.70      0.1315E-03
   68.80      0.1315E-03
   68.90      0.1314E-03
   69.00      0.1313E-03
   69.10      0.1312E-03
   69.20      0.1310E-03
   69.30      0.1309E-03
   69.40      0.1307E-03
   69.50      0.1305E-03
   69.60      0.1303E-03
   69.70      0.1300E-03
   69.80      0.1298E-03
   69.90      0.1295E-03
   70.00      0.1292E-03
   70.10      0.1288E-03
   70.20      0.1285E-03
   70.30      0.1281E-03
   70.40      0.1277E-03
   70.50      0.1272E-03
   70.60      0.1268E-03
   70.70      0.1263E-03
   70.80      0.1258E-03
   70.90      0.1252E-03
   71.00      0.1246E-03
   71.10      0.1240E-03
   71.20      0.1234E-03
   71.30      0.1228E-03
   71.40      0.1221E-03
   71.50      0.1214E-03
   71.60      0.1207E-03
   71.70      0.1199E-03
   71.80      0.1192E-03
   71.90      0.1184E-03
   72.00      0.1175E-03
   72.10      0.1167E-03
   72.20      0.1158E-03
   72.30      0.1149E-03
   72.40      0.1140E-03
   72.50      0.1131E-03
   72.60      0.1121E-03
   72.70      0.1112E-03
   72.80      0.1102E-03
   72.90      0.1092E-03
   73.00      0.1081E-03
   73.10      0.1071E-03
   73.20      0.1060E-03
   73.30      0.1049E-03
   73.40      0.1038E-03
   73.50      0.1027E-03
   73.60      0.1016E-03
   73.70      0.1005E-03
   73.80      0.9932E-04
   73.90      0.9815E-04
   74.00      0.9698E-04
   74.10      0.9579E-04
   74.20      0.9460E-04
   74.30      0.9340E-04
   74.40      0.9219E-04
   74.50      0.9097E-04
   74.60      0.8975E-04
   74.70      0.8852E-04
   74.80      0.8729E-04
   74.90      0.8606E-04
   75.00      0.8482E-04
   75.10      0.8358E-04
   75.20      0.8234E-04
   75.30      0.8110E-04
   75.40      0.7986E-04
   75.50      0.7863E-04
   75.60      0.7739E-04
   75.70      0.7616E-04
   75.80      0.7494E-04
   75.90      0.7372E-04
   76.00      0.7250E-04
   76.10      0.7130E-04
   76.20      0.7010E-04
   76.30      0.6890E-04
   76.40      0.6772E-04
   76.50      0.6655E-04
   76.60      0.6539E-04
   76.70      0.6423E-04
   76.80      0.6309E-04
   76.90      0.6197E-04
   77.00      0.6085E-04
   77.10      0.5975E-04
   77.20      0.5867E-04
   77.30      0.5760E-04
   77.40      0.5654E-04
   77.50      0.5551E-04
   77.60      0.5448E-04
   77.70      0.5348E-04
   77.80      0.5249E-04
   77.90      0.5152E-04
   78.00      0.5057E-04
   78.10      0.4964E-04
   78.20      0.4872E-04
   78.30      0.4783E-04
   78.40      0.4696E-04
   78.50      0.4610E-04
   78.60      0.4527E-04
   78.70      0.4445E-04
   78.80      0.4366E-04
   78.90      0.4289E-04
   79.00      0.4214E-04
   79.10      0.4141E-04
   79.20      0.4070E-04
   79.30      0.4001E-04
   79.40      0.3934E-04
   79.50      0.3870E-04
   79.60      0.3807E-04
   79.70      0.3747E-04
   79.80      0.3689E-04
   79.90      0.3633E-04
   80.00      0.3579E-04
   80.10      0.3527E-04
   80.20      0.3477E-04
   80.30      0.3429E-04
   80.40      0.3383E-04
   80.50      0.3339E-04
   80.60      0.3297E-04
   80.70      0.3257E-04
   80.80      0.3218E-04
   80.90      0.3182E-04
   81.00      0.3148E-04
   81.10      0.3115E-04
   81.20      0.3084E-04
   81.30      0.3055E-04
   81.40      0.3027E-04
   81.50      0.3001E-04
   81.60      0.2977E-04
   81.70      0.2954E-04
   81.80      0.2933E-04
   81.90      0.2913E-04
   82.00      0.2895E-04
   82.10      0.2878E-04
   82.20      0.2862E-04
   82.30      0.2847E-04
   82.40      0.2834E-04
   82.50      0.2822E-04
   82.60      0.2811E-04
   82.70      0.2801E-04
   82.80      0.2792E-04
   82.90      0.2784E-04
   83.00      0.2777E-04
   83.10      0.2771E-04
   83.20      0.2766E-04
   83.30      0.2761E-04
   83.40      0.2757E-04
   83.50      0.2754E-04
   83.60      0.2751E-04
   83.70      0.2749E-04
   83.80      0.2748E-04
   83.90      0.2747E-04
   84.00      0.2746E-04
   84.10      0.2746E-04
   84.20      0.2746E-04
   84.30      0.2746E-04
   84.40      0.2747E-04
   84.50      0.2748E-04
   84.60      0.2749E-04
   84.70      0.2750E-04
   84.80      0.2752E-04
   84.90      0.2753E-04
   85.00      0.2754E-04
   85.10      0.2756E-04
   85.20      0.2757E-04
   85.30      0.2759E-04
   85.40      0.2760E-04
   85.50      0.2761E-04
   85.60      0.2762E-04
   85.70      0.2763E-04
   85.80      0.2763E-04
   85.90      0.2764E-04
   86.00      0.2764E-04
   86.10      0.2764E-04
   86.20      0.2763E-04
   86.30      0.2762E-04
   86.40      0.2761E-04
   86.50      0.2760E-04
   86.60      0.2758E-04
   86.70      0.2756E-04
   86.80      0.2753E-04
   86.90      0.2750E-04
   87.00      0.2747E-04
   87.10      0.2743E-04
   87.20      0.2739E-04
   87.30      0.2734E-04
   87.40      0.2729E-04
   87.50      0.2723E-04
   87.60      0.2717E-04
   87.70      0.2710E-04
   87.80      0.2703E-04
   87.90      0.2695E-04
   88.00      0.2687E-04
   88.10      0.2678E-04
   88.20      0.2669E-04
   88.30      0.2660E-04
   88.40      0.2649E-04
   88.50      0.2638E-04
   88.60      0.2627E-04
   88.70      0.2615E-04
   88.80      0.2603E-04
   88.90      0.2590E-04
   89.00      0.2577E-04
   89.10      0.2563E-04
   89.20      0.2548E-04
   89.30      0.2533E-04
   89.40      0.2518E-04
   89.50      0.2502E-04
   89.60      0.2486E-04
   89.70      0.2469E-04
   89.80      0.2451E-04
   89.90      0.2433E-04
   90.00      0.2415E-04
   90.10      0.2396E-04
   90.20      0.2377E-04
   90.30      0.2357E-04
   90.40      0.2337E-04
   90.50      0.2316E-04
   90.60      0.2295E-04
   90.70      0.2274E-04
   90.80      0.2252E-04
   90.90      0.2230E-04
   91.00      0.2207E-04
   91.10      0.2184E-04
   91.20      0.2161E-04
   91.30      0.2138E-04
   91.40      0.2114E-04
   91.50      0.2090E-04
   91.60      0.2066E-04
   91.70      0.2041E-04
   91.80      0.2017E-04
   91.90      0.1992E-04
   92.00      0.1967E-04
   92.10      0.1942E-04
   92.20      0.1916E-04
   92.30      0.1891E-04
   92.40      0.1866E-04
   92.50      0.1840E-04
   92.60      0.1815E-04
   92.70      0.1789E-04
   92.80      0.1764E-04
   92.90      0.1738E-04
   93.00      0.1713E-04
   93.10      0.1687E-04
   93.20      0.1662E-04
   93.30      0.1637E-04
   93.40      0.1612E-04
   93.50      0.1587E-04
   93.60      0.1562E-04
   93.70      0.1537E-04
   93.80      0.1513E-04
   93.90      0.1489E-04
   94.00      0.1465E-04
   94.10      0.1441E-04
   94.20      0.1417E-04
   94.30      0.1394E-04
   94.40      0.1371E-04
   94.50      0.1349E-04
   94.60      0.1326E-04
   94.70      0.1304E-04
   94.80      0.1283E-04
   94.90      0.1261E-04
   95.00      0.1240E-04
   95.10      0.1219E-04
   95.20      0.1199E-04
   95.30      0.1179E-04
   95.40      0.1159E-04
   95.50      0.1140E-04
   95.60      0.1121E-04
   95.70      0.1103E-04
   95.80      0.1085E-04
   95.90      0.1067E-04
   96.00      0.1049E-04
   96.10      0.1032E-04
   96.20      0.1015E-04
   96.30      0.9991E-05
   96.40      0.9830E-05
   96.50      0.9674E-05
   96.60      0.9521E-05
   96.70      0.9371E-05
   96.80      0.9224E-05
   96.90      0.9081E-05
   97.00      0.8942E-05
   97.10      0.8805E-05
   97.20      0.8672E-05
   97.30      0.8542E-05
   97.40      0.8415E-05
   97.50      0.8291E-05
   97.60      0.8170E-05
   97.70      0.8052E-05
   97.80      0.7936E-05
   97.90      0.7824E-05
   98.00      0.7714E-05
   98.10      0.7607E-05
   98.20      0.7502E-05
   98.30      0.7400E-05
   98.40      0.7301E-05
   98.50      0.7204E-05
   98.60      0.7110E-05
   98.70      0.7018E-05
   98.80      0.6928E-05
   98.90      0.6841E-05
   99.00      0.6756E-05
   99.10      0.6673E-05
   99.20      0.6592E-05
   99.30      0.6514E-05
   99.40      0.6438E-05
   99.50      0.6364E-05
   99.60      0.6293E-05
   99.70      0.6223E-05
   99.80      0.6156E-05
   99.90      0.6091E-05
   100.0      0.6028E-05
   100.1      0.5967E-05
   100.2      0.5908E-05
   100.3      0.5851E-05
   100.4      0.5797E-05
   100.5      0.5745E-05
   100.6      0.5694E-05
   100.7      0.5646E-05
   100.8      0.5600E-05
   100.9      0.5556E-05
   101.0      0.5515E-05
   101.1      0.5475E-05
   101.2      0.5438E-05
   101.3      0.5403E-05
   101.4      0.5370E-05
   101.5      0.5339E-05
   101.6      0.5310E-05
   101.7      0.5283E-05
   101.8      0.5259E-05
   101.9      0.5236E-05
   102.0      0.5216E-05
   102.1      0.5198E-05
   102.2      0.5182E-05
   102.3      0.5168E-05
   102.4      0.5156E-05
   102.5      0.5146E-05
   102.6      0.5138E-05
   102.7      0.5133E-05
   102.8      0.5129E-05
   102.9      0.5127E-05
   103.0      0.5127E-05
   103.1      0.5129E-05
   103.2      0.5132E-05
   103.3      0.5138E-05
   103.4      0.5145E-05
   103.5      0.5153E-05
   103.6      0.5164E-05
   103.7      0.5176E-05
   103.8      0.5189E-05
   103.9      0.5204E-05
   104.0      0.5220E-05
   104.1      0.5238E-05
   104.2      0.5257E-05
   104.3      0.5277E-05
   104.4      0.5298E-05
   104.5      0.5320E-05
   104.6      0.5343E-05
   104.7      0.5367E-05
   104.8      0.5392E-05
   104.9      0.5417E-05
   105.0      0.5443E-05
   105.1      0.5469E-05
   105.2      0.5496E-05
   105.3      0.5523E-05
   105.4      0.5550E-05
   105.5      0.5577E-05
   105.6      0.5605E-05
   105.7      0.5632E-05
   105.8      0.5659E-05
   105.9      0.5686E-05
   106.0      0.5713E-05
   106.1      0.5738E-05
   106.2      0.5764E-05
   106.3      0.5789E-05
   106.4      0.5813E-05
   106.5      0.5836E-05
   106.6      0.5858E-05
   106.7      0.5879E-05
   106.8      0.5899E-05
   106.9      0.5918E-05
   107.0      0.5935E-05
   107.1      0.5951E-05
   107.2      0.5966E-05
   107.3      0.5979E-05
   107.4      0.5990E-05
   107.5      0.6000E-05
   107.6      0.6008E-05
   107.7      0.6015E-05
   107.8      0.6019E-05
   107.9      0.6022E-05
   108.0      0.6023E-05
   108.1      0.6021E-05
   108.2      0.6018E-05
   108.3      0.6013E-05
   108.4      0.6006E-05
   108.5      0.5997E-05
   108.6      0.5985E-05
   108.7      0.5972E-05
   108.8      0.5957E-05
   108.9      0.5939E-05
   109.0      0.5920E-05
   109.1      0.5898E-05
   109.2      0.5875E-05
   109.3      0.5849E-05
   109.4      0.5822E-05
   109.5      0.5793E-05
   109.6      0.5762E-05
   109.7      0.5729E-05
   109.8      0.5695E-05
   109.9      0.5659E-05
   110.0      0.5621E-05
   110.1      0.5582E-05
   110.2      0.5541E-05
   110.3      0.5499E-05
   110.4      0.5456E-05
   110.5      0.5412E-05
   110.6      0.5366E-05
   110.7      0.5319E-05
   110.8      0.5272E-05
   110.9      0.5223E-05
   111.0      0.5174E-05
   111.1      0.5124E-05
   111.2      0.5073E-05
   111.3      0.5022E-05
   111.4      0.4970E-05
   111.5      0.4918E-05
   111.6      0.4865E-05
   111.7      0.4812E-05
   111.8      0.4759E-05
   111.9      0.4706E-05
   112.0      0.4653E-05
   112.1      0.4600E-05
   112.2      0.4547E-05
   112.3      0.4494E-05
   112.4      0.4441E-05
   112.5      0.4388E-05
   112.6      0.4336E-05
   112.7      0.4284E-05
   112.8      0.4232E-05
   112.9      0.4181E-05
   113.0      0.4129E-05
   113.1      0.4079E-05
   113.2      0.4028E-05
   113.3      0.3978E-05
   113.4      0.3929E-05
   113.5      0.3879E-05
   113.6      0.3830E-05
   113.7      0.3782E-05
   113.8      0.3734E-05
   113.9      0.3686E-05
   114.0      0.3638E-05
   114.1      0.3591E-05
   114.2      0.3544E-05
   114.3      0.3498E-05
   114.4      0.3451E-05
   114.5      0.3405E-05
   114.6      0.3359E-05
   114.7      0.3314E-05
   114.8      0.3268E-05
   114.9      0.3222E-05
   115.0      0.3177E-05
   115.1      0.3131E-05
   115.2      0.3086E-05
   115.3      0.3040E-05
   115.4      0.2995E-05
   115.5      0.2949E-05
   115.6      0.2904E-05
   115.7      0.2858E-05
   115.8      0.2813E-05
   115.9      0.2767E-05
   116.0      0.2721E-05
   116.1      0.2675E-05
   116.2      0.2629E-05
   116.3      0.2583E-05
   116.4      0.2536E-05
   116.5      0.2490E-05
   116.6      0.2444E-05
   116.7      0.2397E-05
   116.8      0.2351E-05
   116.9      0.2304E-05
   117.0      0.2258E-05
   117.1      0.2212E-05
   117.2      0.2165E-05
   117.3      0.2119E-05
   117.4      0.2073E-05
   117.5      0.2027E-05
   117.6      0.1982E-05
   117.7      0.1937E-05
   117.8      0.1892E-05
   117.9      0.1847E-05
   118.0      0.1803E-05
   118.1      0.1759E-05
   118.2      0.1716E-05
   118.3      0.1674E-05
   118.4      0.1632E-05
   118.5      0.1591E-05
   118.6      0.1550E-05
   118.7      0.1510E-05
   118.8      0.1471E-05
   118.9      0.1433E-05
   119.0      0.1395E-05
   119.1      0.1359E-05
   119.2      0.1323E-05
   119.3      0.1289E-05
   119.4      0.1255E-05
   119.5      0.1223E-05
   119.6      0.1191E-05
   119.7      0.1161E-05
   119.8      0.1132E-05
   119.9      0.1103E-05
   120.0      0.1076E-05
   120.1      0.1050E-05
   120.2      0.1025E-05
   120.3      0.1002E-05
   120.4      0.9790E-06
   120.5      0.9575E-06
   120.6      0.9372E-06
   120.7      0.9179E-06
   120.8      0.8997E-06
   120.9      0.8827E-06
   121.0      0.8667E-06
   121.1      0.8517E-06
   121.2      0.8378E-06
   121.3      0.8249E-06
   121.4      0.8131E-06
   121.5      0.8021E-06
   121.6      0.7922E-06
   121.7      0.7831E-06
   121.8      0.7750E-06
   121.9      0.7677E-06
   122.0      0.7613E-06
   122.1      0.7557E-06
   122.2      0.7509E-06
   122.3      0.7469E-06
   122.4      0.7436E-06
   122.5      0.7410E-06
   122.6      0.7392E-06
   122.7      0.7380E-06
   122.8      0.7374E-06
   122.9      0.7375E-06
   123.0      0.7382E-06
   123.1      0.7394E-06
   123.2      0.7413E-06
   123.3      0.7436E-06
   123.4      0.7465E-06
   123.5      0.7499E-06
   123.6      0.7538E-06
   123.7      0.7582E-06
   123.8      0.7630E-06
   123.9      0.7683E-06
   124.0      0.7741E-06
   124.1      0.7802E-06
   124.2      0.7868E-06
   124.3      0.7938E-06
   124.4      0.8012E-06
   124.5      0.8090E-06
   124.6      0.8171E-06
   124.7      0.8256E-06
   124.8      0.8345E-06
   124.9      0.8437E-06
   125.0      0.8533E-06
   125.1      0.8632E-06
   125.2      0.8734E-06
   125.3      0.8839E-06
   125.4      0.8947E-06
   125.5      0.9059E-06
   125.6      0.9173E-06
   125.7      0.9289E-06
   125.8      0.9409E-06
   125.9      0.9531E-06
   126.0      0.9655E-06
   126.1      0.9781E-06
   126.2      0.9910E-06
   126.3      0.1004E-05
   126.4      0.1017E-05
   126.5      0.1031E-05
   126.6      0.1044E-05
   126.7      0.1058E-05
   126.8      0.1072E-05
   126.9      0.1086E-05
   127.0      0.1100E-05
   127.1      0.1114E-05
   127.2      0.1128E-05
   127.3      0.1142E-05
   127.4      0.1156E-05
   127.5      0.1170E-05
   127.6      0.1185E-05
   127.7      0.1199E-05
   127.8      0.1213E-05
   127.9      0.1227E-05
   128.0      0.1241E-05
   128.1      0.1255E-05
   128.2      0.1269E-05
   128.3      0.1283E-05
   128.4      0.1297E-05
   128.5      0.1310E-05
   128.6      0.1324E-05
   128.7      0.1337E-05
   128.8      0.1350E-05
   128.9      0.1363E-05
   129.0      0.1376E-05
   129.1      0.1388E-05
   129.2      0.1401E-05
   129.3      0.1413E-05
   129.4      0.1425E-05
   129.5      0.1437E-05
   129.6      0.1448E-05
   129.7      0.1460E-05
   129.8      0.1471E-05
   129.9      0.1481E-05
   130.0      0.1492E-05
   130.1      0.1502E-05
   130.2      0.1512E-05
   130.3      0.1522E-05
   130.4      0.1531E-05
   130.5      0.1540E-05
   130.6      0.1549E-05
   130.7      0.1557E-05
   130.8      0.1565E-05
   130.9      0.1573E-05
   131.0      0.1580E-05
   131.1      0.1587E-05
   131.2      0.1593E-05
   131.3      0.1599E-05
   131.4      0.1604E-05
   131.5      0.1609E-05
   131.6      0.1613E-05
   131.7      0.1617E-05
   131.8      0.1620E-05
   131.9      0.1623E-05
   132.0      0.1625E-05
   132.1      0.1626E-05
   132.2      0.1627E-05
   132.3      0.1627E-05
   132.4      0.1626E-05
   132.5      0.1625E-05
   132.6      0.1623E-05
   132.7      0.1620E-05
   132.8      0.1616E-05
   132.9      0.1612E-05
   133.0      0.1607E-05
   133.1      0.1601E-05
   133.2      0.1594E-05
   133.3      0.1586E-05
   133.4      0.1578E-05
   133.5      0.1568E-05
   133.6      0.1558E-05
   133.7      0.1547E-05
   133.8      0.1535E-05
   133.9      0.1523E-05
   134.0      0.1509E-05
   134.1      0.1495E-05
   134.2      0.1480E-05
   134.3      0.1464E-05
   134.4      0.1448E-05
   134.5      0.1431E-05
   134.6      0.1413E-05
   134.7      0.1395E-05
   134.8      0.1376E-05
   134.9      0.1356E-05
   135.0      0.1336E-05
   135.1      0.1316E-05
   135.2      0.1295E-05
   135.3      0.1273E-05
   135.4      0.1252E-05
   135.5      0.1230E-05
   135.6      0.1208E-05
   135.7      0.1186E-05
   135.8      0.1163E-05
   135.9      0.1141E-05
   136.0      0.1119E-05
   136.1      0.1097E-05
   136.2      0.1075E-05
   136.3      0.1053E-05
   136.4      0.1031E-05
   136.5      0.1009E-05
   136.6      0.9883E-06
   136.7      0.9675E-06
   136.8      0.9472E-06
   136.9      0.9273E-06
   137.0      0.9079E-06
   137.1      0.8891E-06
   137.2      0.8707E-06
   137.3      0.8530E-06
   137.4      0.8359E-06
   137.5      0.8194E-06
   137.6      0.8035E-06
   137.7      0.7883E-06
   137.8      0.7738E-06
   137.9      0.7599E-06
   138.0      0.7466E-06
   138.1      0.7340E-06
   138.2      0.7221E-06
   138.3      0.7108E-06
   138.4      0.7001E-06
   138.5      0.6900E-06
   138.6      0.6805E-06
   138.7      0.6715E-06
   138.8      0.6631E-06
   138.9      0.6551E-06
   139.0      0.6476E-06
   139.1      0.6405E-06
   139.2      0.6337E-06
   139.3      0.6273E-06
   139.4      0.6212E-06
   139.5      0.6153E-06
   139.6      0.6097E-06
   139.7      0.6042E-06
   139.8      0.5988E-06
   139.9      0.5936E-06
   140.0      0.5884E-06
   140.1      0.5831E-06
   140.2      0.5779E-06
   140.3      0.5726E-06
   140.4      0.5672E-06
   140.5      0.5617E-06
   140.6      0.5560E-06
   140.7      0.5502E-06
   140.8      0.5441E-06
   140.9      0.5379E-06
   141.0      0.5314E-06
   141.1      0.5246E-06
   141.2      0.5177E-06
   141.3      0.5104E-06
   141.4      0.5029E-06
   141.5      0.4952E-06
   141.6      0.4872E-06
   141.7      0.4790E-06
   141.8      0.4705E-06
   141.9      0.4619E-06
   142.0      0.4531E-06
   142.1      0.4441E-06
   142.2      0.4349E-06
   142.3      0.4257E-06
   142.4      0.4163E-06
   142.5      0.4069E-06
   142.6      0.3975E-06
   142.7      0.3881E-06
   142.8      0.3787E-06
   142.9      0.3694E-06
   143.0      0.3602E-06
   143.1      0.3512E-06
   143.2      0.3423E-06
   143.3      0.3336E-06
   143.4      0.3252E-06
   143.5      0.3170E-06
   143.6      0.3092E-06
   143.7      0.3017E-06
   143.8      0.2945E-06
   143.9      0.2877E-06
   144.0      0.2812E-06
   144.1      0.2752E-06
   144.2      0.2696E-06
   144.3      0.2645E-06
   144.4      0.2598E-06
   144.5      0.2555E-06
   144.6      0.2517E-06
   144.7      0.2483E-06
   144.8      0.2453E-06
   144.9      0.2428E-06
   145.0      0.2408E-06
   145.1      0.2391E-06
   145.2      0.2379E-06
   145.3      0.2370E-06
   145.4      0.2364E-06
   145.5      0.2362E-06
   145.6      0.2364E-06
   145.7      0.2368E-06
   145.8      0.2375E-06
   145.9      0.2383E-06
   146.0      0.2395E-06
   146.1      0.2407E-06
   146.2      0.2421E-06
   146.3      0.2437E-06
   146.4      0.2453E-06
   146.5      0.2469E-06
   146.6      0.2486E-06
   146.7      0.2503E-06
   146.8      0.2520E-06
   146.9      0.2536E-06
   147.0      0.2552E-06
   147.1      0.2566E-06
   147.2      0.2579E-06
   147.3      0.2592E-06
   147.4      0.2602E-06
   147.5      0.2611E-06
   147.6      0.2619E-06
   147.7      0.2625E-06
   147.8      0.2629E-06
   147.9      0.2632E-06
   148.0      0.2633E-06
   148.1      0.2632E-06
   148.2      0.2630E-06
   148.3      0.2627E-06
   148.4      0.2622E-06
   148.5      0.2616E-06
   148.6      0.2609E-06
   148.7      0.2601E-06
   148.8      0.2593E-06
   148.9      0.2584E-06
   149.0      0.2575E-06
   149.1      0.2566E-06
   149.2      0.2558E-06
   149.3      0.2550E-06
   149.4      0.2542E-06
   149.5      0.2536E-06
   149.6      0.2531E-06
   149.7      0.2528E-06
   149.8      0.2526E-06
   149.9      0.2527E-06
   150.0      0.2529E-06
   150.1      0.2534E-06
   150.2      0.2541E-06
   150.3      0.2552E-06
   150.4      0.2565E-06
   150.5      0.2580E-06
   150.6      0.2600E-06
   150.7      0.2622E-06
   150.8      0.2647E-06
   150.9      0.2676E-06
   151.0      0.2708E-06
   151.1      0.2743E-06
   151.2      0.2782E-06
   151.3      0.2824E-06
   151.4      0.2869E-06
   151.5      0.2918E-06
   151.6      0.2969E-06
   151.7      0.3023E-06
   151.8      0.3080E-06
   151.9      0.3140E-06
   152.0      0.3203E-06
   152.1      0.3268E-06
   152.2      0.3335E-06
   152.3      0.3404E-06
   152.4      0.3476E-06
   152.5      0.3549E-06
   152.6      0.3624E-06
   152.7      0.3701E-06
   152.8      0.3779E-06
   152.9      0.3858E-06
   153.0      0.3939E-06
   153.1      0.4021E-06
   153.2      0.4104E-06
   153.3      0.4187E-06
   153.4      0.4272E-06
   153.5      0.4358E-06
   153.6      0.4444E-06
   153.7      0.4532E-06
   153.8      0.4620E-06
   153.9      0.4709E-06
   154.0      0.4799E-06
   154.1      0.4890E-06
   154.2      0.4982E-06
   154.3      0.5076E-06
   154.4      0.5170E-06
   154.5      0.5266E-06
   154.6      0.5363E-06
   154.7      0.5461E-06
   154.8      0.5561E-06
   154.9      0.5663E-06
   155.0      0.5766E-06
   155.1      0.5872E-06
   155.2      0.5979E-06
   155.3      0.6088E-06
   155.4      0.6199E-06
   155.5      0.6312E-06
   155.6      0.6428E-06
   155.7      0.6545E-06
   155.8      0.6665E-06
   155.9      0.6786E-06
   156.0      0.6910E-06
   156.1      0.7035E-06
   156.2      0.7162E-06
   156.3      0.7290E-06
   156.4      0.7420E-06
   156.5      0.7550E-06
   156.6      0.7681E-06
   156.7      0.7813E-06
   156.8      0.7945E-06
   156.9      0.8077E-06
   157.0      0.8207E-06
   157.1      0.8337E-06
   157.2      0.8465E-06
   157.3      0.8592E-06
   157.4      0.8715E-06
   157.5      0.8836E-06
   157.6      0.8952E-06
   157.7      0.9065E-06
   157.8      0.9173E-06
   157.9      0.9275E-06
   158.0      0.9372E-06
   158.1      0.9462E-06
   158.2      0.9545E-06
   158.3      0.9620E-06
   158.4      0.9688E-06
   158.5      0.9746E-06
   158.6      0.9796E-06
   158.7      0.9836E-06
   158.8      0.9866E-06
   158.9      0.9885E-06
   159.0      0.9894E-06
   159.1      0.9892E-06
   159.2      0.9878E-06
   159.3      0.9853E-06
   159.4      0.9816E-06
   159.5      0.9767E-06
   159.6      0.9707E-06
   159.7      0.9635E-06
   159.8      0.9551E-06
   159.9      0.9455E-06
   160.0      0.9349E-06
   160.1      0.9231E-06
   160.2      0.9102E-06
   160.3      0.8963E-06
   160.4      0.8814E-06
   160.5      0.8656E-06
   160.6      0.8489E-06
   160.7      0.8314E-06
   160.8      0.8131E-06
   160.9      0.7941E-06
   161.0      0.7745E-06
   161.1      0.7543E-06
   161.2      0.7337E-06
   161.3      0.7127E-06
   161.4      0.6914E-06
   161.5      0.6699E-06
   161.6      0.6482E-06
   161.7      0.6265E-06
   161.8      0.6049E-06
   161.9      0.5833E-06
   162.0      0.5620E-06
   162.1      0.5410E-06
   162.2      0.5203E-06
   162.3      0.5000E-06
   162.4      0.4802E-06
   162.5      0.4610E-06
   162.6      0.4425E-06
   162.7      0.4246E-06
   162.8      0.4074E-06
   162.9      0.3910E-06
   163.0      0.3755E-06
   163.1      0.3607E-06
   163.2      0.3469E-06
   163.3      0.3339E-06
   163.4      0.3218E-06
   163.5      0.3107E-06
   163.6      0.3004E-06
   163.7      0.2910E-06
   163.8      0.2826E-06
   163.9      0.2750E-06
   164.0      0.2682E-06
   164.1      0.2623E-06
   164.2      0.2571E-06
   164.3      0.2527E-06
   164.4      0.2489E-06
   164.5      0.2458E-06
   164.6      0.2434E-06
   164.7      0.2414E-06
   164.8      0.2400E-06
   164.9      0.2390E-06
   165.0      0.2384E-06
   165.1      0.2381E-06
   165.2      0.2381E-06
   165.3      0.2383E-06
   165.4      0.2386E-06
   165.5      0.2391E-06
   165.6      0.2397E-06
   165.7      0.2403E-06
   165.8      0.2408E-06
   165.9      0.2413E-06
   166.0      0.2418E-06
   166.1      0.2421E-06
   166.2      0.2423E-06
   166.3      0.2424E-06
   166.4      0.2423E-06
   166.5      0.2421E-06
   166.6      0.2417E-06
   166.7      0.2412E-06
   166.8      0.2406E-06
   166.9      0.2399E-06
   167.0      0.2391E-06
   167.1      0.2383E-06
   167.2      0.2374E-06
   167.3      0.2367E-06
   167.4      0.2360E-06
   167.5      0.2355E-06
   167.6      0.2352E-06
   167.7      0.2351E-06
   167.8      0.2354E-06
   167.9      0.2361E-06
   168.0      0.2373E-06
   168.1      0.2390E-06
   168.2      0.2412E-06
   168.3      0.2442E-06
   168.4      0.2479E-06
   168.5      0.2524E-06
   168.6      0.2577E-06
   168.7      0.2639E-06
   168.8      0.2711E-06
   168.9      0.2794E-06
   169.0      0.2887E-06
   169.1      0.2990E-06
   169.2      0.3106E-06
   169.3      0.3232E-06
   169.4      0.3371E-06
   169.5      0.3521E-06
   169.6      0.3683E-06
   169.7      0.3857E-06
   169.8      0.4042E-06
   169.9      0.4239E-06
   170.0      0.4447E-06
   170.1      0.4666E-06
   170.2      0.4895E-06
   170.3      0.5134E-06
   170.4      0.5382E-06
   170.5      0.5639E-06
   170.6      0.5903E-06
   170.7      0.6174E-06
   170.8      0.6451E-06
   170.9      0.6733E-06
   171.0      0.7018E-06
   171.1      0.7307E-06
   171.2      0.7598E-06
   171.3      0.7890E-06
   171.4      0.8181E-06
   171.5      0.8471E-06
   171.6      0.8758E-06
   171.7      0.9042E-06
   171.8      0.9321E-06
   171.9      0.9594E-06
   172.0      0.9860E-06
   172.1      0.1012E-05
   172.2      0.1037E-05
   172.3      0.1061E-05
   172.4      0.1084E-05
   172.5      0.1105E-05
   172.6      0.1126E-05
   172.7      0.1145E-05
   172.8      0.1163E-05
   172.9      0.1180E-05
   173.0      0.1195E-05
   173.1      0.1209E-05
   173.2      0.1221E-05
   173.3      0.1232E-05
   173.4      0.1242E-05
   173.5      0.1250E-05
   173.6      0.1256E-05
   173.7      0.1261E-05
   173.8      0.1265E-05
   173.9      0.1268E-05
   174.0      0.1269E-05
   174.1      0.1269E-05
   174.2      0.1268E-05
   174.3      0.1266E-05
   174.4      0.1264E-05
   174.5      0.1260E-05
   174.6      0.1255E-05
   174.7      0.1250E-05
   174.8      0.1245E-05
   174.9      0.1239E-05
   175.0      0.1233E-05
   175.1      0.1226E-05
   175.2      0.1220E-05
   175.3      0.1213E-05
   175.4      0.1207E-05
   175.5      0.1200E-05
   175.6      0.1194E-05
   175.7      0.1189E-05
   175.8      0.1184E-05
   175.9      0.1180E-05
   176.0      0.1176E-05
   176.1      0.1173E-05
   176.2      0.1171E-05
   176.3      0.1169E-05
   176.4      0.1169E-05
   176.5      0.1169E-05
   176.6      0.1171E-05
   176.7      0.1173E-05
   176.8      0.1176E-05
   176.9      0.1181E-05
   177.0      0.1186E-05
   177.1      0.1192E-05
   177.2      0.1199E-05
   177.3      0.1206E-05
   177.4      0.1215E-05
   177.5      0.1224E-05
   177.6      0.1234E-05
   177.7      0.1245E-05
   177.8      0.1256E-05
   177.9      0.1268E-05
   178.0      0.1279E-05
   178.1      0.1291E-05
   178.2      0.1304E-05
   178.3      0.1316E-05
   178.4      0.1328E-05
   178.5      0.1340E-05
   178.6      0.1352E-05
   178.7      0.1364E-05
   178.8      0.1375E-05
   178.9      0.1386E-05
   179.0      0.1396E-05
   179.1      0.1405E-05
   179.2      0.1414E-05
   179.3      0.1421E-05
   179.4      0.1428E-05
   179.5      0.1434E-05
   179.6      0.1439E-05
   179.7      0.1443E-05
   179.8      0.1446E-05
   179.9      0.1447E-05
   180.0      0.1448E-05
 END
