#1801 angles,  1 tensor ranks for 0=projectile
@subtitle   "12C(7Li,6Li)13C @ Ed=49 MeV;"                                                  
@legend ON
@legend x1 0.2
@legend y1 0.8
@g0 type LOGY
@yaxis ticklabel format power
@legend string   0 "Lab energy =   49.0000"
#legend string   0 "Partition=  2 Excit=  1 near/far= 1"
#  Theta       sigma       iT11        T20         T21         T22         Kyy for projectile
   0.000       5.924    
  0.1000       5.925    
  0.2000       5.930    
  0.3000       5.939    
  0.4000       5.950    
  0.5000       5.966    
  0.6000       5.984    
  0.7000       6.006    
  0.8000       6.031    
  0.9000       6.060    
   1.000       6.093    
   1.100       6.128    
   1.200       6.168    
   1.300       6.211    
   1.400       6.258    
   1.500       6.308    
   1.600       6.362    
   1.700       6.420    
   1.800       6.481    
   1.900       6.547    
   2.000       6.616    
   2.100       6.689    
   2.200       6.766    
   2.300       6.847    
   2.400       6.932    
   2.500       7.020    
   2.600       7.113    
   2.700       7.209    
   2.800       7.309    
   2.900       7.413    
   3.000       7.521    
   3.100       7.633    
   3.200       7.748    
   3.300       7.867    
   3.400       7.989    
   3.500       8.115    
   3.600       8.244    
   3.700       8.377    
   3.800       8.512    
   3.900       8.651    
   4.000       8.792    
   4.100       8.936    
   4.200       9.082    
   4.300       9.230    
   4.400       9.381    
   4.500       9.533    
   4.600       9.687    
   4.700       9.843    
   4.800       9.999    
   4.900       10.16    
   5.000       10.31    
   5.100       10.47    
   5.200       10.63    
   5.300       10.79    
   5.400       10.95    
   5.500       11.10    
   5.600       11.26    
   5.700       11.41    
   5.800       11.56    
   5.900       11.71    
   6.000       11.86    
   6.100       12.00    
   6.200       12.15    
   6.300       12.28    
   6.400       12.42    
   6.500       12.55    
   6.600       12.67    
   6.700       12.79    
   6.800       12.91    
   6.900       13.02    
   7.000       13.12    
   7.100       13.22    
   7.200       13.31    
   7.300       13.39    
   7.400       13.47    
   7.500       13.54    
   7.600       13.61    
   7.700       13.66    
   7.800       13.71    
   7.900       13.75    
   8.000       13.79    
   8.100       13.81    
   8.200       13.83    
   8.300       13.83    
   8.400       13.83    
   8.500       13.82    
   8.600       13.81    
   8.700       13.78    
   8.800       13.74    
   8.900       13.70    
   9.000       13.64    
   9.100       13.58    
   9.200       13.51    
   9.300       13.43    
   9.400       13.34    
   9.500       13.25    
   9.600       13.14    
   9.700       13.03    
   9.800       12.91    
   9.900       12.78    
   10.00       12.64    
   10.10       12.50    
   10.20       12.35    
   10.30       12.19    
   10.40       12.03    
   10.50       11.85    
   10.60       11.68    
   10.70       11.49    
   10.80       11.31    
   10.90       11.11    
   11.00       10.91    
   11.10       10.71    
   11.20       10.50    
   11.30       10.29    
   11.40       10.08    
   11.50       9.857    
   11.60       9.636    
   11.70       9.412    
   11.80       9.187    
   11.90       8.959    
   12.00       8.730    
   12.10       8.500    
   12.20       8.269    
   12.30       8.038    
   12.40       7.806    
   12.50       7.576    
   12.60       7.345    
   12.70       7.116    
   12.80       6.888    
   12.90       6.661    
   13.00       6.437    
   13.10       6.214    
   13.20       5.994    
   13.30       5.777    
   13.40       5.563    
   13.50       5.352    
   13.60       5.145    
   13.70       4.942    
   13.80       4.742    
   13.90       4.547    
   14.00       4.356    
   14.10       4.169    
   14.20       3.987    
   14.30       3.810    
   14.40       3.638    
   14.50       3.472    
   14.60       3.310    
   14.70       3.154    
   14.80       3.003    
   14.90       2.858    
   15.00       2.718    
   15.10       2.584    
   15.20       2.455    
   15.30       2.332    
   15.40       2.215    
   15.50       2.103    
   15.60       1.997    
   15.70       1.896    
   15.80       1.801    
   15.90       1.712    
   16.00       1.628    
   16.10       1.549    
   16.20       1.475    
   16.30       1.407    
   16.40       1.344    
   16.50       1.286    
   16.60       1.233    
   16.70       1.184    
   16.80       1.140    
   16.90       1.101    
   17.00       1.066    
   17.10       1.035    
   17.20       1.008    
   17.30      0.9851    
   17.40      0.9659    
   17.50      0.9504    
   17.60      0.9383    
   17.70      0.9295    
   17.80      0.9237    
   17.90      0.9209    
   18.00      0.9209    
   18.10      0.9235    
   18.20      0.9285    
   18.30      0.9358    
   18.40      0.9452    
   18.50      0.9565    
   18.60      0.9696    
   18.70      0.9843    
   18.80       1.000    
   18.90       1.018    
   19.00       1.036    
   19.10       1.056    
   19.20       1.076    
   19.30       1.098    
   19.40       1.119    
   19.50       1.141    
   19.60       1.164    
   19.70       1.186    
   19.80       1.209    
   19.90       1.231    
   20.00       1.254    
   20.10       1.276    
   20.20       1.298    
   20.30       1.319    
   20.40       1.339    
   20.50       1.359    
   20.60       1.378    
   20.70       1.397    
   20.80       1.414    
   20.90       1.431    
   21.00       1.446    
   21.10       1.460    
   21.20       1.474    
   21.30       1.486    
   21.40       1.497    
   21.50       1.506    
   21.60       1.514    
   21.70       1.521    
   21.80       1.527    
   21.90       1.532    
   22.00       1.535    
   22.10       1.536    
   22.20       1.537    
   22.30       1.536    
   22.40       1.533    
   22.50       1.530    
   22.60       1.525    
   22.70       1.518    
   22.80       1.511    
   22.90       1.502    
   23.00       1.492    
   23.10       1.480    
   23.20       1.468    
   23.30       1.454    
   23.40       1.440    
   23.50       1.424    
   23.60       1.407    
   23.70       1.389    
   23.80       1.370    
   23.90       1.351    
   24.00       1.330    
   24.10       1.309    
   24.20       1.287    
   24.30       1.264    
   24.40       1.241    
   24.50       1.217    
   24.60       1.192    
   24.70       1.167    
   24.80       1.142    
   24.90       1.116    
   25.00       1.090    
   25.10       1.063    
   25.20       1.037    
   25.30       1.010    
   25.40      0.9827    
   25.50      0.9556    
   25.60      0.9284    
   25.70      0.9012    
   25.80      0.8741    
   25.90      0.8471    
   26.00      0.8202    
   26.10      0.7935    
   26.20      0.7670    
   26.30      0.7407    
   26.40      0.7148    
   26.50      0.6892    
   26.60      0.6640    
   26.70      0.6392    
   26.80      0.6148    
   26.90      0.5909    
   27.00      0.5675    
   27.10      0.5446    
   27.20      0.5223    
   27.30      0.5005    
   27.40      0.4794    
   27.50      0.4588    
   27.60      0.4389    
   27.70      0.4196    
   27.80      0.4010    
   27.90      0.3831    
   28.00      0.3658    
   28.10      0.3492    
   28.20      0.3334    
   28.30      0.3182    
   28.40      0.3038    
   28.50      0.2900    
   28.60      0.2770    
   28.70      0.2647    
   28.80      0.2531    
   28.90      0.2422    
   29.00      0.2320    
   29.10      0.2225    
   29.20      0.2137    
   29.30      0.2056    
   29.40      0.1981    
   29.50      0.1913    
   29.60      0.1851    
   29.70      0.1796    
   29.80      0.1747    
   29.90      0.1703    
   30.00      0.1666    
   30.10      0.1634    
   30.20      0.1608    
   30.30      0.1586    
   30.40      0.1570    
   30.50      0.1559    
   30.60      0.1553    
   30.70      0.1550    
   30.80      0.1552    
   30.90      0.1558    
   31.00      0.1568    
   31.10      0.1581    
   31.20      0.1598    
   31.30      0.1618    
   31.40      0.1640    
   31.50      0.1666    
   31.60      0.1693    
   31.70      0.1723    
   31.80      0.1755    
   31.90      0.1788    
   32.00      0.1823    
   32.10      0.1860    
   32.20      0.1897    
   32.30      0.1935    
   32.40      0.1974    
   32.50      0.2014    
   32.60      0.2053    
   32.70      0.2093    
   32.80      0.2133    
   32.90      0.2172    
   33.00      0.2211    
   33.10      0.2250    
   33.20      0.2287    
   33.30      0.2324    
   33.40      0.2360    
   33.50      0.2394    
   33.60      0.2428    
   33.70      0.2460    
   33.80      0.2490    
   33.90      0.2519    
   34.00      0.2546    
   34.10      0.2571    
   34.20      0.2594    
   34.30      0.2615    
   34.40      0.2635    
   34.50      0.2652    
   34.60      0.2667    
   34.70      0.2680    
   34.80      0.2690    
   34.90      0.2699    
   35.00      0.2705    
   35.10      0.2709    
   35.20      0.2711    
   35.30      0.2710    
   35.40      0.2708    
   35.50      0.2703    
   35.60      0.2696    
   35.70      0.2686    
   35.80      0.2675    
   35.90      0.2661    
   36.00      0.2645    
   36.10      0.2628    
   36.20      0.2608    
   36.30      0.2586    
   36.40      0.2563    
   36.50      0.2537    
   36.60      0.2510    
   36.70      0.2482    
   36.80      0.2451    
   36.90      0.2420    
   37.00      0.2386    
   37.10      0.2352    
   37.20      0.2316    
   37.30      0.2279    
   37.40      0.2241    
   37.50      0.2201    
   37.60      0.2161    
   37.70      0.2120    
   37.80      0.2078    
   37.90      0.2036    
   38.00      0.1992    
   38.10      0.1949    
   38.20      0.1905    
   38.30      0.1860    
   38.40      0.1815    
   38.50      0.1770    
   38.60      0.1725    
   38.70      0.1679    
   38.80      0.1634    
   38.90      0.1589    
   39.00      0.1544    
   39.10      0.1499    
   39.20      0.1455    
   39.30      0.1410    
   39.40      0.1367    
   39.50      0.1323    
   39.60      0.1280    
   39.70      0.1238    
   39.80      0.1197    
   39.90      0.1156    
   40.00      0.1115    
   40.10      0.1076    
   40.20      0.1037    
   40.30      0.9995E-01
   40.40      0.9625E-01
   40.50      0.9265E-01
   40.60      0.8914E-01
   40.70      0.8573E-01
   40.80      0.8242E-01
   40.90      0.7920E-01
   41.00      0.7609E-01
   41.10      0.7309E-01
   41.20      0.7019E-01
   41.30      0.6739E-01
   41.40      0.6471E-01
   41.50      0.6213E-01
   41.60      0.5966E-01
   41.70      0.5730E-01
   41.80      0.5505E-01
   41.90      0.5290E-01
   42.00      0.5087E-01
   42.10      0.4894E-01
   42.20      0.4712E-01
   42.30      0.4540E-01
   42.40      0.4379E-01
   42.50      0.4229E-01
   42.60      0.4088E-01
   42.70      0.3957E-01
   42.80      0.3837E-01
   42.90      0.3726E-01
   43.00      0.3624E-01
   43.10      0.3532E-01
   43.20      0.3448E-01
   43.30      0.3374E-01
   43.40      0.3307E-01
   43.50      0.3250E-01
   43.60      0.3200E-01
   43.70      0.3158E-01
   43.80      0.3123E-01
   43.90      0.3096E-01
   44.00      0.3076E-01
   44.10      0.3062E-01
   44.20      0.3055E-01
   44.30      0.3053E-01
   44.40      0.3058E-01
   44.50      0.3068E-01
   44.60      0.3083E-01
   44.70      0.3103E-01
   44.80      0.3128E-01
   44.90      0.3157E-01
   45.00      0.3190E-01
   45.10      0.3226E-01
   45.20      0.3267E-01
   45.30      0.3310E-01
   45.40      0.3356E-01
   45.50      0.3405E-01
   45.60      0.3456E-01
   45.70      0.3509E-01
   45.80      0.3564E-01
   45.90      0.3620E-01
   46.00      0.3677E-01
   46.10      0.3736E-01
   46.20      0.3795E-01
   46.30      0.3855E-01
   46.40      0.3915E-01
   46.50      0.3975E-01
   46.60      0.4034E-01
   46.70      0.4094E-01
   46.80      0.4152E-01
   46.90      0.4210E-01
   47.00      0.4267E-01
   47.10      0.4323E-01
   47.20      0.4377E-01
   47.30      0.4429E-01
   47.40      0.4480E-01
   47.50      0.4529E-01
   47.60      0.4576E-01
   47.70      0.4621E-01
   47.80      0.4664E-01
   47.90      0.4704E-01
   48.00      0.4741E-01
   48.10      0.4776E-01
   48.20      0.4808E-01
   48.30      0.4837E-01
   48.40      0.4864E-01
   48.50      0.4887E-01
   48.60      0.4907E-01
   48.70      0.4925E-01
   48.80      0.4939E-01
   48.90      0.4949E-01
   49.00      0.4957E-01
   49.10      0.4961E-01
   49.20      0.4962E-01
   49.30      0.4960E-01
   49.40      0.4955E-01
   49.50      0.4946E-01
   49.60      0.4934E-01
   49.70      0.4918E-01
   49.80      0.4900E-01
   49.90      0.4878E-01
   50.00      0.4854E-01
   50.10      0.4826E-01
   50.20      0.4795E-01
   50.30      0.4761E-01
   50.40      0.4724E-01
   50.50      0.4685E-01
   50.60      0.4643E-01
   50.70      0.4598E-01
   50.80      0.4550E-01
   50.90      0.4500E-01
   51.00      0.4448E-01
   51.10      0.4393E-01
   51.20      0.4336E-01
   51.30      0.4278E-01
   51.40      0.4217E-01
   51.50      0.4154E-01
   51.60      0.4090E-01
   51.70      0.4024E-01
   51.80      0.3956E-01
   51.90      0.3887E-01
   52.00      0.3817E-01
   52.10      0.3746E-01
   52.20      0.3674E-01
   52.30      0.3601E-01
   52.40      0.3527E-01
   52.50      0.3453E-01
   52.60      0.3378E-01
   52.70      0.3302E-01
   52.80      0.3227E-01
   52.90      0.3151E-01
   53.00      0.3075E-01
   53.10      0.2999E-01
   53.20      0.2924E-01
   53.30      0.2849E-01
   53.40      0.2774E-01
   53.50      0.2700E-01
   53.60      0.2626E-01
   53.70      0.2553E-01
   53.80      0.2481E-01
   53.90      0.2410E-01
   54.00      0.2339E-01
   54.10      0.2270E-01
   54.20      0.2202E-01
   54.30      0.2135E-01
   54.40      0.2070E-01
   54.50      0.2005E-01
   54.60      0.1943E-01
   54.70      0.1881E-01
   54.80      0.1821E-01
   54.90      0.1763E-01
   55.00      0.1706E-01
   55.10      0.1651E-01
   55.20      0.1598E-01
   55.30      0.1546E-01
   55.40      0.1496E-01
   55.50      0.1448E-01
   55.60      0.1402E-01
   55.70      0.1357E-01
   55.80      0.1314E-01
   55.90      0.1274E-01
   56.00      0.1234E-01
   56.10      0.1197E-01
   56.20      0.1161E-01
   56.30      0.1128E-01
   56.40      0.1096E-01
   56.50      0.1065E-01
   56.60      0.1037E-01
   56.70      0.1010E-01
   56.80      0.9849E-02
   56.90      0.9615E-02
   57.00      0.9397E-02
   57.10      0.9195E-02
   57.20      0.9009E-02
   57.30      0.8838E-02
   57.40      0.8682E-02
   57.50      0.8541E-02
   57.60      0.8413E-02
   57.70      0.8300E-02
   57.80      0.8200E-02
   57.90      0.8113E-02
   58.00      0.8038E-02
   58.10      0.7975E-02
   58.20      0.7923E-02
   58.30      0.7883E-02
   58.40      0.7852E-02
   58.50      0.7832E-02
   58.60      0.7821E-02
   58.70      0.7819E-02
   58.80      0.7826E-02
   58.90      0.7840E-02
   59.00      0.7862E-02
   59.10      0.7891E-02
   59.20      0.7927E-02
   59.30      0.7968E-02
   59.40      0.8015E-02
   59.50      0.8067E-02
   59.60      0.8123E-02
   59.70      0.8184E-02
   59.80      0.8248E-02
   59.90      0.8315E-02
   60.00      0.8385E-02
   60.10      0.8458E-02
   60.20      0.8532E-02
   60.30      0.8608E-02
   60.40      0.8684E-02
   60.50      0.8762E-02
   60.60      0.8840E-02
   60.70      0.8918E-02
   60.80      0.8995E-02
   60.90      0.9072E-02
   61.00      0.9148E-02
   61.10      0.9222E-02
   61.20      0.9295E-02
   61.30      0.9366E-02
   61.40      0.9435E-02
   61.50      0.9501E-02
   61.60      0.9565E-02
   61.70      0.9625E-02
   61.80      0.9683E-02
   61.90      0.9737E-02
   62.00      0.9788E-02
   62.10      0.9835E-02
   62.20      0.9878E-02
   62.30      0.9918E-02
   62.40      0.9953E-02
   62.50      0.9984E-02
   62.60      0.1001E-01
   62.70      0.1003E-01
   62.80      0.1005E-01
   62.90      0.1006E-01
   63.00      0.1007E-01
   63.10      0.1007E-01
   63.20      0.1007E-01
   63.30      0.1007E-01
   63.40      0.1006E-01
   63.50      0.1004E-01
   63.60      0.1002E-01
   63.70      0.9996E-02
   63.80      0.9966E-02
   63.90      0.9931E-02
   64.00      0.9892E-02
   64.10      0.9848E-02
   64.20      0.9800E-02
   64.30      0.9747E-02
   64.40      0.9689E-02
   64.50      0.9628E-02
   64.60      0.9562E-02
   64.70      0.9491E-02
   64.80      0.9417E-02
   64.90      0.9339E-02
   65.00      0.9257E-02
   65.10      0.9171E-02
   65.20      0.9082E-02
   65.30      0.8989E-02
   65.40      0.8893E-02
   65.50      0.8793E-02
   65.60      0.8691E-02
   65.70      0.8585E-02
   65.80      0.8477E-02
   65.90      0.8366E-02
   66.00      0.8252E-02
   66.10      0.8136E-02
   66.20      0.8018E-02
   66.30      0.7898E-02
   66.40      0.7776E-02
   66.50      0.7653E-02
   66.60      0.7527E-02
   66.70      0.7401E-02
   66.80      0.7272E-02
   66.90      0.7143E-02
   67.00      0.7013E-02
   67.10      0.6882E-02
   67.20      0.6751E-02
   67.30      0.6619E-02
   67.40      0.6486E-02
   67.50      0.6354E-02
   67.60      0.6221E-02
   67.70      0.6088E-02
   67.80      0.5956E-02
   67.90      0.5824E-02
   68.00      0.5693E-02
   68.10      0.5562E-02
   68.20      0.5432E-02
   68.30      0.5304E-02
   68.40      0.5176E-02
   68.50      0.5049E-02
   68.60      0.4924E-02
   68.70      0.4800E-02
   68.80      0.4678E-02
   68.90      0.4557E-02
   69.00      0.4438E-02
   69.10      0.4322E-02
   69.20      0.4207E-02
   69.30      0.4094E-02
   69.40      0.3983E-02
   69.50      0.3875E-02
   69.60      0.3769E-02
   69.70      0.3665E-02
   69.80      0.3564E-02
   69.90      0.3466E-02
   70.00      0.3370E-02
   70.10      0.3277E-02
   70.20      0.3186E-02
   70.30      0.3099E-02
   70.40      0.3014E-02
   70.50      0.2932E-02
   70.60      0.2852E-02
   70.70      0.2776E-02
   70.80      0.2703E-02
   70.90      0.2632E-02
   71.00      0.2565E-02
   71.10      0.2500E-02
   71.20      0.2438E-02
   71.30      0.2380E-02
   71.40      0.2324E-02
   71.50      0.2271E-02
   71.60      0.2221E-02
   71.70      0.2173E-02
   71.80      0.2129E-02
   71.90      0.2087E-02
   72.00      0.2048E-02
   72.10      0.2011E-02
   72.20      0.1978E-02
   72.30      0.1947E-02
   72.40      0.1918E-02
   72.50      0.1892E-02
   72.60      0.1868E-02
   72.70      0.1846E-02
   72.80      0.1827E-02
   72.90      0.1810E-02
   73.00      0.1795E-02
   73.10      0.1782E-02
   73.20      0.1771E-02
   73.30      0.1762E-02
   73.40      0.1755E-02
   73.50      0.1750E-02
   73.60      0.1746E-02
   73.70      0.1744E-02
   73.80      0.1744E-02
   73.90      0.1745E-02
   74.00      0.1747E-02
   74.10      0.1751E-02
   74.20      0.1756E-02
   74.30      0.1762E-02
   74.40      0.1769E-02
   74.50      0.1777E-02
   74.60      0.1786E-02
   74.70      0.1796E-02
   74.80      0.1806E-02
   74.90      0.1818E-02
   75.00      0.1830E-02
   75.10      0.1842E-02
   75.20      0.1856E-02
   75.30      0.1869E-02
   75.40      0.1883E-02
   75.50      0.1897E-02
   75.60      0.1912E-02
   75.70      0.1927E-02
   75.80      0.1942E-02
   75.90      0.1957E-02
   76.00      0.1972E-02
   76.10      0.1987E-02
   76.20      0.2002E-02
   76.30      0.2017E-02
   76.40      0.2031E-02
   76.50      0.2046E-02
   76.60      0.2060E-02
   76.70      0.2074E-02
   76.80      0.2088E-02
   76.90      0.2101E-02
   77.00      0.2114E-02
   77.10      0.2126E-02
   77.20      0.2138E-02
   77.30      0.2149E-02
   77.40      0.2160E-02
   77.50      0.2170E-02
   77.60      0.2179E-02
   77.70      0.2188E-02
   77.80      0.2196E-02
   77.90      0.2204E-02
   78.00      0.2210E-02
   78.10      0.2216E-02
   78.20      0.2221E-02
   78.30      0.2226E-02
   78.40      0.2229E-02
   78.50      0.2232E-02
   78.60      0.2234E-02
   78.70      0.2234E-02
   78.80      0.2234E-02
   78.90      0.2234E-02
   79.00      0.2232E-02
   79.10      0.2229E-02
   79.20      0.2225E-02
   79.30      0.2221E-02
   79.40      0.2215E-02
   79.50      0.2209E-02
   79.60      0.2201E-02
   79.70      0.2193E-02
   79.80      0.2184E-02
   79.90      0.2173E-02
   80.00      0.2162E-02
   80.10      0.2150E-02
   80.20      0.2137E-02
   80.30      0.2124E-02
   80.40      0.2109E-02
   80.50      0.2094E-02
   80.60      0.2077E-02
   80.70      0.2060E-02
   80.80      0.2043E-02
   80.90      0.2024E-02
   81.00      0.2005E-02
   81.10      0.1985E-02
   81.20      0.1964E-02
   81.30      0.1943E-02
   81.40      0.1921E-02
   81.50      0.1898E-02
   81.60      0.1875E-02
   81.70      0.1851E-02
   81.80      0.1827E-02
   81.90      0.1802E-02
   82.00      0.1777E-02
   82.10      0.1752E-02
   82.20      0.1726E-02
   82.30      0.1700E-02
   82.40      0.1673E-02
   82.50      0.1646E-02
   82.60      0.1619E-02
   82.70      0.1592E-02
   82.80      0.1564E-02
   82.90      0.1537E-02
   83.00      0.1509E-02
   83.10      0.1481E-02
   83.20      0.1453E-02
   83.30      0.1425E-02
   83.40      0.1397E-02
   83.50      0.1370E-02
   83.60      0.1342E-02
   83.70      0.1314E-02
   83.80      0.1286E-02
   83.90      0.1259E-02
   84.00      0.1231E-02
   84.10      0.1204E-02
   84.20      0.1177E-02
   84.30      0.1150E-02
   84.40      0.1124E-02
   84.50      0.1097E-02
   84.60      0.1071E-02
   84.70      0.1046E-02
   84.80      0.1020E-02
   84.90      0.9952E-03
   85.00      0.9705E-03
   85.10      0.9462E-03
   85.20      0.9223E-03
   85.30      0.8988E-03
   85.40      0.8757E-03
   85.50      0.8531E-03
   85.60      0.8309E-03
   85.70      0.8092E-03
   85.80      0.7879E-03
   85.90      0.7671E-03
   86.00      0.7468E-03
   86.10      0.7270E-03
   86.20      0.7078E-03
   86.30      0.6890E-03
   86.40      0.6708E-03
   86.50      0.6531E-03
   86.60      0.6359E-03
   86.70      0.6193E-03
   86.80      0.6033E-03
   86.90      0.5878E-03
   87.00      0.5728E-03
   87.10      0.5584E-03
   87.20      0.5446E-03
   87.30      0.5314E-03
   87.40      0.5187E-03
   87.50      0.5066E-03
   87.60      0.4950E-03
   87.70      0.4840E-03
   87.80      0.4736E-03
   87.90      0.4637E-03
   88.00      0.4544E-03
   88.10      0.4456E-03
   88.20      0.4373E-03
   88.30      0.4296E-03
   88.40      0.4224E-03
   88.50      0.4157E-03
   88.60      0.4095E-03
   88.70      0.4037E-03
   88.80      0.3985E-03
   88.90      0.3937E-03
   89.00      0.3894E-03
   89.10      0.3855E-03
   89.20      0.3820E-03
   89.30      0.3789E-03
   89.40      0.3762E-03
   89.50      0.3739E-03
   89.60      0.3720E-03
   89.70      0.3704E-03
   89.80      0.3691E-03
   89.90      0.3681E-03
   90.00      0.3674E-03
   90.10      0.3670E-03
   90.20      0.3668E-03
   90.30      0.3668E-03
   90.40      0.3671E-03
   90.50      0.3676E-03
   90.60      0.3682E-03
   90.70      0.3690E-03
   90.80      0.3699E-03
   90.90      0.3710E-03
   91.00      0.3722E-03
   91.10      0.3735E-03
   91.20      0.3748E-03
   91.30      0.3762E-03
   91.40      0.3777E-03
   91.50      0.3792E-03
   91.60      0.3808E-03
   91.70      0.3823E-03
   91.80      0.3839E-03
   91.90      0.3854E-03
   92.00      0.3870E-03
   92.10      0.3885E-03
   92.20      0.3899E-03
   92.30      0.3914E-03
   92.40      0.3928E-03
   92.50      0.3941E-03
   92.60      0.3954E-03
   92.70      0.3966E-03
   92.80      0.3977E-03
   92.90      0.3988E-03
   93.00      0.3998E-03
   93.10      0.4007E-03
   93.20      0.4015E-03
   93.30      0.4023E-03
   93.40      0.4030E-03
   93.50      0.4036E-03
   93.60      0.4041E-03
   93.70      0.4046E-03
   93.80      0.4049E-03
   93.90      0.4052E-03
   94.00      0.4055E-03
   94.10      0.4056E-03
   94.20      0.4057E-03
   94.30      0.4057E-03
   94.40      0.4056E-03
   94.50      0.4055E-03
   94.60      0.4053E-03
   94.70      0.4050E-03
   94.80      0.4046E-03
   94.90      0.4042E-03
   95.00      0.4038E-03
   95.10      0.4032E-03
   95.20      0.4026E-03
   95.30      0.4020E-03
   95.40      0.4012E-03
   95.50      0.4005E-03
   95.60      0.3996E-03
   95.70      0.3987E-03
   95.80      0.3978E-03
   95.90      0.3967E-03
   96.00      0.3956E-03
   96.10      0.3945E-03
   96.20      0.3933E-03
   96.30      0.3920E-03
   96.40      0.3907E-03
   96.50      0.3893E-03
   96.60      0.3878E-03
   96.70      0.3863E-03
   96.80      0.3847E-03
   96.90      0.3830E-03
   97.00      0.3813E-03
   97.10      0.3795E-03
   97.20      0.3776E-03
   97.30      0.3757E-03
   97.40      0.3737E-03
   97.50      0.3716E-03
   97.60      0.3695E-03
   97.70      0.3673E-03
   97.80      0.3651E-03
   97.90      0.3627E-03
   98.00      0.3603E-03
   98.10      0.3579E-03
   98.20      0.3554E-03
   98.30      0.3528E-03
   98.40      0.3501E-03
   98.50      0.3474E-03
   98.60      0.3447E-03
   98.70      0.3419E-03
   98.80      0.3390E-03
   98.90      0.3361E-03
   99.00      0.3331E-03
   99.10      0.3301E-03
   99.20      0.3270E-03
   99.30      0.3239E-03
   99.40      0.3207E-03
   99.50      0.3175E-03
   99.60      0.3143E-03
   99.70      0.3110E-03
   99.80      0.3077E-03
   99.90      0.3043E-03
   100.0      0.3009E-03
   100.1      0.2975E-03
   100.2      0.2941E-03
   100.3      0.2906E-03
   100.4      0.2871E-03
   100.5      0.2835E-03
   100.6      0.2799E-03
   100.7      0.2763E-03
   100.8      0.2727E-03
   100.9      0.2691E-03
   101.0      0.2654E-03
   101.1      0.2617E-03
   101.2      0.2580E-03
   101.3      0.2543E-03
   101.4      0.2505E-03
   101.5      0.2467E-03
   101.6      0.2430E-03
   101.7      0.2391E-03
   101.8      0.2353E-03
   101.9      0.2315E-03
   102.0      0.2277E-03
   102.1      0.2238E-03
   102.2      0.2200E-03
   102.3      0.2161E-03
   102.4      0.2123E-03
   102.5      0.2084E-03
   102.6      0.2046E-03
   102.7      0.2007E-03
   102.8      0.1969E-03
   102.9      0.1931E-03
   103.0      0.1893E-03
   103.1      0.1856E-03
   103.2      0.1819E-03
   103.3      0.1782E-03
   103.4      0.1745E-03
   103.5      0.1709E-03
   103.6      0.1674E-03
   103.7      0.1639E-03
   103.8      0.1604E-03
   103.9      0.1571E-03
   104.0      0.1538E-03
   104.1      0.1506E-03
   104.2      0.1474E-03
   104.3      0.1444E-03
   104.4      0.1415E-03
   104.5      0.1386E-03
   104.6      0.1359E-03
   104.7      0.1332E-03
   104.8      0.1307E-03
   104.9      0.1283E-03
   105.0      0.1260E-03
   105.1      0.1239E-03
   105.2      0.1218E-03
   105.3      0.1199E-03
   105.4      0.1181E-03
   105.5      0.1165E-03
   105.6      0.1150E-03
   105.7      0.1136E-03
   105.8      0.1123E-03
   105.9      0.1112E-03
   106.0      0.1102E-03
   106.1      0.1094E-03
   106.2      0.1086E-03
   106.3      0.1080E-03
   106.4      0.1075E-03
   106.5      0.1071E-03
   106.6      0.1068E-03
   106.7      0.1066E-03
   106.8      0.1065E-03
   106.9      0.1065E-03
   107.0      0.1066E-03
   107.1      0.1068E-03
   107.2      0.1070E-03
   107.3      0.1073E-03
   107.4      0.1077E-03
   107.5      0.1081E-03
   107.6      0.1085E-03
   107.7      0.1090E-03
   107.8      0.1094E-03
   107.9      0.1100E-03
   108.0      0.1105E-03
   108.1      0.1110E-03
   108.2      0.1115E-03
   108.3      0.1120E-03
   108.4      0.1125E-03
   108.5      0.1129E-03
   108.6      0.1133E-03
   108.7      0.1137E-03
   108.8      0.1140E-03
   108.9      0.1143E-03
   109.0      0.1145E-03
   109.1      0.1147E-03
   109.2      0.1148E-03
   109.3      0.1149E-03
   109.4      0.1148E-03
   109.5      0.1148E-03
   109.6      0.1146E-03
   109.7      0.1144E-03
   109.8      0.1141E-03
   109.9      0.1137E-03
   110.0      0.1133E-03
   110.1      0.1128E-03
   110.2      0.1123E-03
   110.3      0.1116E-03
   110.4      0.1110E-03
   110.5      0.1102E-03
   110.6      0.1094E-03
   110.7      0.1086E-03
   110.8      0.1077E-03
   110.9      0.1068E-03
   111.0      0.1058E-03
   111.1      0.1048E-03
   111.2      0.1038E-03
   111.3      0.1028E-03
   111.4      0.1017E-03
   111.5      0.1006E-03
   111.6      0.9949E-04
   111.7      0.9838E-04
   111.8      0.9726E-04
   111.9      0.9613E-04
   112.0      0.9501E-04
   112.1      0.9389E-04
   112.2      0.9278E-04
   112.3      0.9168E-04
   112.4      0.9060E-04
   112.5      0.8952E-04
   112.6      0.8847E-04
   112.7      0.8743E-04
   112.8      0.8641E-04
   112.9      0.8541E-04
   113.0      0.8443E-04
   113.1      0.8348E-04
   113.2      0.8254E-04
   113.3      0.8163E-04
   113.4      0.8074E-04
   113.5      0.7987E-04
   113.6      0.7903E-04
   113.7      0.7820E-04
   113.8      0.7739E-04
   113.9      0.7660E-04
   114.0      0.7582E-04
   114.1      0.7507E-04
   114.2      0.7432E-04
   114.3      0.7359E-04
   114.4      0.7288E-04
   114.5      0.7217E-04
   114.6      0.7147E-04
   114.7      0.7079E-04
   114.8      0.7011E-04
   114.9      0.6943E-04
   115.0      0.6877E-04
   115.1      0.6811E-04
   115.2      0.6745E-04
   115.3      0.6680E-04
   115.4      0.6615E-04
   115.5      0.6550E-04
   115.6      0.6486E-04
   115.7      0.6422E-04
   115.8      0.6359E-04
   115.9      0.6295E-04
   116.0      0.6233E-04
   116.1      0.6170E-04
   116.2      0.6108E-04
   116.3      0.6047E-04
   116.4      0.5986E-04
   116.5      0.5926E-04
   116.6      0.5867E-04
   116.7      0.5808E-04
   116.8      0.5751E-04
   116.9      0.5694E-04
   117.0      0.5638E-04
   117.1      0.5583E-04
   117.2      0.5529E-04
   117.3      0.5476E-04
   117.4      0.5425E-04
   117.5      0.5374E-04
   117.6      0.5325E-04
   117.7      0.5276E-04
   117.8      0.5229E-04
   117.9      0.5183E-04
   118.0      0.5137E-04
   118.1      0.5093E-04
   118.2      0.5050E-04
   118.3      0.5007E-04
   118.4      0.4965E-04
   118.5      0.4924E-04
   118.6      0.4883E-04
   118.7      0.4843E-04
   118.8      0.4803E-04
   118.9      0.4763E-04
   119.0      0.4723E-04
   119.1      0.4683E-04
   119.2      0.4642E-04
   119.3      0.4602E-04
   119.4      0.4561E-04
   119.5      0.4519E-04
   119.6      0.4477E-04
   119.7      0.4434E-04
   119.8      0.4390E-04
   119.9      0.4345E-04
   120.0      0.4299E-04
   120.1      0.4252E-04
   120.2      0.4205E-04
   120.3      0.4156E-04
   120.4      0.4106E-04
   120.5      0.4056E-04
   120.6      0.4004E-04
   120.7      0.3952E-04
   120.8      0.3899E-04
   120.9      0.3845E-04
   121.0      0.3791E-04
   121.1      0.3737E-04
   121.2      0.3682E-04
   121.3      0.3628E-04
   121.4      0.3574E-04
   121.5      0.3520E-04
   121.6      0.3467E-04
   121.7      0.3414E-04
   121.8      0.3363E-04
   121.9      0.3312E-04
   122.0      0.3264E-04
   122.1      0.3217E-04
   122.2      0.3172E-04
   122.3      0.3129E-04
   122.4      0.3088E-04
   122.5      0.3049E-04
   122.6      0.3014E-04
   122.7      0.2981E-04
   122.8      0.2950E-04
   122.9      0.2923E-04
   123.0      0.2899E-04
   123.1      0.2878E-04
   123.2      0.2860E-04
   123.3      0.2846E-04
   123.4      0.2834E-04
   123.5      0.2825E-04
   123.6      0.2820E-04
   123.7      0.2817E-04
   123.8      0.2818E-04
   123.9      0.2820E-04
   124.0      0.2826E-04
   124.1      0.2833E-04
   124.2      0.2843E-04
   124.3      0.2854E-04
   124.4      0.2867E-04
   124.5      0.2882E-04
   124.6      0.2897E-04
   124.7      0.2913E-04
   124.8      0.2930E-04
   124.9      0.2946E-04
   125.0      0.2963E-04
   125.1      0.2979E-04
   125.2      0.2995E-04
   125.3      0.3010E-04
   125.4      0.3023E-04
   125.5      0.3035E-04
   125.6      0.3046E-04
   125.7      0.3054E-04
   125.8      0.3061E-04
   125.9      0.3065E-04
   126.0      0.3067E-04
   126.1      0.3067E-04
   126.2      0.3064E-04
   126.3      0.3058E-04
   126.4      0.3050E-04
   126.5      0.3039E-04
   126.6      0.3026E-04
   126.7      0.3011E-04
   126.8      0.2993E-04
   126.9      0.2973E-04
   127.0      0.2951E-04
   127.1      0.2927E-04
   127.2      0.2901E-04
   127.3      0.2875E-04
   127.4      0.2847E-04
   127.5      0.2818E-04
   127.6      0.2789E-04
   127.7      0.2760E-04
   127.8      0.2731E-04
   127.9      0.2702E-04
   128.0      0.2674E-04
   128.1      0.2647E-04
   128.2      0.2622E-04
   128.3      0.2598E-04
   128.4      0.2577E-04
   128.5      0.2557E-04
   128.6      0.2541E-04
   128.7      0.2527E-04
   128.8      0.2516E-04
   128.9      0.2508E-04
   129.0      0.2504E-04
   129.1      0.2504E-04
   129.2      0.2507E-04
   129.3      0.2514E-04
   129.4      0.2524E-04
   129.5      0.2539E-04
   129.6      0.2557E-04
   129.7      0.2579E-04
   129.8      0.2604E-04
   129.9      0.2633E-04
   130.0      0.2666E-04
   130.1      0.2701E-04
   130.2      0.2740E-04
   130.3      0.2781E-04
   130.4      0.2824E-04
   130.5      0.2870E-04
   130.6      0.2917E-04
   130.7      0.2966E-04
   130.8      0.3016E-04
   130.9      0.3066E-04
   131.0      0.3117E-04
   131.1      0.3168E-04
   131.2      0.3218E-04
   131.3      0.3268E-04
   131.4      0.3317E-04
   131.5      0.3364E-04
   131.6      0.3409E-04
   131.7      0.3452E-04
   131.8      0.3493E-04
   131.9      0.3531E-04
   132.0      0.3566E-04
   132.1      0.3598E-04
   132.2      0.3626E-04
   132.3      0.3651E-04
   132.4      0.3672E-04
   132.5      0.3689E-04
   132.6      0.3702E-04
   132.7      0.3711E-04
   132.8      0.3716E-04
   132.9      0.3717E-04
   133.0      0.3714E-04
   133.1      0.3707E-04
   133.2      0.3696E-04
   133.3      0.3682E-04
   133.4      0.3664E-04
   133.5      0.3642E-04
   133.6      0.3617E-04
   133.7      0.3589E-04
   133.8      0.3559E-04
   133.9      0.3526E-04
   134.0      0.3490E-04
   134.1      0.3453E-04
   134.2      0.3414E-04
   134.3      0.3373E-04
   134.4      0.3331E-04
   134.5      0.3288E-04
   134.6      0.3244E-04
   134.7      0.3199E-04
   134.8      0.3155E-04
   134.9      0.3110E-04
   135.0      0.3065E-04
   135.1      0.3020E-04
   135.2      0.2976E-04
   135.3      0.2933E-04
   135.4      0.2890E-04
   135.5      0.2848E-04
   135.6      0.2806E-04
   135.7      0.2766E-04
   135.8      0.2726E-04
   135.9      0.2687E-04
   136.0      0.2649E-04
   136.1      0.2612E-04
   136.2      0.2576E-04
   136.3      0.2541E-04
   136.4      0.2506E-04
   136.5      0.2471E-04
   136.6      0.2437E-04
   136.7      0.2404E-04
   136.8      0.2370E-04
   136.9      0.2337E-04
   137.0      0.2303E-04
   137.1      0.2269E-04
   137.2      0.2235E-04
   137.3      0.2201E-04
   137.4      0.2166E-04
   137.5      0.2130E-04
   137.6      0.2093E-04
   137.7      0.2056E-04
   137.8      0.2018E-04
   137.9      0.1978E-04
   138.0      0.1938E-04
   138.1      0.1897E-04
   138.2      0.1855E-04
   138.3      0.1812E-04
   138.4      0.1768E-04
   138.5      0.1724E-04
   138.6      0.1678E-04
   138.7      0.1632E-04
   138.8      0.1586E-04
   138.9      0.1540E-04
   139.0      0.1493E-04
   139.1      0.1446E-04
   139.2      0.1400E-04
   139.3      0.1354E-04
   139.4      0.1309E-04
   139.5      0.1265E-04
   139.6      0.1221E-04
   139.7      0.1180E-04
   139.8      0.1139E-04
   139.9      0.1100E-04
   140.0      0.1064E-04
   140.1      0.1029E-04
   140.2      0.9968E-05
   140.3      0.9669E-05
   140.4      0.9396E-05
   140.5      0.9149E-05
   140.6      0.8932E-05
   140.7      0.8742E-05
   140.8      0.8583E-05
   140.9      0.8452E-05
   141.0      0.8352E-05
   141.1      0.8281E-05
   141.2      0.8238E-05
   141.3      0.8224E-05
   141.4      0.8236E-05
   141.5      0.8275E-05
   141.6      0.8337E-05
   141.7      0.8421E-05
   141.8      0.8526E-05
   141.9      0.8649E-05
   142.0      0.8788E-05
   142.1      0.8940E-05
   142.2      0.9102E-05
   142.3      0.9273E-05
   142.4      0.9448E-05
   142.5      0.9626E-05
   142.6      0.9803E-05
   142.7      0.9976E-05
   142.8      0.1014E-04
   142.9      0.1030E-04
   143.0      0.1045E-04
   143.1      0.1058E-04
   143.2      0.1070E-04
   143.3      0.1080E-04
   143.4      0.1088E-04
   143.5      0.1094E-04
   143.6      0.1097E-04
   143.7      0.1098E-04
   143.8      0.1097E-04
   143.9      0.1093E-04
   144.0      0.1087E-04
   144.1      0.1078E-04
   144.2      0.1067E-04
   144.3      0.1054E-04
   144.4      0.1038E-04
   144.5      0.1021E-04
   144.6      0.1001E-04
   144.7      0.9798E-05
   144.8      0.9571E-05
   144.9      0.9333E-05
   145.0      0.9085E-05
   145.1      0.8831E-05
   145.2      0.8573E-05
   145.3      0.8315E-05
   145.4      0.8060E-05
   145.5      0.7812E-05
   145.6      0.7572E-05
   145.7      0.7345E-05
   145.8      0.7133E-05
   145.9      0.6940E-05
   146.0      0.6769E-05
   146.1      0.6622E-05
   146.2      0.6502E-05
   146.3      0.6410E-05
   146.4      0.6350E-05
   146.5      0.6323E-05
   146.6      0.6330E-05
   146.7      0.6372E-05
   146.8      0.6451E-05
   146.9      0.6567E-05
   147.0      0.6720E-05
   147.1      0.6909E-05
   147.2      0.7135E-05
   147.3      0.7396E-05
   147.4      0.7691E-05
   147.5      0.8019E-05
   147.6      0.8377E-05
   147.7      0.8764E-05
   147.8      0.9177E-05
   147.9      0.9613E-05
   148.0      0.1007E-04
   148.1      0.1054E-04
   148.2      0.1103E-04
   148.3      0.1153E-04
   148.4      0.1204E-04
   148.5      0.1255E-04
   148.6      0.1306E-04
   148.7      0.1357E-04
   148.8      0.1407E-04
   148.9      0.1456E-04
   149.0      0.1504E-04
   149.1      0.1551E-04
   149.2      0.1595E-04
   149.3      0.1638E-04
   149.4      0.1678E-04
   149.5      0.1716E-04
   149.6      0.1750E-04
   149.7      0.1783E-04
   149.8      0.1812E-04
   149.9      0.1838E-04
   150.0      0.1861E-04
   150.1      0.1881E-04
   150.2      0.1898E-04
   150.3      0.1912E-04
   150.4      0.1923E-04
   150.5      0.1931E-04
   150.6      0.1937E-04
   150.7      0.1941E-04
   150.8      0.1942E-04
   150.9      0.1942E-04
   151.0      0.1940E-04
   151.1      0.1937E-04
   151.2      0.1932E-04
   151.3      0.1927E-04
   151.4      0.1922E-04
   151.5      0.1916E-04
   151.6      0.1911E-04
   151.7      0.1906E-04
   151.8      0.1902E-04
   151.9      0.1899E-04
   152.0      0.1898E-04
   152.1      0.1898E-04
   152.2      0.1900E-04
   152.3      0.1904E-04
   152.4      0.1910E-04
   152.5      0.1919E-04
   152.6      0.1930E-04
   152.7      0.1944E-04
   152.8      0.1960E-04
   152.9      0.1979E-04
   153.0      0.2000E-04
   153.1      0.2024E-04
   153.2      0.2050E-04
   153.3      0.2079E-04
   153.4      0.2109E-04
   153.5      0.2141E-04
   153.6      0.2175E-04
   153.7      0.2210E-04
   153.8      0.2247E-04
   153.9      0.2284E-04
   154.0      0.2321E-04
   154.1      0.2358E-04
   154.2      0.2395E-04
   154.3      0.2431E-04
   154.4      0.2467E-04
   154.5      0.2500E-04
   154.6      0.2532E-04
   154.7      0.2562E-04
   154.8      0.2590E-04
   154.9      0.2614E-04
   155.0      0.2636E-04
   155.1      0.2654E-04
   155.2      0.2669E-04
   155.3      0.2680E-04
   155.4      0.2687E-04
   155.5      0.2689E-04
   155.6      0.2688E-04
   155.7      0.2682E-04
   155.8      0.2672E-04
   155.9      0.2658E-04
   156.0      0.2640E-04
   156.1      0.2618E-04
   156.2      0.2591E-04
   156.3      0.2562E-04
   156.4      0.2528E-04
   156.5      0.2492E-04
   156.6      0.2452E-04
   156.7      0.2410E-04
   156.8      0.2366E-04
   156.9      0.2320E-04
   157.0      0.2273E-04
   157.1      0.2225E-04
   157.2      0.2176E-04
   157.3      0.2128E-04
   157.4      0.2079E-04
   157.5      0.2032E-04
   157.6      0.1985E-04
   157.7      0.1941E-04
   157.8      0.1898E-04
   157.9      0.1858E-04
   158.0      0.1821E-04
   158.1      0.1787E-04
   158.2      0.1756E-04
   158.3      0.1729E-04
   158.4      0.1706E-04
   158.5      0.1687E-04
   158.6      0.1672E-04
   158.7      0.1662E-04
   158.8      0.1656E-04
   158.9      0.1654E-04
   159.0      0.1656E-04
   159.1      0.1663E-04
   159.2      0.1674E-04
   159.3      0.1689E-04
   159.4      0.1707E-04
   159.5      0.1729E-04
   159.6      0.1754E-04
   159.7      0.1781E-04
   159.8      0.1811E-04
   159.9      0.1843E-04
   160.0      0.1876E-04
   160.1      0.1910E-04
   160.2      0.1945E-04
   160.3      0.1980E-04
   160.4      0.2015E-04
   160.5      0.2048E-04
   160.6      0.2081E-04
   160.7      0.2112E-04
   160.8      0.2140E-04
   160.9      0.2167E-04
   161.0      0.2190E-04
   161.1      0.2210E-04
   161.2      0.2226E-04
   161.3      0.2239E-04
   161.4      0.2248E-04
   161.5      0.2252E-04
   161.6      0.2252E-04
   161.7      0.2248E-04
   161.8      0.2239E-04
   161.9      0.2226E-04
   162.0      0.2209E-04
   162.1      0.2187E-04
   162.2      0.2162E-04
   162.3      0.2132E-04
   162.4      0.2100E-04
   162.5      0.2064E-04
   162.6      0.2025E-04
   162.7      0.1985E-04
   162.8      0.1942E-04
   162.9      0.1898E-04
   163.0      0.1853E-04
   163.1      0.1807E-04
   163.2      0.1762E-04
   163.3      0.1717E-04
   163.4      0.1674E-04
   163.5      0.1632E-04
   163.6      0.1593E-04
   163.7      0.1556E-04
   163.8      0.1523E-04
   163.9      0.1493E-04
   164.0      0.1468E-04
   164.1      0.1447E-04
   164.2      0.1431E-04
   164.3      0.1421E-04
   164.4      0.1415E-04
   164.5      0.1416E-04
   164.6      0.1422E-04
   164.7      0.1434E-04
   164.8      0.1452E-04
   164.9      0.1476E-04
   165.0      0.1506E-04
   165.1      0.1541E-04
   165.2      0.1582E-04
   165.3      0.1628E-04
   165.4      0.1678E-04
   165.5      0.1733E-04
   165.6      0.1792E-04
   165.7      0.1854E-04
   165.8      0.1919E-04
   165.9      0.1986E-04
   166.0      0.2055E-04
   166.1      0.2125E-04
   166.2      0.2195E-04
   166.3      0.2265E-04
   166.4      0.2334E-04
   166.5      0.2402E-04
   166.6      0.2467E-04
   166.7      0.2529E-04
   166.8      0.2588E-04
   166.9      0.2643E-04
   167.0      0.2692E-04
   167.1      0.2737E-04
   167.2      0.2776E-04
   167.3      0.2809E-04
   167.4      0.2835E-04
   167.5      0.2854E-04
   167.6      0.2866E-04
   167.7      0.2871E-04
   167.8      0.2869E-04
   167.9      0.2859E-04
   168.0      0.2842E-04
   168.1      0.2818E-04
   168.2      0.2787E-04
   168.3      0.2749E-04
   168.4      0.2705E-04
   168.5      0.2655E-04
   168.6      0.2600E-04
   168.7      0.2540E-04
   168.8      0.2476E-04
   168.9      0.2408E-04
   169.0      0.2337E-04
   169.1      0.2265E-04
   169.2      0.2191E-04
   169.3      0.2117E-04
   169.4      0.2044E-04
   169.5      0.1972E-04
   169.6      0.1903E-04
   169.7      0.1837E-04
   169.8      0.1775E-04
   169.9      0.1719E-04
   170.0      0.1668E-04
   170.1      0.1625E-04
   170.2      0.1589E-04
   170.3      0.1562E-04
   170.4      0.1545E-04
   170.5      0.1537E-04
   170.6      0.1540E-04
   170.7      0.1554E-04
   170.8      0.1580E-04
   170.9      0.1617E-04
   171.0      0.1668E-04
   171.1      0.1730E-04
   171.2      0.1806E-04
   171.3      0.1895E-04
   171.4      0.1997E-04
   171.5      0.2111E-04
   171.6      0.2239E-04
   171.7      0.2379E-04
   171.8      0.2531E-04
   171.9      0.2695E-04
   172.0      0.2870E-04
   172.1      0.3057E-04
   172.2      0.3253E-04
   172.3      0.3459E-04
   172.4      0.3674E-04
   172.5      0.3898E-04
   172.6      0.4128E-04
   172.7      0.4365E-04
   172.8      0.4608E-04
   172.9      0.4856E-04
   173.0      0.5108E-04
   173.1      0.5362E-04
   173.2      0.5619E-04
   173.3      0.5877E-04
   173.4      0.6136E-04
   173.5      0.6394E-04
   173.6      0.6650E-04
   173.7      0.6905E-04
   173.8      0.7157E-04
   173.9      0.7405E-04
   174.0      0.7649E-04
   174.1      0.7888E-04
   174.2      0.8122E-04
   174.3      0.8350E-04
   174.4      0.8571E-04
   174.5      0.8786E-04
   174.6      0.8994E-04
   174.7      0.9194E-04
   174.8      0.9386E-04
   174.9      0.9571E-04
   175.0      0.9748E-04
   175.1      0.9917E-04
   175.2      0.1008E-03
   175.3      0.1023E-03
   175.4      0.1038E-03
   175.5      0.1051E-03
   175.6      0.1064E-03
   175.7      0.1077E-03
   175.8      0.1088E-03
   175.9      0.1099E-03
   176.0      0.1110E-03
   176.1      0.1119E-03
   176.2      0.1129E-03
   176.3      0.1137E-03
   176.4      0.1145E-03
   176.5      0.1153E-03
   176.6      0.1160E-03
   176.7      0.1167E-03
   176.8      0.1174E-03
   176.9      0.1180E-03
   177.0      0.1186E-03
   177.1      0.1192E-03
   177.2      0.1197E-03
   177.3      0.1202E-03
   177.4      0.1207E-03
   177.5      0.1212E-03
   177.6      0.1217E-03
   177.7      0.1221E-03
   177.8      0.1225E-03
   177.9      0.1230E-03
   178.0      0.1234E-03
   178.1      0.1238E-03
   178.2      0.1241E-03
   178.3      0.1245E-03
   178.4      0.1249E-03
   178.5      0.1252E-03
   178.6      0.1255E-03
   178.7      0.1258E-03
   178.8      0.1261E-03
   178.9      0.1264E-03
   179.0      0.1267E-03
   179.1      0.1269E-03
   179.2      0.1271E-03
   179.3      0.1273E-03
   179.4      0.1275E-03
   179.5      0.1276E-03
   179.6      0.1277E-03
   179.7      0.1278E-03
   179.8      0.1279E-03
   179.9      0.1279E-03
   180.0      0.1280E-03
 END
