#1801 angles,  1 tensor ranks for 0=projectile
@subtitle   "12C(7Li,6Li)13C @ Ed=77 MeV;"                                                  
@legend ON
@legend x1 0.2
@legend y1 0.8
@g0 type LOGY
@yaxis ticklabel format power
@legend string   0 "Lab energy =   77.0000"
#legend string   0 "Partition=  2 Excit=  3 near/far= 1"
#  Theta       sigma       iT11        T20         T21         T22         Kyy for projectile
   0.000      0.2713    
  0.1000      0.2713    
  0.2000      0.2713    
  0.3000      0.2712    
  0.4000      0.2711    
  0.5000      0.2710    
  0.6000      0.2709    
  0.7000      0.2707    
  0.8000      0.2706    
  0.9000      0.2703    
   1.000      0.2701    
   1.100      0.2699    
   1.200      0.2696    
   1.300      0.2693    
   1.400      0.2689    
   1.500      0.2686    
   1.600      0.2682    
   1.700      0.2678    
   1.800      0.2673    
   1.900      0.2668    
   2.000      0.2663    
   2.100      0.2658    
   2.200      0.2652    
   2.300      0.2646    
   2.400      0.2639    
   2.500      0.2632    
   2.600      0.2625    
   2.700      0.2617    
   2.800      0.2609    
   2.900      0.2601    
   3.000      0.2592    
   3.100      0.2583    
   3.200      0.2573    
   3.300      0.2563    
   3.400      0.2552    
   3.500      0.2541    
   3.600      0.2529    
   3.700      0.2517    
   3.800      0.2505    
   3.900      0.2491    
   4.000      0.2478    
   4.100      0.2464    
   4.200      0.2449    
   4.300      0.2434    
   4.400      0.2418    
   4.500      0.2402    
   4.600      0.2385    
   4.700      0.2368    
   4.800      0.2350    
   4.900      0.2331    
   5.000      0.2312    
   5.100      0.2293    
   5.200      0.2272    
   5.300      0.2252    
   5.400      0.2231    
   5.500      0.2209    
   5.600      0.2186    
   5.700      0.2164    
   5.800      0.2140    
   5.900      0.2116    
   6.000      0.2092    
   6.100      0.2067    
   6.200      0.2042    
   6.300      0.2016    
   6.400      0.1989    
   6.500      0.1963    
   6.600      0.1936    
   6.700      0.1908    
   6.800      0.1880    
   6.900      0.1852    
   7.000      0.1823    
   7.100      0.1794    
   7.200      0.1765    
   7.300      0.1735    
   7.400      0.1705    
   7.500      0.1675    
   7.600      0.1645    
   7.700      0.1614    
   7.800      0.1584    
   7.900      0.1553    
   8.000      0.1522    
   8.100      0.1491    
   8.200      0.1460    
   8.300      0.1429    
   8.400      0.1398    
   8.500      0.1367    
   8.600      0.1336    
   8.700      0.1305    
   8.800      0.1275    
   8.900      0.1244    
   9.000      0.1214    
   9.100      0.1184    
   9.200      0.1154    
   9.300      0.1124    
   9.400      0.1095    
   9.500      0.1066    
   9.600      0.1037    
   9.700      0.1009    
   9.800      0.9813E-01
   9.900      0.9539E-01
   10.00      0.9270E-01
   10.10      0.9004E-01
   10.20      0.8744E-01
   10.30      0.8489E-01
   10.40      0.8239E-01
   10.50      0.7995E-01
   10.60      0.7756E-01
   10.70      0.7522E-01
   10.80      0.7295E-01
   10.90      0.7073E-01
   11.00      0.6857E-01
   11.10      0.6647E-01
   11.20      0.6444E-01
   11.30      0.6247E-01
   11.40      0.6056E-01
   11.50      0.5871E-01
   11.60      0.5693E-01
   11.70      0.5521E-01
   11.80      0.5355E-01
   11.90      0.5195E-01
   12.00      0.5042E-01
   12.10      0.4895E-01
   12.20      0.4754E-01
   12.30      0.4620E-01
   12.40      0.4491E-01
   12.50      0.4368E-01
   12.60      0.4251E-01
   12.70      0.4139E-01
   12.80      0.4033E-01
   12.90      0.3933E-01
   13.00      0.3838E-01
   13.10      0.3748E-01
   13.20      0.3663E-01
   13.30      0.3583E-01
   13.40      0.3507E-01
   13.50      0.3436E-01
   13.60      0.3369E-01
   13.70      0.3306E-01
   13.80      0.3248E-01
   13.90      0.3193E-01
   14.00      0.3141E-01
   14.10      0.3093E-01
   14.20      0.3048E-01
   14.30      0.3007E-01
   14.40      0.2968E-01
   14.50      0.2931E-01
   14.60      0.2897E-01
   14.70      0.2865E-01
   14.80      0.2836E-01
   14.90      0.2808E-01
   15.00      0.2782E-01
   15.10      0.2757E-01
   15.20      0.2734E-01
   15.30      0.2712E-01
   15.40      0.2692E-01
   15.50      0.2672E-01
   15.60      0.2652E-01
   15.70      0.2634E-01
   15.80      0.2616E-01
   15.90      0.2598E-01
   16.00      0.2581E-01
   16.10      0.2563E-01
   16.20      0.2546E-01
   16.30      0.2529E-01
   16.40      0.2511E-01
   16.50      0.2493E-01
   16.60      0.2475E-01
   16.70      0.2457E-01
   16.80      0.2438E-01
   16.90      0.2418E-01
   17.00      0.2398E-01
   17.10      0.2378E-01
   17.20      0.2356E-01
   17.30      0.2334E-01
   17.40      0.2312E-01
   17.50      0.2288E-01
   17.60      0.2264E-01
   17.70      0.2239E-01
   17.80      0.2214E-01
   17.90      0.2188E-01
   18.00      0.2161E-01
   18.10      0.2133E-01
   18.20      0.2105E-01
   18.30      0.2076E-01
   18.40      0.2046E-01
   18.50      0.2016E-01
   18.60      0.1985E-01
   18.70      0.1954E-01
   18.80      0.1922E-01
   18.90      0.1889E-01
   19.00      0.1857E-01
   19.10      0.1824E-01
   19.20      0.1790E-01
   19.30      0.1756E-01
   19.40      0.1722E-01
   19.50      0.1688E-01
   19.60      0.1654E-01
   19.70      0.1619E-01
   19.80      0.1585E-01
   19.90      0.1550E-01
   20.00      0.1516E-01
   20.10      0.1481E-01
   20.20      0.1447E-01
   20.30      0.1413E-01
   20.40      0.1379E-01
   20.50      0.1345E-01
   20.60      0.1312E-01
   20.70      0.1279E-01
   20.80      0.1247E-01
   20.90      0.1215E-01
   21.00      0.1183E-01
   21.10      0.1152E-01
   21.20      0.1121E-01
   21.30      0.1091E-01
   21.40      0.1061E-01
   21.50      0.1032E-01
   21.60      0.1004E-01
   21.70      0.9764E-02
   21.80      0.9494E-02
   21.90      0.9231E-02
   22.00      0.8974E-02
   22.10      0.8725E-02
   22.20      0.8483E-02
   22.30      0.8248E-02
   22.40      0.8020E-02
   22.50      0.7800E-02
   22.60      0.7587E-02
   22.70      0.7382E-02
   22.80      0.7184E-02
   22.90      0.6993E-02
   23.00      0.6810E-02
   23.10      0.6634E-02
   23.20      0.6465E-02
   23.30      0.6304E-02
   23.40      0.6149E-02
   23.50      0.6002E-02
   23.60      0.5861E-02
   23.70      0.5727E-02
   23.80      0.5600E-02
   23.90      0.5479E-02
   24.00      0.5365E-02
   24.10      0.5256E-02
   24.20      0.5153E-02
   24.30      0.5056E-02
   24.40      0.4965E-02
   24.50      0.4879E-02
   24.60      0.4798E-02
   24.70      0.4723E-02
   24.80      0.4652E-02
   24.90      0.4585E-02
   25.00      0.4523E-02
   25.10      0.4465E-02
   25.20      0.4411E-02
   25.30      0.4361E-02
   25.40      0.4314E-02
   25.50      0.4271E-02
   25.60      0.4230E-02
   25.70      0.4193E-02
   25.80      0.4158E-02
   25.90      0.4126E-02
   26.00      0.4096E-02
   26.10      0.4068E-02
   26.20      0.4043E-02
   26.30      0.4019E-02
   26.40      0.3996E-02
   26.50      0.3975E-02
   26.60      0.3955E-02
   26.70      0.3936E-02
   26.80      0.3918E-02
   26.90      0.3901E-02
   27.00      0.3884E-02
   27.10      0.3868E-02
   27.20      0.3852E-02
   27.30      0.3837E-02
   27.40      0.3821E-02
   27.50      0.3805E-02
   27.60      0.3789E-02
   27.70      0.3773E-02
   27.80      0.3757E-02
   27.90      0.3740E-02
   28.00      0.3722E-02
   28.10      0.3704E-02
   28.20      0.3685E-02
   28.30      0.3665E-02
   28.40      0.3645E-02
   28.50      0.3623E-02
   28.60      0.3601E-02
   28.70      0.3577E-02
   28.80      0.3553E-02
   28.90      0.3528E-02
   29.00      0.3501E-02
   29.10      0.3474E-02
   29.20      0.3445E-02
   29.30      0.3416E-02
   29.40      0.3385E-02
   29.50      0.3353E-02
   29.60      0.3320E-02
   29.70      0.3286E-02
   29.80      0.3251E-02
   29.90      0.3215E-02
   30.00      0.3178E-02
   30.10      0.3140E-02
   30.20      0.3101E-02
   30.30      0.3061E-02
   30.40      0.3021E-02
   30.50      0.2979E-02
   30.60      0.2937E-02
   30.70      0.2894E-02
   30.80      0.2851E-02
   30.90      0.2806E-02
   31.00      0.2762E-02
   31.10      0.2717E-02
   31.20      0.2671E-02
   31.30      0.2626E-02
   31.40      0.2579E-02
   31.50      0.2533E-02
   31.60      0.2487E-02
   31.70      0.2440E-02
   31.80      0.2394E-02
   31.90      0.2347E-02
   32.00      0.2301E-02
   32.10      0.2255E-02
   32.20      0.2209E-02
   32.30      0.2163E-02
   32.40      0.2118E-02
   32.50      0.2073E-02
   32.60      0.2028E-02
   32.70      0.1984E-02
   32.80      0.1941E-02
   32.90      0.1898E-02
   33.00      0.1856E-02
   33.10      0.1815E-02
   33.20      0.1775E-02
   33.30      0.1735E-02
   33.40      0.1696E-02
   33.50      0.1658E-02
   33.60      0.1621E-02
   33.70      0.1585E-02
   33.80      0.1550E-02
   33.90      0.1516E-02
   34.00      0.1483E-02
   34.10      0.1451E-02
   34.20      0.1421E-02
   34.30      0.1391E-02
   34.40      0.1362E-02
   34.50      0.1334E-02
   34.60      0.1308E-02
   34.70      0.1282E-02
   34.80      0.1258E-02
   34.90      0.1235E-02
   35.00      0.1213E-02
   35.10      0.1192E-02
   35.20      0.1171E-02
   35.30      0.1152E-02
   35.40      0.1134E-02
   35.50      0.1117E-02
   35.60      0.1101E-02
   35.70      0.1086E-02
   35.80      0.1072E-02
   35.90      0.1058E-02
   36.00      0.1046E-02
   36.10      0.1034E-02
   36.20      0.1023E-02
   36.30      0.1013E-02
   36.40      0.1003E-02
   36.50      0.9946E-03
   36.60      0.9864E-03
   36.70      0.9787E-03
   36.80      0.9716E-03
   36.90      0.9651E-03
   37.00      0.9589E-03
   37.10      0.9533E-03
   37.20      0.9480E-03
   37.30      0.9430E-03
   37.40      0.9383E-03
   37.50      0.9340E-03
   37.60      0.9298E-03
   37.70      0.9258E-03
   37.80      0.9220E-03
   37.90      0.9183E-03
   38.00      0.9147E-03
   38.10      0.9112E-03
   38.20      0.9076E-03
   38.30      0.9041E-03
   38.40      0.9005E-03
   38.50      0.8969E-03
   38.60      0.8931E-03
   38.70      0.8893E-03
   38.80      0.8853E-03
   38.90      0.8811E-03
   39.00      0.8768E-03
   39.10      0.8723E-03
   39.20      0.8675E-03
   39.30      0.8626E-03
   39.40      0.8574E-03
   39.50      0.8520E-03
   39.60      0.8463E-03
   39.70      0.8403E-03
   39.80      0.8341E-03
   39.90      0.8276E-03
   40.00      0.8208E-03
   40.10      0.8138E-03
   40.20      0.8065E-03
   40.30      0.7989E-03
   40.40      0.7910E-03
   40.50      0.7829E-03
   40.60      0.7745E-03
   40.70      0.7659E-03
   40.80      0.7570E-03
   40.90      0.7479E-03
   41.00      0.7385E-03
   41.10      0.7290E-03
   41.20      0.7192E-03
   41.30      0.7093E-03
   41.40      0.6992E-03
   41.50      0.6889E-03
   41.60      0.6784E-03
   41.70      0.6679E-03
   41.80      0.6571E-03
   41.90      0.6463E-03
   42.00      0.6354E-03
   42.10      0.6244E-03
   42.20      0.6134E-03
   42.30      0.6023E-03
   42.40      0.5911E-03
   42.50      0.5799E-03
   42.60      0.5688E-03
   42.70      0.5576E-03
   42.80      0.5464E-03
   42.90      0.5353E-03
   43.00      0.5242E-03
   43.10      0.5132E-03
   43.20      0.5023E-03
   43.30      0.4914E-03
   43.40      0.4806E-03
   43.50      0.4700E-03
   43.60      0.4594E-03
   43.70      0.4490E-03
   43.80      0.4387E-03
   43.90      0.4286E-03
   44.00      0.4186E-03
   44.10      0.4087E-03
   44.20      0.3991E-03
   44.30      0.3896E-03
   44.40      0.3802E-03
   44.50      0.3711E-03
   44.60      0.3622E-03
   44.70      0.3534E-03
   44.80      0.3449E-03
   44.90      0.3365E-03
   45.00      0.3284E-03
   45.10      0.3205E-03
   45.20      0.3128E-03
   45.30      0.3053E-03
   45.40      0.2980E-03
   45.50      0.2909E-03
   45.60      0.2840E-03
   45.70      0.2774E-03
   45.80      0.2710E-03
   45.90      0.2648E-03
   46.00      0.2588E-03
   46.10      0.2530E-03
   46.20      0.2474E-03
   46.30      0.2420E-03
   46.40      0.2369E-03
   46.50      0.2319E-03
   46.60      0.2272E-03
   46.70      0.2226E-03
   46.80      0.2183E-03
   46.90      0.2141E-03
   47.00      0.2101E-03
   47.10      0.2063E-03
   47.20      0.2027E-03
   47.30      0.1993E-03
   47.40      0.1960E-03
   47.50      0.1929E-03
   47.60      0.1900E-03
   47.70      0.1872E-03
   47.80      0.1846E-03
   47.90      0.1821E-03
   48.00      0.1798E-03
   48.10      0.1776E-03
   48.20      0.1756E-03
   48.30      0.1737E-03
   48.40      0.1719E-03
   48.50      0.1702E-03
   48.60      0.1686E-03
   48.70      0.1672E-03
   48.80      0.1658E-03
   48.90      0.1646E-03
   49.00      0.1635E-03
   49.10      0.1624E-03
   49.20      0.1614E-03
   49.30      0.1605E-03
   49.40      0.1597E-03
   49.50      0.1590E-03
   49.60      0.1583E-03
   49.70      0.1577E-03
   49.80      0.1571E-03
   49.90      0.1566E-03
   50.00      0.1561E-03
   50.10      0.1557E-03
   50.20      0.1553E-03
   50.30      0.1549E-03
   50.40      0.1546E-03
   50.50      0.1543E-03
   50.60      0.1540E-03
   50.70      0.1537E-03
   50.80      0.1534E-03
   50.90      0.1532E-03
   51.00      0.1529E-03
   51.10      0.1527E-03
   51.20      0.1524E-03
   51.30      0.1522E-03
   51.40      0.1519E-03
   51.50      0.1516E-03
   51.60      0.1513E-03
   51.70      0.1510E-03
   51.80      0.1507E-03
   51.90      0.1503E-03
   52.00      0.1499E-03
   52.10      0.1495E-03
   52.20      0.1491E-03
   52.30      0.1486E-03
   52.40      0.1481E-03
   52.50      0.1476E-03
   52.60      0.1470E-03
   52.70      0.1464E-03
   52.80      0.1458E-03
   52.90      0.1451E-03
   53.00      0.1443E-03
   53.10      0.1436E-03
   53.20      0.1428E-03
   53.30      0.1419E-03
   53.40      0.1410E-03
   53.50      0.1401E-03
   53.60      0.1391E-03
   53.70      0.1381E-03
   53.80      0.1370E-03
   53.90      0.1359E-03
   54.00      0.1348E-03
   54.10      0.1336E-03
   54.20      0.1324E-03
   54.30      0.1311E-03
   54.40      0.1298E-03
   54.50      0.1285E-03
   54.60      0.1271E-03
   54.70      0.1257E-03
   54.80      0.1243E-03
   54.90      0.1228E-03
   55.00      0.1214E-03
   55.10      0.1198E-03
   55.20      0.1183E-03
   55.30      0.1167E-03
   55.40      0.1152E-03
   55.50      0.1135E-03
   55.60      0.1119E-03
   55.70      0.1103E-03
   55.80      0.1086E-03
   55.90      0.1070E-03
   56.00      0.1053E-03
   56.10      0.1037E-03
   56.20      0.1020E-03
   56.30      0.1003E-03
   56.40      0.9863E-04
   56.50      0.9695E-04
   56.60      0.9529E-04
   56.70      0.9363E-04
   56.80      0.9198E-04
   56.90      0.9034E-04
   57.00      0.8872E-04
   57.10      0.8711E-04
   57.20      0.8552E-04
   57.30      0.8394E-04
   57.40      0.8239E-04
   57.50      0.8086E-04
   57.60      0.7936E-04
   57.70      0.7788E-04
   57.80      0.7643E-04
   57.90      0.7501E-04
   58.00      0.7362E-04
   58.10      0.7226E-04
   58.20      0.7093E-04
   58.30      0.6963E-04
   58.40      0.6836E-04
   58.50      0.6713E-04
   58.60      0.6594E-04
   58.70      0.6478E-04
   58.80      0.6365E-04
   58.90      0.6257E-04
   59.00      0.6151E-04
   59.10      0.6050E-04
   59.20      0.5951E-04
   59.30      0.5857E-04
   59.40      0.5766E-04
   59.50      0.5678E-04
   59.60      0.5594E-04
   59.70      0.5513E-04
   59.80      0.5436E-04
   59.90      0.5362E-04
   60.00      0.5291E-04
   60.10      0.5223E-04
   60.20      0.5159E-04
   60.30      0.5097E-04
   60.40      0.5038E-04
   60.50      0.4982E-04
   60.60      0.4928E-04
   60.70      0.4877E-04
   60.80      0.4829E-04
   60.90      0.4783E-04
   61.00      0.4739E-04
   61.10      0.4697E-04
   61.20      0.4657E-04
   61.30      0.4619E-04
   61.40      0.4583E-04
   61.50      0.4549E-04
   61.60      0.4516E-04
   61.70      0.4485E-04
   61.80      0.4455E-04
   61.90      0.4426E-04
   62.00      0.4398E-04
   62.10      0.4372E-04
   62.20      0.4346E-04
   62.30      0.4322E-04
   62.40      0.4298E-04
   62.50      0.4275E-04
   62.60      0.4252E-04
   62.70      0.4230E-04
   62.80      0.4209E-04
   62.90      0.4188E-04
   63.00      0.4167E-04
   63.10      0.4147E-04
   63.20      0.4127E-04
   63.30      0.4107E-04
   63.40      0.4087E-04
   63.50      0.4067E-04
   63.60      0.4047E-04
   63.70      0.4027E-04
   63.80      0.4007E-04
   63.90      0.3986E-04
   64.00      0.3966E-04
   64.10      0.3945E-04
   64.20      0.3924E-04
   64.30      0.3903E-04
   64.40      0.3882E-04
   64.50      0.3860E-04
   64.60      0.3837E-04
   64.70      0.3815E-04
   64.80      0.3791E-04
   64.90      0.3768E-04
   65.00      0.3744E-04
   65.10      0.3719E-04
   65.20      0.3694E-04
   65.30      0.3668E-04
   65.40      0.3642E-04
   65.50      0.3615E-04
   65.60      0.3587E-04
   65.70      0.3559E-04
   65.80      0.3530E-04
   65.90      0.3501E-04
   66.00      0.3471E-04
   66.10      0.3440E-04
   66.20      0.3409E-04
   66.30      0.3377E-04
   66.40      0.3344E-04
   66.50      0.3311E-04
   66.60      0.3277E-04
   66.70      0.3242E-04
   66.80      0.3207E-04
   66.90      0.3171E-04
   67.00      0.3135E-04
   67.10      0.3098E-04
   67.20      0.3060E-04
   67.30      0.3022E-04
   67.40      0.2984E-04
   67.50      0.2945E-04
   67.60      0.2905E-04
   67.70      0.2865E-04
   67.80      0.2825E-04
   67.90      0.2784E-04
   68.00      0.2743E-04
   68.10      0.2702E-04
   68.20      0.2661E-04
   68.30      0.2619E-04
   68.40      0.2577E-04
   68.50      0.2535E-04
   68.60      0.2493E-04
   68.70      0.2451E-04
   68.80      0.2409E-04
   68.90      0.2367E-04
   69.00      0.2325E-04
   69.10      0.2283E-04
   69.20      0.2242E-04
   69.30      0.2201E-04
   69.40      0.2159E-04
   69.50      0.2119E-04
   69.60      0.2078E-04
   69.70      0.2039E-04
   69.80      0.1999E-04
   69.90      0.1960E-04
   70.00      0.1922E-04
   70.10      0.1884E-04
   70.20      0.1847E-04
   70.30      0.1810E-04
   70.40      0.1774E-04
   70.50      0.1739E-04
   70.60      0.1704E-04
   70.70      0.1670E-04
   70.80      0.1637E-04
   70.90      0.1605E-04
   71.00      0.1573E-04
   71.10      0.1542E-04
   71.20      0.1512E-04
   71.30      0.1483E-04
   71.40      0.1455E-04
   71.50      0.1427E-04
   71.60      0.1400E-04
   71.70      0.1375E-04
   71.80      0.1350E-04
   71.90      0.1325E-04
   72.00      0.1302E-04
   72.10      0.1279E-04
   72.20      0.1258E-04
   72.30      0.1237E-04
   72.40      0.1217E-04
   72.50      0.1197E-04
   72.60      0.1179E-04
   72.70      0.1161E-04
   72.80      0.1144E-04
   72.90      0.1128E-04
   73.00      0.1112E-04
   73.10      0.1097E-04
   73.20      0.1083E-04
   73.30      0.1070E-04
   73.40      0.1057E-04
   73.50      0.1045E-04
   73.60      0.1033E-04
   73.70      0.1022E-04
   73.80      0.1012E-04
   73.90      0.1002E-04
   74.00      0.9929E-05
   74.10      0.9843E-05
   74.20      0.9762E-05
   74.30      0.9686E-05
   74.40      0.9615E-05
   74.50      0.9549E-05
   74.60      0.9488E-05
   74.70      0.9431E-05
   74.80      0.9379E-05
   74.90      0.9330E-05
   75.00      0.9286E-05
   75.10      0.9245E-05
   75.20      0.9208E-05
   75.30      0.9174E-05
   75.40      0.9143E-05
   75.50      0.9116E-05
   75.60      0.9091E-05
   75.70      0.9069E-05
   75.80      0.9050E-05
   75.90      0.9033E-05
   76.00      0.9018E-05
   76.10      0.9004E-05
   76.20      0.8993E-05
   76.30      0.8983E-05
   76.40      0.8974E-05
   76.50      0.8966E-05
   76.60      0.8959E-05
   76.70      0.8953E-05
   76.80      0.8947E-05
   76.90      0.8942E-05
   77.00      0.8936E-05
   77.10      0.8931E-05
   77.20      0.8925E-05
   77.30      0.8919E-05
   77.40      0.8912E-05
   77.50      0.8904E-05
   77.60      0.8896E-05
   77.70      0.8886E-05
   77.80      0.8875E-05
   77.90      0.8862E-05
   78.00      0.8848E-05
   78.10      0.8832E-05
   78.20      0.8814E-05
   78.30      0.8795E-05
   78.40      0.8773E-05
   78.50      0.8749E-05
   78.60      0.8724E-05
   78.70      0.8696E-05
   78.80      0.8665E-05
   78.90      0.8633E-05
   79.00      0.8598E-05
   79.10      0.8561E-05
   79.20      0.8522E-05
   79.30      0.8480E-05
   79.40      0.8436E-05
   79.50      0.8390E-05
   79.60      0.8341E-05
   79.70      0.8291E-05
   79.80      0.8238E-05
   79.90      0.8183E-05
   80.00      0.8127E-05
   80.10      0.8068E-05
   80.20      0.8008E-05
   80.30      0.7946E-05
   80.40      0.7882E-05
   80.50      0.7816E-05
   80.60      0.7749E-05
   80.70      0.7681E-05
   80.80      0.7612E-05
   80.90      0.7541E-05
   81.00      0.7469E-05
   81.10      0.7396E-05
   81.20      0.7322E-05
   81.30      0.7247E-05
   81.40      0.7171E-05
   81.50      0.7095E-05
   81.60      0.7018E-05
   81.70      0.6940E-05
   81.80      0.6861E-05
   81.90      0.6783E-05
   82.00      0.6703E-05
   82.10      0.6623E-05
   82.20      0.6543E-05
   82.30      0.6462E-05
   82.40      0.6381E-05
   82.50      0.6300E-05
   82.60      0.6218E-05
   82.70      0.6137E-05
   82.80      0.6055E-05
   82.90      0.5972E-05
   83.00      0.5890E-05
   83.10      0.5807E-05
   83.20      0.5724E-05
   83.30      0.5641E-05
   83.40      0.5558E-05
   83.50      0.5475E-05
   83.60      0.5391E-05
   83.70      0.5308E-05
   83.80      0.5224E-05
   83.90      0.5141E-05
   84.00      0.5058E-05
   84.10      0.4975E-05
   84.20      0.4892E-05
   84.30      0.4809E-05
   84.40      0.4726E-05
   84.50      0.4644E-05
   84.60      0.4563E-05
   84.70      0.4482E-05
   84.80      0.4401E-05
   84.90      0.4321E-05
   85.00      0.4243E-05
   85.10      0.4164E-05
   85.20      0.4087E-05
   85.30      0.4011E-05
   85.40      0.3937E-05
   85.50      0.3863E-05
   85.60      0.3791E-05
   85.70      0.3720E-05
   85.80      0.3652E-05
   85.90      0.3584E-05
   86.00      0.3519E-05
   86.10      0.3455E-05
   86.20      0.3394E-05
   86.30      0.3334E-05
   86.40      0.3277E-05
   86.50      0.3222E-05
   86.60      0.3169E-05
   86.70      0.3119E-05
   86.80      0.3071E-05
   86.90      0.3025E-05
   87.00      0.2982E-05
   87.10      0.2941E-05
   87.20      0.2903E-05
   87.30      0.2867E-05
   87.40      0.2834E-05
   87.50      0.2803E-05
   87.60      0.2775E-05
   87.70      0.2749E-05
   87.80      0.2725E-05
   87.90      0.2704E-05
   88.00      0.2684E-05
   88.10      0.2667E-05
   88.20      0.2652E-05
   88.30      0.2639E-05
   88.40      0.2627E-05
   88.50      0.2617E-05
   88.60      0.2609E-05
   88.70      0.2602E-05
   88.80      0.2596E-05
   88.90      0.2592E-05
   89.00      0.2589E-05
   89.10      0.2587E-05
   89.20      0.2585E-05
   89.30      0.2584E-05
   89.40      0.2584E-05
   89.50      0.2584E-05
   89.60      0.2585E-05
   89.70      0.2586E-05
   89.80      0.2587E-05
   89.90      0.2588E-05
   90.00      0.2588E-05
   90.10      0.2589E-05
   90.20      0.2590E-05
   90.30      0.2590E-05
   90.40      0.2590E-05
   90.50      0.2589E-05
   90.60      0.2588E-05
   90.70      0.2587E-05
   90.80      0.2584E-05
   90.90      0.2582E-05
   91.00      0.2579E-05
   91.10      0.2575E-05
   91.20      0.2571E-05
   91.30      0.2566E-05
   91.40      0.2560E-05
   91.50      0.2555E-05
   91.60      0.2548E-05
   91.70      0.2541E-05
   91.80      0.2534E-05
   91.90      0.2527E-05
   92.00      0.2519E-05
   92.10      0.2510E-05
   92.20      0.2502E-05
   92.30      0.2493E-05
   92.40      0.2484E-05
   92.50      0.2475E-05
   92.60      0.2466E-05
   92.70      0.2457E-05
   92.80      0.2448E-05
   92.90      0.2439E-05
   93.00      0.2429E-05
   93.10      0.2420E-05
   93.20      0.2411E-05
   93.30      0.2402E-05
   93.40      0.2393E-05
   93.50      0.2385E-05
   93.60      0.2376E-05
   93.70      0.2367E-05
   93.80      0.2359E-05
   93.90      0.2350E-05
   94.00      0.2342E-05
   94.10      0.2333E-05
   94.20      0.2325E-05
   94.30      0.2316E-05
   94.40      0.2308E-05
   94.50      0.2299E-05
   94.60      0.2290E-05
   94.70      0.2281E-05
   94.80      0.2271E-05
   94.90      0.2261E-05
   95.00      0.2251E-05
   95.10      0.2240E-05
   95.20      0.2229E-05
   95.30      0.2218E-05
   95.40      0.2206E-05
   95.50      0.2193E-05
   95.60      0.2180E-05
   95.70      0.2166E-05
   95.80      0.2152E-05
   95.90      0.2137E-05
   96.00      0.2121E-05
   96.10      0.2104E-05
   96.20      0.2087E-05
   96.30      0.2070E-05
   96.40      0.2051E-05
   96.50      0.2032E-05
   96.60      0.2013E-05
   96.70      0.1992E-05
   96.80      0.1972E-05
   96.90      0.1950E-05
   97.00      0.1928E-05
   97.10      0.1906E-05
   97.20      0.1884E-05
   97.30      0.1861E-05
   97.40      0.1837E-05
   97.50      0.1814E-05
   97.60      0.1790E-05
   97.70      0.1766E-05
   97.80      0.1742E-05
   97.90      0.1718E-05
   98.00      0.1694E-05
   98.10      0.1671E-05
   98.20      0.1647E-05
   98.30      0.1624E-05
   98.40      0.1601E-05
   98.50      0.1578E-05
   98.60      0.1555E-05
   98.70      0.1533E-05
   98.80      0.1512E-05
   98.90      0.1491E-05
   99.00      0.1470E-05
   99.10      0.1450E-05
   99.20      0.1430E-05
   99.30      0.1411E-05
   99.40      0.1393E-05
   99.50      0.1375E-05
   99.60      0.1358E-05
   99.70      0.1341E-05
   99.80      0.1325E-05
   99.90      0.1310E-05
   100.0      0.1295E-05
   100.1      0.1281E-05
   100.2      0.1267E-05
   100.3      0.1254E-05
   100.4      0.1241E-05
   100.5      0.1229E-05
   100.6      0.1217E-05
   100.7      0.1205E-05
   100.8      0.1194E-05
   100.9      0.1184E-05
   101.0      0.1174E-05
   101.1      0.1164E-05
   101.2      0.1154E-05
   101.3      0.1145E-05
   101.4      0.1136E-05
   101.5      0.1128E-05
   101.6      0.1119E-05
   101.7      0.1111E-05
   101.8      0.1104E-05
   101.9      0.1096E-05
   102.0      0.1089E-05
   102.1      0.1082E-05
   102.2      0.1075E-05
   102.3      0.1069E-05
   102.4      0.1063E-05
   102.5      0.1057E-05
   102.6      0.1051E-05
   102.7      0.1046E-05
   102.8      0.1042E-05
   102.9      0.1037E-05
   103.0      0.1033E-05
   103.1      0.1030E-05
   103.2      0.1027E-05
   103.3      0.1024E-05
   103.4      0.1022E-05
   103.5      0.1020E-05
   103.6      0.1019E-05
   103.7      0.1018E-05
   103.8      0.1018E-05
   103.9      0.1019E-05
   104.0      0.1020E-05
   104.1      0.1021E-05
   104.2      0.1023E-05
   104.3      0.1026E-05
   104.4      0.1029E-05
   104.5      0.1032E-05
   104.6      0.1036E-05
   104.7      0.1041E-05
   104.8      0.1046E-05
   104.9      0.1051E-05
   105.0      0.1057E-05
   105.1      0.1063E-05
   105.2      0.1069E-05
   105.3      0.1075E-05
   105.4      0.1082E-05
   105.5      0.1089E-05
   105.6      0.1095E-05
   105.7      0.1102E-05
   105.8      0.1108E-05
   105.9      0.1115E-05
   106.0      0.1121E-05
   106.1      0.1127E-05
   106.2      0.1133E-05
   106.3      0.1138E-05
   106.4      0.1143E-05
   106.5      0.1147E-05
   106.6      0.1151E-05
   106.7      0.1154E-05
   106.8      0.1157E-05
   106.9      0.1159E-05
   107.0      0.1160E-05
   107.1      0.1161E-05
   107.2      0.1160E-05
   107.3      0.1159E-05
   107.4      0.1158E-05
   107.5      0.1155E-05
   107.6      0.1152E-05
   107.7      0.1148E-05
   107.8      0.1143E-05
   107.9      0.1137E-05
   108.0      0.1131E-05
   108.1      0.1123E-05
   108.2      0.1116E-05
   108.3      0.1107E-05
   108.4      0.1098E-05
   108.5      0.1089E-05
   108.6      0.1079E-05
   108.7      0.1068E-05
   108.8      0.1057E-05
   108.9      0.1046E-05
   109.0      0.1034E-05
   109.1      0.1023E-05
   109.2      0.1011E-05
   109.3      0.9987E-06
   109.4      0.9866E-06
   109.5      0.9745E-06
   109.6      0.9625E-06
   109.7      0.9505E-06
   109.8      0.9387E-06
   109.9      0.9271E-06
   110.0      0.9157E-06
   110.1      0.9046E-06
   110.2      0.8938E-06
   110.3      0.8833E-06
   110.4      0.8732E-06
   110.5      0.8634E-06
   110.6      0.8541E-06
   110.7      0.8451E-06
   110.8      0.8365E-06
   110.9      0.8283E-06
   111.0      0.8204E-06
   111.1      0.8130E-06
   111.2      0.8059E-06
   111.3      0.7992E-06
   111.4      0.7928E-06
   111.5      0.7867E-06
   111.6      0.7808E-06
   111.7      0.7752E-06
   111.8      0.7698E-06
   111.9      0.7646E-06
   112.0      0.7595E-06
   112.1      0.7545E-06
   112.2      0.7496E-06
   112.3      0.7448E-06
   112.4      0.7400E-06
   112.5      0.7351E-06
   112.6      0.7302E-06
   112.7      0.7252E-06
   112.8      0.7202E-06
   112.9      0.7150E-06
   113.0      0.7096E-06
   113.1      0.7042E-06
   113.2      0.6985E-06
   113.3      0.6927E-06
   113.4      0.6868E-06
   113.5      0.6806E-06
   113.6      0.6744E-06
   113.7      0.6679E-06
   113.8      0.6614E-06
   113.9      0.6547E-06
   114.0      0.6479E-06
   114.1      0.6410E-06
   114.2      0.6341E-06
   114.3      0.6272E-06
   114.4      0.6203E-06
   114.5      0.6134E-06
   114.6      0.6066E-06
   114.7      0.5999E-06
   114.8      0.5934E-06
   114.9      0.5871E-06
   115.0      0.5810E-06
   115.1      0.5751E-06
   115.2      0.5695E-06
   115.3      0.5643E-06
   115.4      0.5594E-06
   115.5      0.5549E-06
   115.6      0.5507E-06
   115.7      0.5470E-06
   115.8      0.5437E-06
   115.9      0.5409E-06
   116.0      0.5386E-06
   116.1      0.5367E-06
   116.2      0.5352E-06
   116.3      0.5343E-06
   116.4      0.5338E-06
   116.5      0.5337E-06
   116.6      0.5341E-06
   116.7      0.5349E-06
   116.8      0.5361E-06
   116.9      0.5376E-06
   117.0      0.5395E-06
   117.1      0.5417E-06
   117.2      0.5441E-06
   117.3      0.5468E-06
   117.4      0.5497E-06
   117.5      0.5528E-06
   117.6      0.5560E-06
   117.7      0.5592E-06
   117.8      0.5625E-06
   117.9      0.5658E-06
   118.0      0.5691E-06
   118.1      0.5723E-06
   118.2      0.5754E-06
   118.3      0.5783E-06
   118.4      0.5811E-06
   118.5      0.5837E-06
   118.6      0.5861E-06
   118.7      0.5882E-06
   118.8      0.5901E-06
   118.9      0.5917E-06
   119.0      0.5930E-06
   119.1      0.5941E-06
   119.2      0.5949E-06
   119.3      0.5954E-06
   119.4      0.5957E-06
   119.5      0.5957E-06
   119.6      0.5954E-06
   119.7      0.5950E-06
   119.8      0.5944E-06
   119.9      0.5936E-06
   120.0      0.5926E-06
   120.1      0.5916E-06
   120.2      0.5905E-06
   120.3      0.5894E-06
   120.4      0.5882E-06
   120.5      0.5872E-06
   120.6      0.5861E-06
   120.7      0.5852E-06
   120.8      0.5845E-06
   120.9      0.5839E-06
   121.0      0.5835E-06
   121.1      0.5834E-06
   121.2      0.5835E-06
   121.3      0.5840E-06
   121.4      0.5848E-06
   121.5      0.5859E-06
   121.6      0.5873E-06
   121.7      0.5892E-06
   121.8      0.5913E-06
   121.9      0.5939E-06
   122.0      0.5969E-06
   122.1      0.6002E-06
   122.2      0.6038E-06
   122.3      0.6078E-06
   122.4      0.6122E-06
   122.5      0.6168E-06
   122.6      0.6217E-06
   122.7      0.6269E-06
   122.8      0.6322E-06
   122.9      0.6378E-06
   123.0      0.6435E-06
   123.1      0.6492E-06
   123.2      0.6551E-06
   123.3      0.6609E-06
   123.4      0.6668E-06
   123.5      0.6725E-06
   123.6      0.6782E-06
   123.7      0.6837E-06
   123.8      0.6889E-06
   123.9      0.6940E-06
   124.0      0.6988E-06
   124.1      0.7032E-06
   124.2      0.7074E-06
   124.3      0.7111E-06
   124.4      0.7145E-06
   124.5      0.7174E-06
   124.6      0.7199E-06
   124.7      0.7220E-06
   124.8      0.7236E-06
   124.9      0.7247E-06
   125.0      0.7254E-06
   125.1      0.7256E-06
   125.2      0.7253E-06
   125.3      0.7246E-06
   125.4      0.7235E-06
   125.5      0.7220E-06
   125.6      0.7201E-06
   125.7      0.7178E-06
   125.8      0.7152E-06
   125.9      0.7124E-06
   126.0      0.7092E-06
   126.1      0.7058E-06
   126.2      0.7023E-06
   126.3      0.6986E-06
   126.4      0.6948E-06
   126.5      0.6909E-06
   126.6      0.6870E-06
   126.7      0.6831E-06
   126.8      0.6792E-06
   126.9      0.6754E-06
   127.0      0.6717E-06
   127.1      0.6681E-06
   127.2      0.6647E-06
   127.3      0.6615E-06
   127.4      0.6585E-06
   127.5      0.6557E-06
   127.6      0.6531E-06
   127.7      0.6508E-06
   127.8      0.6488E-06
   127.9      0.6469E-06
   128.0      0.6454E-06
   128.1      0.6440E-06
   128.2      0.6429E-06
   128.3      0.6421E-06
   128.4      0.6414E-06
   128.5      0.6409E-06
   128.6      0.6405E-06
   128.7      0.6403E-06
   128.8      0.6402E-06
   128.9      0.6401E-06
   129.0      0.6401E-06
   129.1      0.6401E-06
   129.2      0.6401E-06
   129.3      0.6401E-06
   129.4      0.6399E-06
   129.5      0.6397E-06
   129.6      0.6393E-06
   129.7      0.6387E-06
   129.8      0.6379E-06
   129.9      0.6369E-06
   130.0      0.6357E-06
   130.1      0.6342E-06
   130.2      0.6325E-06
   130.3      0.6305E-06
   130.4      0.6282E-06
   130.5      0.6255E-06
   130.6      0.6227E-06
   130.7      0.6195E-06
   130.8      0.6160E-06
   130.9      0.6123E-06
   131.0      0.6083E-06
   131.1      0.6041E-06
   131.2      0.5997E-06
   131.3      0.5952E-06
   131.4      0.5905E-06
   131.5      0.5856E-06
   131.6      0.5807E-06
   131.7      0.5758E-06
   131.8      0.5708E-06
   131.9      0.5659E-06
   132.0      0.5611E-06
   132.1      0.5563E-06
   132.2      0.5518E-06
   132.3      0.5474E-06
   132.4      0.5432E-06
   132.5      0.5393E-06
   132.6      0.5357E-06
   132.7      0.5325E-06
   132.8      0.5296E-06
   132.9      0.5271E-06
   133.0      0.5250E-06
   133.1      0.5233E-06
   133.2      0.5220E-06
   133.3      0.5212E-06
   133.4      0.5209E-06
   133.5      0.5210E-06
   133.6      0.5215E-06
   133.7      0.5225E-06
   133.8      0.5239E-06
   133.9      0.5258E-06
   134.0      0.5280E-06
   134.1      0.5306E-06
   134.2      0.5336E-06
   134.3      0.5368E-06
   134.4      0.5403E-06
   134.5      0.5441E-06
   134.6      0.5481E-06
   134.7      0.5522E-06
   134.8      0.5565E-06
   134.9      0.5608E-06
   135.0      0.5651E-06
   135.1      0.5695E-06
   135.2      0.5737E-06
   135.3      0.5779E-06
   135.4      0.5820E-06
   135.5      0.5858E-06
   135.6      0.5895E-06
   135.7      0.5929E-06
   135.8      0.5960E-06
   135.9      0.5988E-06
   136.0      0.6013E-06
   136.1      0.6035E-06
   136.2      0.6053E-06
   136.3      0.6067E-06
   136.4      0.6077E-06
   136.5      0.6083E-06
   136.6      0.6086E-06
   136.7      0.6084E-06
   136.8      0.6079E-06
   136.9      0.6071E-06
   137.0      0.6059E-06
   137.1      0.6044E-06
   137.2      0.6027E-06
   137.3      0.6006E-06
   137.4      0.5984E-06
   137.5      0.5959E-06
   137.6      0.5933E-06
   137.7      0.5906E-06
   137.8      0.5879E-06
   137.9      0.5850E-06
   138.0      0.5822E-06
   138.1      0.5795E-06
   138.2      0.5768E-06
   138.3      0.5742E-06
   138.4      0.5718E-06
   138.5      0.5696E-06
   138.6      0.5676E-06
   138.7      0.5659E-06
   138.8      0.5645E-06
   138.9      0.5633E-06
   139.0      0.5625E-06
   139.1      0.5620E-06
   139.2      0.5619E-06
   139.3      0.5621E-06
   139.4      0.5627E-06
   139.5      0.5637E-06
   139.6      0.5650E-06
   139.7      0.5666E-06
   139.8      0.5686E-06
   139.9      0.5709E-06
   140.0      0.5735E-06
   140.1      0.5763E-06
   140.2      0.5794E-06
   140.3      0.5828E-06
   140.4      0.5863E-06
   140.5      0.5899E-06
   140.6      0.5937E-06
   140.7      0.5975E-06
   140.8      0.6014E-06
   140.9      0.6052E-06
   141.0      0.6091E-06
   141.1      0.6129E-06
   141.2      0.6165E-06
   141.3      0.6201E-06
   141.4      0.6234E-06
   141.5      0.6266E-06
   141.6      0.6295E-06
   141.7      0.6322E-06
   141.8      0.6346E-06
   141.9      0.6367E-06
   142.0      0.6386E-06
   142.1      0.6401E-06
   142.2      0.6413E-06
   142.3      0.6422E-06
   142.4      0.6428E-06
   142.5      0.6431E-06
   142.6      0.6431E-06
   142.7      0.6428E-06
   142.8      0.6423E-06
   142.9      0.6415E-06
   143.0      0.6405E-06
   143.1      0.6393E-06
   143.2      0.6380E-06
   143.3      0.6366E-06
   143.4      0.6350E-06
   143.5      0.6334E-06
   143.6      0.6318E-06
   143.7      0.6302E-06
   143.8      0.6287E-06
   143.9      0.6273E-06
   144.0      0.6259E-06
   144.1      0.6248E-06
   144.2      0.6238E-06
   144.3      0.6231E-06
   144.4      0.6226E-06
   144.5      0.6223E-06
   144.6      0.6224E-06
   144.7      0.6228E-06
   144.8      0.6235E-06
   144.9      0.6245E-06
   145.0      0.6259E-06
   145.1      0.6276E-06
   145.2      0.6297E-06
   145.3      0.6321E-06
   145.4      0.6348E-06
   145.5      0.6378E-06
   145.6      0.6411E-06
   145.7      0.6447E-06
   145.8      0.6486E-06
   145.9      0.6526E-06
   146.0      0.6569E-06
   146.1      0.6613E-06
   146.2      0.6658E-06
   146.3      0.6704E-06
   146.4      0.6750E-06
   146.5      0.6796E-06
   146.6      0.6842E-06
   146.7      0.6887E-06
   146.8      0.6931E-06
   146.9      0.6974E-06
   147.0      0.7014E-06
   147.1      0.7052E-06
   147.2      0.7088E-06
   147.3      0.7120E-06
   147.4      0.7150E-06
   147.5      0.7176E-06
   147.6      0.7198E-06
   147.7      0.7217E-06
   147.8      0.7232E-06
   147.9      0.7242E-06
   148.0      0.7249E-06
   148.1      0.7252E-06
   148.2      0.7251E-06
   148.3      0.7245E-06
   148.4      0.7237E-06
   148.5      0.7224E-06
   148.6      0.7209E-06
   148.7      0.7190E-06
   148.8      0.7168E-06
   148.9      0.7145E-06
   149.0      0.7119E-06
   149.1      0.7091E-06
   149.2      0.7062E-06
   149.3      0.7032E-06
   149.4      0.7002E-06
   149.5      0.6972E-06
   149.6      0.6942E-06
   149.7      0.6913E-06
   149.8      0.6885E-06
   149.9      0.6859E-06
   150.0      0.6835E-06
   150.1      0.6813E-06
   150.2      0.6795E-06
   150.3      0.6780E-06
   150.4      0.6768E-06
   150.5      0.6759E-06
   150.6      0.6755E-06
   150.7      0.6755E-06
   150.8      0.6760E-06
   150.9      0.6769E-06
   151.0      0.6782E-06
   151.1      0.6800E-06
   151.2      0.6822E-06
   151.3      0.6849E-06
   151.4      0.6880E-06
   151.5      0.6915E-06
   151.6      0.6955E-06
   151.7      0.6998E-06
   151.8      0.7045E-06
   151.9      0.7095E-06
   152.0      0.7147E-06
   152.1      0.7203E-06
   152.2      0.7261E-06
   152.3      0.7320E-06
   152.4      0.7381E-06
   152.5      0.7443E-06
   152.6      0.7506E-06
   152.7      0.7570E-06
   152.8      0.7633E-06
   152.9      0.7695E-06
   153.0      0.7757E-06
   153.1      0.7818E-06
   153.2      0.7877E-06
   153.3      0.7935E-06
   153.4      0.7990E-06
   153.5      0.8044E-06
   153.6      0.8094E-06
   153.7      0.8143E-06
   153.8      0.8188E-06
   153.9      0.8231E-06
   154.0      0.8270E-06
   154.1      0.8307E-06
   154.2      0.8341E-06
   154.3      0.8372E-06
   154.4      0.8400E-06
   154.5      0.8426E-06
   154.6      0.8449E-06
   154.7      0.8470E-06
   154.8      0.8489E-06
   154.9      0.8506E-06
   155.0      0.8521E-06
   155.1      0.8536E-06
   155.2      0.8549E-06
   155.3      0.8562E-06
   155.4      0.8575E-06
   155.5      0.8587E-06
   155.6      0.8600E-06
   155.7      0.8614E-06
   155.8      0.8629E-06
   155.9      0.8644E-06
   156.0      0.8662E-06
   156.1      0.8681E-06
   156.2      0.8702E-06
   156.3      0.8726E-06
   156.4      0.8752E-06
   156.5      0.8781E-06
   156.6      0.8812E-06
   156.7      0.8847E-06
   156.8      0.8884E-06
   156.9      0.8924E-06
   157.0      0.8967E-06
   157.1      0.9013E-06
   157.2      0.9062E-06
   157.3      0.9113E-06
   157.4      0.9168E-06
   157.5      0.9224E-06
   157.6      0.9283E-06
   157.7      0.9344E-06
   157.8      0.9407E-06
   157.9      0.9471E-06
   158.0      0.9536E-06
   158.1      0.9603E-06
   158.2      0.9670E-06
   158.3      0.9738E-06
   158.4      0.9806E-06
   158.5      0.9873E-06
   158.6      0.9940E-06
   158.7      0.1001E-05
   158.8      0.1007E-05
   158.9      0.1014E-05
   159.0      0.1020E-05
   159.1      0.1026E-05
   159.2      0.1032E-05
   159.3      0.1037E-05
   159.4      0.1043E-05
   159.5      0.1048E-05
   159.6      0.1053E-05
   159.7      0.1058E-05
   159.8      0.1062E-05
   159.9      0.1066E-05
   160.0      0.1070E-05
   160.1      0.1074E-05
   160.2      0.1077E-05
   160.3      0.1080E-05
   160.4      0.1083E-05
   160.5      0.1086E-05
   160.6      0.1088E-05
   160.7      0.1091E-05
   160.8      0.1093E-05
   160.9      0.1095E-05
   161.0      0.1097E-05
   161.1      0.1099E-05
   161.2      0.1101E-05
   161.3      0.1102E-05
   161.4      0.1104E-05
   161.5      0.1106E-05
   161.6      0.1107E-05
   161.7      0.1109E-05
   161.8      0.1111E-05
   161.9      0.1113E-05
   162.0      0.1115E-05
   162.1      0.1118E-05
   162.2      0.1120E-05
   162.3      0.1123E-05
   162.4      0.1126E-05
   162.5      0.1129E-05
   162.6      0.1132E-05
   162.7      0.1135E-05
   162.8      0.1139E-05
   162.9      0.1143E-05
   163.0      0.1147E-05
   163.1      0.1152E-05
   163.2      0.1156E-05
   163.3      0.1161E-05
   163.4      0.1166E-05
   163.5      0.1172E-05
   163.6      0.1177E-05
   163.7      0.1183E-05
   163.8      0.1189E-05
   163.9      0.1196E-05
   164.0      0.1203E-05
   164.1      0.1209E-05
   164.2      0.1217E-05
   164.3      0.1224E-05
   164.4      0.1232E-05
   164.5      0.1240E-05
   164.6      0.1248E-05
   164.7      0.1256E-05
   164.8      0.1265E-05
   164.9      0.1274E-05
   165.0      0.1283E-05
   165.1      0.1292E-05
   165.2      0.1302E-05
   165.3      0.1312E-05
   165.4      0.1323E-05
   165.5      0.1334E-05
   165.6      0.1345E-05
   165.7      0.1356E-05
   165.8      0.1368E-05
   165.9      0.1380E-05
   166.0      0.1393E-05
   166.1      0.1406E-05
   166.2      0.1420E-05
   166.3      0.1434E-05
   166.4      0.1448E-05
   166.5      0.1463E-05
   166.6      0.1478E-05
   166.7      0.1494E-05
   166.8      0.1511E-05
   166.9      0.1527E-05
   167.0      0.1545E-05
   167.1      0.1563E-05
   167.2      0.1581E-05
   167.3      0.1600E-05
   167.4      0.1619E-05
   167.5      0.1638E-05
   167.6      0.1658E-05
   167.7      0.1679E-05
   167.8      0.1699E-05
   167.9      0.1720E-05
   168.0      0.1742E-05
   168.1      0.1763E-05
   168.2      0.1785E-05
   168.3      0.1807E-05
   168.4      0.1829E-05
   168.5      0.1852E-05
   168.6      0.1874E-05
   168.7      0.1897E-05
   168.8      0.1919E-05
   168.9      0.1942E-05
   169.0      0.1964E-05
   169.1      0.1987E-05
   169.2      0.2009E-05
   169.3      0.2032E-05
   169.4      0.2054E-05
   169.5      0.2076E-05
   169.6      0.2098E-05
   169.7      0.2120E-05
   169.8      0.2142E-05
   169.9      0.2163E-05
   170.0      0.2185E-05
   170.1      0.2206E-05
   170.2      0.2228E-05
   170.3      0.2249E-05
   170.4      0.2271E-05
   170.5      0.2293E-05
   170.6      0.2314E-05
   170.7      0.2336E-05
   170.8      0.2359E-05
   170.9      0.2382E-05
   171.0      0.2405E-05
   171.1      0.2428E-05
   171.2      0.2453E-05
   171.3      0.2478E-05
   171.4      0.2503E-05
   171.5      0.2530E-05
   171.6      0.2557E-05
   171.7      0.2586E-05
   171.8      0.2616E-05
   171.9      0.2647E-05
   172.0      0.2679E-05
   172.1      0.2713E-05
   172.2      0.2748E-05
   172.3      0.2784E-05
   172.4      0.2822E-05
   172.5      0.2862E-05
   172.6      0.2904E-05
   172.7      0.2947E-05
   172.8      0.2991E-05
   172.9      0.3038E-05
   173.0      0.3086E-05
   173.1      0.3136E-05
   173.2      0.3188E-05
   173.3      0.3241E-05
   173.4      0.3296E-05
   173.5      0.3352E-05
   173.6      0.3410E-05
   173.7      0.3469E-05
   173.8      0.3529E-05
   173.9      0.3591E-05
   174.0      0.3653E-05
   174.1      0.3717E-05
   174.2      0.3781E-05
   174.3      0.3845E-05
   174.4      0.3911E-05
   174.5      0.3976E-05
   174.6      0.4041E-05
   174.7      0.4106E-05
   174.8      0.4171E-05
   174.9      0.4235E-05
   175.0      0.4299E-05
   175.1      0.4361E-05
   175.2      0.4423E-05
   175.3      0.4483E-05
   175.4      0.4542E-05
   175.5      0.4599E-05
   175.6      0.4655E-05
   175.7      0.4708E-05
   175.8      0.4760E-05
   175.9      0.4809E-05
   176.0      0.4856E-05
   176.1      0.4900E-05
   176.2      0.4942E-05
   176.3      0.4981E-05
   176.4      0.5017E-05
   176.5      0.5051E-05
   176.6      0.5081E-05
   176.7      0.5109E-05
   176.8      0.5134E-05
   176.9      0.5157E-05
   177.0      0.5176E-05
   177.1      0.5193E-05
   177.2      0.5207E-05
   177.3      0.5219E-05
   177.4      0.5228E-05
   177.5      0.5235E-05
   177.6      0.5239E-05
   177.7      0.5242E-05
   177.8      0.5242E-05
   177.9      0.5241E-05
   178.0      0.5238E-05
   178.1      0.5234E-05
   178.2      0.5228E-05
   178.3      0.5222E-05
   178.4      0.5214E-05
   178.5      0.5206E-05
   178.6      0.5197E-05
   178.7      0.5188E-05
   178.8      0.5179E-05
   178.9      0.5170E-05
   179.0      0.5161E-05
   179.1      0.5152E-05
   179.2      0.5144E-05
   179.3      0.5137E-05
   179.4      0.5130E-05
   179.5      0.5124E-05
   179.6      0.5119E-05
   179.7      0.5115E-05
   179.8      0.5112E-05
   179.9      0.5111E-05
   180.0      0.5110E-05
 END
