#1801 angles,  1 tensor ranks for 0=projectile
@subtitle   "12C(7Li,6Li)13C @ Ed=56 MeV;"                                                  
@legend ON
@legend x1 0.2
@legend y1 0.8
@g0 type LOGY
@yaxis ticklabel format power
@legend string   0 "Lab energy =   56.0000"
#legend string   0 "Partition=  2 Excit=  1 near/far= 1"
#  Theta       sigma       iT11        T20         T21         T22         Kyy for projectile
   0.000       5.150    
  0.1000       5.153    
  0.2000       5.160    
  0.3000       5.171    
  0.4000       5.188    
  0.5000       5.209    
  0.6000       5.234    
  0.7000       5.265    
  0.8000       5.300    
  0.9000       5.340    
   1.000       5.385    
   1.100       5.434    
   1.200       5.489    
   1.300       5.548    
   1.400       5.613    
   1.500       5.682    
   1.600       5.756    
   1.700       5.836    
   1.800       5.920    
   1.900       6.010    
   2.000       6.104    
   2.100       6.204    
   2.200       6.309    
   2.300       6.419    
   2.400       6.534    
   2.500       6.654    
   2.600       6.779    
   2.700       6.909    
   2.800       7.043    
   2.900       7.183    
   3.000       7.327    
   3.100       7.476    
   3.200       7.629    
   3.300       7.787    
   3.400       7.949    
   3.500       8.114    
   3.600       8.284    
   3.700       8.457    
   3.800       8.634    
   3.900       8.814    
   4.000       8.996    
   4.100       9.181    
   4.200       9.369    
   4.300       9.558    
   4.400       9.750    
   4.500       9.942    
   4.600       10.14    
   4.700       10.33    
   4.800       10.52    
   4.900       10.72    
   5.000       10.91    
   5.100       11.11    
   5.200       11.30    
   5.300       11.49    
   5.400       11.68    
   5.500       11.86    
   5.600       12.04    
   5.700       12.22    
   5.800       12.40    
   5.900       12.57    
   6.000       12.73    
   6.100       12.89    
   6.200       13.05    
   6.300       13.20    
   6.400       13.34    
   6.500       13.47    
   6.600       13.60    
   6.700       13.72    
   6.800       13.83    
   6.900       13.94    
   7.000       14.03    
   7.100       14.12    
   7.200       14.19    
   7.300       14.26    
   7.400       14.32    
   7.500       14.37    
   7.600       14.40    
   7.700       14.43    
   7.800       14.45    
   7.900       14.45    
   8.000       14.45    
   8.100       14.43    
   8.200       14.40    
   8.300       14.36    
   8.400       14.32    
   8.500       14.26    
   8.600       14.18    
   8.700       14.10    
   8.800       14.01    
   8.900       13.91    
   9.000       13.79    
   9.100       13.67    
   9.200       13.53    
   9.300       13.39    
   9.400       13.24    
   9.500       13.08    
   9.600       12.90    
   9.700       12.72    
   9.800       12.54    
   9.900       12.34    
   10.00       12.14    
   10.10       11.93    
   10.20       11.71    
   10.30       11.49    
   10.40       11.26    
   10.50       11.02    
   10.60       10.78    
   10.70       10.54    
   10.80       10.29    
   10.90       10.04    
   11.00       9.782    
   11.10       9.525    
   11.20       9.266    
   11.30       9.004    
   11.40       8.742    
   11.50       8.479    
   11.60       8.216    
   11.70       7.953    
   11.80       7.691    
   11.90       7.430    
   12.00       7.170    
   12.10       6.913    
   12.20       6.658    
   12.30       6.405    
   12.40       6.156    
   12.50       5.910    
   12.60       5.668    
   12.70       5.431    
   12.80       5.198    
   12.90       4.969    
   13.00       4.746    
   13.10       4.528    
   13.20       4.316    
   13.30       4.110    
   13.40       3.909    
   13.50       3.715    
   13.60       3.527    
   13.70       3.346    
   13.80       3.171    
   13.90       3.003    
   14.00       2.842    
   14.10       2.688    
   14.20       2.541    
   14.30       2.400    
   14.40       2.267    
   14.50       2.141    
   14.60       2.021    
   14.70       1.908    
   14.80       1.803    
   14.90       1.704    
   15.00       1.611    
   15.10       1.526    
   15.20       1.446    
   15.30       1.374    
   15.40       1.307    
   15.50       1.246    
   15.60       1.191    
   15.70       1.142    
   15.80       1.099    
   15.90       1.060    
   16.00       1.027    
   16.10      0.9990    
   16.20      0.9756    
   16.30      0.9566    
   16.40      0.9420    
   16.50      0.9315    
   16.60      0.9249    
   16.70      0.9218    
   16.80      0.9222    
   16.90      0.9258    
   17.00      0.9324    
   17.10      0.9417    
   17.20      0.9535    
   17.30      0.9676    
   17.40      0.9838    
   17.50       1.002    
   17.60       1.022    
   17.70       1.043    
   17.80       1.065    
   17.90       1.089    
   18.00       1.113    
   18.10       1.138    
   18.20       1.164    
   18.30       1.189    
   18.40       1.215    
   18.50       1.241    
   18.60       1.267    
   18.70       1.293    
   18.80       1.318    
   18.90       1.342    
   19.00       1.366    
   19.10       1.389    
   19.20       1.411    
   19.30       1.432    
   19.40       1.452    
   19.50       1.471    
   19.60       1.489    
   19.70       1.505    
   19.80       1.520    
   19.90       1.533    
   20.00       1.545    
   20.10       1.555    
   20.20       1.564    
   20.30       1.571    
   20.40       1.577    
   20.50       1.581    
   20.60       1.583    
   20.70       1.584    
   20.80       1.583    
   20.90       1.581    
   21.00       1.577    
   21.10       1.571    
   21.20       1.564    
   21.30       1.555    
   21.40       1.545    
   21.50       1.533    
   21.60       1.520    
   21.70       1.505    
   21.80       1.489    
   21.90       1.472    
   22.00       1.454    
   22.10       1.435    
   22.20       1.414    
   22.30       1.392    
   22.40       1.370    
   22.50       1.346    
   22.60       1.322    
   22.70       1.297    
   22.80       1.271    
   22.90       1.244    
   23.00       1.217    
   23.10       1.189    
   23.20       1.161    
   23.30       1.132    
   23.40       1.103    
   23.50       1.074    
   23.60       1.044    
   23.70       1.015    
   23.80      0.9850    
   23.90      0.9551    
   24.00      0.9253    
   24.10      0.8956    
   24.20      0.8660    
   24.30      0.8366    
   24.40      0.8074    
   24.50      0.7785    
   24.60      0.7499    
   24.70      0.7217    
   24.80      0.6939    
   24.90      0.6666    
   25.00      0.6398    
   25.10      0.6135    
   25.20      0.5877    
   25.30      0.5626    
   25.40      0.5381    
   25.50      0.5142    
   25.60      0.4911    
   25.70      0.4686    
   25.80      0.4469    
   25.90      0.4259    
   26.00      0.4057    
   26.10      0.3863    
   26.20      0.3676    
   26.30      0.3498    
   26.40      0.3328    
   26.50      0.3165    
   26.60      0.3011    
   26.70      0.2865    
   26.80      0.2728    
   26.90      0.2598    
   27.00      0.2477    
   27.10      0.2364    
   27.20      0.2258    
   27.30      0.2161    
   27.40      0.2071    
   27.50      0.1989    
   27.60      0.1915    
   27.70      0.1848    
   27.80      0.1788    
   27.90      0.1735    
   28.00      0.1689    
   28.10      0.1649    
   28.20      0.1617    
   28.30      0.1590    
   28.40      0.1569    
   28.50      0.1554    
   28.60      0.1545    
   28.70      0.1541    
   28.80      0.1541    
   28.90      0.1547    
   29.00      0.1557    
   29.10      0.1571    
   29.20      0.1590    
   29.30      0.1612    
   29.40      0.1637    
   29.50      0.1665    
   29.60      0.1697    
   29.70      0.1731    
   29.80      0.1767    
   29.90      0.1805    
   30.00      0.1845    
   30.10      0.1887    
   30.20      0.1930    
   30.30      0.1974    
   30.40      0.2018    
   30.50      0.2064    
   30.60      0.2109    
   30.70      0.2155    
   30.80      0.2200    
   30.90      0.2245    
   31.00      0.2290    
   31.10      0.2333    
   31.20      0.2376    
   31.30      0.2418    
   31.40      0.2458    
   31.50      0.2497    
   31.60      0.2534    
   31.70      0.2569    
   31.80      0.2603    
   31.90      0.2634    
   32.00      0.2664    
   32.10      0.2691    
   32.20      0.2716    
   32.30      0.2738    
   32.40      0.2758    
   32.50      0.2775    
   32.60      0.2790    
   32.70      0.2802    
   32.80      0.2811    
   32.90      0.2818    
   33.00      0.2822    
   33.10      0.2823    
   33.20      0.2822    
   33.30      0.2818    
   33.40      0.2811    
   33.50      0.2801    
   33.60      0.2789    
   33.70      0.2774    
   33.80      0.2757    
   33.90      0.2737    
   34.00      0.2715    
   34.10      0.2690    
   34.20      0.2664    
   34.30      0.2635    
   34.40      0.2604    
   34.50      0.2571    
   34.60      0.2536    
   34.70      0.2499    
   34.80      0.2461    
   34.90      0.2421    
   35.00      0.2379    
   35.10      0.2336    
   35.20      0.2292    
   35.30      0.2247    
   35.40      0.2200    
   35.50      0.2153    
   35.60      0.2105    
   35.70      0.2056    
   35.80      0.2006    
   35.90      0.1956    
   36.00      0.1906    
   36.10      0.1855    
   36.20      0.1804    
   36.30      0.1753    
   36.40      0.1702    
   36.50      0.1651    
   36.60      0.1601    
   36.70      0.1551    
   36.80      0.1501    
   36.90      0.1451    
   37.00      0.1402    
   37.10      0.1354    
   37.20      0.1307    
   37.30      0.1260    
   37.40      0.1214    
   37.50      0.1169    
   37.60      0.1125    
   37.70      0.1082    
   37.80      0.1041    
   37.90      0.9998E-01
   38.00      0.9602E-01
   38.10      0.9218E-01
   38.20      0.8846E-01
   38.30      0.8488E-01
   38.40      0.8141E-01
   38.50      0.7808E-01
   38.60      0.7488E-01
   38.70      0.7182E-01
   38.80      0.6889E-01
   38.90      0.6609E-01
   39.00      0.6342E-01
   39.10      0.6090E-01
   39.20      0.5850E-01
   39.30      0.5624E-01
   39.40      0.5411E-01
   39.50      0.5211E-01
   39.60      0.5025E-01
   39.70      0.4850E-01
   39.80      0.4689E-01
   39.90      0.4539E-01
   40.00      0.4402E-01
   40.10      0.4276E-01
   40.20      0.4162E-01
   40.30      0.4058E-01
   40.40      0.3966E-01
   40.50      0.3884E-01
   40.60      0.3812E-01
   40.70      0.3750E-01
   40.80      0.3697E-01
   40.90      0.3653E-01
   41.00      0.3618E-01
   41.10      0.3590E-01
   41.20      0.3571E-01
   41.30      0.3559E-01
   41.40      0.3554E-01
   41.50      0.3555E-01
   41.60      0.3563E-01
   41.70      0.3576E-01
   41.80      0.3594E-01
   41.90      0.3618E-01
   42.00      0.3646E-01
   42.10      0.3678E-01
   42.20      0.3714E-01
   42.30      0.3754E-01
   42.40      0.3796E-01
   42.50      0.3841E-01
   42.60      0.3889E-01
   42.70      0.3938E-01
   42.80      0.3989E-01
   42.90      0.4042E-01
   43.00      0.4095E-01
   43.10      0.4149E-01
   43.20      0.4203E-01
   43.30      0.4258E-01
   43.40      0.4312E-01
   43.50      0.4366E-01
   43.60      0.4420E-01
   43.70      0.4472E-01
   43.80      0.4523E-01
   43.90      0.4573E-01
   44.00      0.4622E-01
   44.10      0.4668E-01
   44.20      0.4713E-01
   44.30      0.4756E-01
   44.40      0.4796E-01
   44.50      0.4834E-01
   44.60      0.4870E-01
   44.70      0.4903E-01
   44.80      0.4933E-01
   44.90      0.4960E-01
   45.00      0.4985E-01
   45.10      0.5006E-01
   45.20      0.5025E-01
   45.30      0.5040E-01
   45.40      0.5052E-01
   45.50      0.5061E-01
   45.60      0.5066E-01
   45.70      0.5069E-01
   45.80      0.5068E-01
   45.90      0.5063E-01
   46.00      0.5056E-01
   46.10      0.5045E-01
   46.20      0.5031E-01
   46.30      0.5014E-01
   46.40      0.4993E-01
   46.50      0.4970E-01
   46.60      0.4943E-01
   46.70      0.4913E-01
   46.80      0.4881E-01
   46.90      0.4845E-01
   47.00      0.4806E-01
   47.10      0.4765E-01
   47.20      0.4721E-01
   47.30      0.4674E-01
   47.40      0.4625E-01
   47.50      0.4574E-01
   47.60      0.4520E-01
   47.70      0.4463E-01
   47.80      0.4405E-01
   47.90      0.4345E-01
   48.00      0.4282E-01
   48.10      0.4218E-01
   48.20      0.4152E-01
   48.30      0.4084E-01
   48.40      0.4015E-01
   48.50      0.3945E-01
   48.60      0.3873E-01
   48.70      0.3801E-01
   48.80      0.3727E-01
   48.90      0.3652E-01
   49.00      0.3577E-01
   49.10      0.3501E-01
   49.20      0.3424E-01
   49.30      0.3347E-01
   49.40      0.3269E-01
   49.50      0.3192E-01
   49.60      0.3114E-01
   49.70      0.3037E-01
   49.80      0.2959E-01
   49.90      0.2882E-01
   50.00      0.2806E-01
   50.10      0.2730E-01
   50.20      0.2654E-01
   50.30      0.2579E-01
   50.40      0.2505E-01
   50.50      0.2432E-01
   50.60      0.2360E-01
   50.70      0.2290E-01
   50.80      0.2220E-01
   50.90      0.2151E-01
   51.00      0.2084E-01
   51.10      0.2019E-01
   51.20      0.1955E-01
   51.30      0.1892E-01
   51.40      0.1832E-01
   51.50      0.1772E-01
   51.60      0.1715E-01
   51.70      0.1660E-01
   51.80      0.1606E-01
   51.90      0.1554E-01
   52.00      0.1504E-01
   52.10      0.1457E-01
   52.20      0.1411E-01
   52.30      0.1367E-01
   52.40      0.1325E-01
   52.50      0.1285E-01
   52.60      0.1248E-01
   52.70      0.1212E-01
   52.80      0.1179E-01
   52.90      0.1147E-01
   53.00      0.1118E-01
   53.10      0.1090E-01
   53.20      0.1064E-01
   53.30      0.1041E-01
   53.40      0.1019E-01
   53.50      0.9994E-02
   53.60      0.9815E-02
   53.70      0.9654E-02
   53.80      0.9511E-02
   53.90      0.9385E-02
   54.00      0.9275E-02
   54.10      0.9182E-02
   54.20      0.9104E-02
   54.30      0.9041E-02
   54.40      0.8993E-02
   54.50      0.8958E-02
   54.60      0.8936E-02
   54.70      0.8927E-02
   54.80      0.8930E-02
   54.90      0.8943E-02
   55.00      0.8967E-02
   55.10      0.9001E-02
   55.20      0.9043E-02
   55.30      0.9094E-02
   55.40      0.9152E-02
   55.50      0.9218E-02
   55.60      0.9289E-02
   55.70      0.9366E-02
   55.80      0.9448E-02
   55.90      0.9535E-02
   56.00      0.9624E-02
   56.10      0.9717E-02
   56.20      0.9812E-02
   56.30      0.9909E-02
   56.40      0.1001E-01
   56.50      0.1011E-01
   56.60      0.1020E-01
   56.70      0.1030E-01
   56.80      0.1040E-01
   56.90      0.1050E-01
   57.00      0.1059E-01
   57.10      0.1068E-01
   57.20      0.1077E-01
   57.30      0.1086E-01
   57.40      0.1094E-01
   57.50      0.1102E-01
   57.60      0.1109E-01
   57.70      0.1116E-01
   57.80      0.1123E-01
   57.90      0.1129E-01
   58.00      0.1134E-01
   58.10      0.1139E-01
   58.20      0.1143E-01
   58.30      0.1147E-01
   58.40      0.1151E-01
   58.50      0.1153E-01
   58.60      0.1155E-01
   58.70      0.1157E-01
   58.80      0.1158E-01
   58.90      0.1158E-01
   59.00      0.1158E-01
   59.10      0.1157E-01
   59.20      0.1155E-01
   59.30      0.1153E-01
   59.40      0.1150E-01
   59.50      0.1146E-01
   59.60      0.1142E-01
   59.70      0.1138E-01
   59.80      0.1132E-01
   59.90      0.1127E-01
   60.00      0.1120E-01
   60.10      0.1113E-01
   60.20      0.1106E-01
   60.30      0.1098E-01
   60.40      0.1089E-01
   60.50      0.1080E-01
   60.60      0.1070E-01
   60.70      0.1060E-01
   60.80      0.1050E-01
   60.90      0.1039E-01
   61.00      0.1027E-01
   61.10      0.1016E-01
   61.20      0.1004E-01
   61.30      0.9910E-02
   61.40      0.9781E-02
   61.50      0.9649E-02
   61.60      0.9514E-02
   61.70      0.9376E-02
   61.80      0.9236E-02
   61.90      0.9092E-02
   62.00      0.8947E-02
   62.10      0.8800E-02
   62.20      0.8650E-02
   62.30      0.8499E-02
   62.40      0.8347E-02
   62.50      0.8193E-02
   62.60      0.8039E-02
   62.70      0.7883E-02
   62.80      0.7727E-02
   62.90      0.7570E-02
   63.00      0.7414E-02
   63.10      0.7257E-02
   63.20      0.7100E-02
   63.30      0.6944E-02
   63.40      0.6788E-02
   63.50      0.6633E-02
   63.60      0.6479E-02
   63.70      0.6326E-02
   63.80      0.6174E-02
   63.90      0.6023E-02
   64.00      0.5874E-02
   64.10      0.5727E-02
   64.20      0.5581E-02
   64.30      0.5437E-02
   64.40      0.5296E-02
   64.50      0.5157E-02
   64.60      0.5020E-02
   64.70      0.4885E-02
   64.80      0.4753E-02
   64.90      0.4624E-02
   65.00      0.4497E-02
   65.10      0.4374E-02
   65.20      0.4253E-02
   65.30      0.4135E-02
   65.40      0.4020E-02
   65.50      0.3908E-02
   65.60      0.3800E-02
   65.70      0.3694E-02
   65.80      0.3592E-02
   65.90      0.3493E-02
   66.00      0.3398E-02
   66.10      0.3306E-02
   66.20      0.3217E-02
   66.30      0.3131E-02
   66.40      0.3049E-02
   66.50      0.2970E-02
   66.60      0.2895E-02
   66.70      0.2823E-02
   66.80      0.2754E-02
   66.90      0.2688E-02
   67.00      0.2626E-02
   67.10      0.2567E-02
   67.20      0.2511E-02
   67.30      0.2458E-02
   67.40      0.2408E-02
   67.50      0.2362E-02
   67.60      0.2318E-02
   67.70      0.2278E-02
   67.80      0.2240E-02
   67.90      0.2206E-02
   68.00      0.2174E-02
   68.10      0.2144E-02
   68.20      0.2118E-02
   68.30      0.2094E-02
   68.40      0.2072E-02
   68.50      0.2053E-02
   68.60      0.2037E-02
   68.70      0.2022E-02
   68.80      0.2010E-02
   68.90      0.2000E-02
   69.00      0.1992E-02
   69.10      0.1986E-02
   69.20      0.1982E-02
   69.30      0.1980E-02
   69.40      0.1979E-02
   69.50      0.1980E-02
   69.60      0.1982E-02
   69.70      0.1986E-02
   69.80      0.1991E-02
   69.90      0.1998E-02
   70.00      0.2005E-02
   70.10      0.2014E-02
   70.20      0.2023E-02
   70.30      0.2033E-02
   70.40      0.2044E-02
   70.50      0.2056E-02
   70.60      0.2068E-02
   70.70      0.2080E-02
   70.80      0.2093E-02
   70.90      0.2106E-02
   71.00      0.2120E-02
   71.10      0.2133E-02
   71.20      0.2146E-02
   71.30      0.2160E-02
   71.40      0.2173E-02
   71.50      0.2186E-02
   71.60      0.2198E-02
   71.70      0.2210E-02
   71.80      0.2222E-02
   71.90      0.2233E-02
   72.00      0.2244E-02
   72.10      0.2254E-02
   72.20      0.2263E-02
   72.30      0.2271E-02
   72.40      0.2279E-02
   72.50      0.2285E-02
   72.60      0.2291E-02
   72.70      0.2296E-02
   72.80      0.2300E-02
   72.90      0.2303E-02
   73.00      0.2304E-02
   73.10      0.2305E-02
   73.20      0.2305E-02
   73.30      0.2304E-02
   73.40      0.2301E-02
   73.50      0.2298E-02
   73.60      0.2294E-02
   73.70      0.2288E-02
   73.80      0.2282E-02
   73.90      0.2274E-02
   74.00      0.2265E-02
   74.10      0.2256E-02
   74.20      0.2245E-02
   74.30      0.2234E-02
   74.40      0.2222E-02
   74.50      0.2208E-02
   74.60      0.2194E-02
   74.70      0.2179E-02
   74.80      0.2164E-02
   74.90      0.2147E-02
   75.00      0.2130E-02
   75.10      0.2112E-02
   75.20      0.2094E-02
   75.30      0.2075E-02
   75.40      0.2055E-02
   75.50      0.2035E-02
   75.60      0.2014E-02
   75.70      0.1993E-02
   75.80      0.1971E-02
   75.90      0.1949E-02
   76.00      0.1927E-02
   76.10      0.1904E-02
   76.20      0.1882E-02
   76.30      0.1858E-02
   76.40      0.1835E-02
   76.50      0.1811E-02
   76.60      0.1788E-02
   76.70      0.1764E-02
   76.80      0.1740E-02
   76.90      0.1716E-02
   77.00      0.1691E-02
   77.10      0.1667E-02
   77.20      0.1643E-02
   77.30      0.1618E-02
   77.40      0.1594E-02
   77.50      0.1569E-02
   77.60      0.1545E-02
   77.70      0.1521E-02
   77.80      0.1496E-02
   77.90      0.1472E-02
   78.00      0.1448E-02
   78.10      0.1423E-02
   78.20      0.1399E-02
   78.30      0.1375E-02
   78.40      0.1351E-02
   78.50      0.1328E-02
   78.60      0.1304E-02
   78.70      0.1280E-02
   78.80      0.1257E-02
   78.90      0.1234E-02
   79.00      0.1210E-02
   79.10      0.1187E-02
   79.20      0.1165E-02
   79.30      0.1142E-02
   79.40      0.1120E-02
   79.50      0.1098E-02
   79.60      0.1076E-02
   79.70      0.1054E-02
   79.80      0.1033E-02
   79.90      0.1012E-02
   80.00      0.9913E-03
   80.10      0.9709E-03
   80.20      0.9508E-03
   80.30      0.9311E-03
   80.40      0.9118E-03
   80.50      0.8928E-03
   80.60      0.8743E-03
   80.70      0.8561E-03
   80.80      0.8384E-03
   80.90      0.8211E-03
   81.00      0.8043E-03
   81.10      0.7879E-03
   81.20      0.7720E-03
   81.30      0.7566E-03
   81.40      0.7417E-03
   81.50      0.7273E-03
   81.60      0.7133E-03
   81.70      0.6999E-03
   81.80      0.6870E-03
   81.90      0.6747E-03
   82.00      0.6628E-03
   82.10      0.6515E-03
   82.20      0.6407E-03
   82.30      0.6304E-03
   82.40      0.6206E-03
   82.50      0.6114E-03
   82.60      0.6026E-03
   82.70      0.5943E-03
   82.80      0.5866E-03
   82.90      0.5793E-03
   83.00      0.5725E-03
   83.10      0.5661E-03
   83.20      0.5602E-03
   83.30      0.5547E-03
   83.40      0.5497E-03
   83.50      0.5451E-03
   83.60      0.5408E-03
   83.70      0.5370E-03
   83.80      0.5335E-03
   83.90      0.5304E-03
   84.00      0.5276E-03
   84.10      0.5252E-03
   84.20      0.5231E-03
   84.30      0.5213E-03
   84.40      0.5197E-03
   84.50      0.5184E-03
   84.60      0.5174E-03
   84.70      0.5167E-03
   84.80      0.5161E-03
   84.90      0.5158E-03
   85.00      0.5157E-03
   85.10      0.5158E-03
   85.20      0.5161E-03
   85.30      0.5165E-03
   85.40      0.5172E-03
   85.50      0.5179E-03
   85.60      0.5188E-03
   85.70      0.5198E-03
   85.80      0.5210E-03
   85.90      0.5222E-03
   86.00      0.5236E-03
   86.10      0.5250E-03
   86.20      0.5266E-03
   86.30      0.5282E-03
   86.40      0.5298E-03
   86.50      0.5315E-03
   86.60      0.5333E-03
   86.70      0.5350E-03
   86.80      0.5368E-03
   86.90      0.5386E-03
   87.00      0.5405E-03
   87.10      0.5422E-03
   87.20      0.5440E-03
   87.30      0.5457E-03
   87.40      0.5474E-03
   87.50      0.5490E-03
   87.60      0.5506E-03
   87.70      0.5521E-03
   87.80      0.5534E-03
   87.90      0.5547E-03
   88.00      0.5558E-03
   88.10      0.5568E-03
   88.20      0.5576E-03
   88.30      0.5583E-03
   88.40      0.5588E-03
   88.50      0.5591E-03
   88.60      0.5592E-03
   88.70      0.5591E-03
   88.80      0.5588E-03
   88.90      0.5582E-03
   89.00      0.5574E-03
   89.10      0.5564E-03
   89.20      0.5551E-03
   89.30      0.5535E-03
   89.40      0.5516E-03
   89.50      0.5495E-03
   89.60      0.5470E-03
   89.70      0.5443E-03
   89.80      0.5413E-03
   89.90      0.5380E-03
   90.00      0.5344E-03
   90.10      0.5305E-03
   90.20      0.5264E-03
   90.30      0.5219E-03
   90.40      0.5172E-03
   90.50      0.5123E-03
   90.60      0.5070E-03
   90.70      0.5015E-03
   90.80      0.4958E-03
   90.90      0.4899E-03
   91.00      0.4837E-03
   91.10      0.4774E-03
   91.20      0.4708E-03
   91.30      0.4641E-03
   91.40      0.4573E-03
   91.50      0.4503E-03
   91.60      0.4432E-03
   91.70      0.4360E-03
   91.80      0.4287E-03
   91.90      0.4213E-03
   92.00      0.4139E-03
   92.10      0.4065E-03
   92.20      0.3990E-03
   92.30      0.3916E-03
   92.40      0.3842E-03
   92.50      0.3768E-03
   92.60      0.3694E-03
   92.70      0.3622E-03
   92.80      0.3550E-03
   92.90      0.3479E-03
   93.00      0.3409E-03
   93.10      0.3340E-03
   93.20      0.3272E-03
   93.30      0.3206E-03
   93.40      0.3141E-03
   93.50      0.3077E-03
   93.60      0.3015E-03
   93.70      0.2954E-03
   93.80      0.2895E-03
   93.90      0.2838E-03
   94.00      0.2782E-03
   94.10      0.2727E-03
   94.20      0.2674E-03
   94.30      0.2623E-03
   94.40      0.2573E-03
   94.50      0.2524E-03
   94.60      0.2477E-03
   94.70      0.2431E-03
   94.80      0.2386E-03
   94.90      0.2343E-03
   95.00      0.2300E-03
   95.10      0.2259E-03
   95.20      0.2218E-03
   95.30      0.2179E-03
   95.40      0.2140E-03
   95.50      0.2102E-03
   95.60      0.2065E-03
   95.70      0.2028E-03
   95.80      0.1992E-03
   95.90      0.1956E-03
   96.00      0.1921E-03
   96.10      0.1886E-03
   96.20      0.1852E-03
   96.30      0.1818E-03
   96.40      0.1784E-03
   96.50      0.1751E-03
   96.60      0.1718E-03
   96.70      0.1685E-03
   96.80      0.1652E-03
   96.90      0.1620E-03
   97.00      0.1588E-03
   97.10      0.1556E-03
   97.20      0.1525E-03
   97.30      0.1494E-03
   97.40      0.1463E-03
   97.50      0.1433E-03
   97.60      0.1403E-03
   97.70      0.1374E-03
   97.80      0.1345E-03
   97.90      0.1317E-03
   98.00      0.1290E-03
   98.10      0.1263E-03
   98.20      0.1237E-03
   98.30      0.1212E-03
   98.40      0.1188E-03
   98.50      0.1165E-03
   98.60      0.1142E-03
   98.70      0.1121E-03
   98.80      0.1100E-03
   98.90      0.1081E-03
   99.00      0.1062E-03
   99.10      0.1045E-03
   99.20      0.1028E-03
   99.30      0.1013E-03
   99.40      0.9987E-04
   99.50      0.9856E-04
   99.60      0.9734E-04
   99.70      0.9623E-04
   99.80      0.9523E-04
   99.90      0.9432E-04
   100.0      0.9351E-04
   100.1      0.9279E-04
   100.2      0.9216E-04
   100.3      0.9161E-04
   100.4      0.9115E-04
   100.5      0.9077E-04
   100.6      0.9046E-04
   100.7      0.9021E-04
   100.8      0.9003E-04
   100.9      0.8991E-04
   101.0      0.8984E-04
   101.1      0.8982E-04
   101.2      0.8985E-04
   101.3      0.8991E-04
   101.4      0.9002E-04
   101.5      0.9016E-04
   101.6      0.9033E-04
   101.7      0.9052E-04
   101.8      0.9074E-04
   101.9      0.9099E-04
   102.0      0.9125E-04
   102.1      0.9153E-04
   102.2      0.9183E-04
   102.3      0.9215E-04
   102.4      0.9248E-04
   102.5      0.9283E-04
   102.6      0.9319E-04
   102.7      0.9358E-04
   102.8      0.9398E-04
   102.9      0.9440E-04
   103.0      0.9484E-04
   103.1      0.9530E-04
   103.2      0.9578E-04
   103.3      0.9629E-04
   103.4      0.9682E-04
   103.5      0.9738E-04
   103.6      0.9796E-04
   103.7      0.9858E-04
   103.8      0.9922E-04
   103.9      0.9989E-04
   104.0      0.1006E-03
   104.1      0.1013E-03
   104.2      0.1021E-03
   104.3      0.1029E-03
   104.4      0.1037E-03
   104.5      0.1046E-03
   104.6      0.1054E-03
   104.7      0.1063E-03
   104.8      0.1072E-03
   104.9      0.1081E-03
   105.0      0.1091E-03
   105.1      0.1100E-03
   105.2      0.1110E-03
   105.3      0.1119E-03
   105.4      0.1128E-03
   105.5      0.1137E-03
   105.6      0.1146E-03
   105.7      0.1155E-03
   105.8      0.1164E-03
   105.9      0.1172E-03
   106.0      0.1179E-03
   106.1      0.1186E-03
   106.2      0.1193E-03
   106.3      0.1199E-03
   106.4      0.1204E-03
   106.5      0.1209E-03
   106.6      0.1212E-03
   106.7      0.1215E-03
   106.8      0.1217E-03
   106.9      0.1219E-03
   107.0      0.1219E-03
   107.1      0.1218E-03
   107.2      0.1217E-03
   107.3      0.1214E-03
   107.4      0.1210E-03
   107.5      0.1206E-03
   107.6      0.1200E-03
   107.7      0.1194E-03
   107.8      0.1187E-03
   107.9      0.1178E-03
   108.0      0.1169E-03
   108.1      0.1159E-03
   108.2      0.1149E-03
   108.3      0.1137E-03
   108.4      0.1125E-03
   108.5      0.1113E-03
   108.6      0.1099E-03
   108.7      0.1086E-03
   108.8      0.1072E-03
   108.9      0.1058E-03
   109.0      0.1043E-03
   109.1      0.1028E-03
   109.2      0.1013E-03
   109.3      0.9987E-04
   109.4      0.9839E-04
   109.5      0.9692E-04
   109.6      0.9548E-04
   109.7      0.9405E-04
   109.8      0.9266E-04
   109.9      0.9130E-04
   110.0      0.8999E-04
   110.1      0.8871E-04
   110.2      0.8749E-04
   110.3      0.8631E-04
   110.4      0.8519E-04
   110.5      0.8412E-04
   110.6      0.8311E-04
   110.7      0.8215E-04
   110.8      0.8124E-04
   110.9      0.8039E-04
   111.0      0.7959E-04
   111.1      0.7884E-04
   111.2      0.7814E-04
   111.3      0.7748E-04
   111.4      0.7685E-04
   111.5      0.7626E-04
   111.6      0.7570E-04
   111.7      0.7516E-04
   111.8      0.7464E-04
   111.9      0.7414E-04
   112.0      0.7364E-04
   112.1      0.7315E-04
   112.2      0.7265E-04
   112.3      0.7214E-04
   112.4      0.7161E-04
   112.5      0.7107E-04
   112.6      0.7050E-04
   112.7      0.6990E-04
   112.8      0.6927E-04
   112.9      0.6861E-04
   113.0      0.6790E-04
   113.1      0.6715E-04
   113.2      0.6636E-04
   113.3      0.6553E-04
   113.4      0.6464E-04
   113.5      0.6371E-04
   113.6      0.6274E-04
   113.7      0.6172E-04
   113.8      0.6066E-04
   113.9      0.5956E-04
   114.0      0.5842E-04
   114.1      0.5724E-04
   114.2      0.5604E-04
   114.3      0.5482E-04
   114.4      0.5357E-04
   114.5      0.5231E-04
   114.6      0.5103E-04
   114.7      0.4976E-04
   114.8      0.4849E-04
   114.9      0.4722E-04
   115.0      0.4597E-04
   115.1      0.4474E-04
   115.2      0.4354E-04
   115.3      0.4237E-04
   115.4      0.4124E-04
   115.5      0.4015E-04
   115.6      0.3912E-04
   115.7      0.3813E-04
   115.8      0.3720E-04
   115.9      0.3634E-04
   116.0      0.3553E-04
   116.1      0.3480E-04
   116.2      0.3413E-04
   116.3      0.3354E-04
   116.4      0.3301E-04
   116.5      0.3256E-04
   116.6      0.3218E-04
   116.7      0.3187E-04
   116.8      0.3163E-04
   116.9      0.3145E-04
   117.0      0.3134E-04
   117.1      0.3129E-04
   117.2      0.3129E-04
   117.3      0.3135E-04
   117.4      0.3146E-04
   117.5      0.3161E-04
   117.6      0.3180E-04
   117.7      0.3202E-04
   117.8      0.3227E-04
   117.9      0.3254E-04
   118.0      0.3283E-04
   118.1      0.3313E-04
   118.2      0.3343E-04
   118.3      0.3373E-04
   118.4      0.3403E-04
   118.5      0.3432E-04
   118.6      0.3459E-04
   118.7      0.3484E-04
   118.8      0.3507E-04
   118.9      0.3528E-04
   119.0      0.3545E-04
   119.1      0.3560E-04
   119.2      0.3571E-04
   119.3      0.3578E-04
   119.4      0.3582E-04
   119.5      0.3582E-04
   119.6      0.3579E-04
   119.7      0.3572E-04
   119.8      0.3562E-04
   119.9      0.3548E-04
   120.0      0.3532E-04
   120.1      0.3512E-04
   120.2      0.3491E-04
   120.3      0.3466E-04
   120.4      0.3440E-04
   120.5      0.3413E-04
   120.6      0.3384E-04
   120.7      0.3355E-04
   120.8      0.3325E-04
   120.9      0.3296E-04
   121.0      0.3266E-04
   121.1      0.3238E-04
   121.2      0.3211E-04
   121.3      0.3185E-04
   121.4      0.3161E-04
   121.5      0.3139E-04
   121.6      0.3120E-04
   121.7      0.3103E-04
   121.8      0.3089E-04
   121.9      0.3078E-04
   122.0      0.3070E-04
   122.1      0.3066E-04
   122.2      0.3064E-04
   122.3      0.3065E-04
   122.4      0.3069E-04
   122.5      0.3076E-04
   122.6      0.3086E-04
   122.7      0.3098E-04
   122.8      0.3112E-04
   122.9      0.3128E-04
   123.0      0.3145E-04
   123.1      0.3164E-04
   123.2      0.3184E-04
   123.3      0.3204E-04
   123.4      0.3224E-04
   123.5      0.3243E-04
   123.6      0.3262E-04
   123.7      0.3280E-04
   123.8      0.3296E-04
   123.9      0.3310E-04
   124.0      0.3322E-04
   124.1      0.3331E-04
   124.2      0.3337E-04
   124.3      0.3340E-04
   124.4      0.3339E-04
   124.5      0.3334E-04
   124.6      0.3326E-04
   124.7      0.3314E-04
   124.8      0.3297E-04
   124.9      0.3277E-04
   125.0      0.3252E-04
   125.1      0.3224E-04
   125.2      0.3191E-04
   125.3      0.3155E-04
   125.4      0.3116E-04
   125.5      0.3073E-04
   125.6      0.3027E-04
   125.7      0.2979E-04
   125.8      0.2929E-04
   125.9      0.2877E-04
   126.0      0.2824E-04
   126.1      0.2770E-04
   126.2      0.2715E-04
   126.3      0.2661E-04
   126.4      0.2607E-04
   126.5      0.2554E-04
   126.6      0.2503E-04
   126.7      0.2454E-04
   126.8      0.2407E-04
   126.9      0.2363E-04
   127.0      0.2323E-04
   127.1      0.2286E-04
   127.2      0.2253E-04
   127.3      0.2224E-04
   127.4      0.2200E-04
   127.5      0.2181E-04
   127.6      0.2166E-04
   127.7      0.2156E-04
   127.8      0.2151E-04
   127.9      0.2151E-04
   128.0      0.2155E-04
   128.1      0.2165E-04
   128.2      0.2178E-04
   128.3      0.2196E-04
   128.4      0.2218E-04
   128.5      0.2244E-04
   128.6      0.2273E-04
   128.7      0.2304E-04
   128.8      0.2338E-04
   128.9      0.2374E-04
   129.0      0.2411E-04
   129.1      0.2449E-04
   129.2      0.2488E-04
   129.3      0.2526E-04
   129.4      0.2564E-04
   129.5      0.2600E-04
   129.6      0.2635E-04
   129.7      0.2667E-04
   129.8      0.2697E-04
   129.9      0.2723E-04
   130.0      0.2746E-04
   130.1      0.2765E-04
   130.2      0.2779E-04
   130.3      0.2789E-04
   130.4      0.2794E-04
   130.5      0.2795E-04
   130.6      0.2790E-04
   130.7      0.2780E-04
   130.8      0.2765E-04
   130.9      0.2744E-04
   131.0      0.2719E-04
   131.1      0.2689E-04
   131.2      0.2654E-04
   131.3      0.2615E-04
   131.4      0.2572E-04
   131.5      0.2525E-04
   131.6      0.2475E-04
   131.7      0.2422E-04
   131.8      0.2367E-04
   131.9      0.2310E-04
   132.0      0.2252E-04
   132.1      0.2193E-04
   132.2      0.2134E-04
   132.3      0.2076E-04
   132.4      0.2018E-04
   132.5      0.1962E-04
   132.6      0.1908E-04
   132.7      0.1856E-04
   132.8      0.1807E-04
   132.9      0.1762E-04
   133.0      0.1721E-04
   133.1      0.1685E-04
   133.2      0.1652E-04
   133.3      0.1625E-04
   133.4      0.1603E-04
   133.5      0.1587E-04
   133.6      0.1575E-04
   133.7      0.1570E-04
   133.8      0.1570E-04
   133.9      0.1575E-04
   134.0      0.1586E-04
   134.1      0.1602E-04
   134.2      0.1624E-04
   134.3      0.1650E-04
   134.4      0.1680E-04
   134.5      0.1715E-04
   134.6      0.1753E-04
   134.7      0.1795E-04
   134.8      0.1840E-04
   134.9      0.1887E-04
   135.0      0.1935E-04
   135.1      0.1986E-04
   135.2      0.2037E-04
   135.3      0.2088E-04
   135.4      0.2140E-04
   135.5      0.2190E-04
   135.6      0.2240E-04
   135.7      0.2288E-04
   135.8      0.2333E-04
   135.9      0.2377E-04
   136.0      0.2417E-04
   136.1      0.2455E-04
   136.2      0.2488E-04
   136.3      0.2519E-04
   136.4      0.2545E-04
   136.5      0.2567E-04
   136.6      0.2585E-04
   136.7      0.2600E-04
   136.8      0.2610E-04
   136.9      0.2616E-04
   137.0      0.2618E-04
   137.1      0.2616E-04
   137.2      0.2611E-04
   137.3      0.2603E-04
   137.4      0.2592E-04
   137.5      0.2578E-04
   137.6      0.2562E-04
   137.7      0.2545E-04
   137.8      0.2526E-04
   137.9      0.2506E-04
   138.0      0.2486E-04
   138.1      0.2466E-04
   138.2      0.2446E-04
   138.3      0.2427E-04
   138.4      0.2410E-04
   138.5      0.2394E-04
   138.6      0.2380E-04
   138.7      0.2369E-04
   138.8      0.2361E-04
   138.9      0.2356E-04
   139.0      0.2355E-04
   139.1      0.2357E-04
   139.2      0.2363E-04
   139.3      0.2373E-04
   139.4      0.2386E-04
   139.5      0.2404E-04
   139.6      0.2426E-04
   139.7      0.2451E-04
   139.8      0.2480E-04
   139.9      0.2513E-04
   140.0      0.2549E-04
   140.1      0.2587E-04
   140.2      0.2628E-04
   140.3      0.2672E-04
   140.4      0.2717E-04
   140.5      0.2763E-04
   140.6      0.2810E-04
   140.7      0.2857E-04
   140.8      0.2904E-04
   140.9      0.2951E-04
   141.0      0.2996E-04
   141.1      0.3039E-04
   141.2      0.3080E-04
   141.3      0.3119E-04
   141.4      0.3154E-04
   141.5      0.3185E-04
   141.6      0.3212E-04
   141.7      0.3235E-04
   141.8      0.3253E-04
   141.9      0.3266E-04
   142.0      0.3273E-04
   142.1      0.3275E-04
   142.2      0.3271E-04
   142.3      0.3262E-04
   142.4      0.3246E-04
   142.5      0.3225E-04
   142.6      0.3199E-04
   142.7      0.3166E-04
   142.8      0.3129E-04
   142.9      0.3087E-04
   143.0      0.3040E-04
   143.1      0.2989E-04
   143.2      0.2933E-04
   143.3      0.2875E-04
   143.4      0.2813E-04
   143.5      0.2749E-04
   143.6      0.2684E-04
   143.7      0.2617E-04
   143.8      0.2549E-04
   143.9      0.2481E-04
   144.0      0.2414E-04
   144.1      0.2347E-04
   144.2      0.2283E-04
   144.3      0.2220E-04
   144.4      0.2160E-04
   144.5      0.2104E-04
   144.6      0.2051E-04
   144.7      0.2002E-04
   144.8      0.1958E-04
   144.9      0.1918E-04
   145.0      0.1883E-04
   145.1      0.1854E-04
   145.2      0.1831E-04
   145.3      0.1813E-04
   145.4      0.1800E-04
   145.5      0.1793E-04
   145.6      0.1792E-04
   145.7      0.1796E-04
   145.8      0.1806E-04
   145.9      0.1820E-04
   146.0      0.1839E-04
   146.1      0.1863E-04
   146.2      0.1891E-04
   146.3      0.1922E-04
   146.4      0.1956E-04
   146.5      0.1993E-04
   146.6      0.2032E-04
   146.7      0.2072E-04
   146.8      0.2114E-04
   146.9      0.2156E-04
   147.0      0.2198E-04
   147.1      0.2240E-04
   147.2      0.2280E-04
   147.3      0.2319E-04
   147.4      0.2355E-04
   147.5      0.2389E-04
   147.6      0.2420E-04
   147.7      0.2448E-04
   147.8      0.2471E-04
   147.9      0.2491E-04
   148.0      0.2507E-04
   148.1      0.2518E-04
   148.2      0.2524E-04
   148.3      0.2526E-04
   148.4      0.2523E-04
   148.5      0.2516E-04
   148.6      0.2504E-04
   148.7      0.2488E-04
   148.8      0.2468E-04
   148.9      0.2444E-04
   149.0      0.2416E-04
   149.1      0.2385E-04
   149.2      0.2352E-04
   149.3      0.2316E-04
   149.4      0.2278E-04
   149.5      0.2238E-04
   149.6      0.2198E-04
   149.7      0.2158E-04
   149.8      0.2118E-04
   149.9      0.2078E-04
   150.0      0.2040E-04
   150.1      0.2004E-04
   150.2      0.1970E-04
   150.3      0.1938E-04
   150.4      0.1910E-04
   150.5      0.1886E-04
   150.6      0.1865E-04
   150.7      0.1849E-04
   150.8      0.1838E-04
   150.9      0.1832E-04
   151.0      0.1831E-04
   151.1      0.1835E-04
   151.2      0.1844E-04
   151.3      0.1859E-04
   151.4      0.1879E-04
   151.5      0.1904E-04
   151.6      0.1934E-04
   151.7      0.1969E-04
   151.8      0.2009E-04
   151.9      0.2053E-04
   152.0      0.2101E-04
   152.1      0.2153E-04
   152.2      0.2207E-04
   152.3      0.2264E-04
   152.4      0.2323E-04
   152.5      0.2384E-04
   152.6      0.2445E-04
   152.7      0.2507E-04
   152.8      0.2569E-04
   152.9      0.2630E-04
   153.0      0.2690E-04
   153.1      0.2747E-04
   153.2      0.2803E-04
   153.3      0.2855E-04
   153.4      0.2904E-04
   153.5      0.2949E-04
   153.6      0.2989E-04
   153.7      0.3025E-04
   153.8      0.3056E-04
   153.9      0.3082E-04
   154.0      0.3102E-04
   154.1      0.3117E-04
   154.2      0.3125E-04
   154.3      0.3128E-04
   154.4      0.3125E-04
   154.5      0.3117E-04
   154.6      0.3103E-04
   154.7      0.3083E-04
   154.8      0.3059E-04
   154.9      0.3029E-04
   155.0      0.2995E-04
   155.1      0.2957E-04
   155.2      0.2916E-04
   155.3      0.2871E-04
   155.4      0.2823E-04
   155.5      0.2774E-04
   155.6      0.2722E-04
   155.7      0.2670E-04
   155.8      0.2617E-04
   155.9      0.2565E-04
   156.0      0.2513E-04
   156.1      0.2463E-04
   156.2      0.2414E-04
   156.3      0.2368E-04
   156.4      0.2325E-04
   156.5      0.2285E-04
   156.6      0.2249E-04
   156.7      0.2217E-04
   156.8      0.2190E-04
   156.9      0.2168E-04
   157.0      0.2151E-04
   157.1      0.2140E-04
   157.2      0.2134E-04
   157.3      0.2134E-04
   157.4      0.2140E-04
   157.5      0.2151E-04
   157.6      0.2169E-04
   157.7      0.2192E-04
   157.8      0.2221E-04
   157.9      0.2255E-04
   158.0      0.2294E-04
   158.1      0.2338E-04
   158.2      0.2386E-04
   158.3      0.2439E-04
   158.4      0.2495E-04
   158.5      0.2555E-04
   158.6      0.2617E-04
   158.7      0.2682E-04
   158.8      0.2748E-04
   158.9      0.2816E-04
   159.0      0.2885E-04
   159.1      0.2954E-04
   159.2      0.3024E-04
   159.3      0.3092E-04
   159.4      0.3160E-04
   159.5      0.3226E-04
   159.6      0.3291E-04
   159.7      0.3353E-04
   159.8      0.3413E-04
   159.9      0.3470E-04
   160.0      0.3524E-04
   160.1      0.3575E-04
   160.2      0.3622E-04
   160.3      0.3665E-04
   160.4      0.3705E-04
   160.5      0.3741E-04
   160.6      0.3773E-04
   160.7      0.3801E-04
   160.8      0.3826E-04
   160.9      0.3847E-04
   161.0      0.3865E-04
   161.1      0.3879E-04
   161.2      0.3890E-04
   161.3      0.3899E-04
   161.4      0.3905E-04
   161.5      0.3909E-04
   161.6      0.3912E-04
   161.7      0.3912E-04
   161.8      0.3912E-04
   161.9      0.3911E-04
   162.0      0.3909E-04
   162.1      0.3907E-04
   162.2      0.3906E-04
   162.3      0.3905E-04
   162.4      0.3905E-04
   162.5      0.3907E-04
   162.6      0.3910E-04
   162.7      0.3915E-04
   162.8      0.3923E-04
   162.9      0.3932E-04
   163.0      0.3945E-04
   163.1      0.3960E-04
   163.2      0.3978E-04
   163.3      0.4000E-04
   163.4      0.4024E-04
   163.5      0.4052E-04
   163.6      0.4084E-04
   163.7      0.4118E-04
   163.8      0.4156E-04
   163.9      0.4198E-04
   164.0      0.4242E-04
   164.1      0.4290E-04
   164.2      0.4341E-04
   164.3      0.4395E-04
   164.4      0.4452E-04
   164.5      0.4512E-04
   164.6      0.4574E-04
   164.7      0.4638E-04
   164.8      0.4705E-04
   164.9      0.4773E-04
   165.0      0.4844E-04
   165.1      0.4916E-04
   165.2      0.4989E-04
   165.3      0.5064E-04
   165.4      0.5140E-04
   165.5      0.5217E-04
   165.6      0.5295E-04
   165.7      0.5373E-04
   165.8      0.5452E-04
   165.9      0.5532E-04
   166.0      0.5612E-04
   166.1      0.5692E-04
   166.2      0.5773E-04
   166.3      0.5854E-04
   166.4      0.5935E-04
   166.5      0.6016E-04
   166.6      0.6097E-04
   166.7      0.6178E-04
   166.8      0.6260E-04
   166.9      0.6341E-04
   167.0      0.6423E-04
   167.1      0.6505E-04
   167.2      0.6586E-04
   167.3      0.6668E-04
   167.4      0.6750E-04
   167.5      0.6832E-04
   167.6      0.6915E-04
   167.7      0.6997E-04
   167.8      0.7079E-04
   167.9      0.7161E-04
   168.0      0.7243E-04
   168.1      0.7325E-04
   168.2      0.7407E-04
   168.3      0.7488E-04
   168.4      0.7569E-04
   168.5      0.7649E-04
   168.6      0.7728E-04
   168.7      0.7806E-04
   168.8      0.7883E-04
   168.9      0.7959E-04
   169.0      0.8033E-04
   169.1      0.8105E-04
   169.2      0.8176E-04
   169.3      0.8243E-04
   169.4      0.8309E-04
   169.5      0.8372E-04
   169.6      0.8431E-04
   169.7      0.8488E-04
   169.8      0.8541E-04
   169.9      0.8590E-04
   170.0      0.8636E-04
   170.1      0.8677E-04
   170.2      0.8714E-04
   170.3      0.8747E-04
   170.4      0.8776E-04
   170.5      0.8800E-04
   170.6      0.8819E-04
   170.7      0.8834E-04
   170.8      0.8844E-04
   170.9      0.8849E-04
   171.0      0.8849E-04
   171.1      0.8846E-04
   171.2      0.8837E-04
   171.3      0.8825E-04
   171.4      0.8808E-04
   171.5      0.8788E-04
   171.6      0.8763E-04
   171.7      0.8736E-04
   171.8      0.8705E-04
   171.9      0.8672E-04
   172.0      0.8636E-04
   172.1      0.8599E-04
   172.2      0.8559E-04
   172.3      0.8518E-04
   172.4      0.8477E-04
   172.5      0.8434E-04
   172.6      0.8392E-04
   172.7      0.8350E-04
   172.8      0.8308E-04
   172.9      0.8267E-04
   173.0      0.8228E-04
   173.1      0.8190E-04
   173.2      0.8154E-04
   173.3      0.8121E-04
   173.4      0.8089E-04
   173.5      0.8061E-04
   173.6      0.8035E-04
   173.7      0.8012E-04
   173.8      0.7992E-04
   173.9      0.7976E-04
   174.0      0.7962E-04
   174.1      0.7952E-04
   174.2      0.7944E-04
   174.3      0.7940E-04
   174.4      0.7938E-04
   174.5      0.7939E-04
   174.6      0.7942E-04
   174.7      0.7948E-04
   174.8      0.7955E-04
   174.9      0.7964E-04
   175.0      0.7974E-04
   175.1      0.7985E-04
   175.2      0.7996E-04
   175.3      0.8008E-04
   175.4      0.8019E-04
   175.5      0.8030E-04
   175.6      0.8040E-04
   175.7      0.8048E-04
   175.8      0.8054E-04
   175.9      0.8058E-04
   176.0      0.8059E-04
   176.1      0.8057E-04
   176.2      0.8053E-04
   176.3      0.8044E-04
   176.4      0.8032E-04
   176.5      0.8017E-04
   176.6      0.7997E-04
   176.7      0.7972E-04
   176.8      0.7944E-04
   176.9      0.7911E-04
   177.0      0.7874E-04
   177.1      0.7833E-04
   177.2      0.7788E-04
   177.3      0.7739E-04
   177.4      0.7686E-04
   177.5      0.7630E-04
   177.6      0.7570E-04
   177.7      0.7508E-04
   177.8      0.7443E-04
   177.9      0.7377E-04
   178.0      0.7309E-04
   178.1      0.7239E-04
   178.2      0.7169E-04
   178.3      0.7099E-04
   178.4      0.7029E-04
   178.5      0.6961E-04
   178.6      0.6893E-04
   178.7      0.6828E-04
   178.8      0.6765E-04
   178.9      0.6705E-04
   179.0      0.6648E-04
   179.1      0.6596E-04
   179.2      0.6547E-04
   179.3      0.6503E-04
   179.4      0.6465E-04
   179.5      0.6432E-04
   179.6      0.6404E-04
   179.7      0.6382E-04
   179.8      0.6367E-04
   179.9      0.6357E-04
   180.0      0.6354E-04
 END
