#1801 angles,  1 tensor ranks for 0=projectile
@subtitle   "12C(7Li,6Li)13C @ Ed=84 MeV;"                                                  
@legend ON
@legend x1 0.2
@legend y1 0.8
@g0 type LOGY
@yaxis ticklabel format power
@legend string   0 "Lab energy =   84.0000"
#legend string   0 "Partition=  2 Excit=  1 near/far= 1"
#  Theta       sigma       iT11        T20         T21         T22         Kyy for projectile
   0.000       3.027    
  0.1000       3.030    
  0.2000       3.038    
  0.3000       3.052    
  0.4000       3.071    
  0.5000       3.096    
  0.6000       3.126    
  0.7000       3.161    
  0.8000       3.201    
  0.9000       3.247    
   1.000       3.298    
   1.100       3.355    
   1.200       3.416    
   1.300       3.482    
   1.400       3.553    
   1.500       3.629    
   1.600       3.710    
   1.700       3.795    
   1.800       3.885    
   1.900       3.979    
   2.000       4.077    
   2.100       4.180    
   2.200       4.286    
   2.300       4.396    
   2.400       4.509    
   2.500       4.626    
   2.600       4.745    
   2.700       4.868    
   2.800       4.993    
   2.900       5.121    
   3.000       5.251    
   3.100       5.383    
   3.200       5.516    
   3.300       5.651    
   3.400       5.786    
   3.500       5.923    
   3.600       6.060    
   3.700       6.197    
   3.800       6.334    
   3.900       6.470    
   4.000       6.605    
   4.100       6.739    
   4.200       6.872    
   4.300       7.003    
   4.400       7.131    
   4.500       7.257    
   4.600       7.379    
   4.700       7.499    
   4.800       7.614    
   4.900       7.726    
   5.000       7.834    
   5.100       7.936    
   5.200       8.034    
   5.300       8.126    
   5.400       8.213    
   5.500       8.294    
   5.600       8.368    
   5.700       8.436    
   5.800       8.498    
   5.900       8.552    
   6.000       8.599    
   6.100       8.639    
   6.200       8.671    
   6.300       8.696    
   6.400       8.712    
   6.500       8.721    
   6.600       8.721    
   6.700       8.714    
   6.800       8.698    
   6.900       8.674    
   7.000       8.641    
   7.100       8.601    
   7.200       8.552    
   7.300       8.495    
   7.400       8.430    
   7.500       8.358    
   7.600       8.277    
   7.700       8.189    
   7.800       8.094    
   7.900       7.991    
   8.000       7.881    
   8.100       7.765    
   8.200       7.642    
   8.300       7.513    
   8.400       7.379    
   8.500       7.238    
   8.600       7.093    
   8.700       6.943    
   8.800       6.788    
   8.900       6.629    
   9.000       6.467    
   9.100       6.301    
   9.200       6.133    
   9.300       5.962    
   9.400       5.788    
   9.500       5.614    
   9.600       5.438    
   9.700       5.261    
   9.800       5.083    
   9.900       4.906    
   10.00       4.729    
   10.10       4.553    
   10.20       4.378    
   10.30       4.205    
   10.40       4.033    
   10.50       3.864    
   10.60       3.698    
   10.70       3.534    
   10.80       3.374    
   10.90       3.217    
   11.00       3.064    
   11.10       2.915    
   11.20       2.770    
   11.30       2.630    
   11.40       2.495    
   11.50       2.364    
   11.60       2.239    
   11.70       2.119    
   11.80       2.004    
   11.90       1.894    
   12.00       1.790    
   12.10       1.692    
   12.20       1.599    
   12.30       1.512    
   12.40       1.430    
   12.50       1.354    
   12.60       1.284    
   12.70       1.219    
   12.80       1.159    
   12.90       1.104    
   13.00       1.055    
   13.10       1.011    
   13.20      0.9715    
   13.30      0.9369    
   13.40      0.9068    
   13.50      0.8811    
   13.60      0.8597    
   13.70      0.8422    
   13.80      0.8286    
   13.90      0.8185    
   14.00      0.8118    
   14.10      0.8083    
   14.20      0.8077    
   14.30      0.8098    
   14.40      0.8144    
   14.50      0.8212    
   14.60      0.8301    
   14.70      0.8407    
   14.80      0.8529    
   14.90      0.8665    
   15.00      0.8811    
   15.10      0.8967    
   15.20      0.9130    
   15.30      0.9298    
   15.40      0.9469    
   15.50      0.9642    
   15.60      0.9814    
   15.70      0.9984    
   15.80       1.015    
   15.90       1.031    
   16.00       1.047    
   16.10       1.061    
   16.20       1.075    
   16.30       1.088    
   16.40       1.100    
   16.50       1.110    
   16.60       1.119    
   16.70       1.127    
   16.80       1.134    
   16.90       1.139    
   17.00       1.142    
   17.10       1.144    
   17.20       1.145    
   17.30       1.144    
   17.40       1.141    
   17.50       1.137    
   17.60       1.131    
   17.70       1.124    
   17.80       1.116    
   17.90       1.106    
   18.00       1.094    
   18.10       1.082    
   18.20       1.068    
   18.30       1.053    
   18.40       1.036    
   18.50       1.019    
   18.60       1.001    
   18.70      0.9814    
   18.80      0.9613    
   18.90      0.9403    
   19.00      0.9186    
   19.10      0.8963    
   19.20      0.8735    
   19.30      0.8501    
   19.40      0.8264    
   19.50      0.8024    
   19.60      0.7781    
   19.70      0.7536    
   19.80      0.7291    
   19.90      0.7045    
   20.00      0.6800    
   20.10      0.6556    
   20.20      0.6314    
   20.30      0.6074    
   20.40      0.5837    
   20.50      0.5604    
   20.60      0.5374    
   20.70      0.5149    
   20.80      0.4929    
   20.90      0.4715    
   21.00      0.4506    
   21.10      0.4304    
   21.20      0.4107    
   21.30      0.3918    
   21.40      0.3735    
   21.50      0.3559    
   21.60      0.3391    
   21.70      0.3230    
   21.80      0.3076    
   21.90      0.2930    
   22.00      0.2792    
   22.10      0.2661    
   22.20      0.2537    
   22.30      0.2421    
   22.40      0.2313    
   22.50      0.2212    
   22.60      0.2118    
   22.70      0.2031    
   22.80      0.1951    
   22.90      0.1878    
   23.00      0.1811    
   23.10      0.1751    
   23.20      0.1697    
   23.30      0.1649    
   23.40      0.1606    
   23.50      0.1569    
   23.60      0.1537    
   23.70      0.1510    
   23.80      0.1488    
   23.90      0.1470    
   24.00      0.1456    
   24.10      0.1445    
   24.20      0.1439    
   24.30      0.1435    
   24.40      0.1435    
   24.50      0.1438    
   24.60      0.1443    
   24.70      0.1450    
   24.80      0.1459    
   24.90      0.1470    
   25.00      0.1483    
   25.10      0.1497    
   25.20      0.1511    
   25.30      0.1527    
   25.40      0.1544    
   25.50      0.1561    
   25.60      0.1578    
   25.70      0.1595    
   25.80      0.1613    
   25.90      0.1630    
   26.00      0.1646    
   26.10      0.1663    
   26.20      0.1678    
   26.30      0.1693    
   26.40      0.1707    
   26.50      0.1720    
   26.60      0.1733    
   26.70      0.1743    
   26.80      0.1753    
   26.90      0.1762    
   27.00      0.1769    
   27.10      0.1775    
   27.20      0.1779    
   27.30      0.1782    
   27.40      0.1784    
   27.50      0.1784    
   27.60      0.1783    
   27.70      0.1780    
   27.80      0.1775    
   27.90      0.1769    
   28.00      0.1762    
   28.10      0.1753    
   28.20      0.1743    
   28.30      0.1731    
   28.40      0.1718    
   28.50      0.1704    
   28.60      0.1688    
   28.70      0.1671    
   28.80      0.1653    
   28.90      0.1634    
   29.00      0.1613    
   29.10      0.1592    
   29.20      0.1569    
   29.30      0.1546    
   29.40      0.1522    
   29.50      0.1496    
   29.60      0.1471    
   29.70      0.1444    
   29.80      0.1417    
   29.90      0.1389    
   30.00      0.1360    
   30.10      0.1331    
   30.20      0.1302    
   30.30      0.1272    
   30.40      0.1243    
   30.50      0.1212    
   30.60      0.1182    
   30.70      0.1152    
   30.80      0.1122    
   30.90      0.1091    
   31.00      0.1061    
   31.10      0.1031    
   31.20      0.1002    
   31.30      0.9721E-01
   31.40      0.9429E-01
   31.50      0.9142E-01
   31.60      0.8859E-01
   31.70      0.8580E-01
   31.80      0.8307E-01
   31.90      0.8040E-01
   32.00      0.7779E-01
   32.10      0.7525E-01
   32.20      0.7277E-01
   32.30      0.7037E-01
   32.40      0.6804E-01
   32.50      0.6580E-01
   32.60      0.6363E-01
   32.70      0.6155E-01
   32.80      0.5956E-01
   32.90      0.5766E-01
   33.00      0.5584E-01
   33.10      0.5412E-01
   33.20      0.5250E-01
   33.30      0.5096E-01
   33.40      0.4952E-01
   33.50      0.4818E-01
   33.60      0.4693E-01
   33.70      0.4578E-01
   33.80      0.4472E-01
   33.90      0.4375E-01
   34.00      0.4288E-01
   34.10      0.4209E-01
   34.20      0.4140E-01
   34.30      0.4079E-01
   34.40      0.4027E-01
   34.50      0.3983E-01
   34.60      0.3947E-01
   34.70      0.3919E-01
   34.80      0.3898E-01
   34.90      0.3884E-01
   35.00      0.3877E-01
   35.10      0.3877E-01
   35.20      0.3882E-01
   35.30      0.3894E-01
   35.40      0.3910E-01
   35.50      0.3932E-01
   35.60      0.3958E-01
   35.70      0.3988E-01
   35.80      0.4021E-01
   35.90      0.4058E-01
   36.00      0.4097E-01
   36.10      0.4139E-01
   36.20      0.4183E-01
   36.30      0.4228E-01
   36.40      0.4274E-01
   36.50      0.4321E-01
   36.60      0.4368E-01
   36.70      0.4415E-01
   36.80      0.4461E-01
   36.90      0.4506E-01
   37.00      0.4550E-01
   37.10      0.4592E-01
   37.20      0.4633E-01
   37.30      0.4671E-01
   37.40      0.4706E-01
   37.50      0.4738E-01
   37.60      0.4768E-01
   37.70      0.4794E-01
   37.80      0.4816E-01
   37.90      0.4835E-01
   38.00      0.4850E-01
   38.10      0.4860E-01
   38.20      0.4867E-01
   38.30      0.4869E-01
   38.40      0.4867E-01
   38.50      0.4860E-01
   38.60      0.4849E-01
   38.70      0.4834E-01
   38.80      0.4814E-01
   38.90      0.4789E-01
   39.00      0.4760E-01
   39.10      0.4727E-01
   39.20      0.4690E-01
   39.30      0.4648E-01
   39.40      0.4603E-01
   39.50      0.4554E-01
   39.60      0.4501E-01
   39.70      0.4445E-01
   39.80      0.4385E-01
   39.90      0.4322E-01
   40.00      0.4256E-01
   40.10      0.4188E-01
   40.20      0.4117E-01
   40.30      0.4044E-01
   40.40      0.3969E-01
   40.50      0.3892E-01
   40.60      0.3813E-01
   40.70      0.3733E-01
   40.80      0.3652E-01
   40.90      0.3570E-01
   41.00      0.3487E-01
   41.10      0.3404E-01
   41.20      0.3321E-01
   41.30      0.3238E-01
   41.40      0.3155E-01
   41.50      0.3072E-01
   41.60      0.2990E-01
   41.70      0.2909E-01
   41.80      0.2829E-01
   41.90      0.2750E-01
   42.00      0.2672E-01
   42.10      0.2595E-01
   42.20      0.2520E-01
   42.30      0.2447E-01
   42.40      0.2375E-01
   42.50      0.2306E-01
   42.60      0.2238E-01
   42.70      0.2172E-01
   42.80      0.2109E-01
   42.90      0.2047E-01
   43.00      0.1988E-01
   43.10      0.1931E-01
   43.20      0.1876E-01
   43.30      0.1824E-01
   43.40      0.1773E-01
   43.50      0.1725E-01
   43.60      0.1679E-01
   43.70      0.1636E-01
   43.80      0.1594E-01
   43.90      0.1555E-01
   44.00      0.1518E-01
   44.10      0.1483E-01
   44.20      0.1449E-01
   44.30      0.1418E-01
   44.40      0.1389E-01
   44.50      0.1361E-01
   44.60      0.1336E-01
   44.70      0.1311E-01
   44.80      0.1289E-01
   44.90      0.1268E-01
   45.00      0.1248E-01
   45.10      0.1230E-01
   45.20      0.1213E-01
   45.30      0.1198E-01
   45.40      0.1183E-01
   45.50      0.1170E-01
   45.60      0.1158E-01
   45.70      0.1146E-01
   45.80      0.1136E-01
   45.90      0.1126E-01
   46.00      0.1117E-01
   46.10      0.1109E-01
   46.20      0.1101E-01
   46.30      0.1094E-01
   46.40      0.1088E-01
   46.50      0.1082E-01
   46.60      0.1076E-01
   46.70      0.1071E-01
   46.80      0.1066E-01
   46.90      0.1061E-01
   47.00      0.1056E-01
   47.10      0.1052E-01
   47.20      0.1048E-01
   47.30      0.1044E-01
   47.40      0.1040E-01
   47.50      0.1036E-01
   47.60      0.1032E-01
   47.70      0.1028E-01
   47.80      0.1024E-01
   47.90      0.1020E-01
   48.00      0.1016E-01
   48.10      0.1011E-01
   48.20      0.1007E-01
   48.30      0.1003E-01
   48.40      0.9981E-02
   48.50      0.9933E-02
   48.60      0.9884E-02
   48.70      0.9833E-02
   48.80      0.9779E-02
   48.90      0.9724E-02
   49.00      0.9666E-02
   49.10      0.9607E-02
   49.20      0.9544E-02
   49.30      0.9480E-02
   49.40      0.9413E-02
   49.50      0.9344E-02
   49.60      0.9272E-02
   49.70      0.9197E-02
   49.80      0.9120E-02
   49.90      0.9041E-02
   50.00      0.8959E-02
   50.10      0.8874E-02
   50.20      0.8787E-02
   50.30      0.8698E-02
   50.40      0.8606E-02
   50.50      0.8512E-02
   50.60      0.8415E-02
   50.70      0.8316E-02
   50.80      0.8216E-02
   50.90      0.8113E-02
   51.00      0.8008E-02
   51.10      0.7901E-02
   51.20      0.7793E-02
   51.30      0.7682E-02
   51.40      0.7571E-02
   51.50      0.7458E-02
   51.60      0.7343E-02
   51.70      0.7228E-02
   51.80      0.7111E-02
   51.90      0.6994E-02
   52.00      0.6875E-02
   52.10      0.6757E-02
   52.20      0.6637E-02
   52.30      0.6518E-02
   52.40      0.6398E-02
   52.50      0.6278E-02
   52.60      0.6158E-02
   52.70      0.6038E-02
   52.80      0.5919E-02
   52.90      0.5800E-02
   53.00      0.5682E-02
   53.10      0.5564E-02
   53.20      0.5448E-02
   53.30      0.5332E-02
   53.40      0.5218E-02
   53.50      0.5104E-02
   53.60      0.4993E-02
   53.70      0.4882E-02
   53.80      0.4773E-02
   53.90      0.4666E-02
   54.00      0.4560E-02
   54.10      0.4457E-02
   54.20      0.4355E-02
   54.30      0.4255E-02
   54.40      0.4158E-02
   54.50      0.4062E-02
   54.60      0.3969E-02
   54.70      0.3878E-02
   54.80      0.3789E-02
   54.90      0.3702E-02
   55.00      0.3619E-02
   55.10      0.3537E-02
   55.20      0.3458E-02
   55.30      0.3382E-02
   55.40      0.3308E-02
   55.50      0.3237E-02
   55.60      0.3169E-02
   55.70      0.3103E-02
   55.80      0.3040E-02
   55.90      0.2980E-02
   56.00      0.2922E-02
   56.10      0.2868E-02
   56.20      0.2816E-02
   56.30      0.2766E-02
   56.40      0.2720E-02
   56.50      0.2676E-02
   56.60      0.2635E-02
   56.70      0.2597E-02
   56.80      0.2561E-02
   56.90      0.2528E-02
   57.00      0.2498E-02
   57.10      0.2470E-02
   57.20      0.2444E-02
   57.30      0.2422E-02
   57.40      0.2401E-02
   57.50      0.2383E-02
   57.60      0.2368E-02
   57.70      0.2354E-02
   57.80      0.2343E-02
   57.90      0.2334E-02
   58.00      0.2327E-02
   58.10      0.2322E-02
   58.20      0.2318E-02
   58.30      0.2316E-02
   58.40      0.2316E-02
   58.50      0.2317E-02
   58.60      0.2320E-02
   58.70      0.2323E-02
   58.80      0.2328E-02
   58.90      0.2334E-02
   59.00      0.2340E-02
   59.10      0.2348E-02
   59.20      0.2355E-02
   59.30      0.2364E-02
   59.40      0.2372E-02
   59.50      0.2381E-02
   59.60      0.2390E-02
   59.70      0.2398E-02
   59.80      0.2407E-02
   59.90      0.2415E-02
   60.00      0.2422E-02
   60.10      0.2429E-02
   60.20      0.2436E-02
   60.30      0.2441E-02
   60.40      0.2446E-02
   60.50      0.2450E-02
   60.60      0.2452E-02
   60.70      0.2454E-02
   60.80      0.2454E-02
   60.90      0.2454E-02
   61.00      0.2452E-02
   61.10      0.2448E-02
   61.20      0.2444E-02
   61.30      0.2438E-02
   61.40      0.2430E-02
   61.50      0.2422E-02
   61.60      0.2412E-02
   61.70      0.2400E-02
   61.80      0.2388E-02
   61.90      0.2374E-02
   62.00      0.2359E-02
   62.10      0.2343E-02
   62.20      0.2325E-02
   62.30      0.2307E-02
   62.40      0.2287E-02
   62.50      0.2267E-02
   62.60      0.2246E-02
   62.70      0.2224E-02
   62.80      0.2201E-02
   62.90      0.2178E-02
   63.00      0.2154E-02
   63.10      0.2130E-02
   63.20      0.2105E-02
   63.30      0.2081E-02
   63.40      0.2055E-02
   63.50      0.2030E-02
   63.60      0.2005E-02
   63.70      0.1980E-02
   63.80      0.1955E-02
   63.90      0.1929E-02
   64.00      0.1905E-02
   64.10      0.1880E-02
   64.20      0.1856E-02
   64.30      0.1832E-02
   64.40      0.1808E-02
   64.50      0.1785E-02
   64.60      0.1762E-02
   64.70      0.1739E-02
   64.80      0.1717E-02
   64.90      0.1695E-02
   65.00      0.1674E-02
   65.10      0.1653E-02
   65.20      0.1633E-02
   65.30      0.1613E-02
   65.40      0.1593E-02
   65.50      0.1574E-02
   65.60      0.1555E-02
   65.70      0.1537E-02
   65.80      0.1518E-02
   65.90      0.1500E-02
   66.00      0.1482E-02
   66.10      0.1464E-02
   66.20      0.1447E-02
   66.30      0.1429E-02
   66.40      0.1412E-02
   66.50      0.1394E-02
   66.60      0.1377E-02
   66.70      0.1360E-02
   66.80      0.1342E-02
   66.90      0.1325E-02
   67.00      0.1307E-02
   67.10      0.1290E-02
   67.20      0.1272E-02
   67.30      0.1254E-02
   67.40      0.1237E-02
   67.50      0.1219E-02
   67.60      0.1201E-02
   67.70      0.1183E-02
   67.80      0.1166E-02
   67.90      0.1148E-02
   68.00      0.1130E-02
   68.10      0.1112E-02
   68.20      0.1095E-02
   68.30      0.1077E-02
   68.40      0.1060E-02
   68.50      0.1043E-02
   68.60      0.1026E-02
   68.70      0.1009E-02
   68.80      0.9928E-03
   68.90      0.9769E-03
   69.00      0.9614E-03
   69.10      0.9464E-03
   69.20      0.9318E-03
   69.30      0.9177E-03
   69.40      0.9042E-03
   69.50      0.8912E-03
   69.60      0.8789E-03
   69.70      0.8671E-03
   69.80      0.8560E-03
   69.90      0.8455E-03
   70.00      0.8357E-03
   70.10      0.8266E-03
   70.20      0.8181E-03
   70.30      0.8102E-03
   70.40      0.8030E-03
   70.50      0.7965E-03
   70.60      0.7905E-03
   70.70      0.7852E-03
   70.80      0.7804E-03
   70.90      0.7761E-03
   71.00      0.7724E-03
   71.10      0.7691E-03
   71.20      0.7662E-03
   71.30      0.7638E-03
   71.40      0.7616E-03
   71.50      0.7597E-03
   71.60      0.7581E-03
   71.70      0.7567E-03
   71.80      0.7554E-03
   71.90      0.7542E-03
   72.00      0.7530E-03
   72.10      0.7518E-03
   72.20      0.7506E-03
   72.30      0.7493E-03
   72.40      0.7478E-03
   72.50      0.7461E-03
   72.60      0.7442E-03
   72.70      0.7420E-03
   72.80      0.7396E-03
   72.90      0.7368E-03
   73.00      0.7337E-03
   73.10      0.7302E-03
   73.20      0.7264E-03
   73.30      0.7221E-03
   73.40      0.7175E-03
   73.50      0.7124E-03
   73.60      0.7069E-03
   73.70      0.7011E-03
   73.80      0.6948E-03
   73.90      0.6882E-03
   74.00      0.6812E-03
   74.10      0.6738E-03
   74.20      0.6661E-03
   74.30      0.6582E-03
   74.40      0.6499E-03
   74.50      0.6414E-03
   74.60      0.6327E-03
   74.70      0.6237E-03
   74.80      0.6146E-03
   74.90      0.6054E-03
   75.00      0.5961E-03
   75.10      0.5867E-03
   75.20      0.5773E-03
   75.30      0.5679E-03
   75.40      0.5585E-03
   75.50      0.5491E-03
   75.60      0.5399E-03
   75.70      0.5307E-03
   75.80      0.5216E-03
   75.90      0.5127E-03
   76.00      0.5040E-03
   76.10      0.4954E-03
   76.20      0.4870E-03
   76.30      0.4787E-03
   76.40      0.4707E-03
   76.50      0.4629E-03
   76.60      0.4552E-03
   76.70      0.4478E-03
   76.80      0.4405E-03
   76.90      0.4334E-03
   77.00      0.4265E-03
   77.10      0.4198E-03
   77.20      0.4132E-03
   77.30      0.4068E-03
   77.40      0.4005E-03
   77.50      0.3942E-03
   77.60      0.3881E-03
   77.70      0.3821E-03
   77.80      0.3761E-03
   77.90      0.3702E-03
   78.00      0.3643E-03
   78.10      0.3584E-03
   78.20      0.3526E-03
   78.30      0.3467E-03
   78.40      0.3408E-03
   78.50      0.3349E-03
   78.60      0.3289E-03
   78.70      0.3229E-03
   78.80      0.3168E-03
   78.90      0.3107E-03
   79.00      0.3046E-03
   79.10      0.2984E-03
   79.20      0.2922E-03
   79.30      0.2859E-03
   79.40      0.2796E-03
   79.50      0.2733E-03
   79.60      0.2670E-03
   79.70      0.2607E-03
   79.80      0.2544E-03
   79.90      0.2481E-03
   80.00      0.2419E-03
   80.10      0.2358E-03
   80.20      0.2297E-03
   80.30      0.2238E-03
   80.40      0.2180E-03
   80.50      0.2123E-03
   80.60      0.2067E-03
   80.70      0.2014E-03
   80.80      0.1962E-03
   80.90      0.1912E-03
   81.00      0.1864E-03
   81.10      0.1819E-03
   81.20      0.1776E-03
   81.30      0.1736E-03
   81.40      0.1697E-03
   81.50      0.1662E-03
   81.60      0.1629E-03
   81.70      0.1599E-03
   81.80      0.1571E-03
   81.90      0.1546E-03
   82.00      0.1523E-03
   82.10      0.1502E-03
   82.20      0.1484E-03
   82.30      0.1468E-03
   82.40      0.1455E-03
   82.50      0.1443E-03
   82.60      0.1432E-03
   82.70      0.1424E-03
   82.80      0.1416E-03
   82.90      0.1410E-03
   83.00      0.1405E-03
   83.10      0.1401E-03
   83.20      0.1398E-03
   83.30      0.1395E-03
   83.40      0.1392E-03
   83.50      0.1389E-03
   83.60      0.1386E-03
   83.70      0.1383E-03
   83.80      0.1380E-03
   83.90      0.1376E-03
   84.00      0.1371E-03
   84.10      0.1365E-03
   84.20      0.1359E-03
   84.30      0.1352E-03
   84.40      0.1343E-03
   84.50      0.1334E-03
   84.60      0.1324E-03
   84.70      0.1313E-03
   84.80      0.1300E-03
   84.90      0.1287E-03
   85.00      0.1273E-03
   85.10      0.1258E-03
   85.20      0.1243E-03
   85.30      0.1227E-03
   85.40      0.1210E-03
   85.50      0.1193E-03
   85.60      0.1176E-03
   85.70      0.1160E-03
   85.80      0.1143E-03
   85.90      0.1127E-03
   86.00      0.1111E-03
   86.10      0.1095E-03
   86.20      0.1081E-03
   86.30      0.1068E-03
   86.40      0.1056E-03
   86.50      0.1045E-03
   86.60      0.1035E-03
   86.70      0.1027E-03
   86.80      0.1020E-03
   86.90      0.1016E-03
   87.00      0.1012E-03
   87.10      0.1011E-03
   87.20      0.1011E-03
   87.30      0.1014E-03
   87.40      0.1018E-03
   87.50      0.1023E-03
   87.60      0.1031E-03
   87.70      0.1040E-03
   87.80      0.1050E-03
   87.90      0.1062E-03
   88.00      0.1076E-03
   88.10      0.1090E-03
   88.20      0.1105E-03
   88.30      0.1121E-03
   88.40      0.1138E-03
   88.50      0.1155E-03
   88.60      0.1172E-03
   88.70      0.1190E-03
   88.80      0.1207E-03
   88.90      0.1224E-03
   89.00      0.1241E-03
   89.10      0.1256E-03
   89.20      0.1271E-03
   89.30      0.1285E-03
   89.40      0.1298E-03
   89.50      0.1309E-03
   89.60      0.1319E-03
   89.70      0.1327E-03
   89.80      0.1334E-03
   89.90      0.1339E-03
   90.00      0.1342E-03
   90.10      0.1343E-03
   90.20      0.1342E-03
   90.30      0.1340E-03
   90.40      0.1336E-03
   90.50      0.1330E-03
   90.60      0.1322E-03
   90.70      0.1313E-03
   90.80      0.1302E-03
   90.90      0.1290E-03
   91.00      0.1276E-03
   91.10      0.1262E-03
   91.20      0.1246E-03
   91.30      0.1230E-03
   91.40      0.1213E-03
   91.50      0.1196E-03
   91.60      0.1179E-03
   91.70      0.1162E-03
   91.80      0.1144E-03
   91.90      0.1128E-03
   92.00      0.1111E-03
   92.10      0.1096E-03
   92.20      0.1081E-03
   92.30      0.1067E-03
   92.40      0.1054E-03
   92.50      0.1043E-03
   92.60      0.1033E-03
   92.70      0.1024E-03
   92.80      0.1017E-03
   92.90      0.1011E-03
   93.00      0.1007E-03
   93.10      0.1005E-03
   93.20      0.1004E-03
   93.30      0.1005E-03
   93.40      0.1007E-03
   93.50      0.1011E-03
   93.60      0.1016E-03
   93.70      0.1022E-03
   93.80      0.1030E-03
   93.90      0.1038E-03
   94.00      0.1047E-03
   94.10      0.1057E-03
   94.20      0.1067E-03
   94.30      0.1078E-03
   94.40      0.1089E-03
   94.50      0.1100E-03
   94.60      0.1110E-03
   94.70      0.1121E-03
   94.80      0.1130E-03
   94.90      0.1140E-03
   95.00      0.1148E-03
   95.10      0.1155E-03
   95.20      0.1161E-03
   95.30      0.1166E-03
   95.40      0.1169E-03
   95.50      0.1171E-03
   95.60      0.1171E-03
   95.70      0.1170E-03
   95.80      0.1167E-03
   95.90      0.1162E-03
   96.00      0.1156E-03
   96.10      0.1148E-03
   96.20      0.1138E-03
   96.30      0.1127E-03
   96.40      0.1114E-03
   96.50      0.1100E-03
   96.60      0.1085E-03
   96.70      0.1069E-03
   96.80      0.1051E-03
   96.90      0.1033E-03
   97.00      0.1014E-03
   97.10      0.9948E-04
   97.20      0.9750E-04
   97.30      0.9551E-04
   97.40      0.9352E-04
   97.50      0.9155E-04
   97.60      0.8962E-04
   97.70      0.8774E-04
   97.80      0.8594E-04
   97.90      0.8422E-04
   98.00      0.8261E-04
   98.10      0.8111E-04
   98.20      0.7974E-04
   98.30      0.7852E-04
   98.40      0.7744E-04
   98.50      0.7652E-04
   98.60      0.7576E-04
   98.70      0.7516E-04
   98.80      0.7473E-04
   98.90      0.7447E-04
   99.00      0.7438E-04
   99.10      0.7445E-04
   99.20      0.7467E-04
   99.30      0.7504E-04
   99.40      0.7555E-04
   99.50      0.7618E-04
   99.60      0.7693E-04
   99.70      0.7778E-04
   99.80      0.7871E-04
   99.90      0.7971E-04
   100.0      0.8077E-04
   100.1      0.8186E-04
   100.2      0.8297E-04
   100.3      0.8408E-04
   100.4      0.8517E-04
   100.5      0.8622E-04
   100.6      0.8722E-04
   100.7      0.8815E-04
   100.8      0.8899E-04
   100.9      0.8974E-04
   101.0      0.9036E-04
   101.1      0.9086E-04
   101.2      0.9123E-04
   101.3      0.9144E-04
   101.4      0.9150E-04
   101.5      0.9140E-04
   101.6      0.9113E-04
   101.7      0.9070E-04
   101.8      0.9010E-04
   101.9      0.8933E-04
   102.0      0.8840E-04
   102.1      0.8731E-04
   102.2      0.8608E-04
   102.3      0.8470E-04
   102.4      0.8319E-04
   102.5      0.8156E-04
   102.6      0.7983E-04
   102.7      0.7800E-04
   102.8      0.7609E-04
   102.9      0.7413E-04
   103.0      0.7211E-04
   103.1      0.7007E-04
   103.2      0.6802E-04
   103.3      0.6597E-04
   103.4      0.6395E-04
   103.5      0.6196E-04
   103.6      0.6003E-04
   103.7      0.5817E-04
   103.8      0.5639E-04
   103.9      0.5471E-04
   104.0      0.5314E-04
   104.1      0.5169E-04
   104.2      0.5036E-04
   104.3      0.4917E-04
   104.4      0.4813E-04
   104.5      0.4723E-04
   104.6      0.4647E-04
   104.7      0.4587E-04
   104.8      0.4542E-04
   104.9      0.4511E-04
   105.0      0.4494E-04
   105.1      0.4490E-04
   105.2      0.4499E-04
   105.3      0.4520E-04
   105.4      0.4552E-04
   105.5      0.4593E-04
   105.6      0.4643E-04
   105.7      0.4700E-04
   105.8      0.4762E-04
   105.9      0.4828E-04
   106.0      0.4898E-04
   106.1      0.4968E-04
   106.2      0.5038E-04
   106.3      0.5106E-04
   106.4      0.5171E-04
   106.5      0.5232E-04
   106.6      0.5286E-04
   106.7      0.5334E-04
   106.8      0.5373E-04
   106.9      0.5403E-04
   107.0      0.5423E-04
   107.1      0.5433E-04
   107.2      0.5431E-04
   107.3      0.5417E-04
   107.4      0.5391E-04
   107.5      0.5354E-04
   107.6      0.5304E-04
   107.7      0.5242E-04
   107.8      0.5169E-04
   107.9      0.5085E-04
   108.0      0.4991E-04
   108.1      0.4888E-04
   108.2      0.4776E-04
   108.3      0.4657E-04
   108.4      0.4532E-04
   108.5      0.4402E-04
   108.6      0.4268E-04
   108.7      0.4131E-04
   108.8      0.3994E-04
   108.9      0.3858E-04
   109.0      0.3723E-04
   109.1      0.3592E-04
   109.2      0.3465E-04
   109.3      0.3345E-04
   109.4      0.3231E-04
   109.5      0.3127E-04
   109.6      0.3031E-04
   109.7      0.2946E-04
   109.8      0.2873E-04
   109.9      0.2811E-04
   110.0      0.2762E-04
   110.1      0.2726E-04
   110.2      0.2704E-04
   110.3      0.2695E-04
   110.4      0.2699E-04
   110.5      0.2716E-04
   110.6      0.2746E-04
   110.7      0.2788E-04
   110.8      0.2842E-04
   110.9      0.2906E-04
   111.0      0.2981E-04
   111.1      0.3064E-04
   111.2      0.3155E-04
   111.3      0.3253E-04
   111.4      0.3356E-04
   111.5      0.3463E-04
   111.6      0.3572E-04
   111.7      0.3682E-04
   111.8      0.3792E-04
   111.9      0.3900E-04
   112.0      0.4005E-04
   112.1      0.4106E-04
   112.2      0.4201E-04
   112.3      0.4288E-04
   112.4      0.4368E-04
   112.5      0.4439E-04
   112.6      0.4499E-04
   112.7      0.4549E-04
   112.8      0.4587E-04
   112.9      0.4614E-04
   113.0      0.4628E-04
   113.1      0.4630E-04
   113.2      0.4619E-04
   113.3      0.4596E-04
   113.4      0.4561E-04
   113.5      0.4514E-04
   113.6      0.4457E-04
   113.7      0.4389E-04
   113.8      0.4311E-04
   113.9      0.4225E-04
   114.0      0.4131E-04
   114.1      0.4031E-04
   114.2      0.3926E-04
   114.3      0.3818E-04
   114.4      0.3706E-04
   114.5      0.3594E-04
   114.6      0.3483E-04
   114.7      0.3373E-04
   114.8      0.3266E-04
   114.9      0.3165E-04
   115.0      0.3068E-04
   115.1      0.2980E-04
   115.2      0.2899E-04
   115.3      0.2828E-04
   115.4      0.2767E-04
   115.5      0.2717E-04
   115.6      0.2679E-04
   115.7      0.2653E-04
   115.8      0.2640E-04
   115.9      0.2640E-04
   116.0      0.2653E-04
   116.1      0.2679E-04
   116.2      0.2719E-04
   116.3      0.2770E-04
   116.4      0.2834E-04
   116.5      0.2909E-04
   116.6      0.2995E-04
   116.7      0.3090E-04
   116.8      0.3194E-04
   116.9      0.3305E-04
   117.0      0.3423E-04
   117.1      0.3546E-04
   117.2      0.3672E-04
   117.3      0.3800E-04
   117.4      0.3929E-04
   117.5      0.4058E-04
   117.6      0.4185E-04
   117.7      0.4308E-04
   117.8      0.4426E-04
   117.9      0.4538E-04
   118.0      0.4643E-04
   118.1      0.4739E-04
   118.2      0.4826E-04
   118.3      0.4903E-04
   118.4      0.4968E-04
   118.5      0.5021E-04
   118.6      0.5062E-04
   118.7      0.5090E-04
   118.8      0.5106E-04
   118.9      0.5108E-04
   119.0      0.5097E-04
   119.1      0.5074E-04
   119.2      0.5038E-04
   119.3      0.4991E-04
   119.4      0.4933E-04
   119.5      0.4864E-04
   119.6      0.4787E-04
   119.7      0.4701E-04
   119.8      0.4608E-04
   119.9      0.4509E-04
   120.0      0.4406E-04
   120.1      0.4300E-04
   120.2      0.4193E-04
   120.3      0.4084E-04
   120.4      0.3978E-04
   120.5      0.3873E-04
   120.6      0.3773E-04
   120.7      0.3678E-04
   120.8      0.3589E-04
   120.9      0.3509E-04
   121.0      0.3437E-04
   121.1      0.3375E-04
   121.2      0.3323E-04
   121.3      0.3283E-04
   121.4      0.3255E-04
   121.5      0.3239E-04
   121.6      0.3237E-04
   121.7      0.3247E-04
   121.8      0.3269E-04
   121.9      0.3305E-04
   122.0      0.3353E-04
   122.1      0.3413E-04
   122.2      0.3483E-04
   122.3      0.3565E-04
   122.4      0.3656E-04
   122.5      0.3755E-04
   122.6      0.3862E-04
   122.7      0.3976E-04
   122.8      0.4094E-04
   122.9      0.4215E-04
   123.0      0.4339E-04
   123.1      0.4464E-04
   123.2      0.4588E-04
   123.3      0.4709E-04
   123.4      0.4827E-04
   123.5      0.4940E-04
   123.6      0.5047E-04
   123.7      0.5146E-04
   123.8      0.5236E-04
   123.9      0.5316E-04
   124.0      0.5386E-04
   124.1      0.5444E-04
   124.2      0.5490E-04
   124.3      0.5523E-04
   124.4      0.5542E-04
   124.5      0.5548E-04
   124.6      0.5541E-04
   124.7      0.5519E-04
   124.8      0.5485E-04
   124.9      0.5438E-04
   125.0      0.5378E-04
   125.1      0.5307E-04
   125.2      0.5224E-04
   125.3      0.5132E-04
   125.4      0.5032E-04
   125.5      0.4923E-04
   125.6      0.4808E-04
   125.7      0.4689E-04
   125.8      0.4566E-04
   125.9      0.4440E-04
   126.0      0.4314E-04
   126.1      0.4189E-04
   126.2      0.4067E-04
   126.3      0.3948E-04
   126.4      0.3834E-04
   126.5      0.3728E-04
   126.6      0.3629E-04
   126.7      0.3539E-04
   126.8      0.3459E-04
   126.9      0.3390E-04
   127.0      0.3334E-04
   127.1      0.3289E-04
   127.2      0.3259E-04
   127.3      0.3241E-04
   127.4      0.3238E-04
   127.5      0.3248E-04
   127.6      0.3272E-04
   127.7      0.3309E-04
   127.8      0.3360E-04
   127.9      0.3423E-04
   128.0      0.3498E-04
   128.1      0.3583E-04
   128.2      0.3679E-04
   128.3      0.3783E-04
   128.4      0.3894E-04
   128.5      0.4012E-04
   128.6      0.4134E-04
   128.7      0.4260E-04
   128.8      0.4388E-04
   128.9      0.4516E-04
   129.0      0.4642E-04
   129.1      0.4766E-04
   129.2      0.4886E-04
   129.3      0.5000E-04
   129.4      0.5106E-04
   129.5      0.5205E-04
   129.6      0.5294E-04
   129.7      0.5372E-04
   129.8      0.5438E-04
   129.9      0.5492E-04
   130.0      0.5533E-04
   130.1      0.5560E-04
   130.2      0.5574E-04
   130.3      0.5572E-04
   130.4      0.5557E-04
   130.5      0.5527E-04
   130.6      0.5483E-04
   130.7      0.5425E-04
   130.8      0.5355E-04
   130.9      0.5272E-04
   131.0      0.5178E-04
   131.1      0.5074E-04
   131.2      0.4961E-04
   131.3      0.4839E-04
   131.4      0.4711E-04
   131.5      0.4578E-04
   131.6      0.4441E-04
   131.7      0.4303E-04
   131.8      0.4163E-04
   131.9      0.4024E-04
   132.0      0.3888E-04
   132.1      0.3755E-04
   132.2      0.3628E-04
   132.3      0.3507E-04
   132.4      0.3395E-04
   132.5      0.3292E-04
   132.6      0.3199E-04
   132.7      0.3117E-04
   132.8      0.3047E-04
   132.9      0.2990E-04
   133.0      0.2947E-04
   133.1      0.2917E-04
   133.2      0.2901E-04
   133.3      0.2899E-04
   133.4      0.2911E-04
   133.5      0.2936E-04
   133.6      0.2974E-04
   133.7      0.3025E-04
   133.8      0.3088E-04
   133.9      0.3161E-04
   134.0      0.3245E-04
   134.1      0.3337E-04
   134.2      0.3436E-04
   134.3      0.3542E-04
   134.4      0.3653E-04
   134.5      0.3767E-04
   134.6      0.3883E-04
   134.7      0.3999E-04
   134.8      0.4114E-04
   134.9      0.4227E-04
   135.0      0.4336E-04
   135.1      0.4439E-04
   135.2      0.4536E-04
   135.3      0.4625E-04
   135.4      0.4705E-04
   135.5      0.4775E-04
   135.6      0.4834E-04
   135.7      0.4881E-04
   135.8      0.4916E-04
   135.9      0.4939E-04
   136.0      0.4948E-04
   136.1      0.4945E-04
   136.2      0.4928E-04
   136.3      0.4899E-04
   136.4      0.4858E-04
   136.5      0.4804E-04
   136.6      0.4740E-04
   136.7      0.4665E-04
   136.8      0.4581E-04
   136.9      0.4489E-04
   137.0      0.4389E-04
   137.1      0.4284E-04
   137.2      0.4175E-04
   137.3      0.4063E-04
   137.4      0.3949E-04
   137.5      0.3835E-04
   137.6      0.3723E-04
   137.7      0.3615E-04
   137.8      0.3510E-04
   137.9      0.3412E-04
   138.0      0.3322E-04
   138.1      0.3240E-04
   138.2      0.3168E-04
   138.3      0.3107E-04
   138.4      0.3058E-04
   138.5      0.3021E-04
   138.6      0.2999E-04
   138.7      0.2990E-04
   138.8      0.2995E-04
   138.9      0.3015E-04
   139.0      0.3050E-04
   139.1      0.3099E-04
   139.2      0.3162E-04
   139.3      0.3238E-04
   139.4      0.3327E-04
   139.5      0.3428E-04
   139.6      0.3541E-04
   139.7      0.3663E-04
   139.8      0.3794E-04
   139.9      0.3932E-04
   140.0      0.4076E-04
   140.1      0.4224E-04
   140.2      0.4375E-04
   140.3      0.4528E-04
   140.4      0.4680E-04
   140.5      0.4829E-04
   140.6      0.4975E-04
   140.7      0.5116E-04
   140.8      0.5250E-04
   140.9      0.5376E-04
   141.0      0.5491E-04
   141.1      0.5596E-04
   141.2      0.5689E-04
   141.3      0.5769E-04
   141.4      0.5834E-04
   141.5      0.5885E-04
   141.6      0.5921E-04
   141.7      0.5941E-04
   141.8      0.5945E-04
   141.9      0.5933E-04
   142.0      0.5906E-04
   142.1      0.5864E-04
   142.2      0.5807E-04
   142.3      0.5736E-04
   142.4      0.5652E-04
   142.5      0.5556E-04
   142.6      0.5449E-04
   142.7      0.5332E-04
   142.8      0.5208E-04
   142.9      0.5076E-04
   143.0      0.4940E-04
   143.1      0.4800E-04
   143.2      0.4659E-04
   143.3      0.4517E-04
   143.4      0.4378E-04
   143.5      0.4242E-04
   143.6      0.4111E-04
   143.7      0.3987E-04
   143.8      0.3871E-04
   143.9      0.3765E-04
   144.0      0.3670E-04
   144.1      0.3588E-04
   144.2      0.3518E-04
   144.3      0.3463E-04
   144.4      0.3423E-04
   144.5      0.3399E-04
   144.6      0.3390E-04
   144.7      0.3397E-04
   144.8      0.3421E-04
   144.9      0.3460E-04
   145.0      0.3515E-04
   145.1      0.3586E-04
   145.2      0.3670E-04
   145.3      0.3767E-04
   145.4      0.3877E-04
   145.5      0.3998E-04
   145.6      0.4129E-04
   145.7      0.4268E-04
   145.8      0.4413E-04
   145.9      0.4564E-04
   146.0      0.4718E-04
   146.1      0.4873E-04
   146.2      0.5028E-04
   146.3      0.5181E-04
   146.4      0.5331E-04
   146.5      0.5475E-04
   146.6      0.5612E-04
   146.7      0.5741E-04
   146.8      0.5859E-04
   146.9      0.5966E-04
   147.0      0.6060E-04
   147.1      0.6141E-04
   147.2      0.6207E-04
   147.3      0.6257E-04
   147.4      0.6292E-04
   147.5      0.6311E-04
   147.6      0.6313E-04
   147.7      0.6299E-04
   147.8      0.6269E-04
   147.9      0.6224E-04
   148.0      0.6164E-04
   148.1      0.6089E-04
   148.2      0.6001E-04
   148.3      0.5902E-04
   148.4      0.5791E-04
   148.5      0.5672E-04
   148.6      0.5545E-04
   148.7      0.5412E-04
   148.8      0.5275E-04
   148.9      0.5135E-04
   149.0      0.4995E-04
   149.1      0.4856E-04
   149.2      0.4720E-04
   149.3      0.4590E-04
   149.4      0.4466E-04
   149.5      0.4351E-04
   149.6      0.4246E-04
   149.7      0.4152E-04
   149.8      0.4072E-04
   149.9      0.4006E-04
   150.0      0.3955E-04
   150.1      0.3921E-04
   150.2      0.3904E-04
   150.3      0.3904E-04
   150.4      0.3923E-04
   150.5      0.3959E-04
   150.6      0.4013E-04
   150.7      0.4085E-04
   150.8      0.4174E-04
   150.9      0.4279E-04
   151.0      0.4399E-04
   151.1      0.4534E-04
   151.2      0.4682E-04
   151.3      0.4842E-04
   151.4      0.5011E-04
   151.5      0.5189E-04
   151.6      0.5374E-04
   151.7      0.5563E-04
   151.8      0.5754E-04
   151.9      0.5947E-04
   152.0      0.6138E-04
   152.1      0.6325E-04
   152.2      0.6507E-04
   152.3      0.6682E-04
   152.4      0.6847E-04
   152.5      0.7002E-04
   152.6      0.7144E-04
   152.7      0.7272E-04
   152.8      0.7384E-04
   152.9      0.7480E-04
   153.0      0.7558E-04
   153.1      0.7618E-04
   153.2      0.7659E-04
   153.3      0.7680E-04
   153.4      0.7682E-04
   153.5      0.7665E-04
   153.6      0.7628E-04
   153.7      0.7574E-04
   153.8      0.7501E-04
   153.9      0.7411E-04
   154.0      0.7306E-04
   154.1      0.7187E-04
   154.2      0.7055E-04
   154.3      0.6913E-04
   154.4      0.6761E-04
   154.5      0.6601E-04
   154.6      0.6437E-04
   154.7      0.6270E-04
   154.8      0.6102E-04
   154.9      0.5935E-04
   155.0      0.5771E-04
   155.1      0.5614E-04
   155.2      0.5464E-04
   155.3      0.5323E-04
   155.4      0.5195E-04
   155.5      0.5080E-04
   155.6      0.4980E-04
   155.7      0.4897E-04
   155.8      0.4832E-04
   155.9      0.4786E-04
   156.0      0.4759E-04
   156.1      0.4754E-04
   156.2      0.4769E-04
   156.3      0.4806E-04
   156.4      0.4864E-04
   156.5      0.4942E-04
   156.6      0.5041E-04
   156.7      0.5160E-04
   156.8      0.5297E-04
   156.9      0.5452E-04
   157.0      0.5622E-04
   157.1      0.5807E-04
   157.2      0.6004E-04
   157.3      0.6211E-04
   157.4      0.6428E-04
   157.5      0.6650E-04
   157.6      0.6877E-04
   157.7      0.7105E-04
   157.8      0.7333E-04
   157.9      0.7557E-04
   158.0      0.7777E-04
   158.1      0.7989E-04
   158.2      0.8191E-04
   158.3      0.8381E-04
   158.4      0.8557E-04
   158.5      0.8718E-04
   158.6      0.8862E-04
   158.7      0.8986E-04
   158.8      0.9091E-04
   158.9      0.9175E-04
   159.0      0.9238E-04
   159.1      0.9278E-04
   159.2      0.9295E-04
   159.3      0.9290E-04
   159.4      0.9263E-04
   159.5      0.9214E-04
   159.6      0.9145E-04
   159.7      0.9055E-04
   159.8      0.8947E-04
   159.9      0.8822E-04
   160.0      0.8681E-04
   160.1      0.8527E-04
   160.2      0.8361E-04
   160.3      0.8187E-04
   160.4      0.8005E-04
   160.5      0.7819E-04
   160.6      0.7631E-04
   160.7      0.7444E-04
   160.8      0.7260E-04
   160.9      0.7082E-04
   161.0      0.6912E-04
   161.1      0.6753E-04
   161.2      0.6607E-04
   161.3      0.6476E-04
   161.4      0.6362E-04
   161.5      0.6268E-04
   161.6      0.6195E-04
   161.7      0.6144E-04
   161.8      0.6116E-04
   161.9      0.6113E-04
   162.0      0.6135E-04
   162.1      0.6183E-04
   162.2      0.6257E-04
   162.3      0.6356E-04
   162.4      0.6480E-04
   162.5      0.6629E-04
   162.6      0.6801E-04
   162.7      0.6995E-04
   162.8      0.7210E-04
   162.9      0.7444E-04
   163.0      0.7695E-04
   163.1      0.7961E-04
   163.2      0.8240E-04
   163.3      0.8528E-04
   163.4      0.8824E-04
   163.5      0.9125E-04
   163.6      0.9427E-04
   163.7      0.9729E-04
   163.8      0.1003E-03
   163.9      0.1032E-03
   164.0      0.1060E-03
   164.1      0.1087E-03
   164.2      0.1113E-03
   164.3      0.1137E-03
   164.4      0.1160E-03
   164.5      0.1180E-03
   164.6      0.1198E-03
   164.7      0.1213E-03
   164.8      0.1226E-03
   164.9      0.1237E-03
   165.0      0.1245E-03
   165.1      0.1250E-03
   165.2      0.1253E-03
   165.3      0.1252E-03
   165.4      0.1250E-03
   165.5      0.1244E-03
   165.6      0.1237E-03
   165.7      0.1227E-03
   165.8      0.1215E-03
   165.9      0.1201E-03
   166.0      0.1185E-03
   166.1      0.1168E-03
   166.2      0.1150E-03
   166.3      0.1131E-03
   166.4      0.1111E-03
   166.5      0.1091E-03
   166.6      0.1071E-03
   166.7      0.1051E-03
   166.8      0.1032E-03
   166.9      0.1014E-03
   167.0      0.9968E-04
   167.1      0.9812E-04
   167.2      0.9675E-04
   167.3      0.9557E-04
   167.4      0.9462E-04
   167.5      0.9392E-04
   167.6      0.9349E-04
   167.7      0.9334E-04
   167.8      0.9349E-04
   167.9      0.9395E-04
   168.0      0.9474E-04
   168.1      0.9585E-04
   168.2      0.9728E-04
   168.3      0.9904E-04
   168.4      0.1011E-03
   168.5      0.1035E-03
   168.6      0.1062E-03
   168.7      0.1092E-03
   168.8      0.1125E-03
   168.9      0.1161E-03
   169.0      0.1199E-03
   169.1      0.1239E-03
   169.2      0.1281E-03
   169.3      0.1324E-03
   169.4      0.1370E-03
   169.5      0.1416E-03
   169.6      0.1463E-03
   169.7      0.1511E-03
   169.8      0.1559E-03
   169.9      0.1607E-03
   170.0      0.1655E-03
   170.1      0.1703E-03
   170.2      0.1749E-03
   170.3      0.1795E-03
   170.4      0.1840E-03
   170.5      0.1883E-03
   170.6      0.1925E-03
   170.7      0.1965E-03
   170.8      0.2003E-03
   170.9      0.2039E-03
   171.0      0.2074E-03
   171.1      0.2106E-03
   171.2      0.2136E-03
   171.3      0.2165E-03
   171.4      0.2192E-03
   171.5      0.2216E-03
   171.6      0.2240E-03
   171.7      0.2261E-03
   171.8      0.2281E-03
   171.9      0.2300E-03
   172.0      0.2318E-03
   172.1      0.2336E-03
   172.2      0.2353E-03
   172.3      0.2369E-03
   172.4      0.2385E-03
   172.5      0.2402E-03
   172.6      0.2419E-03
   172.7      0.2437E-03
   172.8      0.2456E-03
   172.9      0.2476E-03
   173.0      0.2498E-03
   173.1      0.2521E-03
   173.2      0.2547E-03
   173.3      0.2574E-03
   173.4      0.2603E-03
   173.5      0.2635E-03
   173.6      0.2669E-03
   173.7      0.2706E-03
   173.8      0.2745E-03
   173.9      0.2787E-03
   174.0      0.2831E-03
   174.1      0.2878E-03
   174.2      0.2927E-03
   174.3      0.2978E-03
   174.4      0.3031E-03
   174.5      0.3086E-03
   174.6      0.3143E-03
   174.7      0.3201E-03
   174.8      0.3261E-03
   174.9      0.3321E-03
   175.0      0.3381E-03
   175.1      0.3442E-03
   175.2      0.3503E-03
   175.3      0.3563E-03
   175.4      0.3622E-03
   175.5      0.3680E-03
   175.6      0.3737E-03
   175.7      0.3791E-03
   175.8      0.3843E-03
   175.9      0.3893E-03
   176.0      0.3939E-03
   176.1      0.3983E-03
   176.2      0.4023E-03
   176.3      0.4059E-03
   176.4      0.4091E-03
   176.5      0.4119E-03
   176.6      0.4143E-03
   176.7      0.4162E-03
   176.8      0.4177E-03
   176.9      0.4188E-03
   177.0      0.4194E-03
   177.1      0.4195E-03
   177.2      0.4192E-03
   177.3      0.4185E-03
   177.4      0.4174E-03
   177.5      0.4159E-03
   177.6      0.4140E-03
   177.7      0.4118E-03
   177.8      0.4092E-03
   177.9      0.4064E-03
   178.0      0.4034E-03
   178.1      0.4001E-03
   178.2      0.3967E-03
   178.3      0.3931E-03
   178.4      0.3895E-03
   178.5      0.3858E-03
   178.6      0.3821E-03
   178.7      0.3785E-03
   178.8      0.3749E-03
   178.9      0.3714E-03
   179.0      0.3681E-03
   179.1      0.3650E-03
   179.2      0.3621E-03
   179.3      0.3595E-03
   179.4      0.3572E-03
   179.5      0.3552E-03
   179.6      0.3535E-03
   179.7      0.3522E-03
   179.8      0.3512E-03
   179.9      0.3506E-03
   180.0      0.3505E-03
 END
