#1801 angles,  1 tensor ranks for 0=projectile
@subtitle   "12C(7Li,6Li)13C @ Ed=42 MeV;"                                                  
@legend ON
@legend x1 0.2
@legend y1 0.8
@g0 type LOGY
@yaxis ticklabel format power
@legend string   0 "Lab energy =   42.0000"
#legend string   0 "Partition=  2 Excit=  3 near/far= 1"
#  Theta       sigma       iT11        T20         T21         T22         Kyy for projectile
   0.000      0.4459E-01
  0.1000      0.4459E-01
  0.2000      0.4460E-01
  0.3000      0.4460E-01
  0.4000      0.4461E-01
  0.5000      0.4463E-01
  0.6000      0.4464E-01
  0.7000      0.4466E-01
  0.8000      0.4468E-01
  0.9000      0.4470E-01
   1.000      0.4472E-01
   1.100      0.4475E-01
   1.200      0.4478E-01
   1.300      0.4481E-01
   1.400      0.4483E-01
   1.500      0.4487E-01
   1.600      0.4490E-01
   1.700      0.4493E-01
   1.800      0.4496E-01
   1.900      0.4499E-01
   2.000      0.4502E-01
   2.100      0.4505E-01
   2.200      0.4508E-01
   2.300      0.4510E-01
   2.400      0.4513E-01
   2.500      0.4515E-01
   2.600      0.4517E-01
   2.700      0.4518E-01
   2.800      0.4519E-01
   2.900      0.4520E-01
   3.000      0.4521E-01
   3.100      0.4521E-01
   3.200      0.4520E-01
   3.300      0.4519E-01
   3.400      0.4518E-01
   3.500      0.4516E-01
   3.600      0.4513E-01
   3.700      0.4510E-01
   3.800      0.4506E-01
   3.900      0.4501E-01
   4.000      0.4496E-01
   4.100      0.4490E-01
   4.200      0.4483E-01
   4.300      0.4476E-01
   4.400      0.4467E-01
   4.500      0.4458E-01
   4.600      0.4449E-01
   4.700      0.4438E-01
   4.800      0.4427E-01
   4.900      0.4414E-01
   5.000      0.4401E-01
   5.100      0.4388E-01
   5.200      0.4373E-01
   5.300      0.4357E-01
   5.400      0.4341E-01
   5.500      0.4324E-01
   5.600      0.4306E-01
   5.700      0.4287E-01
   5.800      0.4268E-01
   5.900      0.4247E-01
   6.000      0.4226E-01
   6.100      0.4205E-01
   6.200      0.4182E-01
   6.300      0.4159E-01
   6.400      0.4135E-01
   6.500      0.4110E-01
   6.600      0.4085E-01
   6.700      0.4059E-01
   6.800      0.4032E-01
   6.900      0.4005E-01
   7.000      0.3977E-01
   7.100      0.3949E-01
   7.200      0.3920E-01
   7.300      0.3890E-01
   7.400      0.3860E-01
   7.500      0.3830E-01
   7.600      0.3799E-01
   7.700      0.3768E-01
   7.800      0.3736E-01
   7.900      0.3704E-01
   8.000      0.3672E-01
   8.100      0.3639E-01
   8.200      0.3606E-01
   8.300      0.3573E-01
   8.400      0.3539E-01
   8.500      0.3505E-01
   8.600      0.3471E-01
   8.700      0.3437E-01
   8.800      0.3402E-01
   8.900      0.3367E-01
   9.000      0.3333E-01
   9.100      0.3298E-01
   9.200      0.3262E-01
   9.300      0.3227E-01
   9.400      0.3192E-01
   9.500      0.3156E-01
   9.600      0.3121E-01
   9.700      0.3085E-01
   9.800      0.3050E-01
   9.900      0.3014E-01
   10.00      0.2979E-01
   10.10      0.2943E-01
   10.20      0.2907E-01
   10.30      0.2871E-01
   10.40      0.2836E-01
   10.50      0.2800E-01
   10.60      0.2764E-01
   10.70      0.2729E-01
   10.80      0.2693E-01
   10.90      0.2657E-01
   11.00      0.2622E-01
   11.10      0.2586E-01
   11.20      0.2551E-01
   11.30      0.2515E-01
   11.40      0.2480E-01
   11.50      0.2445E-01
   11.60      0.2409E-01
   11.70      0.2374E-01
   11.80      0.2339E-01
   11.90      0.2304E-01
   12.00      0.2269E-01
   12.10      0.2235E-01
   12.20      0.2200E-01
   12.30      0.2165E-01
   12.40      0.2131E-01
   12.50      0.2097E-01
   12.60      0.2062E-01
   12.70      0.2028E-01
   12.80      0.1995E-01
   12.90      0.1961E-01
   13.00      0.1928E-01
   13.10      0.1894E-01
   13.20      0.1861E-01
   13.30      0.1828E-01
   13.40      0.1796E-01
   13.50      0.1763E-01
   13.60      0.1731E-01
   13.70      0.1699E-01
   13.80      0.1668E-01
   13.90      0.1636E-01
   14.00      0.1605E-01
   14.10      0.1575E-01
   14.20      0.1544E-01
   14.30      0.1515E-01
   14.40      0.1485E-01
   14.50      0.1456E-01
   14.60      0.1427E-01
   14.70      0.1398E-01
   14.80      0.1370E-01
   14.90      0.1343E-01
   15.00      0.1316E-01
   15.10      0.1289E-01
   15.20      0.1263E-01
   15.30      0.1237E-01
   15.40      0.1212E-01
   15.50      0.1187E-01
   15.60      0.1163E-01
   15.70      0.1139E-01
   15.80      0.1116E-01
   15.90      0.1093E-01
   16.00      0.1071E-01
   16.10      0.1050E-01
   16.20      0.1029E-01
   16.30      0.1008E-01
   16.40      0.9887E-02
   16.50      0.9695E-02
   16.60      0.9508E-02
   16.70      0.9328E-02
   16.80      0.9153E-02
   16.90      0.8984E-02
   17.00      0.8820E-02
   17.10      0.8663E-02
   17.20      0.8511E-02
   17.30      0.8365E-02
   17.40      0.8225E-02
   17.50      0.8090E-02
   17.60      0.7961E-02
   17.70      0.7837E-02
   17.80      0.7718E-02
   17.90      0.7605E-02
   18.00      0.7497E-02
   18.10      0.7394E-02
   18.20      0.7296E-02
   18.30      0.7202E-02
   18.40      0.7114E-02
   18.50      0.7029E-02
   18.60      0.6949E-02
   18.70      0.6874E-02
   18.80      0.6802E-02
   18.90      0.6735E-02
   19.00      0.6671E-02
   19.10      0.6610E-02
   19.20      0.6554E-02
   19.30      0.6500E-02
   19.40      0.6449E-02
   19.50      0.6402E-02
   19.60      0.6357E-02
   19.70      0.6315E-02
   19.80      0.6275E-02
   19.90      0.6237E-02
   20.00      0.6201E-02
   20.10      0.6167E-02
   20.20      0.6135E-02
   20.30      0.6105E-02
   20.40      0.6076E-02
   20.50      0.6048E-02
   20.60      0.6021E-02
   20.70      0.5996E-02
   20.80      0.5971E-02
   20.90      0.5947E-02
   21.00      0.5923E-02
   21.10      0.5900E-02
   21.20      0.5877E-02
   21.30      0.5854E-02
   21.40      0.5831E-02
   21.50      0.5809E-02
   21.60      0.5786E-02
   21.70      0.5763E-02
   21.80      0.5740E-02
   21.90      0.5716E-02
   22.00      0.5692E-02
   22.10      0.5668E-02
   22.20      0.5643E-02
   22.30      0.5618E-02
   22.40      0.5591E-02
   22.50      0.5565E-02
   22.60      0.5537E-02
   22.70      0.5509E-02
   22.80      0.5480E-02
   22.90      0.5451E-02
   23.00      0.5420E-02
   23.10      0.5389E-02
   23.20      0.5357E-02
   23.30      0.5325E-02
   23.40      0.5292E-02
   23.50      0.5257E-02
   23.60      0.5223E-02
   23.70      0.5187E-02
   23.80      0.5151E-02
   23.90      0.5115E-02
   24.00      0.5077E-02
   24.10      0.5039E-02
   24.20      0.5001E-02
   24.30      0.4962E-02
   24.40      0.4922E-02
   24.50      0.4882E-02
   24.60      0.4842E-02
   24.70      0.4801E-02
   24.80      0.4760E-02
   24.90      0.4719E-02
   25.00      0.4677E-02
   25.10      0.4635E-02
   25.20      0.4593E-02
   25.30      0.4551E-02
   25.40      0.4508E-02
   25.50      0.4466E-02
   25.60      0.4423E-02
   25.70      0.4381E-02
   25.80      0.4338E-02
   25.90      0.4295E-02
   26.00      0.4252E-02
   26.10      0.4209E-02
   26.20      0.4167E-02
   26.30      0.4124E-02
   26.40      0.4082E-02
   26.50      0.4039E-02
   26.60      0.3997E-02
   26.70      0.3954E-02
   26.80      0.3912E-02
   26.90      0.3870E-02
   27.00      0.3828E-02
   27.10      0.3786E-02
   27.20      0.3745E-02
   27.30      0.3703E-02
   27.40      0.3662E-02
   27.50      0.3620E-02
   27.60      0.3579E-02
   27.70      0.3538E-02
   27.80      0.3497E-02
   27.90      0.3456E-02
   28.00      0.3415E-02
   28.10      0.3375E-02
   28.20      0.3334E-02
   28.30      0.3293E-02
   28.40      0.3253E-02
   28.50      0.3213E-02
   28.60      0.3172E-02
   28.70      0.3132E-02
   28.80      0.3092E-02
   28.90      0.3052E-02
   29.00      0.3012E-02
   29.10      0.2972E-02
   29.20      0.2932E-02
   29.30      0.2892E-02
   29.40      0.2852E-02
   29.50      0.2812E-02
   29.60      0.2772E-02
   29.70      0.2733E-02
   29.80      0.2693E-02
   29.90      0.2654E-02
   30.00      0.2614E-02
   30.10      0.2575E-02
   30.20      0.2536E-02
   30.30      0.2497E-02
   30.40      0.2458E-02
   30.50      0.2420E-02
   30.60      0.2381E-02
   30.70      0.2343E-02
   30.80      0.2305E-02
   30.90      0.2267E-02
   31.00      0.2230E-02
   31.10      0.2192E-02
   31.20      0.2156E-02
   31.30      0.2119E-02
   31.40      0.2083E-02
   31.50      0.2047E-02
   31.60      0.2012E-02
   31.70      0.1977E-02
   31.80      0.1943E-02
   31.90      0.1909E-02
   32.00      0.1876E-02
   32.10      0.1843E-02
   32.20      0.1811E-02
   32.30      0.1780E-02
   32.40      0.1749E-02
   32.50      0.1719E-02
   32.60      0.1689E-02
   32.70      0.1660E-02
   32.80      0.1632E-02
   32.90      0.1605E-02
   33.00      0.1578E-02
   33.10      0.1553E-02
   33.20      0.1527E-02
   33.30      0.1503E-02
   33.40      0.1480E-02
   33.50      0.1457E-02
   33.60      0.1435E-02
   33.70      0.1414E-02
   33.80      0.1394E-02
   33.90      0.1375E-02
   34.00      0.1357E-02
   34.10      0.1339E-02
   34.20      0.1322E-02
   34.30      0.1306E-02
   34.40      0.1291E-02
   34.50      0.1277E-02
   34.60      0.1263E-02
   34.70      0.1250E-02
   34.80      0.1238E-02
   34.90      0.1227E-02
   35.00      0.1216E-02
   35.10      0.1206E-02
   35.20      0.1197E-02
   35.30      0.1188E-02
   35.40      0.1180E-02
   35.50      0.1173E-02
   35.60      0.1166E-02
   35.70      0.1159E-02
   35.80      0.1153E-02
   35.90      0.1148E-02
   36.00      0.1143E-02
   36.10      0.1138E-02
   36.20      0.1134E-02
   36.30      0.1130E-02
   36.40      0.1127E-02
   36.50      0.1123E-02
   36.60      0.1120E-02
   36.70      0.1118E-02
   36.80      0.1115E-02
   36.90      0.1112E-02
   37.00      0.1110E-02
   37.10      0.1108E-02
   37.20      0.1105E-02
   37.30      0.1103E-02
   37.40      0.1101E-02
   37.50      0.1098E-02
   37.60      0.1096E-02
   37.70      0.1094E-02
   37.80      0.1091E-02
   37.90      0.1088E-02
   38.00      0.1086E-02
   38.10      0.1082E-02
   38.20      0.1079E-02
   38.30      0.1076E-02
   38.40      0.1072E-02
   38.50      0.1068E-02
   38.60      0.1064E-02
   38.70      0.1060E-02
   38.80      0.1055E-02
   38.90      0.1050E-02
   39.00      0.1045E-02
   39.10      0.1040E-02
   39.20      0.1034E-02
   39.30      0.1028E-02
   39.40      0.1021E-02
   39.50      0.1015E-02
   39.60      0.1008E-02
   39.70      0.1001E-02
   39.80      0.9936E-03
   39.90      0.9859E-03
   40.00      0.9781E-03
   40.10      0.9699E-03
   40.20      0.9616E-03
   40.30      0.9531E-03
   40.40      0.9443E-03
   40.50      0.9354E-03
   40.60      0.9263E-03
   40.70      0.9170E-03
   40.80      0.9076E-03
   40.90      0.8981E-03
   41.00      0.8885E-03
   41.10      0.8787E-03
   41.20      0.8689E-03
   41.30      0.8590E-03
   41.40      0.8491E-03
   41.50      0.8391E-03
   41.60      0.8291E-03
   41.70      0.8191E-03
   41.80      0.8091E-03
   41.90      0.7991E-03
   42.00      0.7892E-03
   42.10      0.7793E-03
   42.20      0.7695E-03
   42.30      0.7597E-03
   42.40      0.7501E-03
   42.50      0.7405E-03
   42.60      0.7310E-03
   42.70      0.7217E-03
   42.80      0.7124E-03
   42.90      0.7033E-03
   43.00      0.6943E-03
   43.10      0.6855E-03
   43.20      0.6768E-03
   43.30      0.6683E-03
   43.40      0.6599E-03
   43.50      0.6516E-03
   43.60      0.6435E-03
   43.70      0.6355E-03
   43.80      0.6277E-03
   43.90      0.6201E-03
   44.00      0.6126E-03
   44.10      0.6052E-03
   44.20      0.5980E-03
   44.30      0.5909E-03
   44.40      0.5840E-03
   44.50      0.5771E-03
   44.60      0.5704E-03
   44.70      0.5639E-03
   44.80      0.5574E-03
   44.90      0.5510E-03
   45.00      0.5447E-03
   45.10      0.5385E-03
   45.20      0.5324E-03
   45.30      0.5264E-03
   45.40      0.5204E-03
   45.50      0.5145E-03
   45.60      0.5086E-03
   45.70      0.5028E-03
   45.80      0.4970E-03
   45.90      0.4913E-03
   46.00      0.4856E-03
   46.10      0.4799E-03
   46.20      0.4742E-03
   46.30      0.4685E-03
   46.40      0.4628E-03
   46.50      0.4572E-03
   46.60      0.4515E-03
   46.70      0.4458E-03
   46.80      0.4401E-03
   46.90      0.4344E-03
   47.00      0.4286E-03
   47.10      0.4229E-03
   47.20      0.4171E-03
   47.30      0.4113E-03
   47.40      0.4055E-03
   47.50      0.3997E-03
   47.60      0.3938E-03
   47.70      0.3880E-03
   47.80      0.3821E-03
   47.90      0.3762E-03
   48.00      0.3703E-03
   48.10      0.3644E-03
   48.20      0.3586E-03
   48.30      0.3527E-03
   48.40      0.3469E-03
   48.50      0.3410E-03
   48.60      0.3352E-03
   48.70      0.3295E-03
   48.80      0.3237E-03
   48.90      0.3180E-03
   49.00      0.3124E-03
   49.10      0.3069E-03
   49.20      0.3014E-03
   49.30      0.2959E-03
   49.40      0.2906E-03
   49.50      0.2854E-03
   49.60      0.2802E-03
   49.70      0.2752E-03
   49.80      0.2703E-03
   49.90      0.2654E-03
   50.00      0.2608E-03
   50.10      0.2562E-03
   50.20      0.2518E-03
   50.30      0.2475E-03
   50.40      0.2434E-03
   50.50      0.2395E-03
   50.60      0.2356E-03
   50.70      0.2320E-03
   50.80      0.2285E-03
   50.90      0.2252E-03
   51.00      0.2221E-03
   51.10      0.2191E-03
   51.20      0.2163E-03
   51.30      0.2137E-03
   51.40      0.2112E-03
   51.50      0.2090E-03
   51.60      0.2069E-03
   51.70      0.2049E-03
   51.80      0.2032E-03
   51.90      0.2016E-03
   52.00      0.2001E-03
   52.10      0.1989E-03
   52.20      0.1977E-03
   52.30      0.1968E-03
   52.40      0.1960E-03
   52.50      0.1953E-03
   52.60      0.1947E-03
   52.70      0.1943E-03
   52.80      0.1940E-03
   52.90      0.1938E-03
   53.00      0.1937E-03
   53.10      0.1937E-03
   53.20      0.1938E-03
   53.30      0.1940E-03
   53.40      0.1942E-03
   53.50      0.1945E-03
   53.60      0.1949E-03
   53.70      0.1953E-03
   53.80      0.1957E-03
   53.90      0.1962E-03
   54.00      0.1967E-03
   54.10      0.1972E-03
   54.20      0.1977E-03
   54.30      0.1982E-03
   54.40      0.1987E-03
   54.50      0.1991E-03
   54.60      0.1996E-03
   54.70      0.1999E-03
   54.80      0.2003E-03
   54.90      0.2006E-03
   55.00      0.2008E-03
   55.10      0.2010E-03
   55.20      0.2011E-03
   55.30      0.2011E-03
   55.40      0.2011E-03
   55.50      0.2009E-03
   55.60      0.2007E-03
   55.70      0.2004E-03
   55.80      0.2000E-03
   55.90      0.1995E-03
   56.00      0.1989E-03
   56.10      0.1982E-03
   56.20      0.1974E-03
   56.30      0.1965E-03
   56.40      0.1955E-03
   56.50      0.1944E-03
   56.60      0.1932E-03
   56.70      0.1920E-03
   56.80      0.1906E-03
   56.90      0.1891E-03
   57.00      0.1876E-03
   57.10      0.1859E-03
   57.20      0.1842E-03
   57.30      0.1824E-03
   57.40      0.1805E-03
   57.50      0.1786E-03
   57.60      0.1766E-03
   57.70      0.1745E-03
   57.80      0.1724E-03
   57.90      0.1703E-03
   58.00      0.1681E-03
   58.10      0.1658E-03
   58.20      0.1635E-03
   58.30      0.1612E-03
   58.40      0.1589E-03
   58.50      0.1566E-03
   58.60      0.1542E-03
   58.70      0.1519E-03
   58.80      0.1495E-03
   58.90      0.1472E-03
   59.00      0.1449E-03
   59.10      0.1426E-03
   59.20      0.1403E-03
   59.30      0.1380E-03
   59.40      0.1358E-03
   59.50      0.1336E-03
   59.60      0.1314E-03
   59.70      0.1293E-03
   59.80      0.1272E-03
   59.90      0.1252E-03
   60.00      0.1232E-03
   60.10      0.1213E-03
   60.20      0.1195E-03
   60.30      0.1177E-03
   60.40      0.1159E-03
   60.50      0.1143E-03
   60.60      0.1127E-03
   60.70      0.1111E-03
   60.80      0.1096E-03
   60.90      0.1082E-03
   61.00      0.1068E-03
   61.10      0.1055E-03
   61.20      0.1042E-03
   61.30      0.1030E-03
   61.40      0.1019E-03
   61.50      0.1008E-03
   61.60      0.9980E-04
   61.70      0.9882E-04
   61.80      0.9789E-04
   61.90      0.9700E-04
   62.00      0.9615E-04
   62.10      0.9534E-04
   62.20      0.9457E-04
   62.30      0.9383E-04
   62.40      0.9312E-04
   62.50      0.9243E-04
   62.60      0.9177E-04
   62.70      0.9113E-04
   62.80      0.9050E-04
   62.90      0.8988E-04
   63.00      0.8927E-04
   63.10      0.8867E-04
   63.20      0.8807E-04
   63.30      0.8748E-04
   63.40      0.8687E-04
   63.50      0.8626E-04
   63.60      0.8564E-04
   63.70      0.8501E-04
   63.80      0.8437E-04
   63.90      0.8371E-04
   64.00      0.8303E-04
   64.10      0.8233E-04
   64.20      0.8161E-04
   64.30      0.8087E-04
   64.40      0.8010E-04
   64.50      0.7931E-04
   64.60      0.7849E-04
   64.70      0.7765E-04
   64.80      0.7678E-04
   64.90      0.7588E-04
   65.00      0.7495E-04
   65.10      0.7400E-04
   65.20      0.7303E-04
   65.30      0.7203E-04
   65.40      0.7101E-04
   65.50      0.6996E-04
   65.60      0.6889E-04
   65.70      0.6781E-04
   65.80      0.6670E-04
   65.90      0.6559E-04
   66.00      0.6445E-04
   66.10      0.6331E-04
   66.20      0.6216E-04
   66.30      0.6100E-04
   66.40      0.5984E-04
   66.50      0.5867E-04
   66.60      0.5751E-04
   66.70      0.5635E-04
   66.80      0.5519E-04
   66.90      0.5405E-04
   67.00      0.5291E-04
   67.10      0.5179E-04
   67.20      0.5069E-04
   67.30      0.4961E-04
   67.40      0.4855E-04
   67.50      0.4751E-04
   67.60      0.4650E-04
   67.70      0.4552E-04
   67.80      0.4457E-04
   67.90      0.4365E-04
   68.00      0.4277E-04
   68.10      0.4192E-04
   68.20      0.4112E-04
   68.30      0.4035E-04
   68.40      0.3962E-04
   68.50      0.3894E-04
   68.60      0.3830E-04
   68.70      0.3770E-04
   68.80      0.3715E-04
   68.90      0.3664E-04
   69.00      0.3618E-04
   69.10      0.3576E-04
   69.20      0.3539E-04
   69.30      0.3506E-04
   69.40      0.3477E-04
   69.50      0.3453E-04
   69.60      0.3433E-04
   69.70      0.3418E-04
   69.80      0.3406E-04
   69.90      0.3398E-04
   70.00      0.3394E-04
   70.10      0.3393E-04
   70.20      0.3396E-04
   70.30      0.3403E-04
   70.40      0.3412E-04
   70.50      0.3424E-04
   70.60      0.3438E-04
   70.70      0.3455E-04
   70.80      0.3474E-04
   70.90      0.3495E-04
   71.00      0.3518E-04
   71.10      0.3542E-04
   71.20      0.3568E-04
   71.30      0.3594E-04
   71.40      0.3621E-04
   71.50      0.3648E-04
   71.60      0.3676E-04
   71.70      0.3703E-04
   71.80      0.3731E-04
   71.90      0.3757E-04
   72.00      0.3783E-04
   72.10      0.3809E-04
   72.20      0.3833E-04
   72.30      0.3855E-04
   72.40      0.3876E-04
   72.50      0.3896E-04
   72.60      0.3913E-04
   72.70      0.3929E-04
   72.80      0.3942E-04
   72.90      0.3954E-04
   73.00      0.3962E-04
   73.10      0.3969E-04
   73.20      0.3972E-04
   73.30      0.3974E-04
   73.40      0.3972E-04
   73.50      0.3968E-04
   73.60      0.3960E-04
   73.70      0.3951E-04
   73.80      0.3938E-04
   73.90      0.3922E-04
   74.00      0.3904E-04
   74.10      0.3883E-04
   74.20      0.3860E-04
   74.30      0.3834E-04
   74.40      0.3805E-04
   74.50      0.3774E-04
   74.60      0.3741E-04
   74.70      0.3705E-04
   74.80      0.3667E-04
   74.90      0.3628E-04
   75.00      0.3586E-04
   75.10      0.3543E-04
   75.20      0.3498E-04
   75.30      0.3452E-04
   75.40      0.3405E-04
   75.50      0.3356E-04
   75.60      0.3307E-04
   75.70      0.3256E-04
   75.80      0.3205E-04
   75.90      0.3154E-04
   76.00      0.3103E-04
   76.10      0.3051E-04
   76.20      0.2999E-04
   76.30      0.2948E-04
   76.40      0.2896E-04
   76.50      0.2846E-04
   76.60      0.2795E-04
   76.70      0.2746E-04
   76.80      0.2698E-04
   76.90      0.2650E-04
   77.00      0.2604E-04
   77.10      0.2558E-04
   77.20      0.2515E-04
   77.30      0.2472E-04
   77.40      0.2431E-04
   77.50      0.2391E-04
   77.60      0.2353E-04
   77.70      0.2317E-04
   77.80      0.2283E-04
   77.90      0.2250E-04
   78.00      0.2219E-04
   78.10      0.2189E-04
   78.20      0.2162E-04
   78.30      0.2136E-04
   78.40      0.2112E-04
   78.50      0.2089E-04
   78.60      0.2068E-04
   78.70      0.2049E-04
   78.80      0.2032E-04
   78.90      0.2016E-04
   79.00      0.2001E-04
   79.10      0.1988E-04
   79.20      0.1976E-04
   79.30      0.1965E-04
   79.40      0.1956E-04
   79.50      0.1948E-04
   79.60      0.1940E-04
   79.70      0.1934E-04
   79.80      0.1928E-04
   79.90      0.1923E-04
   80.00      0.1918E-04
   80.10      0.1915E-04
   80.20      0.1911E-04
   80.30      0.1908E-04
   80.40      0.1905E-04
   80.50      0.1902E-04
   80.60      0.1899E-04
   80.70      0.1895E-04
   80.80      0.1892E-04
   80.90      0.1889E-04
   81.00      0.1885E-04
   81.10      0.1880E-04
   81.20      0.1876E-04
   81.30      0.1870E-04
   81.40      0.1864E-04
   81.50      0.1858E-04
   81.60      0.1850E-04
   81.70      0.1842E-04
   81.80      0.1833E-04
   81.90      0.1823E-04
   82.00      0.1813E-04
   82.10      0.1801E-04
   82.20      0.1789E-04
   82.30      0.1775E-04
   82.40      0.1761E-04
   82.50      0.1746E-04
   82.60      0.1730E-04
   82.70      0.1713E-04
   82.80      0.1695E-04
   82.90      0.1676E-04
   83.00      0.1657E-04
   83.10      0.1637E-04
   83.20      0.1616E-04
   83.30      0.1595E-04
   83.40      0.1573E-04
   83.50      0.1550E-04
   83.60      0.1527E-04
   83.70      0.1503E-04
   83.80      0.1479E-04
   83.90      0.1455E-04
   84.00      0.1430E-04
   84.10      0.1405E-04
   84.20      0.1381E-04
   84.30      0.1356E-04
   84.40      0.1331E-04
   84.50      0.1306E-04
   84.60      0.1281E-04
   84.70      0.1256E-04
   84.80      0.1232E-04
   84.90      0.1208E-04
   85.00      0.1185E-04
   85.10      0.1161E-04
   85.20      0.1139E-04
   85.30      0.1117E-04
   85.40      0.1095E-04
   85.50      0.1074E-04
   85.60      0.1054E-04
   85.70      0.1034E-04
   85.80      0.1015E-04
   85.90      0.9968E-05
   86.00      0.9794E-05
   86.10      0.9628E-05
   86.20      0.9470E-05
   86.30      0.9320E-05
   86.40      0.9178E-05
   86.50      0.9045E-05
   86.60      0.8920E-05
   86.70      0.8803E-05
   86.80      0.8694E-05
   86.90      0.8594E-05
   87.00      0.8501E-05
   87.10      0.8416E-05
   87.20      0.8339E-05
   87.30      0.8268E-05
   87.40      0.8205E-05
   87.50      0.8149E-05
   87.60      0.8100E-05
   87.70      0.8056E-05
   87.80      0.8018E-05
   87.90      0.7986E-05
   88.00      0.7959E-05
   88.10      0.7937E-05
   88.20      0.7919E-05
   88.30      0.7905E-05
   88.40      0.7895E-05
   88.50      0.7887E-05
   88.60      0.7883E-05
   88.70      0.7881E-05
   88.80      0.7882E-05
   88.90      0.7884E-05
   89.00      0.7887E-05
   89.10      0.7891E-05
   89.20      0.7896E-05
   89.30      0.7902E-05
   89.40      0.7908E-05
   89.50      0.7913E-05
   89.60      0.7918E-05
   89.70      0.7922E-05
   89.80      0.7926E-05
   89.90      0.7928E-05
   90.00      0.7929E-05
   90.10      0.7929E-05
   90.20      0.7927E-05
   90.30      0.7923E-05
   90.40      0.7918E-05
   90.50      0.7910E-05
   90.60      0.7901E-05
   90.70      0.7890E-05
   90.80      0.7877E-05
   90.90      0.7862E-05
   91.00      0.7845E-05
   91.10      0.7826E-05
   91.20      0.7806E-05
   91.30      0.7783E-05
   91.40      0.7759E-05
   91.50      0.7734E-05
   91.60      0.7707E-05
   91.70      0.7678E-05
   91.80      0.7649E-05
   91.90      0.7618E-05
   92.00      0.7587E-05
   92.10      0.7555E-05
   92.20      0.7522E-05
   92.30      0.7488E-05
   92.40      0.7455E-05
   92.50      0.7421E-05
   92.60      0.7387E-05
   92.70      0.7353E-05
   92.80      0.7320E-05
   92.90      0.7287E-05
   93.00      0.7254E-05
   93.10      0.7222E-05
   93.20      0.7191E-05
   93.30      0.7160E-05
   93.40      0.7131E-05
   93.50      0.7102E-05
   93.60      0.7075E-05
   93.70      0.7049E-05
   93.80      0.7023E-05
   93.90      0.6999E-05
   94.00      0.6976E-05
   94.10      0.6955E-05
   94.20      0.6934E-05
   94.30      0.6915E-05
   94.40      0.6897E-05
   94.50      0.6879E-05
   94.60      0.6863E-05
   94.70      0.6848E-05
   94.80      0.6833E-05
   94.90      0.6820E-05
   95.00      0.6807E-05
   95.10      0.6794E-05
   95.20      0.6782E-05
   95.30      0.6770E-05
   95.40      0.6759E-05
   95.50      0.6747E-05
   95.60      0.6735E-05
   95.70      0.6723E-05
   95.80      0.6711E-05
   95.90      0.6697E-05
   96.00      0.6684E-05
   96.10      0.6669E-05
   96.20      0.6653E-05
   96.30      0.6636E-05
   96.40      0.6618E-05
   96.50      0.6598E-05
   96.60      0.6577E-05
   96.70      0.6554E-05
   96.80      0.6529E-05
   96.90      0.6503E-05
   97.00      0.6474E-05
   97.10      0.6443E-05
   97.20      0.6410E-05
   97.30      0.6375E-05
   97.40      0.6337E-05
   97.50      0.6298E-05
   97.60      0.6256E-05
   97.70      0.6211E-05
   97.80      0.6164E-05
   97.90      0.6115E-05
   98.00      0.6064E-05
   98.10      0.6010E-05
   98.20      0.5955E-05
   98.30      0.5897E-05
   98.40      0.5837E-05
   98.50      0.5776E-05
   98.60      0.5712E-05
   98.70      0.5647E-05
   98.80      0.5581E-05
   98.90      0.5513E-05
   99.00      0.5444E-05
   99.10      0.5374E-05
   99.20      0.5303E-05
   99.30      0.5231E-05
   99.40      0.5160E-05
   99.50      0.5088E-05
   99.60      0.5016E-05
   99.70      0.4944E-05
   99.80      0.4872E-05
   99.90      0.4801E-05
   100.0      0.4731E-05
   100.1      0.4663E-05
   100.2      0.4595E-05
   100.3      0.4529E-05
   100.4      0.4464E-05
   100.5      0.4402E-05
   100.6      0.4341E-05
   100.7      0.4283E-05
   100.8      0.4227E-05
   100.9      0.4174E-05
   101.0      0.4123E-05
   101.1      0.4075E-05
   101.2      0.4030E-05
   101.3      0.3988E-05
   101.4      0.3950E-05
   101.5      0.3914E-05
   101.6      0.3882E-05
   101.7      0.3853E-05
   101.8      0.3827E-05
   101.9      0.3805E-05
   102.0      0.3786E-05
   102.1      0.3770E-05
   102.2      0.3758E-05
   102.3      0.3748E-05
   102.4      0.3742E-05
   102.5      0.3738E-05
   102.6      0.3738E-05
   102.7      0.3740E-05
   102.8      0.3744E-05
   102.9      0.3751E-05
   103.0      0.3760E-05
   103.1      0.3770E-05
   103.2      0.3783E-05
   103.3      0.3797E-05
   103.4      0.3812E-05
   103.5      0.3829E-05
   103.6      0.3846E-05
   103.7      0.3863E-05
   103.8      0.3881E-05
   103.9      0.3899E-05
   104.0      0.3916E-05
   104.1      0.3933E-05
   104.2      0.3949E-05
   104.3      0.3964E-05
   104.4      0.3978E-05
   104.5      0.3990E-05
   104.6      0.4000E-05
   104.7      0.4009E-05
   104.8      0.4015E-05
   104.9      0.4018E-05
   105.0      0.4019E-05
   105.1      0.4017E-05
   105.2      0.4012E-05
   105.3      0.4004E-05
   105.4      0.3993E-05
   105.5      0.3979E-05
   105.6      0.3961E-05
   105.7      0.3939E-05
   105.8      0.3914E-05
   105.9      0.3886E-05
   106.0      0.3853E-05
   106.1      0.3818E-05
   106.2      0.3779E-05
   106.3      0.3736E-05
   106.4      0.3691E-05
   106.5      0.3642E-05
   106.6      0.3590E-05
   106.7      0.3535E-05
   106.8      0.3477E-05
   106.9      0.3417E-05
   107.0      0.3354E-05
   107.1      0.3290E-05
   107.2      0.3224E-05
   107.3      0.3156E-05
   107.4      0.3087E-05
   107.5      0.3016E-05
   107.6      0.2945E-05
   107.7      0.2874E-05
   107.8      0.2803E-05
   107.9      0.2732E-05
   108.0      0.2661E-05
   108.1      0.2591E-05
   108.2      0.2523E-05
   108.3      0.2456E-05
   108.4      0.2391E-05
   108.5      0.2328E-05
   108.6      0.2267E-05
   108.7      0.2209E-05
   108.8      0.2154E-05
   108.9      0.2103E-05
   109.0      0.2054E-05
   109.1      0.2010E-05
   109.2      0.1970E-05
   109.3      0.1934E-05
   109.4      0.1902E-05
   109.5      0.1875E-05
   109.6      0.1852E-05
   109.7      0.1834E-05
   109.8      0.1821E-05
   109.9      0.1813E-05
   110.0      0.1810E-05
   110.1      0.1812E-05
   110.2      0.1820E-05
   110.3      0.1832E-05
   110.4      0.1848E-05
   110.5      0.1870E-05
   110.6      0.1897E-05
   110.7      0.1928E-05
   110.8      0.1963E-05
   110.9      0.2003E-05
   111.0      0.2047E-05
   111.1      0.2095E-05
   111.2      0.2146E-05
   111.3      0.2201E-05
   111.4      0.2258E-05
   111.5      0.2319E-05
   111.6      0.2382E-05
   111.7      0.2447E-05
   111.8      0.2514E-05
   111.9      0.2582E-05
   112.0      0.2652E-05
   112.1      0.2722E-05
   112.2      0.2793E-05
   112.3      0.2864E-05
   112.4      0.2935E-05
   112.5      0.3005E-05
   112.6      0.3074E-05
   112.7      0.3142E-05
   112.8      0.3208E-05
   112.9      0.3272E-05
   113.0      0.3334E-05
   113.1      0.3393E-05
   113.2      0.3449E-05
   113.3      0.3502E-05
   113.4      0.3551E-05
   113.5      0.3597E-05
   113.6      0.3638E-05
   113.7      0.3676E-05
   113.8      0.3709E-05
   113.9      0.3737E-05
   114.0      0.3761E-05
   114.1      0.3780E-05
   114.2      0.3794E-05
   114.3      0.3802E-05
   114.4      0.3806E-05
   114.5      0.3805E-05
   114.6      0.3798E-05
   114.7      0.3787E-05
   114.8      0.3770E-05
   114.9      0.3748E-05
   115.0      0.3721E-05
   115.1      0.3690E-05
   115.2      0.3654E-05
   115.3      0.3613E-05
   115.4      0.3568E-05
   115.5      0.3518E-05
   115.6      0.3465E-05
   115.7      0.3408E-05
   115.8      0.3347E-05
   115.9      0.3283E-05
   116.0      0.3216E-05
   116.1      0.3147E-05
   116.2      0.3075E-05
   116.3      0.3001E-05
   116.4      0.2925E-05
   116.5      0.2848E-05
   116.6      0.2769E-05
   116.7      0.2690E-05
   116.8      0.2610E-05
   116.9      0.2531E-05
   117.0      0.2451E-05
   117.1      0.2372E-05
   117.2      0.2293E-05
   117.3      0.2216E-05
   117.4      0.2141E-05
   117.5      0.2067E-05
   117.6      0.1995E-05
   117.7      0.1925E-05
   117.8      0.1859E-05
   117.9      0.1795E-05
   118.0      0.1734E-05
   118.1      0.1677E-05
   118.2      0.1623E-05
   118.3      0.1573E-05
   118.4      0.1527E-05
   118.5      0.1486E-05
   118.6      0.1448E-05
   118.7      0.1415E-05
   118.8      0.1387E-05
   118.9      0.1363E-05
   119.0      0.1344E-05
   119.1      0.1330E-05
   119.2      0.1320E-05
   119.3      0.1315E-05
   119.4      0.1316E-05
   119.5      0.1320E-05
   119.6      0.1330E-05
   119.7      0.1344E-05
   119.8      0.1363E-05
   119.9      0.1386E-05
   120.0      0.1414E-05
   120.1      0.1445E-05
   120.2      0.1481E-05
   120.3      0.1520E-05
   120.4      0.1563E-05
   120.5      0.1610E-05
   120.6      0.1659E-05
   120.7      0.1712E-05
   120.8      0.1767E-05
   120.9      0.1825E-05
   121.0      0.1885E-05
   121.1      0.1946E-05
   121.2      0.2010E-05
   121.3      0.2074E-05
   121.4      0.2140E-05
   121.5      0.2207E-05
   121.6      0.2274E-05
   121.7      0.2341E-05
   121.8      0.2408E-05
   121.9      0.2474E-05
   122.0      0.2540E-05
   122.1      0.2604E-05
   122.2      0.2668E-05
   122.3      0.2730E-05
   122.4      0.2790E-05
   122.5      0.2848E-05
   122.6      0.2903E-05
   122.7      0.2956E-05
   122.8      0.3006E-05
   122.9      0.3053E-05
   123.0      0.3097E-05
   123.1      0.3138E-05
   123.2      0.3175E-05
   123.3      0.3208E-05
   123.4      0.3238E-05
   123.5      0.3263E-05
   123.6      0.3285E-05
   123.7      0.3302E-05
   123.8      0.3316E-05
   123.9      0.3325E-05
   124.0      0.3330E-05
   124.1      0.3331E-05
   124.2      0.3327E-05
   124.3      0.3320E-05
   124.4      0.3308E-05
   124.5      0.3293E-05
   124.6      0.3273E-05
   124.7      0.3250E-05
   124.8      0.3223E-05
   124.9      0.3193E-05
   125.0      0.3159E-05
   125.1      0.3122E-05
   125.2      0.3082E-05
   125.3      0.3039E-05
   125.4      0.2994E-05
   125.5      0.2946E-05
   125.6      0.2897E-05
   125.7      0.2845E-05
   125.8      0.2792E-05
   125.9      0.2738E-05
   126.0      0.2682E-05
   126.1      0.2625E-05
   126.2      0.2568E-05
   126.3      0.2511E-05
   126.4      0.2454E-05
   126.5      0.2397E-05
   126.6      0.2340E-05
   126.7      0.2284E-05
   126.8      0.2229E-05
   126.9      0.2175E-05
   127.0      0.2122E-05
   127.1      0.2072E-05
   127.2      0.2023E-05
   127.3      0.1976E-05
   127.4      0.1931E-05
   127.5      0.1889E-05
   127.6      0.1849E-05
   127.7      0.1812E-05
   127.8      0.1778E-05
   127.9      0.1747E-05
   128.0      0.1719E-05
   128.1      0.1694E-05
   128.2      0.1672E-05
   128.3      0.1654E-05
   128.4      0.1638E-05
   128.5      0.1626E-05
   128.6      0.1617E-05
   128.7      0.1611E-05
   128.8      0.1609E-05
   128.9      0.1610E-05
   129.0      0.1613E-05
   129.1      0.1620E-05
   129.2      0.1629E-05
   129.3      0.1642E-05
   129.4      0.1656E-05
   129.5      0.1674E-05
   129.6      0.1693E-05
   129.7      0.1715E-05
   129.8      0.1739E-05
   129.9      0.1765E-05
   130.0      0.1792E-05
   130.1      0.1821E-05
   130.2      0.1851E-05
   130.3      0.1882E-05
   130.4      0.1915E-05
   130.5      0.1947E-05
   130.6      0.1981E-05
   130.7      0.2014E-05
   130.8      0.2048E-05
   130.9      0.2082E-05
   131.0      0.2115E-05
   131.1      0.2149E-05
   131.2      0.2181E-05
   131.3      0.2213E-05
   131.4      0.2244E-05
   131.5      0.2274E-05
   131.6      0.2302E-05
   131.7      0.2330E-05
   131.8      0.2356E-05
   131.9      0.2381E-05
   132.0      0.2404E-05
   132.1      0.2425E-05
   132.2      0.2445E-05
   132.3      0.2463E-05
   132.4      0.2479E-05
   132.5      0.2494E-05
   132.6      0.2506E-05
   132.7      0.2517E-05
   132.8      0.2526E-05
   132.9      0.2533E-05
   133.0      0.2539E-05
   133.1      0.2543E-05
   133.2      0.2545E-05
   133.3      0.2545E-05
   133.4      0.2544E-05
   133.5      0.2542E-05
   133.6      0.2538E-05
   133.7      0.2533E-05
   133.8      0.2527E-05
   133.9      0.2520E-05
   134.0      0.2512E-05
   134.1      0.2504E-05
   134.2      0.2494E-05
   134.3      0.2484E-05
   134.4      0.2474E-05
   134.5      0.2463E-05
   134.6      0.2452E-05
   134.7      0.2440E-05
   134.8      0.2429E-05
   134.9      0.2418E-05
   135.0      0.2407E-05
   135.1      0.2397E-05
   135.2      0.2386E-05
   135.3      0.2377E-05
   135.4      0.2368E-05
   135.5      0.2359E-05
   135.6      0.2352E-05
   135.7      0.2345E-05
   135.8      0.2339E-05
   135.9      0.2333E-05
   136.0      0.2329E-05
   136.1      0.2326E-05
   136.2      0.2324E-05
   136.3      0.2322E-05
   136.4      0.2322E-05
   136.5      0.2323E-05
   136.6      0.2325E-05
   136.7      0.2328E-05
   136.8      0.2331E-05
   136.9      0.2336E-05
   137.0      0.2342E-05
   137.1      0.2349E-05
   137.2      0.2356E-05
   137.3      0.2365E-05
   137.4      0.2374E-05
   137.5      0.2383E-05
   137.6      0.2394E-05
   137.7      0.2405E-05
   137.8      0.2417E-05
   137.9      0.2429E-05
   138.0      0.2441E-05
   138.1      0.2454E-05
   138.2      0.2467E-05
   138.3      0.2480E-05
   138.4      0.2494E-05
   138.5      0.2507E-05
   138.6      0.2520E-05
   138.7      0.2534E-05
   138.8      0.2547E-05
   138.9      0.2560E-05
   139.0      0.2573E-05
   139.1      0.2585E-05
   139.2      0.2597E-05
   139.3      0.2609E-05
   139.4      0.2620E-05
   139.5      0.2631E-05
   139.6      0.2641E-05
   139.7      0.2651E-05
   139.8      0.2660E-05
   139.9      0.2668E-05
   140.0      0.2676E-05
   140.1      0.2683E-05
   140.2      0.2690E-05
   140.3      0.2696E-05
   140.4      0.2701E-05
   140.5      0.2705E-05
   140.6      0.2709E-05
   140.7      0.2712E-05
   140.8      0.2715E-05
   140.9      0.2716E-05
   141.0      0.2718E-05
   141.1      0.2718E-05
   141.2      0.2718E-05
   141.3      0.2718E-05
   141.4      0.2717E-05
   141.5      0.2715E-05
   141.6      0.2713E-05
   141.7      0.2710E-05
   141.8      0.2707E-05
   141.9      0.2704E-05
   142.0      0.2701E-05
   142.1      0.2697E-05
   142.2      0.2693E-05
   142.3      0.2689E-05
   142.4      0.2684E-05
   142.5      0.2680E-05
   142.6      0.2675E-05
   142.7      0.2671E-05
   142.8      0.2666E-05
   142.9      0.2662E-05
   143.0      0.2658E-05
   143.1      0.2654E-05
   143.2      0.2650E-05
   143.3      0.2647E-05
   143.4      0.2644E-05
   143.5      0.2641E-05
   143.6      0.2639E-05
   143.7      0.2637E-05
   143.8      0.2636E-05
   143.9      0.2635E-05
   144.0      0.2635E-05
   144.1      0.2636E-05
   144.2      0.2637E-05
   144.3      0.2639E-05
   144.4      0.2642E-05
   144.5      0.2645E-05
   144.6      0.2649E-05
   144.7      0.2654E-05
   144.8      0.2660E-05
   144.9      0.2667E-05
   145.0      0.2675E-05
   145.1      0.2684E-05
   145.2      0.2693E-05
   145.3      0.2704E-05
   145.4      0.2715E-05
   145.5      0.2727E-05
   145.6      0.2741E-05
   145.7      0.2755E-05
   145.8      0.2770E-05
   145.9      0.2785E-05
   146.0      0.2802E-05
   146.1      0.2819E-05
   146.2      0.2837E-05
   146.3      0.2856E-05
   146.4      0.2875E-05
   146.5      0.2895E-05
   146.6      0.2916E-05
   146.7      0.2937E-05
   146.8      0.2958E-05
   146.9      0.2980E-05
   147.0      0.3002E-05
   147.1      0.3025E-05
   147.2      0.3047E-05
   147.3      0.3070E-05
   147.4      0.3093E-05
   147.5      0.3115E-05
   147.6      0.3137E-05
   147.7      0.3160E-05
   147.8      0.3181E-05
   147.9      0.3203E-05
   148.0      0.3223E-05
   148.1      0.3244E-05
   148.2      0.3263E-05
   148.3      0.3282E-05
   148.4      0.3300E-05
   148.5      0.3317E-05
   148.6      0.3334E-05
   148.7      0.3349E-05
   148.8      0.3363E-05
   148.9      0.3376E-05
   149.0      0.3388E-05
   149.1      0.3399E-05
   149.2      0.3408E-05
   149.3      0.3416E-05
   149.4      0.3423E-05
   149.5      0.3429E-05
   149.6      0.3433E-05
   149.7      0.3437E-05
   149.8      0.3438E-05
   149.9      0.3439E-05
   150.0      0.3439E-05
   150.1      0.3437E-05
   150.2      0.3434E-05
   150.3      0.3430E-05
   150.4      0.3425E-05
   150.5      0.3419E-05
   150.6      0.3413E-05
   150.7      0.3405E-05
   150.8      0.3397E-05
   150.9      0.3389E-05
   151.0      0.3380E-05
   151.1      0.3370E-05
   151.2      0.3361E-05
   151.3      0.3351E-05
   151.4      0.3341E-05
   151.5      0.3332E-05
   151.6      0.3322E-05
   151.7      0.3314E-05
   151.8      0.3305E-05
   151.9      0.3297E-05
   152.0      0.3290E-05
   152.1      0.3284E-05
   152.2      0.3279E-05
   152.3      0.3275E-05
   152.4      0.3272E-05
   152.5      0.3270E-05
   152.6      0.3270E-05
   152.7      0.3271E-05
   152.8      0.3274E-05
   152.9      0.3278E-05
   153.0      0.3284E-05
   153.1      0.3292E-05
   153.2      0.3302E-05
   153.3      0.3313E-05
   153.4      0.3326E-05
   153.5      0.3341E-05
   153.6      0.3358E-05
   153.7      0.3376E-05
   153.8      0.3396E-05
   153.9      0.3418E-05
   154.0      0.3442E-05
   154.1      0.3467E-05
   154.2      0.3493E-05
   154.3      0.3522E-05
   154.4      0.3551E-05
   154.5      0.3582E-05
   154.6      0.3614E-05
   154.7      0.3646E-05
   154.8      0.3680E-05
   154.9      0.3715E-05
   155.0      0.3750E-05
   155.1      0.3786E-05
   155.2      0.3822E-05
   155.3      0.3858E-05
   155.4      0.3895E-05
   155.5      0.3931E-05
   155.6      0.3967E-05
   155.7      0.4003E-05
   155.8      0.4038E-05
   155.9      0.4073E-05
   156.0      0.4107E-05
   156.1      0.4141E-05
   156.2      0.4173E-05
   156.3      0.4204E-05
   156.4      0.4234E-05
   156.5      0.4263E-05
   156.6      0.4290E-05
   156.7      0.4316E-05
   156.8      0.4341E-05
   156.9      0.4363E-05
   157.0      0.4385E-05
   157.1      0.4405E-05
   157.2      0.4423E-05
   157.3      0.4440E-05
   157.4      0.4455E-05
   157.5      0.4468E-05
   157.6      0.4480E-05
   157.7      0.4490E-05
   157.8      0.4499E-05
   157.9      0.4507E-05
   158.0      0.4513E-05
   158.1      0.4518E-05
   158.2      0.4522E-05
   158.3      0.4525E-05
   158.4      0.4527E-05
   158.5      0.4528E-05
   158.6      0.4529E-05
   158.7      0.4529E-05
   158.8      0.4529E-05
   158.9      0.4528E-05
   159.0      0.4528E-05
   159.1      0.4527E-05
   159.2      0.4527E-05
   159.3      0.4527E-05
   159.4      0.4527E-05
   159.5      0.4528E-05
   159.6      0.4529E-05
   159.7      0.4532E-05
   159.8      0.4535E-05
   159.9      0.4539E-05
   160.0      0.4545E-05
   160.1      0.4552E-05
   160.2      0.4560E-05
   160.3      0.4570E-05
   160.4      0.4581E-05
   160.5      0.4594E-05
   160.6      0.4609E-05
   160.7      0.4625E-05
   160.8      0.4643E-05
   160.9      0.4663E-05
   161.0      0.4684E-05
   161.1      0.4707E-05
   161.2      0.4733E-05
   161.3      0.4759E-05
   161.4      0.4788E-05
   161.5      0.4818E-05
   161.6      0.4850E-05
   161.7      0.4884E-05
   161.8      0.4919E-05
   161.9      0.4956E-05
   162.0      0.4994E-05
   162.1      0.5033E-05
   162.2      0.5074E-05
   162.3      0.5116E-05
   162.4      0.5159E-05
   162.5      0.5203E-05
   162.6      0.5249E-05
   162.7      0.5295E-05
   162.8      0.5341E-05
   162.9      0.5389E-05
   163.0      0.5437E-05
   163.1      0.5486E-05
   163.2      0.5535E-05
   163.3      0.5584E-05
   163.4      0.5634E-05
   163.5      0.5684E-05
   163.6      0.5735E-05
   163.7      0.5785E-05
   163.8      0.5836E-05
   163.9      0.5886E-05
   164.0      0.5937E-05
   164.1      0.5987E-05
   164.2      0.6038E-05
   164.3      0.6088E-05
   164.4      0.6139E-05
   164.5      0.6189E-05
   164.6      0.6239E-05
   164.7      0.6289E-05
   164.8      0.6340E-05
   164.9      0.6390E-05
   165.0      0.6440E-05
   165.1      0.6490E-05
   165.2      0.6540E-05
   165.3      0.6591E-05
   165.4      0.6641E-05
   165.5      0.6692E-05
   165.6      0.6743E-05
   165.7      0.6794E-05
   165.8      0.6845E-05
   165.9      0.6897E-05
   166.0      0.6949E-05
   166.1      0.7002E-05
   166.2      0.7055E-05
   166.3      0.7108E-05
   166.4      0.7162E-05
   166.5      0.7217E-05
   166.6      0.7272E-05
   166.7      0.7327E-05
   166.8      0.7384E-05
   166.9      0.7441E-05
   167.0      0.7498E-05
   167.1      0.7556E-05
   167.2      0.7615E-05
   167.3      0.7674E-05
   167.4      0.7734E-05
   167.5      0.7795E-05
   167.6      0.7856E-05
   167.7      0.7918E-05
   167.8      0.7980E-05
   167.9      0.8043E-05
   168.0      0.8107E-05
   168.1      0.8170E-05
   168.2      0.8235E-05
   168.3      0.8300E-05
   168.4      0.8365E-05
   168.5      0.8431E-05
   168.6      0.8497E-05
   168.7      0.8564E-05
   168.8      0.8631E-05
   168.9      0.8699E-05
   169.0      0.8767E-05
   169.1      0.8836E-05
   169.2      0.8906E-05
   169.3      0.8976E-05
   169.4      0.9047E-05
   169.5      0.9119E-05
   169.6      0.9192E-05
   169.7      0.9266E-05
   169.8      0.9341E-05
   169.9      0.9418E-05
   170.0      0.9496E-05
   170.1      0.9576E-05
   170.2      0.9658E-05
   170.3      0.9742E-05
   170.4      0.9829E-05
   170.5      0.9918E-05
   170.6      0.1001E-04
   170.7      0.1011E-04
   170.8      0.1020E-04
   170.9      0.1031E-04
   171.0      0.1041E-04
   171.1      0.1052E-04
   171.2      0.1064E-04
   171.3      0.1076E-04
   171.4      0.1089E-04
   171.5      0.1102E-04
   171.6      0.1116E-04
   171.7      0.1131E-04
   171.8      0.1146E-04
   171.9      0.1162E-04
   172.0      0.1179E-04
   172.1      0.1197E-04
   172.2      0.1216E-04
   172.3      0.1235E-04
   172.4      0.1256E-04
   172.5      0.1277E-04
   172.6      0.1300E-04
   172.7      0.1323E-04
   172.8      0.1348E-04
   172.9      0.1373E-04
   173.0      0.1400E-04
   173.1      0.1429E-04
   173.2      0.1458E-04
   173.3      0.1488E-04
   173.4      0.1520E-04
   173.5      0.1553E-04
   173.6      0.1587E-04
   173.7      0.1623E-04
   173.8      0.1660E-04
   173.9      0.1698E-04
   174.0      0.1737E-04
   174.1      0.1778E-04
   174.2      0.1820E-04
   174.3      0.1863E-04
   174.4      0.1907E-04
   174.5      0.1953E-04
   174.6      0.1999E-04
   174.7      0.2047E-04
   174.8      0.2096E-04
   174.9      0.2146E-04
   175.0      0.2197E-04
   175.1      0.2249E-04
   175.2      0.2302E-04
   175.3      0.2356E-04
   175.4      0.2410E-04
   175.5      0.2466E-04
   175.6      0.2522E-04
   175.7      0.2578E-04
   175.8      0.2635E-04
   175.9      0.2693E-04
   176.0      0.2751E-04
   176.1      0.2809E-04
   176.2      0.2867E-04
   176.3      0.2925E-04
   176.4      0.2984E-04
   176.5      0.3042E-04
   176.6      0.3100E-04
   176.7      0.3158E-04
   176.8      0.3215E-04
   176.9      0.3272E-04
   177.0      0.3329E-04
   177.1      0.3385E-04
   177.2      0.3440E-04
   177.3      0.3494E-04
   177.4      0.3547E-04
   177.5      0.3599E-04
   177.6      0.3650E-04
   177.7      0.3700E-04
   177.8      0.3748E-04
   177.9      0.3795E-04
   178.0      0.3841E-04
   178.1      0.3884E-04
   178.2      0.3926E-04
   178.3      0.3967E-04
   178.4      0.4005E-04
   178.5      0.4042E-04
   178.6      0.4076E-04
   178.7      0.4109E-04
   178.8      0.4139E-04
   178.9      0.4167E-04
   179.0      0.4193E-04
   179.1      0.4217E-04
   179.2      0.4238E-04
   179.3      0.4257E-04
   179.4      0.4273E-04
   179.5      0.4287E-04
   179.6      0.4299E-04
   179.7      0.4307E-04
   179.8      0.4314E-04
   179.9      0.4318E-04
   180.0      0.4319E-04
 END
