#1801 angles,  1 tensor ranks for 0=projectile
@subtitle   "12C(7Li,6Li)13C @ Ed=84 MeV;"                                                  
@legend ON
@legend x1 0.2
@legend y1 0.8
@g0 type LOGY
@yaxis ticklabel format power
@legend string   0 "Lab energy =   84.0000"
#legend string   0 "Partition=  2 Excit=  4 near/far= 1"
#  Theta       sigma       iT11        T20         T21         T22         Kyy for projectile
   0.000       16.61    
  0.1000       16.61    
  0.2000       16.61    
  0.3000       16.60    
  0.4000       16.59    
  0.5000       16.58    
  0.6000       16.56    
  0.7000       16.55    
  0.8000       16.52    
  0.9000       16.50    
   1.000       16.48    
   1.100       16.45    
   1.200       16.41    
   1.300       16.38    
   1.400       16.34    
   1.500       16.31    
   1.600       16.26    
   1.700       16.22    
   1.800       16.17    
   1.900       16.12    
   2.000       16.07    
   2.100       16.02    
   2.200       15.96    
   2.300       15.90    
   2.400       15.84    
   2.500       15.78    
   2.600       15.72    
   2.700       15.65    
   2.800       15.58    
   2.900       15.51    
   3.000       15.44    
   3.100       15.36    
   3.200       15.28    
   3.300       15.21    
   3.400       15.12    
   3.500       15.04    
   3.600       14.96    
   3.700       14.87    
   3.800       14.79    
   3.900       14.70    
   4.000       14.61    
   4.100       14.51    
   4.200       14.42    
   4.300       14.33    
   4.400       14.23    
   4.500       14.13    
   4.600       14.03    
   4.700       13.93    
   4.800       13.83    
   4.900       13.73    
   5.000       13.62    
   5.100       13.52    
   5.200       13.41    
   5.300       13.30    
   5.400       13.19    
   5.500       13.08    
   5.600       12.97    
   5.700       12.86    
   5.800       12.75    
   5.900       12.63    
   6.000       12.52    
   6.100       12.40    
   6.200       12.28    
   6.300       12.16    
   6.400       12.04    
   6.500       11.92    
   6.600       11.80    
   6.700       11.68    
   6.800       11.56    
   6.900       11.43    
   7.000       11.31    
   7.100       11.18    
   7.200       11.06    
   7.300       10.93    
   7.400       10.80    
   7.500       10.67    
   7.600       10.54    
   7.700       10.41    
   7.800       10.28    
   7.900       10.15    
   8.000       10.02    
   8.100       9.885    
   8.200       9.752    
   8.300       9.619    
   8.400       9.485    
   8.500       9.350    
   8.600       9.216    
   8.700       9.081    
   8.800       8.945    
   8.900       8.810    
   9.000       8.674    
   9.100       8.538    
   9.200       8.402    
   9.300       8.266    
   9.400       8.130    
   9.500       7.995    
   9.600       7.859    
   9.700       7.723    
   9.800       7.588    
   9.900       7.453    
   10.00       7.318    
   10.10       7.184    
   10.20       7.051    
   10.30       6.918    
   10.40       6.785    
   10.50       6.653    
   10.60       6.522    
   10.70       6.392    
   10.80       6.263    
   10.90       6.135    
   11.00       6.007    
   11.10       5.881    
   11.20       5.756    
   11.30       5.632    
   11.40       5.510    
   11.50       5.388    
   11.60       5.268    
   11.70       5.150    
   11.80       5.033    
   11.90       4.918    
   12.00       4.804    
   12.10       4.692    
   12.20       4.581    
   12.30       4.472    
   12.40       4.365    
   12.50       4.260    
   12.60       4.157    
   12.70       4.056    
   12.80       3.956    
   12.90       3.859    
   13.00       3.764    
   13.10       3.670    
   13.20       3.579    
   13.30       3.489    
   13.40       3.402    
   13.50       3.317    
   13.60       3.234    
   13.70       3.153    
   13.80       3.074    
   13.90       2.997    
   14.00       2.922    
   14.10       2.850    
   14.20       2.779    
   14.30       2.711    
   14.40       2.644    
   14.50       2.580    
   14.60       2.518    
   14.70       2.457    
   14.80       2.399    
   14.90       2.342    
   15.00       2.288    
   15.10       2.235    
   15.20       2.184    
   15.30       2.135    
   15.40       2.087    
   15.50       2.042    
   15.60       1.998    
   15.70       1.956    
   15.80       1.915    
   15.90       1.876    
   16.00       1.838    
   16.10       1.802    
   16.20       1.767    
   16.30       1.733    
   16.40       1.701    
   16.50       1.670    
   16.60       1.641    
   16.70       1.612    
   16.80       1.584    
   16.90       1.558    
   17.00       1.533    
   17.10       1.508    
   17.20       1.484    
   17.30       1.462    
   17.40       1.440    
   17.50       1.419    
   17.60       1.398    
   17.70       1.378    
   17.80       1.359    
   17.90       1.341    
   18.00       1.323    
   18.10       1.305    
   18.20       1.288    
   18.30       1.271    
   18.40       1.255    
   18.50       1.239    
   18.60       1.224    
   18.70       1.208    
   18.80       1.193    
   18.90       1.179    
   19.00       1.164    
   19.10       1.150    
   19.20       1.135    
   19.30       1.121    
   19.40       1.107    
   19.50       1.093    
   19.60       1.080    
   19.70       1.066    
   19.80       1.052    
   19.90       1.039    
   20.00       1.025    
   20.10       1.012    
   20.20      0.9982    
   20.30      0.9847    
   20.40      0.9713    
   20.50      0.9578    
   20.60      0.9443    
   20.70      0.9308    
   20.80      0.9173    
   20.90      0.9038    
   21.00      0.8903    
   21.10      0.8768    
   21.20      0.8633    
   21.30      0.8498    
   21.40      0.8363    
   21.50      0.8228    
   21.60      0.8093    
   21.70      0.7959    
   21.80      0.7825    
   21.90      0.7691    
   22.00      0.7557    
   22.10      0.7424    
   22.20      0.7292    
   22.30      0.7160    
   22.40      0.7029    
   22.50      0.6899    
   22.60      0.6770    
   22.70      0.6641    
   22.80      0.6514    
   22.90      0.6388    
   23.00      0.6263    
   23.10      0.6139    
   23.20      0.6016    
   23.30      0.5895    
   23.40      0.5775    
   23.50      0.5657    
   23.60      0.5540    
   23.70      0.5426    
   23.80      0.5312    
   23.90      0.5201    
   24.00      0.5091    
   24.10      0.4983    
   24.20      0.4877    
   24.30      0.4773    
   24.40      0.4671    
   24.50      0.4572    
   24.60      0.4474    
   24.70      0.4378    
   24.80      0.4284    
   24.90      0.4193    
   25.00      0.4103    
   25.10      0.4016    
   25.20      0.3931    
   25.30      0.3848    
   25.40      0.3767    
   25.50      0.3688    
   25.60      0.3612    
   25.70      0.3537    
   25.80      0.3465    
   25.90      0.3395    
   26.00      0.3327    
   26.10      0.3261    
   26.20      0.3197    
   26.30      0.3136    
   26.40      0.3076    
   26.50      0.3018    
   26.60      0.2962    
   26.70      0.2908    
   26.80      0.2856    
   26.90      0.2806    
   27.00      0.2758    
   27.10      0.2711    
   27.20      0.2667    
   27.30      0.2623    
   27.40      0.2582    
   27.50      0.2542    
   27.60      0.2504    
   27.70      0.2467    
   27.80      0.2432    
   27.90      0.2398    
   28.00      0.2365    
   28.10      0.2334    
   28.20      0.2304    
   28.30      0.2276    
   28.40      0.2248    
   28.50      0.2222    
   28.60      0.2196    
   28.70      0.2172    
   28.80      0.2149    
   28.90      0.2126    
   29.00      0.2105    
   29.10      0.2084    
   29.20      0.2064    
   29.30      0.2045    
   29.40      0.2027    
   29.50      0.2009    
   29.60      0.1992    
   29.70      0.1976    
   29.80      0.1960    
   29.90      0.1944    
   30.00      0.1929    
   30.10      0.1914    
   30.20      0.1900    
   30.30      0.1886    
   30.40      0.1872    
   30.50      0.1859    
   30.60      0.1846    
   30.70      0.1833    
   30.80      0.1820    
   30.90      0.1807    
   31.00      0.1795    
   31.10      0.1782    
   31.20      0.1770    
   31.30      0.1757    
   31.40      0.1745    
   31.50      0.1732    
   31.60      0.1720    
   31.70      0.1707    
   31.80      0.1695    
   31.90      0.1682    
   32.00      0.1669    
   32.10      0.1656    
   32.20      0.1643    
   32.30      0.1630    
   32.40      0.1617    
   32.50      0.1603    
   32.60      0.1590    
   32.70      0.1576    
   32.80      0.1562    
   32.90      0.1548    
   33.00      0.1534    
   33.10      0.1519    
   33.20      0.1505    
   33.30      0.1490    
   33.40      0.1475    
   33.50      0.1460    
   33.60      0.1445    
   33.70      0.1430    
   33.80      0.1414    
   33.90      0.1398    
   34.00      0.1383    
   34.10      0.1367    
   34.20      0.1351    
   34.30      0.1335    
   34.40      0.1319    
   34.50      0.1303    
   34.60      0.1287    
   34.70      0.1271    
   34.80      0.1254    
   34.90      0.1238    
   35.00      0.1222    
   35.10      0.1206    
   35.20      0.1190    
   35.30      0.1174    
   35.40      0.1158    
   35.50      0.1142    
   35.60      0.1126    
   35.70      0.1110    
   35.80      0.1094    
   35.90      0.1079    
   36.00      0.1063    
   36.10      0.1048    
   36.20      0.1033    
   36.30      0.1018    
   36.40      0.1004    
   36.50      0.9892E-01
   36.60      0.9750E-01
   36.70      0.9609E-01
   36.80      0.9471E-01
   36.90      0.9335E-01
   37.00      0.9202E-01
   37.10      0.9071E-01
   37.20      0.8942E-01
   37.30      0.8816E-01
   37.40      0.8693E-01
   37.50      0.8573E-01
   37.60      0.8455E-01
   37.70      0.8339E-01
   37.80      0.8227E-01
   37.90      0.8117E-01
   38.00      0.8010E-01
   38.10      0.7905E-01
   38.20      0.7804E-01
   38.30      0.7704E-01
   38.40      0.7608E-01
   38.50      0.7514E-01
   38.60      0.7423E-01
   38.70      0.7334E-01
   38.80      0.7247E-01
   38.90      0.7163E-01
   39.00      0.7081E-01
   39.10      0.7002E-01
   39.20      0.6924E-01
   39.30      0.6849E-01
   39.40      0.6776E-01
   39.50      0.6705E-01
   39.60      0.6635E-01
   39.70      0.6568E-01
   39.80      0.6502E-01
   39.90      0.6438E-01
   40.00      0.6375E-01
   40.10      0.6313E-01
   40.20      0.6253E-01
   40.30      0.6195E-01
   40.40      0.6137E-01
   40.50      0.6080E-01
   40.60      0.6025E-01
   40.70      0.5970E-01
   40.80      0.5916E-01
   40.90      0.5863E-01
   41.00      0.5811E-01
   41.10      0.5759E-01
   41.20      0.5708E-01
   41.30      0.5657E-01
   41.40      0.5606E-01
   41.50      0.5556E-01
   41.60      0.5506E-01
   41.70      0.5456E-01
   41.80      0.5406E-01
   41.90      0.5357E-01
   42.00      0.5307E-01
   42.10      0.5258E-01
   42.20      0.5208E-01
   42.30      0.5158E-01
   42.40      0.5108E-01
   42.50      0.5058E-01
   42.60      0.5008E-01
   42.70      0.4957E-01
   42.80      0.4907E-01
   42.90      0.4856E-01
   43.00      0.4805E-01
   43.10      0.4753E-01
   43.20      0.4702E-01
   43.30      0.4650E-01
   43.40      0.4598E-01
   43.50      0.4545E-01
   43.60      0.4492E-01
   43.70      0.4439E-01
   43.80      0.4386E-01
   43.90      0.4333E-01
   44.00      0.4279E-01
   44.10      0.4226E-01
   44.20      0.4172E-01
   44.30      0.4118E-01
   44.40      0.4064E-01
   44.50      0.4010E-01
   44.60      0.3955E-01
   44.70      0.3901E-01
   44.80      0.3847E-01
   44.90      0.3792E-01
   45.00      0.3738E-01
   45.10      0.3684E-01
   45.20      0.3630E-01
   45.30      0.3576E-01
   45.40      0.3523E-01
   45.50      0.3469E-01
   45.60      0.3416E-01
   45.70      0.3363E-01
   45.80      0.3310E-01
   45.90      0.3258E-01
   46.00      0.3206E-01
   46.10      0.3154E-01
   46.20      0.3103E-01
   46.30      0.3052E-01
   46.40      0.3001E-01
   46.50      0.2952E-01
   46.60      0.2902E-01
   46.70      0.2853E-01
   46.80      0.2805E-01
   46.90      0.2757E-01
   47.00      0.2710E-01
   47.10      0.2663E-01
   47.20      0.2617E-01
   47.30      0.2572E-01
   47.40      0.2527E-01
   47.50      0.2483E-01
   47.60      0.2440E-01
   47.70      0.2397E-01
   47.80      0.2355E-01
   47.90      0.2314E-01
   48.00      0.2273E-01
   48.10      0.2233E-01
   48.20      0.2194E-01
   48.30      0.2156E-01
   48.40      0.2118E-01
   48.50      0.2081E-01
   48.60      0.2045E-01
   48.70      0.2010E-01
   48.80      0.1975E-01
   48.90      0.1941E-01
   49.00      0.1908E-01
   49.10      0.1876E-01
   49.20      0.1844E-01
   49.30      0.1813E-01
   49.40      0.1783E-01
   49.50      0.1754E-01
   49.60      0.1725E-01
   49.70      0.1697E-01
   49.80      0.1670E-01
   49.90      0.1644E-01
   50.00      0.1618E-01
   50.10      0.1593E-01
   50.20      0.1568E-01
   50.30      0.1545E-01
   50.40      0.1522E-01
   50.50      0.1499E-01
   50.60      0.1478E-01
   50.70      0.1457E-01
   50.80      0.1436E-01
   50.90      0.1416E-01
   51.00      0.1397E-01
   51.10      0.1378E-01
   51.20      0.1360E-01
   51.30      0.1343E-01
   51.40      0.1326E-01
   51.50      0.1310E-01
   51.60      0.1294E-01
   51.70      0.1278E-01
   51.80      0.1263E-01
   51.90      0.1249E-01
   52.00      0.1235E-01
   52.10      0.1221E-01
   52.20      0.1208E-01
   52.30      0.1195E-01
   52.40      0.1183E-01
   52.50      0.1171E-01
   52.60      0.1159E-01
   52.70      0.1148E-01
   52.80      0.1137E-01
   52.90      0.1127E-01
   53.00      0.1116E-01
   53.10      0.1106E-01
   53.20      0.1096E-01
   53.30      0.1087E-01
   53.40      0.1078E-01
   53.50      0.1069E-01
   53.60      0.1060E-01
   53.70      0.1051E-01
   53.80      0.1043E-01
   53.90      0.1034E-01
   54.00      0.1026E-01
   54.10      0.1018E-01
   54.20      0.1010E-01
   54.30      0.1002E-01
   54.40      0.9945E-02
   54.50      0.9869E-02
   54.60      0.9794E-02
   54.70      0.9720E-02
   54.80      0.9646E-02
   54.90      0.9572E-02
   55.00      0.9499E-02
   55.10      0.9427E-02
   55.20      0.9355E-02
   55.30      0.9283E-02
   55.40      0.9211E-02
   55.50      0.9139E-02
   55.60      0.9067E-02
   55.70      0.8996E-02
   55.80      0.8924E-02
   55.90      0.8852E-02
   56.00      0.8780E-02
   56.10      0.8707E-02
   56.20      0.8635E-02
   56.30      0.8562E-02
   56.40      0.8489E-02
   56.50      0.8416E-02
   56.60      0.8343E-02
   56.70      0.8269E-02
   56.80      0.8195E-02
   56.90      0.8121E-02
   57.00      0.8046E-02
   57.10      0.7972E-02
   57.20      0.7897E-02
   57.30      0.7822E-02
   57.40      0.7747E-02
   57.50      0.7671E-02
   57.60      0.7596E-02
   57.70      0.7520E-02
   57.80      0.7444E-02
   57.90      0.7369E-02
   58.00      0.7293E-02
   58.10      0.7217E-02
   58.20      0.7142E-02
   58.30      0.7067E-02
   58.40      0.6991E-02
   58.50      0.6916E-02
   58.60      0.6842E-02
   58.70      0.6768E-02
   58.80      0.6694E-02
   58.90      0.6620E-02
   59.00      0.6547E-02
   59.10      0.6474E-02
   59.20      0.6402E-02
   59.30      0.6331E-02
   59.40      0.6260E-02
   59.50      0.6190E-02
   59.60      0.6120E-02
   59.70      0.6052E-02
   59.80      0.5984E-02
   59.90      0.5917E-02
   60.00      0.5850E-02
   60.10      0.5785E-02
   60.20      0.5721E-02
   60.30      0.5657E-02
   60.40      0.5594E-02
   60.50      0.5533E-02
   60.60      0.5472E-02
   60.70      0.5412E-02
   60.80      0.5354E-02
   60.90      0.5296E-02
   61.00      0.5239E-02
   61.10      0.5184E-02
   61.20      0.5129E-02
   61.30      0.5076E-02
   61.40      0.5023E-02
   61.50      0.4972E-02
   61.60      0.4921E-02
   61.70      0.4872E-02
   61.80      0.4823E-02
   61.90      0.4776E-02
   62.00      0.4729E-02
   62.10      0.4684E-02
   62.20      0.4639E-02
   62.30      0.4595E-02
   62.40      0.4552E-02
   62.50      0.4510E-02
   62.60      0.4469E-02
   62.70      0.4429E-02
   62.80      0.4389E-02
   62.90      0.4350E-02
   63.00      0.4312E-02
   63.10      0.4275E-02
   63.20      0.4238E-02
   63.30      0.4202E-02
   63.40      0.4167E-02
   63.50      0.4132E-02
   63.60      0.4098E-02
   63.70      0.4064E-02
   63.80      0.4031E-02
   63.90      0.3998E-02
   64.00      0.3966E-02
   64.10      0.3934E-02
   64.20      0.3903E-02
   64.30      0.3872E-02
   64.40      0.3841E-02
   64.50      0.3811E-02
   64.60      0.3781E-02
   64.70      0.3752E-02
   64.80      0.3722E-02
   64.90      0.3693E-02
   65.00      0.3665E-02
   65.10      0.3636E-02
   65.20      0.3608E-02
   65.30      0.3580E-02
   65.40      0.3552E-02
   65.50      0.3524E-02
   65.60      0.3497E-02
   65.70      0.3469E-02
   65.80      0.3442E-02
   65.90      0.3415E-02
   66.00      0.3388E-02
   66.10      0.3362E-02
   66.20      0.3335E-02
   66.30      0.3308E-02
   66.40      0.3282E-02
   66.50      0.3256E-02
   66.60      0.3229E-02
   66.70      0.3203E-02
   66.80      0.3177E-02
   66.90      0.3151E-02
   67.00      0.3125E-02
   67.10      0.3098E-02
   67.20      0.3072E-02
   67.30      0.3046E-02
   67.40      0.3020E-02
   67.50      0.2994E-02
   67.60      0.2969E-02
   67.70      0.2943E-02
   67.80      0.2917E-02
   67.90      0.2890E-02
   68.00      0.2864E-02
   68.10      0.2838E-02
   68.20      0.2812E-02
   68.30      0.2786E-02
   68.40      0.2760E-02
   68.50      0.2733E-02
   68.60      0.2707E-02
   68.70      0.2681E-02
   68.80      0.2654E-02
   68.90      0.2628E-02
   69.00      0.2601E-02
   69.10      0.2574E-02
   69.20      0.2547E-02
   69.30      0.2521E-02
   69.40      0.2494E-02
   69.50      0.2467E-02
   69.60      0.2439E-02
   69.70      0.2412E-02
   69.80      0.2385E-02
   69.90      0.2358E-02
   70.00      0.2330E-02
   70.10      0.2303E-02
   70.20      0.2275E-02
   70.30      0.2248E-02
   70.40      0.2220E-02
   70.50      0.2192E-02
   70.60      0.2165E-02
   70.70      0.2137E-02
   70.80      0.2110E-02
   70.90      0.2082E-02
   71.00      0.2054E-02
   71.10      0.2027E-02
   71.20      0.1999E-02
   71.30      0.1972E-02
   71.40      0.1945E-02
   71.50      0.1918E-02
   71.60      0.1891E-02
   71.70      0.1864E-02
   71.80      0.1837E-02
   71.90      0.1810E-02
   72.00      0.1784E-02
   72.10      0.1758E-02
   72.20      0.1732E-02
   72.30      0.1706E-02
   72.40      0.1681E-02
   72.50      0.1656E-02
   72.60      0.1631E-02
   72.70      0.1606E-02
   72.80      0.1582E-02
   72.90      0.1558E-02
   73.00      0.1534E-02
   73.10      0.1511E-02
   73.20      0.1488E-02
   73.30      0.1465E-02
   73.40      0.1443E-02
   73.50      0.1422E-02
   73.60      0.1400E-02
   73.70      0.1379E-02
   73.80      0.1358E-02
   73.90      0.1338E-02
   74.00      0.1318E-02
   74.10      0.1299E-02
   74.20      0.1280E-02
   74.30      0.1261E-02
   74.40      0.1243E-02
   74.50      0.1226E-02
   74.60      0.1208E-02
   74.70      0.1191E-02
   74.80      0.1175E-02
   74.90      0.1159E-02
   75.00      0.1143E-02
   75.10      0.1127E-02
   75.20      0.1112E-02
   75.30      0.1098E-02
   75.40      0.1084E-02
   75.50      0.1070E-02
   75.60      0.1056E-02
   75.70      0.1043E-02
   75.80      0.1030E-02
   75.90      0.1017E-02
   76.00      0.1005E-02
   76.10      0.9933E-03
   76.20      0.9816E-03
   76.30      0.9703E-03
   76.40      0.9592E-03
   76.50      0.9483E-03
   76.60      0.9377E-03
   76.70      0.9274E-03
   76.80      0.9173E-03
   76.90      0.9074E-03
   77.00      0.8978E-03
   77.10      0.8883E-03
   77.20      0.8791E-03
   77.30      0.8700E-03
   77.40      0.8612E-03
   77.50      0.8525E-03
   77.60      0.8440E-03
   77.70      0.8356E-03
   77.80      0.8274E-03
   77.90      0.8193E-03
   78.00      0.8114E-03
   78.10      0.8037E-03
   78.20      0.7960E-03
   78.30      0.7885E-03
   78.40      0.7811E-03
   78.50      0.7738E-03
   78.60      0.7666E-03
   78.70      0.7595E-03
   78.80      0.7525E-03
   78.90      0.7457E-03
   79.00      0.7389E-03
   79.10      0.7322E-03
   79.20      0.7256E-03
   79.30      0.7190E-03
   79.40      0.7126E-03
   79.50      0.7062E-03
   79.60      0.6999E-03
   79.70      0.6936E-03
   79.80      0.6875E-03
   79.90      0.6814E-03
   80.00      0.6753E-03
   80.10      0.6694E-03
   80.20      0.6635E-03
   80.30      0.6576E-03
   80.40      0.6518E-03
   80.50      0.6461E-03
   80.60      0.6404E-03
   80.70      0.6348E-03
   80.80      0.6292E-03
   80.90      0.6237E-03
   81.00      0.6183E-03
   81.10      0.6129E-03
   81.20      0.6075E-03
   81.30      0.6023E-03
   81.40      0.5970E-03
   81.50      0.5919E-03
   81.60      0.5867E-03
   81.70      0.5817E-03
   81.80      0.5767E-03
   81.90      0.5717E-03
   82.00      0.5668E-03
   82.10      0.5620E-03
   82.20      0.5572E-03
   82.30      0.5525E-03
   82.40      0.5478E-03
   82.50      0.5432E-03
   82.60      0.5387E-03
   82.70      0.5342E-03
   82.80      0.5298E-03
   82.90      0.5254E-03
   83.00      0.5211E-03
   83.10      0.5169E-03
   83.20      0.5128E-03
   83.30      0.5086E-03
   83.40      0.5046E-03
   83.50      0.5006E-03
   83.60      0.4967E-03
   83.70      0.4929E-03
   83.80      0.4891E-03
   83.90      0.4853E-03
   84.00      0.4816E-03
   84.10      0.4780E-03
   84.20      0.4745E-03
   84.30      0.4710E-03
   84.40      0.4675E-03
   84.50      0.4641E-03
   84.60      0.4607E-03
   84.70      0.4574E-03
   84.80      0.4542E-03
   84.90      0.4510E-03
   85.00      0.4478E-03
   85.10      0.4447E-03
   85.20      0.4416E-03
   85.30      0.4385E-03
   85.40      0.4355E-03
   85.50      0.4325E-03
   85.60      0.4295E-03
   85.70      0.4266E-03
   85.80      0.4236E-03
   85.90      0.4208E-03
   86.00      0.4179E-03
   86.10      0.4150E-03
   86.20      0.4122E-03
   86.30      0.4094E-03
   86.40      0.4066E-03
   86.50      0.4038E-03
   86.60      0.4010E-03
   86.70      0.3982E-03
   86.80      0.3955E-03
   86.90      0.3927E-03
   87.00      0.3900E-03
   87.10      0.3873E-03
   87.20      0.3845E-03
   87.30      0.3818E-03
   87.40      0.3792E-03
   87.50      0.3765E-03
   87.60      0.3738E-03
   87.70      0.3712E-03
   87.80      0.3686E-03
   87.90      0.3660E-03
   88.00      0.3634E-03
   88.10      0.3608E-03
   88.20      0.3583E-03
   88.30      0.3558E-03
   88.40      0.3533E-03
   88.50      0.3509E-03
   88.60      0.3484E-03
   88.70      0.3461E-03
   88.80      0.3437E-03
   88.90      0.3414E-03
   89.00      0.3392E-03
   89.10      0.3369E-03
   89.20      0.3347E-03
   89.30      0.3326E-03
   89.40      0.3305E-03
   89.50      0.3285E-03
   89.60      0.3265E-03
   89.70      0.3245E-03
   89.80      0.3226E-03
   89.90      0.3207E-03
   90.00      0.3189E-03
   90.10      0.3172E-03
   90.20      0.3154E-03
   90.30      0.3138E-03
   90.40      0.3121E-03
   90.50      0.3105E-03
   90.60      0.3090E-03
   90.70      0.3074E-03
   90.80      0.3059E-03
   90.90      0.3045E-03
   91.00      0.3030E-03
   91.10      0.3016E-03
   91.20      0.3002E-03
   91.30      0.2988E-03
   91.40      0.2975E-03
   91.50      0.2961E-03
   91.60      0.2948E-03
   91.70      0.2934E-03
   91.80      0.2921E-03
   91.90      0.2907E-03
   92.00      0.2894E-03
   92.10      0.2880E-03
   92.20      0.2866E-03
   92.30      0.2852E-03
   92.40      0.2838E-03
   92.50      0.2824E-03
   92.60      0.2809E-03
   92.70      0.2794E-03
   92.80      0.2779E-03
   92.90      0.2763E-03
   93.00      0.2747E-03
   93.10      0.2731E-03
   93.20      0.2714E-03
   93.30      0.2697E-03
   93.40      0.2679E-03
   93.50      0.2662E-03
   93.60      0.2643E-03
   93.70      0.2625E-03
   93.80      0.2606E-03
   93.90      0.2586E-03
   94.00      0.2566E-03
   94.10      0.2546E-03
   94.20      0.2526E-03
   94.30      0.2505E-03
   94.40      0.2484E-03
   94.50      0.2463E-03
   94.60      0.2442E-03
   94.70      0.2420E-03
   94.80      0.2398E-03
   94.90      0.2376E-03
   95.00      0.2354E-03
   95.10      0.2332E-03
   95.20      0.2310E-03
   95.30      0.2287E-03
   95.40      0.2265E-03
   95.50      0.2243E-03
   95.60      0.2221E-03
   95.70      0.2198E-03
   95.80      0.2176E-03
   95.90      0.2155E-03
   96.00      0.2133E-03
   96.10      0.2111E-03
   96.20      0.2090E-03
   96.30      0.2069E-03
   96.40      0.2048E-03
   96.50      0.2027E-03
   96.60      0.2007E-03
   96.70      0.1987E-03
   96.80      0.1967E-03
   96.90      0.1947E-03
   97.00      0.1928E-03
   97.10      0.1909E-03
   97.20      0.1890E-03
   97.30      0.1872E-03
   97.40      0.1854E-03
   97.50      0.1836E-03
   97.60      0.1818E-03
   97.70      0.1801E-03
   97.80      0.1784E-03
   97.90      0.1767E-03
   98.00      0.1751E-03
   98.10      0.1734E-03
   98.20      0.1718E-03
   98.30      0.1702E-03
   98.40      0.1687E-03
   98.50      0.1672E-03
   98.60      0.1656E-03
   98.70      0.1641E-03
   98.80      0.1627E-03
   98.90      0.1612E-03
   99.00      0.1598E-03
   99.10      0.1583E-03
   99.20      0.1569E-03
   99.30      0.1555E-03
   99.40      0.1541E-03
   99.50      0.1528E-03
   99.60      0.1514E-03
   99.70      0.1501E-03
   99.80      0.1488E-03
   99.90      0.1475E-03
   100.0      0.1462E-03
   100.1      0.1449E-03
   100.2      0.1437E-03
   100.3      0.1424E-03
   100.4      0.1412E-03
   100.5      0.1400E-03
   100.6      0.1389E-03
   100.7      0.1377E-03
   100.8      0.1366E-03
   100.9      0.1354E-03
   101.0      0.1344E-03
   101.1      0.1333E-03
   101.2      0.1322E-03
   101.3      0.1312E-03
   101.4      0.1302E-03
   101.5      0.1292E-03
   101.6      0.1283E-03
   101.7      0.1274E-03
   101.8      0.1265E-03
   101.9      0.1256E-03
   102.0      0.1248E-03
   102.1      0.1239E-03
   102.2      0.1232E-03
   102.3      0.1224E-03
   102.4      0.1216E-03
   102.5      0.1209E-03
   102.6      0.1202E-03
   102.7      0.1196E-03
   102.8      0.1189E-03
   102.9      0.1183E-03
   103.0      0.1177E-03
   103.1      0.1171E-03
   103.2      0.1166E-03
   103.3      0.1161E-03
   103.4      0.1155E-03
   103.5      0.1150E-03
   103.6      0.1146E-03
   103.7      0.1141E-03
   103.8      0.1136E-03
   103.9      0.1132E-03
   104.0      0.1128E-03
   104.1      0.1124E-03
   104.2      0.1120E-03
   104.3      0.1116E-03
   104.4      0.1112E-03
   104.5      0.1108E-03
   104.6      0.1105E-03
   104.7      0.1101E-03
   104.8      0.1098E-03
   104.9      0.1095E-03
   105.0      0.1091E-03
   105.1      0.1088E-03
   105.2      0.1085E-03
   105.3      0.1082E-03
   105.4      0.1079E-03
   105.5      0.1076E-03
   105.6      0.1073E-03
   105.7      0.1071E-03
   105.8      0.1068E-03
   105.9      0.1066E-03
   106.0      0.1063E-03
   106.1      0.1061E-03
   106.2      0.1059E-03
   106.3      0.1057E-03
   106.4      0.1055E-03
   106.5      0.1053E-03
   106.6      0.1051E-03
   106.7      0.1050E-03
   106.8      0.1048E-03
   106.9      0.1047E-03
   107.0      0.1046E-03
   107.1      0.1045E-03
   107.2      0.1044E-03
   107.3      0.1043E-03
   107.4      0.1042E-03
   107.5      0.1042E-03
   107.6      0.1041E-03
   107.7      0.1041E-03
   107.8      0.1041E-03
   107.9      0.1041E-03
   108.0      0.1041E-03
   108.1      0.1041E-03
   108.2      0.1042E-03
   108.3      0.1042E-03
   108.4      0.1042E-03
   108.5      0.1043E-03
   108.6      0.1044E-03
   108.7      0.1044E-03
   108.8      0.1045E-03
   108.9      0.1045E-03
   109.0      0.1046E-03
   109.1      0.1046E-03
   109.2      0.1047E-03
   109.3      0.1047E-03
   109.4      0.1048E-03
   109.5      0.1048E-03
   109.6      0.1048E-03
   109.7      0.1049E-03
   109.8      0.1049E-03
   109.9      0.1049E-03
   110.0      0.1048E-03
   110.1      0.1048E-03
   110.2      0.1048E-03
   110.3      0.1047E-03
   110.4      0.1047E-03
   110.5      0.1046E-03
   110.6      0.1045E-03
   110.7      0.1044E-03
   110.8      0.1043E-03
   110.9      0.1041E-03
   111.0      0.1040E-03
   111.1      0.1038E-03
   111.2      0.1037E-03
   111.3      0.1035E-03
   111.4      0.1033E-03
   111.5      0.1031E-03
   111.6      0.1029E-03
   111.7      0.1027E-03
   111.8      0.1024E-03
   111.9      0.1022E-03
   112.0      0.1020E-03
   112.1      0.1018E-03
   112.2      0.1016E-03
   112.3      0.1013E-03
   112.4      0.1011E-03
   112.5      0.1009E-03
   112.6      0.1007E-03
   112.7      0.1005E-03
   112.8      0.1002E-03
   112.9      0.1000E-03
   113.0      0.9985E-04
   113.1      0.9967E-04
   113.2      0.9949E-04
   113.3      0.9932E-04
   113.4      0.9916E-04
   113.5      0.9901E-04
   113.6      0.9887E-04
   113.7      0.9874E-04
   113.8      0.9862E-04
   113.9      0.9850E-04
   114.0      0.9840E-04
   114.1      0.9830E-04
   114.2      0.9821E-04
   114.3      0.9812E-04
   114.4      0.9804E-04
   114.5      0.9796E-04
   114.6      0.9788E-04
   114.7      0.9781E-04
   114.8      0.9774E-04
   114.9      0.9767E-04
   115.0      0.9759E-04
   115.1      0.9752E-04
   115.2      0.9744E-04
   115.3      0.9735E-04
   115.4      0.9726E-04
   115.5      0.9716E-04
   115.6      0.9706E-04
   115.7      0.9694E-04
   115.8      0.9682E-04
   115.9      0.9669E-04
   116.0      0.9654E-04
   116.1      0.9639E-04
   116.2      0.9622E-04
   116.3      0.9604E-04
   116.4      0.9585E-04
   116.5      0.9564E-04
   116.6      0.9543E-04
   116.7      0.9520E-04
   116.8      0.9496E-04
   116.9      0.9471E-04
   117.0      0.9445E-04
   117.1      0.9418E-04
   117.2      0.9390E-04
   117.3      0.9362E-04
   117.4      0.9332E-04
   117.5      0.9302E-04
   117.6      0.9272E-04
   117.7      0.9241E-04
   117.8      0.9210E-04
   117.9      0.9178E-04
   118.0      0.9147E-04
   118.1      0.9116E-04
   118.2      0.9085E-04
   118.3      0.9054E-04
   118.4      0.9024E-04
   118.5      0.8994E-04
   118.6      0.8965E-04
   118.7      0.8937E-04
   118.8      0.8909E-04
   118.9      0.8882E-04
   119.0      0.8857E-04
   119.1      0.8832E-04
   119.2      0.8809E-04
   119.3      0.8786E-04
   119.4      0.8765E-04
   119.5      0.8745E-04
   119.6      0.8725E-04
   119.7      0.8707E-04
   119.8      0.8690E-04
   119.9      0.8674E-04
   120.0      0.8660E-04
   120.1      0.8646E-04
   120.2      0.8632E-04
   120.3      0.8620E-04
   120.4      0.8608E-04
   120.5      0.8597E-04
   120.6      0.8587E-04
   120.7      0.8577E-04
   120.8      0.8567E-04
   120.9      0.8558E-04
   121.0      0.8548E-04
   121.1      0.8539E-04
   121.2      0.8529E-04
   121.3      0.8519E-04
   121.4      0.8509E-04
   121.5      0.8499E-04
   121.6      0.8488E-04
   121.7      0.8477E-04
   121.8      0.8465E-04
   121.9      0.8452E-04
   122.0      0.8439E-04
   122.1      0.8425E-04
   122.2      0.8410E-04
   122.3      0.8394E-04
   122.4      0.8378E-04
   122.5      0.8361E-04
   122.6      0.8342E-04
   122.7      0.8324E-04
   122.8      0.8304E-04
   122.9      0.8284E-04
   123.0      0.8263E-04
   123.1      0.8242E-04
   123.2      0.8220E-04
   123.3      0.8198E-04
   123.4      0.8175E-04
   123.5      0.8153E-04
   123.6      0.8130E-04
   123.7      0.8107E-04
   123.8      0.8084E-04
   123.9      0.8062E-04
   124.0      0.8040E-04
   124.1      0.8018E-04
   124.2      0.7996E-04
   124.3      0.7976E-04
   124.4      0.7956E-04
   124.5      0.7936E-04
   124.6      0.7918E-04
   124.7      0.7901E-04
   124.8      0.7884E-04
   124.9      0.7869E-04
   125.0      0.7854E-04
   125.1      0.7841E-04
   125.2      0.7829E-04
   125.3      0.7818E-04
   125.4      0.7809E-04
   125.5      0.7800E-04
   125.6      0.7793E-04
   125.7      0.7786E-04
   125.8      0.7781E-04
   125.9      0.7777E-04
   126.0      0.7774E-04
   126.1      0.7772E-04
   126.2      0.7771E-04
   126.3      0.7771E-04
   126.4      0.7771E-04
   126.5      0.7772E-04
   126.6      0.7774E-04
   126.7      0.7776E-04
   126.8      0.7778E-04
   126.9      0.7781E-04
   127.0      0.7784E-04
   127.1      0.7787E-04
   127.2      0.7790E-04
   127.3      0.7794E-04
   127.4      0.7797E-04
   127.5      0.7800E-04
   127.6      0.7802E-04
   127.7      0.7804E-04
   127.8      0.7806E-04
   127.9      0.7808E-04
   128.0      0.7809E-04
   128.1      0.7810E-04
   128.2      0.7810E-04
   128.3      0.7810E-04
   128.4      0.7810E-04
   128.5      0.7809E-04
   128.6      0.7807E-04
   128.7      0.7805E-04
   128.8      0.7803E-04
   128.9      0.7801E-04
   129.0      0.7798E-04
   129.1      0.7795E-04
   129.2      0.7792E-04
   129.3      0.7789E-04
   129.4      0.7786E-04
   129.5      0.7784E-04
   129.6      0.7781E-04
   129.7      0.7779E-04
   129.8      0.7777E-04
   129.9      0.7775E-04
   130.0      0.7774E-04
   130.1      0.7774E-04
   130.2      0.7774E-04
   130.3      0.7775E-04
   130.4      0.7776E-04
   130.5      0.7779E-04
   130.6      0.7782E-04
   130.7      0.7786E-04
   130.8      0.7791E-04
   130.9      0.7798E-04
   131.0      0.7805E-04
   131.1      0.7813E-04
   131.2      0.7822E-04
   131.3      0.7832E-04
   131.4      0.7843E-04
   131.5      0.7854E-04
   131.6      0.7867E-04
   131.7      0.7880E-04
   131.8      0.7895E-04
   131.9      0.7909E-04
   132.0      0.7925E-04
   132.1      0.7941E-04
   132.2      0.7957E-04
   132.3      0.7974E-04
   132.4      0.7991E-04
   132.5      0.8008E-04
   132.6      0.8025E-04
   132.7      0.8043E-04
   132.8      0.8060E-04
   132.9      0.8077E-04
   133.0      0.8094E-04
   133.1      0.8110E-04
   133.2      0.8127E-04
   133.3      0.8142E-04
   133.4      0.8157E-04
   133.5      0.8172E-04
   133.6      0.8186E-04
   133.7      0.8199E-04
   133.8      0.8212E-04
   133.9      0.8223E-04
   134.0      0.8235E-04
   134.1      0.8245E-04
   134.2      0.8255E-04
   134.3      0.8264E-04
   134.4      0.8272E-04
   134.5      0.8280E-04
   134.6      0.8287E-04
   134.7      0.8293E-04
   134.8      0.8299E-04
   134.9      0.8305E-04
   135.0      0.8310E-04
   135.1      0.8315E-04
   135.2      0.8320E-04
   135.3      0.8324E-04
   135.4      0.8329E-04
   135.5      0.8333E-04
   135.6      0.8338E-04
   135.7      0.8343E-04
   135.8      0.8348E-04
   135.9      0.8353E-04
   136.0      0.8359E-04
   136.1      0.8365E-04
   136.2      0.8372E-04
   136.3      0.8380E-04
   136.4      0.8388E-04
   136.5      0.8397E-04
   136.6      0.8407E-04
   136.7      0.8417E-04
   136.8      0.8428E-04
   136.9      0.8440E-04
   137.0      0.8453E-04
   137.1      0.8467E-04
   137.2      0.8481E-04
   137.3      0.8496E-04
   137.4      0.8512E-04
   137.5      0.8529E-04
   137.6      0.8546E-04
   137.7      0.8564E-04
   137.8      0.8582E-04
   137.9      0.8601E-04
   138.0      0.8620E-04
   138.1      0.8639E-04
   138.2      0.8659E-04
   138.3      0.8679E-04
   138.4      0.8699E-04
   138.5      0.8719E-04
   138.6      0.8739E-04
   138.7      0.8758E-04
   138.8      0.8778E-04
   138.9      0.8797E-04
   139.0      0.8815E-04
   139.1      0.8833E-04
   139.2      0.8851E-04
   139.3      0.8868E-04
   139.4      0.8884E-04
   139.5      0.8899E-04
   139.6      0.8914E-04
   139.7      0.8928E-04
   139.8      0.8942E-04
   139.9      0.8954E-04
   140.0      0.8966E-04
   140.1      0.8977E-04
   140.2      0.8987E-04
   140.3      0.8996E-04
   140.4      0.9005E-04
   140.5      0.9013E-04
   140.6      0.9021E-04
   140.7      0.9028E-04
   140.8      0.9034E-04
   140.9      0.9040E-04
   141.0      0.9046E-04
   141.1      0.9051E-04
   141.2      0.9057E-04
   141.3      0.9062E-04
   141.4      0.9067E-04
   141.5      0.9072E-04
   141.6      0.9078E-04
   141.7      0.9083E-04
   141.8      0.9089E-04
   141.9      0.9096E-04
   142.0      0.9103E-04
   142.1      0.9110E-04
   142.2      0.9118E-04
   142.3      0.9127E-04
   142.4      0.9136E-04
   142.5      0.9146E-04
   142.6      0.9157E-04
   142.7      0.9169E-04
   142.8      0.9182E-04
   142.9      0.9196E-04
   143.0      0.9210E-04
   143.1      0.9226E-04
   143.2      0.9242E-04
   143.3      0.9259E-04
   143.4      0.9277E-04
   143.5      0.9296E-04
   143.6      0.9315E-04
   143.7      0.9335E-04
   143.8      0.9356E-04
   143.9      0.9378E-04
   144.0      0.9400E-04
   144.1      0.9422E-04
   144.2      0.9445E-04
   144.3      0.9468E-04
   144.4      0.9491E-04
   144.5      0.9515E-04
   144.6      0.9538E-04
   144.7      0.9562E-04
   144.8      0.9585E-04
   144.9      0.9609E-04
   145.0      0.9632E-04
   145.1      0.9655E-04
   145.2      0.9677E-04
   145.3      0.9700E-04
   145.4      0.9721E-04
   145.5      0.9743E-04
   145.6      0.9763E-04
   145.7      0.9783E-04
   145.8      0.9803E-04
   145.9      0.9822E-04
   146.0      0.9841E-04
   146.1      0.9858E-04
   146.2      0.9876E-04
   146.3      0.9892E-04
   146.4      0.9909E-04
   146.5      0.9924E-04
   146.6      0.9939E-04
   146.7      0.9954E-04
   146.8      0.9969E-04
   146.9      0.9983E-04
   147.0      0.9996E-04
   147.1      0.1001E-03
   147.2      0.1002E-03
   147.3      0.1004E-03
   147.4      0.1005E-03
   147.5      0.1006E-03
   147.6      0.1008E-03
   147.7      0.1009E-03
   147.8      0.1011E-03
   147.9      0.1012E-03
   148.0      0.1013E-03
   148.1      0.1015E-03
   148.2      0.1017E-03
   148.3      0.1018E-03
   148.4      0.1020E-03
   148.5      0.1022E-03
   148.6      0.1024E-03
   148.7      0.1026E-03
   148.8      0.1028E-03
   148.9      0.1030E-03
   149.0      0.1032E-03
   149.1      0.1034E-03
   149.2      0.1037E-03
   149.3      0.1039E-03
   149.4      0.1042E-03
   149.5      0.1044E-03
   149.6      0.1047E-03
   149.7      0.1050E-03
   149.8      0.1053E-03
   149.9      0.1056E-03
   150.0      0.1059E-03
   150.1      0.1062E-03
   150.2      0.1065E-03
   150.3      0.1068E-03
   150.4      0.1071E-03
   150.5      0.1075E-03
   150.6      0.1078E-03
   150.7      0.1082E-03
   150.8      0.1085E-03
   150.9      0.1089E-03
   151.0      0.1092E-03
   151.1      0.1096E-03
   151.2      0.1099E-03
   151.3      0.1103E-03
   151.4      0.1106E-03
   151.5      0.1110E-03
   151.6      0.1113E-03
   151.7      0.1117E-03
   151.8      0.1120E-03
   151.9      0.1124E-03
   152.0      0.1127E-03
   152.1      0.1131E-03
   152.2      0.1134E-03
   152.3      0.1138E-03
   152.4      0.1141E-03
   152.5      0.1145E-03
   152.6      0.1148E-03
   152.7      0.1152E-03
   152.8      0.1155E-03
   152.9      0.1158E-03
   153.0      0.1162E-03
   153.1      0.1165E-03
   153.2      0.1168E-03
   153.3      0.1171E-03
   153.4      0.1175E-03
   153.5      0.1178E-03
   153.6      0.1181E-03
   153.7      0.1185E-03
   153.8      0.1188E-03
   153.9      0.1191E-03
   154.0      0.1195E-03
   154.1      0.1198E-03
   154.2      0.1201E-03
   154.3      0.1205E-03
   154.4      0.1208E-03
   154.5      0.1212E-03
   154.6      0.1215E-03
   154.7      0.1219E-03
   154.8      0.1223E-03
   154.9      0.1226E-03
   155.0      0.1230E-03
   155.1      0.1234E-03
   155.2      0.1238E-03
   155.3      0.1242E-03
   155.4      0.1246E-03
   155.5      0.1250E-03
   155.6      0.1254E-03
   155.7      0.1259E-03
   155.8      0.1263E-03
   155.9      0.1268E-03
   156.0      0.1272E-03
   156.1      0.1277E-03
   156.2      0.1282E-03
   156.3      0.1287E-03
   156.4      0.1292E-03
   156.5      0.1297E-03
   156.6      0.1302E-03
   156.7      0.1307E-03
   156.8      0.1313E-03
   156.9      0.1318E-03
   157.0      0.1324E-03
   157.1      0.1329E-03
   157.2      0.1335E-03
   157.3      0.1341E-03
   157.4      0.1347E-03
   157.5      0.1353E-03
   157.6      0.1359E-03
   157.7      0.1365E-03
   157.8      0.1372E-03
   157.9      0.1378E-03
   158.0      0.1384E-03
   158.1      0.1391E-03
   158.2      0.1398E-03
   158.3      0.1404E-03
   158.4      0.1411E-03
   158.5      0.1418E-03
   158.6      0.1424E-03
   158.7      0.1431E-03
   158.8      0.1438E-03
   158.9      0.1445E-03
   159.0      0.1452E-03
   159.1      0.1459E-03
   159.2      0.1466E-03
   159.3      0.1473E-03
   159.4      0.1480E-03
   159.5      0.1487E-03
   159.6      0.1494E-03
   159.7      0.1501E-03
   159.8      0.1508E-03
   159.9      0.1515E-03
   160.0      0.1522E-03
   160.1      0.1529E-03
   160.2      0.1535E-03
   160.3      0.1542E-03
   160.4      0.1549E-03
   160.5      0.1556E-03
   160.6      0.1563E-03
   160.7      0.1569E-03
   160.8      0.1576E-03
   160.9      0.1583E-03
   161.0      0.1589E-03
   161.1      0.1596E-03
   161.2      0.1603E-03
   161.3      0.1609E-03
   161.4      0.1616E-03
   161.5      0.1623E-03
   161.6      0.1630E-03
   161.7      0.1636E-03
   161.8      0.1643E-03
   161.9      0.1650E-03
   162.0      0.1657E-03
   162.1      0.1665E-03
   162.2      0.1672E-03
   162.3      0.1679E-03
   162.4      0.1687E-03
   162.5      0.1695E-03
   162.6      0.1703E-03
   162.7      0.1711E-03
   162.8      0.1720E-03
   162.9      0.1729E-03
   163.0      0.1738E-03
   163.1      0.1747E-03
   163.2      0.1757E-03
   163.3      0.1767E-03
   163.4      0.1777E-03
   163.5      0.1788E-03
   163.6      0.1799E-03
   163.7      0.1811E-03
   163.8      0.1823E-03
   163.9      0.1835E-03
   164.0      0.1848E-03
   164.1      0.1861E-03
   164.2      0.1875E-03
   164.3      0.1889E-03
   164.4      0.1904E-03
   164.5      0.1919E-03
   164.6      0.1935E-03
   164.7      0.1951E-03
   164.8      0.1967E-03
   164.9      0.1984E-03
   165.0      0.2002E-03
   165.1      0.2020E-03
   165.2      0.2038E-03
   165.3      0.2057E-03
   165.4      0.2076E-03
   165.5      0.2096E-03
   165.6      0.2116E-03
   165.7      0.2137E-03
   165.8      0.2157E-03
   165.9      0.2179E-03
   166.0      0.2200E-03
   166.1      0.2222E-03
   166.2      0.2244E-03
   166.3      0.2267E-03
   166.4      0.2289E-03
   166.5      0.2312E-03
   166.6      0.2336E-03
   166.7      0.2359E-03
   166.8      0.2383E-03
   166.9      0.2407E-03
   167.0      0.2431E-03
   167.1      0.2455E-03
   167.2      0.2479E-03
   167.3      0.2504E-03
   167.4      0.2528E-03
   167.5      0.2553E-03
   167.6      0.2578E-03
   167.7      0.2603E-03
   167.8      0.2628E-03
   167.9      0.2653E-03
   168.0      0.2678E-03
   168.1      0.2704E-03
   168.2      0.2730E-03
   168.3      0.2755E-03
   168.4      0.2782E-03
   168.5      0.2808E-03
   168.6      0.2834E-03
   168.7      0.2861E-03
   168.8      0.2888E-03
   168.9      0.2915E-03
   169.0      0.2943E-03
   169.1      0.2971E-03
   169.2      0.3000E-03
   169.3      0.3028E-03
   169.4      0.3058E-03
   169.5      0.3088E-03
   169.6      0.3118E-03
   169.7      0.3149E-03
   169.8      0.3180E-03
   169.9      0.3213E-03
   170.0      0.3245E-03
   170.1      0.3279E-03
   170.2      0.3313E-03
   170.3      0.3349E-03
   170.4      0.3385E-03
   170.5      0.3421E-03
   170.6      0.3459E-03
   170.7      0.3498E-03
   170.8      0.3537E-03
   170.9      0.3578E-03
   171.0      0.3620E-03
   171.1      0.3662E-03
   171.2      0.3706E-03
   171.3      0.3750E-03
   171.4      0.3796E-03
   171.5      0.3843E-03
   171.6      0.3891E-03
   171.7      0.3940E-03
   171.8      0.3990E-03
   171.9      0.4041E-03
   172.0      0.4093E-03
   172.1      0.4146E-03
   172.2      0.4200E-03
   172.3      0.4255E-03
   172.4      0.4312E-03
   172.5      0.4369E-03
   172.6      0.4427E-03
   172.7      0.4486E-03
   172.8      0.4546E-03
   172.9      0.4606E-03
   173.0      0.4668E-03
   173.1      0.4730E-03
   173.2      0.4793E-03
   173.3      0.4857E-03
   173.4      0.4921E-03
   173.5      0.4986E-03
   173.6      0.5051E-03
   173.7      0.5117E-03
   173.8      0.5183E-03
   173.9      0.5249E-03
   174.0      0.5316E-03
   174.1      0.5383E-03
   174.2      0.5451E-03
   174.3      0.5518E-03
   174.4      0.5586E-03
   174.5      0.5653E-03
   174.6      0.5721E-03
   174.7      0.5788E-03
   174.8      0.5856E-03
   174.9      0.5923E-03
   175.0      0.5989E-03
   175.1      0.6056E-03
   175.2      0.6122E-03
   175.3      0.6188E-03
   175.4      0.6253E-03
   175.5      0.6317E-03
   175.6      0.6381E-03
   175.7      0.6445E-03
   175.8      0.6508E-03
   175.9      0.6569E-03
   176.0      0.6631E-03
   176.1      0.6691E-03
   176.2      0.6750E-03
   176.3      0.6809E-03
   176.4      0.6866E-03
   176.5      0.6923E-03
   176.6      0.6978E-03
   176.7      0.7033E-03
   176.8      0.7086E-03
   176.9      0.7138E-03
   177.0      0.7189E-03
   177.1      0.7238E-03
   177.2      0.7286E-03
   177.3      0.7333E-03
   177.4      0.7379E-03
   177.5      0.7423E-03
   177.6      0.7466E-03
   177.7      0.7507E-03
   177.8      0.7546E-03
   177.9      0.7585E-03
   178.0      0.7621E-03
   178.1      0.7656E-03
   178.2      0.7690E-03
   178.3      0.7721E-03
   178.4      0.7751E-03
   178.5      0.7780E-03
   178.6      0.7806E-03
   178.7      0.7831E-03
   178.8      0.7854E-03
   178.9      0.7876E-03
   179.0      0.7895E-03
   179.1      0.7913E-03
   179.2      0.7929E-03
   179.3      0.7943E-03
   179.4      0.7955E-03
   179.5      0.7966E-03
   179.6      0.7974E-03
   179.7      0.7981E-03
   179.8      0.7985E-03
   179.9      0.7988E-03
   180.0      0.7989E-03
 END
