#1801 angles,  1 tensor ranks for 0=projectile
@subtitle   "12C(7Li,6Li)13C @ Ed=49 MeV;"                                                  
@legend ON
@legend x1 0.2
@legend y1 0.8
@g0 type LOGY
@yaxis ticklabel format power
@legend string   0 "Lab energy =   49.0000"
#legend string   0 "Partition=  2 Excit=  4 near/far= 1"
#  Theta       sigma       iT11        T20         T21         T22         Kyy for projectile
   0.000       16.09    
  0.1000       16.09    
  0.2000       16.09    
  0.3000       16.09    
  0.4000       16.08    
  0.5000       16.07    
  0.6000       16.06    
  0.7000       16.05    
  0.8000       16.04    
  0.9000       16.03    
   1.000       16.01    
   1.100       15.99    
   1.200       15.98    
   1.300       15.95    
   1.400       15.93    
   1.500       15.91    
   1.600       15.88    
   1.700       15.86    
   1.800       15.83    
   1.900       15.80    
   2.000       15.77    
   2.100       15.74    
   2.200       15.70    
   2.300       15.67    
   2.400       15.63    
   2.500       15.59    
   2.600       15.55    
   2.700       15.51    
   2.800       15.47    
   2.900       15.42    
   3.000       15.38    
   3.100       15.33    
   3.200       15.28    
   3.300       15.23    
   3.400       15.18    
   3.500       15.13    
   3.600       15.08    
   3.700       15.02    
   3.800       14.97    
   3.900       14.91    
   4.000       14.85    
   4.100       14.79    
   4.200       14.73    
   4.300       14.67    
   4.400       14.61    
   4.500       14.55    
   4.600       14.48    
   4.700       14.42    
   4.800       14.35    
   4.900       14.29    
   5.000       14.22    
   5.100       14.15    
   5.200       14.08    
   5.300       14.01    
   5.400       13.94    
   5.500       13.86    
   5.600       13.79    
   5.700       13.71    
   5.800       13.64    
   5.900       13.56    
   6.000       13.49    
   6.100       13.41    
   6.200       13.33    
   6.300       13.25    
   6.400       13.17    
   6.500       13.09    
   6.600       13.01    
   6.700       12.93    
   6.800       12.84    
   6.900       12.76    
   7.000       12.67    
   7.100       12.59    
   7.200       12.50    
   7.300       12.41    
   7.400       12.33    
   7.500       12.24    
   7.600       12.15    
   7.700       12.06    
   7.800       11.97    
   7.900       11.88    
   8.000       11.79    
   8.100       11.70    
   8.200       11.60    
   8.300       11.51    
   8.400       11.42    
   8.500       11.32    
   8.600       11.23    
   8.700       11.13    
   8.800       11.03    
   8.900       10.94    
   9.000       10.84    
   9.100       10.74    
   9.200       10.64    
   9.300       10.54    
   9.400       10.44    
   9.500       10.34    
   9.600       10.24    
   9.700       10.14    
   9.800       10.04    
   9.900       9.936    
   10.00       9.834    
   10.10       9.731    
   10.20       9.627    
   10.30       9.523    
   10.40       9.419    
   10.50       9.315    
   10.60       9.210    
   10.70       9.105    
   10.80       8.999    
   10.90       8.894    
   11.00       8.788    
   11.10       8.681    
   11.20       8.575    
   11.30       8.469    
   11.40       8.362    
   11.50       8.255    
   11.60       8.148    
   11.70       8.041    
   11.80       7.935    
   11.90       7.828    
   12.00       7.721    
   12.10       7.614    
   12.20       7.507    
   12.30       7.400    
   12.40       7.294    
   12.50       7.188    
   12.60       7.081    
   12.70       6.976    
   12.80       6.870    
   12.90       6.765    
   13.00       6.660    
   13.10       6.555    
   13.20       6.451    
   13.30       6.347    
   13.40       6.244    
   13.50       6.142    
   13.60       6.039    
   13.70       5.938    
   13.80       5.837    
   13.90       5.736    
   14.00       5.637    
   14.10       5.538    
   14.20       5.439    
   14.30       5.342    
   14.40       5.245    
   14.50       5.149    
   14.60       5.054    
   14.70       4.960    
   14.80       4.867    
   14.90       4.774    
   15.00       4.683    
   15.10       4.593    
   15.20       4.503    
   15.30       4.415    
   15.40       4.328    
   15.50       4.241    
   15.60       4.156    
   15.70       4.072    
   15.80       3.989    
   15.90       3.908    
   16.00       3.827    
   16.10       3.748    
   16.20       3.669    
   16.30       3.592    
   16.40       3.517    
   16.50       3.442    
   16.60       3.369    
   16.70       3.297    
   16.80       3.226    
   16.90       3.157    
   17.00       3.089    
   17.10       3.022    
   17.20       2.956    
   17.30       2.892    
   17.40       2.829    
   17.50       2.767    
   17.60       2.707    
   17.70       2.648    
   17.80       2.590    
   17.90       2.534    
   18.00       2.478    
   18.10       2.424    
   18.20       2.372    
   18.30       2.320    
   18.40       2.270    
   18.50       2.221    
   18.60       2.174    
   18.70       2.127    
   18.80       2.082    
   18.90       2.038    
   19.00       1.995    
   19.10       1.954    
   19.20       1.913    
   19.30       1.874    
   19.40       1.836    
   19.50       1.799    
   19.60       1.763    
   19.70       1.728    
   19.80       1.694    
   19.90       1.661    
   20.00       1.629    
   20.10       1.599    
   20.20       1.569    
   20.30       1.540    
   20.40       1.512    
   20.50       1.485    
   20.60       1.459    
   20.70       1.434    
   20.80       1.410    
   20.90       1.386    
   21.00       1.364    
   21.10       1.342    
   21.20       1.321    
   21.30       1.301    
   21.40       1.281    
   21.50       1.262    
   21.60       1.244    
   21.70       1.226    
   21.80       1.209    
   21.90       1.193    
   22.00       1.177    
   22.10       1.162    
   22.20       1.148    
   22.30       1.134    
   22.40       1.120    
   22.50       1.107    
   22.60       1.094    
   22.70       1.082    
   22.80       1.070    
   22.90       1.059    
   23.00       1.048    
   23.10       1.037    
   23.20       1.027    
   23.30       1.017    
   23.40       1.008    
   23.50      0.9982    
   23.60      0.9891    
   23.70      0.9803    
   23.80      0.9716    
   23.90      0.9633    
   24.00      0.9551    
   24.10      0.9471    
   24.20      0.9393    
   24.30      0.9316    
   24.40      0.9241    
   24.50      0.9167    
   24.60      0.9095    
   24.70      0.9023    
   24.80      0.8953    
   24.90      0.8883    
   25.00      0.8814    
   25.10      0.8746    
   25.20      0.8678    
   25.30      0.8611    
   25.40      0.8544    
   25.50      0.8477    
   25.60      0.8410    
   25.70      0.8344    
   25.80      0.8277    
   25.90      0.8211    
   26.00      0.8144    
   26.10      0.8078    
   26.20      0.8011    
   26.30      0.7943    
   26.40      0.7876    
   26.50      0.7808    
   26.60      0.7740    
   26.70      0.7671    
   26.80      0.7602    
   26.90      0.7533    
   27.00      0.7463    
   27.10      0.7392    
   27.20      0.7322    
   27.30      0.7250    
   27.40      0.7178    
   27.50      0.7106    
   27.60      0.7033    
   27.70      0.6960    
   27.80      0.6886    
   27.90      0.6811    
   28.00      0.6736    
   28.10      0.6661    
   28.20      0.6585    
   28.30      0.6509    
   28.40      0.6433    
   28.50      0.6356    
   28.60      0.6279    
   28.70      0.6201    
   28.80      0.6123    
   28.90      0.6045    
   29.00      0.5967    
   29.10      0.5889    
   29.20      0.5810    
   29.30      0.5731    
   29.40      0.5653    
   29.50      0.5574    
   29.60      0.5495    
   29.70      0.5417    
   29.80      0.5338    
   29.90      0.5260    
   30.00      0.5181    
   30.10      0.5103    
   30.20      0.5026    
   30.30      0.4948    
   30.40      0.4871    
   30.50      0.4794    
   30.60      0.4718    
   30.70      0.4642    
   30.80      0.4567    
   30.90      0.4492    
   31.00      0.4418    
   31.10      0.4344    
   31.20      0.4271    
   31.30      0.4199    
   31.40      0.4127    
   31.50      0.4057    
   31.60      0.3987    
   31.70      0.3917    
   31.80      0.3849    
   31.90      0.3782    
   32.00      0.3715    
   32.10      0.3649    
   32.20      0.3585    
   32.30      0.3521    
   32.40      0.3458    
   32.50      0.3397    
   32.60      0.3336    
   32.70      0.3276    
   32.80      0.3218    
   32.90      0.3161    
   33.00      0.3104    
   33.10      0.3049    
   33.20      0.2995    
   33.30      0.2942    
   33.40      0.2890    
   33.50      0.2839    
   33.60      0.2790    
   33.70      0.2741    
   33.80      0.2694    
   33.90      0.2648    
   34.00      0.2603    
   34.10      0.2559    
   34.20      0.2516    
   34.30      0.2474    
   34.40      0.2434    
   34.50      0.2394    
   34.60      0.2356    
   34.70      0.2319    
   34.80      0.2283    
   34.90      0.2248    
   35.00      0.2213    
   35.10      0.2180    
   35.20      0.2148    
   35.30      0.2117    
   35.40      0.2087    
   35.50      0.2058    
   35.60      0.2030    
   35.70      0.2003    
   35.80      0.1976    
   35.90      0.1951    
   36.00      0.1926    
   36.10      0.1902    
   36.20      0.1879    
   36.30      0.1857    
   36.40      0.1836    
   36.50      0.1815    
   36.60      0.1795    
   36.70      0.1776    
   36.80      0.1757    
   36.90      0.1739    
   37.00      0.1722    
   37.10      0.1705    
   37.20      0.1689    
   37.30      0.1673    
   37.40      0.1658    
   37.50      0.1643    
   37.60      0.1629    
   37.70      0.1615    
   37.80      0.1602    
   37.90      0.1589    
   38.00      0.1576    
   38.10      0.1564    
   38.20      0.1552    
   38.30      0.1540    
   38.40      0.1529    
   38.50      0.1518    
   38.60      0.1507    
   38.70      0.1497    
   38.80      0.1486    
   38.90      0.1476    
   39.00      0.1466    
   39.10      0.1456    
   39.20      0.1446    
   39.30      0.1437    
   39.40      0.1427    
   39.50      0.1418    
   39.60      0.1408    
   39.70      0.1399    
   39.80      0.1390    
   39.90      0.1381    
   40.00      0.1371    
   40.10      0.1362    
   40.20      0.1353    
   40.30      0.1344    
   40.40      0.1334    
   40.50      0.1325    
   40.60      0.1316    
   40.70      0.1306    
   40.80      0.1297    
   40.90      0.1287    
   41.00      0.1278    
   41.10      0.1268    
   41.20      0.1259    
   41.30      0.1249    
   41.40      0.1239    
   41.50      0.1229    
   41.60      0.1219    
   41.70      0.1209    
   41.80      0.1198    
   41.90      0.1188    
   42.00      0.1177    
   42.10      0.1167    
   42.20      0.1156    
   42.30      0.1145    
   42.40      0.1135    
   42.50      0.1124    
   42.60      0.1113    
   42.70      0.1102    
   42.80      0.1090    
   42.90      0.1079    
   43.00      0.1068    
   43.10      0.1056    
   43.20      0.1045    
   43.30      0.1033    
   43.40      0.1022    
   43.50      0.1010    
   43.60      0.9982E-01
   43.70      0.9865E-01
   43.80      0.9747E-01
   43.90      0.9628E-01
   44.00      0.9510E-01
   44.10      0.9391E-01
   44.20      0.9271E-01
   44.30      0.9152E-01
   44.40      0.9033E-01
   44.50      0.8914E-01
   44.60      0.8795E-01
   44.70      0.8676E-01
   44.80      0.8557E-01
   44.90      0.8438E-01
   45.00      0.8320E-01
   45.10      0.8202E-01
   45.20      0.8085E-01
   45.30      0.7968E-01
   45.40      0.7852E-01
   45.50      0.7736E-01
   45.60      0.7621E-01
   45.70      0.7507E-01
   45.80      0.7394E-01
   45.90      0.7281E-01
   46.00      0.7169E-01
   46.10      0.7059E-01
   46.20      0.6949E-01
   46.30      0.6841E-01
   46.40      0.6733E-01
   46.50      0.6627E-01
   46.60      0.6522E-01
   46.70      0.6419E-01
   46.80      0.6316E-01
   46.90      0.6215E-01
   47.00      0.6116E-01
   47.10      0.6017E-01
   47.20      0.5921E-01
   47.30      0.5825E-01
   47.40      0.5732E-01
   47.50      0.5639E-01
   47.60      0.5549E-01
   47.70      0.5460E-01
   47.80      0.5373E-01
   47.90      0.5287E-01
   48.00      0.5203E-01
   48.10      0.5120E-01
   48.20      0.5040E-01
   48.30      0.4961E-01
   48.40      0.4884E-01
   48.50      0.4808E-01
   48.60      0.4734E-01
   48.70      0.4662E-01
   48.80      0.4592E-01
   48.90      0.4524E-01
   49.00      0.4457E-01
   49.10      0.4392E-01
   49.20      0.4328E-01
   49.30      0.4267E-01
   49.40      0.4207E-01
   49.50      0.4149E-01
   49.60      0.4092E-01
   49.70      0.4037E-01
   49.80      0.3984E-01
   49.90      0.3932E-01
   50.00      0.3882E-01
   50.10      0.3834E-01
   50.20      0.3787E-01
   50.30      0.3742E-01
   50.40      0.3698E-01
   50.50      0.3656E-01
   50.60      0.3615E-01
   50.70      0.3575E-01
   50.80      0.3537E-01
   50.90      0.3501E-01
   51.00      0.3465E-01
   51.10      0.3431E-01
   51.20      0.3398E-01
   51.30      0.3367E-01
   51.40      0.3336E-01
   51.50      0.3307E-01
   51.60      0.3279E-01
   51.70      0.3252E-01
   51.80      0.3226E-01
   51.90      0.3201E-01
   52.00      0.3177E-01
   52.10      0.3153E-01
   52.20      0.3131E-01
   52.30      0.3109E-01
   52.40      0.3089E-01
   52.50      0.3069E-01
   52.60      0.3049E-01
   52.70      0.3031E-01
   52.80      0.3013E-01
   52.90      0.2996E-01
   53.00      0.2979E-01
   53.10      0.2962E-01
   53.20      0.2947E-01
   53.30      0.2931E-01
   53.40      0.2916E-01
   53.50      0.2902E-01
   53.60      0.2887E-01
   53.70      0.2873E-01
   53.80      0.2860E-01
   53.90      0.2846E-01
   54.00      0.2833E-01
   54.10      0.2820E-01
   54.20      0.2807E-01
   54.30      0.2794E-01
   54.40      0.2781E-01
   54.50      0.2768E-01
   54.60      0.2755E-01
   54.70      0.2743E-01
   54.80      0.2730E-01
   54.90      0.2717E-01
   55.00      0.2704E-01
   55.10      0.2691E-01
   55.20      0.2678E-01
   55.30      0.2664E-01
   55.40      0.2651E-01
   55.50      0.2637E-01
   55.60      0.2624E-01
   55.70      0.2609E-01
   55.80      0.2595E-01
   55.90      0.2581E-01
   56.00      0.2566E-01
   56.10      0.2551E-01
   56.20      0.2536E-01
   56.30      0.2520E-01
   56.40      0.2504E-01
   56.50      0.2488E-01
   56.60      0.2472E-01
   56.70      0.2455E-01
   56.80      0.2438E-01
   56.90      0.2421E-01
   57.00      0.2403E-01
   57.10      0.2386E-01
   57.20      0.2367E-01
   57.30      0.2349E-01
   57.40      0.2330E-01
   57.50      0.2311E-01
   57.60      0.2292E-01
   57.70      0.2272E-01
   57.80      0.2252E-01
   57.90      0.2232E-01
   58.00      0.2212E-01
   58.10      0.2191E-01
   58.20      0.2170E-01
   58.30      0.2149E-01
   58.40      0.2128E-01
   58.50      0.2107E-01
   58.60      0.2085E-01
   58.70      0.2063E-01
   58.80      0.2041E-01
   58.90      0.2019E-01
   59.00      0.1996E-01
   59.10      0.1974E-01
   59.20      0.1951E-01
   59.30      0.1928E-01
   59.40      0.1905E-01
   59.50      0.1882E-01
   59.60      0.1859E-01
   59.70      0.1836E-01
   59.80      0.1813E-01
   59.90      0.1790E-01
   60.00      0.1767E-01
   60.10      0.1743E-01
   60.20      0.1720E-01
   60.30      0.1697E-01
   60.40      0.1674E-01
   60.50      0.1651E-01
   60.60      0.1628E-01
   60.70      0.1605E-01
   60.80      0.1582E-01
   60.90      0.1559E-01
   61.00      0.1537E-01
   61.10      0.1514E-01
   61.20      0.1492E-01
   61.30      0.1470E-01
   61.40      0.1448E-01
   61.50      0.1426E-01
   61.60      0.1404E-01
   61.70      0.1383E-01
   61.80      0.1362E-01
   61.90      0.1341E-01
   62.00      0.1320E-01
   62.10      0.1299E-01
   62.20      0.1279E-01
   62.30      0.1259E-01
   62.40      0.1239E-01
   62.50      0.1220E-01
   62.60      0.1201E-01
   62.70      0.1182E-01
   62.80      0.1163E-01
   62.90      0.1145E-01
   63.00      0.1127E-01
   63.10      0.1109E-01
   63.20      0.1092E-01
   63.30      0.1075E-01
   63.40      0.1058E-01
   63.50      0.1041E-01
   63.60      0.1025E-01
   63.70      0.1010E-01
   63.80      0.9941E-02
   63.90      0.9790E-02
   64.00      0.9642E-02
   64.10      0.9497E-02
   64.20      0.9356E-02
   64.30      0.9218E-02
   64.40      0.9084E-02
   64.50      0.8952E-02
   64.60      0.8825E-02
   64.70      0.8700E-02
   64.80      0.8579E-02
   64.90      0.8461E-02
   65.00      0.8346E-02
   65.10      0.8235E-02
   65.20      0.8127E-02
   65.30      0.8022E-02
   65.40      0.7920E-02
   65.50      0.7821E-02
   65.60      0.7725E-02
   65.70      0.7632E-02
   65.80      0.7542E-02
   65.90      0.7455E-02
   66.00      0.7371E-02
   66.10      0.7290E-02
   66.20      0.7212E-02
   66.30      0.7136E-02
   66.40      0.7063E-02
   66.50      0.6993E-02
   66.60      0.6925E-02
   66.70      0.6859E-02
   66.80      0.6796E-02
   66.90      0.6736E-02
   67.00      0.6677E-02
   67.10      0.6621E-02
   67.20      0.6567E-02
   67.30      0.6515E-02
   67.40      0.6466E-02
   67.50      0.6418E-02
   67.60      0.6372E-02
   67.70      0.6327E-02
   67.80      0.6285E-02
   67.90      0.6244E-02
   68.00      0.6205E-02
   68.10      0.6167E-02
   68.20      0.6131E-02
   68.30      0.6096E-02
   68.40      0.6063E-02
   68.50      0.6031E-02
   68.60      0.6000E-02
   68.70      0.5970E-02
   68.80      0.5941E-02
   68.90      0.5913E-02
   69.00      0.5886E-02
   69.10      0.5860E-02
   69.20      0.5834E-02
   69.30      0.5809E-02
   69.40      0.5785E-02
   69.50      0.5762E-02
   69.60      0.5739E-02
   69.70      0.5716E-02
   69.80      0.5694E-02
   69.90      0.5673E-02
   70.00      0.5651E-02
   70.10      0.5630E-02
   70.20      0.5609E-02
   70.30      0.5588E-02
   70.40      0.5567E-02
   70.50      0.5547E-02
   70.60      0.5526E-02
   70.70      0.5505E-02
   70.80      0.5484E-02
   70.90      0.5463E-02
   71.00      0.5442E-02
   71.10      0.5420E-02
   71.20      0.5398E-02
   71.30      0.5376E-02
   71.40      0.5354E-02
   71.50      0.5331E-02
   71.60      0.5308E-02
   71.70      0.5285E-02
   71.80      0.5261E-02
   71.90      0.5237E-02
   72.00      0.5212E-02
   72.10      0.5187E-02
   72.20      0.5161E-02
   72.30      0.5135E-02
   72.40      0.5108E-02
   72.50      0.5081E-02
   72.60      0.5053E-02
   72.70      0.5025E-02
   72.80      0.4996E-02
   72.90      0.4966E-02
   73.00      0.4936E-02
   73.10      0.4905E-02
   73.20      0.4874E-02
   73.30      0.4843E-02
   73.40      0.4810E-02
   73.50      0.4777E-02
   73.60      0.4744E-02
   73.70      0.4710E-02
   73.80      0.4675E-02
   73.90      0.4640E-02
   74.00      0.4605E-02
   74.10      0.4569E-02
   74.20      0.4532E-02
   74.30      0.4495E-02
   74.40      0.4458E-02
   74.50      0.4420E-02
   74.60      0.4382E-02
   74.70      0.4343E-02
   74.80      0.4304E-02
   74.90      0.4264E-02
   75.00      0.4224E-02
   75.10      0.4184E-02
   75.20      0.4144E-02
   75.30      0.4103E-02
   75.40      0.4062E-02
   75.50      0.4020E-02
   75.60      0.3979E-02
   75.70      0.3937E-02
   75.80      0.3895E-02
   75.90      0.3852E-02
   76.00      0.3810E-02
   76.10      0.3768E-02
   76.20      0.3725E-02
   76.30      0.3682E-02
   76.40      0.3640E-02
   76.50      0.3597E-02
   76.60      0.3554E-02
   76.70      0.3511E-02
   76.80      0.3468E-02
   76.90      0.3426E-02
   77.00      0.3383E-02
   77.10      0.3340E-02
   77.20      0.3298E-02
   77.30      0.3256E-02
   77.40      0.3213E-02
   77.50      0.3171E-02
   77.60      0.3130E-02
   77.70      0.3088E-02
   77.80      0.3047E-02
   77.90      0.3006E-02
   78.00      0.2965E-02
   78.10      0.2924E-02
   78.20      0.2884E-02
   78.30      0.2844E-02
   78.40      0.2805E-02
   78.50      0.2766E-02
   78.60      0.2727E-02
   78.70      0.2689E-02
   78.80      0.2651E-02
   78.90      0.2614E-02
   79.00      0.2577E-02
   79.10      0.2540E-02
   79.20      0.2504E-02
   79.30      0.2468E-02
   79.40      0.2433E-02
   79.50      0.2399E-02
   79.60      0.2365E-02
   79.70      0.2331E-02
   79.80      0.2299E-02
   79.90      0.2266E-02
   80.00      0.2234E-02
   80.10      0.2203E-02
   80.20      0.2172E-02
   80.30      0.2142E-02
   80.40      0.2113E-02
   80.50      0.2084E-02
   80.60      0.2056E-02
   80.70      0.2028E-02
   80.80      0.2001E-02
   80.90      0.1975E-02
   81.00      0.1949E-02
   81.10      0.1923E-02
   81.20      0.1899E-02
   81.30      0.1875E-02
   81.40      0.1851E-02
   81.50      0.1828E-02
   81.60      0.1806E-02
   81.70      0.1785E-02
   81.80      0.1764E-02
   81.90      0.1743E-02
   82.00      0.1723E-02
   82.10      0.1704E-02
   82.20      0.1685E-02
   82.30      0.1667E-02
   82.40      0.1649E-02
   82.50      0.1632E-02
   82.60      0.1616E-02
   82.70      0.1600E-02
   82.80      0.1584E-02
   82.90      0.1569E-02
   83.00      0.1555E-02
   83.10      0.1541E-02
   83.20      0.1527E-02
   83.30      0.1514E-02
   83.40      0.1501E-02
   83.50      0.1489E-02
   83.60      0.1477E-02
   83.70      0.1466E-02
   83.80      0.1455E-02
   83.90      0.1445E-02
   84.00      0.1434E-02
   84.10      0.1425E-02
   84.20      0.1415E-02
   84.30      0.1406E-02
   84.40      0.1397E-02
   84.50      0.1389E-02
   84.60      0.1381E-02
   84.70      0.1373E-02
   84.80      0.1365E-02
   84.90      0.1358E-02
   85.00      0.1351E-02
   85.10      0.1344E-02
   85.20      0.1337E-02
   85.30      0.1330E-02
   85.40      0.1324E-02
   85.50      0.1318E-02
   85.60      0.1312E-02
   85.70      0.1306E-02
   85.80      0.1300E-02
   85.90      0.1295E-02
   86.00      0.1289E-02
   86.10      0.1284E-02
   86.20      0.1278E-02
   86.30      0.1273E-02
   86.40      0.1268E-02
   86.50      0.1263E-02
   86.60      0.1257E-02
   86.70      0.1252E-02
   86.80      0.1247E-02
   86.90      0.1242E-02
   87.00      0.1237E-02
   87.10      0.1232E-02
   87.20      0.1226E-02
   87.30      0.1221E-02
   87.40      0.1216E-02
   87.50      0.1211E-02
   87.60      0.1205E-02
   87.70      0.1200E-02
   87.80      0.1194E-02
   87.90      0.1189E-02
   88.00      0.1183E-02
   88.10      0.1177E-02
   88.20      0.1172E-02
   88.30      0.1166E-02
   88.40      0.1160E-02
   88.50      0.1153E-02
   88.60      0.1147E-02
   88.70      0.1141E-02
   88.80      0.1134E-02
   88.90      0.1128E-02
   89.00      0.1121E-02
   89.10      0.1114E-02
   89.20      0.1107E-02
   89.30      0.1100E-02
   89.40      0.1093E-02
   89.50      0.1086E-02
   89.60      0.1079E-02
   89.70      0.1071E-02
   89.80      0.1064E-02
   89.90      0.1056E-02
   90.00      0.1048E-02
   90.10      0.1040E-02
   90.20      0.1032E-02
   90.30      0.1024E-02
   90.40      0.1016E-02
   90.50      0.1008E-02
   90.60      0.9995E-03
   90.70      0.9911E-03
   90.80      0.9826E-03
   90.90      0.9741E-03
   91.00      0.9654E-03
   91.10      0.9567E-03
   91.20      0.9480E-03
   91.30      0.9391E-03
   91.40      0.9303E-03
   91.50      0.9213E-03
   91.60      0.9124E-03
   91.70      0.9033E-03
   91.80      0.8943E-03
   91.90      0.8852E-03
   92.00      0.8761E-03
   92.10      0.8669E-03
   92.20      0.8577E-03
   92.30      0.8485E-03
   92.40      0.8393E-03
   92.50      0.8301E-03
   92.60      0.8209E-03
   92.70      0.8116E-03
   92.80      0.8024E-03
   92.90      0.7931E-03
   93.00      0.7839E-03
   93.10      0.7747E-03
   93.20      0.7655E-03
   93.30      0.7563E-03
   93.40      0.7471E-03
   93.50      0.7379E-03
   93.60      0.7288E-03
   93.70      0.7197E-03
   93.80      0.7106E-03
   93.90      0.7015E-03
   94.00      0.6925E-03
   94.10      0.6835E-03
   94.20      0.6746E-03
   94.30      0.6657E-03
   94.40      0.6569E-03
   94.50      0.6481E-03
   94.60      0.6394E-03
   94.70      0.6307E-03
   94.80      0.6221E-03
   94.90      0.6135E-03
   95.00      0.6050E-03
   95.10      0.5966E-03
   95.20      0.5882E-03
   95.30      0.5799E-03
   95.40      0.5717E-03
   95.50      0.5636E-03
   95.60      0.5555E-03
   95.70      0.5476E-03
   95.80      0.5397E-03
   95.90      0.5319E-03
   96.00      0.5242E-03
   96.10      0.5166E-03
   96.20      0.5091E-03
   96.30      0.5018E-03
   96.40      0.4945E-03
   96.50      0.4873E-03
   96.60      0.4802E-03
   96.70      0.4732E-03
   96.80      0.4664E-03
   96.90      0.4597E-03
   97.00      0.4530E-03
   97.10      0.4466E-03
   97.20      0.4402E-03
   97.30      0.4339E-03
   97.40      0.4278E-03
   97.50      0.4218E-03
   97.60      0.4159E-03
   97.70      0.4102E-03
   97.80      0.4046E-03
   97.90      0.3991E-03
   98.00      0.3938E-03
   98.10      0.3886E-03
   98.20      0.3835E-03
   98.30      0.3786E-03
   98.40      0.3738E-03
   98.50      0.3691E-03
   98.60      0.3646E-03
   98.70      0.3602E-03
   98.80      0.3560E-03
   98.90      0.3518E-03
   99.00      0.3479E-03
   99.10      0.3440E-03
   99.20      0.3403E-03
   99.30      0.3367E-03
   99.40      0.3333E-03
   99.50      0.3300E-03
   99.60      0.3268E-03
   99.70      0.3237E-03
   99.80      0.3208E-03
   99.90      0.3180E-03
   100.0      0.3153E-03
   100.1      0.3127E-03
   100.2      0.3103E-03
   100.3      0.3079E-03
   100.4      0.3057E-03
   100.5      0.3036E-03
   100.6      0.3016E-03
   100.7      0.2997E-03
   100.8      0.2980E-03
   100.9      0.2963E-03
   101.0      0.2947E-03
   101.1      0.2932E-03
   101.2      0.2919E-03
   101.3      0.2906E-03
   101.4      0.2894E-03
   101.5      0.2883E-03
   101.6      0.2873E-03
   101.7      0.2863E-03
   101.8      0.2854E-03
   101.9      0.2847E-03
   102.0      0.2839E-03
   102.1      0.2833E-03
   102.2      0.2827E-03
   102.3      0.2822E-03
   102.4      0.2817E-03
   102.5      0.2813E-03
   102.6      0.2810E-03
   102.7      0.2807E-03
   102.8      0.2804E-03
   102.9      0.2802E-03
   103.0      0.2801E-03
   103.1      0.2800E-03
   103.2      0.2799E-03
   103.3      0.2798E-03
   103.4      0.2798E-03
   103.5      0.2798E-03
   103.6      0.2798E-03
   103.7      0.2799E-03
   103.8      0.2799E-03
   103.9      0.2800E-03
   104.0      0.2801E-03
   104.1      0.2802E-03
   104.2      0.2803E-03
   104.3      0.2804E-03
   104.4      0.2805E-03
   104.5      0.2806E-03
   104.6      0.2807E-03
   104.7      0.2807E-03
   104.8      0.2808E-03
   104.9      0.2808E-03
   105.0      0.2809E-03
   105.1      0.2809E-03
   105.2      0.2809E-03
   105.3      0.2808E-03
   105.4      0.2807E-03
   105.5      0.2806E-03
   105.6      0.2805E-03
   105.7      0.2803E-03
   105.8      0.2801E-03
   105.9      0.2798E-03
   106.0      0.2795E-03
   106.1      0.2792E-03
   106.2      0.2788E-03
   106.3      0.2783E-03
   106.4      0.2779E-03
   106.5      0.2773E-03
   106.6      0.2767E-03
   106.7      0.2761E-03
   106.8      0.2754E-03
   106.9      0.2746E-03
   107.0      0.2738E-03
   107.1      0.2729E-03
   107.2      0.2720E-03
   107.3      0.2710E-03
   107.4      0.2700E-03
   107.5      0.2688E-03
   107.6      0.2677E-03
   107.7      0.2664E-03
   107.8      0.2651E-03
   107.9      0.2638E-03
   108.0      0.2624E-03
   108.1      0.2609E-03
   108.2      0.2594E-03
   108.3      0.2578E-03
   108.4      0.2561E-03
   108.5      0.2544E-03
   108.6      0.2527E-03
   108.7      0.2508E-03
   108.8      0.2490E-03
   108.9      0.2470E-03
   109.0      0.2450E-03
   109.1      0.2430E-03
   109.2      0.2409E-03
   109.3      0.2387E-03
   109.4      0.2366E-03
   109.5      0.2343E-03
   109.6      0.2320E-03
   109.7      0.2297E-03
   109.8      0.2273E-03
   109.9      0.2249E-03
   110.0      0.2224E-03
   110.1      0.2199E-03
   110.2      0.2174E-03
   110.3      0.2148E-03
   110.4      0.2122E-03
   110.5      0.2096E-03
   110.6      0.2069E-03
   110.7      0.2042E-03
   110.8      0.2015E-03
   110.9      0.1988E-03
   111.0      0.1960E-03
   111.1      0.1933E-03
   111.2      0.1905E-03
   111.3      0.1876E-03
   111.4      0.1848E-03
   111.5      0.1820E-03
   111.6      0.1791E-03
   111.7      0.1763E-03
   111.8      0.1734E-03
   111.9      0.1706E-03
   112.0      0.1677E-03
   112.1      0.1649E-03
   112.2      0.1620E-03
   112.3      0.1592E-03
   112.4      0.1563E-03
   112.5      0.1535E-03
   112.6      0.1507E-03
   112.7      0.1479E-03
   112.8      0.1451E-03
   112.9      0.1423E-03
   113.0      0.1396E-03
   113.1      0.1369E-03
   113.2      0.1342E-03
   113.3      0.1315E-03
   113.4      0.1289E-03
   113.5      0.1262E-03
   113.6      0.1237E-03
   113.7      0.1211E-03
   113.8      0.1186E-03
   113.9      0.1161E-03
   114.0      0.1137E-03
   114.1      0.1113E-03
   114.2      0.1089E-03
   114.3      0.1066E-03
   114.4      0.1043E-03
   114.5      0.1021E-03
   114.6      0.9986E-04
   114.7      0.9770E-04
   114.8      0.9559E-04
   114.9      0.9353E-04
   115.0      0.9151E-04
   115.1      0.8954E-04
   115.2      0.8761E-04
   115.3      0.8573E-04
   115.4      0.8390E-04
   115.5      0.8212E-04
   115.6      0.8039E-04
   115.7      0.7870E-04
   115.8      0.7706E-04
   115.9      0.7547E-04
   116.0      0.7392E-04
   116.1      0.7242E-04
   116.2      0.7097E-04
   116.3      0.6956E-04
   116.4      0.6821E-04
   116.5      0.6689E-04
   116.6      0.6562E-04
   116.7      0.6440E-04
   116.8      0.6322E-04
   116.9      0.6209E-04
   117.0      0.6100E-04
   117.1      0.5995E-04
   117.2      0.5894E-04
   117.3      0.5797E-04
   117.4      0.5705E-04
   117.5      0.5617E-04
   117.6      0.5532E-04
   117.7      0.5452E-04
   117.8      0.5375E-04
   117.9      0.5303E-04
   118.0      0.5234E-04
   118.1      0.5169E-04
   118.2      0.5107E-04
   118.3      0.5049E-04
   118.4      0.4995E-04
   118.5      0.4944E-04
   118.6      0.4897E-04
   118.7      0.4853E-04
   118.8      0.4813E-04
   118.9      0.4776E-04
   119.0      0.4742E-04
   119.1      0.4712E-04
   119.2      0.4685E-04
   119.3      0.4661E-04
   119.4      0.4640E-04
   119.5      0.4622E-04
   119.6      0.4607E-04
   119.7      0.4596E-04
   119.8      0.4587E-04
   119.9      0.4581E-04
   120.0      0.4578E-04
   120.1      0.4578E-04
   120.2      0.4581E-04
   120.3      0.4587E-04
   120.4      0.4595E-04
   120.5      0.4606E-04
   120.6      0.4619E-04
   120.7      0.4635E-04
   120.8      0.4653E-04
   120.9      0.4674E-04
   121.0      0.4697E-04
   121.1      0.4722E-04
   121.2      0.4750E-04
   121.3      0.4779E-04
   121.4      0.4810E-04
   121.5      0.4844E-04
   121.6      0.4879E-04
   121.7      0.4915E-04
   121.8      0.4954E-04
   121.9      0.4993E-04
   122.0      0.5035E-04
   122.1      0.5077E-04
   122.2      0.5121E-04
   122.3      0.5165E-04
   122.4      0.5211E-04
   122.5      0.5258E-04
   122.6      0.5305E-04
   122.7      0.5353E-04
   122.8      0.5401E-04
   122.9      0.5450E-04
   123.0      0.5499E-04
   123.1      0.5548E-04
   123.2      0.5597E-04
   123.3      0.5646E-04
   123.4      0.5695E-04
   123.5      0.5743E-04
   123.6      0.5791E-04
   123.7      0.5839E-04
   123.8      0.5886E-04
   123.9      0.5932E-04
   124.0      0.5978E-04
   124.1      0.6022E-04
   124.2      0.6066E-04
   124.3      0.6108E-04
   124.4      0.6150E-04
   124.5      0.6190E-04
   124.6      0.6229E-04
   124.7      0.6266E-04
   124.8      0.6302E-04
   124.9      0.6336E-04
   125.0      0.6369E-04
   125.1      0.6401E-04
   125.2      0.6430E-04
   125.3      0.6458E-04
   125.4      0.6484E-04
   125.5      0.6508E-04
   125.6      0.6531E-04
   125.7      0.6551E-04
   125.8      0.6570E-04
   125.9      0.6587E-04
   126.0      0.6602E-04
   126.1      0.6615E-04
   126.2      0.6626E-04
   126.3      0.6635E-04
   126.4      0.6642E-04
   126.5      0.6647E-04
   126.6      0.6650E-04
   126.7      0.6650E-04
   126.8      0.6649E-04
   126.9      0.6646E-04
   127.0      0.6641E-04
   127.1      0.6634E-04
   127.2      0.6625E-04
   127.3      0.6614E-04
   127.4      0.6601E-04
   127.5      0.6586E-04
   127.6      0.6570E-04
   127.7      0.6551E-04
   127.8      0.6530E-04
   127.9      0.6508E-04
   128.0      0.6483E-04
   128.1      0.6457E-04
   128.2      0.6429E-04
   128.3      0.6399E-04
   128.4      0.6368E-04
   128.5      0.6335E-04
   128.6      0.6300E-04
   128.7      0.6263E-04
   128.8      0.6225E-04
   128.9      0.6185E-04
   129.0      0.6143E-04
   129.1      0.6100E-04
   129.2      0.6056E-04
   129.3      0.6010E-04
   129.4      0.5962E-04
   129.5      0.5914E-04
   129.6      0.5864E-04
   129.7      0.5812E-04
   129.8      0.5760E-04
   129.9      0.5706E-04
   130.0      0.5651E-04
   130.1      0.5594E-04
   130.2      0.5537E-04
   130.3      0.5479E-04
   130.4      0.5420E-04
   130.5      0.5360E-04
   130.6      0.5299E-04
   130.7      0.5237E-04
   130.8      0.5174E-04
   130.9      0.5111E-04
   131.0      0.5047E-04
   131.1      0.4983E-04
   131.2      0.4918E-04
   131.3      0.4852E-04
   131.4      0.4786E-04
   131.5      0.4720E-04
   131.6      0.4654E-04
   131.7      0.4587E-04
   131.8      0.4520E-04
   131.9      0.4452E-04
   132.0      0.4385E-04
   132.1      0.4317E-04
   132.2      0.4250E-04
   132.3      0.4183E-04
   132.4      0.4115E-04
   132.5      0.4048E-04
   132.6      0.3981E-04
   132.7      0.3914E-04
   132.8      0.3848E-04
   132.9      0.3782E-04
   133.0      0.3716E-04
   133.1      0.3651E-04
   133.2      0.3586E-04
   133.3      0.3522E-04
   133.4      0.3458E-04
   133.5      0.3395E-04
   133.6      0.3333E-04
   133.7      0.3271E-04
   133.8      0.3210E-04
   133.9      0.3150E-04
   134.0      0.3091E-04
   134.1      0.3033E-04
   134.2      0.2975E-04
   134.3      0.2918E-04
   134.4      0.2863E-04
   134.5      0.2808E-04
   134.6      0.2755E-04
   134.7      0.2702E-04
   134.8      0.2651E-04
   134.9      0.2601E-04
   135.0      0.2552E-04
   135.1      0.2504E-04
   135.2      0.2458E-04
   135.3      0.2413E-04
   135.4      0.2369E-04
   135.5      0.2326E-04
   135.6      0.2285E-04
   135.7      0.2246E-04
   135.8      0.2207E-04
   135.9      0.2170E-04
   136.0      0.2134E-04
   136.1      0.2100E-04
   136.2      0.2068E-04
   136.3      0.2036E-04
   136.4      0.2006E-04
   136.5      0.1978E-04
   136.6      0.1951E-04
   136.7      0.1925E-04
   136.8      0.1901E-04
   136.9      0.1878E-04
   137.0      0.1856E-04
   137.1      0.1836E-04
   137.2      0.1817E-04
   137.3      0.1799E-04
   137.4      0.1783E-04
   137.5      0.1768E-04
   137.6      0.1753E-04
   137.7      0.1740E-04
   137.8      0.1728E-04
   137.9      0.1717E-04
   138.0      0.1707E-04
   138.1      0.1698E-04
   138.2      0.1689E-04
   138.3      0.1681E-04
   138.4      0.1674E-04
   138.5      0.1667E-04
   138.6      0.1661E-04
   138.7      0.1656E-04
   138.8      0.1651E-04
   138.9      0.1646E-04
   139.0      0.1641E-04
   139.1      0.1636E-04
   139.2      0.1632E-04
   139.3      0.1628E-04
   139.4      0.1623E-04
   139.5      0.1619E-04
   139.6      0.1614E-04
   139.7      0.1609E-04
   139.8      0.1604E-04
   139.9      0.1599E-04
   140.0      0.1593E-04
   140.1      0.1587E-04
   140.2      0.1580E-04
   140.3      0.1573E-04
   140.4      0.1565E-04
   140.5      0.1557E-04
   140.6      0.1549E-04
   140.7      0.1540E-04
   140.8      0.1530E-04
   140.9      0.1520E-04
   141.0      0.1509E-04
   141.1      0.1498E-04
   141.2      0.1486E-04
   141.3      0.1474E-04
   141.4      0.1461E-04
   141.5      0.1448E-04
   141.6      0.1435E-04
   141.7      0.1421E-04
   141.8      0.1407E-04
   141.9      0.1393E-04
   142.0      0.1378E-04
   142.1      0.1364E-04
   142.2      0.1349E-04
   142.3      0.1334E-04
   142.4      0.1320E-04
   142.5      0.1305E-04
   142.6      0.1291E-04
   142.7      0.1277E-04
   142.8      0.1263E-04
   142.9      0.1250E-04
   143.0      0.1237E-04
   143.1      0.1224E-04
   143.2      0.1213E-04
   143.3      0.1201E-04
   143.4      0.1191E-04
   143.5      0.1181E-04
   143.6      0.1172E-04
   143.7      0.1164E-04
   143.8      0.1157E-04
   143.9      0.1150E-04
   144.0      0.1145E-04
   144.1      0.1141E-04
   144.2      0.1137E-04
   144.3      0.1135E-04
   144.4      0.1133E-04
   144.5      0.1133E-04
   144.6      0.1134E-04
   144.7      0.1136E-04
   144.8      0.1139E-04
   144.9      0.1143E-04
   145.0      0.1149E-04
   145.1      0.1155E-04
   145.2      0.1162E-04
   145.3      0.1171E-04
   145.4      0.1180E-04
   145.5      0.1191E-04
   145.6      0.1202E-04
   145.7      0.1214E-04
   145.8      0.1228E-04
   145.9      0.1242E-04
   146.0      0.1257E-04
   146.1      0.1273E-04
   146.2      0.1289E-04
   146.3      0.1307E-04
   146.4      0.1325E-04
   146.5      0.1343E-04
   146.6      0.1363E-04
   146.7      0.1383E-04
   146.8      0.1403E-04
   146.9      0.1424E-04
   147.0      0.1446E-04
   147.1      0.1467E-04
   147.2      0.1490E-04
   147.3      0.1512E-04
   147.4      0.1535E-04
   147.5      0.1558E-04
   147.6      0.1582E-04
   147.7      0.1605E-04
   147.8      0.1629E-04
   147.9      0.1653E-04
   148.0      0.1677E-04
   148.1      0.1701E-04
   148.2      0.1725E-04
   148.3      0.1749E-04
   148.4      0.1773E-04
   148.5      0.1798E-04
   148.6      0.1822E-04
   148.7      0.1845E-04
   148.8      0.1869E-04
   148.9      0.1893E-04
   149.0      0.1916E-04
   149.1      0.1939E-04
   149.2      0.1962E-04
   149.3      0.1985E-04
   149.4      0.2007E-04
   149.5      0.2029E-04
   149.6      0.2051E-04
   149.7      0.2072E-04
   149.8      0.2092E-04
   149.9      0.2113E-04
   150.0      0.2132E-04
   150.1      0.2151E-04
   150.2      0.2170E-04
   150.3      0.2188E-04
   150.4      0.2205E-04
   150.5      0.2222E-04
   150.6      0.2238E-04
   150.7      0.2253E-04
   150.8      0.2267E-04
   150.9      0.2281E-04
   151.0      0.2294E-04
   151.1      0.2306E-04
   151.2      0.2317E-04
   151.3      0.2327E-04
   151.4      0.2336E-04
   151.5      0.2344E-04
   151.6      0.2352E-04
   151.7      0.2358E-04
   151.8      0.2363E-04
   151.9      0.2368E-04
   152.0      0.2371E-04
   152.1      0.2374E-04
   152.2      0.2375E-04
   152.3      0.2375E-04
   152.4      0.2375E-04
   152.5      0.2373E-04
   152.6      0.2371E-04
   152.7      0.2367E-04
   152.8      0.2363E-04
   152.9      0.2358E-04
   153.0      0.2351E-04
   153.1      0.2344E-04
   153.2      0.2336E-04
   153.3      0.2328E-04
   153.4      0.2318E-04
   153.5      0.2308E-04
   153.6      0.2297E-04
   153.7      0.2285E-04
   153.8      0.2273E-04
   153.9      0.2260E-04
   154.0      0.2247E-04
   154.1      0.2233E-04
   154.2      0.2218E-04
   154.3      0.2203E-04
   154.4      0.2188E-04
   154.5      0.2172E-04
   154.6      0.2156E-04
   154.7      0.2140E-04
   154.8      0.2124E-04
   154.9      0.2107E-04
   155.0      0.2090E-04
   155.1      0.2072E-04
   155.2      0.2055E-04
   155.3      0.2037E-04
   155.4      0.2020E-04
   155.5      0.2002E-04
   155.6      0.1984E-04
   155.7      0.1966E-04
   155.8      0.1948E-04
   155.9      0.1929E-04
   156.0      0.1911E-04
   156.1      0.1893E-04
   156.2      0.1874E-04
   156.3      0.1856E-04
   156.4      0.1837E-04
   156.5      0.1818E-04
   156.6      0.1800E-04
   156.7      0.1781E-04
   156.8      0.1762E-04
   156.9      0.1743E-04
   157.0      0.1724E-04
   157.1      0.1705E-04
   157.2      0.1686E-04
   157.3      0.1667E-04
   157.4      0.1648E-04
   157.5      0.1628E-04
   157.6      0.1609E-04
   157.7      0.1590E-04
   157.8      0.1571E-04
   157.9      0.1551E-04
   158.0      0.1532E-04
   158.1      0.1513E-04
   158.2      0.1494E-04
   158.3      0.1475E-04
   158.4      0.1457E-04
   158.5      0.1438E-04
   158.6      0.1420E-04
   158.7      0.1402E-04
   158.8      0.1385E-04
   158.9      0.1368E-04
   159.0      0.1351E-04
   159.1      0.1335E-04
   159.2      0.1320E-04
   159.3      0.1305E-04
   159.4      0.1290E-04
   159.5      0.1277E-04
   159.6      0.1264E-04
   159.7      0.1252E-04
   159.8      0.1241E-04
   159.9      0.1231E-04
   160.0      0.1222E-04
   160.1      0.1214E-04
   160.2      0.1207E-04
   160.3      0.1201E-04
   160.4      0.1196E-04
   160.5      0.1192E-04
   160.6      0.1190E-04
   160.7      0.1188E-04
   160.8      0.1188E-04
   160.9      0.1189E-04
   161.0      0.1192E-04
   161.1      0.1195E-04
   161.2      0.1200E-04
   161.3      0.1205E-04
   161.4      0.1212E-04
   161.5      0.1220E-04
   161.6      0.1230E-04
   161.7      0.1240E-04
   161.8      0.1251E-04
   161.9      0.1263E-04
   162.0      0.1275E-04
   162.1      0.1289E-04
   162.2      0.1303E-04
   162.3      0.1318E-04
   162.4      0.1333E-04
   162.5      0.1349E-04
   162.6      0.1365E-04
   162.7      0.1382E-04
   162.8      0.1398E-04
   162.9      0.1415E-04
   163.0      0.1432E-04
   163.1      0.1448E-04
   163.2      0.1465E-04
   163.3      0.1481E-04
   163.4      0.1497E-04
   163.5      0.1512E-04
   163.6      0.1527E-04
   163.7      0.1541E-04
   163.8      0.1555E-04
   163.9      0.1568E-04
   164.0      0.1580E-04
   164.1      0.1592E-04
   164.2      0.1602E-04
   164.3      0.1612E-04
   164.4      0.1621E-04
   164.5      0.1629E-04
   164.6      0.1635E-04
   164.7      0.1641E-04
   164.8      0.1646E-04
   164.9      0.1650E-04
   165.0      0.1654E-04
   165.1      0.1656E-04
   165.2      0.1657E-04
   165.3      0.1658E-04
   165.4      0.1657E-04
   165.5      0.1656E-04
   165.6      0.1655E-04
   165.7      0.1652E-04
   165.8      0.1650E-04
   165.9      0.1646E-04
   166.0      0.1642E-04
   166.1      0.1638E-04
   166.2      0.1633E-04
   166.3      0.1629E-04
   166.4      0.1624E-04
   166.5      0.1619E-04
   166.6      0.1613E-04
   166.7      0.1608E-04
   166.8      0.1604E-04
   166.9      0.1599E-04
   167.0      0.1595E-04
   167.1      0.1591E-04
   167.2      0.1587E-04
   167.3      0.1584E-04
   167.4      0.1581E-04
   167.5      0.1579E-04
   167.6      0.1578E-04
   167.7      0.1577E-04
   167.8      0.1577E-04
   167.9      0.1578E-04
   168.0      0.1579E-04
   168.1      0.1582E-04
   168.2      0.1585E-04
   168.3      0.1589E-04
   168.4      0.1594E-04
   168.5      0.1601E-04
   168.6      0.1608E-04
   168.7      0.1616E-04
   168.8      0.1625E-04
   168.9      0.1636E-04
   169.0      0.1647E-04
   169.1      0.1660E-04
   169.2      0.1674E-04
   169.3      0.1689E-04
   169.4      0.1706E-04
   169.5      0.1723E-04
   169.6      0.1743E-04
   169.7      0.1763E-04
   169.8      0.1785E-04
   169.9      0.1809E-04
   170.0      0.1834E-04
   170.1      0.1861E-04
   170.2      0.1889E-04
   170.3      0.1920E-04
   170.4      0.1952E-04
   170.5      0.1986E-04
   170.6      0.2022E-04
   170.7      0.2061E-04
   170.8      0.2102E-04
   170.9      0.2145E-04
   171.0      0.2191E-04
   171.1      0.2239E-04
   171.2      0.2290E-04
   171.3      0.2343E-04
   171.4      0.2400E-04
   171.5      0.2459E-04
   171.6      0.2522E-04
   171.7      0.2588E-04
   171.8      0.2657E-04
   171.9      0.2730E-04
   172.0      0.2806E-04
   172.1      0.2885E-04
   172.2      0.2968E-04
   172.3      0.3055E-04
   172.4      0.3146E-04
   172.5      0.3240E-04
   172.6      0.3338E-04
   172.7      0.3440E-04
   172.8      0.3546E-04
   172.9      0.3655E-04
   173.0      0.3769E-04
   173.1      0.3886E-04
   173.2      0.4006E-04
   173.3      0.4130E-04
   173.4      0.4258E-04
   173.5      0.4389E-04
   173.6      0.4524E-04
   173.7      0.4661E-04
   173.8      0.4802E-04
   173.9      0.4945E-04
   174.0      0.5092E-04
   174.1      0.5240E-04
   174.2      0.5391E-04
   174.3      0.5544E-04
   174.4      0.5699E-04
   174.5      0.5855E-04
   174.6      0.6013E-04
   174.7      0.6172E-04
   174.8      0.6331E-04
   174.9      0.6491E-04
   175.0      0.6652E-04
   175.1      0.6813E-04
   175.2      0.6973E-04
   175.3      0.7133E-04
   175.4      0.7292E-04
   175.5      0.7450E-04
   175.6      0.7606E-04
   175.7      0.7761E-04
   175.8      0.7914E-04
   175.9      0.8066E-04
   176.0      0.8214E-04
   176.1      0.8361E-04
   176.2      0.8504E-04
   176.3      0.8645E-04
   176.4      0.8782E-04
   176.5      0.8916E-04
   176.6      0.9047E-04
   176.7      0.9174E-04
   176.8      0.9297E-04
   176.9      0.9416E-04
   177.0      0.9531E-04
   177.1      0.9643E-04
   177.2      0.9750E-04
   177.3      0.9852E-04
   177.4      0.9951E-04
   177.5      0.1005E-03
   177.6      0.1014E-03
   177.7      0.1022E-03
   177.8      0.1030E-03
   177.9      0.1038E-03
   178.0      0.1045E-03
   178.1      0.1052E-03
   178.2      0.1059E-03
   178.3      0.1065E-03
   178.4      0.1070E-03
   178.5      0.1076E-03
   178.6      0.1081E-03
   178.7      0.1085E-03
   178.8      0.1089E-03
   178.9      0.1093E-03
   179.0      0.1096E-03
   179.1      0.1099E-03
   179.2      0.1102E-03
   179.3      0.1105E-03
   179.4      0.1107E-03
   179.5      0.1108E-03
   179.6      0.1110E-03
   179.7      0.1111E-03
   179.8      0.1112E-03
   179.9      0.1112E-03
   180.0      0.1112E-03
 END
