#1801 angles,  1 tensor ranks for 0=projectile
@subtitle   "12C(7Li,6Li)13C @ Ed=70 MeV;"                                                  
@legend ON
@legend x1 0.2
@legend y1 0.8
@g0 type LOGY
@yaxis ticklabel format power
@legend string   0 "Lab energy =   70.0000"
#legend string   0 "Partition=  2 Excit=  4 near/far= 1"
#  Theta       sigma       iT11        T20         T21         T22         Kyy for projectile
   0.000       12.94    
  0.1000       12.94    
  0.2000       12.94    
  0.3000       12.93    
  0.4000       12.92    
  0.5000       12.92    
  0.6000       12.91    
  0.7000       12.89    
  0.8000       12.88    
  0.9000       12.86    
   1.000       12.85    
   1.100       12.83    
   1.200       12.81    
   1.300       12.78    
   1.400       12.76    
   1.500       12.73    
   1.600       12.71    
   1.700       12.68    
   1.800       12.65    
   1.900       12.61    
   2.000       12.58    
   2.100       12.54    
   2.200       12.51    
   2.300       12.47    
   2.400       12.43    
   2.500       12.38    
   2.600       12.34    
   2.700       12.30    
   2.800       12.25    
   2.900       12.20    
   3.000       12.15    
   3.100       12.10    
   3.200       12.05    
   3.300       12.00    
   3.400       11.94    
   3.500       11.89    
   3.600       11.83    
   3.700       11.77    
   3.800       11.71    
   3.900       11.65    
   4.000       11.59    
   4.100       11.53    
   4.200       11.46    
   4.300       11.40    
   4.400       11.33    
   4.500       11.26    
   4.600       11.20    
   4.700       11.13    
   4.800       11.06    
   4.900       10.98    
   5.000       10.91    
   5.100       10.84    
   5.200       10.77    
   5.300       10.69    
   5.400       10.62    
   5.500       10.54    
   5.600       10.46    
   5.700       10.38    
   5.800       10.30    
   5.900       10.22    
   6.000       10.14    
   6.100       10.06    
   6.200       9.981    
   6.300       9.898    
   6.400       9.814    
   6.500       9.730    
   6.600       9.645    
   6.700       9.559    
   6.800       9.473    
   6.900       9.386    
   7.000       9.298    
   7.100       9.210    
   7.200       9.121    
   7.300       9.031    
   7.400       8.941    
   7.500       8.850    
   7.600       8.759    
   7.700       8.667    
   7.800       8.574    
   7.900       8.481    
   8.000       8.388    
   8.100       8.294    
   8.200       8.200    
   8.300       8.105    
   8.400       8.009    
   8.500       7.914    
   8.600       7.818    
   8.700       7.721    
   8.800       7.624    
   8.900       7.527    
   9.000       7.430    
   9.100       7.332    
   9.200       7.234    
   9.300       7.136    
   9.400       7.038    
   9.500       6.939    
   9.600       6.841    
   9.700       6.742    
   9.800       6.643    
   9.900       6.544    
   10.00       6.446    
   10.10       6.347    
   10.20       6.248    
   10.30       6.150    
   10.40       6.051    
   10.50       5.953    
   10.60       5.855    
   10.70       5.757    
   10.80       5.659    
   10.90       5.562    
   11.00       5.465    
   11.10       5.369    
   11.20       5.273    
   11.30       5.178    
   11.40       5.083    
   11.50       4.988    
   11.60       4.894    
   11.70       4.801    
   11.80       4.709    
   11.90       4.617    
   12.00       4.526    
   12.10       4.436    
   12.20       4.346    
   12.30       4.258    
   12.40       4.170    
   12.50       4.083    
   12.60       3.997    
   12.70       3.912    
   12.80       3.829    
   12.90       3.746    
   13.00       3.664    
   13.10       3.584    
   13.20       3.504    
   13.30       3.426    
   13.40       3.349    
   13.50       3.273    
   13.60       3.199    
   13.70       3.125    
   13.80       3.053    
   13.90       2.982    
   14.00       2.913    
   14.10       2.844    
   14.20       2.778    
   14.30       2.712    
   14.40       2.648    
   14.50       2.585    
   14.60       2.524    
   14.70       2.464    
   14.80       2.405    
   14.90       2.347    
   15.00       2.291    
   15.10       2.237    
   15.20       2.184    
   15.30       2.132    
   15.40       2.081    
   15.50       2.032    
   15.60       1.984    
   15.70       1.938    
   15.80       1.893    
   15.90       1.849    
   16.00       1.806    
   16.10       1.765    
   16.20       1.725    
   16.30       1.686    
   16.40       1.649    
   16.50       1.612    
   16.60       1.577    
   16.70       1.543    
   16.80       1.510    
   16.90       1.478    
   17.00       1.448    
   17.10       1.418    
   17.20       1.390    
   17.30       1.362    
   17.40       1.336    
   17.50       1.310    
   17.60       1.285    
   17.70       1.262    
   17.80       1.239    
   17.90       1.217    
   18.00       1.196    
   18.10       1.175    
   18.20       1.156    
   18.30       1.137    
   18.40       1.119    
   18.50       1.101    
   18.60       1.084    
   18.70       1.068    
   18.80       1.052    
   18.90       1.037    
   19.00       1.023    
   19.10       1.009    
   19.20      0.9954    
   19.30      0.9824    
   19.40      0.9698    
   19.50      0.9576    
   19.60      0.9458    
   19.70      0.9344    
   19.80      0.9234    
   19.90      0.9126    
   20.00      0.9022    
   20.10      0.8920    
   20.20      0.8822    
   20.30      0.8725    
   20.40      0.8631    
   20.50      0.8539    
   20.60      0.8448    
   20.70      0.8360    
   20.80      0.8273    
   20.90      0.8187    
   21.00      0.8103    
   21.10      0.8020    
   21.20      0.7937    
   21.30      0.7856    
   21.40      0.7775    
   21.50      0.7696    
   21.60      0.7616    
   21.70      0.7537    
   21.80      0.7459    
   21.90      0.7381    
   22.00      0.7303    
   22.10      0.7225    
   22.20      0.7148    
   22.30      0.7070    
   22.40      0.6993    
   22.50      0.6915    
   22.60      0.6838    
   22.70      0.6760    
   22.80      0.6682    
   22.90      0.6605    
   23.00      0.6527    
   23.10      0.6449    
   23.20      0.6370    
   23.30      0.6292    
   23.40      0.6213    
   23.50      0.6135    
   23.60      0.6056    
   23.70      0.5977    
   23.80      0.5898    
   23.90      0.5819    
   24.00      0.5740    
   24.10      0.5661    
   24.20      0.5581    
   24.30      0.5502    
   24.40      0.5423    
   24.50      0.5344    
   24.60      0.5265    
   24.70      0.5187    
   24.80      0.5108    
   24.90      0.5030    
   25.00      0.4952    
   25.10      0.4875    
   25.20      0.4797    
   25.30      0.4720    
   25.40      0.4644    
   25.50      0.4568    
   25.60      0.4493    
   25.70      0.4418    
   25.80      0.4344    
   25.90      0.4270    
   26.00      0.4197    
   26.10      0.4125    
   26.20      0.4053    
   26.30      0.3983    
   26.40      0.3913    
   26.50      0.3844    
   26.60      0.3776    
   26.70      0.3709    
   26.80      0.3643    
   26.90      0.3577    
   27.00      0.3513    
   27.10      0.3450    
   27.20      0.3388    
   27.30      0.3327    
   27.40      0.3267    
   27.50      0.3208    
   27.60      0.3150    
   27.70      0.3094    
   27.80      0.3038    
   27.90      0.2984    
   28.00      0.2931    
   28.10      0.2880    
   28.20      0.2829    
   28.30      0.2780    
   28.40      0.2731    
   28.50      0.2685    
   28.60      0.2639    
   28.70      0.2594    
   28.80      0.2551    
   28.90      0.2509    
   29.00      0.2468    
   29.10      0.2428    
   29.20      0.2390    
   29.30      0.2352    
   29.40      0.2316    
   29.50      0.2281    
   29.60      0.2247    
   29.70      0.2214    
   29.80      0.2183    
   29.90      0.2152    
   30.00      0.2122    
   30.10      0.2094    
   30.20      0.2066    
   30.30      0.2039    
   30.40      0.2014    
   30.50      0.1989    
   30.60      0.1965    
   30.70      0.1942    
   30.80      0.1920    
   30.90      0.1899    
   31.00      0.1878    
   31.10      0.1858    
   31.20      0.1839    
   31.30      0.1821    
   31.40      0.1803    
   31.50      0.1786    
   31.60      0.1770    
   31.70      0.1754    
   31.80      0.1738    
   31.90      0.1724    
   32.00      0.1709    
   32.10      0.1695    
   32.20      0.1682    
   32.30      0.1669    
   32.40      0.1656    
   32.50      0.1643    
   32.60      0.1631    
   32.70      0.1619    
   32.80      0.1608    
   32.90      0.1596    
   33.00      0.1585    
   33.10      0.1574    
   33.20      0.1563    
   33.30      0.1553    
   33.40      0.1542    
   33.50      0.1531    
   33.60      0.1521    
   33.70      0.1510    
   33.80      0.1500    
   33.90      0.1489    
   34.00      0.1478    
   34.10      0.1468    
   34.20      0.1457    
   34.30      0.1446    
   34.40      0.1436    
   34.50      0.1425    
   34.60      0.1414    
   34.70      0.1403    
   34.80      0.1391    
   34.90      0.1380    
   35.00      0.1368    
   35.10      0.1357    
   35.20      0.1345    
   35.30      0.1333    
   35.40      0.1321    
   35.50      0.1309    
   35.60      0.1296    
   35.70      0.1284    
   35.80      0.1271    
   35.90      0.1258    
   36.00      0.1245    
   36.10      0.1232    
   36.20      0.1219    
   36.30      0.1205    
   36.40      0.1192    
   36.50      0.1178    
   36.60      0.1164    
   36.70      0.1150    
   36.80      0.1136    
   36.90      0.1122    
   37.00      0.1108    
   37.10      0.1094    
   37.20      0.1079    
   37.30      0.1065    
   37.40      0.1051    
   37.50      0.1036    
   37.60      0.1022    
   37.70      0.1007    
   37.80      0.9928E-01
   37.90      0.9784E-01
   38.00      0.9639E-01
   38.10      0.9495E-01
   38.20      0.9351E-01
   38.30      0.9208E-01
   38.40      0.9065E-01
   38.50      0.8923E-01
   38.60      0.8782E-01
   38.70      0.8642E-01
   38.80      0.8503E-01
   38.90      0.8365E-01
   39.00      0.8228E-01
   39.10      0.8092E-01
   39.20      0.7958E-01
   39.30      0.7826E-01
   39.40      0.7695E-01
   39.50      0.7565E-01
   39.60      0.7437E-01
   39.70      0.7311E-01
   39.80      0.7187E-01
   39.90      0.7065E-01
   40.00      0.6944E-01
   40.10      0.6826E-01
   40.20      0.6709E-01
   40.30      0.6595E-01
   40.40      0.6483E-01
   40.50      0.6373E-01
   40.60      0.6265E-01
   40.70      0.6159E-01
   40.80      0.6055E-01
   40.90      0.5954E-01
   41.00      0.5855E-01
   41.10      0.5758E-01
   41.20      0.5664E-01
   41.30      0.5571E-01
   41.40      0.5481E-01
   41.50      0.5393E-01
   41.60      0.5308E-01
   41.70      0.5224E-01
   41.80      0.5143E-01
   41.90      0.5064E-01
   42.00      0.4987E-01
   42.10      0.4913E-01
   42.20      0.4840E-01
   42.30      0.4769E-01
   42.40      0.4701E-01
   42.50      0.4634E-01
   42.60      0.4570E-01
   42.70      0.4507E-01
   42.80      0.4446E-01
   42.90      0.4387E-01
   43.00      0.4330E-01
   43.10      0.4275E-01
   43.20      0.4221E-01
   43.30      0.4169E-01
   43.40      0.4119E-01
   43.50      0.4070E-01
   43.60      0.4022E-01
   43.70      0.3976E-01
   43.80      0.3932E-01
   43.90      0.3889E-01
   44.00      0.3847E-01
   44.10      0.3806E-01
   44.20      0.3767E-01
   44.30      0.3728E-01
   44.40      0.3691E-01
   44.50      0.3655E-01
   44.60      0.3620E-01
   44.70      0.3586E-01
   44.80      0.3552E-01
   44.90      0.3520E-01
   45.00      0.3488E-01
   45.10      0.3457E-01
   45.20      0.3427E-01
   45.30      0.3398E-01
   45.40      0.3369E-01
   45.50      0.3341E-01
   45.60      0.3313E-01
   45.70      0.3286E-01
   45.80      0.3259E-01
   45.90      0.3232E-01
   46.00      0.3206E-01
   46.10      0.3181E-01
   46.20      0.3156E-01
   46.30      0.3131E-01
   46.40      0.3106E-01
   46.50      0.3081E-01
   46.60      0.3057E-01
   46.70      0.3033E-01
   46.80      0.3009E-01
   46.90      0.2985E-01
   47.00      0.2961E-01
   47.10      0.2937E-01
   47.20      0.2914E-01
   47.30      0.2890E-01
   47.40      0.2867E-01
   47.50      0.2843E-01
   47.60      0.2819E-01
   47.70      0.2796E-01
   47.80      0.2772E-01
   47.90      0.2749E-01
   48.00      0.2725E-01
   48.10      0.2701E-01
   48.20      0.2677E-01
   48.30      0.2653E-01
   48.40      0.2629E-01
   48.50      0.2605E-01
   48.60      0.2581E-01
   48.70      0.2557E-01
   48.80      0.2532E-01
   48.90      0.2508E-01
   49.00      0.2483E-01
   49.10      0.2459E-01
   49.20      0.2434E-01
   49.30      0.2409E-01
   49.40      0.2384E-01
   49.50      0.2359E-01
   49.60      0.2334E-01
   49.70      0.2309E-01
   49.80      0.2284E-01
   49.90      0.2259E-01
   50.00      0.2234E-01
   50.10      0.2209E-01
   50.20      0.2184E-01
   50.30      0.2158E-01
   50.40      0.2133E-01
   50.50      0.2108E-01
   50.60      0.2083E-01
   50.70      0.2058E-01
   50.80      0.2033E-01
   50.90      0.2008E-01
   51.00      0.1983E-01
   51.10      0.1958E-01
   51.20      0.1933E-01
   51.30      0.1909E-01
   51.40      0.1885E-01
   51.50      0.1860E-01
   51.60      0.1836E-01
   51.70      0.1812E-01
   51.80      0.1788E-01
   51.90      0.1765E-01
   52.00      0.1741E-01
   52.10      0.1718E-01
   52.20      0.1695E-01
   52.30      0.1673E-01
   52.40      0.1650E-01
   52.50      0.1628E-01
   52.60      0.1606E-01
   52.70      0.1585E-01
   52.80      0.1563E-01
   52.90      0.1542E-01
   53.00      0.1522E-01
   53.10      0.1501E-01
   53.20      0.1481E-01
   53.30      0.1462E-01
   53.40      0.1442E-01
   53.50      0.1423E-01
   53.60      0.1404E-01
   53.70      0.1386E-01
   53.80      0.1368E-01
   53.90      0.1350E-01
   54.00      0.1333E-01
   54.10      0.1316E-01
   54.20      0.1300E-01
   54.30      0.1284E-01
   54.40      0.1268E-01
   54.50      0.1252E-01
   54.60      0.1237E-01
   54.70      0.1222E-01
   54.80      0.1208E-01
   54.90      0.1194E-01
   55.00      0.1181E-01
   55.10      0.1167E-01
   55.20      0.1154E-01
   55.30      0.1142E-01
   55.40      0.1129E-01
   55.50      0.1117E-01
   55.60      0.1106E-01
   55.70      0.1095E-01
   55.80      0.1084E-01
   55.90      0.1073E-01
   56.00      0.1063E-01
   56.10      0.1052E-01
   56.20      0.1043E-01
   56.30      0.1033E-01
   56.40      0.1024E-01
   56.50      0.1015E-01
   56.60      0.1006E-01
   56.70      0.9976E-02
   56.80      0.9893E-02
   56.90      0.9812E-02
   57.00      0.9733E-02
   57.10      0.9657E-02
   57.20      0.9582E-02
   57.30      0.9509E-02
   57.40      0.9437E-02
   57.50      0.9367E-02
   57.60      0.9299E-02
   57.70      0.9232E-02
   57.80      0.9166E-02
   57.90      0.9102E-02
   58.00      0.9039E-02
   58.10      0.8977E-02
   58.20      0.8915E-02
   58.30      0.8855E-02
   58.40      0.8795E-02
   58.50      0.8736E-02
   58.60      0.8678E-02
   58.70      0.8620E-02
   58.80      0.8562E-02
   58.90      0.8505E-02
   59.00      0.8448E-02
   59.10      0.8392E-02
   59.20      0.8335E-02
   59.30      0.8279E-02
   59.40      0.8223E-02
   59.50      0.8166E-02
   59.60      0.8110E-02
   59.70      0.8054E-02
   59.80      0.7997E-02
   59.90      0.7940E-02
   60.00      0.7883E-02
   60.10      0.7826E-02
   60.20      0.7768E-02
   60.30      0.7710E-02
   60.40      0.7652E-02
   60.50      0.7593E-02
   60.60      0.7534E-02
   60.70      0.7474E-02
   60.80      0.7414E-02
   60.90      0.7353E-02
   61.00      0.7292E-02
   61.10      0.7231E-02
   61.20      0.7169E-02
   61.30      0.7107E-02
   61.40      0.7044E-02
   61.50      0.6980E-02
   61.60      0.6916E-02
   61.70      0.6852E-02
   61.80      0.6787E-02
   61.90      0.6722E-02
   62.00      0.6656E-02
   62.10      0.6590E-02
   62.20      0.6523E-02
   62.30      0.6456E-02
   62.40      0.6389E-02
   62.50      0.6322E-02
   62.60      0.6254E-02
   62.70      0.6185E-02
   62.80      0.6117E-02
   62.90      0.6048E-02
   63.00      0.5979E-02
   63.10      0.5910E-02
   63.20      0.5841E-02
   63.30      0.5772E-02
   63.40      0.5702E-02
   63.50      0.5633E-02
   63.60      0.5563E-02
   63.70      0.5494E-02
   63.80      0.5424E-02
   63.90      0.5355E-02
   64.00      0.5286E-02
   64.10      0.5217E-02
   64.20      0.5148E-02
   64.30      0.5080E-02
   64.40      0.5011E-02
   64.50      0.4943E-02
   64.60      0.4875E-02
   64.70      0.4808E-02
   64.80      0.4741E-02
   64.90      0.4675E-02
   65.00      0.4609E-02
   65.10      0.4543E-02
   65.20      0.4478E-02
   65.30      0.4414E-02
   65.40      0.4350E-02
   65.50      0.4287E-02
   65.60      0.4224E-02
   65.70      0.4162E-02
   65.80      0.4101E-02
   65.90      0.4040E-02
   66.00      0.3980E-02
   66.10      0.3922E-02
   66.20      0.3863E-02
   66.30      0.3806E-02
   66.40      0.3749E-02
   66.50      0.3694E-02
   66.60      0.3639E-02
   66.70      0.3585E-02
   66.80      0.3532E-02
   66.90      0.3480E-02
   67.00      0.3429E-02
   67.10      0.3379E-02
   67.20      0.3329E-02
   67.30      0.3281E-02
   67.40      0.3234E-02
   67.50      0.3187E-02
   67.60      0.3142E-02
   67.70      0.3097E-02
   67.80      0.3054E-02
   67.90      0.3011E-02
   68.00      0.2970E-02
   68.10      0.2929E-02
   68.20      0.2890E-02
   68.30      0.2851E-02
   68.40      0.2814E-02
   68.50      0.2777E-02
   68.60      0.2741E-02
   68.70      0.2707E-02
   68.80      0.2673E-02
   68.90      0.2640E-02
   69.00      0.2608E-02
   69.10      0.2577E-02
   69.20      0.2546E-02
   69.30      0.2517E-02
   69.40      0.2488E-02
   69.50      0.2461E-02
   69.60      0.2434E-02
   69.70      0.2407E-02
   69.80      0.2382E-02
   69.90      0.2357E-02
   70.00      0.2334E-02
   70.10      0.2310E-02
   70.20      0.2288E-02
   70.30      0.2266E-02
   70.40      0.2245E-02
   70.50      0.2224E-02
   70.60      0.2204E-02
   70.70      0.2185E-02
   70.80      0.2166E-02
   70.90      0.2148E-02
   71.00      0.2130E-02
   71.10      0.2113E-02
   71.20      0.2096E-02
   71.30      0.2080E-02
   71.40      0.2064E-02
   71.50      0.2048E-02
   71.60      0.2033E-02
   71.70      0.2018E-02
   71.80      0.2004E-02
   71.90      0.1989E-02
   72.00      0.1976E-02
   72.10      0.1962E-02
   72.20      0.1949E-02
   72.30      0.1936E-02
   72.40      0.1923E-02
   72.50      0.1910E-02
   72.60      0.1898E-02
   72.70      0.1886E-02
   72.80      0.1874E-02
   72.90      0.1862E-02
   73.00      0.1850E-02
   73.10      0.1838E-02
   73.20      0.1827E-02
   73.30      0.1815E-02
   73.40      0.1804E-02
   73.50      0.1792E-02
   73.60      0.1781E-02
   73.70      0.1770E-02
   73.80      0.1758E-02
   73.90      0.1747E-02
   74.00      0.1736E-02
   74.10      0.1725E-02
   74.20      0.1713E-02
   74.30      0.1702E-02
   74.40      0.1691E-02
   74.50      0.1679E-02
   74.60      0.1668E-02
   74.70      0.1657E-02
   74.80      0.1645E-02
   74.90      0.1634E-02
   75.00      0.1622E-02
   75.10      0.1610E-02
   75.20      0.1599E-02
   75.30      0.1587E-02
   75.40      0.1575E-02
   75.50      0.1563E-02
   75.60      0.1551E-02
   75.70      0.1539E-02
   75.80      0.1527E-02
   75.90      0.1515E-02
   76.00      0.1502E-02
   76.10      0.1490E-02
   76.20      0.1478E-02
   76.30      0.1465E-02
   76.40      0.1452E-02
   76.50      0.1440E-02
   76.60      0.1427E-02
   76.70      0.1414E-02
   76.80      0.1402E-02
   76.90      0.1389E-02
   77.00      0.1376E-02
   77.10      0.1363E-02
   77.20      0.1350E-02
   77.30      0.1336E-02
   77.40      0.1323E-02
   77.50      0.1310E-02
   77.60      0.1297E-02
   77.70      0.1284E-02
   77.80      0.1271E-02
   77.90      0.1257E-02
   78.00      0.1244E-02
   78.10      0.1231E-02
   78.20      0.1217E-02
   78.30      0.1204E-02
   78.40      0.1191E-02
   78.50      0.1178E-02
   78.60      0.1164E-02
   78.70      0.1151E-02
   78.80      0.1138E-02
   78.90      0.1125E-02
   79.00      0.1112E-02
   79.10      0.1099E-02
   79.20      0.1086E-02
   79.30      0.1073E-02
   79.40      0.1060E-02
   79.50      0.1047E-02
   79.60      0.1035E-02
   79.70      0.1022E-02
   79.80      0.1010E-02
   79.90      0.9972E-03
   80.00      0.9849E-03
   80.10      0.9727E-03
   80.20      0.9606E-03
   80.30      0.9487E-03
   80.40      0.9368E-03
   80.50      0.9251E-03
   80.60      0.9135E-03
   80.70      0.9020E-03
   80.80      0.8906E-03
   80.90      0.8794E-03
   81.00      0.8684E-03
   81.10      0.8574E-03
   81.20      0.8467E-03
   81.30      0.8361E-03
   81.40      0.8256E-03
   81.50      0.8153E-03
   81.60      0.8051E-03
   81.70      0.7951E-03
   81.80      0.7853E-03
   81.90      0.7757E-03
   82.00      0.7662E-03
   82.10      0.7568E-03
   82.20      0.7477E-03
   82.30      0.7387E-03
   82.40      0.7298E-03
   82.50      0.7212E-03
   82.60      0.7127E-03
   82.70      0.7044E-03
   82.80      0.6962E-03
   82.90      0.6882E-03
   83.00      0.6804E-03
   83.10      0.6727E-03
   83.20      0.6653E-03
   83.30      0.6579E-03
   83.40      0.6508E-03
   83.50      0.6438E-03
   83.60      0.6369E-03
   83.70      0.6302E-03
   83.80      0.6237E-03
   83.90      0.6173E-03
   84.00      0.6111E-03
   84.10      0.6050E-03
   84.20      0.5991E-03
   84.30      0.5933E-03
   84.40      0.5876E-03
   84.50      0.5821E-03
   84.60      0.5767E-03
   84.70      0.5715E-03
   84.80      0.5663E-03
   84.90      0.5613E-03
   85.00      0.5564E-03
   85.10      0.5517E-03
   85.20      0.5470E-03
   85.30      0.5424E-03
   85.40      0.5380E-03
   85.50      0.5336E-03
   85.60      0.5294E-03
   85.70      0.5252E-03
   85.80      0.5211E-03
   85.90      0.5171E-03
   86.00      0.5132E-03
   86.10      0.5093E-03
   86.20      0.5056E-03
   86.30      0.5018E-03
   86.40      0.4982E-03
   86.50      0.4946E-03
   86.60      0.4911E-03
   86.70      0.4876E-03
   86.80      0.4841E-03
   86.90      0.4808E-03
   87.00      0.4774E-03
   87.10      0.4741E-03
   87.20      0.4708E-03
   87.30      0.4675E-03
   87.40      0.4643E-03
   87.50      0.4611E-03
   87.60      0.4579E-03
   87.70      0.4547E-03
   87.80      0.4516E-03
   87.90      0.4484E-03
   88.00      0.4453E-03
   88.10      0.4422E-03
   88.20      0.4390E-03
   88.30      0.4359E-03
   88.40      0.4328E-03
   88.50      0.4297E-03
   88.60      0.4265E-03
   88.70      0.4234E-03
   88.80      0.4203E-03
   88.90      0.4171E-03
   89.00      0.4140E-03
   89.10      0.4108E-03
   89.20      0.4076E-03
   89.30      0.4045E-03
   89.40      0.4013E-03
   89.50      0.3981E-03
   89.60      0.3949E-03
   89.70      0.3916E-03
   89.80      0.3884E-03
   89.90      0.3851E-03
   90.00      0.3819E-03
   90.10      0.3786E-03
   90.20      0.3753E-03
   90.30      0.3721E-03
   90.40      0.3688E-03
   90.50      0.3654E-03
   90.60      0.3621E-03
   90.70      0.3588E-03
   90.80      0.3555E-03
   90.90      0.3521E-03
   91.00      0.3488E-03
   91.10      0.3455E-03
   91.20      0.3421E-03
   91.30      0.3388E-03
   91.40      0.3354E-03
   91.50      0.3321E-03
   91.60      0.3287E-03
   91.70      0.3254E-03
   91.80      0.3221E-03
   91.90      0.3187E-03
   92.00      0.3154E-03
   92.10      0.3121E-03
   92.20      0.3088E-03
   92.30      0.3055E-03
   92.40      0.3022E-03
   92.50      0.2989E-03
   92.60      0.2957E-03
   92.70      0.2924E-03
   92.80      0.2892E-03
   92.90      0.2860E-03
   93.00      0.2828E-03
   93.10      0.2796E-03
   93.20      0.2765E-03
   93.30      0.2733E-03
   93.40      0.2702E-03
   93.50      0.2671E-03
   93.60      0.2641E-03
   93.70      0.2610E-03
   93.80      0.2580E-03
   93.90      0.2551E-03
   94.00      0.2521E-03
   94.10      0.2492E-03
   94.20      0.2463E-03
   94.30      0.2434E-03
   94.40      0.2406E-03
   94.50      0.2378E-03
   94.60      0.2350E-03
   94.70      0.2323E-03
   94.80      0.2296E-03
   94.90      0.2270E-03
   95.00      0.2243E-03
   95.10      0.2218E-03
   95.20      0.2192E-03
   95.30      0.2167E-03
   95.40      0.2142E-03
   95.50      0.2118E-03
   95.60      0.2094E-03
   95.70      0.2071E-03
   95.80      0.2047E-03
   95.90      0.2025E-03
   96.00      0.2003E-03
   96.10      0.1981E-03
   96.20      0.1959E-03
   96.30      0.1938E-03
   96.40      0.1918E-03
   96.50      0.1898E-03
   96.60      0.1878E-03
   96.70      0.1858E-03
   96.80      0.1840E-03
   96.90      0.1821E-03
   97.00      0.1803E-03
   97.10      0.1785E-03
   97.20      0.1768E-03
   97.30      0.1751E-03
   97.40      0.1735E-03
   97.50      0.1719E-03
   97.60      0.1703E-03
   97.70      0.1688E-03
   97.80      0.1673E-03
   97.90      0.1659E-03
   98.00      0.1644E-03
   98.10      0.1631E-03
   98.20      0.1617E-03
   98.30      0.1604E-03
   98.40      0.1592E-03
   98.50      0.1579E-03
   98.60      0.1567E-03
   98.70      0.1555E-03
   98.80      0.1544E-03
   98.90      0.1533E-03
   99.00      0.1522E-03
   99.10      0.1511E-03
   99.20      0.1501E-03
   99.30      0.1491E-03
   99.40      0.1481E-03
   99.50      0.1472E-03
   99.60      0.1463E-03
   99.70      0.1454E-03
   99.80      0.1445E-03
   99.90      0.1436E-03
   100.0      0.1428E-03
   100.1      0.1420E-03
   100.2      0.1412E-03
   100.3      0.1404E-03
   100.4      0.1396E-03
   100.5      0.1388E-03
   100.6      0.1381E-03
   100.7      0.1374E-03
   100.8      0.1367E-03
   100.9      0.1360E-03
   101.0      0.1353E-03
   101.1      0.1346E-03
   101.2      0.1340E-03
   101.3      0.1333E-03
   101.4      0.1327E-03
   101.5      0.1320E-03
   101.6      0.1314E-03
   101.7      0.1308E-03
   101.8      0.1302E-03
   101.9      0.1296E-03
   102.0      0.1290E-03
   102.1      0.1284E-03
   102.2      0.1278E-03
   102.3      0.1272E-03
   102.4      0.1266E-03
   102.5      0.1260E-03
   102.6      0.1255E-03
   102.7      0.1249E-03
   102.8      0.1243E-03
   102.9      0.1237E-03
   103.0      0.1231E-03
   103.1      0.1225E-03
   103.2      0.1220E-03
   103.3      0.1214E-03
   103.4      0.1208E-03
   103.5      0.1202E-03
   103.6      0.1196E-03
   103.7      0.1189E-03
   103.8      0.1183E-03
   103.9      0.1177E-03
   104.0      0.1171E-03
   104.1      0.1164E-03
   104.2      0.1158E-03
   104.3      0.1151E-03
   104.4      0.1144E-03
   104.5      0.1137E-03
   104.6      0.1130E-03
   104.7      0.1123E-03
   104.8      0.1116E-03
   104.9      0.1109E-03
   105.0      0.1101E-03
   105.1      0.1094E-03
   105.2      0.1086E-03
   105.3      0.1078E-03
   105.4      0.1070E-03
   105.5      0.1062E-03
   105.6      0.1053E-03
   105.7      0.1045E-03
   105.8      0.1036E-03
   105.9      0.1028E-03
   106.0      0.1019E-03
   106.1      0.1010E-03
   106.2      0.1001E-03
   106.3      0.9914E-04
   106.4      0.9821E-04
   106.5      0.9726E-04
   106.6      0.9630E-04
   106.7      0.9533E-04
   106.8      0.9436E-04
   106.9      0.9337E-04
   107.0      0.9238E-04
   107.1      0.9138E-04
   107.2      0.9037E-04
   107.3      0.8936E-04
   107.4      0.8834E-04
   107.5      0.8732E-04
   107.6      0.8630E-04
   107.7      0.8527E-04
   107.8      0.8425E-04
   107.9      0.8322E-04
   108.0      0.8220E-04
   108.1      0.8117E-04
   108.2      0.8015E-04
   108.3      0.7913E-04
   108.4      0.7812E-04
   108.5      0.7711E-04
   108.6      0.7611E-04
   108.7      0.7511E-04
   108.8      0.7412E-04
   108.9      0.7314E-04
   109.0      0.7217E-04
   109.1      0.7121E-04
   109.2      0.7026E-04
   109.3      0.6932E-04
   109.4      0.6839E-04
   109.5      0.6747E-04
   109.6      0.6657E-04
   109.7      0.6568E-04
   109.8      0.6480E-04
   109.9      0.6393E-04
   110.0      0.6308E-04
   110.1      0.6224E-04
   110.2      0.6142E-04
   110.3      0.6061E-04
   110.4      0.5981E-04
   110.5      0.5903E-04
   110.6      0.5827E-04
   110.7      0.5751E-04
   110.8      0.5678E-04
   110.9      0.5605E-04
   111.0      0.5534E-04
   111.1      0.5465E-04
   111.2      0.5397E-04
   111.3      0.5330E-04
   111.4      0.5265E-04
   111.5      0.5201E-04
   111.6      0.5138E-04
   111.7      0.5077E-04
   111.8      0.5017E-04
   111.9      0.4959E-04
   112.0      0.4901E-04
   112.1      0.4845E-04
   112.2      0.4791E-04
   112.3      0.4737E-04
   112.4      0.4685E-04
   112.5      0.4634E-04
   112.6      0.4584E-04
   112.7      0.4535E-04
   112.8      0.4488E-04
   112.9      0.4441E-04
   113.0      0.4396E-04
   113.1      0.4352E-04
   113.2      0.4309E-04
   113.3      0.4267E-04
   113.4      0.4227E-04
   113.5      0.4187E-04
   113.6      0.4149E-04
   113.7      0.4111E-04
   113.8      0.4075E-04
   113.9      0.4040E-04
   114.0      0.4006E-04
   114.1      0.3972E-04
   114.2      0.3940E-04
   114.3      0.3909E-04
   114.4      0.3879E-04
   114.5      0.3850E-04
   114.6      0.3822E-04
   114.7      0.3795E-04
   114.8      0.3770E-04
   114.9      0.3745E-04
   115.0      0.3720E-04
   115.1      0.3697E-04
   115.2      0.3675E-04
   115.3      0.3654E-04
   115.4      0.3634E-04
   115.5      0.3614E-04
   115.6      0.3596E-04
   115.7      0.3578E-04
   115.8      0.3561E-04
   115.9      0.3545E-04
   116.0      0.3529E-04
   116.1      0.3515E-04
   116.2      0.3501E-04
   116.3      0.3488E-04
   116.4      0.3475E-04
   116.5      0.3464E-04
   116.6      0.3452E-04
   116.7      0.3442E-04
   116.8      0.3432E-04
   116.9      0.3423E-04
   117.0      0.3414E-04
   117.1      0.3405E-04
   117.2      0.3398E-04
   117.3      0.3390E-04
   117.4      0.3383E-04
   117.5      0.3377E-04
   117.6      0.3371E-04
   117.7      0.3365E-04
   117.8      0.3360E-04
   117.9      0.3355E-04
   118.0      0.3351E-04
   118.1      0.3347E-04
   118.2      0.3343E-04
   118.3      0.3340E-04
   118.4      0.3337E-04
   118.5      0.3334E-04
   118.6      0.3331E-04
   118.7      0.3329E-04
   118.8      0.3327E-04
   118.9      0.3325E-04
   119.0      0.3324E-04
   119.1      0.3323E-04
   119.2      0.3322E-04
   119.3      0.3321E-04
   119.4      0.3320E-04
   119.5      0.3320E-04
   119.6      0.3320E-04
   119.7      0.3320E-04
   119.8      0.3320E-04
   119.9      0.3321E-04
   120.0      0.3322E-04
   120.1      0.3322E-04
   120.2      0.3323E-04
   120.3      0.3324E-04
   120.4      0.3325E-04
   120.5      0.3326E-04
   120.6      0.3328E-04
   120.7      0.3329E-04
   120.8      0.3330E-04
   120.9      0.3332E-04
   121.0      0.3333E-04
   121.1      0.3334E-04
   121.2      0.3335E-04
   121.3      0.3337E-04
   121.4      0.3338E-04
   121.5      0.3338E-04
   121.6      0.3339E-04
   121.7      0.3340E-04
   121.8      0.3340E-04
   121.9      0.3340E-04
   122.0      0.3340E-04
   122.1      0.3340E-04
   122.2      0.3339E-04
   122.3      0.3338E-04
   122.4      0.3337E-04
   122.5      0.3335E-04
   122.6      0.3333E-04
   122.7      0.3331E-04
   122.8      0.3328E-04
   122.9      0.3325E-04
   123.0      0.3321E-04
   123.1      0.3318E-04
   123.2      0.3313E-04
   123.3      0.3309E-04
   123.4      0.3303E-04
   123.5      0.3298E-04
   123.6      0.3292E-04
   123.7      0.3286E-04
   123.8      0.3279E-04
   123.9      0.3272E-04
   124.0      0.3264E-04
   124.1      0.3256E-04
   124.2      0.3248E-04
   124.3      0.3240E-04
   124.4      0.3231E-04
   124.5      0.3222E-04
   124.6      0.3213E-04
   124.7      0.3203E-04
   124.8      0.3194E-04
   124.9      0.3184E-04
   125.0      0.3174E-04
   125.1      0.3163E-04
   125.2      0.3153E-04
   125.3      0.3143E-04
   125.4      0.3132E-04
   125.5      0.3121E-04
   125.6      0.3111E-04
   125.7      0.3100E-04
   125.8      0.3089E-04
   125.9      0.3078E-04
   126.0      0.3068E-04
   126.1      0.3057E-04
   126.2      0.3046E-04
   126.3      0.3035E-04
   126.4      0.3025E-04
   126.5      0.3014E-04
   126.6      0.3004E-04
   126.7      0.2993E-04
   126.8      0.2983E-04
   126.9      0.2972E-04
   127.0      0.2962E-04
   127.1      0.2951E-04
   127.2      0.2941E-04
   127.3      0.2930E-04
   127.4      0.2920E-04
   127.5      0.2909E-04
   127.6      0.2899E-04
   127.7      0.2888E-04
   127.8      0.2877E-04
   127.9      0.2867E-04
   128.0      0.2856E-04
   128.1      0.2845E-04
   128.2      0.2834E-04
   128.3      0.2823E-04
   128.4      0.2811E-04
   128.5      0.2800E-04
   128.6      0.2788E-04
   128.7      0.2777E-04
   128.8      0.2765E-04
   128.9      0.2753E-04
   129.0      0.2740E-04
   129.1      0.2728E-04
   129.2      0.2715E-04
   129.3      0.2703E-04
   129.4      0.2690E-04
   129.5      0.2677E-04
   129.6      0.2664E-04
   129.7      0.2650E-04
   129.8      0.2637E-04
   129.9      0.2624E-04
   130.0      0.2610E-04
   130.1      0.2597E-04
   130.2      0.2583E-04
   130.3      0.2569E-04
   130.4      0.2556E-04
   130.5      0.2542E-04
   130.6      0.2529E-04
   130.7      0.2516E-04
   130.8      0.2502E-04
   130.9      0.2489E-04
   131.0      0.2476E-04
   131.1      0.2464E-04
   131.2      0.2451E-04
   131.3      0.2439E-04
   131.4      0.2427E-04
   131.5      0.2415E-04
   131.6      0.2403E-04
   131.7      0.2392E-04
   131.8      0.2381E-04
   131.9      0.2370E-04
   132.0      0.2360E-04
   132.1      0.2350E-04
   132.2      0.2340E-04
   132.3      0.2330E-04
   132.4      0.2321E-04
   132.5      0.2312E-04
   132.6      0.2304E-04
   132.7      0.2295E-04
   132.8      0.2287E-04
   132.9      0.2279E-04
   133.0      0.2272E-04
   133.1      0.2264E-04
   133.2      0.2257E-04
   133.3      0.2250E-04
   133.4      0.2243E-04
   133.5      0.2236E-04
   133.6      0.2229E-04
   133.7      0.2223E-04
   133.8      0.2216E-04
   133.9      0.2209E-04
   134.0      0.2203E-04
   134.1      0.2196E-04
   134.2      0.2189E-04
   134.3      0.2182E-04
   134.4      0.2175E-04
   134.5      0.2168E-04
   134.6      0.2161E-04
   134.7      0.2153E-04
   134.8      0.2146E-04
   134.9      0.2138E-04
   135.0      0.2130E-04
   135.1      0.2122E-04
   135.2      0.2114E-04
   135.3      0.2105E-04
   135.4      0.2097E-04
   135.5      0.2088E-04
   135.6      0.2079E-04
   135.7      0.2070E-04
   135.8      0.2061E-04
   135.9      0.2051E-04
   136.0      0.2042E-04
   136.1      0.2033E-04
   136.2      0.2023E-04
   136.3      0.2014E-04
   136.4      0.2004E-04
   136.5      0.1995E-04
   136.6      0.1986E-04
   136.7      0.1976E-04
   136.8      0.1967E-04
   136.9      0.1959E-04
   137.0      0.1950E-04
   137.1      0.1942E-04
   137.2      0.1934E-04
   137.3      0.1926E-04
   137.4      0.1919E-04
   137.5      0.1911E-04
   137.6      0.1905E-04
   137.7      0.1899E-04
   137.8      0.1893E-04
   137.9      0.1887E-04
   138.0      0.1882E-04
   138.1      0.1878E-04
   138.2      0.1874E-04
   138.3      0.1870E-04
   138.4      0.1867E-04
   138.5      0.1865E-04
   138.6      0.1863E-04
   138.7      0.1861E-04
   138.8      0.1860E-04
   138.9      0.1859E-04
   139.0      0.1859E-04
   139.1      0.1859E-04
   139.2      0.1860E-04
   139.3      0.1861E-04
   139.4      0.1862E-04
   139.5      0.1864E-04
   139.6      0.1866E-04
   139.7      0.1868E-04
   139.8      0.1871E-04
   139.9      0.1874E-04
   140.0      0.1877E-04
   140.1      0.1880E-04
   140.2      0.1883E-04
   140.3      0.1886E-04
   140.4      0.1890E-04
   140.5      0.1894E-04
   140.6      0.1897E-04
   140.7      0.1901E-04
   140.8      0.1905E-04
   140.9      0.1908E-04
   141.0      0.1912E-04
   141.1      0.1916E-04
   141.2      0.1919E-04
   141.3      0.1923E-04
   141.4      0.1927E-04
   141.5      0.1930E-04
   141.6      0.1934E-04
   141.7      0.1937E-04
   141.8      0.1940E-04
   141.9      0.1944E-04
   142.0      0.1947E-04
   142.1      0.1950E-04
   142.2      0.1953E-04
   142.3      0.1957E-04
   142.4      0.1960E-04
   142.5      0.1963E-04
   142.6      0.1967E-04
   142.7      0.1970E-04
   142.8      0.1974E-04
   142.9      0.1978E-04
   143.0      0.1981E-04
   143.1      0.1985E-04
   143.2      0.1989E-04
   143.3      0.1994E-04
   143.4      0.1998E-04
   143.5      0.2003E-04
   143.6      0.2008E-04
   143.7      0.2013E-04
   143.8      0.2018E-04
   143.9      0.2024E-04
   144.0      0.2030E-04
   144.1      0.2036E-04
   144.2      0.2042E-04
   144.3      0.2048E-04
   144.4      0.2055E-04
   144.5      0.2062E-04
   144.6      0.2069E-04
   144.7      0.2076E-04
   144.8      0.2083E-04
   144.9      0.2091E-04
   145.0      0.2099E-04
   145.1      0.2106E-04
   145.2      0.2114E-04
   145.3      0.2122E-04
   145.4      0.2130E-04
   145.5      0.2137E-04
   145.6      0.2145E-04
   145.7      0.2153E-04
   145.8      0.2161E-04
   145.9      0.2168E-04
   146.0      0.2175E-04
   146.1      0.2183E-04
   146.2      0.2190E-04
   146.3      0.2196E-04
   146.4      0.2203E-04
   146.5      0.2209E-04
   146.6      0.2215E-04
   146.7      0.2221E-04
   146.8      0.2226E-04
   146.9      0.2231E-04
   147.0      0.2236E-04
   147.1      0.2241E-04
   147.2      0.2245E-04
   147.3      0.2249E-04
   147.4      0.2253E-04
   147.5      0.2256E-04
   147.6      0.2259E-04
   147.7      0.2262E-04
   147.8      0.2265E-04
   147.9      0.2267E-04
   148.0      0.2269E-04
   148.1      0.2271E-04
   148.2      0.2273E-04
   148.3      0.2275E-04
   148.4      0.2277E-04
   148.5      0.2278E-04
   148.6      0.2280E-04
   148.7      0.2282E-04
   148.8      0.2283E-04
   148.9      0.2285E-04
   149.0      0.2287E-04
   149.1      0.2289E-04
   149.2      0.2291E-04
   149.3      0.2294E-04
   149.4      0.2296E-04
   149.5      0.2299E-04
   149.6      0.2302E-04
   149.7      0.2305E-04
   149.8      0.2309E-04
   149.9      0.2313E-04
   150.0      0.2317E-04
   150.1      0.2322E-04
   150.2      0.2327E-04
   150.3      0.2332E-04
   150.4      0.2337E-04
   150.5      0.2343E-04
   150.6      0.2349E-04
   150.7      0.2356E-04
   150.8      0.2362E-04
   150.9      0.2369E-04
   151.0      0.2376E-04
   151.1      0.2384E-04
   151.2      0.2391E-04
   151.3      0.2399E-04
   151.4      0.2407E-04
   151.5      0.2415E-04
   151.6      0.2423E-04
   151.7      0.2431E-04
   151.8      0.2440E-04
   151.9      0.2448E-04
   152.0      0.2456E-04
   152.1      0.2464E-04
   152.2      0.2472E-04
   152.3      0.2481E-04
   152.4      0.2489E-04
   152.5      0.2496E-04
   152.6      0.2504E-04
   152.7      0.2512E-04
   152.8      0.2519E-04
   152.9      0.2526E-04
   153.0      0.2534E-04
   153.1      0.2540E-04
   153.2      0.2547E-04
   153.3      0.2554E-04
   153.4      0.2560E-04
   153.5      0.2567E-04
   153.6      0.2573E-04
   153.7      0.2579E-04
   153.8      0.2585E-04
   153.9      0.2590E-04
   154.0      0.2596E-04
   154.1      0.2602E-04
   154.2      0.2608E-04
   154.3      0.2613E-04
   154.4      0.2619E-04
   154.5      0.2625E-04
   154.6      0.2631E-04
   154.7      0.2637E-04
   154.8      0.2643E-04
   154.9      0.2649E-04
   155.0      0.2656E-04
   155.1      0.2663E-04
   155.2      0.2670E-04
   155.3      0.2677E-04
   155.4      0.2685E-04
   155.5      0.2693E-04
   155.6      0.2702E-04
   155.7      0.2710E-04
   155.8      0.2720E-04
   155.9      0.2729E-04
   156.0      0.2739E-04
   156.1      0.2749E-04
   156.2      0.2760E-04
   156.3      0.2771E-04
   156.4      0.2783E-04
   156.5      0.2794E-04
   156.6      0.2806E-04
   156.7      0.2819E-04
   156.8      0.2832E-04
   156.9      0.2845E-04
   157.0      0.2858E-04
   157.1      0.2872E-04
   157.2      0.2885E-04
   157.3      0.2899E-04
   157.4      0.2913E-04
   157.5      0.2927E-04
   157.6      0.2941E-04
   157.7      0.2956E-04
   157.8      0.2970E-04
   157.9      0.2984E-04
   158.0      0.2998E-04
   158.1      0.3012E-04
   158.2      0.3026E-04
   158.3      0.3039E-04
   158.4      0.3053E-04
   158.5      0.3066E-04
   158.6      0.3079E-04
   158.7      0.3092E-04
   158.8      0.3104E-04
   158.9      0.3116E-04
   159.0      0.3128E-04
   159.1      0.3140E-04
   159.2      0.3151E-04
   159.3      0.3162E-04
   159.4      0.3172E-04
   159.5      0.3183E-04
   159.6      0.3193E-04
   159.7      0.3202E-04
   159.8      0.3212E-04
   159.9      0.3221E-04
   160.0      0.3230E-04
   160.1      0.3239E-04
   160.2      0.3248E-04
   160.3      0.3257E-04
   160.4      0.3266E-04
   160.5      0.3274E-04
   160.6      0.3283E-04
   160.7      0.3292E-04
   160.8      0.3301E-04
   160.9      0.3310E-04
   161.0      0.3319E-04
   161.1      0.3329E-04
   161.2      0.3338E-04
   161.3      0.3349E-04
   161.4      0.3359E-04
   161.5      0.3370E-04
   161.6      0.3381E-04
   161.7      0.3393E-04
   161.8      0.3406E-04
   161.9      0.3419E-04
   162.0      0.3433E-04
   162.1      0.3447E-04
   162.2      0.3462E-04
   162.3      0.3478E-04
   162.4      0.3494E-04
   162.5      0.3511E-04
   162.6      0.3529E-04
   162.7      0.3547E-04
   162.8      0.3567E-04
   162.9      0.3587E-04
   163.0      0.3608E-04
   163.1      0.3630E-04
   163.2      0.3652E-04
   163.3      0.3676E-04
   163.4      0.3700E-04
   163.5      0.3724E-04
   163.6      0.3750E-04
   163.7      0.3776E-04
   163.8      0.3804E-04
   163.9      0.3831E-04
   164.0      0.3860E-04
   164.1      0.3889E-04
   164.2      0.3919E-04
   164.3      0.3950E-04
   164.4      0.3981E-04
   164.5      0.4013E-04
   164.6      0.4046E-04
   164.7      0.4079E-04
   164.8      0.4113E-04
   164.9      0.4147E-04
   165.0      0.4182E-04
   165.1      0.4218E-04
   165.2      0.4254E-04
   165.3      0.4291E-04
   165.4      0.4328E-04
   165.5      0.4366E-04
   165.6      0.4404E-04
   165.7      0.4443E-04
   165.8      0.4482E-04
   165.9      0.4522E-04
   166.0      0.4563E-04
   166.1      0.4604E-04
   166.2      0.4645E-04
   166.3      0.4687E-04
   166.4      0.4730E-04
   166.5      0.4773E-04
   166.6      0.4817E-04
   166.7      0.4861E-04
   166.8      0.4906E-04
   166.9      0.4951E-04
   167.0      0.4997E-04
   167.1      0.5043E-04
   167.2      0.5090E-04
   167.3      0.5138E-04
   167.4      0.5186E-04
   167.5      0.5234E-04
   167.6      0.5284E-04
   167.7      0.5334E-04
   167.8      0.5384E-04
   167.9      0.5435E-04
   168.0      0.5487E-04
   168.1      0.5539E-04
   168.2      0.5592E-04
   168.3      0.5646E-04
   168.4      0.5700E-04
   168.5      0.5755E-04
   168.6      0.5810E-04
   168.7      0.5867E-04
   168.8      0.5924E-04
   168.9      0.5981E-04
   169.0      0.6040E-04
   169.1      0.6099E-04
   169.2      0.6159E-04
   169.3      0.6220E-04
   169.4      0.6282E-04
   169.5      0.6344E-04
   169.6      0.6408E-04
   169.7      0.6472E-04
   169.8      0.6538E-04
   169.9      0.6604E-04
   170.0      0.6672E-04
   170.1      0.6741E-04
   170.2      0.6811E-04
   170.3      0.6883E-04
   170.4      0.6955E-04
   170.5      0.7030E-04
   170.6      0.7105E-04
   170.7      0.7182E-04
   170.8      0.7261E-04
   170.9      0.7342E-04
   171.0      0.7424E-04
   171.1      0.7508E-04
   171.2      0.7594E-04
   171.3      0.7681E-04
   171.4      0.7771E-04
   171.5      0.7863E-04
   171.6      0.7957E-04
   171.7      0.8053E-04
   171.8      0.8151E-04
   171.9      0.8252E-04
   172.0      0.8355E-04
   172.1      0.8460E-04
   172.2      0.8568E-04
   172.3      0.8678E-04
   172.4      0.8790E-04
   172.5      0.8905E-04
   172.6      0.9023E-04
   172.7      0.9142E-04
   172.8      0.9265E-04
   172.9      0.9389E-04
   173.0      0.9516E-04
   173.1      0.9645E-04
   173.2      0.9776E-04
   173.3      0.9910E-04
   173.4      0.1005E-03
   173.5      0.1018E-03
   173.6      0.1032E-03
   173.7      0.1046E-03
   173.8      0.1061E-03
   173.9      0.1075E-03
   174.0      0.1089E-03
   174.1      0.1104E-03
   174.2      0.1119E-03
   174.3      0.1134E-03
   174.4      0.1149E-03
   174.5      0.1164E-03
   174.6      0.1179E-03
   174.7      0.1194E-03
   174.8      0.1209E-03
   174.9      0.1224E-03
   175.0      0.1239E-03
   175.1      0.1254E-03
   175.2      0.1268E-03
   175.3      0.1283E-03
   175.4      0.1298E-03
   175.5      0.1312E-03
   175.6      0.1326E-03
   175.7      0.1340E-03
   175.8      0.1354E-03
   175.9      0.1368E-03
   176.0      0.1381E-03
   176.1      0.1395E-03
   176.2      0.1407E-03
   176.3      0.1420E-03
   176.4      0.1432E-03
   176.5      0.1444E-03
   176.6      0.1456E-03
   176.7      0.1468E-03
   176.8      0.1479E-03
   176.9      0.1489E-03
   177.0      0.1500E-03
   177.1      0.1510E-03
   177.2      0.1519E-03
   177.3      0.1529E-03
   177.4      0.1538E-03
   177.5      0.1546E-03
   177.6      0.1554E-03
   177.7      0.1562E-03
   177.8      0.1569E-03
   177.9      0.1577E-03
   178.0      0.1583E-03
   178.1      0.1590E-03
   178.2      0.1595E-03
   178.3      0.1601E-03
   178.4      0.1606E-03
   178.5      0.1611E-03
   178.6      0.1616E-03
   178.7      0.1620E-03
   178.8      0.1624E-03
   178.9      0.1627E-03
   179.0      0.1630E-03
   179.1      0.1633E-03
   179.2      0.1636E-03
   179.3      0.1638E-03
   179.4      0.1640E-03
   179.5      0.1642E-03
   179.6      0.1643E-03
   179.7      0.1644E-03
   179.8      0.1645E-03
   179.9      0.1645E-03
   180.0      0.1645E-03
 END
