#1801 angles,  1 tensor ranks for 0=projectile
@subtitle   "12C(7Li,6Li)13C @ Ed=35 MeV;"                                                  
@legend ON
@legend x1 0.2
@legend y1 0.8
@g0 type LOGY
@yaxis ticklabel format power
@legend string   0 "Lab energy =   35.0000"
#legend string   0 "Partition=  2 Excit=  3 near/far= 1"
#  Theta       sigma       iT11        T20         T21         T22         Kyy for projectile
   0.000      0.1550    
  0.1000      0.1550    
  0.2000      0.1550    
  0.3000      0.1549    
  0.4000      0.1549    
  0.5000      0.1549    
  0.6000      0.1549    
  0.7000      0.1549    
  0.8000      0.1549    
  0.9000      0.1549    
   1.000      0.1549    
   1.100      0.1549    
   1.200      0.1548    
   1.300      0.1548    
   1.400      0.1548    
   1.500      0.1548    
   1.600      0.1547    
   1.700      0.1547    
   1.800      0.1547    
   1.900      0.1546    
   2.000      0.1546    
   2.100      0.1545    
   2.200      0.1545    
   2.300      0.1544    
   2.400      0.1544    
   2.500      0.1543    
   2.600      0.1542    
   2.700      0.1541    
   2.800      0.1540    
   2.900      0.1540    
   3.000      0.1539    
   3.100      0.1537    
   3.200      0.1536    
   3.300      0.1535    
   3.400      0.1534    
   3.500      0.1532    
   3.600      0.1531    
   3.700      0.1529    
   3.800      0.1528    
   3.900      0.1526    
   4.000      0.1524    
   4.100      0.1522    
   4.200      0.1520    
   4.300      0.1517    
   4.400      0.1515    
   4.500      0.1513    
   4.600      0.1510    
   4.700      0.1507    
   4.800      0.1504    
   4.900      0.1501    
   5.000      0.1498    
   5.100      0.1495    
   5.200      0.1491    
   5.300      0.1488    
   5.400      0.1484    
   5.500      0.1480    
   5.600      0.1476    
   5.700      0.1472    
   5.800      0.1468    
   5.900      0.1463    
   6.000      0.1458    
   6.100      0.1454    
   6.200      0.1449    
   6.300      0.1443    
   6.400      0.1438    
   6.500      0.1433    
   6.600      0.1427    
   6.700      0.1421    
   6.800      0.1415    
   6.900      0.1409    
   7.000      0.1402    
   7.100      0.1396    
   7.200      0.1389    
   7.300      0.1382    
   7.400      0.1375    
   7.500      0.1368    
   7.600      0.1360    
   7.700      0.1353    
   7.800      0.1345    
   7.900      0.1337    
   8.000      0.1329    
   8.100      0.1320    
   8.200      0.1312    
   8.300      0.1303    
   8.400      0.1295    
   8.500      0.1286    
   8.600      0.1277    
   8.700      0.1267    
   8.800      0.1258    
   8.900      0.1248    
   9.000      0.1238    
   9.100      0.1229    
   9.200      0.1219    
   9.300      0.1208    
   9.400      0.1198    
   9.500      0.1188    
   9.600      0.1177    
   9.700      0.1166    
   9.800      0.1156    
   9.900      0.1145    
   10.00      0.1134    
   10.10      0.1123    
   10.20      0.1111    
   10.30      0.1100    
   10.40      0.1088    
   10.50      0.1077    
   10.60      0.1065    
   10.70      0.1054    
   10.80      0.1042    
   10.90      0.1030    
   11.00      0.1018    
   11.10      0.1006    
   11.20      0.9941E-01
   11.30      0.9820E-01
   11.40      0.9699E-01
   11.50      0.9577E-01
   11.60      0.9455E-01
   11.70      0.9333E-01
   11.80      0.9210E-01
   11.90      0.9088E-01
   12.00      0.8965E-01
   12.10      0.8842E-01
   12.20      0.8719E-01
   12.30      0.8596E-01
   12.40      0.8474E-01
   12.50      0.8351E-01
   12.60      0.8229E-01
   12.70      0.8107E-01
   12.80      0.7985E-01
   12.90      0.7864E-01
   13.00      0.7743E-01
   13.10      0.7622E-01
   13.20      0.7502E-01
   13.30      0.7383E-01
   13.40      0.7264E-01
   13.50      0.7146E-01
   13.60      0.7029E-01
   13.70      0.6912E-01
   13.80      0.6796E-01
   13.90      0.6681E-01
   14.00      0.6567E-01
   14.10      0.6454E-01
   14.20      0.6342E-01
   14.30      0.6231E-01
   14.40      0.6122E-01
   14.50      0.6013E-01
   14.60      0.5905E-01
   14.70      0.5799E-01
   14.80      0.5694E-01
   14.90      0.5590E-01
   15.00      0.5487E-01
   15.10      0.5386E-01
   15.20      0.5286E-01
   15.30      0.5187E-01
   15.40      0.5090E-01
   15.50      0.4995E-01
   15.60      0.4900E-01
   15.70      0.4808E-01
   15.80      0.4717E-01
   15.90      0.4627E-01
   16.00      0.4539E-01
   16.10      0.4452E-01
   16.20      0.4367E-01
   16.30      0.4284E-01
   16.40      0.4202E-01
   16.50      0.4122E-01
   16.60      0.4043E-01
   16.70      0.3967E-01
   16.80      0.3891E-01
   16.90      0.3818E-01
   17.00      0.3746E-01
   17.10      0.3675E-01
   17.20      0.3607E-01
   17.30      0.3540E-01
   17.40      0.3474E-01
   17.50      0.3411E-01
   17.60      0.3348E-01
   17.70      0.3288E-01
   17.80      0.3229E-01
   17.90      0.3172E-01
   18.00      0.3116E-01
   18.10      0.3062E-01
   18.20      0.3009E-01
   18.30      0.2958E-01
   18.40      0.2909E-01
   18.50      0.2861E-01
   18.60      0.2814E-01
   18.70      0.2769E-01
   18.80      0.2725E-01
   18.90      0.2683E-01
   19.00      0.2642E-01
   19.10      0.2603E-01
   19.20      0.2565E-01
   19.30      0.2528E-01
   19.40      0.2493E-01
   19.50      0.2458E-01
   19.60      0.2425E-01
   19.70      0.2394E-01
   19.80      0.2363E-01
   19.90      0.2334E-01
   20.00      0.2306E-01
   20.10      0.2278E-01
   20.20      0.2252E-01
   20.30      0.2227E-01
   20.40      0.2203E-01
   20.50      0.2180E-01
   20.60      0.2158E-01
   20.70      0.2137E-01
   20.80      0.2117E-01
   20.90      0.2097E-01
   21.00      0.2078E-01
   21.10      0.2060E-01
   21.20      0.2043E-01
   21.30      0.2027E-01
   21.40      0.2011E-01
   21.50      0.1996E-01
   21.60      0.1982E-01
   21.70      0.1968E-01
   21.80      0.1954E-01
   21.90      0.1942E-01
   22.00      0.1929E-01
   22.10      0.1918E-01
   22.20      0.1906E-01
   22.30      0.1895E-01
   22.40      0.1885E-01
   22.50      0.1875E-01
   22.60      0.1865E-01
   22.70      0.1855E-01
   22.80      0.1846E-01
   22.90      0.1837E-01
   23.00      0.1828E-01
   23.10      0.1820E-01
   23.20      0.1811E-01
   23.30      0.1803E-01
   23.40      0.1795E-01
   23.50      0.1787E-01
   23.60      0.1779E-01
   23.70      0.1771E-01
   23.80      0.1764E-01
   23.90      0.1756E-01
   24.00      0.1748E-01
   24.10      0.1741E-01
   24.20      0.1733E-01
   24.30      0.1725E-01
   24.40      0.1718E-01
   24.50      0.1710E-01
   24.60      0.1702E-01
   24.70      0.1694E-01
   24.80      0.1686E-01
   24.90      0.1678E-01
   25.00      0.1670E-01
   25.10      0.1661E-01
   25.20      0.1653E-01
   25.30      0.1644E-01
   25.40      0.1635E-01
   25.50      0.1627E-01
   25.60      0.1618E-01
   25.70      0.1608E-01
   25.80      0.1599E-01
   25.90      0.1589E-01
   26.00      0.1580E-01
   26.10      0.1570E-01
   26.20      0.1560E-01
   26.30      0.1549E-01
   26.40      0.1539E-01
   26.50      0.1528E-01
   26.60      0.1517E-01
   26.70      0.1506E-01
   26.80      0.1495E-01
   26.90      0.1484E-01
   27.00      0.1472E-01
   27.10      0.1460E-01
   27.20      0.1449E-01
   27.30      0.1436E-01
   27.40      0.1424E-01
   27.50      0.1412E-01
   27.60      0.1399E-01
   27.70      0.1387E-01
   27.80      0.1374E-01
   27.90      0.1361E-01
   28.00      0.1347E-01
   28.10      0.1334E-01
   28.20      0.1321E-01
   28.30      0.1307E-01
   28.40      0.1293E-01
   28.50      0.1280E-01
   28.60      0.1266E-01
   28.70      0.1252E-01
   28.80      0.1238E-01
   28.90      0.1224E-01
   29.00      0.1209E-01
   29.10      0.1195E-01
   29.20      0.1181E-01
   29.30      0.1166E-01
   29.40      0.1152E-01
   29.50      0.1137E-01
   29.60      0.1123E-01
   29.70      0.1108E-01
   29.80      0.1094E-01
   29.90      0.1079E-01
   30.00      0.1065E-01
   30.10      0.1050E-01
   30.20      0.1036E-01
   30.30      0.1021E-01
   30.40      0.1007E-01
   30.50      0.9922E-02
   30.60      0.9778E-02
   30.70      0.9634E-02
   30.80      0.9492E-02
   30.90      0.9349E-02
   31.00      0.9208E-02
   31.10      0.9068E-02
   31.20      0.8928E-02
   31.30      0.8789E-02
   31.40      0.8651E-02
   31.50      0.8515E-02
   31.60      0.8379E-02
   31.70      0.8245E-02
   31.80      0.8112E-02
   31.90      0.7980E-02
   32.00      0.7850E-02
   32.10      0.7721E-02
   32.20      0.7594E-02
   32.30      0.7468E-02
   32.40      0.7344E-02
   32.50      0.7221E-02
   32.60      0.7100E-02
   32.70      0.6981E-02
   32.80      0.6863E-02
   32.90      0.6748E-02
   33.00      0.6634E-02
   33.10      0.6522E-02
   33.20      0.6412E-02
   33.30      0.6303E-02
   33.40      0.6197E-02
   33.50      0.6093E-02
   33.60      0.5991E-02
   33.70      0.5890E-02
   33.80      0.5792E-02
   33.90      0.5696E-02
   34.00      0.5601E-02
   34.10      0.5509E-02
   34.20      0.5419E-02
   34.30      0.5331E-02
   34.40      0.5245E-02
   34.50      0.5162E-02
   34.60      0.5080E-02
   34.70      0.5000E-02
   34.80      0.4923E-02
   34.90      0.4847E-02
   35.00      0.4774E-02
   35.10      0.4702E-02
   35.20      0.4633E-02
   35.30      0.4566E-02
   35.40      0.4500E-02
   35.50      0.4437E-02
   35.60      0.4375E-02
   35.70      0.4316E-02
   35.80      0.4258E-02
   35.90      0.4203E-02
   36.00      0.4149E-02
   36.10      0.4097E-02
   36.20      0.4047E-02
   36.30      0.3998E-02
   36.40      0.3952E-02
   36.50      0.3907E-02
   36.60      0.3864E-02
   36.70      0.3822E-02
   36.80      0.3782E-02
   36.90      0.3743E-02
   37.00      0.3706E-02
   37.10      0.3671E-02
   37.20      0.3637E-02
   37.30      0.3604E-02
   37.40      0.3573E-02
   37.50      0.3543E-02
   37.60      0.3514E-02
   37.70      0.3486E-02
   37.80      0.3460E-02
   37.90      0.3435E-02
   38.00      0.3410E-02
   38.10      0.3387E-02
   38.20      0.3365E-02
   38.30      0.3344E-02
   38.40      0.3323E-02
   38.50      0.3304E-02
   38.60      0.3285E-02
   38.70      0.3267E-02
   38.80      0.3250E-02
   38.90      0.3233E-02
   39.00      0.3217E-02
   39.10      0.3202E-02
   39.20      0.3187E-02
   39.30      0.3173E-02
   39.40      0.3159E-02
   39.50      0.3146E-02
   39.60      0.3132E-02
   39.70      0.3120E-02
   39.80      0.3107E-02
   39.90      0.3095E-02
   40.00      0.3083E-02
   40.10      0.3071E-02
   40.20      0.3060E-02
   40.30      0.3048E-02
   40.40      0.3037E-02
   40.50      0.3026E-02
   40.60      0.3014E-02
   40.70      0.3003E-02
   40.80      0.2992E-02
   40.90      0.2980E-02
   41.00      0.2969E-02
   41.10      0.2957E-02
   41.20      0.2946E-02
   41.30      0.2934E-02
   41.40      0.2922E-02
   41.50      0.2910E-02
   41.60      0.2897E-02
   41.70      0.2885E-02
   41.80      0.2872E-02
   41.90      0.2859E-02
   42.00      0.2845E-02
   42.10      0.2832E-02
   42.20      0.2818E-02
   42.30      0.2804E-02
   42.40      0.2789E-02
   42.50      0.2774E-02
   42.60      0.2759E-02
   42.70      0.2744E-02
   42.80      0.2728E-02
   42.90      0.2712E-02
   43.00      0.2695E-02
   43.10      0.2678E-02
   43.20      0.2661E-02
   43.30      0.2644E-02
   43.40      0.2626E-02
   43.50      0.2608E-02
   43.60      0.2589E-02
   43.70      0.2571E-02
   43.80      0.2552E-02
   43.90      0.2532E-02
   44.00      0.2512E-02
   44.10      0.2492E-02
   44.20      0.2472E-02
   44.30      0.2451E-02
   44.40      0.2431E-02
   44.50      0.2409E-02
   44.60      0.2388E-02
   44.70      0.2366E-02
   44.80      0.2344E-02
   44.90      0.2322E-02
   45.00      0.2300E-02
   45.10      0.2277E-02
   45.20      0.2254E-02
   45.30      0.2231E-02
   45.40      0.2208E-02
   45.50      0.2185E-02
   45.60      0.2161E-02
   45.70      0.2138E-02
   45.80      0.2114E-02
   45.90      0.2090E-02
   46.00      0.2066E-02
   46.10      0.2042E-02
   46.20      0.2018E-02
   46.30      0.1994E-02
   46.40      0.1969E-02
   46.50      0.1945E-02
   46.60      0.1921E-02
   46.70      0.1896E-02
   46.80      0.1872E-02
   46.90      0.1847E-02
   47.00      0.1823E-02
   47.10      0.1799E-02
   47.20      0.1774E-02
   47.30      0.1750E-02
   47.40      0.1726E-02
   47.50      0.1702E-02
   47.60      0.1678E-02
   47.70      0.1654E-02
   47.80      0.1630E-02
   47.90      0.1606E-02
   48.00      0.1582E-02
   48.10      0.1559E-02
   48.20      0.1535E-02
   48.30      0.1512E-02
   48.40      0.1489E-02
   48.50      0.1466E-02
   48.60      0.1443E-02
   48.70      0.1421E-02
   48.80      0.1399E-02
   48.90      0.1376E-02
   49.00      0.1355E-02
   49.10      0.1333E-02
   49.20      0.1311E-02
   49.30      0.1290E-02
   49.40      0.1269E-02
   49.50      0.1248E-02
   49.60      0.1228E-02
   49.70      0.1208E-02
   49.80      0.1188E-02
   49.90      0.1168E-02
   50.00      0.1149E-02
   50.10      0.1129E-02
   50.20      0.1110E-02
   50.30      0.1092E-02
   50.40      0.1074E-02
   50.50      0.1056E-02
   50.60      0.1038E-02
   50.70      0.1021E-02
   50.80      0.1003E-02
   50.90      0.9867E-03
   51.00      0.9702E-03
   51.10      0.9541E-03
   51.20      0.9383E-03
   51.30      0.9228E-03
   51.40      0.9077E-03
   51.50      0.8928E-03
   51.60      0.8783E-03
   51.70      0.8641E-03
   51.80      0.8503E-03
   51.90      0.8368E-03
   52.00      0.8236E-03
   52.10      0.8107E-03
   52.20      0.7982E-03
   52.30      0.7860E-03
   52.40      0.7741E-03
   52.50      0.7626E-03
   52.60      0.7514E-03
   52.70      0.7405E-03
   52.80      0.7300E-03
   52.90      0.7197E-03
   53.00      0.7098E-03
   53.10      0.7003E-03
   53.20      0.6910E-03
   53.30      0.6820E-03
   53.40      0.6734E-03
   53.50      0.6650E-03
   53.60      0.6570E-03
   53.70      0.6493E-03
   53.80      0.6418E-03
   53.90      0.6347E-03
   54.00      0.6278E-03
   54.10      0.6212E-03
   54.20      0.6149E-03
   54.30      0.6089E-03
   54.40      0.6031E-03
   54.50      0.5976E-03
   54.60      0.5923E-03
   54.70      0.5873E-03
   54.80      0.5826E-03
   54.90      0.5780E-03
   55.00      0.5738E-03
   55.10      0.5697E-03
   55.20      0.5658E-03
   55.30      0.5622E-03
   55.40      0.5587E-03
   55.50      0.5555E-03
   55.60      0.5524E-03
   55.70      0.5496E-03
   55.80      0.5469E-03
   55.90      0.5443E-03
   56.00      0.5420E-03
   56.10      0.5397E-03
   56.20      0.5376E-03
   56.30      0.5357E-03
   56.40      0.5339E-03
   56.50      0.5322E-03
   56.60      0.5306E-03
   56.70      0.5291E-03
   56.80      0.5278E-03
   56.90      0.5265E-03
   57.00      0.5253E-03
   57.10      0.5241E-03
   57.20      0.5231E-03
   57.30      0.5221E-03
   57.40      0.5212E-03
   57.50      0.5203E-03
   57.60      0.5194E-03
   57.70      0.5186E-03
   57.80      0.5178E-03
   57.90      0.5170E-03
   58.00      0.5162E-03
   58.10      0.5155E-03
   58.20      0.5147E-03
   58.30      0.5140E-03
   58.40      0.5132E-03
   58.50      0.5124E-03
   58.60      0.5116E-03
   58.70      0.5108E-03
   58.80      0.5099E-03
   58.90      0.5090E-03
   59.00      0.5081E-03
   59.10      0.5071E-03
   59.20      0.5061E-03
   59.30      0.5050E-03
   59.40      0.5039E-03
   59.50      0.5027E-03
   59.60      0.5014E-03
   59.70      0.5001E-03
   59.80      0.4987E-03
   59.90      0.4973E-03
   60.00      0.4958E-03
   60.10      0.4941E-03
   60.20      0.4925E-03
   60.30      0.4907E-03
   60.40      0.4889E-03
   60.50      0.4870E-03
   60.60      0.4850E-03
   60.70      0.4829E-03
   60.80      0.4807E-03
   60.90      0.4785E-03
   61.00      0.4762E-03
   61.10      0.4738E-03
   61.20      0.4713E-03
   61.30      0.4687E-03
   61.40      0.4661E-03
   61.50      0.4634E-03
   61.60      0.4605E-03
   61.70      0.4577E-03
   61.80      0.4547E-03
   61.90      0.4517E-03
   62.00      0.4486E-03
   62.10      0.4454E-03
   62.20      0.4421E-03
   62.30      0.4388E-03
   62.40      0.4354E-03
   62.50      0.4320E-03
   62.60      0.4285E-03
   62.70      0.4249E-03
   62.80      0.4213E-03
   62.90      0.4176E-03
   63.00      0.4139E-03
   63.10      0.4101E-03
   63.20      0.4063E-03
   63.30      0.4024E-03
   63.40      0.3985E-03
   63.50      0.3945E-03
   63.60      0.3905E-03
   63.70      0.3865E-03
   63.80      0.3824E-03
   63.90      0.3783E-03
   64.00      0.3742E-03
   64.10      0.3701E-03
   64.20      0.3659E-03
   64.30      0.3617E-03
   64.40      0.3575E-03
   64.50      0.3533E-03
   64.60      0.3491E-03
   64.70      0.3448E-03
   64.80      0.3406E-03
   64.90      0.3363E-03
   65.00      0.3321E-03
   65.10      0.3278E-03
   65.20      0.3235E-03
   65.30      0.3193E-03
   65.40      0.3150E-03
   65.50      0.3108E-03
   65.60      0.3066E-03
   65.70      0.3024E-03
   65.80      0.2982E-03
   65.90      0.2940E-03
   66.00      0.2898E-03
   66.10      0.2857E-03
   66.20      0.2815E-03
   66.30      0.2774E-03
   66.40      0.2734E-03
   66.50      0.2693E-03
   66.60      0.2653E-03
   66.70      0.2613E-03
   66.80      0.2573E-03
   66.90      0.2534E-03
   67.00      0.2495E-03
   67.10      0.2456E-03
   67.20      0.2418E-03
   67.30      0.2380E-03
   67.40      0.2342E-03
   67.50      0.2305E-03
   67.60      0.2268E-03
   67.70      0.2232E-03
   67.80      0.2196E-03
   67.90      0.2160E-03
   68.00      0.2125E-03
   68.10      0.2090E-03
   68.20      0.2056E-03
   68.30      0.2022E-03
   68.40      0.1988E-03
   68.50      0.1956E-03
   68.60      0.1923E-03
   68.70      0.1891E-03
   68.80      0.1860E-03
   68.90      0.1829E-03
   69.00      0.1798E-03
   69.10      0.1768E-03
   69.20      0.1739E-03
   69.30      0.1710E-03
   69.40      0.1681E-03
   69.50      0.1653E-03
   69.60      0.1626E-03
   69.70      0.1599E-03
   69.80      0.1572E-03
   69.90      0.1547E-03
   70.00      0.1521E-03
   70.10      0.1497E-03
   70.20      0.1472E-03
   70.30      0.1449E-03
   70.40      0.1426E-03
   70.50      0.1403E-03
   70.60      0.1381E-03
   70.70      0.1359E-03
   70.80      0.1338E-03
   70.90      0.1318E-03
   71.00      0.1298E-03
   71.10      0.1279E-03
   71.20      0.1260E-03
   71.30      0.1242E-03
   71.40      0.1224E-03
   71.50      0.1207E-03
   71.60      0.1190E-03
   71.70      0.1174E-03
   71.80      0.1159E-03
   71.90      0.1144E-03
   72.00      0.1129E-03
   72.10      0.1115E-03
   72.20      0.1102E-03
   72.30      0.1089E-03
   72.40      0.1076E-03
   72.50      0.1065E-03
   72.60      0.1053E-03
   72.70      0.1042E-03
   72.80      0.1032E-03
   72.90      0.1022E-03
   73.00      0.1012E-03
   73.10      0.1003E-03
   73.20      0.9946E-04
   73.30      0.9864E-04
   73.40      0.9787E-04
   73.50      0.9714E-04
   73.60      0.9645E-04
   73.70      0.9581E-04
   73.80      0.9520E-04
   73.90      0.9463E-04
   74.00      0.9410E-04
   74.10      0.9361E-04
   74.20      0.9315E-04
   74.30      0.9273E-04
   74.40      0.9234E-04
   74.50      0.9198E-04
   74.60      0.9165E-04
   74.70      0.9135E-04
   74.80      0.9108E-04
   74.90      0.9084E-04
   75.00      0.9063E-04
   75.10      0.9043E-04
   75.20      0.9027E-04
   75.30      0.9012E-04
   75.40      0.8999E-04
   75.50      0.8989E-04
   75.60      0.8980E-04
   75.70      0.8973E-04
   75.80      0.8968E-04
   75.90      0.8964E-04
   76.00      0.8961E-04
   76.10      0.8960E-04
   76.20      0.8960E-04
   76.30      0.8960E-04
   76.40      0.8962E-04
   76.50      0.8964E-04
   76.60      0.8967E-04
   76.70      0.8971E-04
   76.80      0.8975E-04
   76.90      0.8979E-04
   77.00      0.8983E-04
   77.10      0.8988E-04
   77.20      0.8992E-04
   77.30      0.8996E-04
   77.40      0.9001E-04
   77.50      0.9004E-04
   77.60      0.9008E-04
   77.70      0.9011E-04
   77.80      0.9013E-04
   77.90      0.9015E-04
   78.00      0.9016E-04
   78.10      0.9017E-04
   78.20      0.9016E-04
   78.30      0.9015E-04
   78.40      0.9013E-04
   78.50      0.9009E-04
   78.60      0.9005E-04
   78.70      0.8999E-04
   78.80      0.8993E-04
   78.90      0.8985E-04
   79.00      0.8975E-04
   79.10      0.8965E-04
   79.20      0.8953E-04
   79.30      0.8940E-04
   79.40      0.8925E-04
   79.50      0.8909E-04
   79.60      0.8892E-04
   79.70      0.8873E-04
   79.80      0.8853E-04
   79.90      0.8831E-04
   80.00      0.8808E-04
   80.10      0.8783E-04
   80.20      0.8757E-04
   80.30      0.8729E-04
   80.40      0.8699E-04
   80.50      0.8669E-04
   80.60      0.8636E-04
   80.70      0.8602E-04
   80.80      0.8567E-04
   80.90      0.8530E-04
   81.00      0.8492E-04
   81.10      0.8452E-04
   81.20      0.8411E-04
   81.30      0.8369E-04
   81.40      0.8325E-04
   81.50      0.8279E-04
   81.60      0.8233E-04
   81.70      0.8185E-04
   81.80      0.8135E-04
   81.90      0.8085E-04
   82.00      0.8033E-04
   82.10      0.7980E-04
   82.20      0.7926E-04
   82.30      0.7870E-04
   82.40      0.7814E-04
   82.50      0.7756E-04
   82.60      0.7697E-04
   82.70      0.7637E-04
   82.80      0.7576E-04
   82.90      0.7514E-04
   83.00      0.7452E-04
   83.10      0.7388E-04
   83.20      0.7323E-04
   83.30      0.7258E-04
   83.40      0.7191E-04
   83.50      0.7124E-04
   83.60      0.7056E-04
   83.70      0.6987E-04
   83.80      0.6918E-04
   83.90      0.6848E-04
   84.00      0.6778E-04
   84.10      0.6706E-04
   84.20      0.6635E-04
   84.30      0.6562E-04
   84.40      0.6490E-04
   84.50      0.6417E-04
   84.60      0.6343E-04
   84.70      0.6269E-04
   84.80      0.6195E-04
   84.90      0.6120E-04
   85.00      0.6046E-04
   85.10      0.5971E-04
   85.20      0.5895E-04
   85.30      0.5820E-04
   85.40      0.5745E-04
   85.50      0.5669E-04
   85.60      0.5593E-04
   85.70      0.5518E-04
   85.80      0.5442E-04
   85.90      0.5367E-04
   86.00      0.5292E-04
   86.10      0.5216E-04
   86.20      0.5142E-04
   86.30      0.5067E-04
   86.40      0.4992E-04
   86.50      0.4918E-04
   86.60      0.4844E-04
   86.70      0.4771E-04
   86.80      0.4698E-04
   86.90      0.4625E-04
   87.00      0.4553E-04
   87.10      0.4481E-04
   87.20      0.4410E-04
   87.30      0.4339E-04
   87.40      0.4269E-04
   87.50      0.4200E-04
   87.60      0.4132E-04
   87.70      0.4064E-04
   87.80      0.3996E-04
   87.90      0.3930E-04
   88.00      0.3864E-04
   88.10      0.3799E-04
   88.20      0.3735E-04
   88.30      0.3672E-04
   88.40      0.3610E-04
   88.50      0.3549E-04
   88.60      0.3488E-04
   88.70      0.3429E-04
   88.80      0.3370E-04
   88.90      0.3313E-04
   89.00      0.3256E-04
   89.10      0.3201E-04
   89.20      0.3147E-04
   89.30      0.3093E-04
   89.40      0.3041E-04
   89.50      0.2990E-04
   89.60      0.2940E-04
   89.70      0.2891E-04
   89.80      0.2843E-04
   89.90      0.2796E-04
   90.00      0.2751E-04
   90.10      0.2706E-04
   90.20      0.2663E-04
   90.30      0.2621E-04
   90.40      0.2580E-04
   90.50      0.2540E-04
   90.60      0.2501E-04
   90.70      0.2463E-04
   90.80      0.2427E-04
   90.90      0.2391E-04
   91.00      0.2357E-04
   91.10      0.2324E-04
   91.20      0.2291E-04
   91.30      0.2260E-04
   91.40      0.2230E-04
   91.50      0.2201E-04
   91.60      0.2173E-04
   91.70      0.2146E-04
   91.80      0.2120E-04
   91.90      0.2095E-04
   92.00      0.2071E-04
   92.10      0.2048E-04
   92.20      0.2026E-04
   92.30      0.2005E-04
   92.40      0.1984E-04
   92.50      0.1965E-04
   92.60      0.1946E-04
   92.70      0.1929E-04
   92.80      0.1912E-04
   92.90      0.1895E-04
   93.00      0.1880E-04
   93.10      0.1865E-04
   93.20      0.1851E-04
   93.30      0.1838E-04
   93.40      0.1825E-04
   93.50      0.1813E-04
   93.60      0.1802E-04
   93.70      0.1791E-04
   93.80      0.1781E-04
   93.90      0.1771E-04
   94.00      0.1762E-04
   94.10      0.1753E-04
   94.20      0.1745E-04
   94.30      0.1737E-04
   94.40      0.1730E-04
   94.50      0.1724E-04
   94.60      0.1717E-04
   94.70      0.1711E-04
   94.80      0.1706E-04
   94.90      0.1701E-04
   95.00      0.1696E-04
   95.10      0.1691E-04
   95.20      0.1687E-04
   95.30      0.1683E-04
   95.40      0.1680E-04
   95.50      0.1676E-04
   95.60      0.1673E-04
   95.70      0.1671E-04
   95.80      0.1668E-04
   95.90      0.1666E-04
   96.00      0.1664E-04
   96.10      0.1662E-04
   96.20      0.1660E-04
   96.30      0.1659E-04
   96.40      0.1657E-04
   96.50      0.1656E-04
   96.60      0.1655E-04
   96.70      0.1654E-04
   96.80      0.1654E-04
   96.90      0.1653E-04
   97.00      0.1653E-04
   97.10      0.1652E-04
   97.20      0.1652E-04
   97.30      0.1652E-04
   97.40      0.1652E-04
   97.50      0.1652E-04
   97.60      0.1653E-04
   97.70      0.1653E-04
   97.80      0.1653E-04
   97.90      0.1654E-04
   98.00      0.1655E-04
   98.10      0.1655E-04
   98.20      0.1656E-04
   98.30      0.1657E-04
   98.40      0.1658E-04
   98.50      0.1659E-04
   98.60      0.1659E-04
   98.70      0.1660E-04
   98.80      0.1661E-04
   98.90      0.1662E-04
   99.00      0.1663E-04
   99.10      0.1664E-04
   99.20      0.1665E-04
   99.30      0.1666E-04
   99.40      0.1667E-04
   99.50      0.1668E-04
   99.60      0.1669E-04
   99.70      0.1670E-04
   99.80      0.1671E-04
   99.90      0.1671E-04
   100.0      0.1672E-04
   100.1      0.1672E-04
   100.2      0.1673E-04
   100.3      0.1673E-04
   100.4      0.1673E-04
   100.5      0.1673E-04
   100.6      0.1673E-04
   100.7      0.1673E-04
   100.8      0.1673E-04
   100.9      0.1672E-04
   101.0      0.1671E-04
   101.1      0.1670E-04
   101.2      0.1669E-04
   101.3      0.1667E-04
   101.4      0.1666E-04
   101.5      0.1664E-04
   101.6      0.1661E-04
   101.7      0.1659E-04
   101.8      0.1656E-04
   101.9      0.1653E-04
   102.0      0.1650E-04
   102.1      0.1646E-04
   102.2      0.1642E-04
   102.3      0.1638E-04
   102.4      0.1633E-04
   102.5      0.1629E-04
   102.6      0.1623E-04
   102.7      0.1618E-04
   102.8      0.1612E-04
   102.9      0.1605E-04
   103.0      0.1599E-04
   103.1      0.1592E-04
   103.2      0.1585E-04
   103.3      0.1577E-04
   103.4      0.1569E-04
   103.5      0.1560E-04
   103.6      0.1552E-04
   103.7      0.1542E-04
   103.8      0.1533E-04
   103.9      0.1523E-04
   104.0      0.1513E-04
   104.1      0.1503E-04
   104.2      0.1492E-04
   104.3      0.1481E-04
   104.4      0.1469E-04
   104.5      0.1458E-04
   104.6      0.1445E-04
   104.7      0.1433E-04
   104.8      0.1421E-04
   104.9      0.1408E-04
   105.0      0.1395E-04
   105.1      0.1381E-04
   105.2      0.1368E-04
   105.3      0.1354E-04
   105.4      0.1340E-04
   105.5      0.1326E-04
   105.6      0.1311E-04
   105.7      0.1297E-04
   105.8      0.1282E-04
   105.9      0.1267E-04
   106.0      0.1252E-04
   106.1      0.1237E-04
   106.2      0.1222E-04
   106.3      0.1207E-04
   106.4      0.1192E-04
   106.5      0.1177E-04
   106.6      0.1161E-04
   106.7      0.1146E-04
   106.8      0.1131E-04
   106.9      0.1115E-04
   107.0      0.1100E-04
   107.1      0.1085E-04
   107.2      0.1070E-04
   107.3      0.1055E-04
   107.4      0.1040E-04
   107.5      0.1025E-04
   107.6      0.1010E-04
   107.7      0.9951E-05
   107.8      0.9805E-05
   107.9      0.9661E-05
   108.0      0.9518E-05
   108.1      0.9377E-05
   108.2      0.9237E-05
   108.3      0.9100E-05
   108.4      0.8963E-05
   108.5      0.8829E-05
   108.6      0.8697E-05
   108.7      0.8566E-05
   108.8      0.8438E-05
   108.9      0.8311E-05
   109.0      0.8187E-05
   109.1      0.8065E-05
   109.2      0.7945E-05
   109.3      0.7827E-05
   109.4      0.7711E-05
   109.5      0.7597E-05
   109.6      0.7486E-05
   109.7      0.7376E-05
   109.8      0.7269E-05
   109.9      0.7164E-05
   110.0      0.7060E-05
   110.1      0.6959E-05
   110.2      0.6860E-05
   110.3      0.6763E-05
   110.4      0.6668E-05
   110.5      0.6575E-05
   110.6      0.6484E-05
   110.7      0.6394E-05
   110.8      0.6307E-05
   110.9      0.6221E-05
   111.0      0.6136E-05
   111.1      0.6054E-05
   111.2      0.5973E-05
   111.3      0.5894E-05
   111.4      0.5816E-05
   111.5      0.5740E-05
   111.6      0.5665E-05
   111.7      0.5591E-05
   111.8      0.5519E-05
   111.9      0.5448E-05
   112.0      0.5379E-05
   112.1      0.5311E-05
   112.2      0.5244E-05
   112.3      0.5178E-05
   112.4      0.5113E-05
   112.5      0.5049E-05
   112.6      0.4987E-05
   112.7      0.4925E-05
   112.8      0.4865E-05
   112.9      0.4805E-05
   113.0      0.4747E-05
   113.1      0.4690E-05
   113.2      0.4633E-05
   113.3      0.4578E-05
   113.4      0.4524E-05
   113.5      0.4471E-05
   113.6      0.4418E-05
   113.7      0.4367E-05
   113.8      0.4317E-05
   113.9      0.4268E-05
   114.0      0.4220E-05
   114.1      0.4173E-05
   114.2      0.4127E-05
   114.3      0.4082E-05
   114.4      0.4039E-05
   114.5      0.3997E-05
   114.6      0.3955E-05
   114.7      0.3916E-05
   114.8      0.3877E-05
   114.9      0.3840E-05
   115.0      0.3804E-05
   115.1      0.3769E-05
   115.2      0.3736E-05
   115.3      0.3705E-05
   115.4      0.3674E-05
   115.5      0.3646E-05
   115.6      0.3618E-05
   115.7      0.3593E-05
   115.8      0.3569E-05
   115.9      0.3546E-05
   116.0      0.3525E-05
   116.1      0.3506E-05
   116.2      0.3488E-05
   116.3      0.3472E-05
   116.4      0.3458E-05
   116.5      0.3445E-05
   116.6      0.3434E-05
   116.7      0.3425E-05
   116.8      0.3417E-05
   116.9      0.3411E-05
   117.0      0.3406E-05
   117.1      0.3403E-05
   117.2      0.3402E-05
   117.3      0.3402E-05
   117.4      0.3404E-05
   117.5      0.3407E-05
   117.6      0.3412E-05
   117.7      0.3418E-05
   117.8      0.3425E-05
   117.9      0.3434E-05
   118.0      0.3444E-05
   118.1      0.3456E-05
   118.2      0.3468E-05
   118.3      0.3482E-05
   118.4      0.3496E-05
   118.5      0.3512E-05
   118.6      0.3528E-05
   118.7      0.3545E-05
   118.8      0.3563E-05
   118.9      0.3582E-05
   119.0      0.3601E-05
   119.1      0.3621E-05
   119.2      0.3641E-05
   119.3      0.3661E-05
   119.4      0.3682E-05
   119.5      0.3702E-05
   119.6      0.3723E-05
   119.7      0.3744E-05
   119.8      0.3764E-05
   119.9      0.3785E-05
   120.0      0.3805E-05
   120.1      0.3825E-05
   120.2      0.3844E-05
   120.3      0.3863E-05
   120.4      0.3881E-05
   120.5      0.3898E-05
   120.6      0.3915E-05
   120.7      0.3931E-05
   120.8      0.3945E-05
   120.9      0.3959E-05
   121.0      0.3972E-05
   121.1      0.3984E-05
   121.2      0.3995E-05
   121.3      0.4004E-05
   121.4      0.4012E-05
   121.5      0.4019E-05
   121.6      0.4025E-05
   121.7      0.4029E-05
   121.8      0.4031E-05
   121.9      0.4033E-05
   122.0      0.4033E-05
   122.1      0.4031E-05
   122.2      0.4028E-05
   122.3      0.4024E-05
   122.4      0.4018E-05
   122.5      0.4010E-05
   122.6      0.4001E-05
   122.7      0.3991E-05
   122.8      0.3979E-05
   122.9      0.3966E-05
   123.0      0.3951E-05
   123.1      0.3935E-05
   123.2      0.3918E-05
   123.3      0.3899E-05
   123.4      0.3880E-05
   123.5      0.3859E-05
   123.6      0.3836E-05
   123.7      0.3813E-05
   123.8      0.3789E-05
   123.9      0.3764E-05
   124.0      0.3738E-05
   124.1      0.3711E-05
   124.2      0.3683E-05
   124.3      0.3655E-05
   124.4      0.3626E-05
   124.5      0.3596E-05
   124.6      0.3566E-05
   124.7      0.3535E-05
   124.8      0.3504E-05
   124.9      0.3473E-05
   125.0      0.3441E-05
   125.1      0.3410E-05
   125.2      0.3378E-05
   125.3      0.3346E-05
   125.4      0.3314E-05
   125.5      0.3283E-05
   125.6      0.3251E-05
   125.7      0.3220E-05
   125.8      0.3189E-05
   125.9      0.3158E-05
   126.0      0.3128E-05
   126.1      0.3099E-05
   126.2      0.3069E-05
   126.3      0.3041E-05
   126.4      0.3013E-05
   126.5      0.2985E-05
   126.6      0.2958E-05
   126.7      0.2932E-05
   126.8      0.2907E-05
   126.9      0.2882E-05
   127.0      0.2858E-05
   127.1      0.2835E-05
   127.2      0.2813E-05
   127.3      0.2791E-05
   127.4      0.2770E-05
   127.5      0.2750E-05
   127.6      0.2731E-05
   127.7      0.2713E-05
   127.8      0.2695E-05
   127.9      0.2679E-05
   128.0      0.2662E-05
   128.1      0.2647E-05
   128.2      0.2633E-05
   128.3      0.2619E-05
   128.4      0.2605E-05
   128.5      0.2593E-05
   128.6      0.2581E-05
   128.7      0.2569E-05
   128.8      0.2558E-05
   128.9      0.2548E-05
   129.0      0.2537E-05
   129.1      0.2528E-05
   129.2      0.2518E-05
   129.3      0.2509E-05
   129.4      0.2501E-05
   129.5      0.2492E-05
   129.6      0.2484E-05
   129.7      0.2476E-05
   129.8      0.2468E-05
   129.9      0.2460E-05
   130.0      0.2451E-05
   130.1      0.2443E-05
   130.2      0.2435E-05
   130.3      0.2427E-05
   130.4      0.2418E-05
   130.5      0.2410E-05
   130.6      0.2401E-05
   130.7      0.2392E-05
   130.8      0.2382E-05
   130.9      0.2373E-05
   131.0      0.2363E-05
   131.1      0.2352E-05
   131.2      0.2341E-05
   131.3      0.2330E-05
   131.4      0.2318E-05
   131.5      0.2306E-05
   131.6      0.2293E-05
   131.7      0.2280E-05
   131.8      0.2267E-05
   131.9      0.2253E-05
   132.0      0.2238E-05
   132.1      0.2223E-05
   132.2      0.2208E-05
   132.3      0.2192E-05
   132.4      0.2175E-05
   132.5      0.2158E-05
   132.6      0.2141E-05
   132.7      0.2123E-05
   132.8      0.2105E-05
   132.9      0.2087E-05
   133.0      0.2068E-05
   133.1      0.2049E-05
   133.2      0.2029E-05
   133.3      0.2009E-05
   133.4      0.1989E-05
   133.5      0.1969E-05
   133.6      0.1948E-05
   133.7      0.1928E-05
   133.8      0.1907E-05
   133.9      0.1886E-05
   134.0      0.1865E-05
   134.1      0.1844E-05
   134.2      0.1823E-05
   134.3      0.1802E-05
   134.4      0.1781E-05
   134.5      0.1760E-05
   134.6      0.1739E-05
   134.7      0.1719E-05
   134.8      0.1698E-05
   134.9      0.1678E-05
   135.0      0.1658E-05
   135.1      0.1638E-05
   135.2      0.1618E-05
   135.3      0.1599E-05
   135.4      0.1580E-05
   135.5      0.1562E-05
   135.6      0.1543E-05
   135.7      0.1526E-05
   135.8      0.1508E-05
   135.9      0.1491E-05
   136.0      0.1475E-05
   136.1      0.1458E-05
   136.2      0.1443E-05
   136.3      0.1427E-05
   136.4      0.1412E-05
   136.5      0.1398E-05
   136.6      0.1384E-05
   136.7      0.1370E-05
   136.8      0.1357E-05
   136.9      0.1345E-05
   137.0      0.1332E-05
   137.1      0.1321E-05
   137.2      0.1309E-05
   137.3      0.1298E-05
   137.4      0.1288E-05
   137.5      0.1278E-05
   137.6      0.1268E-05
   137.7      0.1259E-05
   137.8      0.1250E-05
   137.9      0.1241E-05
   138.0      0.1232E-05
   138.1      0.1224E-05
   138.2      0.1217E-05
   138.3      0.1209E-05
   138.4      0.1202E-05
   138.5      0.1195E-05
   138.6      0.1188E-05
   138.7      0.1182E-05
   138.8      0.1175E-05
   138.9      0.1169E-05
   139.0      0.1163E-05
   139.1      0.1157E-05
   139.2      0.1152E-05
   139.3      0.1146E-05
   139.4      0.1141E-05
   139.5      0.1135E-05
   139.6      0.1130E-05
   139.7      0.1125E-05
   139.8      0.1120E-05
   139.9      0.1114E-05
   140.0      0.1109E-05
   140.1      0.1104E-05
   140.2      0.1099E-05
   140.3      0.1094E-05
   140.4      0.1089E-05
   140.5      0.1085E-05
   140.6      0.1080E-05
   140.7      0.1075E-05
   140.8      0.1070E-05
   140.9      0.1065E-05
   141.0      0.1060E-05
   141.1      0.1055E-05
   141.2      0.1051E-05
   141.3      0.1046E-05
   141.4      0.1041E-05
   141.5      0.1036E-05
   141.6      0.1032E-05
   141.7      0.1027E-05
   141.8      0.1023E-05
   141.9      0.1018E-05
   142.0      0.1014E-05
   142.1      0.1010E-05
   142.2      0.1006E-05
   142.3      0.1002E-05
   142.4      0.9976E-06
   142.5      0.9938E-06
   142.6      0.9902E-06
   142.7      0.9868E-06
   142.8      0.9835E-06
   142.9      0.9803E-06
   143.0      0.9774E-06
   143.1      0.9747E-06
   143.2      0.9721E-06
   143.3      0.9698E-06
   143.4      0.9677E-06
   143.5      0.9658E-06
   143.6      0.9641E-06
   143.7      0.9627E-06
   143.8      0.9615E-06
   143.9      0.9606E-06
   144.0      0.9599E-06
   144.1      0.9595E-06
   144.2      0.9593E-06
   144.3      0.9593E-06
   144.4      0.9596E-06
   144.5      0.9602E-06
   144.6      0.9610E-06
   144.7      0.9621E-06
   144.8      0.9633E-06
   144.9      0.9648E-06
   145.0      0.9666E-06
   145.1      0.9685E-06
   145.2      0.9707E-06
   145.3      0.9730E-06
   145.4      0.9755E-06
   145.5      0.9782E-06
   145.6      0.9811E-06
   145.7      0.9841E-06
   145.8      0.9872E-06
   145.9      0.9905E-06
   146.0      0.9938E-06
   146.1      0.9972E-06
   146.2      0.1001E-05
   146.3      0.1004E-05
   146.4      0.1008E-05
   146.5      0.1011E-05
   146.6      0.1015E-05
   146.7      0.1018E-05
   146.8      0.1022E-05
   146.9      0.1025E-05
   147.0      0.1029E-05
   147.1      0.1032E-05
   147.2      0.1035E-05
   147.3      0.1038E-05
   147.4      0.1041E-05
   147.5      0.1044E-05
   147.6      0.1046E-05
   147.7      0.1048E-05
   147.8      0.1050E-05
   147.9      0.1052E-05
   148.0      0.1053E-05
   148.1      0.1055E-05
   148.2      0.1056E-05
   148.3      0.1056E-05
   148.4      0.1057E-05
   148.5      0.1057E-05
   148.6      0.1056E-05
   148.7      0.1056E-05
   148.8      0.1055E-05
   148.9      0.1053E-05
   149.0      0.1052E-05
   149.1      0.1050E-05
   149.2      0.1047E-05
   149.3      0.1045E-05
   149.4      0.1042E-05
   149.5      0.1038E-05
   149.6      0.1035E-05
   149.7      0.1031E-05
   149.8      0.1026E-05
   149.9      0.1022E-05
   150.0      0.1017E-05
   150.1      0.1011E-05
   150.2      0.1006E-05
   150.3      0.1000E-05
   150.4      0.9942E-06
   150.5      0.9880E-06
   150.6      0.9817E-06
   150.7      0.9751E-06
   150.8      0.9684E-06
   150.9      0.9616E-06
   151.0      0.9546E-06
   151.1      0.9476E-06
   151.2      0.9405E-06
   151.3      0.9334E-06
   151.4      0.9262E-06
   151.5      0.9191E-06
   151.6      0.9120E-06
   151.7      0.9050E-06
   151.8      0.8980E-06
   151.9      0.8912E-06
   152.0      0.8845E-06
   152.1      0.8779E-06
   152.2      0.8716E-06
   152.3      0.8655E-06
   152.4      0.8595E-06
   152.5      0.8539E-06
   152.6      0.8485E-06
   152.7      0.8434E-06
   152.8      0.8387E-06
   152.9      0.8342E-06
   153.0      0.8301E-06
   153.1      0.8264E-06
   153.2      0.8230E-06
   153.3      0.8201E-06
   153.4      0.8175E-06
   153.5      0.8153E-06
   153.6      0.8136E-06
   153.7      0.8122E-06
   153.8      0.8113E-06
   153.9      0.8108E-06
   154.0      0.8107E-06
   154.1      0.8110E-06
   154.2      0.8117E-06
   154.3      0.8128E-06
   154.4      0.8144E-06
   154.5      0.8163E-06
   154.6      0.8185E-06
   154.7      0.8212E-06
   154.8      0.8241E-06
   154.9      0.8274E-06
   155.0      0.8310E-06
   155.1      0.8349E-06
   155.2      0.8390E-06
   155.3      0.8434E-06
   155.4      0.8480E-06
   155.5      0.8528E-06
   155.6      0.8577E-06
   155.7      0.8627E-06
   155.8      0.8679E-06
   155.9      0.8731E-06
   156.0      0.8783E-06
   156.1      0.8836E-06
   156.2      0.8888E-06
   156.3      0.8940E-06
   156.4      0.8991E-06
   156.5      0.9041E-06
   156.6      0.9090E-06
   156.7      0.9136E-06
   156.8      0.9181E-06
   156.9      0.9223E-06
   157.0      0.9262E-06
   157.1      0.9299E-06
   157.2      0.9332E-06
   157.3      0.9362E-06
   157.4      0.9389E-06
   157.5      0.9411E-06
   157.6      0.9429E-06
   157.7      0.9443E-06
   157.8      0.9453E-06
   157.9      0.9457E-06
   158.0      0.9457E-06
   158.1      0.9453E-06
   158.2      0.9443E-06
   158.3      0.9428E-06
   158.4      0.9408E-06
   158.5      0.9383E-06
   158.6      0.9352E-06
   158.7      0.9317E-06
   158.8      0.9276E-06
   158.9      0.9230E-06
   159.0      0.9180E-06
   159.1      0.9124E-06
   159.2      0.9064E-06
   159.3      0.8998E-06
   159.4      0.8929E-06
   159.5      0.8855E-06
   159.6      0.8777E-06
   159.7      0.8695E-06
   159.8      0.8609E-06
   159.9      0.8519E-06
   160.0      0.8427E-06
   160.1      0.8331E-06
   160.2      0.8233E-06
   160.3      0.8133E-06
   160.4      0.8030E-06
   160.5      0.7926E-06
   160.6      0.7820E-06
   160.7      0.7713E-06
   160.8      0.7605E-06
   160.9      0.7496E-06
   161.0      0.7388E-06
   161.1      0.7280E-06
   161.2      0.7172E-06
   161.3      0.7065E-06
   161.4      0.6959E-06
   161.5      0.6854E-06
   161.6      0.6752E-06
   161.7      0.6651E-06
   161.8      0.6553E-06
   161.9      0.6458E-06
   162.0      0.6365E-06
   162.1      0.6276E-06
   162.2      0.6190E-06
   162.3      0.6108E-06
   162.4      0.6030E-06
   162.5      0.5956E-06
   162.6      0.5887E-06
   162.7      0.5822E-06
   162.8      0.5762E-06
   162.9      0.5706E-06
   163.0      0.5656E-06
   163.1      0.5611E-06
   163.2      0.5571E-06
   163.3      0.5537E-06
   163.4      0.5508E-06
   163.5      0.5485E-06
   163.6      0.5467E-06
   163.7      0.5454E-06
   163.8      0.5448E-06
   163.9      0.5446E-06
   164.0      0.5451E-06
   164.1      0.5461E-06
   164.2      0.5476E-06
   164.3      0.5497E-06
   164.4      0.5523E-06
   164.5      0.5554E-06
   164.6      0.5590E-06
   164.7      0.5631E-06
   164.8      0.5677E-06
   164.9      0.5728E-06
   165.0      0.5784E-06
   165.1      0.5844E-06
   165.2      0.5908E-06
   165.3      0.5976E-06
   165.4      0.6049E-06
   165.5      0.6125E-06
   165.6      0.6204E-06
   165.7      0.6287E-06
   165.8      0.6373E-06
   165.9      0.6463E-06
   166.0      0.6555E-06
   166.1      0.6649E-06
   166.2      0.6746E-06
   166.3      0.6845E-06
   166.4      0.6946E-06
   166.5      0.7049E-06
   166.6      0.7154E-06
   166.7      0.7259E-06
   166.8      0.7366E-06
   166.9      0.7474E-06
   167.0      0.7583E-06
   167.1      0.7692E-06
   167.2      0.7802E-06
   167.3      0.7912E-06
   167.4      0.8022E-06
   167.5      0.8132E-06
   167.6      0.8241E-06
   167.7      0.8350E-06
   167.8      0.8458E-06
   167.9      0.8565E-06
   168.0      0.8671E-06
   168.1      0.8776E-06
   168.2      0.8880E-06
   168.3      0.8982E-06
   168.4      0.9082E-06
   168.5      0.9181E-06
   168.6      0.9277E-06
   168.7      0.9372E-06
   168.8      0.9464E-06
   168.9      0.9553E-06
   169.0      0.9640E-06
   169.1      0.9725E-06
   169.2      0.9806E-06
   169.3      0.9885E-06
   169.4      0.9961E-06
   169.5      0.1003E-05
   169.6      0.1010E-05
   169.7      0.1017E-05
   169.8      0.1023E-05
   169.9      0.1029E-05
   170.0      0.1034E-05
   170.1      0.1040E-05
   170.2      0.1044E-05
   170.3      0.1049E-05
   170.4      0.1053E-05
   170.5      0.1056E-05
   170.6      0.1059E-05
   170.7      0.1062E-05
   170.8      0.1065E-05
   170.9      0.1067E-05
   171.0      0.1068E-05
   171.1      0.1069E-05
   171.2      0.1070E-05
   171.3      0.1070E-05
   171.4      0.1070E-05
   171.5      0.1069E-05
   171.6      0.1068E-05
   171.7      0.1067E-05
   171.8      0.1065E-05
   171.9      0.1063E-05
   172.0      0.1060E-05
   172.1      0.1057E-05
   172.2      0.1054E-05
   172.3      0.1050E-05
   172.4      0.1046E-05
   172.5      0.1041E-05
   172.6      0.1036E-05
   172.7      0.1031E-05
   172.8      0.1026E-05
   172.9      0.1020E-05
   173.0      0.1014E-05
   173.1      0.1007E-05
   173.2      0.1001E-05
   173.3      0.9937E-06
   173.4      0.9866E-06
   173.5      0.9792E-06
   173.6      0.9716E-06
   173.7      0.9639E-06
   173.8      0.9560E-06
   173.9      0.9480E-06
   174.0      0.9398E-06
   174.1      0.9315E-06
   174.2      0.9232E-06
   174.3      0.9148E-06
   174.4      0.9063E-06
   174.5      0.8978E-06
   174.6      0.8893E-06
   174.7      0.8808E-06
   174.8      0.8723E-06
   174.9      0.8639E-06
   175.0      0.8555E-06
   175.1      0.8472E-06
   175.2      0.8390E-06
   175.3      0.8309E-06
   175.4      0.8229E-06
   175.5      0.8150E-06
   175.6      0.8073E-06
   175.7      0.7998E-06
   175.8      0.7924E-06
   175.9      0.7852E-06
   176.0      0.7782E-06
   176.1      0.7714E-06
   176.2      0.7648E-06
   176.3      0.7585E-06
   176.4      0.7523E-06
   176.5      0.7464E-06
   176.6      0.7407E-06
   176.7      0.7352E-06
   176.8      0.7299E-06
   176.9      0.7249E-06
   177.0      0.7201E-06
   177.1      0.7156E-06
   177.2      0.7112E-06
   177.3      0.7071E-06
   177.4      0.7033E-06
   177.5      0.6996E-06
   177.6      0.6962E-06
   177.7      0.6929E-06
   177.8      0.6899E-06
   177.9      0.6871E-06
   178.0      0.6845E-06
   178.1      0.6820E-06
   178.2      0.6798E-06
   178.3      0.6777E-06
   178.4      0.6758E-06
   178.5      0.6740E-06
   178.6      0.6724E-06
   178.7      0.6710E-06
   178.8      0.6696E-06
   178.9      0.6685E-06
   179.0      0.6674E-06
   179.1      0.6665E-06
   179.2      0.6656E-06
   179.3      0.6649E-06
   179.4      0.6643E-06
   179.5      0.6638E-06
   179.6      0.6634E-06
   179.7      0.6631E-06
   179.8      0.6628E-06
   179.9      0.6627E-06
   180.0      0.6627E-06
 END
