#1801 angles,  1 tensor ranks for 0=projectile
@subtitle   "12C(7Li,6Li)13C @ Ed=42 MeV;"                                                  
@legend ON
@legend x1 0.2
@legend y1 0.8
@g0 type LOGY
@yaxis ticklabel format power
@legend string   0 "Lab energy =   42.0000"
#legend string   0 "Partition=  2 Excit=  3 near/far= 1"
#  Theta       sigma       iT11        T20         T21         T22         Kyy for projectile
   0.000      0.2757    
  0.1000      0.2757    
  0.2000      0.2757    
  0.3000      0.2756    
  0.4000      0.2756    
  0.5000      0.2756    
  0.6000      0.2755    
  0.7000      0.2754    
  0.8000      0.2754    
  0.9000      0.2753    
   1.000      0.2752    
   1.100      0.2751    
   1.200      0.2749    
   1.300      0.2748    
   1.400      0.2747    
   1.500      0.2745    
   1.600      0.2743    
   1.700      0.2742    
   1.800      0.2740    
   1.900      0.2738    
   2.000      0.2735    
   2.100      0.2733    
   2.200      0.2731    
   2.300      0.2728    
   2.400      0.2725    
   2.500      0.2722    
   2.600      0.2719    
   2.700      0.2716    
   2.800      0.2712    
   2.900      0.2709    
   3.000      0.2705    
   3.100      0.2701    
   3.200      0.2697    
   3.300      0.2692    
   3.400      0.2688    
   3.500      0.2683    
   3.600      0.2678    
   3.700      0.2673    
   3.800      0.2667    
   3.900      0.2661    
   4.000      0.2656    
   4.100      0.2649    
   4.200      0.2643    
   4.300      0.2636    
   4.400      0.2629    
   4.500      0.2622    
   4.600      0.2615    
   4.700      0.2607    
   4.800      0.2599    
   4.900      0.2590    
   5.000      0.2582    
   5.100      0.2573    
   5.200      0.2564    
   5.300      0.2554    
   5.400      0.2544    
   5.500      0.2534    
   5.600      0.2524    
   5.700      0.2513    
   5.800      0.2502    
   5.900      0.2490    
   6.000      0.2478    
   6.100      0.2466    
   6.200      0.2454    
   6.300      0.2441    
   6.400      0.2428    
   6.500      0.2414    
   6.600      0.2400    
   6.700      0.2386    
   6.800      0.2372    
   6.900      0.2357    
   7.000      0.2341    
   7.100      0.2326    
   7.200      0.2310    
   7.300      0.2294    
   7.400      0.2277    
   7.500      0.2260    
   7.600      0.2243    
   7.700      0.2225    
   7.800      0.2207    
   7.900      0.2188    
   8.000      0.2170    
   8.100      0.2151    
   8.200      0.2132    
   8.300      0.2112    
   8.400      0.2092    
   8.500      0.2072    
   8.600      0.2051    
   8.700      0.2031    
   8.800      0.2010    
   8.900      0.1988    
   9.000      0.1967    
   9.100      0.1945    
   9.200      0.1923    
   9.300      0.1901    
   9.400      0.1878    
   9.500      0.1855    
   9.600      0.1833    
   9.700      0.1810    
   9.800      0.1786    
   9.900      0.1763    
   10.00      0.1739    
   10.10      0.1716    
   10.20      0.1692    
   10.30      0.1668    
   10.40      0.1644    
   10.50      0.1620    
   10.60      0.1596    
   10.70      0.1572    
   10.80      0.1547    
   10.90      0.1523    
   11.00      0.1499    
   11.10      0.1475    
   11.20      0.1450    
   11.30      0.1426    
   11.40      0.1402    
   11.50      0.1378    
   11.60      0.1354    
   11.70      0.1330    
   11.80      0.1306    
   11.90      0.1282    
   12.00      0.1258    
   12.10      0.1235    
   12.20      0.1211    
   12.30      0.1188    
   12.40      0.1165    
   12.50      0.1142    
   12.60      0.1119    
   12.70      0.1097    
   12.80      0.1075    
   12.90      0.1053    
   13.00      0.1031    
   13.10      0.1009    
   13.20      0.9880E-01
   13.30      0.9670E-01
   13.40      0.9462E-01
   13.50      0.9257E-01
   13.60      0.9055E-01
   13.70      0.8857E-01
   13.80      0.8661E-01
   13.90      0.8468E-01
   14.00      0.8279E-01
   14.10      0.8093E-01
   14.20      0.7910E-01
   14.30      0.7731E-01
   14.40      0.7555E-01
   14.50      0.7383E-01
   14.60      0.7214E-01
   14.70      0.7048E-01
   14.80      0.6886E-01
   14.90      0.6728E-01
   15.00      0.6574E-01
   15.10      0.6423E-01
   15.20      0.6275E-01
   15.30      0.6132E-01
   15.40      0.5992E-01
   15.50      0.5856E-01
   15.60      0.5723E-01
   15.70      0.5594E-01
   15.80      0.5468E-01
   15.90      0.5347E-01
   16.00      0.5228E-01
   16.10      0.5114E-01
   16.20      0.5003E-01
   16.30      0.4895E-01
   16.40      0.4791E-01
   16.50      0.4690E-01
   16.60      0.4593E-01
   16.70      0.4499E-01
   16.80      0.4408E-01
   16.90      0.4321E-01
   17.00      0.4237E-01
   17.10      0.4156E-01
   17.20      0.4078E-01
   17.30      0.4003E-01
   17.40      0.3931E-01
   17.50      0.3862E-01
   17.60      0.3795E-01
   17.70      0.3732E-01
   17.80      0.3671E-01
   17.90      0.3613E-01
   18.00      0.3557E-01
   18.10      0.3504E-01
   18.20      0.3453E-01
   18.30      0.3405E-01
   18.40      0.3359E-01
   18.50      0.3315E-01
   18.60      0.3273E-01
   18.70      0.3233E-01
   18.80      0.3195E-01
   18.90      0.3159E-01
   19.00      0.3125E-01
   19.10      0.3092E-01
   19.20      0.3061E-01
   19.30      0.3032E-01
   19.40      0.3004E-01
   19.50      0.2978E-01
   19.60      0.2952E-01
   19.70      0.2929E-01
   19.80      0.2906E-01
   19.90      0.2884E-01
   20.00      0.2864E-01
   20.10      0.2844E-01
   20.20      0.2826E-01
   20.30      0.2808E-01
   20.40      0.2791E-01
   20.50      0.2775E-01
   20.60      0.2759E-01
   20.70      0.2744E-01
   20.80      0.2730E-01
   20.90      0.2716E-01
   21.00      0.2702E-01
   21.10      0.2689E-01
   21.20      0.2676E-01
   21.30      0.2663E-01
   21.40      0.2651E-01
   21.50      0.2639E-01
   21.60      0.2627E-01
   21.70      0.2614E-01
   21.80      0.2602E-01
   21.90      0.2590E-01
   22.00      0.2578E-01
   22.10      0.2566E-01
   22.20      0.2554E-01
   22.30      0.2541E-01
   22.40      0.2529E-01
   22.50      0.2516E-01
   22.60      0.2503E-01
   22.70      0.2489E-01
   22.80      0.2476E-01
   22.90      0.2462E-01
   23.00      0.2448E-01
   23.10      0.2433E-01
   23.20      0.2418E-01
   23.30      0.2403E-01
   23.40      0.2387E-01
   23.50      0.2371E-01
   23.60      0.2355E-01
   23.70      0.2338E-01
   23.80      0.2321E-01
   23.90      0.2303E-01
   24.00      0.2285E-01
   24.10      0.2267E-01
   24.20      0.2248E-01
   24.30      0.2229E-01
   24.40      0.2209E-01
   24.50      0.2189E-01
   24.60      0.2169E-01
   24.70      0.2148E-01
   24.80      0.2127E-01
   24.90      0.2105E-01
   25.00      0.2084E-01
   25.10      0.2061E-01
   25.20      0.2039E-01
   25.30      0.2016E-01
   25.40      0.1993E-01
   25.50      0.1969E-01
   25.60      0.1945E-01
   25.70      0.1921E-01
   25.80      0.1897E-01
   25.90      0.1873E-01
   26.00      0.1848E-01
   26.10      0.1823E-01
   26.20      0.1798E-01
   26.30      0.1773E-01
   26.40      0.1747E-01
   26.50      0.1722E-01
   26.60      0.1696E-01
   26.70      0.1671E-01
   26.80      0.1645E-01
   26.90      0.1619E-01
   27.00      0.1593E-01
   27.10      0.1567E-01
   27.20      0.1542E-01
   27.30      0.1516E-01
   27.40      0.1490E-01
   27.50      0.1465E-01
   27.60      0.1439E-01
   27.70      0.1414E-01
   27.80      0.1388E-01
   27.90      0.1363E-01
   28.00      0.1338E-01
   28.10      0.1313E-01
   28.20      0.1289E-01
   28.30      0.1264E-01
   28.40      0.1240E-01
   28.50      0.1216E-01
   28.60      0.1193E-01
   28.70      0.1169E-01
   28.80      0.1146E-01
   28.90      0.1123E-01
   29.00      0.1101E-01
   29.10      0.1079E-01
   29.20      0.1057E-01
   29.30      0.1035E-01
   29.40      0.1014E-01
   29.50      0.9936E-02
   29.60      0.9732E-02
   29.70      0.9532E-02
   29.80      0.9337E-02
   29.90      0.9145E-02
   30.00      0.8957E-02
   30.10      0.8773E-02
   30.20      0.8593E-02
   30.30      0.8418E-02
   30.40      0.8247E-02
   30.50      0.8080E-02
   30.60      0.7917E-02
   30.70      0.7759E-02
   30.80      0.7605E-02
   30.90      0.7456E-02
   31.00      0.7310E-02
   31.10      0.7169E-02
   31.20      0.7033E-02
   31.30      0.6901E-02
   31.40      0.6773E-02
   31.50      0.6649E-02
   31.60      0.6530E-02
   31.70      0.6414E-02
   31.80      0.6303E-02
   31.90      0.6196E-02
   32.00      0.6093E-02
   32.10      0.5994E-02
   32.20      0.5899E-02
   32.30      0.5808E-02
   32.40      0.5720E-02
   32.50      0.5636E-02
   32.60      0.5556E-02
   32.70      0.5480E-02
   32.80      0.5407E-02
   32.90      0.5337E-02
   33.00      0.5271E-02
   33.10      0.5207E-02
   33.20      0.5147E-02
   33.30      0.5090E-02
   33.40      0.5036E-02
   33.50      0.4985E-02
   33.60      0.4936E-02
   33.70      0.4890E-02
   33.80      0.4847E-02
   33.90      0.4806E-02
   34.00      0.4767E-02
   34.10      0.4730E-02
   34.20      0.4696E-02
   34.30      0.4663E-02
   34.40      0.4633E-02
   34.50      0.4604E-02
   34.60      0.4577E-02
   34.70      0.4551E-02
   34.80      0.4527E-02
   34.90      0.4504E-02
   35.00      0.4483E-02
   35.10      0.4462E-02
   35.20      0.4443E-02
   35.30      0.4425E-02
   35.40      0.4407E-02
   35.50      0.4391E-02
   35.60      0.4375E-02
   35.70      0.4359E-02
   35.80      0.4345E-02
   35.90      0.4330E-02
   36.00      0.4316E-02
   36.10      0.4303E-02
   36.20      0.4289E-02
   36.30      0.4276E-02
   36.40      0.4262E-02
   36.50      0.4249E-02
   36.60      0.4235E-02
   36.70      0.4222E-02
   36.80      0.4208E-02
   36.90      0.4194E-02
   37.00      0.4179E-02
   37.10      0.4165E-02
   37.20      0.4150E-02
   37.30      0.4134E-02
   37.40      0.4118E-02
   37.50      0.4101E-02
   37.60      0.4084E-02
   37.70      0.4066E-02
   37.80      0.4048E-02
   37.90      0.4029E-02
   38.00      0.4009E-02
   38.10      0.3989E-02
   38.20      0.3967E-02
   38.30      0.3945E-02
   38.40      0.3923E-02
   38.50      0.3899E-02
   38.60      0.3875E-02
   38.70      0.3850E-02
   38.80      0.3824E-02
   38.90      0.3798E-02
   39.00      0.3770E-02
   39.10      0.3742E-02
   39.20      0.3713E-02
   39.30      0.3684E-02
   39.40      0.3653E-02
   39.50      0.3622E-02
   39.60      0.3590E-02
   39.70      0.3558E-02
   39.80      0.3525E-02
   39.90      0.3491E-02
   40.00      0.3456E-02
   40.10      0.3421E-02
   40.20      0.3385E-02
   40.30      0.3349E-02
   40.40      0.3312E-02
   40.50      0.3274E-02
   40.60      0.3236E-02
   40.70      0.3198E-02
   40.80      0.3159E-02
   40.90      0.3120E-02
   41.00      0.3080E-02
   41.10      0.3040E-02
   41.20      0.3000E-02
   41.30      0.2959E-02
   41.40      0.2918E-02
   41.50      0.2877E-02
   41.60      0.2835E-02
   41.70      0.2794E-02
   41.80      0.2752E-02
   41.90      0.2710E-02
   42.00      0.2669E-02
   42.10      0.2627E-02
   42.20      0.2585E-02
   42.30      0.2543E-02
   42.40      0.2501E-02
   42.50      0.2459E-02
   42.60      0.2418E-02
   42.70      0.2376E-02
   42.80      0.2335E-02
   42.90      0.2294E-02
   43.00      0.2253E-02
   43.10      0.2212E-02
   43.20      0.2172E-02
   43.30      0.2131E-02
   43.40      0.2092E-02
   43.50      0.2052E-02
   43.60      0.2013E-02
   43.70      0.1975E-02
   43.80      0.1936E-02
   43.90      0.1899E-02
   44.00      0.1861E-02
   44.10      0.1825E-02
   44.20      0.1788E-02
   44.30      0.1752E-02
   44.40      0.1717E-02
   44.50      0.1682E-02
   44.60      0.1648E-02
   44.70      0.1615E-02
   44.80      0.1582E-02
   44.90      0.1549E-02
   45.00      0.1518E-02
   45.10      0.1487E-02
   45.20      0.1456E-02
   45.30      0.1426E-02
   45.40      0.1397E-02
   45.50      0.1369E-02
   45.60      0.1341E-02
   45.70      0.1313E-02
   45.80      0.1287E-02
   45.90      0.1261E-02
   46.00      0.1236E-02
   46.10      0.1211E-02
   46.20      0.1188E-02
   46.30      0.1165E-02
   46.40      0.1142E-02
   46.50      0.1120E-02
   46.60      0.1099E-02
   46.70      0.1079E-02
   46.80      0.1059E-02
   46.90      0.1040E-02
   47.00      0.1022E-02
   47.10      0.1004E-02
   47.20      0.9870E-03
   47.30      0.9706E-03
   47.40      0.9548E-03
   47.50      0.9397E-03
   47.60      0.9251E-03
   47.70      0.9112E-03
   47.80      0.8979E-03
   47.90      0.8852E-03
   48.00      0.8730E-03
   48.10      0.8615E-03
   48.20      0.8505E-03
   48.30      0.8400E-03
   48.40      0.8301E-03
   48.50      0.8207E-03
   48.60      0.8118E-03
   48.70      0.8034E-03
   48.80      0.7956E-03
   48.90      0.7881E-03
   49.00      0.7812E-03
   49.10      0.7746E-03
   49.20      0.7686E-03
   49.30      0.7629E-03
   49.40      0.7576E-03
   49.50      0.7527E-03
   49.60      0.7482E-03
   49.70      0.7440E-03
   49.80      0.7402E-03
   49.90      0.7367E-03
   50.00      0.7335E-03
   50.10      0.7305E-03
   50.20      0.7279E-03
   50.30      0.7255E-03
   50.40      0.7234E-03
   50.50      0.7215E-03
   50.60      0.7198E-03
   50.70      0.7183E-03
   50.80      0.7170E-03
   50.90      0.7159E-03
   51.00      0.7149E-03
   51.10      0.7140E-03
   51.20      0.7133E-03
   51.30      0.7127E-03
   51.40      0.7122E-03
   51.50      0.7117E-03
   51.60      0.7114E-03
   51.70      0.7110E-03
   51.80      0.7108E-03
   51.90      0.7105E-03
   52.00      0.7103E-03
   52.10      0.7101E-03
   52.20      0.7098E-03
   52.30      0.7096E-03
   52.40      0.7093E-03
   52.50      0.7089E-03
   52.60      0.7085E-03
   52.70      0.7081E-03
   52.80      0.7076E-03
   52.90      0.7070E-03
   53.00      0.7063E-03
   53.10      0.7055E-03
   53.20      0.7046E-03
   53.30      0.7036E-03
   53.40      0.7024E-03
   53.50      0.7012E-03
   53.60      0.6998E-03
   53.70      0.6982E-03
   53.80      0.6966E-03
   53.90      0.6947E-03
   54.00      0.6927E-03
   54.10      0.6906E-03
   54.20      0.6883E-03
   54.30      0.6858E-03
   54.40      0.6832E-03
   54.50      0.6804E-03
   54.60      0.6775E-03
   54.70      0.6743E-03
   54.80      0.6710E-03
   54.90      0.6675E-03
   55.00      0.6639E-03
   55.10      0.6601E-03
   55.20      0.6561E-03
   55.30      0.6520E-03
   55.40      0.6476E-03
   55.50      0.6432E-03
   55.60      0.6385E-03
   55.70      0.6337E-03
   55.80      0.6287E-03
   55.90      0.6236E-03
   56.00      0.6184E-03
   56.10      0.6130E-03
   56.20      0.6074E-03
   56.30      0.6017E-03
   56.40      0.5959E-03
   56.50      0.5900E-03
   56.60      0.5839E-03
   56.70      0.5777E-03
   56.80      0.5715E-03
   56.90      0.5651E-03
   57.00      0.5586E-03
   57.10      0.5520E-03
   57.20      0.5453E-03
   57.30      0.5385E-03
   57.40      0.5317E-03
   57.50      0.5248E-03
   57.60      0.5178E-03
   57.70      0.5108E-03
   57.80      0.5037E-03
   57.90      0.4966E-03
   58.00      0.4894E-03
   58.10      0.4822E-03
   58.20      0.4750E-03
   58.30      0.4677E-03
   58.40      0.4605E-03
   58.50      0.4532E-03
   58.60      0.4459E-03
   58.70      0.4387E-03
   58.80      0.4314E-03
   58.90      0.4241E-03
   59.00      0.4169E-03
   59.10      0.4097E-03
   59.20      0.4026E-03
   59.30      0.3954E-03
   59.40      0.3883E-03
   59.50      0.3813E-03
   59.60      0.3743E-03
   59.70      0.3674E-03
   59.80      0.3605E-03
   59.90      0.3537E-03
   60.00      0.3469E-03
   60.10      0.3402E-03
   60.20      0.3336E-03
   60.30      0.3271E-03
   60.40      0.3207E-03
   60.50      0.3143E-03
   60.60      0.3081E-03
   60.70      0.3019E-03
   60.80      0.2959E-03
   60.90      0.2899E-03
   61.00      0.2840E-03
   61.10      0.2782E-03
   61.20      0.2726E-03
   61.30      0.2670E-03
   61.40      0.2616E-03
   61.50      0.2562E-03
   61.60      0.2510E-03
   61.70      0.2459E-03
   61.80      0.2409E-03
   61.90      0.2360E-03
   62.00      0.2312E-03
   62.10      0.2266E-03
   62.20      0.2220E-03
   62.30      0.2176E-03
   62.40      0.2133E-03
   62.50      0.2091E-03
   62.60      0.2051E-03
   62.70      0.2011E-03
   62.80      0.1973E-03
   62.90      0.1936E-03
   63.00      0.1900E-03
   63.10      0.1865E-03
   63.20      0.1832E-03
   63.30      0.1799E-03
   63.40      0.1768E-03
   63.50      0.1738E-03
   63.60      0.1709E-03
   63.70      0.1681E-03
   63.80      0.1654E-03
   63.90      0.1628E-03
   64.00      0.1603E-03
   64.10      0.1579E-03
   64.20      0.1557E-03
   64.30      0.1535E-03
   64.40      0.1514E-03
   64.50      0.1495E-03
   64.60      0.1476E-03
   64.70      0.1458E-03
   64.80      0.1442E-03
   64.90      0.1426E-03
   65.00      0.1411E-03
   65.10      0.1396E-03
   65.20      0.1383E-03
   65.30      0.1371E-03
   65.40      0.1359E-03
   65.50      0.1348E-03
   65.60      0.1338E-03
   65.70      0.1328E-03
   65.80      0.1319E-03
   65.90      0.1311E-03
   66.00      0.1304E-03
   66.10      0.1297E-03
   66.20      0.1291E-03
   66.30      0.1285E-03
   66.40      0.1280E-03
   66.50      0.1276E-03
   66.60      0.1272E-03
   66.70      0.1268E-03
   66.80      0.1265E-03
   66.90      0.1262E-03
   67.00      0.1260E-03
   67.10      0.1258E-03
   67.20      0.1257E-03
   67.30      0.1255E-03
   67.40      0.1255E-03
   67.50      0.1254E-03
   67.60      0.1254E-03
   67.70      0.1254E-03
   67.80      0.1254E-03
   67.90      0.1254E-03
   68.00      0.1254E-03
   68.10      0.1255E-03
   68.20      0.1256E-03
   68.30      0.1257E-03
   68.40      0.1258E-03
   68.50      0.1259E-03
   68.60      0.1260E-03
   68.70      0.1261E-03
   68.80      0.1262E-03
   68.90      0.1263E-03
   69.00      0.1264E-03
   69.10      0.1265E-03
   69.20      0.1266E-03
   69.30      0.1266E-03
   69.40      0.1267E-03
   69.50      0.1268E-03
   69.60      0.1268E-03
   69.70      0.1268E-03
   69.80      0.1268E-03
   69.90      0.1268E-03
   70.00      0.1268E-03
   70.10      0.1268E-03
   70.20      0.1267E-03
   70.30      0.1266E-03
   70.40      0.1265E-03
   70.50      0.1264E-03
   70.60      0.1262E-03
   70.70      0.1260E-03
   70.80      0.1258E-03
   70.90      0.1256E-03
   71.00      0.1253E-03
   71.10      0.1250E-03
   71.20      0.1247E-03
   71.30      0.1243E-03
   71.40      0.1239E-03
   71.50      0.1235E-03
   71.60      0.1231E-03
   71.70      0.1226E-03
   71.80      0.1221E-03
   71.90      0.1216E-03
   72.00      0.1210E-03
   72.10      0.1205E-03
   72.20      0.1198E-03
   72.30      0.1192E-03
   72.40      0.1185E-03
   72.50      0.1178E-03
   72.60      0.1171E-03
   72.70      0.1163E-03
   72.80      0.1156E-03
   72.90      0.1148E-03
   73.00      0.1139E-03
   73.10      0.1131E-03
   73.20      0.1122E-03
   73.30      0.1113E-03
   73.40      0.1104E-03
   73.50      0.1094E-03
   73.60      0.1084E-03
   73.70      0.1074E-03
   73.80      0.1064E-03
   73.90      0.1054E-03
   74.00      0.1044E-03
   74.10      0.1033E-03
   74.20      0.1022E-03
   74.30      0.1011E-03
   74.40      0.1000E-03
   74.50      0.9890E-04
   74.60      0.9776E-04
   74.70      0.9662E-04
   74.80      0.9547E-04
   74.90      0.9431E-04
   75.00      0.9314E-04
   75.10      0.9196E-04
   75.20      0.9077E-04
   75.30      0.8958E-04
   75.40      0.8839E-04
   75.50      0.8720E-04
   75.60      0.8600E-04
   75.70      0.8480E-04
   75.80      0.8359E-04
   75.90      0.8239E-04
   76.00      0.8119E-04
   76.10      0.7999E-04
   76.20      0.7880E-04
   76.30      0.7760E-04
   76.40      0.7642E-04
   76.50      0.7523E-04
   76.60      0.7405E-04
   76.70      0.7288E-04
   76.80      0.7172E-04
   76.90      0.7056E-04
   77.00      0.6941E-04
   77.10      0.6827E-04
   77.20      0.6714E-04
   77.30      0.6601E-04
   77.40      0.6490E-04
   77.50      0.6380E-04
   77.60      0.6271E-04
   77.70      0.6163E-04
   77.80      0.6057E-04
   77.90      0.5951E-04
   78.00      0.5847E-04
   78.10      0.5745E-04
   78.20      0.5644E-04
   78.30      0.5544E-04
   78.40      0.5445E-04
   78.50      0.5348E-04
   78.60      0.5253E-04
   78.70      0.5159E-04
   78.80      0.5066E-04
   78.90      0.4975E-04
   79.00      0.4886E-04
   79.10      0.4799E-04
   79.20      0.4713E-04
   79.30      0.4628E-04
   79.40      0.4545E-04
   79.50      0.4464E-04
   79.60      0.4385E-04
   79.70      0.4308E-04
   79.80      0.4232E-04
   79.90      0.4158E-04
   80.00      0.4085E-04
   80.10      0.4015E-04
   80.20      0.3946E-04
   80.30      0.3879E-04
   80.40      0.3813E-04
   80.50      0.3750E-04
   80.60      0.3688E-04
   80.70      0.3628E-04
   80.80      0.3570E-04
   80.90      0.3513E-04
   81.00      0.3459E-04
   81.10      0.3406E-04
   81.20      0.3355E-04
   81.30      0.3306E-04
   81.40      0.3258E-04
   81.50      0.3213E-04
   81.60      0.3169E-04
   81.70      0.3127E-04
   81.80      0.3086E-04
   81.90      0.3047E-04
   82.00      0.3010E-04
   82.10      0.2975E-04
   82.20      0.2941E-04
   82.30      0.2909E-04
   82.40      0.2879E-04
   82.50      0.2850E-04
   82.60      0.2823E-04
   82.70      0.2798E-04
   82.80      0.2774E-04
   82.90      0.2751E-04
   83.00      0.2730E-04
   83.10      0.2711E-04
   83.20      0.2692E-04
   83.30      0.2676E-04
   83.40      0.2660E-04
   83.50      0.2646E-04
   83.60      0.2633E-04
   83.70      0.2622E-04
   83.80      0.2611E-04
   83.90      0.2602E-04
   84.00      0.2594E-04
   84.10      0.2586E-04
   84.20      0.2580E-04
   84.30      0.2575E-04
   84.40      0.2571E-04
   84.50      0.2567E-04
   84.60      0.2565E-04
   84.70      0.2563E-04
   84.80      0.2561E-04
   84.90      0.2561E-04
   85.00      0.2561E-04
   85.10      0.2562E-04
   85.20      0.2563E-04
   85.30      0.2564E-04
   85.40      0.2566E-04
   85.50      0.2568E-04
   85.60      0.2571E-04
   85.70      0.2574E-04
   85.80      0.2577E-04
   85.90      0.2580E-04
   86.00      0.2583E-04
   86.10      0.2587E-04
   86.20      0.2590E-04
   86.30      0.2593E-04
   86.40      0.2597E-04
   86.50      0.2600E-04
   86.60      0.2603E-04
   86.70      0.2605E-04
   86.80      0.2608E-04
   86.90      0.2610E-04
   87.00      0.2612E-04
   87.10      0.2614E-04
   87.20      0.2615E-04
   87.30      0.2616E-04
   87.40      0.2616E-04
   87.50      0.2616E-04
   87.60      0.2615E-04
   87.70      0.2614E-04
   87.80      0.2613E-04
   87.90      0.2611E-04
   88.00      0.2608E-04
   88.10      0.2605E-04
   88.20      0.2601E-04
   88.30      0.2597E-04
   88.40      0.2592E-04
   88.50      0.2587E-04
   88.60      0.2580E-04
   88.70      0.2574E-04
   88.80      0.2566E-04
   88.90      0.2559E-04
   89.00      0.2550E-04
   89.10      0.2541E-04
   89.20      0.2531E-04
   89.30      0.2521E-04
   89.40      0.2510E-04
   89.50      0.2499E-04
   89.60      0.2487E-04
   89.70      0.2475E-04
   89.80      0.2462E-04
   89.90      0.2448E-04
   90.00      0.2434E-04
   90.10      0.2420E-04
   90.20      0.2405E-04
   90.30      0.2389E-04
   90.40      0.2374E-04
   90.50      0.2357E-04
   90.60      0.2341E-04
   90.70      0.2324E-04
   90.80      0.2306E-04
   90.90      0.2289E-04
   91.00      0.2270E-04
   91.10      0.2252E-04
   91.20      0.2233E-04
   91.30      0.2214E-04
   91.40      0.2195E-04
   91.50      0.2176E-04
   91.60      0.2156E-04
   91.70      0.2136E-04
   91.80      0.2116E-04
   91.90      0.2096E-04
   92.00      0.2076E-04
   92.10      0.2055E-04
   92.20      0.2035E-04
   92.30      0.2014E-04
   92.40      0.1994E-04
   92.50      0.1973E-04
   92.60      0.1952E-04
   92.70      0.1931E-04
   92.80      0.1910E-04
   92.90      0.1889E-04
   93.00      0.1868E-04
   93.10      0.1847E-04
   93.20      0.1827E-04
   93.30      0.1806E-04
   93.40      0.1785E-04
   93.50      0.1764E-04
   93.60      0.1744E-04
   93.70      0.1723E-04
   93.80      0.1702E-04
   93.90      0.1682E-04
   94.00      0.1661E-04
   94.10      0.1641E-04
   94.20      0.1621E-04
   94.30      0.1601E-04
   94.40      0.1581E-04
   94.50      0.1561E-04
   94.60      0.1541E-04
   94.70      0.1521E-04
   94.80      0.1502E-04
   94.90      0.1482E-04
   95.00      0.1463E-04
   95.10      0.1444E-04
   95.20      0.1425E-04
   95.30      0.1406E-04
   95.40      0.1387E-04
   95.50      0.1368E-04
   95.60      0.1349E-04
   95.70      0.1331E-04
   95.80      0.1313E-04
   95.90      0.1294E-04
   96.00      0.1276E-04
   96.10      0.1258E-04
   96.20      0.1240E-04
   96.30      0.1222E-04
   96.40      0.1205E-04
   96.50      0.1187E-04
   96.60      0.1170E-04
   96.70      0.1152E-04
   96.80      0.1135E-04
   96.90      0.1118E-04
   97.00      0.1101E-04
   97.10      0.1084E-04
   97.20      0.1068E-04
   97.30      0.1051E-04
   97.40      0.1035E-04
   97.50      0.1019E-04
   97.60      0.1003E-04
   97.70      0.9867E-05
   97.80      0.9710E-05
   97.90      0.9554E-05
   98.00      0.9400E-05
   98.10      0.9247E-05
   98.20      0.9097E-05
   98.30      0.8948E-05
   98.40      0.8801E-05
   98.50      0.8656E-05
   98.60      0.8514E-05
   98.70      0.8373E-05
   98.80      0.8235E-05
   98.90      0.8099E-05
   99.00      0.7965E-05
   99.10      0.7834E-05
   99.20      0.7705E-05
   99.30      0.7579E-05
   99.40      0.7455E-05
   99.50      0.7335E-05
   99.60      0.7217E-05
   99.70      0.7102E-05
   99.80      0.6990E-05
   99.90      0.6881E-05
   100.0      0.6775E-05
   100.1      0.6672E-05
   100.2      0.6572E-05
   100.3      0.6476E-05
   100.4      0.6383E-05
   100.5      0.6293E-05
   100.6      0.6207E-05
   100.7      0.6124E-05
   100.8      0.6044E-05
   100.9      0.5968E-05
   101.0      0.5895E-05
   101.1      0.5826E-05
   101.2      0.5761E-05
   101.3      0.5698E-05
   101.4      0.5640E-05
   101.5      0.5584E-05
   101.6      0.5533E-05
   101.7      0.5484E-05
   101.8      0.5439E-05
   101.9      0.5397E-05
   102.0      0.5359E-05
   102.1      0.5323E-05
   102.2      0.5291E-05
   102.3      0.5262E-05
   102.4      0.5236E-05
   102.5      0.5212E-05
   102.6      0.5192E-05
   102.7      0.5174E-05
   102.8      0.5159E-05
   102.9      0.5147E-05
   103.0      0.5137E-05
   103.1      0.5129E-05
   103.2      0.5124E-05
   103.3      0.5120E-05
   103.4      0.5119E-05
   103.5      0.5120E-05
   103.6      0.5122E-05
   103.7      0.5126E-05
   103.8      0.5132E-05
   103.9      0.5139E-05
   104.0      0.5148E-05
   104.1      0.5157E-05
   104.2      0.5168E-05
   104.3      0.5180E-05
   104.4      0.5192E-05
   104.5      0.5206E-05
   104.6      0.5220E-05
   104.7      0.5234E-05
   104.8      0.5249E-05
   104.9      0.5265E-05
   105.0      0.5281E-05
   105.1      0.5297E-05
   105.2      0.5313E-05
   105.3      0.5329E-05
   105.4      0.5345E-05
   105.5      0.5361E-05
   105.6      0.5376E-05
   105.7      0.5392E-05
   105.8      0.5407E-05
   105.9      0.5422E-05
   106.0      0.5436E-05
   106.1      0.5450E-05
   106.2      0.5463E-05
   106.3      0.5476E-05
   106.4      0.5489E-05
   106.5      0.5500E-05
   106.6      0.5511E-05
   106.7      0.5522E-05
   106.8      0.5532E-05
   106.9      0.5541E-05
   107.0      0.5550E-05
   107.1      0.5557E-05
   107.2      0.5565E-05
   107.3      0.5571E-05
   107.4      0.5577E-05
   107.5      0.5582E-05
   107.6      0.5586E-05
   107.7      0.5590E-05
   107.8      0.5593E-05
   107.9      0.5595E-05
   108.0      0.5596E-05
   108.1      0.5597E-05
   108.2      0.5597E-05
   108.3      0.5597E-05
   108.4      0.5595E-05
   108.5      0.5593E-05
   108.6      0.5591E-05
   108.7      0.5587E-05
   108.8      0.5583E-05
   108.9      0.5578E-05
   109.0      0.5573E-05
   109.1      0.5567E-05
   109.2      0.5560E-05
   109.3      0.5552E-05
   109.4      0.5544E-05
   109.5      0.5534E-05
   109.6      0.5524E-05
   109.7      0.5514E-05
   109.8      0.5502E-05
   109.9      0.5490E-05
   110.0      0.5476E-05
   110.1      0.5462E-05
   110.2      0.5448E-05
   110.3      0.5432E-05
   110.4      0.5415E-05
   110.5      0.5397E-05
   110.6      0.5379E-05
   110.7      0.5359E-05
   110.8      0.5339E-05
   110.9      0.5318E-05
   111.0      0.5295E-05
   111.1      0.5272E-05
   111.2      0.5247E-05
   111.3      0.5222E-05
   111.4      0.5195E-05
   111.5      0.5167E-05
   111.6      0.5139E-05
   111.7      0.5109E-05
   111.8      0.5078E-05
   111.9      0.5046E-05
   112.0      0.5013E-05
   112.1      0.4979E-05
   112.2      0.4944E-05
   112.3      0.4907E-05
   112.4      0.4870E-05
   112.5      0.4832E-05
   112.6      0.4792E-05
   112.7      0.4752E-05
   112.8      0.4710E-05
   112.9      0.4668E-05
   113.0      0.4624E-05
   113.1      0.4580E-05
   113.2      0.4535E-05
   113.3      0.4489E-05
   113.4      0.4441E-05
   113.5      0.4394E-05
   113.6      0.4345E-05
   113.7      0.4296E-05
   113.8      0.4245E-05
   113.9      0.4195E-05
   114.0      0.4143E-05
   114.1      0.4091E-05
   114.2      0.4038E-05
   114.3      0.3985E-05
   114.4      0.3932E-05
   114.5      0.3878E-05
   114.6      0.3823E-05
   114.7      0.3768E-05
   114.8      0.3713E-05
   114.9      0.3658E-05
   115.0      0.3603E-05
   115.1      0.3547E-05
   115.2      0.3491E-05
   115.3      0.3435E-05
   115.4      0.3380E-05
   115.5      0.3324E-05
   115.6      0.3268E-05
   115.7      0.3212E-05
   115.8      0.3157E-05
   115.9      0.3102E-05
   116.0      0.3047E-05
   116.1      0.2992E-05
   116.2      0.2937E-05
   116.3      0.2883E-05
   116.4      0.2829E-05
   116.5      0.2776E-05
   116.6      0.2723E-05
   116.7      0.2671E-05
   116.8      0.2619E-05
   116.9      0.2567E-05
   117.0      0.2516E-05
   117.1      0.2466E-05
   117.2      0.2416E-05
   117.3      0.2368E-05
   117.4      0.2319E-05
   117.5      0.2272E-05
   117.6      0.2225E-05
   117.7      0.2178E-05
   117.8      0.2133E-05
   117.9      0.2088E-05
   118.0      0.2044E-05
   118.1      0.2001E-05
   118.2      0.1959E-05
   118.3      0.1917E-05
   118.4      0.1877E-05
   118.5      0.1837E-05
   118.6      0.1798E-05
   118.7      0.1760E-05
   118.8      0.1722E-05
   118.9      0.1686E-05
   119.0      0.1650E-05
   119.1      0.1615E-05
   119.2      0.1582E-05
   119.3      0.1549E-05
   119.4      0.1516E-05
   119.5      0.1485E-05
   119.6      0.1455E-05
   119.7      0.1425E-05
   119.8      0.1396E-05
   119.9      0.1368E-05
   120.0      0.1341E-05
   120.1      0.1315E-05
   120.2      0.1290E-05
   120.3      0.1265E-05
   120.4      0.1241E-05
   120.5      0.1218E-05
   120.6      0.1196E-05
   120.7      0.1175E-05
   120.8      0.1154E-05
   120.9      0.1134E-05
   121.0      0.1115E-05
   121.1      0.1096E-05
   121.2      0.1078E-05
   121.3      0.1061E-05
   121.4      0.1045E-05
   121.5      0.1029E-05
   121.6      0.1014E-05
   121.7      0.9990E-06
   121.8      0.9850E-06
   121.9      0.9717E-06
   122.0      0.9590E-06
   122.1      0.9469E-06
   122.2      0.9353E-06
   122.3      0.9243E-06
   122.4      0.9138E-06
   122.5      0.9039E-06
   122.6      0.8945E-06
   122.7      0.8857E-06
   122.8      0.8774E-06
   122.9      0.8696E-06
   123.0      0.8623E-06
   123.1      0.8555E-06
   123.2      0.8492E-06
   123.3      0.8435E-06
   123.4      0.8382E-06
   123.5      0.8335E-06
   123.6      0.8292E-06
   123.7      0.8255E-06
   123.8      0.8223E-06
   123.9      0.8196E-06
   124.0      0.8174E-06
   124.1      0.8158E-06
   124.2      0.8147E-06
   124.3      0.8141E-06
   124.4      0.8141E-06
   124.5      0.8147E-06
   124.6      0.8159E-06
   124.7      0.8176E-06
   124.8      0.8199E-06
   124.9      0.8228E-06
   125.0      0.8263E-06
   125.1      0.8304E-06
   125.2      0.8351E-06
   125.3      0.8405E-06
   125.4      0.8465E-06
   125.5      0.8531E-06
   125.6      0.8603E-06
   125.7      0.8682E-06
   125.8      0.8768E-06
   125.9      0.8859E-06
   126.0      0.8957E-06
   126.1      0.9061E-06
   126.2      0.9172E-06
   126.3      0.9289E-06
   126.4      0.9411E-06
   126.5      0.9540E-06
   126.6      0.9674E-06
   126.7      0.9814E-06
   126.8      0.9960E-06
   126.9      0.1011E-05
   127.0      0.1027E-05
   127.1      0.1043E-05
   127.2      0.1059E-05
   127.3      0.1076E-05
   127.4      0.1093E-05
   127.5      0.1111E-05
   127.6      0.1129E-05
   127.7      0.1147E-05
   127.8      0.1166E-05
   127.9      0.1184E-05
   128.0      0.1203E-05
   128.1      0.1222E-05
   128.2      0.1241E-05
   128.3      0.1260E-05
   128.4      0.1279E-05
   128.5      0.1298E-05
   128.6      0.1317E-05
   128.7      0.1336E-05
   128.8      0.1354E-05
   128.9      0.1372E-05
   129.0      0.1390E-05
   129.1      0.1408E-05
   129.2      0.1425E-05
   129.3      0.1442E-05
   129.4      0.1458E-05
   129.5      0.1474E-05
   129.6      0.1489E-05
   129.7      0.1504E-05
   129.8      0.1518E-05
   129.9      0.1531E-05
   130.0      0.1544E-05
   130.1      0.1556E-05
   130.2      0.1567E-05
   130.3      0.1578E-05
   130.4      0.1587E-05
   130.5      0.1596E-05
   130.6      0.1604E-05
   130.7      0.1611E-05
   130.8      0.1618E-05
   130.9      0.1623E-05
   131.0      0.1628E-05
   131.1      0.1631E-05
   131.2      0.1634E-05
   131.3      0.1636E-05
   131.4      0.1637E-05
   131.5      0.1638E-05
   131.6      0.1637E-05
   131.7      0.1636E-05
   131.8      0.1634E-05
   131.9      0.1631E-05
   132.0      0.1627E-05
   132.1      0.1623E-05
   132.2      0.1617E-05
   132.3      0.1612E-05
   132.4      0.1605E-05
   132.5      0.1598E-05
   132.6      0.1590E-05
   132.7      0.1582E-05
   132.8      0.1573E-05
   132.9      0.1563E-05
   133.0      0.1553E-05
   133.1      0.1543E-05
   133.2      0.1532E-05
   133.3      0.1521E-05
   133.4      0.1509E-05
   133.5      0.1498E-05
   133.6      0.1485E-05
   133.7      0.1473E-05
   133.8      0.1460E-05
   133.9      0.1447E-05
   134.0      0.1434E-05
   134.1      0.1421E-05
   134.2      0.1407E-05
   134.3      0.1394E-05
   134.4      0.1380E-05
   134.5      0.1366E-05
   134.6      0.1352E-05
   134.7      0.1338E-05
   134.8      0.1325E-05
   134.9      0.1311E-05
   135.0      0.1297E-05
   135.1      0.1283E-05
   135.2      0.1269E-05
   135.3      0.1255E-05
   135.4      0.1241E-05
   135.5      0.1227E-05
   135.6      0.1214E-05
   135.7      0.1200E-05
   135.8      0.1186E-05
   135.9      0.1173E-05
   136.0      0.1159E-05
   136.1      0.1146E-05
   136.2      0.1132E-05
   136.3      0.1119E-05
   136.4      0.1106E-05
   136.5      0.1092E-05
   136.6      0.1079E-05
   136.7      0.1066E-05
   136.8      0.1053E-05
   136.9      0.1040E-05
   137.0      0.1027E-05
   137.1      0.1014E-05
   137.2      0.1001E-05
   137.3      0.9882E-06
   137.4      0.9754E-06
   137.5      0.9626E-06
   137.6      0.9499E-06
   137.7      0.9372E-06
   137.8      0.9245E-06
   137.9      0.9119E-06
   138.0      0.8993E-06
   138.1      0.8868E-06
   138.2      0.8743E-06
   138.3      0.8619E-06
   138.4      0.8495E-06
   138.5      0.8372E-06
   138.6      0.8249E-06
   138.7      0.8127E-06
   138.8      0.8005E-06
   138.9      0.7884E-06
   139.0      0.7764E-06
   139.1      0.7644E-06
   139.2      0.7525E-06
   139.3      0.7407E-06
   139.4      0.7290E-06
   139.5      0.7174E-06
   139.6      0.7058E-06
   139.7      0.6944E-06
   139.8      0.6831E-06
   139.9      0.6718E-06
   140.0      0.6607E-06
   140.1      0.6497E-06
   140.2      0.6388E-06
   140.3      0.6280E-06
   140.4      0.6174E-06
   140.5      0.6069E-06
   140.6      0.5965E-06
   140.7      0.5862E-06
   140.8      0.5761E-06
   140.9      0.5661E-06
   141.0      0.5562E-06
   141.1      0.5465E-06
   141.2      0.5369E-06
   141.3      0.5274E-06
   141.4      0.5181E-06
   141.5      0.5089E-06
   141.6      0.4999E-06
   141.7      0.4909E-06
   141.8      0.4821E-06
   141.9      0.4735E-06
   142.0      0.4650E-06
   142.1      0.4566E-06
   142.2      0.4483E-06
   142.3      0.4401E-06
   142.4      0.4321E-06
   142.5      0.4242E-06
   142.6      0.4165E-06
   142.7      0.4088E-06
   142.8      0.4013E-06
   142.9      0.3939E-06
   143.0      0.3866E-06
   143.1      0.3795E-06
   143.2      0.3725E-06
   143.3      0.3656E-06
   143.4      0.3588E-06
   143.5      0.3521E-06
   143.6      0.3456E-06
   143.7      0.3392E-06
   143.8      0.3329E-06
   143.9      0.3267E-06
   144.0      0.3207E-06
   144.1      0.3148E-06
   144.2      0.3091E-06
   144.3      0.3034E-06
   144.4      0.2979E-06
   144.5      0.2926E-06
   144.6      0.2874E-06
   144.7      0.2823E-06
   144.8      0.2774E-06
   144.9      0.2726E-06
   145.0      0.2680E-06
   145.1      0.2635E-06
   145.2      0.2592E-06
   145.3      0.2550E-06
   145.4      0.2510E-06
   145.5      0.2471E-06
   145.6      0.2434E-06
   145.7      0.2398E-06
   145.8      0.2364E-06
   145.9      0.2331E-06
   146.0      0.2300E-06
   146.1      0.2270E-06
   146.2      0.2242E-06
   146.3      0.2216E-06
   146.4      0.2190E-06
   146.5      0.2166E-06
   146.6      0.2144E-06
   146.7      0.2123E-06
   146.8      0.2103E-06
   146.9      0.2084E-06
   147.0      0.2067E-06
   147.1      0.2050E-06
   147.2      0.2035E-06
   147.3      0.2021E-06
   147.4      0.2008E-06
   147.5      0.1997E-06
   147.6      0.1986E-06
   147.7      0.1976E-06
   147.8      0.1967E-06
   147.9      0.1959E-06
   148.0      0.1951E-06
   148.1      0.1945E-06
   148.2      0.1939E-06
   148.3      0.1935E-06
   148.4      0.1931E-06
   148.5      0.1928E-06
   148.6      0.1925E-06
   148.7      0.1924E-06
   148.8      0.1923E-06
   148.9      0.1924E-06
   149.0      0.1925E-06
   149.1      0.1927E-06
   149.2      0.1931E-06
   149.3      0.1935E-06
   149.4      0.1941E-06
   149.5      0.1948E-06
   149.6      0.1956E-06
   149.7      0.1966E-06
   149.8      0.1977E-06
   149.9      0.1990E-06
   150.0      0.2005E-06
   150.1      0.2022E-06
   150.2      0.2040E-06
   150.3      0.2061E-06
   150.4      0.2084E-06
   150.5      0.2110E-06
   150.6      0.2138E-06
   150.7      0.2168E-06
   150.8      0.2202E-06
   150.9      0.2238E-06
   151.0      0.2278E-06
   151.1      0.2320E-06
   151.2      0.2366E-06
   151.3      0.2416E-06
   151.4      0.2468E-06
   151.5      0.2525E-06
   151.6      0.2585E-06
   151.7      0.2649E-06
   151.8      0.2716E-06
   151.9      0.2788E-06
   152.0      0.2863E-06
   152.1      0.2943E-06
   152.2      0.3026E-06
   152.3      0.3113E-06
   152.4      0.3204E-06
   152.5      0.3299E-06
   152.6      0.3398E-06
   152.7      0.3500E-06
   152.8      0.3606E-06
   152.9      0.3716E-06
   153.0      0.3829E-06
   153.1      0.3946E-06
   153.2      0.4065E-06
   153.3      0.4188E-06
   153.4      0.4313E-06
   153.5      0.4441E-06
   153.6      0.4571E-06
   153.7      0.4704E-06
   153.8      0.4838E-06
   153.9      0.4974E-06
   154.0      0.5112E-06
   154.1      0.5250E-06
   154.2      0.5390E-06
   154.3      0.5530E-06
   154.4      0.5670E-06
   154.5      0.5811E-06
   154.6      0.5951E-06
   154.7      0.6090E-06
   154.8      0.6229E-06
   154.9      0.6366E-06
   155.0      0.6502E-06
   155.1      0.6637E-06
   155.2      0.6769E-06
   155.3      0.6899E-06
   155.4      0.7026E-06
   155.5      0.7151E-06
   155.6      0.7272E-06
   155.7      0.7390E-06
   155.8      0.7505E-06
   155.9      0.7616E-06
   156.0      0.7722E-06
   156.1      0.7825E-06
   156.2      0.7923E-06
   156.3      0.8017E-06
   156.4      0.8106E-06
   156.5      0.8190E-06
   156.6      0.8269E-06
   156.7      0.8343E-06
   156.8      0.8412E-06
   156.9      0.8476E-06
   157.0      0.8535E-06
   157.1      0.8588E-06
   157.2      0.8636E-06
   157.3      0.8678E-06
   157.4      0.8716E-06
   157.5      0.8747E-06
   157.6      0.8774E-06
   157.7      0.8795E-06
   157.8      0.8811E-06
   157.9      0.8822E-06
   158.0      0.8828E-06
   158.1      0.8828E-06
   158.2      0.8824E-06
   158.3      0.8815E-06
   158.4      0.8801E-06
   158.5      0.8782E-06
   158.6      0.8759E-06
   158.7      0.8731E-06
   158.8      0.8698E-06
   158.9      0.8662E-06
   159.0      0.8621E-06
   159.1      0.8576E-06
   159.2      0.8527E-06
   159.3      0.8474E-06
   159.4      0.8417E-06
   159.5      0.8357E-06
   159.6      0.8293E-06
   159.7      0.8225E-06
   159.8      0.8154E-06
   159.9      0.8080E-06
   160.0      0.8002E-06
   160.1      0.7922E-06
   160.2      0.7838E-06
   160.3      0.7751E-06
   160.4      0.7661E-06
   160.5      0.7569E-06
   160.6      0.7473E-06
   160.7      0.7375E-06
   160.8      0.7274E-06
   160.9      0.7171E-06
   161.0      0.7065E-06
   161.1      0.6957E-06
   161.2      0.6847E-06
   161.3      0.6734E-06
   161.4      0.6619E-06
   161.5      0.6502E-06
   161.6      0.6383E-06
   161.7      0.6262E-06
   161.8      0.6139E-06
   161.9      0.6014E-06
   162.0      0.5888E-06
   162.1      0.5761E-06
   162.2      0.5632E-06
   162.3      0.5501E-06
   162.4      0.5370E-06
   162.5      0.5238E-06
   162.6      0.5105E-06
   162.7      0.4972E-06
   162.8      0.4837E-06
   162.9      0.4703E-06
   163.0      0.4569E-06
   163.1      0.4435E-06
   163.2      0.4301E-06
   163.3      0.4167E-06
   163.4      0.4034E-06
   163.5      0.3903E-06
   163.6      0.3772E-06
   163.7      0.3643E-06
   163.8      0.3515E-06
   163.9      0.3389E-06
   164.0      0.3265E-06
   164.1      0.3144E-06
   164.2      0.3025E-06
   164.3      0.2909E-06
   164.4      0.2795E-06
   164.5      0.2685E-06
   164.6      0.2578E-06
   164.7      0.2475E-06
   164.8      0.2376E-06
   164.9      0.2281E-06
   165.0      0.2190E-06
   165.1      0.2103E-06
   165.2      0.2021E-06
   165.3      0.1943E-06
   165.4      0.1870E-06
   165.5      0.1803E-06
   165.6      0.1740E-06
   165.7      0.1683E-06
   165.8      0.1630E-06
   165.9      0.1584E-06
   166.0      0.1542E-06
   166.1      0.1506E-06
   166.2      0.1476E-06
   166.3      0.1451E-06
   166.4      0.1432E-06
   166.5      0.1418E-06
   166.6      0.1410E-06
   166.7      0.1407E-06
   166.8      0.1409E-06
   166.9      0.1417E-06
   167.0      0.1431E-06
   167.1      0.1449E-06
   167.2      0.1473E-06
   167.3      0.1502E-06
   167.4      0.1536E-06
   167.5      0.1575E-06
   167.6      0.1618E-06
   167.7      0.1666E-06
   167.8      0.1719E-06
   167.9      0.1776E-06
   168.0      0.1837E-06
   168.1      0.1902E-06
   168.2      0.1972E-06
   168.3      0.2045E-06
   168.4      0.2122E-06
   168.5      0.2203E-06
   168.6      0.2287E-06
   168.7      0.2375E-06
   168.8      0.2466E-06
   168.9      0.2560E-06
   169.0      0.2658E-06
   169.1      0.2758E-06
   169.2      0.2862E-06
   169.3      0.2968E-06
   169.4      0.3077E-06
   169.5      0.3189E-06
   169.6      0.3304E-06
   169.7      0.3421E-06
   169.8      0.3542E-06
   169.9      0.3664E-06
   170.0      0.3790E-06
   170.1      0.3918E-06
   170.2      0.4048E-06
   170.3      0.4181E-06
   170.4      0.4317E-06
   170.5      0.4455E-06
   170.6      0.4596E-06
   170.7      0.4739E-06
   170.8      0.4885E-06
   170.9      0.5033E-06
   171.0      0.5183E-06
   171.1      0.5336E-06
   171.2      0.5492E-06
   171.3      0.5650E-06
   171.4      0.5810E-06
   171.5      0.5972E-06
   171.6      0.6137E-06
   171.7      0.6303E-06
   171.8      0.6472E-06
   171.9      0.6643E-06
   172.0      0.6815E-06
   172.1      0.6989E-06
   172.2      0.7165E-06
   172.3      0.7342E-06
   172.4      0.7520E-06
   172.5      0.7700E-06
   172.6      0.7880E-06
   172.7      0.8060E-06
   172.8      0.8241E-06
   172.9      0.8422E-06
   173.0      0.8603E-06
   173.1      0.8784E-06
   173.2      0.8963E-06
   173.3      0.9142E-06
   173.4      0.9319E-06
   173.5      0.9495E-06
   173.6      0.9668E-06
   173.7      0.9840E-06
   173.8      0.1001E-05
   173.9      0.1017E-05
   174.0      0.1034E-05
   174.1      0.1049E-05
   174.2      0.1065E-05
   174.3      0.1080E-05
   174.4      0.1095E-05
   174.5      0.1109E-05
   174.6      0.1122E-05
   174.7      0.1135E-05
   174.8      0.1147E-05
   174.9      0.1159E-05
   175.0      0.1170E-05
   175.1      0.1181E-05
   175.2      0.1191E-05
   175.3      0.1200E-05
   175.4      0.1208E-05
   175.5      0.1216E-05
   175.6      0.1223E-05
   175.7      0.1229E-05
   175.8      0.1235E-05
   175.9      0.1239E-05
   176.0      0.1243E-05
   176.1      0.1247E-05
   176.2      0.1249E-05
   176.3      0.1251E-05
   176.4      0.1252E-05
   176.5      0.1252E-05
   176.6      0.1252E-05
   176.7      0.1251E-05
   176.8      0.1250E-05
   176.9      0.1248E-05
   177.0      0.1245E-05
   177.1      0.1242E-05
   177.2      0.1239E-05
   177.3      0.1235E-05
   177.4      0.1230E-05
   177.5      0.1225E-05
   177.6      0.1220E-05
   177.7      0.1215E-05
   177.8      0.1209E-05
   177.9      0.1204E-05
   178.0      0.1198E-05
   178.1      0.1192E-05
   178.2      0.1186E-05
   178.3      0.1180E-05
   178.4      0.1174E-05
   178.5      0.1168E-05
   178.6      0.1162E-05
   178.7      0.1157E-05
   178.8      0.1152E-05
   178.9      0.1147E-05
   179.0      0.1142E-05
   179.1      0.1137E-05
   179.2      0.1133E-05
   179.3      0.1130E-05
   179.4      0.1127E-05
   179.5      0.1124E-05
   179.6      0.1122E-05
   179.7      0.1120E-05
   179.8      0.1119E-05
   179.9      0.1118E-05
   180.0      0.1118E-05
 END
