#1801 angles,  1 tensor ranks for 0=projectile
@subtitle   "12C(7Li,6Li)13C @ Ed=42 MeV;"                                                  
@legend ON
@legend x1 0.2
@legend y1 0.8
@g0 type LOGY
@yaxis ticklabel format power
@legend string   0 "Lab energy =   42.0000"
#legend string   0 "Partition=  1 Excit=  1 near/far= 1"
#  Theta       sigma       iT11        T20         T21         T22         Kyy for projectile
  0.1000E-01  0.1031E+17
  0.1000      0.1031E+13
  0.2000      0.6438E+11
  0.3000      0.1270E+11
  0.4000      0.4015E+10
  0.5000      0.1646E+10
  0.6000      0.7958E+09
  0.7000      0.4313E+09
  0.8000      0.2541E+09
  0.9000      0.1595E+09
   1.000      0.1053E+09
   1.100      0.7229E+08
   1.200      0.5129E+08
   1.300      0.3738E+08
   1.400      0.2787E+08
   1.500      0.2118E+08
   1.600      0.1637E+08
   1.700      0.1283E+08
   1.800      0.1018E+08
   1.900      0.8164E+07
   2.000      0.6611E+07
   2.100      0.5400E+07
   2.200      0.4445E+07
   2.300      0.3684E+07
   2.400      0.3072E+07
   2.500      0.2577E+07
   2.600      0.2173E+07
   2.700      0.1841E+07
   2.800      0.1567E+07
   2.900      0.1339E+07
   3.000      0.1149E+07
   3.100      0.9901E+06
   3.200      0.8560E+06
   3.300      0.7426E+06
   3.400      0.6463E+06
   3.500      0.5644E+06
   3.600      0.4944E+06
   3.700      0.4345E+06
   3.800      0.3829E+06
   3.900      0.3386E+06
   4.000      0.3002E+06
   4.100      0.2670E+06
   4.200      0.2382E+06
   4.300      0.2131E+06
   4.400      0.1913E+06
   4.500      0.1722E+06
   4.600      0.1554E+06
   4.700      0.1407E+06
   4.800      0.1278E+06
   4.900      0.1164E+06
   5.000      0.1063E+06
   5.100      0.9742E+05
   5.200      0.8950E+05
   5.300      0.8246E+05
   5.400      0.7618E+05
   5.500      0.7057E+05
   5.600      0.6553E+05
   5.700      0.6101E+05
   5.800      0.5694E+05
   5.900      0.5325E+05
   6.000      0.4992E+05
   6.100      0.4689E+05
   6.200      0.4413E+05
   6.300      0.4161E+05
   6.400      0.3929E+05
   6.500      0.3717E+05
   6.600      0.3521E+05
   6.700      0.3340E+05
   6.800      0.3171E+05
   6.900      0.3015E+05
   7.000      0.2869E+05
   7.100      0.2733E+05
   7.200      0.2605E+05
   7.300      0.2485E+05
   7.400      0.2371E+05
   7.500      0.2264E+05
   7.600      0.2163E+05
   7.700      0.2067E+05
   7.800      0.1976E+05
   7.900      0.1889E+05
   8.000      0.1806E+05
   8.100      0.1726E+05
   8.200      0.1651E+05
   8.300      0.1578E+05
   8.400      0.1508E+05
   8.500      0.1442E+05
   8.600      0.1378E+05
   8.700      0.1316E+05
   8.800      0.1257E+05
   8.900      0.1200E+05
   9.000      0.1145E+05
   9.100      0.1093E+05
   9.200      0.1042E+05
   9.300       9932.    
   9.400       9462.    
   9.500       9010.    
   9.600       8575.    
   9.700       8156.    
   9.800       7753.    
   9.900       7365.    
   10.00       6992.    
   10.10       6634.    
   10.20       6289.    
   10.30       5959.    
   10.40       5641.    
   10.50       5337.    
   10.60       5045.    
   10.70       4765.    
   10.80       4498.    
   10.90       4241.    
   11.00       3996.    
   11.10       3762.    
   11.20       3539.    
   11.30       3326.    
   11.40       3123.    
   11.50       2930.    
   11.60       2746.    
   11.70       2571.    
   11.80       2405.    
   11.90       2248.    
   12.00       2099.    
   12.10       1958.    
   12.20       1825.    
   12.30       1700.    
   12.40       1581.    
   12.50       1470.    
   12.60       1365.    
   12.70       1267.    
   12.80       1175.    
   12.90       1089.    
   13.00       1009.    
   13.10       933.8    
   13.20       864.2    
   13.30       799.6    
   13.40       739.7    
   13.50       684.4    
   13.60       633.5    
   13.70       586.7    
   13.80       543.8    
   13.90       504.6    
   14.00       469.0    
   14.10       436.7    
   14.20       407.6    
   14.30       381.4    
   14.40       358.0    
   14.50       337.2    
   14.60       318.9    
   14.70       302.9    
   14.80       289.0    
   14.90       277.0    
   15.00       267.0    
   15.10       258.6    
   15.20       251.8    
   15.30       246.5    
   15.40       242.5    
   15.50       239.6    
   15.60       237.9    
   15.70       237.2    
   15.80       237.3    
   15.90       238.2    
   16.00       239.8    
   16.10       242.0    
   16.20       244.7    
   16.30       247.9    
   16.40       251.4    
   16.50       255.2    
   16.60       259.3    
   16.70       263.5    
   16.80       267.8    
   16.90       272.2    
   17.00       276.6    
   17.10       280.9    
   17.20       285.2    
   17.30       289.4    
   17.40       293.4    
   17.50       297.2    
   17.60       300.8    
   17.70       304.2    
   17.80       307.3    
   17.90       310.1    
   18.00       312.7    
   18.10       314.9    
   18.20       316.8    
   18.30       318.3    
   18.40       319.5    
   18.50       320.4    
   18.60       320.9    
   18.70       321.0    
   18.80       320.8    
   18.90       320.2    
   19.00       319.3    
   19.10       318.0    
   19.20       316.4    
   19.30       314.4    
   19.40       312.1    
   19.50       309.5    
   19.60       306.6    
   19.70       303.3    
   19.80       299.8    
   19.90       296.0    
   20.00       291.9    
   20.10       287.6    
   20.20       283.0    
   20.30       278.3    
   20.40       273.3    
   20.50       268.1    
   20.60       262.7    
   20.70       257.1    
   20.80       251.4    
   20.90       245.6    
   21.00       239.6    
   21.10       233.5    
   21.20       227.3    
   21.30       221.1    
   21.40       214.7    
   21.50       208.4    
   21.60       201.9    
   21.70       195.5    
   21.80       189.0    
   21.90       182.6    
   22.00       176.1    
   22.10       169.7    
   22.20       163.3    
   22.30       156.9    
   22.40       150.6    
   22.50       144.4    
   22.60       138.3    
   22.70       132.2    
   22.80       126.2    
   22.90       120.3    
   23.00       114.6    
   23.10       108.9    
   23.20       103.4    
   23.30       97.94    
   23.40       92.66    
   23.50       87.52    
   23.60       82.52    
   23.70       77.67    
   23.80       72.97    
   23.90       68.42    
   24.00       64.02    
   24.10       59.78    
   24.20       55.70    
   24.30       51.78    
   24.40       48.02    
   24.50       44.43    
   24.60       40.99    
   24.70       37.72    
   24.80       34.61    
   24.90       31.66    
   25.00       28.87    
   25.10       26.23    
   25.20       23.75    
   25.30       21.42    
   25.40       19.25    
   25.50       17.22    
   25.60       15.34    
   25.70       13.60    
   25.80       12.00    
   25.90       10.53    
   26.00       9.197    
   26.10       7.991    
   26.20       6.909    
   26.30       5.947    
   26.40       5.101    
   26.50       4.366    
   26.60       3.739    
   26.70       3.215    
   26.80       2.788    
   26.90       2.456    
   27.00       2.213    
   27.10       2.055    
   27.20       1.977    
   27.30       1.975    
   27.40       2.044    
   27.50       2.180    
   27.60       2.378    
   27.70       2.634    
   27.80       2.943    
   27.90       3.302    
   28.00       3.705    
   28.10       4.150    
   28.20       4.631    
   28.30       5.145    
   28.40       5.688    
   28.50       6.257    
   28.60       6.847    
   28.70       7.455    
   28.80       8.077    
   28.90       8.711    
   29.00       9.354    
   29.10       10.00    
   29.20       10.65    
   29.30       11.30    
   29.40       11.94    
   29.50       12.58    
   29.60       13.22    
   29.70       13.84    
   29.80       14.45    
   29.90       15.04    
   30.00       15.62    
   30.10       16.18    
   30.20       16.72    
   30.30       17.24    
   30.40       17.73    
   30.50       18.20    
   30.60       18.65    
   30.70       19.07    
   30.80       19.47    
   30.90       19.84    
   31.00       20.18    
   31.10       20.49    
   31.20       20.77    
   31.30       21.02    
   31.40       21.25    
   31.50       21.44    
   31.60       21.61    
   31.70       21.74    
   31.80       21.85    
   31.90       21.92    
   32.00       21.97    
   32.10       21.99    
   32.20       21.98    
   32.30       21.95    
   32.40       21.89    
   32.50       21.80    
   32.60       21.68    
   32.70       21.54    
   32.80       21.38    
   32.90       21.20    
   33.00       20.99    
   33.10       20.76    
   33.20       20.51    
   33.30       20.24    
   33.40       19.95    
   33.50       19.64    
   33.60       19.32    
   33.70       18.98    
   33.80       18.63    
   33.90       18.27    
   34.00       17.89    
   34.10       17.50    
   34.20       17.10    
   34.30       16.69    
   34.40       16.27    
   34.50       15.85    
   34.60       15.42    
   34.70       14.98    
   34.80       14.54    
   34.90       14.09    
   35.00       13.65    
   35.10       13.20    
   35.20       12.75    
   35.30       12.30    
   35.40       11.85    
   35.50       11.41    
   35.60       10.96    
   35.70       10.52    
   35.80       10.08    
   35.90       9.652    
   36.00       9.225    
   36.10       8.804    
   36.20       8.389    
   36.30       7.982    
   36.40       7.582    
   36.50       7.190    
   36.60       6.806    
   36.70       6.432    
   36.80       6.067    
   36.90       5.711    
   37.00       5.366    
   37.10       5.031    
   37.20       4.706    
   37.30       4.392    
   37.40       4.089    
   37.50       3.797    
   37.60       3.517    
   37.70       3.248    
   37.80       2.990    
   37.90       2.744    
   38.00       2.509    
   38.10       2.286    
   38.20       2.074    
   38.30       1.874    
   38.40       1.686    
   38.50       1.508    
   38.60       1.342    
   38.70       1.187    
   38.80       1.042    
   38.90      0.9087    
   39.00      0.7856    
   39.10      0.6730    
   39.20      0.5704    
   39.30      0.4778    
   39.40      0.3948    
   39.50      0.3212    
   39.60      0.2567    
   39.70      0.2011    
   39.80      0.1541    
   39.90      0.1153    
   40.00      0.8457E-01
   40.10      0.6148E-01
   40.20      0.4576E-01
   40.30      0.3708E-01
   40.40      0.3514E-01
   40.50      0.3960E-01
   40.60      0.5015E-01
   40.70      0.6647E-01
   40.80      0.8822E-01
   40.90      0.1151    
   41.00      0.1467    
   41.10      0.1829    
   41.20      0.2231    
   41.30      0.2672    
   41.40      0.3149    
   41.50      0.3657    
   41.60      0.4195    
   41.70      0.4759    
   41.80      0.5345    
   41.90      0.5953    
   42.00      0.6578    
   42.10      0.7217    
   42.20      0.7869    
   42.30      0.8531    
   42.40      0.9199    
   42.50      0.9872    
   42.60       1.055    
   42.70       1.122    
   42.80       1.190    
   42.90       1.257    
   43.00       1.323    
   43.10       1.388    
   43.20       1.453    
   43.30       1.516    
   43.40       1.578    
   43.50       1.639    
   43.60       1.698    
   43.70       1.755    
   43.80       1.810    
   43.90       1.864    
   44.00       1.915    
   44.10       1.964    
   44.20       2.011    
   44.30       2.055    
   44.40       2.097    
   44.50       2.137    
   44.60       2.173    
   44.70       2.208    
   44.80       2.239    
   44.90       2.268    
   45.00       2.294    
   45.10       2.318    
   45.20       2.339    
   45.30       2.357    
   45.40       2.372    
   45.50       2.385    
   45.60       2.395    
   45.70       2.402    
   45.80       2.406    
   45.90       2.408    
   46.00       2.408    
   46.10       2.405    
   46.20       2.399    
   46.30       2.391    
   46.40       2.380    
   46.50       2.368    
   46.60       2.353    
   46.70       2.335    
   46.80       2.316    
   46.90       2.295    
   47.00       2.271    
   47.10       2.246    
   47.20       2.219    
   47.30       2.190    
   47.40       2.160    
   47.50       2.128    
   47.60       2.094    
   47.70       2.059    
   47.80       2.023    
   47.90       1.986    
   48.00       1.947    
   48.10       1.908    
   48.20       1.867    
   48.30       1.826    
   48.40       1.784    
   48.50       1.741    
   48.60       1.698    
   48.70       1.654    
   48.80       1.609    
   48.90       1.565    
   49.00       1.520    
   49.10       1.475    
   49.20       1.429    
   49.30       1.384    
   49.40       1.339    
   49.50       1.294    
   49.60       1.249    
   49.70       1.204    
   49.80       1.160    
   49.90       1.116    
   50.00       1.072    
   50.10       1.029    
   50.20      0.9866    
   50.30      0.9447    
   50.40      0.9035    
   50.50      0.8630    
   50.60      0.8233    
   50.70      0.7844    
   50.80      0.7463    
   50.90      0.7091    
   51.00      0.6728    
   51.10      0.6375    
   51.20      0.6031    
   51.30      0.5698    
   51.40      0.5374    
   51.50      0.5062    
   51.60      0.4759    
   51.70      0.4468    
   51.80      0.4188    
   51.90      0.3919    
   52.00      0.3661    
   52.10      0.3414    
   52.20      0.3178    
   52.30      0.2954    
   52.40      0.2741    
   52.50      0.2539    
   52.60      0.2349    
   52.70      0.2169    
   52.80      0.2001    
   52.90      0.1843    
   53.00      0.1697    
   53.10      0.1561    
   53.20      0.1435    
   53.30      0.1320    
   53.40      0.1215    
   53.50      0.1120    
   53.60      0.1035    
   53.70      0.9592E-01
   53.80      0.8926E-01
   53.90      0.8350E-01
   54.00      0.7861E-01
   54.10      0.7457E-01
   54.20      0.7134E-01
   54.30      0.6890E-01
   54.40      0.6723E-01
   54.50      0.6628E-01
   54.60      0.6603E-01
   54.70      0.6645E-01
   54.80      0.6751E-01
   54.90      0.6917E-01
   55.00      0.7141E-01
   55.10      0.7419E-01
   55.20      0.7748E-01
   55.30      0.8125E-01
   55.40      0.8547E-01
   55.50      0.9011E-01
   55.60      0.9513E-01
   55.70      0.1005    
   55.80      0.1062    
   55.90      0.1122    
   56.00      0.1184    
   56.10      0.1249    
   56.20      0.1316    
   56.30      0.1385    
   56.40      0.1455    
   56.50      0.1527    
   56.60      0.1599    
   56.70      0.1672    
   56.80      0.1746    
   56.90      0.1820    
   57.00      0.1894    
   57.10      0.1967    
   57.20      0.2040    
   57.30      0.2113    
   57.40      0.2185    
   57.50      0.2255    
   57.60      0.2325    
   57.70      0.2393    
   57.80      0.2460    
   57.90      0.2525    
   58.00      0.2588    
   58.10      0.2649    
   58.20      0.2708    
   58.30      0.2765    
   58.40      0.2819    
   58.50      0.2871    
   58.60      0.2921    
   58.70      0.2968    
   58.80      0.3013    
   58.90      0.3054    
   59.00      0.3094    
   59.10      0.3130    
   59.20      0.3163    
   59.30      0.3194    
   59.40      0.3221    
   59.50      0.3246    
   59.60      0.3268    
   59.70      0.3287    
   59.80      0.3303    
   59.90      0.3316    
   60.00      0.3326    
   60.10      0.3333    
   60.20      0.3338    
   60.30      0.3339    
   60.40      0.3338    
   60.50      0.3334    
   60.60      0.3328    
   60.70      0.3318    
   60.80      0.3307    
   60.90      0.3292    
   61.00      0.3276    
   61.10      0.3256    
   61.20      0.3235    
   61.30      0.3211    
   61.40      0.3185    
   61.50      0.3157    
   61.60      0.3127    
   61.70      0.3095    
   61.80      0.3061    
   61.90      0.3025    
   62.00      0.2988    
   62.10      0.2949    
   62.20      0.2909    
   62.30      0.2867    
   62.40      0.2823    
   62.50      0.2779    
   62.60      0.2733    
   62.70      0.2686    
   62.80      0.2638    
   62.90      0.2589    
   63.00      0.2539    
   63.10      0.2489    
   63.20      0.2437    
   63.30      0.2386    
   63.40      0.2333    
   63.50      0.2281    
   63.60      0.2227    
   63.70      0.2174    
   63.80      0.2120    
   63.90      0.2067    
   64.00      0.2013    
   64.10      0.1959    
   64.20      0.1905    
   64.30      0.1852    
   64.40      0.1799    
   64.50      0.1745    
   64.60      0.1693    
   64.70      0.1640    
   64.80      0.1589    
   64.90      0.1537    
   65.00      0.1486    
   65.10      0.1436    
   65.20      0.1387    
   65.30      0.1338    
   65.40      0.1290    
   65.50      0.1243    
   65.60      0.1196    
   65.70      0.1151    
   65.80      0.1106    
   65.90      0.1063    
   66.00      0.1020    
   66.10      0.9786E-01
   66.20      0.9381E-01
   66.30      0.8985E-01
   66.40      0.8601E-01
   66.50      0.8228E-01
   66.60      0.7867E-01
   66.70      0.7516E-01
   66.80      0.7177E-01
   66.90      0.6850E-01
   67.00      0.6535E-01
   67.10      0.6232E-01
   67.20      0.5940E-01
   67.30      0.5661E-01
   67.40      0.5393E-01
   67.50      0.5138E-01
   67.60      0.4894E-01
   67.70      0.4663E-01
   67.80      0.4443E-01
   67.90      0.4236E-01
   68.00      0.4040E-01
   68.10      0.3856E-01
   68.20      0.3683E-01
   68.30      0.3521E-01
   68.40      0.3371E-01
   68.50      0.3233E-01
   68.60      0.3105E-01
   68.70      0.2987E-01
   68.80      0.2881E-01
   68.90      0.2784E-01
   69.00      0.2698E-01
   69.10      0.2622E-01
   69.20      0.2555E-01
   69.30      0.2498E-01
   69.40      0.2450E-01
   69.50      0.2411E-01
   69.60      0.2380E-01
   69.70      0.2358E-01
   69.80      0.2344E-01
   69.90      0.2337E-01
   70.00      0.2338E-01
   70.10      0.2346E-01
   70.20      0.2361E-01
   70.30      0.2382E-01
   70.40      0.2409E-01
   70.50      0.2442E-01
   70.60      0.2481E-01
   70.70      0.2525E-01
   70.80      0.2574E-01
   70.90      0.2627E-01
   71.00      0.2684E-01
   71.10      0.2746E-01
   71.20      0.2811E-01
   71.30      0.2879E-01
   71.40      0.2950E-01
   71.50      0.3024E-01
   71.60      0.3100E-01
   71.70      0.3178E-01
   71.80      0.3258E-01
   71.90      0.3339E-01
   72.00      0.3422E-01
   72.10      0.3505E-01
   72.20      0.3589E-01
   72.30      0.3673E-01
   72.40      0.3757E-01
   72.50      0.3841E-01
   72.60      0.3925E-01
   72.70      0.4008E-01
   72.80      0.4090E-01
   72.90      0.4171E-01
   73.00      0.4250E-01
   73.10      0.4328E-01
   73.20      0.4404E-01
   73.30      0.4479E-01
   73.40      0.4551E-01
   73.50      0.4621E-01
   73.60      0.4688E-01
   73.70      0.4753E-01
   73.80      0.4815E-01
   73.90      0.4875E-01
   74.00      0.4931E-01
   74.10      0.4985E-01
   74.20      0.5035E-01
   74.30      0.5082E-01
   74.40      0.5126E-01
   74.50      0.5167E-01
   74.60      0.5204E-01
   74.70      0.5237E-01
   74.80      0.5268E-01
   74.90      0.5294E-01
   75.00      0.5317E-01
   75.10      0.5337E-01
   75.20      0.5352E-01
   75.30      0.5365E-01
   75.40      0.5373E-01
   75.50      0.5379E-01
   75.60      0.5380E-01
   75.70      0.5378E-01
   75.80      0.5373E-01
   75.90      0.5364E-01
   76.00      0.5352E-01
   76.10      0.5337E-01
   76.20      0.5318E-01
   76.30      0.5297E-01
   76.40      0.5272E-01
   76.50      0.5244E-01
   76.60      0.5213E-01
   76.70      0.5179E-01
   76.80      0.5143E-01
   76.90      0.5103E-01
   77.00      0.5061E-01
   77.10      0.5017E-01
   77.20      0.4970E-01
   77.30      0.4921E-01
   77.40      0.4870E-01
   77.50      0.4816E-01
   77.60      0.4761E-01
   77.70      0.4703E-01
   77.80      0.4644E-01
   77.90      0.4583E-01
   78.00      0.4520E-01
   78.10      0.4456E-01
   78.20      0.4391E-01
   78.30      0.4324E-01
   78.40      0.4256E-01
   78.50      0.4187E-01
   78.60      0.4117E-01
   78.70      0.4046E-01
   78.80      0.3975E-01
   78.90      0.3902E-01
   79.00      0.3829E-01
   79.10      0.3756E-01
   79.20      0.3682E-01
   79.30      0.3608E-01
   79.40      0.3533E-01
   79.50      0.3459E-01
   79.60      0.3384E-01
   79.70      0.3310E-01
   79.80      0.3235E-01
   79.90      0.3161E-01
   80.00      0.3087E-01
   80.10      0.3013E-01
   80.20      0.2940E-01
   80.30      0.2867E-01
   80.40      0.2795E-01
   80.50      0.2723E-01
   80.60      0.2652E-01
   80.70      0.2582E-01
   80.80      0.2512E-01
   80.90      0.2444E-01
   81.00      0.2376E-01
   81.10      0.2309E-01
   81.20      0.2243E-01
   81.30      0.2178E-01
   81.40      0.2115E-01
   81.50      0.2052E-01
   81.60      0.1990E-01
   81.70      0.1930E-01
   81.80      0.1871E-01
   81.90      0.1813E-01
   82.00      0.1756E-01
   82.10      0.1700E-01
   82.20      0.1646E-01
   82.30      0.1593E-01
   82.40      0.1542E-01
   82.50      0.1492E-01
   82.60      0.1443E-01
   82.70      0.1396E-01
   82.80      0.1350E-01
   82.90      0.1305E-01
   83.00      0.1262E-01
   83.10      0.1220E-01
   83.20      0.1180E-01
   83.30      0.1141E-01
   83.40      0.1103E-01
   83.50      0.1067E-01
   83.60      0.1033E-01
   83.70      0.9995E-02
   83.80      0.9677E-02
   83.90      0.9373E-02
   84.00      0.9082E-02
   84.10      0.8806E-02
   84.20      0.8543E-02
   84.30      0.8294E-02
   84.40      0.8058E-02
   84.50      0.7835E-02
   84.60      0.7626E-02
   84.70      0.7429E-02
   84.80      0.7246E-02
   84.90      0.7075E-02
   85.00      0.6916E-02
   85.10      0.6769E-02
   85.20      0.6634E-02
   85.30      0.6511E-02
   85.40      0.6400E-02
   85.50      0.6299E-02
   85.60      0.6210E-02
   85.70      0.6131E-02
   85.80      0.6063E-02
   85.90      0.6004E-02
   86.00      0.5956E-02
   86.10      0.5917E-02
   86.20      0.5887E-02
   86.30      0.5866E-02
   86.40      0.5854E-02
   86.50      0.5850E-02
   86.60      0.5854E-02
   86.70      0.5866E-02
   86.80      0.5885E-02
   86.90      0.5911E-02
   87.00      0.5943E-02
   87.10      0.5982E-02
   87.20      0.6027E-02
   87.30      0.6077E-02
   87.40      0.6133E-02
   87.50      0.6194E-02
   87.60      0.6259E-02
   87.70      0.6329E-02
   87.80      0.6402E-02
   87.90      0.6479E-02
   88.00      0.6559E-02
   88.10      0.6642E-02
   88.20      0.6728E-02
   88.30      0.6816E-02
   88.40      0.6905E-02
   88.50      0.6996E-02
   88.60      0.7089E-02
   88.70      0.7182E-02
   88.80      0.7276E-02
   88.90      0.7370E-02
   89.00      0.7464E-02
   89.10      0.7558E-02
   89.20      0.7651E-02
   89.30      0.7743E-02
   89.40      0.7834E-02
   89.50      0.7924E-02
   89.60      0.8011E-02
   89.70      0.8097E-02
   89.80      0.8181E-02
   89.90      0.8262E-02
   90.00      0.8341E-02
   90.10      0.8416E-02
   90.20      0.8489E-02
   90.30      0.8558E-02
   90.40      0.8624E-02
   90.50      0.8687E-02
   90.60      0.8745E-02
   90.70      0.8800E-02
   90.80      0.8851E-02
   90.90      0.8897E-02
   91.00      0.8939E-02
   91.10      0.8977E-02
   91.20      0.9011E-02
   91.30      0.9040E-02
   91.40      0.9064E-02
   91.50      0.9084E-02
   91.60      0.9099E-02
   91.70      0.9109E-02
   91.80      0.9115E-02
   91.90      0.9116E-02
   92.00      0.9112E-02
   92.10      0.9104E-02
   92.20      0.9090E-02
   92.30      0.9073E-02
   92.40      0.9050E-02
   92.50      0.9024E-02
   92.60      0.8992E-02
   92.70      0.8957E-02
   92.80      0.8917E-02
   92.90      0.8873E-02
   93.00      0.8825E-02
   93.10      0.8773E-02
   93.20      0.8717E-02
   93.30      0.8657E-02
   93.40      0.8593E-02
   93.50      0.8526E-02
   93.60      0.8456E-02
   93.70      0.8383E-02
   93.80      0.8306E-02
   93.90      0.8226E-02
   94.00      0.8144E-02
   94.10      0.8059E-02
   94.20      0.7971E-02
   94.30      0.7881E-02
   94.40      0.7789E-02
   94.50      0.7695E-02
   94.60      0.7599E-02
   94.70      0.7501E-02
   94.80      0.7401E-02
   94.90      0.7300E-02
   95.00      0.7198E-02
   95.10      0.7094E-02
   95.20      0.6990E-02
   95.30      0.6884E-02
   95.40      0.6778E-02
   95.50      0.6671E-02
   95.60      0.6563E-02
   95.70      0.6456E-02
   95.80      0.6347E-02
   95.90      0.6239E-02
   96.00      0.6131E-02
   96.10      0.6023E-02
   96.20      0.5914E-02
   96.30      0.5807E-02
   96.40      0.5699E-02
   96.50      0.5592E-02
   96.60      0.5485E-02
   96.70      0.5380E-02
   96.80      0.5274E-02
   96.90      0.5170E-02
   97.00      0.5066E-02
   97.10      0.4963E-02
   97.20      0.4861E-02
   97.30      0.4761E-02
   97.40      0.4661E-02
   97.50      0.4562E-02
   97.60      0.4465E-02
   97.70      0.4368E-02
   97.80      0.4273E-02
   97.90      0.4179E-02
   98.00      0.4087E-02
   98.10      0.3996E-02
   98.20      0.3906E-02
   98.30      0.3817E-02
   98.40      0.3730E-02
   98.50      0.3645E-02
   98.60      0.3560E-02
   98.70      0.3478E-02
   98.80      0.3396E-02
   98.90      0.3317E-02
   99.00      0.3238E-02
   99.10      0.3161E-02
   99.20      0.3086E-02
   99.30      0.3012E-02
   99.40      0.2940E-02
   99.50      0.2869E-02
   99.60      0.2800E-02
   99.70      0.2733E-02
   99.80      0.2667E-02
   99.90      0.2602E-02
   100.0      0.2539E-02
   100.1      0.2478E-02
   100.2      0.2418E-02
   100.3      0.2360E-02
   100.4      0.2303E-02
   100.5      0.2248E-02
   100.6      0.2195E-02
   100.7      0.2143E-02
   100.8      0.2092E-02
   100.9      0.2043E-02
   101.0      0.1996E-02
   101.1      0.1951E-02
   101.2      0.1906E-02
   101.3      0.1864E-02
   101.4      0.1823E-02
   101.5      0.1784E-02
   101.6      0.1746E-02
   101.7      0.1709E-02
   101.8      0.1675E-02
   101.9      0.1641E-02
   102.0      0.1610E-02
   102.1      0.1580E-02
   102.2      0.1551E-02
   102.3      0.1524E-02
   102.4      0.1498E-02
   102.5      0.1474E-02
   102.6      0.1452E-02
   102.7      0.1431E-02
   102.8      0.1411E-02
   102.9      0.1393E-02
   103.0      0.1376E-02
   103.1      0.1361E-02
   103.2      0.1347E-02
   103.3      0.1334E-02
   103.4      0.1323E-02
   103.5      0.1313E-02
   103.6      0.1305E-02
   103.7      0.1297E-02
   103.8      0.1292E-02
   103.9      0.1287E-02
   104.0      0.1283E-02
   104.1      0.1281E-02
   104.2      0.1280E-02
   104.3      0.1280E-02
   104.4      0.1281E-02
   104.5      0.1284E-02
   104.6      0.1287E-02
   104.7      0.1291E-02
   104.8      0.1296E-02
   104.9      0.1303E-02
   105.0      0.1310E-02
   105.1      0.1318E-02
   105.2      0.1326E-02
   105.3      0.1336E-02
   105.4      0.1346E-02
   105.5      0.1357E-02
   105.6      0.1368E-02
   105.7      0.1381E-02
   105.8      0.1393E-02
   105.9      0.1406E-02
   106.0      0.1420E-02
   106.1      0.1434E-02
   106.2      0.1448E-02
   106.3      0.1462E-02
   106.4      0.1477E-02
   106.5      0.1492E-02
   106.6      0.1507E-02
   106.7      0.1522E-02
   106.8      0.1537E-02
   106.9      0.1552E-02
   107.0      0.1567E-02
   107.1      0.1582E-02
   107.2      0.1596E-02
   107.3      0.1611E-02
   107.4      0.1625E-02
   107.5      0.1638E-02
   107.6      0.1652E-02
   107.7      0.1664E-02
   107.8      0.1677E-02
   107.9      0.1688E-02
   108.0      0.1700E-02
   108.1      0.1710E-02
   108.2      0.1720E-02
   108.3      0.1729E-02
   108.4      0.1738E-02
   108.5      0.1745E-02
   108.6      0.1752E-02
   108.7      0.1758E-02
   108.8      0.1763E-02
   108.9      0.1768E-02
   109.0      0.1771E-02
   109.1      0.1773E-02
   109.2      0.1775E-02
   109.3      0.1775E-02
   109.4      0.1775E-02
   109.5      0.1774E-02
   109.6      0.1771E-02
   109.7      0.1768E-02
   109.8      0.1764E-02
   109.9      0.1759E-02
   110.0      0.1752E-02
   110.1      0.1745E-02
   110.2      0.1737E-02
   110.3      0.1728E-02
   110.4      0.1719E-02
   110.5      0.1708E-02
   110.6      0.1696E-02
   110.7      0.1684E-02
   110.8      0.1671E-02
   110.9      0.1657E-02
   111.0      0.1642E-02
   111.1      0.1627E-02
   111.2      0.1611E-02
   111.3      0.1594E-02
   111.4      0.1577E-02
   111.5      0.1559E-02
   111.6      0.1541E-02
   111.7      0.1522E-02
   111.8      0.1503E-02
   111.9      0.1484E-02
   112.0      0.1464E-02
   112.1      0.1444E-02
   112.2      0.1423E-02
   112.3      0.1403E-02
   112.4      0.1382E-02
   112.5      0.1361E-02
   112.6      0.1340E-02
   112.7      0.1319E-02
   112.8      0.1298E-02
   112.9      0.1277E-02
   113.0      0.1256E-02
   113.1      0.1235E-02
   113.2      0.1215E-02
   113.3      0.1194E-02
   113.4      0.1174E-02
   113.5      0.1153E-02
   113.6      0.1133E-02
   113.7      0.1113E-02
   113.8      0.1094E-02
   113.9      0.1075E-02
   114.0      0.1056E-02
   114.1      0.1037E-02
   114.2      0.1019E-02
   114.3      0.1000E-02
   114.4      0.9827E-03
   114.5      0.9653E-03
   114.6      0.9482E-03
   114.7      0.9314E-03
   114.8      0.9149E-03
   114.9      0.8988E-03
   115.0      0.8829E-03
   115.1      0.8674E-03
   115.2      0.8521E-03
   115.3      0.8372E-03
   115.4      0.8225E-03
   115.5      0.8081E-03
   115.6      0.7940E-03
   115.7      0.7801E-03
   115.8      0.7664E-03
   115.9      0.7530E-03
   116.0      0.7397E-03
   116.1      0.7267E-03
   116.2      0.7138E-03
   116.3      0.7011E-03
   116.4      0.6885E-03
   116.5      0.6761E-03
   116.6      0.6638E-03
   116.7      0.6517E-03
   116.8      0.6396E-03
   116.9      0.6277E-03
   117.0      0.6158E-03
   117.1      0.6040E-03
   117.2      0.5923E-03
   117.3      0.5806E-03
   117.4      0.5691E-03
   117.5      0.5575E-03
   117.6      0.5461E-03
   117.7      0.5346E-03
   117.8      0.5233E-03
   117.9      0.5120E-03
   118.0      0.5007E-03
   118.1      0.4895E-03
   118.2      0.4784E-03
   118.3      0.4674E-03
   118.4      0.4564E-03
   118.5      0.4455E-03
   118.6      0.4347E-03
   118.7      0.4240E-03
   118.8      0.4134E-03
   118.9      0.4029E-03
   119.0      0.3926E-03
   119.1      0.3824E-03
   119.2      0.3723E-03
   119.3      0.3624E-03
   119.4      0.3527E-03
   119.5      0.3432E-03
   119.6      0.3339E-03
   119.7      0.3248E-03
   119.8      0.3160E-03
   119.9      0.3074E-03
   120.0      0.2990E-03
   120.1      0.2909E-03
   120.2      0.2831E-03
   120.3      0.2755E-03
   120.4      0.2683E-03
   120.5      0.2614E-03
   120.6      0.2548E-03
   120.7      0.2485E-03
   120.8      0.2425E-03
   120.9      0.2369E-03
   121.0      0.2317E-03
   121.1      0.2268E-03
   121.2      0.2222E-03
   121.3      0.2180E-03
   121.4      0.2142E-03
   121.5      0.2107E-03
   121.6      0.2077E-03
   121.7      0.2049E-03
   121.8      0.2026E-03
   121.9      0.2006E-03
   122.0      0.1990E-03
   122.1      0.1977E-03
   122.2      0.1968E-03
   122.3      0.1963E-03
   122.4      0.1961E-03
   122.5      0.1962E-03
   122.6      0.1967E-03
   122.7      0.1974E-03
   122.8      0.1985E-03
   122.9      0.1999E-03
   123.0      0.2016E-03
   123.1      0.2036E-03
   123.2      0.2058E-03
   123.3      0.2083E-03
   123.4      0.2111E-03
   123.5      0.2141E-03
   123.6      0.2173E-03
   123.7      0.2207E-03
   123.8      0.2243E-03
   123.9      0.2281E-03
   124.0      0.2320E-03
   124.1      0.2361E-03
   124.2      0.2403E-03
   124.3      0.2446E-03
   124.4      0.2491E-03
   124.5      0.2536E-03
   124.6      0.2582E-03
   124.7      0.2628E-03
   124.8      0.2675E-03
   124.9      0.2722E-03
   125.0      0.2769E-03
   125.1      0.2815E-03
   125.2      0.2862E-03
   125.3      0.2908E-03
   125.4      0.2954E-03
   125.5      0.2999E-03
   125.6      0.3043E-03
   125.7      0.3086E-03
   125.8      0.3128E-03
   125.9      0.3169E-03
   126.0      0.3208E-03
   126.1      0.3246E-03
   126.2      0.3282E-03
   126.3      0.3317E-03
   126.4      0.3349E-03
   126.5      0.3380E-03
   126.6      0.3409E-03
   126.7      0.3436E-03
   126.8      0.3460E-03
   126.9      0.3482E-03
   127.0      0.3502E-03
   127.1      0.3520E-03
   127.2      0.3536E-03
   127.3      0.3549E-03
   127.4      0.3559E-03
   127.5      0.3567E-03
   127.6      0.3573E-03
   127.7      0.3577E-03
   127.8      0.3578E-03
   127.9      0.3576E-03
   128.0      0.3573E-03
   128.1      0.3567E-03
   128.2      0.3559E-03
   128.3      0.3549E-03
   128.4      0.3537E-03
   128.5      0.3523E-03
   128.6      0.3507E-03
   128.7      0.3489E-03
   128.8      0.3470E-03
   128.9      0.3449E-03
   129.0      0.3426E-03
   129.1      0.3403E-03
   129.2      0.3378E-03
   129.3      0.3352E-03
   129.4      0.3326E-03
   129.5      0.3298E-03
   129.6      0.3270E-03
   129.7      0.3242E-03
   129.8      0.3213E-03
   129.9      0.3184E-03
   130.0      0.3155E-03
   130.1      0.3126E-03
   130.2      0.3097E-03
   130.3      0.3069E-03
   130.4      0.3041E-03
   130.5      0.3013E-03
   130.6      0.2987E-03
   130.7      0.2961E-03
   130.8      0.2935E-03
   130.9      0.2911E-03
   131.0      0.2888E-03
   131.1      0.2865E-03
   131.2      0.2844E-03
   131.3      0.2824E-03
   131.4      0.2805E-03
   131.5      0.2788E-03
   131.6      0.2771E-03
   131.7      0.2756E-03
   131.8      0.2741E-03
   131.9      0.2728E-03
   132.0      0.2716E-03
   132.1      0.2705E-03
   132.2      0.2695E-03
   132.3      0.2685E-03
   132.4      0.2677E-03
   132.5      0.2669E-03
   132.6      0.2662E-03
   132.7      0.2655E-03
   132.8      0.2648E-03
   132.9      0.2642E-03
   133.0      0.2636E-03
   133.1      0.2630E-03
   133.2      0.2623E-03
   133.3      0.2616E-03
   133.4      0.2609E-03
   133.5      0.2601E-03
   133.6      0.2593E-03
   133.7      0.2583E-03
   133.8      0.2573E-03
   133.9      0.2561E-03
   134.0      0.2549E-03
   134.1      0.2535E-03
   134.2      0.2519E-03
   134.3      0.2502E-03
   134.4      0.2483E-03
   134.5      0.2462E-03
   134.6      0.2440E-03
   134.7      0.2415E-03
   134.8      0.2389E-03
   134.9      0.2361E-03
   135.0      0.2331E-03
   135.1      0.2298E-03
   135.2      0.2264E-03
   135.3      0.2228E-03
   135.4      0.2189E-03
   135.5      0.2149E-03
   135.6      0.2107E-03
   135.7      0.2063E-03
   135.8      0.2018E-03
   135.9      0.1971E-03
   136.0      0.1922E-03
   136.1      0.1872E-03
   136.2      0.1820E-03
   136.3      0.1768E-03
   136.4      0.1714E-03
   136.5      0.1660E-03
   136.6      0.1604E-03
   136.7      0.1549E-03
   136.8      0.1492E-03
   136.9      0.1436E-03
   137.0      0.1379E-03
   137.1      0.1323E-03
   137.2      0.1267E-03
   137.3      0.1211E-03
   137.4      0.1156E-03
   137.5      0.1102E-03
   137.6      0.1048E-03
   137.7      0.9957E-04
   137.8      0.9445E-04
   137.9      0.8947E-04
   138.0      0.8464E-04
   138.1      0.7997E-04
   138.2      0.7548E-04
   138.3      0.7117E-04
   138.4      0.6705E-04
   138.5      0.6313E-04
   138.6      0.5942E-04
   138.7      0.5593E-04
   138.8      0.5266E-04
   138.9      0.4961E-04
   139.0      0.4678E-04
   139.1      0.4419E-04
   139.2      0.4182E-04
   139.3      0.3967E-04
   139.4      0.3775E-04
   139.5      0.3604E-04
   139.6      0.3455E-04
   139.7      0.3327E-04
   139.8      0.3220E-04
   139.9      0.3132E-04
   140.0      0.3062E-04
   140.1      0.3011E-04
   140.2      0.2976E-04
   140.3      0.2957E-04
   140.4      0.2953E-04
   140.5      0.2963E-04
   140.6      0.2985E-04
   140.7      0.3018E-04
   140.8      0.3062E-04
   140.9      0.3114E-04
   141.0      0.3175E-04
   141.1      0.3241E-04
   141.2      0.3313E-04
   141.3      0.3389E-04
   141.4      0.3468E-04
   141.5      0.3550E-04
   141.6      0.3632E-04
   141.7      0.3713E-04
   141.8      0.3794E-04
   141.9      0.3873E-04
   142.0      0.3949E-04
   142.1      0.4021E-04
   142.2      0.4090E-04
   142.3      0.4153E-04
   142.4      0.4211E-04
   142.5      0.4262E-04
   142.6      0.4308E-04
   142.7      0.4347E-04
   142.8      0.4379E-04
   142.9      0.4403E-04
   143.0      0.4421E-04
   143.1      0.4431E-04
   143.2      0.4434E-04
   143.3      0.4429E-04
   143.4      0.4417E-04
   143.5      0.4399E-04
   143.6      0.4373E-04
   143.7      0.4341E-04
   143.8      0.4303E-04
   143.9      0.4260E-04
   144.0      0.4210E-04
   144.1      0.4156E-04
   144.2      0.4097E-04
   144.3      0.4034E-04
   144.4      0.3968E-04
   144.5      0.3898E-04
   144.6      0.3826E-04
   144.7      0.3752E-04
   144.8      0.3677E-04
   144.9      0.3600E-04
   145.0      0.3523E-04
   145.1      0.3446E-04
   145.2      0.3369E-04
   145.3      0.3293E-04
   145.4      0.3220E-04
   145.5      0.3148E-04
   145.6      0.3078E-04
   145.7      0.3012E-04
   145.8      0.2949E-04
   145.9      0.2889E-04
   146.0      0.2834E-04
   146.1      0.2784E-04
   146.2      0.2739E-04
   146.3      0.2699E-04
   146.4      0.2665E-04
   146.5      0.2637E-04
   146.6      0.2616E-04
   146.7      0.2601E-04
   146.8      0.2594E-04
   146.9      0.2593E-04
   147.0      0.2601E-04
   147.1      0.2617E-04
   147.2      0.2641E-04
   147.3      0.2673E-04
   147.4      0.2714E-04
   147.5      0.2765E-04
   147.6      0.2824E-04
   147.7      0.2893E-04
   147.8      0.2971E-04
   147.9      0.3060E-04
   148.0      0.3158E-04
   148.1      0.3266E-04
   148.2      0.3384E-04
   148.3      0.3513E-04
   148.4      0.3652E-04
   148.5      0.3801E-04
   148.6      0.3961E-04
   148.7      0.4130E-04
   148.8      0.4310E-04
   148.9      0.4500E-04
   149.0      0.4700E-04
   149.1      0.4909E-04
   149.2      0.5128E-04
   149.3      0.5355E-04
   149.4      0.5592E-04
   149.5      0.5836E-04
   149.6      0.6089E-04
   149.7      0.6348E-04
   149.8      0.6614E-04
   149.9      0.6886E-04
   150.0      0.7164E-04
   150.1      0.7446E-04
   150.2      0.7731E-04
   150.3      0.8019E-04
   150.4      0.8310E-04
   150.5      0.8601E-04
   150.6      0.8892E-04
   150.7      0.9181E-04
   150.8      0.9469E-04
   150.9      0.9753E-04
   151.0      0.1003E-03
   151.1      0.1031E-03
   151.2      0.1057E-03
   151.3      0.1083E-03
   151.4      0.1108E-03
   151.5      0.1132E-03
   151.6      0.1154E-03
   151.7      0.1176E-03
   151.8      0.1196E-03
   151.9      0.1214E-03
   152.0      0.1231E-03
   152.1      0.1246E-03
   152.2      0.1260E-03
   152.3      0.1271E-03
   152.4      0.1280E-03
   152.5      0.1288E-03
   152.6      0.1293E-03
   152.7      0.1296E-03
   152.8      0.1297E-03
   152.9      0.1296E-03
   153.0      0.1293E-03
   153.1      0.1287E-03
   153.2      0.1279E-03
   153.3      0.1269E-03
   153.4      0.1256E-03
   153.5      0.1242E-03
   153.6      0.1225E-03
   153.7      0.1207E-03
   153.8      0.1186E-03
   153.9      0.1164E-03
   154.0      0.1139E-03
   154.1      0.1114E-03
   154.2      0.1086E-03
   154.3      0.1058E-03
   154.4      0.1028E-03
   154.5      0.9967E-04
   154.6      0.9647E-04
   154.7      0.9320E-04
   154.8      0.8987E-04
   154.9      0.8650E-04
   155.0      0.8310E-04
   155.1      0.7969E-04
   155.2      0.7629E-04
   155.3      0.7292E-04
   155.4      0.6960E-04
   155.5      0.6633E-04
   155.6      0.6315E-04
   155.7      0.6005E-04
   155.8      0.5707E-04
   155.9      0.5421E-04
   156.0      0.5149E-04
   156.1      0.4893E-04
   156.2      0.4652E-04
   156.3      0.4428E-04
   156.4      0.4223E-04
   156.5      0.4036E-04
   156.6      0.3869E-04
   156.7      0.3723E-04
   156.8      0.3596E-04
   156.9      0.3490E-04
   157.0      0.3405E-04
   157.1      0.3341E-04
   157.2      0.3297E-04
   157.3      0.3272E-04
   157.4      0.3267E-04
   157.5      0.3281E-04
   157.6      0.3313E-04
   157.7      0.3362E-04
   157.8      0.3427E-04
   157.9      0.3506E-04
   158.0      0.3599E-04
   158.1      0.3705E-04
   158.2      0.3821E-04
   158.3      0.3946E-04
   158.4      0.4078E-04
   158.5      0.4217E-04
   158.6      0.4360E-04
   158.7      0.4506E-04
   158.8      0.4652E-04
   158.9      0.4798E-04
   159.0      0.4942E-04
   159.1      0.5082E-04
   159.2      0.5217E-04
   159.3      0.5344E-04
   159.4      0.5463E-04
   159.5      0.5573E-04
   159.6      0.5671E-04
   159.7      0.5757E-04
   159.8      0.5831E-04
   159.9      0.5890E-04
   160.0      0.5934E-04
   160.1      0.5962E-04
   160.2      0.5975E-04
   160.3      0.5971E-04
   160.4      0.5950E-04
   160.5      0.5913E-04
   160.6      0.5859E-04
   160.7      0.5788E-04
   160.8      0.5701E-04
   160.9      0.5597E-04
   161.0      0.5479E-04
   161.1      0.5346E-04
   161.2      0.5199E-04
   161.3      0.5040E-04
   161.4      0.4868E-04
   161.5      0.4686E-04
   161.6      0.4494E-04
   161.7      0.4294E-04
   161.8      0.4086E-04
   161.9      0.3874E-04
   162.0      0.3656E-04
   162.1      0.3436E-04
   162.2      0.3215E-04
   162.3      0.2993E-04
   162.4      0.2773E-04
   162.5      0.2555E-04
   162.6      0.2342E-04
   162.7      0.2133E-04
   162.8      0.1931E-04
   162.9      0.1737E-04
   163.0      0.1551E-04
   163.1      0.1375E-04
   163.2      0.1210E-04
   163.3      0.1055E-04
   163.4      0.9132E-05
   163.5      0.7833E-05
   163.6      0.6664E-05
   163.7      0.5628E-05
   163.8      0.4726E-05
   163.9      0.3960E-05
   164.0      0.3328E-05
   164.1      0.2831E-05
   164.2      0.2465E-05
   164.3      0.2227E-05
   164.4      0.2112E-05
   164.5      0.2115E-05
   164.6      0.2230E-05
   164.7      0.2450E-05
   164.8      0.2766E-05
   164.9      0.3171E-05
   165.0      0.3655E-05
   165.1      0.4211E-05
   165.2      0.4826E-05
   165.3      0.5494E-05
   165.4      0.6202E-05
   165.5      0.6942E-05
   165.6      0.7704E-05
   165.7      0.8478E-05
   165.8      0.9255E-05
   165.9      0.1003E-04
   166.0      0.1078E-04
   166.1      0.1152E-04
   166.2      0.1223E-04
   166.3      0.1290E-04
   166.4      0.1353E-04
   166.5      0.1411E-04
   166.6      0.1464E-04
   166.7      0.1512E-04
   166.8      0.1554E-04
   166.9      0.1591E-04
   167.0      0.1622E-04
   167.1      0.1646E-04
   167.2      0.1665E-04
   167.3      0.1679E-04
   167.4      0.1687E-04
   167.5      0.1690E-04
   167.6      0.1688E-04
   167.7      0.1681E-04
   167.8      0.1671E-04
   167.9      0.1658E-04
   168.0      0.1642E-04
   168.1      0.1623E-04
   168.2      0.1603E-04
   168.3      0.1581E-04
   168.4      0.1559E-04
   168.5      0.1536E-04
   168.6      0.1514E-04
   168.7      0.1493E-04
   168.8      0.1473E-04
   168.9      0.1455E-04
   169.0      0.1439E-04
   169.1      0.1425E-04
   169.2      0.1413E-04
   169.3      0.1404E-04
   169.4      0.1398E-04
   169.5      0.1395E-04
   169.6      0.1394E-04
   169.7      0.1396E-04
   169.8      0.1400E-04
   169.9      0.1406E-04
   170.0      0.1413E-04
   170.1      0.1422E-04
   170.2      0.1431E-04
   170.3      0.1440E-04
   170.4      0.1449E-04
   170.5      0.1457E-04
   170.6      0.1464E-04
   170.7      0.1468E-04
   170.8      0.1470E-04
   170.9      0.1468E-04
   171.0      0.1462E-04
   171.1      0.1452E-04
   171.2      0.1437E-04
   171.3      0.1417E-04
   171.4      0.1392E-04
   171.5      0.1361E-04
   171.6      0.1324E-04
   171.7      0.1281E-04
   171.8      0.1233E-04
   171.9      0.1180E-04
   172.0      0.1123E-04
   172.1      0.1062E-04
   172.2      0.9980E-05
   172.3      0.9322E-05
   172.4      0.8658E-05
   172.5      0.8004E-05
   172.6      0.7375E-05
   172.7      0.6791E-05
   172.8      0.6271E-05
   172.9      0.5838E-05
   173.0      0.5517E-05
   173.1      0.5333E-05
   173.2      0.5314E-05
   173.3      0.5489E-05
   173.4      0.5889E-05
   173.5      0.6546E-05
   173.6      0.7492E-05
   173.7      0.8761E-05
   173.8      0.1039E-04
   173.9      0.1241E-04
   174.0      0.1486E-04
   174.1      0.1777E-04
   174.2      0.2118E-04
   174.3      0.2512E-04
   174.4      0.2962E-04
   174.5      0.3472E-04
   174.6      0.4045E-04
   174.7      0.4684E-04
   174.8      0.5391E-04
   174.9      0.6169E-04
   175.0      0.7021E-04
   175.1      0.7947E-04
   175.2      0.8950E-04
   175.3      0.1003E-03
   175.4      0.1119E-03
   175.5      0.1243E-03
   175.6      0.1375E-03
   175.7      0.1515E-03
   175.8      0.1662E-03
   175.9      0.1818E-03
   176.0      0.1981E-03
   176.1      0.2152E-03
   176.2      0.2329E-03
   176.3      0.2514E-03
   176.4      0.2705E-03
   176.5      0.2902E-03
   176.6      0.3105E-03
   176.7      0.3314E-03
   176.8      0.3527E-03
   176.9      0.3744E-03
   177.0      0.3965E-03
   177.1      0.4189E-03
   177.2      0.4416E-03
   177.3      0.4644E-03
   177.4      0.4873E-03
   177.5      0.5102E-03
   177.6      0.5331E-03
   177.7      0.5558E-03
   177.8      0.5783E-03
   177.9      0.6006E-03
   178.0      0.6225E-03
   178.1      0.6439E-03
   178.2      0.6648E-03
   178.3      0.6851E-03
   178.4      0.7047E-03
   178.5      0.7235E-03
   178.6      0.7416E-03
   178.7      0.7587E-03
   178.8      0.7748E-03
   178.9      0.7899E-03
   179.0      0.8040E-03
   179.1      0.8168E-03
   179.2      0.8285E-03
   179.3      0.8389E-03
   179.4      0.8480E-03
   179.5      0.8558E-03
   179.6      0.8622E-03
   179.7      0.8672E-03
   179.8      0.8708E-03
   179.9      0.8729E-03
   180.0      0.8736E-03
 END
