#1801 angles,  1 tensor ranks for 0=projectile
@subtitle   "12C(7Li,6Li)13C @ Ed=56 MeV;"                                                  
@legend ON
@legend x1 0.2
@legend y1 0.8
@g0 type LOGY
@yaxis ticklabel format power
@legend string   0 "Lab energy =   56.0000"
#legend string   0 "Partition=  2 Excit=  1 near/far= 1"
#  Theta       sigma       iT11        T20         T21         T22         Kyy for projectile
   0.000       4.609    
  0.1000       4.610    
  0.2000       4.614    
  0.3000       4.619    
  0.4000       4.627    
  0.5000       4.637    
  0.6000       4.649    
  0.7000       4.663    
  0.8000       4.679    
  0.9000       4.698    
   1.000       4.719    
   1.100       4.741    
   1.200       4.766    
   1.300       4.793    
   1.400       4.822    
   1.500       4.853    
   1.600       4.886    
   1.700       4.921    
   1.800       4.957    
   1.900       4.996    
   2.000       5.036    
   2.100       5.078    
   2.200       5.122    
   2.300       5.167    
   2.400       5.214    
   2.500       5.263    
   2.600       5.312    
   2.700       5.364    
   2.800       5.416    
   2.900       5.470    
   3.000       5.525    
   3.100       5.581    
   3.200       5.638    
   3.300       5.696    
   3.400       5.755    
   3.500       5.814    
   3.600       5.874    
   3.700       5.935    
   3.800       5.995    
   3.900       6.057    
   4.000       6.118    
   4.100       6.179    
   4.200       6.240    
   4.300       6.301    
   4.400       6.362    
   4.500       6.422    
   4.600       6.482    
   4.700       6.541    
   4.800       6.599    
   4.900       6.656    
   5.000       6.713    
   5.100       6.767    
   5.200       6.821    
   5.300       6.873    
   5.400       6.923    
   5.500       6.972    
   5.600       7.019    
   5.700       7.064    
   5.800       7.106    
   5.900       7.147    
   6.000       7.185    
   6.100       7.220    
   6.200       7.253    
   6.300       7.283    
   6.400       7.311    
   6.500       7.335    
   6.600       7.356    
   6.700       7.375    
   6.800       7.390    
   6.900       7.401    
   7.000       7.410    
   7.100       7.414    
   7.200       7.416    
   7.300       7.414    
   7.400       7.408    
   7.500       7.398    
   7.600       7.385    
   7.700       7.368    
   7.800       7.347    
   7.900       7.323    
   8.000       7.295    
   8.100       7.263    
   8.200       7.227    
   8.300       7.187    
   8.400       7.144    
   8.500       7.097    
   8.600       7.046    
   8.700       6.992    
   8.800       6.934    
   8.900       6.872    
   9.000       6.807    
   9.100       6.739    
   9.200       6.667    
   9.300       6.593    
   9.400       6.515    
   9.500       6.434    
   9.600       6.350    
   9.700       6.263    
   9.800       6.174    
   9.900       6.082    
   10.00       5.987    
   10.10       5.891    
   10.20       5.792    
   10.30       5.691    
   10.40       5.588    
   10.50       5.484    
   10.60       5.378    
   10.70       5.270    
   10.80       5.161    
   10.90       5.052    
   11.00       4.941    
   11.10       4.829    
   11.20       4.717    
   11.30       4.604    
   11.40       4.490    
   11.50       4.377    
   11.60       4.263    
   11.70       4.150    
   11.80       4.037    
   11.90       3.924    
   12.00       3.812    
   12.10       3.700    
   12.20       3.590    
   12.30       3.480    
   12.40       3.371    
   12.50       3.264    
   12.60       3.158    
   12.70       3.053    
   12.80       2.950    
   12.90       2.849    
   13.00       2.750    
   13.10       2.652    
   13.20       2.556    
   13.30       2.463    
   13.40       2.371    
   13.50       2.282    
   13.60       2.195    
   13.70       2.110    
   13.80       2.028    
   13.90       1.949    
   14.00       1.871    
   14.10       1.797    
   14.20       1.725    
   14.30       1.655    
   14.40       1.588    
   14.50       1.524    
   14.60       1.463    
   14.70       1.404    
   14.80       1.348    
   14.90       1.294    
   15.00       1.243    
   15.10       1.195    
   15.20       1.149    
   15.30       1.106    
   15.40       1.065    
   15.50       1.027    
   15.60      0.9910    
   15.70      0.9577    
   15.80      0.9267    
   15.90      0.8981    
   16.00      0.8716    
   16.10      0.8474    
   16.20      0.8253    
   16.30      0.8052    
   16.40      0.7872    
   16.50      0.7711    
   16.60      0.7568    
   16.70      0.7443    
   16.80      0.7335    
   16.90      0.7243    
   17.00      0.7167    
   17.10      0.7106    
   17.20      0.7058    
   17.30      0.7024    
   17.40      0.7002    
   17.50      0.6992    
   17.60      0.6992    
   17.70      0.7003    
   17.80      0.7022    
   17.90      0.7050    
   18.00      0.7086    
   18.10      0.7128    
   18.20      0.7177    
   18.30      0.7231    
   18.40      0.7290    
   18.50      0.7352    
   18.60      0.7418    
   18.70      0.7487    
   18.80      0.7558    
   18.90      0.7630    
   19.00      0.7703    
   19.10      0.7776    
   19.20      0.7849    
   19.30      0.7921    
   19.40      0.7991    
   19.50      0.8060    
   19.60      0.8127    
   19.70      0.8190    
   19.80      0.8251    
   19.90      0.8308    
   20.00      0.8361    
   20.10      0.8410    
   20.20      0.8454    
   20.30      0.8494    
   20.40      0.8528    
   20.50      0.8558    
   20.60      0.8582    
   20.70      0.8600    
   20.80      0.8612    
   20.90      0.8619    
   21.00      0.8620    
   21.10      0.8615    
   21.20      0.8603    
   21.30      0.8586    
   21.40      0.8562    
   21.50      0.8532    
   21.60      0.8496    
   21.70      0.8454    
   21.80      0.8406    
   21.90      0.8353    
   22.00      0.8293    
   22.10      0.8228    
   22.20      0.8157    
   22.30      0.8081    
   22.40      0.7999    
   22.50      0.7913    
   22.60      0.7821    
   22.70      0.7725    
   22.80      0.7625    
   22.90      0.7520    
   23.00      0.7411    
   23.10      0.7299    
   23.20      0.7182    
   23.30      0.7063    
   23.40      0.6940    
   23.50      0.6815    
   23.60      0.6686    
   23.70      0.6556    
   23.80      0.6423    
   23.90      0.6289    
   24.00      0.6153    
   24.10      0.6016    
   24.20      0.5877    
   24.30      0.5738    
   24.40      0.5598    
   24.50      0.5458    
   24.60      0.5317    
   24.70      0.5177    
   24.80      0.5038    
   24.90      0.4898    
   25.00      0.4760    
   25.10      0.4622    
   25.20      0.4486    
   25.30      0.4352    
   25.40      0.4218    
   25.50      0.4087    
   25.60      0.3958    
   25.70      0.3830    
   25.80      0.3705    
   25.90      0.3583    
   26.00      0.3463    
   26.10      0.3346    
   26.20      0.3232    
   26.30      0.3120    
   26.40      0.3012    
   26.50      0.2907    
   26.60      0.2805    
   26.70      0.2706    
   26.80      0.2611    
   26.90      0.2519    
   27.00      0.2431    
   27.10      0.2346    
   27.20      0.2265    
   27.30      0.2187    
   27.40      0.2113    
   27.50      0.2043    
   27.60      0.1976    
   27.70      0.1913    
   27.80      0.1853    
   27.90      0.1797    
   28.00      0.1744    
   28.10      0.1695    
   28.20      0.1649    
   28.30      0.1607    
   28.40      0.1568    
   28.50      0.1532    
   28.60      0.1499    
   28.70      0.1470    
   28.80      0.1443    
   28.90      0.1419    
   29.00      0.1398    
   29.10      0.1380    
   29.20      0.1365    
   29.30      0.1352    
   29.40      0.1341    
   29.50      0.1333    
   29.60      0.1327    
   29.70      0.1323    
   29.80      0.1321    
   29.90      0.1320    
   30.00      0.1322    
   30.10      0.1325    
   30.20      0.1330    
   30.30      0.1336    
   30.40      0.1343    
   30.50      0.1352    
   30.60      0.1361    
   30.70      0.1372    
   30.80      0.1383    
   30.90      0.1395    
   31.00      0.1408    
   31.10      0.1421    
   31.20      0.1434    
   31.30      0.1448    
   31.40      0.1462    
   31.50      0.1476    
   31.60      0.1490    
   31.70      0.1504    
   31.80      0.1518    
   31.90      0.1531    
   32.00      0.1544    
   32.10      0.1557    
   32.20      0.1569    
   32.30      0.1581    
   32.40      0.1592    
   32.50      0.1602    
   32.60      0.1612    
   32.70      0.1621    
   32.80      0.1629    
   32.90      0.1636    
   33.00      0.1642    
   33.10      0.1647    
   33.20      0.1651    
   33.30      0.1655    
   33.40      0.1657    
   33.50      0.1658    
   33.60      0.1658    
   33.70      0.1657    
   33.80      0.1654    
   33.90      0.1651    
   34.00      0.1647    
   34.10      0.1641    
   34.20      0.1635    
   34.30      0.1627    
   34.40      0.1618    
   34.50      0.1608    
   34.60      0.1597    
   34.70      0.1585    
   34.80      0.1573    
   34.90      0.1559    
   35.00      0.1544    
   35.10      0.1528    
   35.20      0.1512    
   35.30      0.1494    
   35.40      0.1476    
   35.50      0.1457    
   35.60      0.1437    
   35.70      0.1417    
   35.80      0.1396    
   35.90      0.1374    
   36.00      0.1352    
   36.10      0.1329    
   36.20      0.1306    
   36.30      0.1282    
   36.40      0.1258    
   36.50      0.1234    
   36.60      0.1209    
   36.70      0.1184    
   36.80      0.1159    
   36.90      0.1134    
   37.00      0.1108    
   37.10      0.1083    
   37.20      0.1057    
   37.30      0.1032    
   37.40      0.1006    
   37.50      0.9808E-01
   37.60      0.9554E-01
   37.70      0.9303E-01
   37.80      0.9053E-01
   37.90      0.8805E-01
   38.00      0.8560E-01
   38.10      0.8318E-01
   38.20      0.8079E-01
   38.30      0.7844E-01
   38.40      0.7612E-01
   38.50      0.7384E-01
   38.60      0.7161E-01
   38.70      0.6942E-01
   38.80      0.6728E-01
   38.90      0.6519E-01
   39.00      0.6315E-01
   39.10      0.6117E-01
   39.20      0.5924E-01
   39.30      0.5736E-01
   39.40      0.5554E-01
   39.50      0.5378E-01
   39.60      0.5208E-01
   39.70      0.5044E-01
   39.80      0.4885E-01
   39.90      0.4733E-01
   40.00      0.4587E-01
   40.10      0.4448E-01
   40.20      0.4314E-01
   40.30      0.4186E-01
   40.40      0.4065E-01
   40.50      0.3950E-01
   40.60      0.3841E-01
   40.70      0.3737E-01
   40.80      0.3640E-01
   40.90      0.3549E-01
   41.00      0.3463E-01
   41.10      0.3383E-01
   41.20      0.3309E-01
   41.30      0.3240E-01
   41.40      0.3177E-01
   41.50      0.3118E-01
   41.60      0.3065E-01
   41.70      0.3017E-01
   41.80      0.2974E-01
   41.90      0.2935E-01
   42.00      0.2901E-01
   42.10      0.2871E-01
   42.20      0.2846E-01
   42.30      0.2824E-01
   42.40      0.2806E-01
   42.50      0.2792E-01
   42.60      0.2782E-01
   42.70      0.2775E-01
   42.80      0.2771E-01
   42.90      0.2770E-01
   43.00      0.2771E-01
   43.10      0.2776E-01
   43.20      0.2783E-01
   43.30      0.2792E-01
   43.40      0.2803E-01
   43.50      0.2816E-01
   43.60      0.2831E-01
   43.70      0.2847E-01
   43.80      0.2865E-01
   43.90      0.2884E-01
   44.00      0.2905E-01
   44.10      0.2926E-01
   44.20      0.2948E-01
   44.30      0.2970E-01
   44.40      0.2993E-01
   44.50      0.3016E-01
   44.60      0.3039E-01
   44.70      0.3063E-01
   44.80      0.3086E-01
   44.90      0.3109E-01
   45.00      0.3132E-01
   45.10      0.3154E-01
   45.20      0.3176E-01
   45.30      0.3197E-01
   45.40      0.3217E-01
   45.50      0.3236E-01
   45.60      0.3254E-01
   45.70      0.3271E-01
   45.80      0.3287E-01
   45.90      0.3302E-01
   46.00      0.3315E-01
   46.10      0.3327E-01
   46.20      0.3338E-01
   46.30      0.3347E-01
   46.40      0.3354E-01
   46.50      0.3360E-01
   46.60      0.3365E-01
   46.70      0.3367E-01
   46.80      0.3368E-01
   46.90      0.3367E-01
   47.00      0.3364E-01
   47.10      0.3360E-01
   47.20      0.3354E-01
   47.30      0.3346E-01
   47.40      0.3336E-01
   47.50      0.3325E-01
   47.60      0.3311E-01
   47.70      0.3296E-01
   47.80      0.3280E-01
   47.90      0.3261E-01
   48.00      0.3241E-01
   48.10      0.3219E-01
   48.20      0.3195E-01
   48.30      0.3170E-01
   48.40      0.3144E-01
   48.50      0.3115E-01
   48.60      0.3086E-01
   48.70      0.3055E-01
   48.80      0.3022E-01
   48.90      0.2988E-01
   49.00      0.2953E-01
   49.10      0.2917E-01
   49.20      0.2879E-01
   49.30      0.2841E-01
   49.40      0.2801E-01
   49.50      0.2761E-01
   49.60      0.2719E-01
   49.70      0.2677E-01
   49.80      0.2634E-01
   49.90      0.2591E-01
   50.00      0.2546E-01
   50.10      0.2501E-01
   50.20      0.2456E-01
   50.30      0.2410E-01
   50.40      0.2364E-01
   50.50      0.2318E-01
   50.60      0.2271E-01
   50.70      0.2225E-01
   50.80      0.2178E-01
   50.90      0.2131E-01
   51.00      0.2084E-01
   51.10      0.2038E-01
   51.20      0.1991E-01
   51.30      0.1945E-01
   51.40      0.1899E-01
   51.50      0.1854E-01
   51.60      0.1809E-01
   51.70      0.1765E-01
   51.80      0.1721E-01
   51.90      0.1677E-01
   52.00      0.1634E-01
   52.10      0.1592E-01
   52.20      0.1551E-01
   52.30      0.1511E-01
   52.40      0.1471E-01
   52.50      0.1432E-01
   52.60      0.1394E-01
   52.70      0.1357E-01
   52.80      0.1321E-01
   52.90      0.1286E-01
   53.00      0.1252E-01
   53.10      0.1219E-01
   53.20      0.1187E-01
   53.30      0.1156E-01
   53.40      0.1126E-01
   53.50      0.1097E-01
   53.60      0.1069E-01
   53.70      0.1042E-01
   53.80      0.1017E-01
   53.90      0.9923E-02
   54.00      0.9689E-02
   54.10      0.9466E-02
   54.20      0.9254E-02
   54.30      0.9053E-02
   54.40      0.8863E-02
   54.50      0.8683E-02
   54.60      0.8514E-02
   54.70      0.8355E-02
   54.80      0.8206E-02
   54.90      0.8067E-02
   55.00      0.7938E-02
   55.10      0.7818E-02
   55.20      0.7708E-02
   55.30      0.7607E-02
   55.40      0.7514E-02
   55.50      0.7430E-02
   55.60      0.7355E-02
   55.70      0.7287E-02
   55.80      0.7227E-02
   55.90      0.7174E-02
   56.00      0.7129E-02
   56.10      0.7090E-02
   56.20      0.7057E-02
   56.30      0.7031E-02
   56.40      0.7010E-02
   56.50      0.6995E-02
   56.60      0.6985E-02
   56.70      0.6980E-02
   56.80      0.6979E-02
   56.90      0.6982E-02
   57.00      0.6989E-02
   57.10      0.7000E-02
   57.20      0.7014E-02
   57.30      0.7030E-02
   57.40      0.7050E-02
   57.50      0.7071E-02
   57.60      0.7095E-02
   57.70      0.7120E-02
   57.80      0.7146E-02
   57.90      0.7174E-02
   58.00      0.7203E-02
   58.10      0.7232E-02
   58.20      0.7261E-02
   58.30      0.7291E-02
   58.40      0.7320E-02
   58.50      0.7349E-02
   58.60      0.7378E-02
   58.70      0.7406E-02
   58.80      0.7432E-02
   58.90      0.7458E-02
   59.00      0.7482E-02
   59.10      0.7505E-02
   59.20      0.7526E-02
   59.30      0.7545E-02
   59.40      0.7562E-02
   59.50      0.7578E-02
   59.60      0.7591E-02
   59.70      0.7601E-02
   59.80      0.7609E-02
   59.90      0.7615E-02
   60.00      0.7618E-02
   60.10      0.7619E-02
   60.20      0.7616E-02
   60.30      0.7611E-02
   60.40      0.7603E-02
   60.50      0.7592E-02
   60.60      0.7579E-02
   60.70      0.7562E-02
   60.80      0.7542E-02
   60.90      0.7520E-02
   61.00      0.7494E-02
   61.10      0.7466E-02
   61.20      0.7434E-02
   61.30      0.7400E-02
   61.40      0.7363E-02
   61.50      0.7323E-02
   61.60      0.7280E-02
   61.70      0.7234E-02
   61.80      0.7186E-02
   61.90      0.7135E-02
   62.00      0.7081E-02
   62.10      0.7025E-02
   62.20      0.6966E-02
   62.30      0.6905E-02
   62.40      0.6842E-02
   62.50      0.6776E-02
   62.60      0.6708E-02
   62.70      0.6638E-02
   62.80      0.6566E-02
   62.90      0.6492E-02
   63.00      0.6416E-02
   63.10      0.6339E-02
   63.20      0.6260E-02
   63.30      0.6179E-02
   63.40      0.6097E-02
   63.50      0.6014E-02
   63.60      0.5930E-02
   63.70      0.5844E-02
   63.80      0.5757E-02
   63.90      0.5670E-02
   64.00      0.5581E-02
   64.10      0.5492E-02
   64.20      0.5403E-02
   64.30      0.5312E-02
   64.40      0.5222E-02
   64.50      0.5131E-02
   64.60      0.5040E-02
   64.70      0.4949E-02
   64.80      0.4858E-02
   64.90      0.4767E-02
   65.00      0.4676E-02
   65.10      0.4585E-02
   65.20      0.4495E-02
   65.30      0.4406E-02
   65.40      0.4317E-02
   65.50      0.4228E-02
   65.60      0.4141E-02
   65.70      0.4054E-02
   65.80      0.3968E-02
   65.90      0.3883E-02
   66.00      0.3799E-02
   66.10      0.3717E-02
   66.20      0.3635E-02
   66.30      0.3555E-02
   66.40      0.3476E-02
   66.50      0.3399E-02
   66.60      0.3323E-02
   66.70      0.3248E-02
   66.80      0.3175E-02
   66.90      0.3104E-02
   67.00      0.3034E-02
   67.10      0.2966E-02
   67.20      0.2899E-02
   67.30      0.2835E-02
   67.40      0.2772E-02
   67.50      0.2711E-02
   67.60      0.2652E-02
   67.70      0.2595E-02
   67.80      0.2539E-02
   67.90      0.2486E-02
   68.00      0.2434E-02
   68.10      0.2384E-02
   68.20      0.2337E-02
   68.30      0.2291E-02
   68.40      0.2247E-02
   68.50      0.2205E-02
   68.60      0.2165E-02
   68.70      0.2126E-02
   68.80      0.2090E-02
   68.90      0.2056E-02
   69.00      0.2023E-02
   69.10      0.1992E-02
   69.20      0.1963E-02
   69.30      0.1936E-02
   69.40      0.1910E-02
   69.50      0.1886E-02
   69.60      0.1864E-02
   69.70      0.1844E-02
   69.80      0.1825E-02
   69.90      0.1807E-02
   70.00      0.1792E-02
   70.10      0.1777E-02
   70.20      0.1764E-02
   70.30      0.1752E-02
   70.40      0.1742E-02
   70.50      0.1733E-02
   70.60      0.1725E-02
   70.70      0.1719E-02
   70.80      0.1713E-02
   70.90      0.1708E-02
   71.00      0.1705E-02
   71.10      0.1702E-02
   71.20      0.1701E-02
   71.30      0.1700E-02
   71.40      0.1700E-02
   71.50      0.1700E-02
   71.60      0.1702E-02
   71.70      0.1704E-02
   71.80      0.1706E-02
   71.90      0.1709E-02
   72.00      0.1713E-02
   72.10      0.1717E-02
   72.20      0.1721E-02
   72.30      0.1725E-02
   72.40      0.1730E-02
   72.50      0.1735E-02
   72.60      0.1740E-02
   72.70      0.1745E-02
   72.80      0.1750E-02
   72.90      0.1756E-02
   73.00      0.1761E-02
   73.10      0.1766E-02
   73.20      0.1771E-02
   73.30      0.1776E-02
   73.40      0.1780E-02
   73.50      0.1785E-02
   73.60      0.1789E-02
   73.70      0.1793E-02
   73.80      0.1797E-02
   73.90      0.1800E-02
   74.00      0.1803E-02
   74.10      0.1805E-02
   74.20      0.1808E-02
   74.30      0.1809E-02
   74.40      0.1811E-02
   74.50      0.1811E-02
   74.60      0.1812E-02
   74.70      0.1811E-02
   74.80      0.1811E-02
   74.90      0.1809E-02
   75.00      0.1808E-02
   75.10      0.1805E-02
   75.20      0.1802E-02
   75.30      0.1799E-02
   75.40      0.1795E-02
   75.50      0.1790E-02
   75.60      0.1785E-02
   75.70      0.1779E-02
   75.80      0.1773E-02
   75.90      0.1766E-02
   76.00      0.1759E-02
   76.10      0.1751E-02
   76.20      0.1742E-02
   76.30      0.1733E-02
   76.40      0.1724E-02
   76.50      0.1713E-02
   76.60      0.1703E-02
   76.70      0.1691E-02
   76.80      0.1680E-02
   76.90      0.1667E-02
   77.00      0.1655E-02
   77.10      0.1641E-02
   77.20      0.1628E-02
   77.30      0.1614E-02
   77.40      0.1599E-02
   77.50      0.1584E-02
   77.60      0.1569E-02
   77.70      0.1553E-02
   77.80      0.1536E-02
   77.90      0.1520E-02
   78.00      0.1503E-02
   78.10      0.1486E-02
   78.20      0.1468E-02
   78.30      0.1450E-02
   78.40      0.1432E-02
   78.50      0.1414E-02
   78.60      0.1395E-02
   78.70      0.1376E-02
   78.80      0.1357E-02
   78.90      0.1338E-02
   79.00      0.1319E-02
   79.10      0.1299E-02
   79.20      0.1279E-02
   79.30      0.1260E-02
   79.40      0.1240E-02
   79.50      0.1220E-02
   79.60      0.1200E-02
   79.70      0.1180E-02
   79.80      0.1160E-02
   79.90      0.1140E-02
   80.00      0.1120E-02
   80.10      0.1100E-02
   80.20      0.1080E-02
   80.30      0.1061E-02
   80.40      0.1041E-02
   80.50      0.1022E-02
   80.60      0.1002E-02
   80.70      0.9831E-03
   80.80      0.9641E-03
   80.90      0.9452E-03
   81.00      0.9266E-03
   81.10      0.9083E-03
   81.20      0.8901E-03
   81.30      0.8722E-03
   81.40      0.8546E-03
   81.50      0.8372E-03
   81.60      0.8201E-03
   81.70      0.8034E-03
   81.80      0.7869E-03
   81.90      0.7708E-03
   82.00      0.7549E-03
   82.10      0.7395E-03
   82.20      0.7243E-03
   82.30      0.7095E-03
   82.40      0.6951E-03
   82.50      0.6810E-03
   82.60      0.6673E-03
   82.70      0.6539E-03
   82.80      0.6410E-03
   82.90      0.6284E-03
   83.00      0.6161E-03
   83.10      0.6043E-03
   83.20      0.5928E-03
   83.30      0.5817E-03
   83.40      0.5710E-03
   83.50      0.5606E-03
   83.60      0.5507E-03
   83.70      0.5411E-03
   83.80      0.5318E-03
   83.90      0.5229E-03
   84.00      0.5144E-03
   84.10      0.5063E-03
   84.20      0.4984E-03
   84.30      0.4910E-03
   84.40      0.4838E-03
   84.50      0.4770E-03
   84.60      0.4706E-03
   84.70      0.4644E-03
   84.80      0.4586E-03
   84.90      0.4530E-03
   85.00      0.4478E-03
   85.10      0.4428E-03
   85.20      0.4382E-03
   85.30      0.4338E-03
   85.40      0.4296E-03
   85.50      0.4258E-03
   85.60      0.4221E-03
   85.70      0.4187E-03
   85.80      0.4156E-03
   85.90      0.4126E-03
   86.00      0.4099E-03
   86.10      0.4074E-03
   86.20      0.4051E-03
   86.30      0.4029E-03
   86.40      0.4010E-03
   86.50      0.3992E-03
   86.60      0.3975E-03
   86.70      0.3961E-03
   86.80      0.3947E-03
   86.90      0.3935E-03
   87.00      0.3924E-03
   87.10      0.3915E-03
   87.20      0.3906E-03
   87.30      0.3899E-03
   87.40      0.3892E-03
   87.50      0.3886E-03
   87.60      0.3881E-03
   87.70      0.3877E-03
   87.80      0.3873E-03
   87.90      0.3870E-03
   88.00      0.3867E-03
   88.10      0.3865E-03
   88.20      0.3863E-03
   88.30      0.3862E-03
   88.40      0.3860E-03
   88.50      0.3859E-03
   88.60      0.3858E-03
   88.70      0.3856E-03
   88.80      0.3855E-03
   88.90      0.3854E-03
   89.00      0.3853E-03
   89.10      0.3851E-03
   89.20      0.3849E-03
   89.30      0.3847E-03
   89.40      0.3845E-03
   89.50      0.3842E-03
   89.60      0.3839E-03
   89.70      0.3836E-03
   89.80      0.3832E-03
   89.90      0.3828E-03
   90.00      0.3823E-03
   90.10      0.3818E-03
   90.20      0.3812E-03
   90.30      0.3806E-03
   90.40      0.3799E-03
   90.50      0.3791E-03
   90.60      0.3783E-03
   90.70      0.3775E-03
   90.80      0.3765E-03
   90.90      0.3756E-03
   91.00      0.3745E-03
   91.10      0.3734E-03
   91.20      0.3723E-03
   91.30      0.3710E-03
   91.40      0.3697E-03
   91.50      0.3684E-03
   91.60      0.3670E-03
   91.70      0.3655E-03
   91.80      0.3640E-03
   91.90      0.3624E-03
   92.00      0.3608E-03
   92.10      0.3591E-03
   92.20      0.3573E-03
   92.30      0.3555E-03
   92.40      0.3537E-03
   92.50      0.3518E-03
   92.60      0.3498E-03
   92.70      0.3478E-03
   92.80      0.3457E-03
   92.90      0.3436E-03
   93.00      0.3414E-03
   93.10      0.3392E-03
   93.20      0.3369E-03
   93.30      0.3346E-03
   93.40      0.3322E-03
   93.50      0.3298E-03
   93.60      0.3273E-03
   93.70      0.3248E-03
   93.80      0.3223E-03
   93.90      0.3197E-03
   94.00      0.3171E-03
   94.10      0.3144E-03
   94.20      0.3117E-03
   94.30      0.3090E-03
   94.40      0.3062E-03
   94.50      0.3034E-03
   94.60      0.3005E-03
   94.70      0.2976E-03
   94.80      0.2947E-03
   94.90      0.2917E-03
   95.00      0.2887E-03
   95.10      0.2857E-03
   95.20      0.2826E-03
   95.30      0.2796E-03
   95.40      0.2764E-03
   95.50      0.2733E-03
   95.60      0.2702E-03
   95.70      0.2670E-03
   95.80      0.2638E-03
   95.90      0.2606E-03
   96.00      0.2574E-03
   96.10      0.2541E-03
   96.20      0.2509E-03
   96.30      0.2476E-03
   96.40      0.2444E-03
   96.50      0.2411E-03
   96.60      0.2379E-03
   96.70      0.2346E-03
   96.80      0.2314E-03
   96.90      0.2281E-03
   97.00      0.2249E-03
   97.10      0.2217E-03
   97.20      0.2185E-03
   97.30      0.2153E-03
   97.40      0.2121E-03
   97.50      0.2090E-03
   97.60      0.2058E-03
   97.70      0.2028E-03
   97.80      0.1997E-03
   97.90      0.1967E-03
   98.00      0.1937E-03
   98.10      0.1907E-03
   98.20      0.1878E-03
   98.30      0.1849E-03
   98.40      0.1821E-03
   98.50      0.1793E-03
   98.60      0.1766E-03
   98.70      0.1739E-03
   98.80      0.1712E-03
   98.90      0.1687E-03
   99.00      0.1661E-03
   99.10      0.1636E-03
   99.20      0.1612E-03
   99.30      0.1588E-03
   99.40      0.1564E-03
   99.50      0.1542E-03
   99.60      0.1519E-03
   99.70      0.1498E-03
   99.80      0.1476E-03
   99.90      0.1456E-03
   100.0      0.1435E-03
   100.1      0.1416E-03
   100.2      0.1397E-03
   100.3      0.1378E-03
   100.4      0.1360E-03
   100.5      0.1342E-03
   100.6      0.1325E-03
   100.7      0.1308E-03
   100.8      0.1292E-03
   100.9      0.1276E-03
   101.0      0.1261E-03
   101.1      0.1246E-03
   101.2      0.1231E-03
   101.3      0.1217E-03
   101.4      0.1204E-03
   101.5      0.1190E-03
   101.6      0.1177E-03
   101.7      0.1165E-03
   101.8      0.1153E-03
   101.9      0.1141E-03
   102.0      0.1130E-03
   102.1      0.1118E-03
   102.2      0.1108E-03
   102.3      0.1097E-03
   102.4      0.1087E-03
   102.5      0.1077E-03
   102.6      0.1068E-03
   102.7      0.1059E-03
   102.8      0.1050E-03
   102.9      0.1041E-03
   103.0      0.1033E-03
   103.1      0.1025E-03
   103.2      0.1017E-03
   103.3      0.1009E-03
   103.4      0.1002E-03
   103.5      0.9952E-04
   103.6      0.9885E-04
   103.7      0.9820E-04
   103.8      0.9758E-04
   103.9      0.9697E-04
   104.0      0.9640E-04
   104.1      0.9584E-04
   104.2      0.9531E-04
   104.3      0.9479E-04
   104.4      0.9430E-04
   104.5      0.9382E-04
   104.6      0.9337E-04
   104.7      0.9293E-04
   104.8      0.9251E-04
   104.9      0.9210E-04
   105.0      0.9171E-04
   105.1      0.9133E-04
   105.2      0.9097E-04
   105.3      0.9061E-04
   105.4      0.9027E-04
   105.5      0.8994E-04
   105.6      0.8961E-04
   105.7      0.8929E-04
   105.8      0.8898E-04
   105.9      0.8868E-04
   106.0      0.8837E-04
   106.1      0.8807E-04
   106.2      0.8777E-04
   106.3      0.8747E-04
   106.4      0.8717E-04
   106.5      0.8687E-04
   106.6      0.8657E-04
   106.7      0.8626E-04
   106.8      0.8595E-04
   106.9      0.8564E-04
   107.0      0.8532E-04
   107.1      0.8499E-04
   107.2      0.8465E-04
   107.3      0.8431E-04
   107.4      0.8396E-04
   107.5      0.8360E-04
   107.6      0.8323E-04
   107.7      0.8285E-04
   107.8      0.8247E-04
   107.9      0.8207E-04
   108.0      0.8167E-04
   108.1      0.8126E-04
   108.2      0.8084E-04
   108.3      0.8040E-04
   108.4      0.7997E-04
   108.5      0.7952E-04
   108.6      0.7906E-04
   108.7      0.7860E-04
   108.8      0.7813E-04
   108.9      0.7765E-04
   109.0      0.7717E-04
   109.1      0.7668E-04
   109.2      0.7619E-04
   109.3      0.7569E-04
   109.4      0.7519E-04
   109.5      0.7468E-04
   109.6      0.7418E-04
   109.7      0.7366E-04
   109.8      0.7315E-04
   109.9      0.7263E-04
   110.0      0.7211E-04
   110.1      0.7160E-04
   110.2      0.7108E-04
   110.3      0.7055E-04
   110.4      0.7003E-04
   110.5      0.6951E-04
   110.6      0.6899E-04
   110.7      0.6847E-04
   110.8      0.6795E-04
   110.9      0.6742E-04
   111.0      0.6690E-04
   111.1      0.6638E-04
   111.2      0.6586E-04
   111.3      0.6533E-04
   111.4      0.6481E-04
   111.5      0.6429E-04
   111.6      0.6376E-04
   111.7      0.6324E-04
   111.8      0.6271E-04
   111.9      0.6218E-04
   112.0      0.6165E-04
   112.1      0.6112E-04
   112.2      0.6058E-04
   112.3      0.6005E-04
   112.4      0.5951E-04
   112.5      0.5897E-04
   112.6      0.5843E-04
   112.7      0.5788E-04
   112.8      0.5733E-04
   112.9      0.5678E-04
   113.0      0.5623E-04
   113.1      0.5567E-04
   113.2      0.5512E-04
   113.3      0.5456E-04
   113.4      0.5399E-04
   113.5      0.5343E-04
   113.6      0.5287E-04
   113.7      0.5230E-04
   113.8      0.5174E-04
   113.9      0.5117E-04
   114.0      0.5061E-04
   114.1      0.5004E-04
   114.2      0.4948E-04
   114.3      0.4892E-04
   114.4      0.4836E-04
   114.5      0.4780E-04
   114.6      0.4725E-04
   114.7      0.4670E-04
   114.8      0.4616E-04
   114.9      0.4562E-04
   115.0      0.4508E-04
   115.1      0.4455E-04
   115.2      0.4403E-04
   115.3      0.4352E-04
   115.4      0.4301E-04
   115.5      0.4250E-04
   115.6      0.4201E-04
   115.7      0.4152E-04
   115.8      0.4104E-04
   115.9      0.4057E-04
   116.0      0.4011E-04
   116.1      0.3965E-04
   116.2      0.3921E-04
   116.3      0.3877E-04
   116.4      0.3834E-04
   116.5      0.3791E-04
   116.6      0.3749E-04
   116.7      0.3709E-04
   116.8      0.3668E-04
   116.9      0.3629E-04
   117.0      0.3590E-04
   117.1      0.3551E-04
   117.2      0.3513E-04
   117.3      0.3476E-04
   117.4      0.3439E-04
   117.5      0.3403E-04
   117.6      0.3367E-04
   117.7      0.3331E-04
   117.8      0.3296E-04
   117.9      0.3261E-04
   118.0      0.3226E-04
   118.1      0.3192E-04
   118.2      0.3157E-04
   118.3      0.3123E-04
   118.4      0.3089E-04
   118.5      0.3056E-04
   118.6      0.3022E-04
   118.7      0.2989E-04
   118.8      0.2955E-04
   118.9      0.2922E-04
   119.0      0.2890E-04
   119.1      0.2857E-04
   119.2      0.2825E-04
   119.3      0.2792E-04
   119.4      0.2761E-04
   119.5      0.2729E-04
   119.6      0.2698E-04
   119.7      0.2667E-04
   119.8      0.2637E-04
   119.9      0.2607E-04
   120.0      0.2578E-04
   120.1      0.2549E-04
   120.2      0.2521E-04
   120.3      0.2494E-04
   120.4      0.2468E-04
   120.5      0.2442E-04
   120.6      0.2417E-04
   120.7      0.2393E-04
   120.8      0.2371E-04
   120.9      0.2349E-04
   121.0      0.2328E-04
   121.1      0.2308E-04
   121.2      0.2289E-04
   121.3      0.2272E-04
   121.4      0.2255E-04
   121.5      0.2240E-04
   121.6      0.2225E-04
   121.7      0.2212E-04
   121.8      0.2200E-04
   121.9      0.2189E-04
   122.0      0.2180E-04
   122.1      0.2171E-04
   122.2      0.2163E-04
   122.3      0.2156E-04
   122.4      0.2150E-04
   122.5      0.2146E-04
   122.6      0.2141E-04
   122.7      0.2138E-04
   122.8      0.2136E-04
   122.9      0.2134E-04
   123.0      0.2132E-04
   123.1      0.2131E-04
   123.2      0.2131E-04
   123.3      0.2131E-04
   123.4      0.2131E-04
   123.5      0.2132E-04
   123.6      0.2133E-04
   123.7      0.2134E-04
   123.8      0.2135E-04
   123.9      0.2135E-04
   124.0      0.2136E-04
   124.1      0.2137E-04
   124.2      0.2138E-04
   124.3      0.2138E-04
   124.4      0.2138E-04
   124.5      0.2138E-04
   124.6      0.2138E-04
   124.7      0.2137E-04
   124.8      0.2136E-04
   124.9      0.2134E-04
   125.0      0.2133E-04
   125.1      0.2131E-04
   125.2      0.2128E-04
   125.3      0.2125E-04
   125.4      0.2122E-04
   125.5      0.2119E-04
   125.6      0.2115E-04
   125.7      0.2111E-04
   125.8      0.2107E-04
   125.9      0.2103E-04
   126.0      0.2098E-04
   126.1      0.2094E-04
   126.2      0.2089E-04
   126.3      0.2084E-04
   126.4      0.2080E-04
   126.5      0.2075E-04
   126.6      0.2070E-04
   126.7      0.2065E-04
   126.8      0.2061E-04
   126.9      0.2056E-04
   127.0      0.2052E-04
   127.1      0.2048E-04
   127.2      0.2044E-04
   127.3      0.2040E-04
   127.4      0.2036E-04
   127.5      0.2033E-04
   127.6      0.2029E-04
   127.7      0.2026E-04
   127.8      0.2023E-04
   127.9      0.2020E-04
   128.0      0.2017E-04
   128.1      0.2014E-04
   128.2      0.2011E-04
   128.3      0.2008E-04
   128.4      0.2004E-04
   128.5      0.2001E-04
   128.6      0.1998E-04
   128.7      0.1994E-04
   128.8      0.1990E-04
   128.9      0.1985E-04
   129.0      0.1981E-04
   129.1      0.1976E-04
   129.2      0.1970E-04
   129.3      0.1964E-04
   129.4      0.1957E-04
   129.5      0.1949E-04
   129.6      0.1941E-04
   129.7      0.1933E-04
   129.8      0.1923E-04
   129.9      0.1913E-04
   130.0      0.1902E-04
   130.1      0.1890E-04
   130.2      0.1878E-04
   130.3      0.1865E-04
   130.4      0.1850E-04
   130.5      0.1836E-04
   130.6      0.1820E-04
   130.7      0.1804E-04
   130.8      0.1787E-04
   130.9      0.1769E-04
   131.0      0.1751E-04
   131.1      0.1732E-04
   131.2      0.1712E-04
   131.3      0.1692E-04
   131.4      0.1672E-04
   131.5      0.1651E-04
   131.6      0.1630E-04
   131.7      0.1608E-04
   131.8      0.1587E-04
   131.9      0.1565E-04
   132.0      0.1543E-04
   132.1      0.1521E-04
   132.2      0.1499E-04
   132.3      0.1478E-04
   132.4      0.1456E-04
   132.5      0.1435E-04
   132.6      0.1414E-04
   132.7      0.1393E-04
   132.8      0.1373E-04
   132.9      0.1353E-04
   133.0      0.1333E-04
   133.1      0.1314E-04
   133.2      0.1295E-04
   133.3      0.1277E-04
   133.4      0.1260E-04
   133.5      0.1243E-04
   133.6      0.1226E-04
   133.7      0.1210E-04
   133.8      0.1194E-04
   133.9      0.1179E-04
   134.0      0.1164E-04
   134.1      0.1150E-04
   134.2      0.1136E-04
   134.3      0.1122E-04
   134.4      0.1109E-04
   134.5      0.1096E-04
   134.6      0.1084E-04
   134.7      0.1071E-04
   134.8      0.1059E-04
   134.9      0.1047E-04
   135.0      0.1035E-04
   135.1      0.1023E-04
   135.2      0.1010E-04
   135.3      0.9984E-05
   135.4      0.9863E-05
   135.5      0.9741E-05
   135.6      0.9617E-05
   135.7      0.9493E-05
   135.8      0.9366E-05
   135.9      0.9238E-05
   136.0      0.9109E-05
   136.1      0.8977E-05
   136.2      0.8844E-05
   136.3      0.8709E-05
   136.4      0.8572E-05
   136.5      0.8434E-05
   136.6      0.8295E-05
   136.7      0.8155E-05
   136.8      0.8014E-05
   136.9      0.7873E-05
   137.0      0.7732E-05
   137.1      0.7591E-05
   137.2      0.7452E-05
   137.3      0.7313E-05
   137.4      0.7177E-05
   137.5      0.7043E-05
   137.6      0.6912E-05
   137.7      0.6784E-05
   137.8      0.6660E-05
   137.9      0.6540E-05
   138.0      0.6425E-05
   138.1      0.6314E-05
   138.2      0.6210E-05
   138.3      0.6111E-05
   138.4      0.6018E-05
   138.5      0.5932E-05
   138.6      0.5852E-05
   138.7      0.5779E-05
   138.8      0.5713E-05
   138.9      0.5654E-05
   139.0      0.5602E-05
   139.1      0.5556E-05
   139.2      0.5518E-05
   139.3      0.5486E-05
   139.4      0.5461E-05
   139.5      0.5442E-05
   139.6      0.5429E-05
   139.7      0.5422E-05
   139.8      0.5419E-05
   139.9      0.5422E-05
   140.0      0.5428E-05
   140.1      0.5439E-05
   140.2      0.5453E-05
   140.3      0.5469E-05
   140.4      0.5488E-05
   140.5      0.5509E-05
   140.6      0.5530E-05
   140.7      0.5553E-05
   140.8      0.5576E-05
   140.9      0.5598E-05
   141.0      0.5620E-05
   141.1      0.5640E-05
   141.2      0.5659E-05
   141.3      0.5676E-05
   141.4      0.5691E-05
   141.5      0.5704E-05
   141.6      0.5714E-05
   141.7      0.5722E-05
   141.8      0.5726E-05
   141.9      0.5728E-05
   142.0      0.5727E-05
   142.1      0.5724E-05
   142.2      0.5718E-05
   142.3      0.5710E-05
   142.4      0.5699E-05
   142.5      0.5687E-05
   142.6      0.5674E-05
   142.7      0.5659E-05
   142.8      0.5644E-05
   142.9      0.5629E-05
   143.0      0.5614E-05
   143.1      0.5600E-05
   143.2      0.5587E-05
   143.3      0.5576E-05
   143.4      0.5568E-05
   143.5      0.5562E-05
   143.6      0.5559E-05
   143.7      0.5560E-05
   143.8      0.5566E-05
   143.9      0.5576E-05
   144.0      0.5590E-05
   144.1      0.5611E-05
   144.2      0.5636E-05
   144.3      0.5667E-05
   144.4      0.5704E-05
   144.5      0.5747E-05
   144.6      0.5796E-05
   144.7      0.5851E-05
   144.8      0.5912E-05
   144.9      0.5978E-05
   145.0      0.6050E-05
   145.1      0.6127E-05
   145.2      0.6209E-05
   145.3      0.6295E-05
   145.4      0.6386E-05
   145.5      0.6479E-05
   145.6      0.6576E-05
   145.7      0.6675E-05
   145.8      0.6775E-05
   145.9      0.6877E-05
   146.0      0.6979E-05
   146.1      0.7081E-05
   146.2      0.7182E-05
   146.3      0.7282E-05
   146.4      0.7379E-05
   146.5      0.7473E-05
   146.6      0.7564E-05
   146.7      0.7651E-05
   146.8      0.7733E-05
   146.9      0.7809E-05
   147.0      0.7880E-05
   147.1      0.7946E-05
   147.2      0.8004E-05
   147.3      0.8056E-05
   147.4      0.8101E-05
   147.5      0.8139E-05
   147.6      0.8170E-05
   147.7      0.8193E-05
   147.8      0.8209E-05
   147.9      0.8219E-05
   148.0      0.8221E-05
   148.1      0.8217E-05
   148.2      0.8206E-05
   148.3      0.8190E-05
   148.4      0.8168E-05
   148.5      0.8141E-05
   148.6      0.8110E-05
   148.7      0.8074E-05
   148.8      0.8036E-05
   148.9      0.7994E-05
   149.0      0.7951E-05
   149.1      0.7906E-05
   149.2      0.7860E-05
   149.3      0.7814E-05
   149.4      0.7768E-05
   149.5      0.7723E-05
   149.6      0.7680E-05
   149.7      0.7640E-05
   149.8      0.7601E-05
   149.9      0.7566E-05
   150.0      0.7535E-05
   150.1      0.7507E-05
   150.2      0.7483E-05
   150.3      0.7464E-05
   150.4      0.7449E-05
   150.5      0.7439E-05
   150.6      0.7433E-05
   150.7      0.7432E-05
   150.8      0.7435E-05
   150.9      0.7442E-05
   151.0      0.7454E-05
   151.1      0.7468E-05
   151.2      0.7486E-05
   151.3      0.7507E-05
   151.4      0.7530E-05
   151.5      0.7555E-05
   151.6      0.7580E-05
   151.7      0.7607E-05
   151.8      0.7633E-05
   151.9      0.7658E-05
   152.0      0.7682E-05
   152.1      0.7705E-05
   152.2      0.7724E-05
   152.3      0.7740E-05
   152.4      0.7752E-05
   152.5      0.7760E-05
   152.6      0.7762E-05
   152.7      0.7760E-05
   152.8      0.7751E-05
   152.9      0.7736E-05
   153.0      0.7714E-05
   153.1      0.7686E-05
   153.2      0.7650E-05
   153.3      0.7608E-05
   153.4      0.7558E-05
   153.5      0.7501E-05
   153.6      0.7437E-05
   153.7      0.7366E-05
   153.8      0.7289E-05
   153.9      0.7206E-05
   154.0      0.7117E-05
   154.1      0.7023E-05
   154.2      0.6924E-05
   154.3      0.6821E-05
   154.4      0.6714E-05
   154.5      0.6605E-05
   154.6      0.6494E-05
   154.7      0.6381E-05
   154.8      0.6268E-05
   154.9      0.6155E-05
   155.0      0.6044E-05
   155.1      0.5934E-05
   155.2      0.5826E-05
   155.3      0.5722E-05
   155.4      0.5622E-05
   155.5      0.5526E-05
   155.6      0.5436E-05
   155.7      0.5351E-05
   155.8      0.5273E-05
   155.9      0.5201E-05
   156.0      0.5137E-05
   156.1      0.5080E-05
   156.2      0.5030E-05
   156.3      0.4988E-05
   156.4      0.4954E-05
   156.5      0.4927E-05
   156.6      0.4908E-05
   156.7      0.4897E-05
   156.8      0.4892E-05
   156.9      0.4894E-05
   157.0      0.4902E-05
   157.1      0.4915E-05
   157.2      0.4934E-05
   157.3      0.4958E-05
   157.4      0.4985E-05
   157.5      0.5015E-05
   157.6      0.5048E-05
   157.7      0.5082E-05
   157.8      0.5117E-05
   157.9      0.5152E-05
   158.0      0.5186E-05
   158.1      0.5219E-05
   158.2      0.5250E-05
   158.3      0.5277E-05
   158.4      0.5301E-05
   158.5      0.5320E-05
   158.6      0.5335E-05
   158.7      0.5344E-05
   158.8      0.5347E-05
   158.9      0.5344E-05
   159.0      0.5334E-05
   159.1      0.5318E-05
   159.2      0.5294E-05
   159.3      0.5264E-05
   159.4      0.5227E-05
   159.5      0.5183E-05
   159.6      0.5132E-05
   159.7      0.5075E-05
   159.8      0.5012E-05
   159.9      0.4944E-05
   160.0      0.4871E-05
   160.1      0.4793E-05
   160.2      0.4712E-05
   160.3      0.4628E-05
   160.4      0.4542E-05
   160.5      0.4454E-05
   160.6      0.4366E-05
   160.7      0.4278E-05
   160.8      0.4192E-05
   160.9      0.4107E-05
   161.0      0.4025E-05
   161.1      0.3947E-05
   161.2      0.3873E-05
   161.3      0.3804E-05
   161.4      0.3742E-05
   161.5      0.3686E-05
   161.6      0.3637E-05
   161.7      0.3596E-05
   161.8      0.3563E-05
   161.9      0.3539E-05
   162.0      0.3524E-05
   162.1      0.3517E-05
   162.2      0.3520E-05
   162.3      0.3532E-05
   162.4      0.3553E-05
   162.5      0.3583E-05
   162.6      0.3622E-05
   162.7      0.3669E-05
   162.8      0.3724E-05
   162.9      0.3787E-05
   163.0      0.3856E-05
   163.1      0.3932E-05
   163.2      0.4013E-05
   163.3      0.4099E-05
   163.4      0.4189E-05
   163.5      0.4282E-05
   163.6      0.4377E-05
   163.7      0.4474E-05
   163.8      0.4571E-05
   163.9      0.4668E-05
   164.0      0.4763E-05
   164.1      0.4857E-05
   164.2      0.4948E-05
   164.3      0.5035E-05
   164.4      0.5118E-05
   164.5      0.5197E-05
   164.6      0.5270E-05
   164.7      0.5337E-05
   164.8      0.5398E-05
   164.9      0.5452E-05
   165.0      0.5500E-05
   165.1      0.5540E-05
   165.2      0.5574E-05
   165.3      0.5601E-05
   165.4      0.5622E-05
   165.5      0.5636E-05
   165.6      0.5645E-05
   165.7      0.5648E-05
   165.8      0.5646E-05
   165.9      0.5640E-05
   166.0      0.5630E-05
   166.1      0.5618E-05
   166.2      0.5604E-05
   166.3      0.5589E-05
   166.4      0.5575E-05
   166.5      0.5561E-05
   166.6      0.5549E-05
   166.7      0.5540E-05
   166.8      0.5536E-05
   166.9      0.5536E-05
   167.0      0.5543E-05
   167.1      0.5556E-05
   167.2      0.5578E-05
   167.3      0.5608E-05
   167.4      0.5649E-05
   167.5      0.5699E-05
   167.6      0.5761E-05
   167.7      0.5834E-05
   167.8      0.5919E-05
   167.9      0.6017E-05
   168.0      0.6127E-05
   168.1      0.6250E-05
   168.2      0.6387E-05
   168.3      0.6536E-05
   168.4      0.6698E-05
   168.5      0.6873E-05
   168.6      0.7060E-05
   168.7      0.7258E-05
   168.8      0.7468E-05
   168.9      0.7689E-05
   169.0      0.7919E-05
   169.1      0.8158E-05
   169.2      0.8406E-05
   169.3      0.8661E-05
   169.4      0.8922E-05
   169.5      0.9188E-05
   169.6      0.9459E-05
   169.7      0.9733E-05
   169.8      0.1001E-04
   169.9      0.1029E-04
   170.0      0.1056E-04
   170.1      0.1084E-04
   170.2      0.1111E-04
   170.3      0.1138E-04
   170.4      0.1165E-04
   170.5      0.1191E-04
   170.6      0.1217E-04
   170.7      0.1242E-04
   170.8      0.1266E-04
   170.9      0.1290E-04
   171.0      0.1313E-04
   171.1      0.1335E-04
   171.2      0.1356E-04
   171.3      0.1377E-04
   171.4      0.1397E-04
   171.5      0.1416E-04
   171.6      0.1434E-04
   171.7      0.1451E-04
   171.8      0.1468E-04
   171.9      0.1483E-04
   172.0      0.1499E-04
   172.1      0.1513E-04
   172.2      0.1527E-04
   172.3      0.1541E-04
   172.4      0.1554E-04
   172.5      0.1567E-04
   172.6      0.1580E-04
   172.7      0.1593E-04
   172.8      0.1605E-04
   172.9      0.1618E-04
   173.0      0.1630E-04
   173.1      0.1643E-04
   173.2      0.1656E-04
   173.3      0.1669E-04
   173.4      0.1683E-04
   173.5      0.1696E-04
   173.6      0.1711E-04
   173.7      0.1725E-04
   173.8      0.1740E-04
   173.9      0.1756E-04
   174.0      0.1772E-04
   174.1      0.1789E-04
   174.2      0.1805E-04
   174.3      0.1823E-04
   174.4      0.1840E-04
   174.5      0.1858E-04
   174.6      0.1877E-04
   174.7      0.1895E-04
   174.8      0.1914E-04
   174.9      0.1932E-04
   175.0      0.1951E-04
   175.1      0.1970E-04
   175.2      0.1988E-04
   175.3      0.2006E-04
   175.4      0.2024E-04
   175.5      0.2041E-04
   175.6      0.2058E-04
   175.7      0.2073E-04
   175.8      0.2089E-04
   175.9      0.2103E-04
   176.0      0.2116E-04
   176.1      0.2128E-04
   176.2      0.2139E-04
   176.3      0.2149E-04
   176.4      0.2158E-04
   176.5      0.2165E-04
   176.6      0.2171E-04
   176.7      0.2176E-04
   176.8      0.2180E-04
   176.9      0.2182E-04
   177.0      0.2182E-04
   177.1      0.2181E-04
   177.2      0.2179E-04
   177.3      0.2176E-04
   177.4      0.2171E-04
   177.5      0.2165E-04
   177.6      0.2159E-04
   177.7      0.2151E-04
   177.8      0.2142E-04
   177.9      0.2132E-04
   178.0      0.2122E-04
   178.1      0.2111E-04
   178.2      0.2100E-04
   178.3      0.2088E-04
   178.4      0.2076E-04
   178.5      0.2064E-04
   178.6      0.2052E-04
   178.7      0.2040E-04
   178.8      0.2028E-04
   178.9      0.2017E-04
   179.0      0.2007E-04
   179.1      0.1997E-04
   179.2      0.1987E-04
   179.3      0.1979E-04
   179.4      0.1971E-04
   179.5      0.1965E-04
   179.6      0.1960E-04
   179.7      0.1955E-04
   179.8      0.1952E-04
   179.9      0.1950E-04
   180.0      0.1950E-04
 END
