#1801 angles,  1 tensor ranks for 0=projectile
@subtitle   "12C(7Li,6Li)13C @ Ed=35 MeV;"                                                  
@legend ON
@legend x1 0.2
@legend y1 0.8
@g0 type LOGY
@yaxis ticklabel format power
@legend string   0 "Lab energy =   35.0000"
#legend string   0 "Partition=  2 Excit=  2 near/far= 1"
#  Theta       sigma       iT11        T20         T21         T22         Kyy for projectile
   0.000      0.9331E-01
  0.1000      0.9331E-01
  0.2000      0.9330E-01
  0.3000      0.9329E-01
  0.4000      0.9327E-01
  0.5000      0.9324E-01
  0.6000      0.9321E-01
  0.7000      0.9318E-01
  0.8000      0.9313E-01
  0.9000      0.9309E-01
   1.000      0.9303E-01
   1.100      0.9297E-01
   1.200      0.9291E-01
   1.300      0.9284E-01
   1.400      0.9276E-01
   1.500      0.9267E-01
   1.600      0.9258E-01
   1.700      0.9248E-01
   1.800      0.9238E-01
   1.900      0.9226E-01
   2.000      0.9215E-01
   2.100      0.9202E-01
   2.200      0.9188E-01
   2.300      0.9174E-01
   2.400      0.9159E-01
   2.500      0.9144E-01
   2.600      0.9127E-01
   2.700      0.9110E-01
   2.800      0.9091E-01
   2.900      0.9072E-01
   3.000      0.9052E-01
   3.100      0.9031E-01
   3.200      0.9009E-01
   3.300      0.8987E-01
   3.400      0.8963E-01
   3.500      0.8938E-01
   3.600      0.8912E-01
   3.700      0.8886E-01
   3.800      0.8858E-01
   3.900      0.8829E-01
   4.000      0.8799E-01
   4.100      0.8768E-01
   4.200      0.8736E-01
   4.300      0.8703E-01
   4.400      0.8669E-01
   4.500      0.8634E-01
   4.600      0.8597E-01
   4.700      0.8560E-01
   4.800      0.8521E-01
   4.900      0.8482E-01
   5.000      0.8441E-01
   5.100      0.8399E-01
   5.200      0.8356E-01
   5.300      0.8311E-01
   5.400      0.8266E-01
   5.500      0.8219E-01
   5.600      0.8171E-01
   5.700      0.8123E-01
   5.800      0.8073E-01
   5.900      0.8022E-01
   6.000      0.7969E-01
   6.100      0.7916E-01
   6.200      0.7862E-01
   6.300      0.7806E-01
   6.400      0.7750E-01
   6.500      0.7692E-01
   6.600      0.7634E-01
   6.700      0.7574E-01
   6.800      0.7514E-01
   6.900      0.7452E-01
   7.000      0.7390E-01
   7.100      0.7327E-01
   7.200      0.7263E-01
   7.300      0.7198E-01
   7.400      0.7132E-01
   7.500      0.7065E-01
   7.600      0.6998E-01
   7.700      0.6930E-01
   7.800      0.6861E-01
   7.900      0.6791E-01
   8.000      0.6721E-01
   8.100      0.6650E-01
   8.200      0.6579E-01
   8.300      0.6507E-01
   8.400      0.6435E-01
   8.500      0.6362E-01
   8.600      0.6289E-01
   8.700      0.6215E-01
   8.800      0.6141E-01
   8.900      0.6067E-01
   9.000      0.5993E-01
   9.100      0.5918E-01
   9.200      0.5843E-01
   9.300      0.5769E-01
   9.400      0.5694E-01
   9.500      0.5619E-01
   9.600      0.5544E-01
   9.700      0.5469E-01
   9.800      0.5394E-01
   9.900      0.5319E-01
   10.00      0.5245E-01
   10.10      0.5171E-01
   10.20      0.5096E-01
   10.30      0.5023E-01
   10.40      0.4949E-01
   10.50      0.4876E-01
   10.60      0.4804E-01
   10.70      0.4732E-01
   10.80      0.4660E-01
   10.90      0.4589E-01
   11.00      0.4519E-01
   11.10      0.4449E-01
   11.20      0.4380E-01
   11.30      0.4311E-01
   11.40      0.4244E-01
   11.50      0.4177E-01
   11.60      0.4110E-01
   11.70      0.4045E-01
   11.80      0.3980E-01
   11.90      0.3917E-01
   12.00      0.3854E-01
   12.10      0.3792E-01
   12.20      0.3731E-01
   12.30      0.3671E-01
   12.40      0.3612E-01
   12.50      0.3554E-01
   12.60      0.3497E-01
   12.70      0.3441E-01
   12.80      0.3386E-01
   12.90      0.3332E-01
   13.00      0.3280E-01
   13.10      0.3228E-01
   13.20      0.3177E-01
   13.30      0.3128E-01
   13.40      0.3080E-01
   13.50      0.3033E-01
   13.60      0.2987E-01
   13.70      0.2942E-01
   13.80      0.2898E-01
   13.90      0.2856E-01
   14.00      0.2815E-01
   14.10      0.2774E-01
   14.20      0.2735E-01
   14.30      0.2697E-01
   14.40      0.2661E-01
   14.50      0.2625E-01
   14.60      0.2591E-01
   14.70      0.2557E-01
   14.80      0.2525E-01
   14.90      0.2494E-01
   15.00      0.2464E-01
   15.10      0.2435E-01
   15.20      0.2407E-01
   15.30      0.2380E-01
   15.40      0.2354E-01
   15.50      0.2329E-01
   15.60      0.2305E-01
   15.70      0.2283E-01
   15.80      0.2261E-01
   15.90      0.2240E-01
   16.00      0.2220E-01
   16.10      0.2201E-01
   16.20      0.2182E-01
   16.30      0.2165E-01
   16.40      0.2148E-01
   16.50      0.2133E-01
   16.60      0.2118E-01
   16.70      0.2104E-01
   16.80      0.2090E-01
   16.90      0.2078E-01
   17.00      0.2066E-01
   17.10      0.2054E-01
   17.20      0.2044E-01
   17.30      0.2033E-01
   17.40      0.2024E-01
   17.50      0.2015E-01
   17.60      0.2007E-01
   17.70      0.1999E-01
   17.80      0.1992E-01
   17.90      0.1985E-01
   18.00      0.1979E-01
   18.10      0.1973E-01
   18.20      0.1967E-01
   18.30      0.1962E-01
   18.40      0.1957E-01
   18.50      0.1952E-01
   18.60      0.1948E-01
   18.70      0.1944E-01
   18.80      0.1941E-01
   18.90      0.1937E-01
   19.00      0.1934E-01
   19.10      0.1931E-01
   19.20      0.1928E-01
   19.30      0.1926E-01
   19.40      0.1923E-01
   19.50      0.1921E-01
   19.60      0.1918E-01
   19.70      0.1916E-01
   19.80      0.1914E-01
   19.90      0.1912E-01
   20.00      0.1910E-01
   20.10      0.1907E-01
   20.20      0.1905E-01
   20.30      0.1903E-01
   20.40      0.1901E-01
   20.50      0.1899E-01
   20.60      0.1896E-01
   20.70      0.1894E-01
   20.80      0.1891E-01
   20.90      0.1889E-01
   21.00      0.1886E-01
   21.10      0.1883E-01
   21.20      0.1880E-01
   21.30      0.1877E-01
   21.40      0.1874E-01
   21.50      0.1870E-01
   21.60      0.1867E-01
   21.70      0.1863E-01
   21.80      0.1859E-01
   21.90      0.1855E-01
   22.00      0.1851E-01
   22.10      0.1846E-01
   22.20      0.1841E-01
   22.30      0.1837E-01
   22.40      0.1831E-01
   22.50      0.1826E-01
   22.60      0.1821E-01
   22.70      0.1815E-01
   22.80      0.1809E-01
   22.90      0.1803E-01
   23.00      0.1797E-01
   23.10      0.1790E-01
   23.20      0.1783E-01
   23.30      0.1776E-01
   23.40      0.1769E-01
   23.50      0.1762E-01
   23.60      0.1754E-01
   23.70      0.1747E-01
   23.80      0.1739E-01
   23.90      0.1731E-01
   24.00      0.1722E-01
   24.10      0.1714E-01
   24.20      0.1705E-01
   24.30      0.1696E-01
   24.40      0.1687E-01
   24.50      0.1678E-01
   24.60      0.1669E-01
   24.70      0.1660E-01
   24.80      0.1650E-01
   24.90      0.1640E-01
   25.00      0.1631E-01
   25.10      0.1621E-01
   25.20      0.1611E-01
   25.30      0.1600E-01
   25.40      0.1590E-01
   25.50      0.1580E-01
   25.60      0.1569E-01
   25.70      0.1559E-01
   25.80      0.1548E-01
   25.90      0.1537E-01
   26.00      0.1526E-01
   26.10      0.1516E-01
   26.20      0.1505E-01
   26.30      0.1494E-01
   26.40      0.1483E-01
   26.50      0.1472E-01
   26.60      0.1461E-01
   26.70      0.1450E-01
   26.80      0.1439E-01
   26.90      0.1428E-01
   27.00      0.1416E-01
   27.10      0.1405E-01
   27.20      0.1394E-01
   27.30      0.1383E-01
   27.40      0.1372E-01
   27.50      0.1361E-01
   27.60      0.1350E-01
   27.70      0.1339E-01
   27.80      0.1328E-01
   27.90      0.1317E-01
   28.00      0.1307E-01
   28.10      0.1296E-01
   28.20      0.1285E-01
   28.30      0.1275E-01
   28.40      0.1264E-01
   28.50      0.1253E-01
   28.60      0.1243E-01
   28.70      0.1233E-01
   28.80      0.1222E-01
   28.90      0.1212E-01
   29.00      0.1202E-01
   29.10      0.1192E-01
   29.20      0.1182E-01
   29.30      0.1172E-01
   29.40      0.1163E-01
   29.50      0.1153E-01
   29.60      0.1143E-01
   29.70      0.1134E-01
   29.80      0.1125E-01
   29.90      0.1115E-01
   30.00      0.1106E-01
   30.10      0.1097E-01
   30.20      0.1088E-01
   30.30      0.1079E-01
   30.40      0.1071E-01
   30.50      0.1062E-01
   30.60      0.1054E-01
   30.70      0.1045E-01
   30.80      0.1037E-01
   30.90      0.1029E-01
   31.00      0.1021E-01
   31.10      0.1013E-01
   31.20      0.1005E-01
   31.30      0.9969E-02
   31.40      0.9892E-02
   31.50      0.9817E-02
   31.60      0.9742E-02
   31.70      0.9669E-02
   31.80      0.9596E-02
   31.90      0.9524E-02
   32.00      0.9454E-02
   32.10      0.9384E-02
   32.20      0.9315E-02
   32.30      0.9248E-02
   32.40      0.9181E-02
   32.50      0.9115E-02
   32.60      0.9050E-02
   32.70      0.8986E-02
   32.80      0.8922E-02
   32.90      0.8860E-02
   33.00      0.8798E-02
   33.10      0.8738E-02
   33.20      0.8677E-02
   33.30      0.8618E-02
   33.40      0.8560E-02
   33.50      0.8502E-02
   33.60      0.8445E-02
   33.70      0.8389E-02
   33.80      0.8333E-02
   33.90      0.8278E-02
   34.00      0.8224E-02
   34.10      0.8170E-02
   34.20      0.8117E-02
   34.30      0.8065E-02
   34.40      0.8013E-02
   34.50      0.7962E-02
   34.60      0.7911E-02
   34.70      0.7861E-02
   34.80      0.7812E-02
   34.90      0.7763E-02
   35.00      0.7714E-02
   35.10      0.7666E-02
   35.20      0.7619E-02
   35.30      0.7571E-02
   35.40      0.7525E-02
   35.50      0.7479E-02
   35.60      0.7433E-02
   35.70      0.7387E-02
   35.80      0.7342E-02
   35.90      0.7298E-02
   36.00      0.7254E-02
   36.10      0.7210E-02
   36.20      0.7166E-02
   36.30      0.7123E-02
   36.40      0.7080E-02
   36.50      0.7038E-02
   36.60      0.6996E-02
   36.70      0.6954E-02
   36.80      0.6912E-02
   36.90      0.6871E-02
   37.00      0.6830E-02
   37.10      0.6789E-02
   37.20      0.6749E-02
   37.30      0.6709E-02
   37.40      0.6669E-02
   37.50      0.6630E-02
   37.60      0.6590E-02
   37.70      0.6551E-02
   37.80      0.6512E-02
   37.90      0.6474E-02
   38.00      0.6435E-02
   38.10      0.6397E-02
   38.20      0.6359E-02
   38.30      0.6322E-02
   38.40      0.6284E-02
   38.50      0.6247E-02
   38.60      0.6210E-02
   38.70      0.6173E-02
   38.80      0.6136E-02
   38.90      0.6100E-02
   39.00      0.6064E-02
   39.10      0.6028E-02
   39.20      0.5992E-02
   39.30      0.5957E-02
   39.40      0.5921E-02
   39.50      0.5886E-02
   39.60      0.5851E-02
   39.70      0.5816E-02
   39.80      0.5782E-02
   39.90      0.5747E-02
   40.00      0.5713E-02
   40.10      0.5679E-02
   40.20      0.5645E-02
   40.30      0.5611E-02
   40.40      0.5578E-02
   40.50      0.5544E-02
   40.60      0.5511E-02
   40.70      0.5478E-02
   40.80      0.5445E-02
   40.90      0.5413E-02
   41.00      0.5380E-02
   41.10      0.5348E-02
   41.20      0.5316E-02
   41.30      0.5284E-02
   41.40      0.5252E-02
   41.50      0.5220E-02
   41.60      0.5189E-02
   41.70      0.5157E-02
   41.80      0.5126E-02
   41.90      0.5095E-02
   42.00      0.5064E-02
   42.10      0.5033E-02
   42.20      0.5003E-02
   42.30      0.4972E-02
   42.40      0.4942E-02
   42.50      0.4912E-02
   42.60      0.4882E-02
   42.70      0.4852E-02
   42.80      0.4822E-02
   42.90      0.4793E-02
   43.00      0.4763E-02
   43.10      0.4734E-02
   43.20      0.4705E-02
   43.30      0.4675E-02
   43.40      0.4646E-02
   43.50      0.4618E-02
   43.60      0.4589E-02
   43.70      0.4560E-02
   43.80      0.4532E-02
   43.90      0.4503E-02
   44.00      0.4475E-02
   44.10      0.4447E-02
   44.20      0.4419E-02
   44.30      0.4391E-02
   44.40      0.4363E-02
   44.50      0.4335E-02
   44.60      0.4307E-02
   44.70      0.4280E-02
   44.80      0.4252E-02
   44.90      0.4225E-02
   45.00      0.4197E-02
   45.10      0.4170E-02
   45.20      0.4143E-02
   45.30      0.4116E-02
   45.40      0.4089E-02
   45.50      0.4062E-02
   45.60      0.4035E-02
   45.70      0.4008E-02
   45.80      0.3981E-02
   45.90      0.3955E-02
   46.00      0.3928E-02
   46.10      0.3902E-02
   46.20      0.3876E-02
   46.30      0.3849E-02
   46.40      0.3823E-02
   46.50      0.3797E-02
   46.60      0.3771E-02
   46.70      0.3745E-02
   46.80      0.3719E-02
   46.90      0.3693E-02
   47.00      0.3667E-02
   47.10      0.3641E-02
   47.20      0.3616E-02
   47.30      0.3590E-02
   47.40      0.3565E-02
   47.50      0.3539E-02
   47.60      0.3514E-02
   47.70      0.3489E-02
   47.80      0.3463E-02
   47.90      0.3438E-02
   48.00      0.3413E-02
   48.10      0.3388E-02
   48.20      0.3363E-02
   48.30      0.3339E-02
   48.40      0.3314E-02
   48.50      0.3289E-02
   48.60      0.3265E-02
   48.70      0.3240E-02
   48.80      0.3216E-02
   48.90      0.3192E-02
   49.00      0.3167E-02
   49.10      0.3143E-02
   49.20      0.3119E-02
   49.30      0.3095E-02
   49.40      0.3072E-02
   49.50      0.3048E-02
   49.60      0.3024E-02
   49.70      0.3001E-02
   49.80      0.2977E-02
   49.90      0.2954E-02
   50.00      0.2931E-02
   50.10      0.2908E-02
   50.20      0.2885E-02
   50.30      0.2862E-02
   50.40      0.2840E-02
   50.50      0.2817E-02
   50.60      0.2795E-02
   50.70      0.2772E-02
   50.80      0.2750E-02
   50.90      0.2728E-02
   51.00      0.2706E-02
   51.10      0.2684E-02
   51.20      0.2663E-02
   51.30      0.2641E-02
   51.40      0.2620E-02
   51.50      0.2599E-02
   51.60      0.2578E-02
   51.70      0.2557E-02
   51.80      0.2536E-02
   51.90      0.2516E-02
   52.00      0.2495E-02
   52.10      0.2475E-02
   52.20      0.2455E-02
   52.30      0.2435E-02
   52.40      0.2415E-02
   52.50      0.2395E-02
   52.60      0.2376E-02
   52.70      0.2357E-02
   52.80      0.2337E-02
   52.90      0.2318E-02
   53.00      0.2300E-02
   53.10      0.2281E-02
   53.20      0.2263E-02
   53.30      0.2244E-02
   53.40      0.2226E-02
   53.50      0.2208E-02
   53.60      0.2191E-02
   53.70      0.2173E-02
   53.80      0.2156E-02
   53.90      0.2139E-02
   54.00      0.2122E-02
   54.10      0.2105E-02
   54.20      0.2088E-02
   54.30      0.2072E-02
   54.40      0.2055E-02
   54.50      0.2039E-02
   54.60      0.2023E-02
   54.70      0.2008E-02
   54.80      0.1992E-02
   54.90      0.1977E-02
   55.00      0.1962E-02
   55.10      0.1947E-02
   55.20      0.1932E-02
   55.30      0.1917E-02
   55.40      0.1903E-02
   55.50      0.1889E-02
   55.60      0.1874E-02
   55.70      0.1861E-02
   55.80      0.1847E-02
   55.90      0.1833E-02
   56.00      0.1820E-02
   56.10      0.1807E-02
   56.20      0.1794E-02
   56.30      0.1781E-02
   56.40      0.1768E-02
   56.50      0.1756E-02
   56.60      0.1743E-02
   56.70      0.1731E-02
   56.80      0.1719E-02
   56.90      0.1707E-02
   57.00      0.1696E-02
   57.10      0.1684E-02
   57.20      0.1673E-02
   57.30      0.1662E-02
   57.40      0.1651E-02
   57.50      0.1640E-02
   57.60      0.1629E-02
   57.70      0.1618E-02
   57.80      0.1608E-02
   57.90      0.1598E-02
   58.00      0.1588E-02
   58.10      0.1578E-02
   58.20      0.1568E-02
   58.30      0.1558E-02
   58.40      0.1548E-02
   58.50      0.1539E-02
   58.60      0.1529E-02
   58.70      0.1520E-02
   58.80      0.1511E-02
   58.90      0.1502E-02
   59.00      0.1493E-02
   59.10      0.1484E-02
   59.20      0.1476E-02
   59.30      0.1467E-02
   59.40      0.1459E-02
   59.50      0.1450E-02
   59.60      0.1442E-02
   59.70      0.1434E-02
   59.80      0.1426E-02
   59.90      0.1418E-02
   60.00      0.1410E-02
   60.10      0.1402E-02
   60.20      0.1394E-02
   60.30      0.1387E-02
   60.40      0.1379E-02
   60.50      0.1372E-02
   60.60      0.1364E-02
   60.70      0.1357E-02
   60.80      0.1349E-02
   60.90      0.1342E-02
   61.00      0.1335E-02
   61.10      0.1328E-02
   61.20      0.1321E-02
   61.30      0.1314E-02
   61.40      0.1307E-02
   61.50      0.1300E-02
   61.60      0.1293E-02
   61.70      0.1286E-02
   61.80      0.1279E-02
   61.90      0.1273E-02
   62.00      0.1266E-02
   62.10      0.1259E-02
   62.20      0.1252E-02
   62.30      0.1246E-02
   62.40      0.1239E-02
   62.50      0.1232E-02
   62.60      0.1226E-02
   62.70      0.1219E-02
   62.80      0.1213E-02
   62.90      0.1206E-02
   63.00      0.1200E-02
   63.10      0.1193E-02
   63.20      0.1187E-02
   63.30      0.1180E-02
   63.40      0.1174E-02
   63.50      0.1167E-02
   63.60      0.1161E-02
   63.70      0.1154E-02
   63.80      0.1148E-02
   63.90      0.1141E-02
   64.00      0.1135E-02
   64.10      0.1128E-02
   64.20      0.1122E-02
   64.30      0.1115E-02
   64.40      0.1109E-02
   64.50      0.1102E-02
   64.60      0.1096E-02
   64.70      0.1089E-02
   64.80      0.1083E-02
   64.90      0.1076E-02
   65.00      0.1070E-02
   65.10      0.1063E-02
   65.20      0.1057E-02
   65.30      0.1050E-02
   65.40      0.1043E-02
   65.50      0.1037E-02
   65.60      0.1030E-02
   65.70      0.1024E-02
   65.80      0.1017E-02
   65.90      0.1011E-02
   66.00      0.1004E-02
   66.10      0.9973E-03
   66.20      0.9907E-03
   66.30      0.9840E-03
   66.40      0.9774E-03
   66.50      0.9708E-03
   66.60      0.9641E-03
   66.70      0.9575E-03
   66.80      0.9508E-03
   66.90      0.9442E-03
   67.00      0.9375E-03
   67.10      0.9309E-03
   67.20      0.9242E-03
   67.30      0.9176E-03
   67.40      0.9109E-03
   67.50      0.9043E-03
   67.60      0.8976E-03
   67.70      0.8910E-03
   67.80      0.8844E-03
   67.90      0.8778E-03
   68.00      0.8711E-03
   68.10      0.8645E-03
   68.20      0.8580E-03
   68.30      0.8514E-03
   68.40      0.8448E-03
   68.50      0.8383E-03
   68.60      0.8317E-03
   68.70      0.8252E-03
   68.80      0.8187E-03
   68.90      0.8123E-03
   69.00      0.8058E-03
   69.10      0.7994E-03
   69.20      0.7930E-03
   69.30      0.7866E-03
   69.40      0.7803E-03
   69.50      0.7739E-03
   69.60      0.7677E-03
   69.70      0.7614E-03
   69.80      0.7552E-03
   69.90      0.7490E-03
   70.00      0.7428E-03
   70.10      0.7367E-03
   70.20      0.7306E-03
   70.30      0.7245E-03
   70.40      0.7185E-03
   70.50      0.7125E-03
   70.60      0.7066E-03
   70.70      0.7007E-03
   70.80      0.6949E-03
   70.90      0.6891E-03
   71.00      0.6833E-03
   71.10      0.6776E-03
   71.20      0.6719E-03
   71.30      0.6663E-03
   71.40      0.6608E-03
   71.50      0.6552E-03
   71.60      0.6498E-03
   71.70      0.6444E-03
   71.80      0.6390E-03
   71.90      0.6337E-03
   72.00      0.6284E-03
   72.10      0.6232E-03
   72.20      0.6181E-03
   72.30      0.6130E-03
   72.40      0.6079E-03
   72.50      0.6030E-03
   72.60      0.5980E-03
   72.70      0.5932E-03
   72.80      0.5883E-03
   72.90      0.5836E-03
   73.00      0.5789E-03
   73.10      0.5742E-03
   73.20      0.5696E-03
   73.30      0.5651E-03
   73.40      0.5607E-03
   73.50      0.5562E-03
   73.60      0.5519E-03
   73.70      0.5476E-03
   73.80      0.5433E-03
   73.90      0.5392E-03
   74.00      0.5350E-03
   74.10      0.5310E-03
   74.20      0.5270E-03
   74.30      0.5230E-03
   74.40      0.5191E-03
   74.50      0.5153E-03
   74.60      0.5115E-03
   74.70      0.5078E-03
   74.80      0.5041E-03
   74.90      0.5005E-03
   75.00      0.4969E-03
   75.10      0.4934E-03
   75.20      0.4900E-03
   75.30      0.4865E-03
   75.40      0.4832E-03
   75.50      0.4799E-03
   75.60      0.4766E-03
   75.70      0.4734E-03
   75.80      0.4703E-03
   75.90      0.4672E-03
   76.00      0.4641E-03
   76.10      0.4611E-03
   76.20      0.4582E-03
   76.30      0.4553E-03
   76.40      0.4524E-03
   76.50      0.4496E-03
   76.60      0.4468E-03
   76.70      0.4441E-03
   76.80      0.4414E-03
   76.90      0.4387E-03
   77.00      0.4361E-03
   77.10      0.4335E-03
   77.20      0.4310E-03
   77.30      0.4285E-03
   77.40      0.4260E-03
   77.50      0.4236E-03
   77.60      0.4212E-03
   77.70      0.4189E-03
   77.80      0.4165E-03
   77.90      0.4142E-03
   78.00      0.4120E-03
   78.10      0.4098E-03
   78.20      0.4076E-03
   78.30      0.4054E-03
   78.40      0.4032E-03
   78.50      0.4011E-03
   78.60      0.3990E-03
   78.70      0.3970E-03
   78.80      0.3949E-03
   78.90      0.3929E-03
   79.00      0.3909E-03
   79.10      0.3890E-03
   79.20      0.3870E-03
   79.30      0.3851E-03
   79.40      0.3832E-03
   79.50      0.3813E-03
   79.60      0.3794E-03
   79.70      0.3776E-03
   79.80      0.3757E-03
   79.90      0.3739E-03
   80.00      0.3721E-03
   80.10      0.3703E-03
   80.20      0.3685E-03
   80.30      0.3668E-03
   80.40      0.3650E-03
   80.50      0.3633E-03
   80.60      0.3615E-03
   80.70      0.3598E-03
   80.80      0.3581E-03
   80.90      0.3564E-03
   81.00      0.3547E-03
   81.10      0.3530E-03
   81.20      0.3513E-03
   81.30      0.3496E-03
   81.40      0.3480E-03
   81.50      0.3463E-03
   81.60      0.3446E-03
   81.70      0.3430E-03
   81.80      0.3413E-03
   81.90      0.3397E-03
   82.00      0.3380E-03
   82.10      0.3364E-03
   82.20      0.3348E-03
   82.30      0.3331E-03
   82.40      0.3315E-03
   82.50      0.3299E-03
   82.60      0.3282E-03
   82.70      0.3266E-03
   82.80      0.3250E-03
   82.90      0.3233E-03
   83.00      0.3217E-03
   83.10      0.3201E-03
   83.20      0.3184E-03
   83.30      0.3168E-03
   83.40      0.3152E-03
   83.50      0.3135E-03
   83.60      0.3119E-03
   83.70      0.3102E-03
   83.80      0.3086E-03
   83.90      0.3070E-03
   84.00      0.3053E-03
   84.10      0.3037E-03
   84.20      0.3020E-03
   84.30      0.3003E-03
   84.40      0.2987E-03
   84.50      0.2970E-03
   84.60      0.2954E-03
   84.70      0.2937E-03
   84.80      0.2920E-03
   84.90      0.2904E-03
   85.00      0.2887E-03
   85.10      0.2870E-03
   85.20      0.2853E-03
   85.30      0.2837E-03
   85.40      0.2820E-03
   85.50      0.2803E-03
   85.60      0.2786E-03
   85.70      0.2769E-03
   85.80      0.2752E-03
   85.90      0.2735E-03
   86.00      0.2718E-03
   86.10      0.2701E-03
   86.20      0.2684E-03
   86.30      0.2667E-03
   86.40      0.2650E-03
   86.50      0.2633E-03
   86.60      0.2616E-03
   86.70      0.2599E-03
   86.80      0.2582E-03
   86.90      0.2565E-03
   87.00      0.2548E-03
   87.10      0.2531E-03
   87.20      0.2514E-03
   87.30      0.2497E-03
   87.40      0.2479E-03
   87.50      0.2462E-03
   87.60      0.2445E-03
   87.70      0.2428E-03
   87.80      0.2411E-03
   87.90      0.2394E-03
   88.00      0.2377E-03
   88.10      0.2360E-03
   88.20      0.2344E-03
   88.30      0.2327E-03
   88.40      0.2310E-03
   88.50      0.2293E-03
   88.60      0.2276E-03
   88.70      0.2260E-03
   88.80      0.2243E-03
   88.90      0.2226E-03
   89.00      0.2210E-03
   89.10      0.2193E-03
   89.20      0.2177E-03
   89.30      0.2160E-03
   89.40      0.2144E-03
   89.50      0.2128E-03
   89.60      0.2111E-03
   89.70      0.2095E-03
   89.80      0.2079E-03
   89.90      0.2063E-03
   90.00      0.2047E-03
   90.10      0.2031E-03
   90.20      0.2016E-03
   90.30      0.2000E-03
   90.40      0.1985E-03
   90.50      0.1969E-03
   90.60      0.1954E-03
   90.70      0.1938E-03
   90.80      0.1923E-03
   90.90      0.1908E-03
   91.00      0.1893E-03
   91.10      0.1878E-03
   91.20      0.1864E-03
   91.30      0.1849E-03
   91.40      0.1835E-03
   91.50      0.1820E-03
   91.60      0.1806E-03
   91.70      0.1792E-03
   91.80      0.1778E-03
   91.90      0.1764E-03
   92.00      0.1750E-03
   92.10      0.1737E-03
   92.20      0.1723E-03
   92.30      0.1710E-03
   92.40      0.1697E-03
   92.50      0.1684E-03
   92.60      0.1671E-03
   92.70      0.1658E-03
   92.80      0.1645E-03
   92.90      0.1633E-03
   93.00      0.1620E-03
   93.10      0.1608E-03
   93.20      0.1596E-03
   93.30      0.1584E-03
   93.40      0.1572E-03
   93.50      0.1561E-03
   93.60      0.1549E-03
   93.70      0.1538E-03
   93.80      0.1527E-03
   93.90      0.1516E-03
   94.00      0.1505E-03
   94.10      0.1494E-03
   94.20      0.1483E-03
   94.30      0.1473E-03
   94.40      0.1463E-03
   94.50      0.1453E-03
   94.60      0.1443E-03
   94.70      0.1433E-03
   94.80      0.1423E-03
   94.90      0.1414E-03
   95.00      0.1404E-03
   95.10      0.1395E-03
   95.20      0.1386E-03
   95.30      0.1377E-03
   95.40      0.1368E-03
   95.50      0.1359E-03
   95.60      0.1351E-03
   95.70      0.1342E-03
   95.80      0.1334E-03
   95.90      0.1326E-03
   96.00      0.1318E-03
   96.10      0.1310E-03
   96.20      0.1303E-03
   96.30      0.1295E-03
   96.40      0.1287E-03
   96.50      0.1280E-03
   96.60      0.1273E-03
   96.70      0.1266E-03
   96.80      0.1259E-03
   96.90      0.1252E-03
   97.00      0.1245E-03
   97.10      0.1239E-03
   97.20      0.1232E-03
   97.30      0.1226E-03
   97.40      0.1219E-03
   97.50      0.1213E-03
   97.60      0.1207E-03
   97.70      0.1201E-03
   97.80      0.1195E-03
   97.90      0.1189E-03
   98.00      0.1184E-03
   98.10      0.1178E-03
   98.20      0.1173E-03
   98.30      0.1167E-03
   98.40      0.1162E-03
   98.50      0.1157E-03
   98.60      0.1151E-03
   98.70      0.1146E-03
   98.80      0.1141E-03
   98.90      0.1136E-03
   99.00      0.1131E-03
   99.10      0.1126E-03
   99.20      0.1122E-03
   99.30      0.1117E-03
   99.40      0.1112E-03
   99.50      0.1108E-03
   99.60      0.1103E-03
   99.70      0.1099E-03
   99.80      0.1094E-03
   99.90      0.1090E-03
   100.0      0.1086E-03
   100.1      0.1081E-03
   100.2      0.1077E-03
   100.3      0.1073E-03
   100.4      0.1069E-03
   100.5      0.1064E-03
   100.6      0.1060E-03
   100.7      0.1056E-03
   100.8      0.1052E-03
   100.9      0.1048E-03
   101.0      0.1044E-03
   101.1      0.1040E-03
   101.2      0.1036E-03
   101.3      0.1032E-03
   101.4      0.1028E-03
   101.5      0.1025E-03
   101.6      0.1021E-03
   101.7      0.1017E-03
   101.8      0.1013E-03
   101.9      0.1009E-03
   102.0      0.1005E-03
   102.1      0.1002E-03
   102.2      0.9977E-04
   102.3      0.9939E-04
   102.4      0.9901E-04
   102.5      0.9864E-04
   102.6      0.9826E-04
   102.7      0.9788E-04
   102.8      0.9750E-04
   102.9      0.9712E-04
   103.0      0.9675E-04
   103.1      0.9637E-04
   103.2      0.9599E-04
   103.3      0.9561E-04
   103.4      0.9523E-04
   103.5      0.9485E-04
   103.6      0.9447E-04
   103.7      0.9409E-04
   103.8      0.9371E-04
   103.9      0.9333E-04
   104.0      0.9295E-04
   104.1      0.9257E-04
   104.2      0.9218E-04
   104.3      0.9180E-04
   104.4      0.9141E-04
   104.5      0.9103E-04
   104.6      0.9064E-04
   104.7      0.9025E-04
   104.8      0.8986E-04
   104.9      0.8947E-04
   105.0      0.8908E-04
   105.1      0.8869E-04
   105.2      0.8829E-04
   105.3      0.8790E-04
   105.4      0.8750E-04
   105.5      0.8711E-04
   105.6      0.8671E-04
   105.7      0.8631E-04
   105.8      0.8591E-04
   105.9      0.8551E-04
   106.0      0.8511E-04
   106.1      0.8471E-04
   106.2      0.8430E-04
   106.3      0.8390E-04
   106.4      0.8349E-04
   106.5      0.8308E-04
   106.6      0.8268E-04
   106.7      0.8227E-04
   106.8      0.8186E-04
   106.9      0.8145E-04
   107.0      0.8103E-04
   107.1      0.8062E-04
   107.2      0.8021E-04
   107.3      0.7979E-04
   107.4      0.7938E-04
   107.5      0.7896E-04
   107.6      0.7855E-04
   107.7      0.7813E-04
   107.8      0.7771E-04
   107.9      0.7730E-04
   108.0      0.7688E-04
   108.1      0.7646E-04
   108.2      0.7604E-04
   108.3      0.7562E-04
   108.4      0.7520E-04
   108.5      0.7477E-04
   108.6      0.7435E-04
   108.7      0.7393E-04
   108.8      0.7351E-04
   108.9      0.7309E-04
   109.0      0.7266E-04
   109.1      0.7224E-04
   109.2      0.7182E-04
   109.3      0.7140E-04
   109.4      0.7097E-04
   109.5      0.7055E-04
   109.6      0.7013E-04
   109.7      0.6970E-04
   109.8      0.6928E-04
   109.9      0.6886E-04
   110.0      0.6844E-04
   110.1      0.6802E-04
   110.2      0.6760E-04
   110.3      0.6717E-04
   110.4      0.6675E-04
   110.5      0.6634E-04
   110.6      0.6592E-04
   110.7      0.6550E-04
   110.8      0.6508E-04
   110.9      0.6466E-04
   111.0      0.6425E-04
   111.1      0.6383E-04
   111.2      0.6342E-04
   111.3      0.6300E-04
   111.4      0.6259E-04
   111.5      0.6218E-04
   111.6      0.6177E-04
   111.7      0.6136E-04
   111.8      0.6096E-04
   111.9      0.6055E-04
   112.0      0.6014E-04
   112.1      0.5974E-04
   112.2      0.5934E-04
   112.3      0.5894E-04
   112.4      0.5854E-04
   112.5      0.5815E-04
   112.6      0.5775E-04
   112.7      0.5736E-04
   112.8      0.5697E-04
   112.9      0.5658E-04
   113.0      0.5619E-04
   113.1      0.5581E-04
   113.2      0.5543E-04
   113.3      0.5505E-04
   113.4      0.5467E-04
   113.5      0.5429E-04
   113.6      0.5392E-04
   113.7      0.5355E-04
   113.8      0.5318E-04
   113.9      0.5281E-04
   114.0      0.5245E-04
   114.1      0.5209E-04
   114.2      0.5173E-04
   114.3      0.5138E-04
   114.4      0.5103E-04
   114.5      0.5068E-04
   114.6      0.5033E-04
   114.7      0.4999E-04
   114.8      0.4965E-04
   114.9      0.4931E-04
   115.0      0.4898E-04
   115.1      0.4865E-04
   115.2      0.4832E-04
   115.3      0.4800E-04
   115.4      0.4768E-04
   115.5      0.4736E-04
   115.6      0.4705E-04
   115.7      0.4674E-04
   115.8      0.4643E-04
   115.9      0.4613E-04
   116.0      0.4583E-04
   116.1      0.4553E-04
   116.2      0.4524E-04
   116.3      0.4495E-04
   116.4      0.4466E-04
   116.5      0.4438E-04
   116.6      0.4410E-04
   116.7      0.4383E-04
   116.8      0.4355E-04
   116.9      0.4329E-04
   117.0      0.4302E-04
   117.1      0.4276E-04
   117.2      0.4250E-04
   117.3      0.4225E-04
   117.4      0.4200E-04
   117.5      0.4176E-04
   117.6      0.4151E-04
   117.7      0.4128E-04
   117.8      0.4104E-04
   117.9      0.4081E-04
   118.0      0.4058E-04
   118.1      0.4036E-04
   118.2      0.4014E-04
   118.3      0.3992E-04
   118.4      0.3970E-04
   118.5      0.3949E-04
   118.6      0.3929E-04
   118.7      0.3908E-04
   118.8      0.3888E-04
   118.9      0.3868E-04
   119.0      0.3849E-04
   119.1      0.3830E-04
   119.2      0.3811E-04
   119.3      0.3793E-04
   119.4      0.3775E-04
   119.5      0.3757E-04
   119.6      0.3739E-04
   119.7      0.3722E-04
   119.8      0.3705E-04
   119.9      0.3689E-04
   120.0      0.3672E-04
   120.1      0.3656E-04
   120.2      0.3640E-04
   120.3      0.3625E-04
   120.4      0.3609E-04
   120.5      0.3594E-04
   120.6      0.3579E-04
   120.7      0.3565E-04
   120.8      0.3551E-04
   120.9      0.3536E-04
   121.0      0.3523E-04
   121.1      0.3509E-04
   121.2      0.3495E-04
   121.3      0.3482E-04
   121.4      0.3469E-04
   121.5      0.3456E-04
   121.6      0.3444E-04
   121.7      0.3431E-04
   121.8      0.3419E-04
   121.9      0.3407E-04
   122.0      0.3395E-04
   122.1      0.3383E-04
   122.2      0.3371E-04
   122.3      0.3360E-04
   122.4      0.3349E-04
   122.5      0.3337E-04
   122.6      0.3326E-04
   122.7      0.3315E-04
   122.8      0.3304E-04
   122.9      0.3294E-04
   123.0      0.3283E-04
   123.1      0.3273E-04
   123.2      0.3262E-04
   123.3      0.3252E-04
   123.4      0.3242E-04
   123.5      0.3232E-04
   123.6      0.3222E-04
   123.7      0.3212E-04
   123.8      0.3202E-04
   123.9      0.3192E-04
   124.0      0.3182E-04
   124.1      0.3172E-04
   124.2      0.3163E-04
   124.3      0.3153E-04
   124.4      0.3144E-04
   124.5      0.3134E-04
   124.6      0.3125E-04
   124.7      0.3115E-04
   124.8      0.3106E-04
   124.9      0.3097E-04
   125.0      0.3087E-04
   125.1      0.3078E-04
   125.2      0.3069E-04
   125.3      0.3060E-04
   125.4      0.3051E-04
   125.5      0.3041E-04
   125.6      0.3032E-04
   125.7      0.3023E-04
   125.8      0.3014E-04
   125.9      0.3005E-04
   126.0      0.2996E-04
   126.1      0.2987E-04
   126.2      0.2978E-04
   126.3      0.2969E-04
   126.4      0.2960E-04
   126.5      0.2951E-04
   126.6      0.2942E-04
   126.7      0.2933E-04
   126.8      0.2924E-04
   126.9      0.2915E-04
   127.0      0.2906E-04
   127.1      0.2897E-04
   127.2      0.2888E-04
   127.3      0.2879E-04
   127.4      0.2869E-04
   127.5      0.2860E-04
   127.6      0.2851E-04
   127.7      0.2842E-04
   127.8      0.2833E-04
   127.9      0.2824E-04
   128.0      0.2815E-04
   128.1      0.2806E-04
   128.2      0.2797E-04
   128.3      0.2788E-04
   128.4      0.2779E-04
   128.5      0.2770E-04
   128.6      0.2761E-04
   128.7      0.2752E-04
   128.8      0.2743E-04
   128.9      0.2734E-04
   129.0      0.2725E-04
   129.1      0.2716E-04
   129.2      0.2707E-04
   129.3      0.2698E-04
   129.4      0.2688E-04
   129.5      0.2679E-04
   129.6      0.2670E-04
   129.7      0.2661E-04
   129.8      0.2652E-04
   129.9      0.2643E-04
   130.0      0.2634E-04
   130.1      0.2625E-04
   130.2      0.2616E-04
   130.3      0.2607E-04
   130.4      0.2598E-04
   130.5      0.2588E-04
   130.6      0.2579E-04
   130.7      0.2570E-04
   130.8      0.2561E-04
   130.9      0.2552E-04
   131.0      0.2543E-04
   131.1      0.2534E-04
   131.2      0.2524E-04
   131.3      0.2515E-04
   131.4      0.2506E-04
   131.5      0.2497E-04
   131.6      0.2488E-04
   131.7      0.2479E-04
   131.8      0.2469E-04
   131.9      0.2460E-04
   132.0      0.2451E-04
   132.1      0.2442E-04
   132.2      0.2433E-04
   132.3      0.2423E-04
   132.4      0.2414E-04
   132.5      0.2405E-04
   132.6      0.2396E-04
   132.7      0.2386E-04
   132.8      0.2377E-04
   132.9      0.2368E-04
   133.0      0.2359E-04
   133.1      0.2349E-04
   133.2      0.2340E-04
   133.3      0.2331E-04
   133.4      0.2321E-04
   133.5      0.2312E-04
   133.6      0.2303E-04
   133.7      0.2293E-04
   133.8      0.2284E-04
   133.9      0.2274E-04
   134.0      0.2265E-04
   134.1      0.2255E-04
   134.2      0.2246E-04
   134.3      0.2237E-04
   134.4      0.2227E-04
   134.5      0.2218E-04
   134.6      0.2208E-04
   134.7      0.2199E-04
   134.8      0.2189E-04
   134.9      0.2179E-04
   135.0      0.2170E-04
   135.1      0.2160E-04
   135.2      0.2151E-04
   135.3      0.2141E-04
   135.4      0.2131E-04
   135.5      0.2122E-04
   135.6      0.2112E-04
   135.7      0.2102E-04
   135.8      0.2093E-04
   135.9      0.2083E-04
   136.0      0.2073E-04
   136.1      0.2064E-04
   136.2      0.2054E-04
   136.3      0.2044E-04
   136.4      0.2035E-04
   136.5      0.2025E-04
   136.6      0.2015E-04
   136.7      0.2006E-04
   136.8      0.1996E-04
   136.9      0.1986E-04
   137.0      0.1976E-04
   137.1      0.1967E-04
   137.2      0.1957E-04
   137.3      0.1947E-04
   137.4      0.1938E-04
   137.5      0.1928E-04
   137.6      0.1918E-04
   137.7      0.1909E-04
   137.8      0.1899E-04
   137.9      0.1889E-04
   138.0      0.1880E-04
   138.1      0.1870E-04
   138.2      0.1860E-04
   138.3      0.1851E-04
   138.4      0.1841E-04
   138.5      0.1832E-04
   138.6      0.1822E-04
   138.7      0.1813E-04
   138.8      0.1803E-04
   138.9      0.1794E-04
   139.0      0.1785E-04
   139.1      0.1775E-04
   139.2      0.1766E-04
   139.3      0.1757E-04
   139.4      0.1747E-04
   139.5      0.1738E-04
   139.6      0.1729E-04
   139.7      0.1720E-04
   139.8      0.1711E-04
   139.9      0.1702E-04
   140.0      0.1693E-04
   140.1      0.1684E-04
   140.2      0.1675E-04
   140.3      0.1667E-04
   140.4      0.1658E-04
   140.5      0.1649E-04
   140.6      0.1641E-04
   140.7      0.1632E-04
   140.8      0.1624E-04
   140.9      0.1615E-04
   141.0      0.1607E-04
   141.1      0.1599E-04
   141.2      0.1591E-04
   141.3      0.1582E-04
   141.4      0.1574E-04
   141.5      0.1566E-04
   141.6      0.1559E-04
   141.7      0.1551E-04
   141.8      0.1543E-04
   141.9      0.1535E-04
   142.0      0.1528E-04
   142.1      0.1520E-04
   142.2      0.1513E-04
   142.3      0.1506E-04
   142.4      0.1498E-04
   142.5      0.1491E-04
   142.6      0.1484E-04
   142.7      0.1477E-04
   142.8      0.1470E-04
   142.9      0.1464E-04
   143.0      0.1457E-04
   143.1      0.1450E-04
   143.2      0.1444E-04
   143.3      0.1437E-04
   143.4      0.1431E-04
   143.5      0.1425E-04
   143.6      0.1419E-04
   143.7      0.1412E-04
   143.8      0.1406E-04
   143.9      0.1401E-04
   144.0      0.1395E-04
   144.1      0.1389E-04
   144.2      0.1383E-04
   144.3      0.1378E-04
   144.4      0.1372E-04
   144.5      0.1367E-04
   144.6      0.1362E-04
   144.7      0.1356E-04
   144.8      0.1351E-04
   144.9      0.1346E-04
   145.0      0.1341E-04
   145.1      0.1336E-04
   145.2      0.1332E-04
   145.3      0.1327E-04
   145.4      0.1322E-04
   145.5      0.1318E-04
   145.6      0.1313E-04
   145.7      0.1309E-04
   145.8      0.1304E-04
   145.9      0.1300E-04
   146.0      0.1296E-04
   146.1      0.1292E-04
   146.2      0.1288E-04
   146.3      0.1284E-04
   146.4      0.1280E-04
   146.5      0.1276E-04
   146.6      0.1272E-04
   146.7      0.1268E-04
   146.8      0.1264E-04
   146.9      0.1261E-04
   147.0      0.1257E-04
   147.1      0.1253E-04
   147.2      0.1250E-04
   147.3      0.1246E-04
   147.4      0.1243E-04
   147.5      0.1240E-04
   147.6      0.1236E-04
   147.7      0.1233E-04
   147.8      0.1230E-04
   147.9      0.1227E-04
   148.0      0.1223E-04
   148.1      0.1220E-04
   148.2      0.1217E-04
   148.3      0.1214E-04
   148.4      0.1211E-04
   148.5      0.1208E-04
   148.6      0.1205E-04
   148.7      0.1202E-04
   148.8      0.1199E-04
   148.9      0.1196E-04
   149.0      0.1193E-04
   149.1      0.1190E-04
   149.2      0.1188E-04
   149.3      0.1185E-04
   149.4      0.1182E-04
   149.5      0.1179E-04
   149.6      0.1176E-04
   149.7      0.1174E-04
   149.8      0.1171E-04
   149.9      0.1168E-04
   150.0      0.1166E-04
   150.1      0.1163E-04
   150.2      0.1160E-04
   150.3      0.1158E-04
   150.4      0.1155E-04
   150.5      0.1152E-04
   150.6      0.1150E-04
   150.7      0.1147E-04
   150.8      0.1144E-04
   150.9      0.1142E-04
   151.0      0.1139E-04
   151.1      0.1137E-04
   151.2      0.1134E-04
   151.3      0.1131E-04
   151.4      0.1129E-04
   151.5      0.1126E-04
   151.6      0.1124E-04
   151.7      0.1121E-04
   151.8      0.1119E-04
   151.9      0.1116E-04
   152.0      0.1114E-04
   152.1      0.1111E-04
   152.2      0.1109E-04
   152.3      0.1106E-04
   152.4      0.1104E-04
   152.5      0.1101E-04
   152.6      0.1099E-04
   152.7      0.1096E-04
   152.8      0.1094E-04
   152.9      0.1091E-04
   153.0      0.1089E-04
   153.1      0.1087E-04
   153.2      0.1084E-04
   153.3      0.1082E-04
   153.4      0.1079E-04
   153.5      0.1077E-04
   153.6      0.1075E-04
   153.7      0.1072E-04
   153.8      0.1070E-04
   153.9      0.1068E-04
   154.0      0.1065E-04
   154.1      0.1063E-04
   154.2      0.1061E-04
   154.3      0.1058E-04
   154.4      0.1056E-04
   154.5      0.1054E-04
   154.6      0.1052E-04
   154.7      0.1050E-04
   154.8      0.1047E-04
   154.9      0.1045E-04
   155.0      0.1043E-04
   155.1      0.1041E-04
   155.2      0.1039E-04
   155.3      0.1037E-04
   155.4      0.1035E-04
   155.5      0.1033E-04
   155.6      0.1031E-04
   155.7      0.1029E-04
   155.8      0.1027E-04
   155.9      0.1025E-04
   156.0      0.1023E-04
   156.1      0.1021E-04
   156.2      0.1019E-04
   156.3      0.1017E-04
   156.4      0.1016E-04
   156.5      0.1014E-04
   156.6      0.1012E-04
   156.7      0.1010E-04
   156.8      0.1008E-04
   156.9      0.1007E-04
   157.0      0.1005E-04
   157.1      0.1003E-04
   157.2      0.1002E-04
   157.3      0.1000E-04
   157.4      0.9985E-05
   157.5      0.9969E-05
   157.6      0.9953E-05
   157.7      0.9938E-05
   157.8      0.9923E-05
   157.9      0.9908E-05
   158.0      0.9893E-05
   158.1      0.9878E-05
   158.2      0.9864E-05
   158.3      0.9849E-05
   158.4      0.9835E-05
   158.5      0.9821E-05
   158.6      0.9808E-05
   158.7      0.9794E-05
   158.8      0.9781E-05
   158.9      0.9767E-05
   159.0      0.9754E-05
   159.1      0.9741E-05
   159.2      0.9728E-05
   159.3      0.9715E-05
   159.4      0.9702E-05
   159.5      0.9689E-05
   159.6      0.9677E-05
   159.7      0.9664E-05
   159.8      0.9651E-05
   159.9      0.9639E-05
   160.0      0.9626E-05
   160.1      0.9614E-05
   160.2      0.9602E-05
   160.3      0.9589E-05
   160.4      0.9577E-05
   160.5      0.9564E-05
   160.6      0.9552E-05
   160.7      0.9539E-05
   160.8      0.9527E-05
   160.9      0.9514E-05
   161.0      0.9501E-05
   161.1      0.9489E-05
   161.2      0.9476E-05
   161.3      0.9463E-05
   161.4      0.9450E-05
   161.5      0.9437E-05
   161.6      0.9424E-05
   161.7      0.9410E-05
   161.8      0.9397E-05
   161.9      0.9383E-05
   162.0      0.9369E-05
   162.1      0.9356E-05
   162.2      0.9341E-05
   162.3      0.9327E-05
   162.4      0.9313E-05
   162.5      0.9298E-05
   162.6      0.9284E-05
   162.7      0.9269E-05
   162.8      0.9254E-05
   162.9      0.9238E-05
   163.0      0.9223E-05
   163.1      0.9207E-05
   163.2      0.9191E-05
   163.3      0.9175E-05
   163.4      0.9159E-05
   163.5      0.9143E-05
   163.6      0.9126E-05
   163.7      0.9109E-05
   163.8      0.9092E-05
   163.9      0.9075E-05
   164.0      0.9057E-05
   164.1      0.9040E-05
   164.2      0.9022E-05
   164.3      0.9004E-05
   164.4      0.8985E-05
   164.5      0.8967E-05
   164.6      0.8948E-05
   164.7      0.8929E-05
   164.8      0.8910E-05
   164.9      0.8891E-05
   165.0      0.8872E-05
   165.1      0.8852E-05
   165.2      0.8832E-05
   165.3      0.8813E-05
   165.4      0.8792E-05
   165.5      0.8772E-05
   165.6      0.8752E-05
   165.7      0.8731E-05
   165.8      0.8711E-05
   165.9      0.8690E-05
   166.0      0.8669E-05
   166.1      0.8648E-05
   166.2      0.8627E-05
   166.3      0.8606E-05
   166.4      0.8584E-05
   166.5      0.8563E-05
   166.6      0.8542E-05
   166.7      0.8520E-05
   166.8      0.8499E-05
   166.9      0.8477E-05
   167.0      0.8455E-05
   167.1      0.8434E-05
   167.2      0.8412E-05
   167.3      0.8390E-05
   167.4      0.8368E-05
   167.5      0.8347E-05
   167.6      0.8325E-05
   167.7      0.8303E-05
   167.8      0.8282E-05
   167.9      0.8260E-05
   168.0      0.8238E-05
   168.1      0.8217E-05
   168.2      0.8196E-05
   168.3      0.8174E-05
   168.4      0.8153E-05
   168.5      0.8132E-05
   168.6      0.8111E-05
   168.7      0.8090E-05
   168.8      0.8069E-05
   168.9      0.8049E-05
   169.0      0.8028E-05
   169.1      0.8008E-05
   169.2      0.7988E-05
   169.3      0.7968E-05
   169.4      0.7948E-05
   169.5      0.7929E-05
   169.6      0.7909E-05
   169.7      0.7890E-05
   169.8      0.7872E-05
   169.9      0.7853E-05
   170.0      0.7835E-05
   170.1      0.7817E-05
   170.2      0.7799E-05
   170.3      0.7781E-05
   170.4      0.7764E-05
   170.5      0.7747E-05
   170.6      0.7730E-05
   170.7      0.7714E-05
   170.8      0.7698E-05
   170.9      0.7682E-05
   171.0      0.7666E-05
   171.1      0.7651E-05
   171.2      0.7636E-05
   171.3      0.7622E-05
   171.4      0.7608E-05
   171.5      0.7594E-05
   171.6      0.7580E-05
   171.7      0.7567E-05
   171.8      0.7554E-05
   171.9      0.7542E-05
   172.0      0.7530E-05
   172.1      0.7518E-05
   172.2      0.7507E-05
   172.3      0.7495E-05
   172.4      0.7485E-05
   172.5      0.7474E-05
   172.6      0.7464E-05
   172.7      0.7455E-05
   172.8      0.7445E-05
   172.9      0.7436E-05
   173.0      0.7428E-05
   173.1      0.7419E-05
   173.2      0.7411E-05
   173.3      0.7404E-05
   173.4      0.7396E-05
   173.5      0.7389E-05
   173.6      0.7383E-05
   173.7      0.7376E-05
   173.8      0.7370E-05
   173.9      0.7365E-05
   174.0      0.7359E-05
   174.1      0.7354E-05
   174.2      0.7349E-05
   174.3      0.7344E-05
   174.4      0.7340E-05
   174.5      0.7336E-05
   174.6      0.7332E-05
   174.7      0.7328E-05
   174.8      0.7325E-05
   174.9      0.7322E-05
   175.0      0.7319E-05
   175.1      0.7316E-05
   175.2      0.7314E-05
   175.3      0.7312E-05
   175.4      0.7309E-05
   175.5      0.7308E-05
   175.6      0.7306E-05
   175.7      0.7304E-05
   175.8      0.7303E-05
   175.9      0.7302E-05
   176.0      0.7300E-05
   176.1      0.7299E-05
   176.2      0.7299E-05
   176.3      0.7298E-05
   176.4      0.7297E-05
   176.5      0.7297E-05
   176.6      0.7296E-05
   176.7      0.7296E-05
   176.8      0.7296E-05
   176.9      0.7296E-05
   177.0      0.7296E-05
   177.1      0.7296E-05
   177.2      0.7296E-05
   177.3      0.7296E-05
   177.4      0.7296E-05
   177.5      0.7296E-05
   177.6      0.7296E-05
   177.7      0.7296E-05
   177.8      0.7297E-05
   177.9      0.7297E-05
   178.0      0.7297E-05
   178.1      0.7298E-05
   178.2      0.7298E-05
   178.3      0.7298E-05
   178.4      0.7299E-05
   178.5      0.7299E-05
   178.6      0.7299E-05
   178.7      0.7300E-05
   178.8      0.7300E-05
   178.9      0.7300E-05
   179.0      0.7300E-05
   179.1      0.7301E-05
   179.2      0.7301E-05
   179.3      0.7301E-05
   179.4      0.7301E-05
   179.5      0.7302E-05
   179.6      0.7302E-05
   179.7      0.7302E-05
   179.8      0.7302E-05
   179.9      0.7302E-05
   180.0      0.7302E-05
 END
