#1801 angles,  1 tensor ranks for 0=projectile
@subtitle   "12C(7Li,6Li)13C @ Ed=35 MeV;"                                                  
@legend ON
@legend x1 0.2
@legend y1 0.8
@g0 type LOGY
@yaxis ticklabel format power
@legend string   0 "Lab energy =   35.0000"
#legend string   0 "Partition=  2 Excit=  3 near/far= 1"
#  Theta       sigma       iT11        T20         T21         T22         Kyy for projectile
   0.000      0.1479E-01
  0.1000      0.1479E-01
  0.2000      0.1479E-01
  0.3000      0.1478E-01
  0.4000      0.1478E-01
  0.5000      0.1478E-01
  0.6000      0.1478E-01
  0.7000      0.1477E-01
  0.8000      0.1477E-01
  0.9000      0.1476E-01
   1.000      0.1475E-01
   1.100      0.1475E-01
   1.200      0.1474E-01
   1.300      0.1473E-01
   1.400      0.1472E-01
   1.500      0.1471E-01
   1.600      0.1470E-01
   1.700      0.1469E-01
   1.800      0.1468E-01
   1.900      0.1467E-01
   2.000      0.1466E-01
   2.100      0.1464E-01
   2.200      0.1463E-01
   2.300      0.1461E-01
   2.400      0.1460E-01
   2.500      0.1458E-01
   2.600      0.1456E-01
   2.700      0.1455E-01
   2.800      0.1453E-01
   2.900      0.1451E-01
   3.000      0.1449E-01
   3.100      0.1447E-01
   3.200      0.1444E-01
   3.300      0.1442E-01
   3.400      0.1440E-01
   3.500      0.1437E-01
   3.600      0.1435E-01
   3.700      0.1432E-01
   3.800      0.1429E-01
   3.900      0.1427E-01
   4.000      0.1424E-01
   4.100      0.1421E-01
   4.200      0.1418E-01
   4.300      0.1414E-01
   4.400      0.1411E-01
   4.500      0.1408E-01
   4.600      0.1404E-01
   4.700      0.1401E-01
   4.800      0.1397E-01
   4.900      0.1393E-01
   5.000      0.1389E-01
   5.100      0.1385E-01
   5.200      0.1381E-01
   5.300      0.1377E-01
   5.400      0.1373E-01
   5.500      0.1368E-01
   5.600      0.1364E-01
   5.700      0.1359E-01
   5.800      0.1354E-01
   5.900      0.1349E-01
   6.000      0.1344E-01
   6.100      0.1339E-01
   6.200      0.1334E-01
   6.300      0.1328E-01
   6.400      0.1323E-01
   6.500      0.1317E-01
   6.600      0.1311E-01
   6.700      0.1305E-01
   6.800      0.1299E-01
   6.900      0.1293E-01
   7.000      0.1287E-01
   7.100      0.1280E-01
   7.200      0.1274E-01
   7.300      0.1267E-01
   7.400      0.1261E-01
   7.500      0.1254E-01
   7.600      0.1247E-01
   7.700      0.1239E-01
   7.800      0.1232E-01
   7.900      0.1225E-01
   8.000      0.1217E-01
   8.100      0.1210E-01
   8.200      0.1202E-01
   8.300      0.1194E-01
   8.400      0.1186E-01
   8.500      0.1178E-01
   8.600      0.1170E-01
   8.700      0.1162E-01
   8.800      0.1153E-01
   8.900      0.1145E-01
   9.000      0.1136E-01
   9.100      0.1128E-01
   9.200      0.1119E-01
   9.300      0.1110E-01
   9.400      0.1101E-01
   9.500      0.1092E-01
   9.600      0.1083E-01
   9.700      0.1074E-01
   9.800      0.1065E-01
   9.900      0.1055E-01
   10.00      0.1046E-01
   10.10      0.1036E-01
   10.20      0.1027E-01
   10.30      0.1017E-01
   10.40      0.1008E-01
   10.50      0.9982E-02
   10.60      0.9885E-02
   10.70      0.9788E-02
   10.80      0.9690E-02
   10.90      0.9592E-02
   11.00      0.9494E-02
   11.10      0.9396E-02
   11.20      0.9297E-02
   11.30      0.9199E-02
   11.40      0.9100E-02
   11.50      0.9001E-02
   11.60      0.8902E-02
   11.70      0.8803E-02
   11.80      0.8704E-02
   11.90      0.8605E-02
   12.00      0.8507E-02
   12.10      0.8408E-02
   12.20      0.8310E-02
   12.30      0.8212E-02
   12.40      0.8114E-02
   12.50      0.8016E-02
   12.60      0.7919E-02
   12.70      0.7822E-02
   12.80      0.7726E-02
   12.90      0.7630E-02
   13.00      0.7534E-02
   13.10      0.7439E-02
   13.20      0.7344E-02
   13.30      0.7250E-02
   13.40      0.7156E-02
   13.50      0.7063E-02
   13.60      0.6971E-02
   13.70      0.6879E-02
   13.80      0.6787E-02
   13.90      0.6697E-02
   14.00      0.6607E-02
   14.10      0.6518E-02
   14.20      0.6429E-02
   14.30      0.6342E-02
   14.40      0.6255E-02
   14.50      0.6169E-02
   14.60      0.6083E-02
   14.70      0.5999E-02
   14.80      0.5915E-02
   14.90      0.5832E-02
   15.00      0.5750E-02
   15.10      0.5668E-02
   15.20      0.5588E-02
   15.30      0.5509E-02
   15.40      0.5430E-02
   15.50      0.5352E-02
   15.60      0.5276E-02
   15.70      0.5200E-02
   15.80      0.5125E-02
   15.90      0.5051E-02
   16.00      0.4978E-02
   16.10      0.4906E-02
   16.20      0.4835E-02
   16.30      0.4765E-02
   16.40      0.4696E-02
   16.50      0.4627E-02
   16.60      0.4560E-02
   16.70      0.4494E-02
   16.80      0.4429E-02
   16.90      0.4365E-02
   17.00      0.4302E-02
   17.10      0.4240E-02
   17.20      0.4179E-02
   17.30      0.4119E-02
   17.40      0.4060E-02
   17.50      0.4002E-02
   17.60      0.3945E-02
   17.70      0.3889E-02
   17.80      0.3834E-02
   17.90      0.3780E-02
   18.00      0.3728E-02
   18.10      0.3676E-02
   18.20      0.3625E-02
   18.30      0.3576E-02
   18.40      0.3527E-02
   18.50      0.3480E-02
   18.60      0.3433E-02
   18.70      0.3388E-02
   18.80      0.3344E-02
   18.90      0.3300E-02
   19.00      0.3258E-02
   19.10      0.3217E-02
   19.20      0.3177E-02
   19.30      0.3138E-02
   19.40      0.3100E-02
   19.50      0.3063E-02
   19.60      0.3026E-02
   19.70      0.2991E-02
   19.80      0.2957E-02
   19.90      0.2924E-02
   20.00      0.2892E-02
   20.10      0.2861E-02
   20.20      0.2831E-02
   20.30      0.2802E-02
   20.40      0.2774E-02
   20.50      0.2746E-02
   20.60      0.2720E-02
   20.70      0.2694E-02
   20.80      0.2670E-02
   20.90      0.2646E-02
   21.00      0.2623E-02
   21.10      0.2601E-02
   21.20      0.2579E-02
   21.30      0.2559E-02
   21.40      0.2539E-02
   21.50      0.2520E-02
   21.60      0.2502E-02
   21.70      0.2484E-02
   21.80      0.2468E-02
   21.90      0.2451E-02
   22.00      0.2436E-02
   22.10      0.2421E-02
   22.20      0.2407E-02
   22.30      0.2393E-02
   22.40      0.2380E-02
   22.50      0.2367E-02
   22.60      0.2355E-02
   22.70      0.2343E-02
   22.80      0.2332E-02
   22.90      0.2321E-02
   23.00      0.2311E-02
   23.10      0.2301E-02
   23.20      0.2291E-02
   23.30      0.2282E-02
   23.40      0.2273E-02
   23.50      0.2264E-02
   23.60      0.2256E-02
   23.70      0.2247E-02
   23.80      0.2239E-02
   23.90      0.2231E-02
   24.00      0.2224E-02
   24.10      0.2216E-02
   24.20      0.2209E-02
   24.30      0.2201E-02
   24.40      0.2194E-02
   24.50      0.2187E-02
   24.60      0.2180E-02
   24.70      0.2173E-02
   24.80      0.2165E-02
   24.90      0.2158E-02
   25.00      0.2151E-02
   25.10      0.2144E-02
   25.20      0.2137E-02
   25.30      0.2129E-02
   25.40      0.2122E-02
   25.50      0.2114E-02
   25.60      0.2106E-02
   25.70      0.2098E-02
   25.80      0.2090E-02
   25.90      0.2082E-02
   26.00      0.2074E-02
   26.10      0.2065E-02
   26.20      0.2057E-02
   26.30      0.2048E-02
   26.40      0.2039E-02
   26.50      0.2030E-02
   26.60      0.2020E-02
   26.70      0.2011E-02
   26.80      0.2001E-02
   26.90      0.1991E-02
   27.00      0.1981E-02
   27.10      0.1970E-02
   27.20      0.1959E-02
   27.30      0.1949E-02
   27.40      0.1938E-02
   27.50      0.1926E-02
   27.60      0.1915E-02
   27.70      0.1903E-02
   27.80      0.1891E-02
   27.90      0.1879E-02
   28.00      0.1867E-02
   28.10      0.1855E-02
   28.20      0.1842E-02
   28.30      0.1830E-02
   28.40      0.1817E-02
   28.50      0.1804E-02
   28.60      0.1791E-02
   28.70      0.1778E-02
   28.80      0.1764E-02
   28.90      0.1751E-02
   29.00      0.1737E-02
   29.10      0.1724E-02
   29.20      0.1710E-02
   29.30      0.1696E-02
   29.40      0.1682E-02
   29.50      0.1668E-02
   29.60      0.1654E-02
   29.70      0.1640E-02
   29.80      0.1626E-02
   29.90      0.1612E-02
   30.00      0.1598E-02
   30.10      0.1583E-02
   30.20      0.1569E-02
   30.30      0.1555E-02
   30.40      0.1541E-02
   30.50      0.1526E-02
   30.60      0.1512E-02
   30.70      0.1498E-02
   30.80      0.1484E-02
   30.90      0.1470E-02
   31.00      0.1456E-02
   31.10      0.1442E-02
   31.20      0.1428E-02
   31.30      0.1414E-02
   31.40      0.1400E-02
   31.50      0.1386E-02
   31.60      0.1373E-02
   31.70      0.1359E-02
   31.80      0.1345E-02
   31.90      0.1332E-02
   32.00      0.1319E-02
   32.10      0.1305E-02
   32.20      0.1292E-02
   32.30      0.1279E-02
   32.40      0.1266E-02
   32.50      0.1253E-02
   32.60      0.1240E-02
   32.70      0.1227E-02
   32.80      0.1215E-02
   32.90      0.1202E-02
   33.00      0.1190E-02
   33.10      0.1177E-02
   33.20      0.1165E-02
   33.30      0.1153E-02
   33.40      0.1141E-02
   33.50      0.1129E-02
   33.60      0.1117E-02
   33.70      0.1105E-02
   33.80      0.1094E-02
   33.90      0.1082E-02
   34.00      0.1071E-02
   34.10      0.1059E-02
   34.20      0.1048E-02
   34.30      0.1037E-02
   34.40      0.1026E-02
   34.50      0.1015E-02
   34.60      0.1004E-02
   34.70      0.9936E-03
   34.80      0.9829E-03
   34.90      0.9724E-03
   35.00      0.9620E-03
   35.10      0.9516E-03
   35.20      0.9414E-03
   35.30      0.9313E-03
   35.40      0.9212E-03
   35.50      0.9113E-03
   35.60      0.9015E-03
   35.70      0.8917E-03
   35.80      0.8821E-03
   35.90      0.8726E-03
   36.00      0.8631E-03
   36.10      0.8538E-03
   36.20      0.8446E-03
   36.30      0.8355E-03
   36.40      0.8265E-03
   36.50      0.8175E-03
   36.60      0.8088E-03
   36.70      0.8001E-03
   36.80      0.7915E-03
   36.90      0.7830E-03
   37.00      0.7747E-03
   37.10      0.7664E-03
   37.20      0.7583E-03
   37.30      0.7503E-03
   37.40      0.7424E-03
   37.50      0.7346E-03
   37.60      0.7270E-03
   37.70      0.7194E-03
   37.80      0.7120E-03
   37.90      0.7047E-03
   38.00      0.6976E-03
   38.10      0.6905E-03
   38.20      0.6836E-03
   38.30      0.6768E-03
   38.40      0.6701E-03
   38.50      0.6636E-03
   38.60      0.6572E-03
   38.70      0.6509E-03
   38.80      0.6447E-03
   38.90      0.6387E-03
   39.00      0.6328E-03
   39.10      0.6270E-03
   39.20      0.6214E-03
   39.30      0.6159E-03
   39.40      0.6105E-03
   39.50      0.6052E-03
   39.60      0.6001E-03
   39.70      0.5951E-03
   39.80      0.5902E-03
   39.90      0.5855E-03
   40.00      0.5808E-03
   40.10      0.5763E-03
   40.20      0.5719E-03
   40.30      0.5676E-03
   40.40      0.5634E-03
   40.50      0.5594E-03
   40.60      0.5555E-03
   40.70      0.5516E-03
   40.80      0.5479E-03
   40.90      0.5443E-03
   41.00      0.5407E-03
   41.10      0.5373E-03
   41.20      0.5340E-03
   41.30      0.5307E-03
   41.40      0.5276E-03
   41.50      0.5245E-03
   41.60      0.5215E-03
   41.70      0.5186E-03
   41.80      0.5158E-03
   41.90      0.5130E-03
   42.00      0.5103E-03
   42.10      0.5077E-03
   42.20      0.5052E-03
   42.30      0.5026E-03
   42.40      0.5002E-03
   42.50      0.4978E-03
   42.60      0.4954E-03
   42.70      0.4931E-03
   42.80      0.4908E-03
   42.90      0.4886E-03
   43.00      0.4864E-03
   43.10      0.4842E-03
   43.20      0.4820E-03
   43.30      0.4799E-03
   43.40      0.4777E-03
   43.50      0.4756E-03
   43.60      0.4735E-03
   43.70      0.4714E-03
   43.80      0.4693E-03
   43.90      0.4672E-03
   44.00      0.4651E-03
   44.10      0.4630E-03
   44.20      0.4609E-03
   44.30      0.4588E-03
   44.40      0.4567E-03
   44.50      0.4545E-03
   44.60      0.4523E-03
   44.70      0.4502E-03
   44.80      0.4479E-03
   44.90      0.4457E-03
   45.00      0.4435E-03
   45.10      0.4412E-03
   45.20      0.4389E-03
   45.30      0.4365E-03
   45.40      0.4341E-03
   45.50      0.4317E-03
   45.60      0.4293E-03
   45.70      0.4268E-03
   45.80      0.4243E-03
   45.90      0.4218E-03
   46.00      0.4192E-03
   46.10      0.4166E-03
   46.20      0.4140E-03
   46.30      0.4113E-03
   46.40      0.4086E-03
   46.50      0.4058E-03
   46.60      0.4031E-03
   46.70      0.4002E-03
   46.80      0.3974E-03
   46.90      0.3945E-03
   47.00      0.3916E-03
   47.10      0.3887E-03
   47.20      0.3858E-03
   47.30      0.3828E-03
   47.40      0.3798E-03
   47.50      0.3767E-03
   47.60      0.3737E-03
   47.70      0.3706E-03
   47.80      0.3675E-03
   47.90      0.3644E-03
   48.00      0.3613E-03
   48.10      0.3582E-03
   48.20      0.3550E-03
   48.30      0.3518E-03
   48.40      0.3487E-03
   48.50      0.3455E-03
   48.60      0.3423E-03
   48.70      0.3391E-03
   48.80      0.3359E-03
   48.90      0.3327E-03
   49.00      0.3296E-03
   49.10      0.3264E-03
   49.20      0.3232E-03
   49.30      0.3200E-03
   49.40      0.3168E-03
   49.50      0.3137E-03
   49.60      0.3106E-03
   49.70      0.3074E-03
   49.80      0.3043E-03
   49.90      0.3012E-03
   50.00      0.2981E-03
   50.10      0.2951E-03
   50.20      0.2920E-03
   50.30      0.2890E-03
   50.40      0.2860E-03
   50.50      0.2830E-03
   50.60      0.2801E-03
   50.70      0.2772E-03
   50.80      0.2743E-03
   50.90      0.2714E-03
   51.00      0.2686E-03
   51.10      0.2658E-03
   51.20      0.2630E-03
   51.30      0.2602E-03
   51.40      0.2575E-03
   51.50      0.2548E-03
   51.60      0.2522E-03
   51.70      0.2495E-03
   51.80      0.2470E-03
   51.90      0.2444E-03
   52.00      0.2419E-03
   52.10      0.2394E-03
   52.20      0.2369E-03
   52.30      0.2345E-03
   52.40      0.2321E-03
   52.50      0.2298E-03
   52.60      0.2274E-03
   52.70      0.2251E-03
   52.80      0.2229E-03
   52.90      0.2206E-03
   53.00      0.2184E-03
   53.10      0.2163E-03
   53.20      0.2141E-03
   53.30      0.2120E-03
   53.40      0.2100E-03
   53.50      0.2079E-03
   53.60      0.2059E-03
   53.70      0.2039E-03
   53.80      0.2019E-03
   53.90      0.2000E-03
   54.00      0.1981E-03
   54.10      0.1962E-03
   54.20      0.1943E-03
   54.30      0.1925E-03
   54.40      0.1907E-03
   54.50      0.1889E-03
   54.60      0.1871E-03
   54.70      0.1854E-03
   54.80      0.1836E-03
   54.90      0.1819E-03
   55.00      0.1802E-03
   55.10      0.1786E-03
   55.20      0.1769E-03
   55.30      0.1753E-03
   55.40      0.1737E-03
   55.50      0.1721E-03
   55.60      0.1705E-03
   55.70      0.1689E-03
   55.80      0.1674E-03
   55.90      0.1658E-03
   56.00      0.1643E-03
   56.10      0.1628E-03
   56.20      0.1613E-03
   56.30      0.1598E-03
   56.40      0.1583E-03
   56.50      0.1569E-03
   56.60      0.1554E-03
   56.70      0.1540E-03
   56.80      0.1526E-03
   56.90      0.1512E-03
   57.00      0.1498E-03
   57.10      0.1484E-03
   57.20      0.1470E-03
   57.30      0.1456E-03
   57.40      0.1443E-03
   57.50      0.1429E-03
   57.60      0.1416E-03
   57.70      0.1403E-03
   57.80      0.1390E-03
   57.90      0.1377E-03
   58.00      0.1364E-03
   58.10      0.1351E-03
   58.20      0.1339E-03
   58.30      0.1326E-03
   58.40      0.1314E-03
   58.50      0.1302E-03
   58.60      0.1290E-03
   58.70      0.1278E-03
   58.80      0.1266E-03
   58.90      0.1255E-03
   59.00      0.1243E-03
   59.10      0.1232E-03
   59.20      0.1221E-03
   59.30      0.1210E-03
   59.40      0.1199E-03
   59.50      0.1189E-03
   59.60      0.1178E-03
   59.70      0.1168E-03
   59.80      0.1158E-03
   59.90      0.1148E-03
   60.00      0.1138E-03
   60.10      0.1129E-03
   60.20      0.1120E-03
   60.30      0.1110E-03
   60.40      0.1102E-03
   60.50      0.1093E-03
   60.60      0.1084E-03
   60.70      0.1076E-03
   60.80      0.1068E-03
   60.90      0.1060E-03
   61.00      0.1052E-03
   61.10      0.1045E-03
   61.20      0.1037E-03
   61.30      0.1030E-03
   61.40      0.1024E-03
   61.50      0.1017E-03
   61.60      0.1010E-03
   61.70      0.1004E-03
   61.80      0.9980E-04
   61.90      0.9921E-04
   62.00      0.9864E-04
   62.10      0.9808E-04
   62.20      0.9755E-04
   62.30      0.9703E-04
   62.40      0.9653E-04
   62.50      0.9605E-04
   62.60      0.9558E-04
   62.70      0.9513E-04
   62.80      0.9470E-04
   62.90      0.9428E-04
   63.00      0.9387E-04
   63.10      0.9347E-04
   63.20      0.9309E-04
   63.30      0.9272E-04
   63.40      0.9236E-04
   63.50      0.9201E-04
   63.60      0.9167E-04
   63.70      0.9134E-04
   63.80      0.9102E-04
   63.90      0.9070E-04
   64.00      0.9039E-04
   64.10      0.9008E-04
   64.20      0.8978E-04
   64.30      0.8948E-04
   64.40      0.8918E-04
   64.50      0.8889E-04
   64.60      0.8860E-04
   64.70      0.8830E-04
   64.80      0.8801E-04
   64.90      0.8771E-04
   65.00      0.8742E-04
   65.10      0.8711E-04
   65.20      0.8681E-04
   65.30      0.8650E-04
   65.40      0.8618E-04
   65.50      0.8586E-04
   65.60      0.8554E-04
   65.70      0.8520E-04
   65.80      0.8486E-04
   65.90      0.8451E-04
   66.00      0.8414E-04
   66.10      0.8377E-04
   66.20      0.8339E-04
   66.30      0.8300E-04
   66.40      0.8260E-04
   66.50      0.8219E-04
   66.60      0.8176E-04
   66.70      0.8133E-04
   66.80      0.8088E-04
   66.90      0.8042E-04
   67.00      0.7995E-04
   67.10      0.7947E-04
   67.20      0.7897E-04
   67.30      0.7846E-04
   67.40      0.7794E-04
   67.50      0.7741E-04
   67.60      0.7686E-04
   67.70      0.7631E-04
   67.80      0.7574E-04
   67.90      0.7516E-04
   68.00      0.7457E-04
   68.10      0.7397E-04
   68.20      0.7336E-04
   68.30      0.7274E-04
   68.40      0.7211E-04
   68.50      0.7147E-04
   68.60      0.7082E-04
   68.70      0.7017E-04
   68.80      0.6951E-04
   68.90      0.6884E-04
   69.00      0.6816E-04
   69.10      0.6748E-04
   69.20      0.6680E-04
   69.30      0.6611E-04
   69.40      0.6542E-04
   69.50      0.6472E-04
   69.60      0.6403E-04
   69.70      0.6333E-04
   69.80      0.6263E-04
   69.90      0.6193E-04
   70.00      0.6123E-04
   70.10      0.6054E-04
   70.20      0.5984E-04
   70.30      0.5915E-04
   70.40      0.5847E-04
   70.50      0.5778E-04
   70.60      0.5710E-04
   70.70      0.5643E-04
   70.80      0.5577E-04
   70.90      0.5511E-04
   71.00      0.5445E-04
   71.10      0.5381E-04
   71.20      0.5317E-04
   71.30      0.5255E-04
   71.40      0.5193E-04
   71.50      0.5132E-04
   71.60      0.5073E-04
   71.70      0.5014E-04
   71.80      0.4956E-04
   71.90      0.4900E-04
   72.00      0.4845E-04
   72.10      0.4791E-04
   72.20      0.4738E-04
   72.30      0.4686E-04
   72.40      0.4636E-04
   72.50      0.4587E-04
   72.60      0.4539E-04
   72.70      0.4492E-04
   72.80      0.4447E-04
   72.90      0.4403E-04
   73.00      0.4360E-04
   73.10      0.4318E-04
   73.20      0.4278E-04
   73.30      0.4238E-04
   73.40      0.4200E-04
   73.50      0.4163E-04
   73.60      0.4127E-04
   73.70      0.4092E-04
   73.80      0.4059E-04
   73.90      0.4026E-04
   74.00      0.3994E-04
   74.10      0.3964E-04
   74.20      0.3934E-04
   74.30      0.3905E-04
   74.40      0.3876E-04
   74.50      0.3849E-04
   74.60      0.3822E-04
   74.70      0.3796E-04
   74.80      0.3771E-04
   74.90      0.3746E-04
   75.00      0.3721E-04
   75.10      0.3697E-04
   75.20      0.3674E-04
   75.30      0.3651E-04
   75.40      0.3628E-04
   75.50      0.3605E-04
   75.60      0.3583E-04
   75.70      0.3561E-04
   75.80      0.3539E-04
   75.90      0.3516E-04
   76.00      0.3494E-04
   76.10      0.3472E-04
   76.20      0.3450E-04
   76.30      0.3428E-04
   76.40      0.3406E-04
   76.50      0.3383E-04
   76.60      0.3360E-04
   76.70      0.3337E-04
   76.80      0.3314E-04
   76.90      0.3291E-04
   77.00      0.3267E-04
   77.10      0.3243E-04
   77.20      0.3218E-04
   77.30      0.3193E-04
   77.40      0.3168E-04
   77.50      0.3143E-04
   77.60      0.3117E-04
   77.70      0.3090E-04
   77.80      0.3064E-04
   77.90      0.3037E-04
   78.00      0.3010E-04
   78.10      0.2982E-04
   78.20      0.2954E-04
   78.30      0.2926E-04
   78.40      0.2897E-04
   78.50      0.2868E-04
   78.60      0.2839E-04
   78.70      0.2810E-04
   78.80      0.2781E-04
   78.90      0.2751E-04
   79.00      0.2721E-04
   79.10      0.2692E-04
   79.20      0.2662E-04
   79.30      0.2632E-04
   79.40      0.2603E-04
   79.50      0.2573E-04
   79.60      0.2544E-04
   79.70      0.2514E-04
   79.80      0.2485E-04
   79.90      0.2457E-04
   80.00      0.2428E-04
   80.10      0.2400E-04
   80.20      0.2372E-04
   80.30      0.2345E-04
   80.40      0.2318E-04
   80.50      0.2292E-04
   80.60      0.2266E-04
   80.70      0.2241E-04
   80.80      0.2217E-04
   80.90      0.2193E-04
   81.00      0.2170E-04
   81.10      0.2148E-04
   81.20      0.2127E-04
   81.30      0.2106E-04
   81.40      0.2086E-04
   81.50      0.2067E-04
   81.60      0.2049E-04
   81.70      0.2032E-04
   81.80      0.2016E-04
   81.90      0.2001E-04
   82.00      0.1986E-04
   82.10      0.1973E-04
   82.20      0.1961E-04
   82.30      0.1949E-04
   82.40      0.1939E-04
   82.50      0.1929E-04
   82.60      0.1921E-04
   82.70      0.1913E-04
   82.80      0.1906E-04
   82.90      0.1901E-04
   83.00      0.1896E-04
   83.10      0.1892E-04
   83.20      0.1889E-04
   83.30      0.1886E-04
   83.40      0.1885E-04
   83.50      0.1884E-04
   83.60      0.1884E-04
   83.70      0.1884E-04
   83.80      0.1886E-04
   83.90      0.1888E-04
   84.00      0.1890E-04
   84.10      0.1893E-04
   84.20      0.1897E-04
   84.30      0.1900E-04
   84.40      0.1905E-04
   84.50      0.1909E-04
   84.60      0.1914E-04
   84.70      0.1919E-04
   84.80      0.1924E-04
   84.90      0.1930E-04
   85.00      0.1935E-04
   85.10      0.1941E-04
   85.20      0.1946E-04
   85.30      0.1951E-04
   85.40      0.1957E-04
   85.50      0.1962E-04
   85.60      0.1966E-04
   85.70      0.1971E-04
   85.80      0.1975E-04
   85.90      0.1979E-04
   86.00      0.1982E-04
   86.10      0.1985E-04
   86.20      0.1988E-04
   86.30      0.1989E-04
   86.40      0.1991E-04
   86.50      0.1991E-04
   86.60      0.1991E-04
   86.70      0.1991E-04
   86.80      0.1989E-04
   86.90      0.1987E-04
   87.00      0.1984E-04
   87.10      0.1981E-04
   87.20      0.1976E-04
   87.30      0.1971E-04
   87.40      0.1965E-04
   87.50      0.1959E-04
   87.60      0.1951E-04
   87.70      0.1943E-04
   87.80      0.1933E-04
   87.90      0.1923E-04
   88.00      0.1912E-04
   88.10      0.1901E-04
   88.20      0.1888E-04
   88.30      0.1875E-04
   88.40      0.1861E-04
   88.50      0.1846E-04
   88.60      0.1831E-04
   88.70      0.1815E-04
   88.80      0.1798E-04
   88.90      0.1781E-04
   89.00      0.1763E-04
   89.10      0.1744E-04
   89.20      0.1725E-04
   89.30      0.1705E-04
   89.40      0.1685E-04
   89.50      0.1665E-04
   89.60      0.1644E-04
   89.70      0.1623E-04
   89.80      0.1601E-04
   89.90      0.1579E-04
   90.00      0.1557E-04
   90.10      0.1535E-04
   90.20      0.1512E-04
   90.30      0.1490E-04
   90.40      0.1467E-04
   90.50      0.1445E-04
   90.60      0.1422E-04
   90.70      0.1400E-04
   90.80      0.1377E-04
   90.90      0.1355E-04
   91.00      0.1333E-04
   91.10      0.1311E-04
   91.20      0.1290E-04
   91.30      0.1268E-04
   91.40      0.1247E-04
   91.50      0.1227E-04
   91.60      0.1207E-04
   91.70      0.1187E-04
   91.80      0.1168E-04
   91.90      0.1149E-04
   92.00      0.1131E-04
   92.10      0.1113E-04
   92.20      0.1096E-04
   92.30      0.1079E-04
   92.40      0.1063E-04
   92.50      0.1048E-04
   92.60      0.1033E-04
   92.70      0.1019E-04
   92.80      0.1006E-04
   92.90      0.9928E-05
   93.00      0.9806E-05
   93.10      0.9691E-05
   93.20      0.9583E-05
   93.30      0.9481E-05
   93.40      0.9386E-05
   93.50      0.9297E-05
   93.60      0.9214E-05
   93.70      0.9138E-05
   93.80      0.9068E-05
   93.90      0.9004E-05
   94.00      0.8946E-05
   94.10      0.8893E-05
   94.20      0.8846E-05
   94.30      0.8805E-05
   94.40      0.8768E-05
   94.50      0.8736E-05
   94.60      0.8710E-05
   94.70      0.8687E-05
   94.80      0.8669E-05
   94.90      0.8654E-05
   95.00      0.8643E-05
   95.10      0.8635E-05
   95.20      0.8631E-05
   95.30      0.8629E-05
   95.40      0.8630E-05
   95.50      0.8632E-05
   95.60      0.8637E-05
   95.70      0.8643E-05
   95.80      0.8650E-05
   95.90      0.8658E-05
   96.00      0.8667E-05
   96.10      0.8677E-05
   96.20      0.8686E-05
   96.30      0.8695E-05
   96.40      0.8704E-05
   96.50      0.8712E-05
   96.60      0.8719E-05
   96.70      0.8724E-05
   96.80      0.8728E-05
   96.90      0.8731E-05
   97.00      0.8732E-05
   97.10      0.8730E-05
   97.20      0.8726E-05
   97.30      0.8720E-05
   97.40      0.8711E-05
   97.50      0.8700E-05
   97.60      0.8685E-05
   97.70      0.8668E-05
   97.80      0.8647E-05
   97.90      0.8624E-05
   98.00      0.8597E-05
   98.10      0.8567E-05
   98.20      0.8533E-05
   98.30      0.8497E-05
   98.40      0.8457E-05
   98.50      0.8413E-05
   98.60      0.8367E-05
   98.70      0.8317E-05
   98.80      0.8264E-05
   98.90      0.8208E-05
   99.00      0.8149E-05
   99.10      0.8087E-05
   99.20      0.8023E-05
   99.30      0.7956E-05
   99.40      0.7886E-05
   99.50      0.7814E-05
   99.60      0.7740E-05
   99.70      0.7664E-05
   99.80      0.7586E-05
   99.90      0.7506E-05
   100.0      0.7425E-05
   100.1      0.7343E-05
   100.2      0.7260E-05
   100.3      0.7176E-05
   100.4      0.7091E-05
   100.5      0.7006E-05
   100.6      0.6921E-05
   100.7      0.6836E-05
   100.8      0.6751E-05
   100.9      0.6667E-05
   101.0      0.6583E-05
   101.1      0.6500E-05
   101.2      0.6418E-05
   101.3      0.6338E-05
   101.4      0.6259E-05
   101.5      0.6182E-05
   101.6      0.6107E-05
   101.7      0.6033E-05
   101.8      0.5962E-05
   101.9      0.5893E-05
   102.0      0.5827E-05
   102.1      0.5764E-05
   102.2      0.5703E-05
   102.3      0.5645E-05
   102.4      0.5590E-05
   102.5      0.5538E-05
   102.6      0.5489E-05
   102.7      0.5444E-05
   102.8      0.5401E-05
   102.9      0.5363E-05
   103.0      0.5327E-05
   103.1      0.5295E-05
   103.2      0.5266E-05
   103.3      0.5240E-05
   103.4      0.5218E-05
   103.5      0.5199E-05
   103.6      0.5183E-05
   103.7      0.5171E-05
   103.8      0.5161E-05
   103.9      0.5155E-05
   104.0      0.5151E-05
   104.1      0.5150E-05
   104.2      0.5152E-05
   104.3      0.5157E-05
   104.4      0.5163E-05
   104.5      0.5173E-05
   104.6      0.5184E-05
   104.7      0.5197E-05
   104.8      0.5212E-05
   104.9      0.5229E-05
   105.0      0.5247E-05
   105.1      0.5267E-05
   105.2      0.5287E-05
   105.3      0.5309E-05
   105.4      0.5331E-05
   105.5      0.5354E-05
   105.6      0.5377E-05
   105.7      0.5401E-05
   105.8      0.5424E-05
   105.9      0.5447E-05
   106.0      0.5470E-05
   106.1      0.5493E-05
   106.2      0.5514E-05
   106.3      0.5535E-05
   106.4      0.5554E-05
   106.5      0.5573E-05
   106.6      0.5590E-05
   106.7      0.5605E-05
   106.8      0.5619E-05
   106.9      0.5631E-05
   107.0      0.5641E-05
   107.1      0.5649E-05
   107.2      0.5655E-05
   107.3      0.5659E-05
   107.4      0.5660E-05
   107.5      0.5659E-05
   107.6      0.5655E-05
   107.7      0.5649E-05
   107.8      0.5640E-05
   107.9      0.5628E-05
   108.0      0.5614E-05
   108.1      0.5597E-05
   108.2      0.5578E-05
   108.3      0.5556E-05
   108.4      0.5531E-05
   108.5      0.5503E-05
   108.6      0.5472E-05
   108.7      0.5439E-05
   108.8      0.5404E-05
   108.9      0.5366E-05
   109.0      0.5325E-05
   109.1      0.5282E-05
   109.2      0.5237E-05
   109.3      0.5190E-05
   109.4      0.5140E-05
   109.5      0.5089E-05
   109.6      0.5036E-05
   109.7      0.4980E-05
   109.8      0.4924E-05
   109.9      0.4865E-05
   110.0      0.4805E-05
   110.1      0.4744E-05
   110.2      0.4682E-05
   110.3      0.4619E-05
   110.4      0.4555E-05
   110.5      0.4491E-05
   110.6      0.4425E-05
   110.7      0.4360E-05
   110.8      0.4294E-05
   110.9      0.4228E-05
   111.0      0.4162E-05
   111.1      0.4096E-05
   111.2      0.4031E-05
   111.3      0.3966E-05
   111.4      0.3902E-05
   111.5      0.3839E-05
   111.6      0.3776E-05
   111.7      0.3715E-05
   111.8      0.3655E-05
   111.9      0.3596E-05
   112.0      0.3538E-05
   112.1      0.3482E-05
   112.2      0.3428E-05
   112.3      0.3375E-05
   112.4      0.3325E-05
   112.5      0.3276E-05
   112.6      0.3229E-05
   112.7      0.3185E-05
   112.8      0.3143E-05
   112.9      0.3103E-05
   113.0      0.3065E-05
   113.1      0.3030E-05
   113.2      0.2997E-05
   113.3      0.2966E-05
   113.4      0.2938E-05
   113.5      0.2913E-05
   113.6      0.2890E-05
   113.7      0.2870E-05
   113.8      0.2852E-05
   113.9      0.2837E-05
   114.0      0.2824E-05
   114.1      0.2814E-05
   114.2      0.2806E-05
   114.3      0.2801E-05
   114.4      0.2798E-05
   114.5      0.2798E-05
   114.6      0.2800E-05
   114.7      0.2804E-05
   114.8      0.2810E-05
   114.9      0.2819E-05
   115.0      0.2829E-05
   115.1      0.2842E-05
   115.2      0.2856E-05
   115.3      0.2872E-05
   115.4      0.2890E-05
   115.5      0.2909E-05
   115.6      0.2930E-05
   115.7      0.2952E-05
   115.8      0.2975E-05
   115.9      0.2999E-05
   116.0      0.3025E-05
   116.1      0.3051E-05
   116.2      0.3078E-05
   116.3      0.3105E-05
   116.4      0.3133E-05
   116.5      0.3162E-05
   116.6      0.3191E-05
   116.7      0.3219E-05
   116.8      0.3248E-05
   116.9      0.3277E-05
   117.0      0.3305E-05
   117.1      0.3333E-05
   117.2      0.3361E-05
   117.3      0.3388E-05
   117.4      0.3414E-05
   117.5      0.3440E-05
   117.6      0.3464E-05
   117.7      0.3487E-05
   117.8      0.3509E-05
   117.9      0.3530E-05
   118.0      0.3550E-05
   118.1      0.3568E-05
   118.2      0.3585E-05
   118.3      0.3600E-05
   118.4      0.3613E-05
   118.5      0.3624E-05
   118.6      0.3634E-05
   118.7      0.3642E-05
   118.8      0.3648E-05
   118.9      0.3652E-05
   119.0      0.3654E-05
   119.1      0.3654E-05
   119.2      0.3652E-05
   119.3      0.3648E-05
   119.4      0.3642E-05
   119.5      0.3633E-05
   119.6      0.3623E-05
   119.7      0.3611E-05
   119.8      0.3596E-05
   119.9      0.3580E-05
   120.0      0.3561E-05
   120.1      0.3541E-05
   120.2      0.3519E-05
   120.3      0.3494E-05
   120.4      0.3468E-05
   120.5      0.3440E-05
   120.6      0.3411E-05
   120.7      0.3380E-05
   120.8      0.3347E-05
   120.9      0.3312E-05
   121.0      0.3277E-05
   121.1      0.3239E-05
   121.2      0.3201E-05
   121.3      0.3162E-05
   121.4      0.3121E-05
   121.5      0.3079E-05
   121.6      0.3037E-05
   121.7      0.2993E-05
   121.8      0.2949E-05
   121.9      0.2904E-05
   122.0      0.2859E-05
   122.1      0.2814E-05
   122.2      0.2768E-05
   122.3      0.2722E-05
   122.4      0.2675E-05
   122.5      0.2629E-05
   122.6      0.2583E-05
   122.7      0.2537E-05
   122.8      0.2491E-05
   122.9      0.2446E-05
   123.0      0.2401E-05
   123.1      0.2357E-05
   123.2      0.2313E-05
   123.3      0.2270E-05
   123.4      0.2228E-05
   123.5      0.2187E-05
   123.6      0.2147E-05
   123.7      0.2107E-05
   123.8      0.2069E-05
   123.9      0.2032E-05
   124.0      0.1996E-05
   124.1      0.1961E-05
   124.2      0.1928E-05
   124.3      0.1896E-05
   124.4      0.1865E-05
   124.5      0.1836E-05
   124.6      0.1808E-05
   124.7      0.1782E-05
   124.8      0.1757E-05
   124.9      0.1734E-05
   125.0      0.1712E-05
   125.1      0.1692E-05
   125.2      0.1674E-05
   125.3      0.1657E-05
   125.4      0.1641E-05
   125.5      0.1627E-05
   125.6      0.1615E-05
   125.7      0.1604E-05
   125.8      0.1595E-05
   125.9      0.1587E-05
   126.0      0.1581E-05
   126.1      0.1576E-05
   126.2      0.1573E-05
   126.3      0.1571E-05
   126.4      0.1570E-05
   126.5      0.1571E-05
   126.6      0.1573E-05
   126.7      0.1577E-05
   126.8      0.1581E-05
   126.9      0.1587E-05
   127.0      0.1594E-05
   127.1      0.1602E-05
   127.2      0.1611E-05
   127.3      0.1622E-05
   127.4      0.1633E-05
   127.5      0.1645E-05
   127.6      0.1658E-05
   127.7      0.1672E-05
   127.8      0.1686E-05
   127.9      0.1701E-05
   128.0      0.1717E-05
   128.1      0.1734E-05
   128.2      0.1751E-05
   128.3      0.1769E-05
   128.4      0.1787E-05
   128.5      0.1806E-05
   128.6      0.1824E-05
   128.7      0.1844E-05
   128.8      0.1863E-05
   128.9      0.1883E-05
   129.0      0.1903E-05
   129.1      0.1923E-05
   129.2      0.1943E-05
   129.3      0.1963E-05
   129.4      0.1983E-05
   129.5      0.2003E-05
   129.6      0.2023E-05
   129.7      0.2042E-05
   129.8      0.2062E-05
   129.9      0.2081E-05
   130.0      0.2100E-05
   130.1      0.2118E-05
   130.2      0.2136E-05
   130.3      0.2154E-05
   130.4      0.2171E-05
   130.5      0.2187E-05
   130.6      0.2203E-05
   130.7      0.2219E-05
   130.8      0.2233E-05
   130.9      0.2247E-05
   131.0      0.2261E-05
   131.1      0.2274E-05
   131.2      0.2285E-05
   131.3      0.2296E-05
   131.4      0.2307E-05
   131.5      0.2316E-05
   131.6      0.2325E-05
   131.7      0.2332E-05
   131.8      0.2339E-05
   131.9      0.2345E-05
   132.0      0.2349E-05
   132.1      0.2353E-05
   132.2      0.2356E-05
   132.3      0.2358E-05
   132.4      0.2359E-05
   132.5      0.2358E-05
   132.6      0.2357E-05
   132.7      0.2355E-05
   132.8      0.2352E-05
   132.9      0.2348E-05
   133.0      0.2342E-05
   133.1      0.2336E-05
   133.2      0.2329E-05
   133.3      0.2321E-05
   133.4      0.2312E-05
   133.5      0.2302E-05
   133.6      0.2291E-05
   133.7      0.2279E-05
   133.8      0.2266E-05
   133.9      0.2252E-05
   134.0      0.2238E-05
   134.1      0.2223E-05
   134.2      0.2207E-05
   134.3      0.2190E-05
   134.4      0.2173E-05
   134.5      0.2155E-05
   134.6      0.2136E-05
   134.7      0.2117E-05
   134.8      0.2098E-05
   134.9      0.2078E-05
   135.0      0.2057E-05
   135.1      0.2036E-05
   135.2      0.2015E-05
   135.3      0.1994E-05
   135.4      0.1972E-05
   135.5      0.1950E-05
   135.6      0.1928E-05
   135.7      0.1906E-05
   135.8      0.1884E-05
   135.9      0.1862E-05
   136.0      0.1840E-05
   136.1      0.1818E-05
   136.2      0.1797E-05
   136.3      0.1775E-05
   136.4      0.1754E-05
   136.5      0.1733E-05
   136.6      0.1713E-05
   136.7      0.1693E-05
   136.8      0.1673E-05
   136.9      0.1654E-05
   137.0      0.1635E-05
   137.1      0.1617E-05
   137.2      0.1600E-05
   137.3      0.1583E-05
   137.4      0.1567E-05
   137.5      0.1551E-05
   137.6      0.1536E-05
   137.7      0.1522E-05
   137.8      0.1509E-05
   137.9      0.1496E-05
   138.0      0.1484E-05
   138.1      0.1473E-05
   138.2      0.1463E-05
   138.3      0.1454E-05
   138.4      0.1445E-05
   138.5      0.1437E-05
   138.6      0.1430E-05
   138.7      0.1424E-05
   138.8      0.1419E-05
   138.9      0.1415E-05
   139.0      0.1411E-05
   139.1      0.1408E-05
   139.2      0.1406E-05
   139.3      0.1405E-05
   139.4      0.1405E-05
   139.5      0.1405E-05
   139.6      0.1407E-05
   139.7      0.1409E-05
   139.8      0.1411E-05
   139.9      0.1415E-05
   140.0      0.1419E-05
   140.1      0.1423E-05
   140.2      0.1429E-05
   140.3      0.1435E-05
   140.4      0.1441E-05
   140.5      0.1448E-05
   140.6      0.1456E-05
   140.7      0.1464E-05
   140.8      0.1473E-05
   140.9      0.1482E-05
   141.0      0.1491E-05
   141.1      0.1501E-05
   141.2      0.1512E-05
   141.3      0.1522E-05
   141.4      0.1533E-05
   141.5      0.1545E-05
   141.6      0.1556E-05
   141.7      0.1568E-05
   141.8      0.1580E-05
   141.9      0.1592E-05
   142.0      0.1604E-05
   142.1      0.1616E-05
   142.2      0.1629E-05
   142.3      0.1641E-05
   142.4      0.1654E-05
   142.5      0.1666E-05
   142.6      0.1679E-05
   142.7      0.1691E-05
   142.8      0.1703E-05
   142.9      0.1716E-05
   143.0      0.1728E-05
   143.1      0.1740E-05
   143.2      0.1751E-05
   143.3      0.1763E-05
   143.4      0.1774E-05
   143.5      0.1785E-05
   143.6      0.1795E-05
   143.7      0.1806E-05
   143.8      0.1816E-05
   143.9      0.1825E-05
   144.0      0.1835E-05
   144.1      0.1843E-05
   144.2      0.1852E-05
   144.3      0.1860E-05
   144.4      0.1867E-05
   144.5      0.1874E-05
   144.6      0.1880E-05
   144.7      0.1886E-05
   144.8      0.1891E-05
   144.9      0.1896E-05
   145.0      0.1900E-05
   145.1      0.1904E-05
   145.2      0.1907E-05
   145.3      0.1909E-05
   145.4      0.1911E-05
   145.5      0.1912E-05
   145.6      0.1912E-05
   145.7      0.1912E-05
   145.8      0.1911E-05
   145.9      0.1909E-05
   146.0      0.1907E-05
   146.1      0.1904E-05
   146.2      0.1900E-05
   146.3      0.1896E-05
   146.4      0.1891E-05
   146.5      0.1885E-05
   146.6      0.1879E-05
   146.7      0.1873E-05
   146.8      0.1865E-05
   146.9      0.1857E-05
   147.0      0.1849E-05
   147.1      0.1840E-05
   147.2      0.1830E-05
   147.3      0.1820E-05
   147.4      0.1810E-05
   147.5      0.1799E-05
   147.6      0.1787E-05
   147.7      0.1776E-05
   147.8      0.1764E-05
   147.9      0.1751E-05
   148.0      0.1739E-05
   148.1      0.1726E-05
   148.2      0.1713E-05
   148.3      0.1700E-05
   148.4      0.1687E-05
   148.5      0.1673E-05
   148.6      0.1660E-05
   148.7      0.1647E-05
   148.8      0.1634E-05
   148.9      0.1621E-05
   149.0      0.1608E-05
   149.1      0.1595E-05
   149.2      0.1583E-05
   149.3      0.1571E-05
   149.4      0.1559E-05
   149.5      0.1548E-05
   149.6      0.1537E-05
   149.7      0.1526E-05
   149.8      0.1516E-05
   149.9      0.1507E-05
   150.0      0.1498E-05
   150.1      0.1489E-05
   150.2      0.1482E-05
   150.3      0.1474E-05
   150.4      0.1468E-05
   150.5      0.1462E-05
   150.6      0.1457E-05
   150.7      0.1453E-05
   150.8      0.1449E-05
   150.9      0.1446E-05
   151.0      0.1444E-05
   151.1      0.1443E-05
   151.2      0.1442E-05
   151.3      0.1443E-05
   151.4      0.1444E-05
   151.5      0.1445E-05
   151.6      0.1448E-05
   151.7      0.1451E-05
   151.8      0.1454E-05
   151.9      0.1459E-05
   152.0      0.1464E-05
   152.1      0.1470E-05
   152.2      0.1476E-05
   152.3      0.1483E-05
   152.4      0.1491E-05
   152.5      0.1499E-05
   152.6      0.1508E-05
   152.7      0.1517E-05
   152.8      0.1526E-05
   152.9      0.1536E-05
   153.0      0.1546E-05
   153.1      0.1557E-05
   153.2      0.1568E-05
   153.3      0.1579E-05
   153.4      0.1590E-05
   153.5      0.1602E-05
   153.6      0.1613E-05
   153.7      0.1625E-05
   153.8      0.1636E-05
   153.9      0.1648E-05
   154.0      0.1660E-05
   154.1      0.1671E-05
   154.2      0.1683E-05
   154.3      0.1694E-05
   154.4      0.1705E-05
   154.5      0.1716E-05
   154.6      0.1727E-05
   154.7      0.1738E-05
   154.8      0.1748E-05
   154.9      0.1758E-05
   155.0      0.1768E-05
   155.1      0.1777E-05
   155.2      0.1786E-05
   155.3      0.1795E-05
   155.4      0.1803E-05
   155.5      0.1811E-05
   155.6      0.1818E-05
   155.7      0.1826E-05
   155.8      0.1832E-05
   155.9      0.1839E-05
   156.0      0.1845E-05
   156.1      0.1851E-05
   156.2      0.1856E-05
   156.3      0.1861E-05
   156.4      0.1866E-05
   156.5      0.1870E-05
   156.6      0.1874E-05
   156.7      0.1878E-05
   156.8      0.1881E-05
   156.9      0.1884E-05
   157.0      0.1887E-05
   157.1      0.1890E-05
   157.2      0.1892E-05
   157.3      0.1894E-05
   157.4      0.1896E-05
   157.5      0.1898E-05
   157.6      0.1900E-05
   157.7      0.1901E-05
   157.8      0.1903E-05
   157.9      0.1904E-05
   158.0      0.1905E-05
   158.1      0.1907E-05
   158.2      0.1908E-05
   158.3      0.1909E-05
   158.4      0.1910E-05
   158.5      0.1912E-05
   158.6      0.1913E-05
   158.7      0.1914E-05
   158.8      0.1916E-05
   158.9      0.1917E-05
   159.0      0.1918E-05
   159.1      0.1920E-05
   159.2      0.1922E-05
   159.3      0.1923E-05
   159.4      0.1925E-05
   159.5      0.1927E-05
   159.6      0.1929E-05
   159.7      0.1931E-05
   159.8      0.1934E-05
   159.9      0.1936E-05
   160.0      0.1939E-05
   160.1      0.1942E-05
   160.2      0.1944E-05
   160.3      0.1947E-05
   160.4      0.1951E-05
   160.5      0.1954E-05
   160.6      0.1957E-05
   160.7      0.1961E-05
   160.8      0.1965E-05
   160.9      0.1969E-05
   161.0      0.1973E-05
   161.1      0.1977E-05
   161.2      0.1981E-05
   161.3      0.1986E-05
   161.4      0.1990E-05
   161.5      0.1995E-05
   161.6      0.2000E-05
   161.7      0.2006E-05
   161.8      0.2011E-05
   161.9      0.2017E-05
   162.0      0.2023E-05
   162.1      0.2029E-05
   162.2      0.2035E-05
   162.3      0.2042E-05
   162.4      0.2049E-05
   162.5      0.2056E-05
   162.6      0.2063E-05
   162.7      0.2071E-05
   162.8      0.2079E-05
   162.9      0.2088E-05
   163.0      0.2097E-05
   163.1      0.2106E-05
   163.2      0.2115E-05
   163.3      0.2125E-05
   163.4      0.2136E-05
   163.5      0.2146E-05
   163.6      0.2158E-05
   163.7      0.2169E-05
   163.8      0.2182E-05
   163.9      0.2194E-05
   164.0      0.2207E-05
   164.1      0.2221E-05
   164.2      0.2235E-05
   164.3      0.2250E-05
   164.4      0.2265E-05
   164.5      0.2280E-05
   164.6      0.2296E-05
   164.7      0.2313E-05
   164.8      0.2330E-05
   164.9      0.2348E-05
   165.0      0.2366E-05
   165.1      0.2384E-05
   165.2      0.2403E-05
   165.3      0.2423E-05
   165.4      0.2443E-05
   165.5      0.2463E-05
   165.6      0.2484E-05
   165.7      0.2505E-05
   165.8      0.2526E-05
   165.9      0.2548E-05
   166.0      0.2570E-05
   166.1      0.2592E-05
   166.2      0.2614E-05
   166.3      0.2637E-05
   166.4      0.2660E-05
   166.5      0.2683E-05
   166.6      0.2706E-05
   166.7      0.2729E-05
   166.8      0.2752E-05
   166.9      0.2775E-05
   167.0      0.2798E-05
   167.1      0.2821E-05
   167.2      0.2844E-05
   167.3      0.2866E-05
   167.4      0.2889E-05
   167.5      0.2911E-05
   167.6      0.2934E-05
   167.7      0.2956E-05
   167.8      0.2977E-05
   167.9      0.2999E-05
   168.0      0.3020E-05
   168.1      0.3041E-05
   168.2      0.3062E-05
   168.3      0.3082E-05
   168.4      0.3102E-05
   168.5      0.3122E-05
   168.6      0.3141E-05
   168.7      0.3161E-05
   168.8      0.3180E-05
   168.9      0.3199E-05
   169.0      0.3218E-05
   169.1      0.3236E-05
   169.2      0.3255E-05
   169.3      0.3273E-05
   169.4      0.3292E-05
   169.5      0.3311E-05
   169.6      0.3330E-05
   169.7      0.3349E-05
   169.8      0.3368E-05
   169.9      0.3388E-05
   170.0      0.3408E-05
   170.1      0.3429E-05
   170.2      0.3450E-05
   170.3      0.3472E-05
   170.4      0.3495E-05
   170.5      0.3519E-05
   170.6      0.3544E-05
   170.7      0.3570E-05
   170.8      0.3597E-05
   170.9      0.3626E-05
   171.0      0.3656E-05
   171.1      0.3688E-05
   171.2      0.3721E-05
   171.3      0.3757E-05
   171.4      0.3794E-05
   171.5      0.3833E-05
   171.6      0.3874E-05
   171.7      0.3918E-05
   171.8      0.3964E-05
   171.9      0.4012E-05
   172.0      0.4063E-05
   172.1      0.4116E-05
   172.2      0.4172E-05
   172.3      0.4232E-05
   172.4      0.4293E-05
   172.5      0.4358E-05
   172.6      0.4426E-05
   172.7      0.4497E-05
   172.8      0.4571E-05
   172.9      0.4649E-05
   173.0      0.4729E-05
   173.1      0.4813E-05
   173.2      0.4900E-05
   173.3      0.4991E-05
   173.4      0.5085E-05
   173.5      0.5182E-05
   173.6      0.5282E-05
   173.7      0.5385E-05
   173.8      0.5492E-05
   173.9      0.5602E-05
   174.0      0.5715E-05
   174.1      0.5832E-05
   174.2      0.5951E-05
   174.3      0.6073E-05
   174.4      0.6198E-05
   174.5      0.6326E-05
   174.6      0.6456E-05
   174.7      0.6589E-05
   174.8      0.6725E-05
   174.9      0.6862E-05
   175.0      0.7002E-05
   175.1      0.7144E-05
   175.2      0.7287E-05
   175.3      0.7432E-05
   175.4      0.7579E-05
   175.5      0.7727E-05
   175.6      0.7876E-05
   175.7      0.8026E-05
   175.8      0.8177E-05
   175.9      0.8328E-05
   176.0      0.8480E-05
   176.1      0.8631E-05
   176.2      0.8783E-05
   176.3      0.8934E-05
   176.4      0.9085E-05
   176.5      0.9235E-05
   176.6      0.9383E-05
   176.7      0.9531E-05
   176.8      0.9677E-05
   176.9      0.9822E-05
   177.0      0.9965E-05
   177.1      0.1011E-04
   177.2      0.1024E-04
   177.3      0.1038E-04
   177.4      0.1051E-04
   177.5      0.1064E-04
   177.6      0.1077E-04
   177.7      0.1089E-04
   177.8      0.1101E-04
   177.9      0.1113E-04
   178.0      0.1124E-04
   178.1      0.1135E-04
   178.2      0.1145E-04
   178.3      0.1155E-04
   178.4      0.1164E-04
   178.5      0.1173E-04
   178.6      0.1182E-04
   178.7      0.1190E-04
   178.8      0.1197E-04
   178.9      0.1204E-04
   179.0      0.1210E-04
   179.1      0.1216E-04
   179.2      0.1221E-04
   179.3      0.1225E-04
   179.4      0.1229E-04
   179.5      0.1233E-04
   179.6      0.1235E-04
   179.7      0.1238E-04
   179.8      0.1239E-04
   179.9      0.1240E-04
   180.0      0.1240E-04
 END
