#1801 angles,  1 tensor ranks for 0=projectile
@subtitle   "12C(7Li,6Li)13C @ Ed=56 MeV;"                                                  
@legend ON
@legend x1 0.2
@legend y1 0.8
@g0 type LOGY
@yaxis ticklabel format power
@legend string   0 "Lab energy =   56.0000"
#legend string   0 "Partition=  2 Excit=  4 near/far= 1"
#  Theta       sigma       iT11        T20         T21         T22         Kyy for projectile
   0.000       8.024    
  0.1000       8.023    
  0.2000       8.022    
  0.3000       8.020    
  0.4000       8.017    
  0.5000       8.013    
  0.6000       8.008    
  0.7000       8.003    
  0.8000       7.996    
  0.9000       7.989    
   1.000       7.981    
   1.100       7.972    
   1.200       7.963    
   1.300       7.952    
   1.400       7.941    
   1.500       7.928    
   1.600       7.915    
   1.700       7.902    
   1.800       7.887    
   1.900       7.871    
   2.000       7.855    
   2.100       7.838    
   2.200       7.820    
   2.300       7.801    
   2.400       7.782    
   2.500       7.762    
   2.600       7.741    
   2.700       7.719    
   2.800       7.696    
   2.900       7.673    
   3.000       7.649    
   3.100       7.624    
   3.200       7.599    
   3.300       7.572    
   3.400       7.545    
   3.500       7.518    
   3.600       7.489    
   3.700       7.460    
   3.800       7.430    
   3.900       7.400    
   4.000       7.369    
   4.100       7.337    
   4.200       7.304    
   4.300       7.271    
   4.400       7.237    
   4.500       7.203    
   4.600       7.168    
   4.700       7.133    
   4.800       7.097    
   4.900       7.060    
   5.000       7.023    
   5.100       6.985    
   5.200       6.946    
   5.300       6.907    
   5.400       6.868    
   5.500       6.828    
   5.600       6.788    
   5.700       6.747    
   5.800       6.705    
   5.900       6.663    
   6.000       6.621    
   6.100       6.578    
   6.200       6.535    
   6.300       6.491    
   6.400       6.447    
   6.500       6.402    
   6.600       6.357    
   6.700       6.312    
   6.800       6.266    
   6.900       6.220    
   7.000       6.174    
   7.100       6.127    
   7.200       6.080    
   7.300       6.032    
   7.400       5.984    
   7.500       5.936    
   7.600       5.888    
   7.700       5.839    
   7.800       5.790    
   7.900       5.740    
   8.000       5.690    
   8.100       5.640    
   8.200       5.590    
   8.300       5.540    
   8.400       5.489    
   8.500       5.438    
   8.600       5.386    
   8.700       5.335    
   8.800       5.283    
   8.900       5.231    
   9.000       5.179    
   9.100       5.126    
   9.200       5.074    
   9.300       5.021    
   9.400       4.968    
   9.500       4.915    
   9.600       4.862    
   9.700       4.808    
   9.800       4.755    
   9.900       4.701    
   10.00       4.647    
   10.10       4.593    
   10.20       4.539    
   10.30       4.485    
   10.40       4.431    
   10.50       4.376    
   10.60       4.322    
   10.70       4.267    
   10.80       4.213    
   10.90       4.159    
   11.00       4.104    
   11.10       4.050    
   11.20       3.995    
   11.30       3.941    
   11.40       3.887    
   11.50       3.832    
   11.60       3.778    
   11.70       3.724    
   11.80       3.670    
   11.90       3.616    
   12.00       3.562    
   12.10       3.509    
   12.20       3.456    
   12.30       3.402    
   12.40       3.349    
   12.50       3.297    
   12.60       3.244    
   12.70       3.192    
   12.80       3.140    
   12.90       3.088    
   13.00       3.037    
   13.10       2.986    
   13.20       2.935    
   13.30       2.885    
   13.40       2.835    
   13.50       2.785    
   13.60       2.736    
   13.70       2.687    
   13.80       2.639    
   13.90       2.591    
   14.00       2.544    
   14.10       2.497    
   14.20       2.451    
   14.30       2.405    
   14.40       2.359    
   14.50       2.314    
   14.60       2.270    
   14.70       2.226    
   14.80       2.183    
   14.90       2.140    
   15.00       2.098    
   15.10       2.057    
   15.20       2.016    
   15.30       1.976    
   15.40       1.936    
   15.50       1.897    
   15.60       1.859    
   15.70       1.821    
   15.80       1.784    
   15.90       1.747    
   16.00       1.711    
   16.10       1.676    
   16.20       1.642    
   16.30       1.608    
   16.40       1.575    
   16.50       1.542    
   16.60       1.510    
   16.70       1.479    
   16.80       1.448    
   16.90       1.419    
   17.00       1.389    
   17.10       1.361    
   17.20       1.333    
   17.30       1.305    
   17.40       1.279    
   17.50       1.253    
   17.60       1.227    
   17.70       1.203    
   17.80       1.178    
   17.90       1.155    
   18.00       1.132    
   18.10       1.110    
   18.20       1.088    
   18.30       1.067    
   18.40       1.046    
   18.50       1.026    
   18.60       1.007    
   18.70      0.9878    
   18.80      0.9694    
   18.90      0.9516    
   19.00      0.9343    
   19.10      0.9175    
   19.20      0.9013    
   19.30      0.8855    
   19.40      0.8702    
   19.50      0.8554    
   19.60      0.8411    
   19.70      0.8272    
   19.80      0.8138    
   19.90      0.8007    
   20.00      0.7882    
   20.10      0.7760    
   20.20      0.7642    
   20.30      0.7528    
   20.40      0.7418    
   20.50      0.7312    
   20.60      0.7209    
   20.70      0.7109    
   20.80      0.7013    
   20.90      0.6920    
   21.00      0.6831    
   21.10      0.6744    
   21.20      0.6660    
   21.30      0.6579    
   21.40      0.6501    
   21.50      0.6425    
   21.60      0.6352    
   21.70      0.6281    
   21.80      0.6212    
   21.90      0.6146    
   22.00      0.6081    
   22.10      0.6019    
   22.20      0.5958    
   22.30      0.5900    
   22.40      0.5843    
   22.50      0.5787    
   22.60      0.5733    
   22.70      0.5680    
   22.80      0.5629    
   22.90      0.5579    
   23.00      0.5530    
   23.10      0.5482    
   23.20      0.5435    
   23.30      0.5389    
   23.40      0.5344    
   23.50      0.5300    
   23.60      0.5256    
   23.70      0.5213    
   23.80      0.5171    
   23.90      0.5129    
   24.00      0.5087    
   24.10      0.5046    
   24.20      0.5005    
   24.30      0.4964    
   24.40      0.4924    
   24.50      0.4883    
   24.60      0.4843    
   24.70      0.4803    
   24.80      0.4763    
   24.90      0.4723    
   25.00      0.4683    
   25.10      0.4643    
   25.20      0.4602    
   25.30      0.4562    
   25.40      0.4521    
   25.50      0.4481    
   25.60      0.4440    
   25.70      0.4399    
   25.80      0.4357    
   25.90      0.4316    
   26.00      0.4274    
   26.10      0.4232    
   26.20      0.4189    
   26.30      0.4147    
   26.40      0.4104    
   26.50      0.4061    
   26.60      0.4017    
   26.70      0.3974    
   26.80      0.3930    
   26.90      0.3886    
   27.00      0.3841    
   27.10      0.3797    
   27.20      0.3752    
   27.30      0.3707    
   27.40      0.3662    
   27.50      0.3617    
   27.60      0.3572    
   27.70      0.3526    
   27.80      0.3481    
   27.90      0.3435    
   28.00      0.3390    
   28.10      0.3344    
   28.20      0.3299    
   28.30      0.3253    
   28.40      0.3208    
   28.50      0.3162    
   28.60      0.3117    
   28.70      0.3072    
   28.80      0.3027    
   28.90      0.2982    
   29.00      0.2937    
   29.10      0.2893    
   29.20      0.2849    
   29.30      0.2805    
   29.40      0.2761    
   29.50      0.2718    
   29.60      0.2675    
   29.70      0.2633    
   29.80      0.2591    
   29.90      0.2549    
   30.00      0.2508    
   30.10      0.2467    
   30.20      0.2427    
   30.30      0.2387    
   30.40      0.2348    
   30.50      0.2309    
   30.60      0.2271    
   30.70      0.2233    
   30.80      0.2196    
   30.90      0.2160    
   31.00      0.2124    
   31.10      0.2088    
   31.20      0.2054    
   31.30      0.2020    
   31.40      0.1986    
   31.50      0.1953    
   31.60      0.1921    
   31.70      0.1889    
   31.80      0.1858    
   31.90      0.1828    
   32.00      0.1798    
   32.10      0.1769    
   32.20      0.1741    
   32.30      0.1713    
   32.40      0.1686    
   32.50      0.1659    
   32.60      0.1633    
   32.70      0.1608    
   32.80      0.1584    
   32.90      0.1560    
   33.00      0.1536    
   33.10      0.1513    
   33.20      0.1491    
   33.30      0.1470    
   33.40      0.1448    
   33.50      0.1428    
   33.60      0.1408    
   33.70      0.1389    
   33.80      0.1370    
   33.90      0.1352    
   34.00      0.1334    
   34.10      0.1317    
   34.20      0.1300    
   34.30      0.1284    
   34.40      0.1268    
   34.50      0.1252    
   34.60      0.1238    
   34.70      0.1223    
   34.80      0.1209    
   34.90      0.1196    
   35.00      0.1182    
   35.10      0.1170    
   35.20      0.1157    
   35.30      0.1145    
   35.40      0.1133    
   35.50      0.1122    
   35.60      0.1111    
   35.70      0.1100    
   35.80      0.1090    
   35.90      0.1080    
   36.00      0.1070    
   36.10      0.1061    
   36.20      0.1051    
   36.30      0.1042    
   36.40      0.1033    
   36.50      0.1025    
   36.60      0.1017    
   36.70      0.1008    
   36.80      0.1000    
   36.90      0.9925E-01
   37.00      0.9849E-01
   37.10      0.9774E-01
   37.20      0.9700E-01
   37.30      0.9628E-01
   37.40      0.9557E-01
   37.50      0.9487E-01
   37.60      0.9417E-01
   37.70      0.9349E-01
   37.80      0.9282E-01
   37.90      0.9215E-01
   38.00      0.9149E-01
   38.10      0.9084E-01
   38.20      0.9019E-01
   38.30      0.8954E-01
   38.40      0.8890E-01
   38.50      0.8826E-01
   38.60      0.8762E-01
   38.70      0.8698E-01
   38.80      0.8634E-01
   38.90      0.8570E-01
   39.00      0.8506E-01
   39.10      0.8441E-01
   39.20      0.8377E-01
   39.30      0.8312E-01
   39.40      0.8247E-01
   39.50      0.8181E-01
   39.60      0.8116E-01
   39.70      0.8049E-01
   39.80      0.7982E-01
   39.90      0.7915E-01
   40.00      0.7847E-01
   40.10      0.7779E-01
   40.20      0.7710E-01
   40.30      0.7640E-01
   40.40      0.7570E-01
   40.50      0.7499E-01
   40.60      0.7428E-01
   40.70      0.7356E-01
   40.80      0.7284E-01
   40.90      0.7211E-01
   41.00      0.7137E-01
   41.10      0.7063E-01
   41.20      0.6989E-01
   41.30      0.6913E-01
   41.40      0.6838E-01
   41.50      0.6762E-01
   41.60      0.6685E-01
   41.70      0.6608E-01
   41.80      0.6531E-01
   41.90      0.6454E-01
   42.00      0.6376E-01
   42.10      0.6298E-01
   42.20      0.6220E-01
   42.30      0.6142E-01
   42.40      0.6063E-01
   42.50      0.5985E-01
   42.60      0.5906E-01
   42.70      0.5828E-01
   42.80      0.5750E-01
   42.90      0.5671E-01
   43.00      0.5593E-01
   43.10      0.5516E-01
   43.20      0.5438E-01
   43.30      0.5361E-01
   43.40      0.5284E-01
   43.50      0.5208E-01
   43.60      0.5132E-01
   43.70      0.5057E-01
   43.80      0.4982E-01
   43.90      0.4908E-01
   44.00      0.4835E-01
   44.10      0.4762E-01
   44.20      0.4690E-01
   44.30      0.4619E-01
   44.40      0.4549E-01
   44.50      0.4479E-01
   44.60      0.4410E-01
   44.70      0.4343E-01
   44.80      0.4276E-01
   44.90      0.4210E-01
   45.00      0.4145E-01
   45.10      0.4082E-01
   45.20      0.4019E-01
   45.30      0.3957E-01
   45.40      0.3897E-01
   45.50      0.3838E-01
   45.60      0.3779E-01
   45.70      0.3722E-01
   45.80      0.3666E-01
   45.90      0.3611E-01
   46.00      0.3557E-01
   46.10      0.3505E-01
   46.20      0.3453E-01
   46.30      0.3403E-01
   46.40      0.3354E-01
   46.50      0.3306E-01
   46.60      0.3259E-01
   46.70      0.3213E-01
   46.80      0.3169E-01
   46.90      0.3125E-01
   47.00      0.3083E-01
   47.10      0.3042E-01
   47.20      0.3001E-01
   47.30      0.2962E-01
   47.40      0.2924E-01
   47.50      0.2887E-01
   47.60      0.2851E-01
   47.70      0.2816E-01
   47.80      0.2782E-01
   47.90      0.2749E-01
   48.00      0.2717E-01
   48.10      0.2686E-01
   48.20      0.2656E-01
   48.30      0.2627E-01
   48.40      0.2598E-01
   48.50      0.2570E-01
   48.60      0.2544E-01
   48.70      0.2518E-01
   48.80      0.2492E-01
   48.90      0.2468E-01
   49.00      0.2444E-01
   49.10      0.2421E-01
   49.20      0.2399E-01
   49.30      0.2377E-01
   49.40      0.2357E-01
   49.50      0.2336E-01
   49.60      0.2317E-01
   49.70      0.2297E-01
   49.80      0.2279E-01
   49.90      0.2261E-01
   50.00      0.2243E-01
   50.10      0.2226E-01
   50.20      0.2210E-01
   50.30      0.2194E-01
   50.40      0.2178E-01
   50.50      0.2163E-01
   50.60      0.2148E-01
   50.70      0.2134E-01
   50.80      0.2120E-01
   50.90      0.2107E-01
   51.00      0.2093E-01
   51.10      0.2080E-01
   51.20      0.2068E-01
   51.30      0.2055E-01
   51.40      0.2043E-01
   51.50      0.2031E-01
   51.60      0.2019E-01
   51.70      0.2008E-01
   51.80      0.1996E-01
   51.90      0.1985E-01
   52.00      0.1974E-01
   52.10      0.1963E-01
   52.20      0.1952E-01
   52.30      0.1942E-01
   52.40      0.1931E-01
   52.50      0.1920E-01
   52.60      0.1910E-01
   52.70      0.1899E-01
   52.80      0.1889E-01
   52.90      0.1878E-01
   53.00      0.1868E-01
   53.10      0.1857E-01
   53.20      0.1847E-01
   53.30      0.1836E-01
   53.40      0.1825E-01
   53.50      0.1815E-01
   53.60      0.1804E-01
   53.70      0.1793E-01
   53.80      0.1782E-01
   53.90      0.1771E-01
   54.00      0.1759E-01
   54.10      0.1748E-01
   54.20      0.1736E-01
   54.30      0.1724E-01
   54.40      0.1712E-01
   54.50      0.1700E-01
   54.60      0.1688E-01
   54.70      0.1675E-01
   54.80      0.1663E-01
   54.90      0.1650E-01
   55.00      0.1637E-01
   55.10      0.1624E-01
   55.20      0.1610E-01
   55.30      0.1597E-01
   55.40      0.1583E-01
   55.50      0.1569E-01
   55.60      0.1555E-01
   55.70      0.1541E-01
   55.80      0.1526E-01
   55.90      0.1511E-01
   56.00      0.1497E-01
   56.10      0.1482E-01
   56.20      0.1467E-01
   56.30      0.1451E-01
   56.40      0.1436E-01
   56.50      0.1420E-01
   56.60      0.1405E-01
   56.70      0.1389E-01
   56.80      0.1373E-01
   56.90      0.1357E-01
   57.00      0.1341E-01
   57.10      0.1325E-01
   57.20      0.1309E-01
   57.30      0.1292E-01
   57.40      0.1276E-01
   57.50      0.1260E-01
   57.60      0.1244E-01
   57.70      0.1227E-01
   57.80      0.1211E-01
   57.90      0.1195E-01
   58.00      0.1179E-01
   58.10      0.1163E-01
   58.20      0.1147E-01
   58.30      0.1131E-01
   58.40      0.1115E-01
   58.50      0.1099E-01
   58.60      0.1083E-01
   58.70      0.1068E-01
   58.80      0.1052E-01
   58.90      0.1037E-01
   59.00      0.1022E-01
   59.10      0.1007E-01
   59.20      0.9923E-02
   59.30      0.9777E-02
   59.40      0.9633E-02
   59.50      0.9491E-02
   59.60      0.9351E-02
   59.70      0.9213E-02
   59.80      0.9077E-02
   59.90      0.8944E-02
   60.00      0.8812E-02
   60.10      0.8683E-02
   60.20      0.8557E-02
   60.30      0.8432E-02
   60.40      0.8310E-02
   60.50      0.8191E-02
   60.60      0.8074E-02
   60.70      0.7959E-02
   60.80      0.7847E-02
   60.90      0.7737E-02
   61.00      0.7629E-02
   61.10      0.7524E-02
   61.20      0.7422E-02
   61.30      0.7322E-02
   61.40      0.7224E-02
   61.50      0.7128E-02
   61.60      0.7035E-02
   61.70      0.6944E-02
   61.80      0.6856E-02
   61.90      0.6769E-02
   62.00      0.6685E-02
   62.10      0.6603E-02
   62.20      0.6523E-02
   62.30      0.6445E-02
   62.40      0.6369E-02
   62.50      0.6295E-02
   62.60      0.6224E-02
   62.70      0.6154E-02
   62.80      0.6085E-02
   62.90      0.6019E-02
   63.00      0.5955E-02
   63.10      0.5892E-02
   63.20      0.5831E-02
   63.30      0.5771E-02
   63.40      0.5714E-02
   63.50      0.5657E-02
   63.60      0.5603E-02
   63.70      0.5550E-02
   63.80      0.5498E-02
   63.90      0.5448E-02
   64.00      0.5399E-02
   64.10      0.5351E-02
   64.20      0.5305E-02
   64.30      0.5260E-02
   64.40      0.5216E-02
   64.50      0.5174E-02
   64.60      0.5133E-02
   64.70      0.5093E-02
   64.80      0.5054E-02
   64.90      0.5016E-02
   65.00      0.4980E-02
   65.10      0.4944E-02
   65.20      0.4910E-02
   65.30      0.4876E-02
   65.40      0.4843E-02
   65.50      0.4812E-02
   65.60      0.4781E-02
   65.70      0.4751E-02
   65.80      0.4722E-02
   65.90      0.4694E-02
   66.00      0.4667E-02
   66.10      0.4641E-02
   66.20      0.4615E-02
   66.30      0.4590E-02
   66.40      0.4565E-02
   66.50      0.4542E-02
   66.60      0.4519E-02
   66.70      0.4496E-02
   66.80      0.4474E-02
   66.90      0.4453E-02
   67.00      0.4432E-02
   67.10      0.4411E-02
   67.20      0.4391E-02
   67.30      0.4371E-02
   67.40      0.4351E-02
   67.50      0.4332E-02
   67.60      0.4313E-02
   67.70      0.4294E-02
   67.80      0.4275E-02
   67.90      0.4256E-02
   68.00      0.4237E-02
   68.10      0.4219E-02
   68.20      0.4200E-02
   68.30      0.4181E-02
   68.40      0.4162E-02
   68.50      0.4143E-02
   68.60      0.4124E-02
   68.70      0.4104E-02
   68.80      0.4085E-02
   68.90      0.4065E-02
   69.00      0.4044E-02
   69.10      0.4023E-02
   69.20      0.4002E-02
   69.30      0.3981E-02
   69.40      0.3959E-02
   69.50      0.3936E-02
   69.60      0.3913E-02
   69.70      0.3890E-02
   69.80      0.3866E-02
   69.90      0.3841E-02
   70.00      0.3816E-02
   70.10      0.3790E-02
   70.20      0.3764E-02
   70.30      0.3737E-02
   70.40      0.3710E-02
   70.50      0.3682E-02
   70.60      0.3654E-02
   70.70      0.3624E-02
   70.80      0.3595E-02
   70.90      0.3565E-02
   71.00      0.3534E-02
   71.10      0.3503E-02
   71.20      0.3472E-02
   71.30      0.3440E-02
   71.40      0.3407E-02
   71.50      0.3374E-02
   71.60      0.3341E-02
   71.70      0.3307E-02
   71.80      0.3273E-02
   71.90      0.3239E-02
   72.00      0.3205E-02
   72.10      0.3170E-02
   72.20      0.3135E-02
   72.30      0.3100E-02
   72.40      0.3064E-02
   72.50      0.3029E-02
   72.60      0.2994E-02
   72.70      0.2958E-02
   72.80      0.2923E-02
   72.90      0.2887E-02
   73.00      0.2852E-02
   73.10      0.2817E-02
   73.20      0.2781E-02
   73.30      0.2746E-02
   73.40      0.2711E-02
   73.50      0.2677E-02
   73.60      0.2642E-02
   73.70      0.2608E-02
   73.80      0.2574E-02
   73.90      0.2541E-02
   74.00      0.2508E-02
   74.10      0.2475E-02
   74.20      0.2442E-02
   74.30      0.2410E-02
   74.40      0.2378E-02
   74.50      0.2347E-02
   74.60      0.2316E-02
   74.70      0.2285E-02
   74.80      0.2255E-02
   74.90      0.2226E-02
   75.00      0.2196E-02
   75.10      0.2168E-02
   75.20      0.2139E-02
   75.30      0.2111E-02
   75.40      0.2084E-02
   75.50      0.2057E-02
   75.60      0.2031E-02
   75.70      0.2005E-02
   75.80      0.1979E-02
   75.90      0.1954E-02
   76.00      0.1929E-02
   76.10      0.1905E-02
   76.20      0.1881E-02
   76.30      0.1857E-02
   76.40      0.1834E-02
   76.50      0.1812E-02
   76.60      0.1790E-02
   76.70      0.1768E-02
   76.80      0.1746E-02
   76.90      0.1725E-02
   77.00      0.1704E-02
   77.10      0.1684E-02
   77.20      0.1664E-02
   77.30      0.1644E-02
   77.40      0.1625E-02
   77.50      0.1606E-02
   77.60      0.1587E-02
   77.70      0.1568E-02
   77.80      0.1550E-02
   77.90      0.1533E-02
   78.00      0.1515E-02
   78.10      0.1498E-02
   78.20      0.1481E-02
   78.30      0.1464E-02
   78.40      0.1448E-02
   78.50      0.1432E-02
   78.60      0.1417E-02
   78.70      0.1401E-02
   78.80      0.1386E-02
   78.90      0.1371E-02
   79.00      0.1357E-02
   79.10      0.1343E-02
   79.20      0.1329E-02
   79.30      0.1315E-02
   79.40      0.1302E-02
   79.50      0.1289E-02
   79.60      0.1277E-02
   79.70      0.1264E-02
   79.80      0.1252E-02
   79.90      0.1241E-02
   80.00      0.1230E-02
   80.10      0.1219E-02
   80.20      0.1208E-02
   80.30      0.1198E-02
   80.40      0.1188E-02
   80.50      0.1178E-02
   80.60      0.1169E-02
   80.70      0.1160E-02
   80.80      0.1152E-02
   80.90      0.1143E-02
   81.00      0.1135E-02
   81.10      0.1128E-02
   81.20      0.1121E-02
   81.30      0.1114E-02
   81.40      0.1107E-02
   81.50      0.1101E-02
   81.60      0.1095E-02
   81.70      0.1089E-02
   81.80      0.1083E-02
   81.90      0.1078E-02
   82.00      0.1073E-02
   82.10      0.1069E-02
   82.20      0.1064E-02
   82.30      0.1060E-02
   82.40      0.1056E-02
   82.50      0.1052E-02
   82.60      0.1048E-02
   82.70      0.1045E-02
   82.80      0.1041E-02
   82.90      0.1038E-02
   83.00      0.1035E-02
   83.10      0.1032E-02
   83.20      0.1028E-02
   83.30      0.1026E-02
   83.40      0.1023E-02
   83.50      0.1020E-02
   83.60      0.1017E-02
   83.70      0.1014E-02
   83.80      0.1011E-02
   83.90      0.1008E-02
   84.00      0.1005E-02
   84.10      0.1002E-02
   84.20      0.9983E-03
   84.30      0.9949E-03
   84.40      0.9914E-03
   84.50      0.9877E-03
   84.60      0.9840E-03
   84.70      0.9800E-03
   84.80      0.9759E-03
   84.90      0.9716E-03
   85.00      0.9671E-03
   85.10      0.9625E-03
   85.20      0.9576E-03
   85.30      0.9525E-03
   85.40      0.9473E-03
   85.50      0.9418E-03
   85.60      0.9361E-03
   85.70      0.9302E-03
   85.80      0.9241E-03
   85.90      0.9178E-03
   86.00      0.9113E-03
   86.10      0.9046E-03
   86.20      0.8978E-03
   86.30      0.8907E-03
   86.40      0.8835E-03
   86.50      0.8760E-03
   86.60      0.8685E-03
   86.70      0.8608E-03
   86.80      0.8529E-03
   86.90      0.8449E-03
   87.00      0.8369E-03
   87.10      0.8287E-03
   87.20      0.8204E-03
   87.30      0.8120E-03
   87.40      0.8036E-03
   87.50      0.7951E-03
   87.60      0.7866E-03
   87.70      0.7781E-03
   87.80      0.7695E-03
   87.90      0.7610E-03
   88.00      0.7524E-03
   88.10      0.7439E-03
   88.20      0.7355E-03
   88.30      0.7270E-03
   88.40      0.7187E-03
   88.50      0.7104E-03
   88.60      0.7021E-03
   88.70      0.6940E-03
   88.80      0.6859E-03
   88.90      0.6780E-03
   89.00      0.6702E-03
   89.10      0.6624E-03
   89.20      0.6548E-03
   89.30      0.6473E-03
   89.40      0.6399E-03
   89.50      0.6327E-03
   89.60      0.6255E-03
   89.70      0.6185E-03
   89.80      0.6117E-03
   89.90      0.6049E-03
   90.00      0.5983E-03
   90.10      0.5917E-03
   90.20      0.5853E-03
   90.30      0.5790E-03
   90.40      0.5728E-03
   90.50      0.5667E-03
   90.60      0.5607E-03
   90.70      0.5548E-03
   90.80      0.5489E-03
   90.90      0.5432E-03
   91.00      0.5374E-03
   91.10      0.5318E-03
   91.20      0.5262E-03
   91.30      0.5207E-03
   91.40      0.5151E-03
   91.50      0.5097E-03
   91.60      0.5042E-03
   91.70      0.4988E-03
   91.80      0.4934E-03
   91.90      0.4880E-03
   92.00      0.4826E-03
   92.10      0.4771E-03
   92.20      0.4717E-03
   92.30      0.4663E-03
   92.40      0.4609E-03
   92.50      0.4554E-03
   92.60      0.4500E-03
   92.70      0.4445E-03
   92.80      0.4390E-03
   92.90      0.4335E-03
   93.00      0.4280E-03
   93.10      0.4225E-03
   93.20      0.4170E-03
   93.30      0.4114E-03
   93.40      0.4059E-03
   93.50      0.4004E-03
   93.60      0.3949E-03
   93.70      0.3894E-03
   93.80      0.3839E-03
   93.90      0.3784E-03
   94.00      0.3730E-03
   94.10      0.3676E-03
   94.20      0.3623E-03
   94.30      0.3570E-03
   94.40      0.3518E-03
   94.50      0.3466E-03
   94.60      0.3416E-03
   94.70      0.3366E-03
   94.80      0.3317E-03
   94.90      0.3269E-03
   95.00      0.3223E-03
   95.10      0.3177E-03
   95.20      0.3133E-03
   95.30      0.3090E-03
   95.40      0.3048E-03
   95.50      0.3008E-03
   95.60      0.2969E-03
   95.70      0.2931E-03
   95.80      0.2895E-03
   95.90      0.2861E-03
   96.00      0.2829E-03
   96.10      0.2797E-03
   96.20      0.2768E-03
   96.30      0.2740E-03
   96.40      0.2714E-03
   96.50      0.2689E-03
   96.60      0.2666E-03
   96.70      0.2645E-03
   96.80      0.2625E-03
   96.90      0.2607E-03
   97.00      0.2590E-03
   97.10      0.2575E-03
   97.20      0.2561E-03
   97.30      0.2548E-03
   97.40      0.2536E-03
   97.50      0.2526E-03
   97.60      0.2517E-03
   97.70      0.2509E-03
   97.80      0.2502E-03
   97.90      0.2496E-03
   98.00      0.2490E-03
   98.10      0.2485E-03
   98.20      0.2481E-03
   98.30      0.2478E-03
   98.40      0.2475E-03
   98.50      0.2472E-03
   98.60      0.2470E-03
   98.70      0.2468E-03
   98.80      0.2466E-03
   98.90      0.2464E-03
   99.00      0.2462E-03
   99.10      0.2460E-03
   99.20      0.2458E-03
   99.30      0.2455E-03
   99.40      0.2453E-03
   99.50      0.2450E-03
   99.60      0.2446E-03
   99.70      0.2442E-03
   99.80      0.2438E-03
   99.90      0.2433E-03
   100.0      0.2427E-03
   100.1      0.2421E-03
   100.2      0.2414E-03
   100.3      0.2407E-03
   100.4      0.2399E-03
   100.5      0.2390E-03
   100.6      0.2380E-03
   100.7      0.2370E-03
   100.8      0.2359E-03
   100.9      0.2348E-03
   101.0      0.2336E-03
   101.1      0.2323E-03
   101.2      0.2309E-03
   101.3      0.2295E-03
   101.4      0.2281E-03
   101.5      0.2266E-03
   101.6      0.2250E-03
   101.7      0.2234E-03
   101.8      0.2218E-03
   101.9      0.2201E-03
   102.0      0.2184E-03
   102.1      0.2166E-03
   102.2      0.2149E-03
   102.3      0.2131E-03
   102.4      0.2113E-03
   102.5      0.2095E-03
   102.6      0.2077E-03
   102.7      0.2059E-03
   102.8      0.2041E-03
   102.9      0.2023E-03
   103.0      0.2005E-03
   103.1      0.1987E-03
   103.2      0.1969E-03
   103.3      0.1952E-03
   103.4      0.1935E-03
   103.5      0.1918E-03
   103.6      0.1902E-03
   103.7      0.1886E-03
   103.8      0.1870E-03
   103.9      0.1854E-03
   104.0      0.1839E-03
   104.1      0.1825E-03
   104.2      0.1811E-03
   104.3      0.1797E-03
   104.4      0.1784E-03
   104.5      0.1771E-03
   104.6      0.1758E-03
   104.7      0.1746E-03
   104.8      0.1734E-03
   104.9      0.1723E-03
   105.0      0.1712E-03
   105.1      0.1701E-03
   105.2      0.1691E-03
   105.3      0.1681E-03
   105.4      0.1671E-03
   105.5      0.1662E-03
   105.6      0.1652E-03
   105.7      0.1643E-03
   105.8      0.1634E-03
   105.9      0.1625E-03
   106.0      0.1616E-03
   106.1      0.1608E-03
   106.2      0.1599E-03
   106.3      0.1590E-03
   106.4      0.1581E-03
   106.5      0.1572E-03
   106.6      0.1563E-03
   106.7      0.1553E-03
   106.8      0.1544E-03
   106.9      0.1534E-03
   107.0      0.1524E-03
   107.1      0.1514E-03
   107.2      0.1503E-03
   107.3      0.1492E-03
   107.4      0.1480E-03
   107.5      0.1469E-03
   107.6      0.1456E-03
   107.7      0.1444E-03
   107.8      0.1431E-03
   107.9      0.1417E-03
   108.0      0.1404E-03
   108.1      0.1389E-03
   108.2      0.1375E-03
   108.3      0.1359E-03
   108.4      0.1344E-03
   108.5      0.1328E-03
   108.6      0.1312E-03
   108.7      0.1295E-03
   108.8      0.1278E-03
   108.9      0.1261E-03
   109.0      0.1243E-03
   109.1      0.1225E-03
   109.2      0.1207E-03
   109.3      0.1189E-03
   109.4      0.1171E-03
   109.5      0.1152E-03
   109.6      0.1134E-03
   109.7      0.1115E-03
   109.8      0.1097E-03
   109.9      0.1078E-03
   110.0      0.1060E-03
   110.1      0.1042E-03
   110.2      0.1024E-03
   110.3      0.1006E-03
   110.4      0.9888E-04
   110.5      0.9717E-04
   110.6      0.9549E-04
   110.7      0.9385E-04
   110.8      0.9226E-04
   110.9      0.9071E-04
   111.0      0.8922E-04
   111.1      0.8777E-04
   111.2      0.8638E-04
   111.3      0.8505E-04
   111.4      0.8378E-04
   111.5      0.8257E-04
   111.6      0.8142E-04
   111.7      0.8034E-04
   111.8      0.7932E-04
   111.9      0.7836E-04
   112.0      0.7747E-04
   112.1      0.7665E-04
   112.2      0.7588E-04
   112.3      0.7518E-04
   112.4      0.7454E-04
   112.5      0.7395E-04
   112.6      0.7342E-04
   112.7      0.7295E-04
   112.8      0.7252E-04
   112.9      0.7215E-04
   113.0      0.7181E-04
   113.1      0.7152E-04
   113.2      0.7127E-04
   113.3      0.7105E-04
   113.4      0.7086E-04
   113.5      0.7070E-04
   113.6      0.7055E-04
   113.7      0.7043E-04
   113.8      0.7032E-04
   113.9      0.7021E-04
   114.0      0.7012E-04
   114.1      0.7002E-04
   114.2      0.6992E-04
   114.3      0.6982E-04
   114.4      0.6970E-04
   114.5      0.6957E-04
   114.6      0.6943E-04
   114.7      0.6927E-04
   114.8      0.6909E-04
   114.9      0.6888E-04
   115.0      0.6865E-04
   115.1      0.6839E-04
   115.2      0.6810E-04
   115.3      0.6778E-04
   115.4      0.6743E-04
   115.5      0.6705E-04
   115.6      0.6664E-04
   115.7      0.6620E-04
   115.8      0.6573E-04
   115.9      0.6523E-04
   116.0      0.6471E-04
   116.1      0.6416E-04
   116.2      0.6358E-04
   116.3      0.6298E-04
   116.4      0.6236E-04
   116.5      0.6173E-04
   116.6      0.6108E-04
   116.7      0.6042E-04
   116.8      0.5975E-04
   116.9      0.5907E-04
   117.0      0.5839E-04
   117.1      0.5771E-04
   117.2      0.5704E-04
   117.3      0.5637E-04
   117.4      0.5571E-04
   117.5      0.5506E-04
   117.6      0.5443E-04
   117.7      0.5382E-04
   117.8      0.5323E-04
   117.9      0.5267E-04
   118.0      0.5213E-04
   118.1      0.5162E-04
   118.2      0.5114E-04
   118.3      0.5070E-04
   118.4      0.5028E-04
   118.5      0.4990E-04
   118.6      0.4956E-04
   118.7      0.4925E-04
   118.8      0.4898E-04
   118.9      0.4875E-04
   119.0      0.4855E-04
   119.1      0.4838E-04
   119.2      0.4825E-04
   119.3      0.4816E-04
   119.4      0.4809E-04
   119.5      0.4806E-04
   119.6      0.4805E-04
   119.7      0.4807E-04
   119.8      0.4812E-04
   119.9      0.4818E-04
   120.0      0.4827E-04
   120.1      0.4836E-04
   120.2      0.4848E-04
   120.3      0.4860E-04
   120.4      0.4873E-04
   120.5      0.4886E-04
   120.6      0.4900E-04
   120.7      0.4913E-04
   120.8      0.4926E-04
   120.9      0.4938E-04
   121.0      0.4948E-04
   121.1      0.4958E-04
   121.2      0.4966E-04
   121.3      0.4972E-04
   121.4      0.4975E-04
   121.5      0.4977E-04
   121.6      0.4976E-04
   121.7      0.4972E-04
   121.8      0.4966E-04
   121.9      0.4956E-04
   122.0      0.4943E-04
   122.1      0.4928E-04
   122.2      0.4909E-04
   122.3      0.4886E-04
   122.4      0.4861E-04
   122.5      0.4832E-04
   122.6      0.4800E-04
   122.7      0.4765E-04
   122.8      0.4727E-04
   122.9      0.4685E-04
   123.0      0.4641E-04
   123.1      0.4595E-04
   123.2      0.4546E-04
   123.3      0.4494E-04
   123.4      0.4440E-04
   123.5      0.4385E-04
   123.6      0.4327E-04
   123.7      0.4268E-04
   123.8      0.4208E-04
   123.9      0.4146E-04
   124.0      0.4084E-04
   124.1      0.4021E-04
   124.2      0.3958E-04
   124.3      0.3895E-04
   124.4      0.3831E-04
   124.5      0.3768E-04
   124.6      0.3706E-04
   124.7      0.3644E-04
   124.8      0.3583E-04
   124.9      0.3524E-04
   125.0      0.3465E-04
   125.1      0.3408E-04
   125.2      0.3353E-04
   125.3      0.3299E-04
   125.4      0.3248E-04
   125.5      0.3198E-04
   125.6      0.3151E-04
   125.7      0.3105E-04
   125.8      0.3062E-04
   125.9      0.3021E-04
   126.0      0.2983E-04
   126.1      0.2947E-04
   126.2      0.2913E-04
   126.3      0.2881E-04
   126.4      0.2852E-04
   126.5      0.2825E-04
   126.6      0.2800E-04
   126.7      0.2778E-04
   126.8      0.2757E-04
   126.9      0.2739E-04
   127.0      0.2722E-04
   127.1      0.2707E-04
   127.2      0.2694E-04
   127.3      0.2683E-04
   127.4      0.2673E-04
   127.5      0.2664E-04
   127.6      0.2657E-04
   127.7      0.2650E-04
   127.8      0.2645E-04
   127.9      0.2640E-04
   128.0      0.2636E-04
   128.1      0.2632E-04
   128.2      0.2629E-04
   128.3      0.2627E-04
   128.4      0.2624E-04
   128.5      0.2621E-04
   128.6      0.2618E-04
   128.7      0.2615E-04
   128.8      0.2612E-04
   128.9      0.2608E-04
   129.0      0.2604E-04
   129.1      0.2598E-04
   129.2      0.2593E-04
   129.3      0.2586E-04
   129.4      0.2578E-04
   129.5      0.2569E-04
   129.6      0.2559E-04
   129.7      0.2548E-04
   129.8      0.2536E-04
   129.9      0.2522E-04
   130.0      0.2508E-04
   130.1      0.2491E-04
   130.2      0.2474E-04
   130.3      0.2455E-04
   130.4      0.2435E-04
   130.5      0.2413E-04
   130.6      0.2390E-04
   130.7      0.2366E-04
   130.8      0.2340E-04
   130.9      0.2314E-04
   131.0      0.2285E-04
   131.1      0.2256E-04
   131.2      0.2226E-04
   131.3      0.2195E-04
   131.4      0.2163E-04
   131.5      0.2130E-04
   131.6      0.2096E-04
   131.7      0.2062E-04
   131.8      0.2027E-04
   131.9      0.1991E-04
   132.0      0.1956E-04
   132.1      0.1920E-04
   132.2      0.1885E-04
   132.3      0.1849E-04
   132.4      0.1814E-04
   132.5      0.1779E-04
   132.6      0.1745E-04
   132.7      0.1712E-04
   132.8      0.1679E-04
   132.9      0.1648E-04
   133.0      0.1618E-04
   133.1      0.1589E-04
   133.2      0.1561E-04
   133.3      0.1535E-04
   133.4      0.1511E-04
   133.5      0.1489E-04
   133.6      0.1469E-04
   133.7      0.1450E-04
   133.8      0.1434E-04
   133.9      0.1421E-04
   134.0      0.1409E-04
   134.1      0.1400E-04
   134.2      0.1393E-04
   134.3      0.1389E-04
   134.4      0.1387E-04
   134.5      0.1388E-04
   134.6      0.1392E-04
   134.7      0.1397E-04
   134.8      0.1405E-04
   134.9      0.1416E-04
   135.0      0.1428E-04
   135.1      0.1443E-04
   135.2      0.1460E-04
   135.3      0.1479E-04
   135.4      0.1499E-04
   135.5      0.1522E-04
   135.6      0.1545E-04
   135.7      0.1570E-04
   135.8      0.1596E-04
   135.9      0.1623E-04
   136.0      0.1651E-04
   136.1      0.1679E-04
   136.2      0.1707E-04
   136.3      0.1735E-04
   136.4      0.1763E-04
   136.5      0.1791E-04
   136.6      0.1818E-04
   136.7      0.1844E-04
   136.8      0.1869E-04
   136.9      0.1893E-04
   137.0      0.1915E-04
   137.1      0.1936E-04
   137.2      0.1955E-04
   137.3      0.1971E-04
   137.4      0.1986E-04
   137.5      0.1998E-04
   137.6      0.2007E-04
   137.7      0.2014E-04
   137.8      0.2019E-04
   137.9      0.2020E-04
   138.0      0.2019E-04
   138.1      0.2016E-04
   138.2      0.2009E-04
   138.3      0.2000E-04
   138.4      0.1987E-04
   138.5      0.1973E-04
   138.6      0.1955E-04
   138.7      0.1936E-04
   138.8      0.1913E-04
   138.9      0.1889E-04
   139.0      0.1863E-04
   139.1      0.1834E-04
   139.2      0.1804E-04
   139.3      0.1773E-04
   139.4      0.1740E-04
   139.5      0.1706E-04
   139.6      0.1672E-04
   139.7      0.1637E-04
   139.8      0.1601E-04
   139.9      0.1566E-04
   140.0      0.1530E-04
   140.1      0.1495E-04
   140.2      0.1461E-04
   140.3      0.1428E-04
   140.4      0.1395E-04
   140.5      0.1364E-04
   140.6      0.1334E-04
   140.7      0.1306E-04
   140.8      0.1280E-04
   140.9      0.1256E-04
   141.0      0.1234E-04
   141.1      0.1214E-04
   141.2      0.1196E-04
   141.3      0.1181E-04
   141.4      0.1168E-04
   141.5      0.1158E-04
   141.6      0.1150E-04
   141.7      0.1145E-04
   141.8      0.1142E-04
   141.9      0.1142E-04
   142.0      0.1143E-04
   142.1      0.1147E-04
   142.2      0.1153E-04
   142.3      0.1161E-04
   142.4      0.1171E-04
   142.5      0.1182E-04
   142.6      0.1195E-04
   142.7      0.1209E-04
   142.8      0.1224E-04
   142.9      0.1239E-04
   143.0      0.1256E-04
   143.1      0.1272E-04
   143.2      0.1289E-04
   143.3      0.1306E-04
   143.4      0.1323E-04
   143.5      0.1339E-04
   143.6      0.1354E-04
   143.7      0.1368E-04
   143.8      0.1381E-04
   143.9      0.1393E-04
   144.0      0.1404E-04
   144.1      0.1412E-04
   144.2      0.1419E-04
   144.3      0.1424E-04
   144.4      0.1428E-04
   144.5      0.1429E-04
   144.6      0.1428E-04
   144.7      0.1424E-04
   144.8      0.1419E-04
   144.9      0.1411E-04
   145.0      0.1402E-04
   145.1      0.1390E-04
   145.2      0.1376E-04
   145.3      0.1360E-04
   145.4      0.1342E-04
   145.5      0.1322E-04
   145.6      0.1300E-04
   145.7      0.1277E-04
   145.8      0.1252E-04
   145.9      0.1227E-04
   146.0      0.1200E-04
   146.1      0.1172E-04
   146.2      0.1143E-04
   146.3      0.1114E-04
   146.4      0.1085E-04
   146.5      0.1055E-04
   146.6      0.1025E-04
   146.7      0.9958E-05
   146.8      0.9666E-05
   146.9      0.9381E-05
   147.0      0.9102E-05
   147.1      0.8832E-05
   147.2      0.8573E-05
   147.3      0.8325E-05
   147.4      0.8089E-05
   147.5      0.7868E-05
   147.6      0.7661E-05
   147.7      0.7470E-05
   147.8      0.7296E-05
   147.9      0.7138E-05
   148.0      0.6997E-05
   148.1      0.6874E-05
   148.2      0.6768E-05
   148.3      0.6680E-05
   148.4      0.6609E-05
   148.5      0.6554E-05
   148.6      0.6515E-05
   148.7      0.6492E-05
   148.8      0.6484E-05
   148.9      0.6490E-05
   149.0      0.6509E-05
   149.1      0.6539E-05
   149.2      0.6581E-05
   149.3      0.6633E-05
   149.4      0.6693E-05
   149.5      0.6760E-05
   149.6      0.6834E-05
   149.7      0.6912E-05
   149.8      0.6994E-05
   149.9      0.7079E-05
   150.0      0.7166E-05
   150.1      0.7252E-05
   150.2      0.7338E-05
   150.3      0.7423E-05
   150.4      0.7505E-05
   150.5      0.7583E-05
   150.6      0.7657E-05
   150.7      0.7726E-05
   150.8      0.7790E-05
   150.9      0.7849E-05
   151.0      0.7901E-05
   151.1      0.7946E-05
   151.2      0.7985E-05
   151.3      0.8017E-05
   151.4      0.8042E-05
   151.5      0.8060E-05
   151.6      0.8072E-05
   151.7      0.8077E-05
   151.8      0.8076E-05
   151.9      0.8070E-05
   152.0      0.8058E-05
   152.1      0.8041E-05
   152.2      0.8020E-05
   152.3      0.7995E-05
   152.4      0.7966E-05
   152.5      0.7934E-05
   152.6      0.7900E-05
   152.7      0.7864E-05
   152.8      0.7826E-05
   152.9      0.7787E-05
   153.0      0.7748E-05
   153.1      0.7709E-05
   153.2      0.7670E-05
   153.3      0.7632E-05
   153.4      0.7595E-05
   153.5      0.7558E-05
   153.6      0.7524E-05
   153.7      0.7491E-05
   153.8      0.7459E-05
   153.9      0.7430E-05
   154.0      0.7402E-05
   154.1      0.7377E-05
   154.2      0.7353E-05
   154.3      0.7331E-05
   154.4      0.7311E-05
   154.5      0.7293E-05
   154.6      0.7276E-05
   154.7      0.7261E-05
   154.8      0.7247E-05
   154.9      0.7234E-05
   155.0      0.7223E-05
   155.1      0.7212E-05
   155.2      0.7203E-05
   155.3      0.7194E-05
   155.4      0.7187E-05
   155.5      0.7181E-05
   155.6      0.7175E-05
   155.7      0.7171E-05
   155.8      0.7168E-05
   155.9      0.7167E-05
   156.0      0.7167E-05
   156.1      0.7170E-05
   156.2      0.7175E-05
   156.3      0.7182E-05
   156.4      0.7193E-05
   156.5      0.7206E-05
   156.6      0.7224E-05
   156.7      0.7246E-05
   156.8      0.7273E-05
   156.9      0.7306E-05
   157.0      0.7344E-05
   157.1      0.7388E-05
   157.2      0.7439E-05
   157.3      0.7497E-05
   157.4      0.7562E-05
   157.5      0.7635E-05
   157.6      0.7716E-05
   157.7      0.7805E-05
   157.8      0.7903E-05
   157.9      0.8009E-05
   158.0      0.8123E-05
   158.1      0.8246E-05
   158.2      0.8377E-05
   158.3      0.8516E-05
   158.4      0.8662E-05
   158.5      0.8815E-05
   158.6      0.8974E-05
   158.7      0.9139E-05
   158.8      0.9308E-05
   158.9      0.9481E-05
   159.0      0.9658E-05
   159.1      0.9836E-05
   159.2      0.1001E-04
   159.3      0.1019E-04
   159.4      0.1037E-04
   159.5      0.1054E-04
   159.6      0.1071E-04
   159.7      0.1087E-04
   159.8      0.1103E-04
   159.9      0.1118E-04
   160.0      0.1131E-04
   160.1      0.1144E-04
   160.2      0.1155E-04
   160.3      0.1165E-04
   160.4      0.1174E-04
   160.5      0.1180E-04
   160.6      0.1185E-04
   160.7      0.1189E-04
   160.8      0.1190E-04
   160.9      0.1190E-04
   161.0      0.1188E-04
   161.1      0.1184E-04
   161.2      0.1178E-04
   161.3      0.1170E-04
   161.4      0.1160E-04
   161.5      0.1148E-04
   161.6      0.1135E-04
   161.7      0.1120E-04
   161.8      0.1103E-04
   161.9      0.1085E-04
   162.0      0.1066E-04
   162.1      0.1045E-04
   162.2      0.1024E-04
   162.3      0.1002E-04
   162.4      0.9799E-05
   162.5      0.9572E-05
   162.6      0.9344E-05
   162.7      0.9117E-05
   162.8      0.8895E-05
   162.9      0.8680E-05
   163.0      0.8473E-05
   163.1      0.8278E-05
   163.2      0.8096E-05
   163.3      0.7930E-05
   163.4      0.7782E-05
   163.5      0.7654E-05
   163.6      0.7548E-05
   163.7      0.7467E-05
   163.8      0.7411E-05
   163.9      0.7381E-05
   164.0      0.7380E-05
   164.1      0.7409E-05
   164.2      0.7467E-05
   164.3      0.7555E-05
   164.4      0.7675E-05
   164.5      0.7824E-05
   164.6      0.8005E-05
   164.7      0.8215E-05
   164.8      0.8454E-05
   164.9      0.8720E-05
   165.0      0.9013E-05
   165.1      0.9331E-05
   165.2      0.9672E-05
   165.3      0.1003E-04
   165.4      0.1041E-04
   165.5      0.1081E-04
   165.6      0.1122E-04
   165.7      0.1164E-04
   165.8      0.1206E-04
   165.9      0.1249E-04
   166.0      0.1293E-04
   166.1      0.1336E-04
   166.2      0.1378E-04
   166.3      0.1419E-04
   166.4      0.1460E-04
   166.5      0.1499E-04
   166.6      0.1536E-04
   166.7      0.1571E-04
   166.8      0.1603E-04
   166.9      0.1633E-04
   167.0      0.1660E-04
   167.1      0.1684E-04
   167.2      0.1705E-04
   167.3      0.1722E-04
   167.4      0.1735E-04
   167.5      0.1745E-04
   167.6      0.1752E-04
   167.7      0.1754E-04
   167.8      0.1753E-04
   167.9      0.1748E-04
   168.0      0.1739E-04
   168.1      0.1727E-04
   168.2      0.1711E-04
   168.3      0.1692E-04
   168.4      0.1670E-04
   168.5      0.1645E-04
   168.6      0.1618E-04
   168.7      0.1588E-04
   168.8      0.1556E-04
   168.9      0.1522E-04
   169.0      0.1487E-04
   169.1      0.1451E-04
   169.2      0.1414E-04
   169.3      0.1377E-04
   169.4      0.1340E-04
   169.5      0.1303E-04
   169.6      0.1267E-04
   169.7      0.1233E-04
   169.8      0.1200E-04
   169.9      0.1168E-04
   170.0      0.1139E-04
   170.1      0.1112E-04
   170.2      0.1089E-04
   170.3      0.1068E-04
   170.4      0.1051E-04
   170.5      0.1037E-04
   170.6      0.1027E-04
   170.7      0.1021E-04
   170.8      0.1019E-04
   170.9      0.1021E-04
   171.0      0.1027E-04
   171.1      0.1038E-04
   171.2      0.1053E-04
   171.3      0.1072E-04
   171.4      0.1095E-04
   171.5      0.1122E-04
   171.6      0.1153E-04
   171.7      0.1188E-04
   171.8      0.1227E-04
   171.9      0.1268E-04
   172.0      0.1313E-04
   172.1      0.1360E-04
   172.2      0.1410E-04
   172.3      0.1463E-04
   172.4      0.1517E-04
   172.5      0.1573E-04
   172.6      0.1629E-04
   172.7      0.1687E-04
   172.8      0.1746E-04
   172.9      0.1804E-04
   173.0      0.1863E-04
   173.1      0.1921E-04
   173.2      0.1979E-04
   173.3      0.2035E-04
   173.4      0.2091E-04
   173.5      0.2144E-04
   173.6      0.2196E-04
   173.7      0.2246E-04
   173.8      0.2294E-04
   173.9      0.2339E-04
   174.0      0.2382E-04
   174.1      0.2423E-04
   174.2      0.2460E-04
   174.3      0.2496E-04
   174.4      0.2528E-04
   174.5      0.2557E-04
   174.6      0.2584E-04
   174.7      0.2609E-04
   174.8      0.2631E-04
   174.9      0.2650E-04
   175.0      0.2667E-04
   175.1      0.2682E-04
   175.2      0.2695E-04
   175.3      0.2706E-04
   175.4      0.2716E-04
   175.5      0.2724E-04
   175.6      0.2731E-04
   175.7      0.2737E-04
   175.8      0.2742E-04
   175.9      0.2747E-04
   176.0      0.2751E-04
   176.1      0.2756E-04
   176.2      0.2760E-04
   176.3      0.2765E-04
   176.4      0.2771E-04
   176.5      0.2777E-04
   176.6      0.2783E-04
   176.7      0.2791E-04
   176.8      0.2800E-04
   176.9      0.2810E-04
   177.0      0.2822E-04
   177.1      0.2834E-04
   177.2      0.2848E-04
   177.3      0.2864E-04
   177.4      0.2880E-04
   177.5      0.2898E-04
   177.6      0.2917E-04
   177.7      0.2937E-04
   177.8      0.2958E-04
   177.9      0.2980E-04
   178.0      0.3003E-04
   178.1      0.3026E-04
   178.2      0.3050E-04
   178.3      0.3074E-04
   178.4      0.3098E-04
   178.5      0.3122E-04
   178.6      0.3146E-04
   178.7      0.3169E-04
   178.8      0.3191E-04
   178.9      0.3212E-04
   179.0      0.3233E-04
   179.1      0.3251E-04
   179.2      0.3269E-04
   179.3      0.3285E-04
   179.4      0.3299E-04
   179.5      0.3311E-04
   179.6      0.3321E-04
   179.7      0.3329E-04
   179.8      0.3334E-04
   179.9      0.3338E-04
   180.0      0.3339E-04
 END
