#1801 angles,  1 tensor ranks for 0=projectile
@subtitle   "12C(7Li,6Li)13C @ Ed=49 MeV;"                                                  
@legend ON
@legend x1 0.2
@legend y1 0.8
@g0 type LOGY
@yaxis ticklabel format power
@legend string   0 "Lab energy =   49.0000"
#legend string   0 "Partition=  2 Excit=  4 near/far= 1"
#  Theta       sigma       iT11        T20         T21         T22         Kyy for projectile
   0.000       5.427    
  0.1000       5.427    
  0.2000       5.426    
  0.3000       5.425    
  0.4000       5.423    
  0.5000       5.421    
  0.6000       5.418    
  0.7000       5.415    
  0.8000       5.411    
  0.9000       5.406    
   1.000       5.402    
   1.100       5.396    
   1.200       5.390    
   1.300       5.384    
   1.400       5.377    
   1.500       5.370    
   1.600       5.362    
   1.700       5.354    
   1.800       5.345    
   1.900       5.335    
   2.000       5.326    
   2.100       5.315    
   2.200       5.305    
   2.300       5.294    
   2.400       5.282    
   2.500       5.270    
   2.600       5.257    
   2.700       5.244    
   2.800       5.231    
   2.900       5.217    
   3.000       5.203    
   3.100       5.188    
   3.200       5.173    
   3.300       5.158    
   3.400       5.142    
   3.500       5.125    
   3.600       5.109    
   3.700       5.092    
   3.800       5.074    
   3.900       5.056    
   4.000       5.038    
   4.100       5.019    
   4.200       5.000    
   4.300       4.981    
   4.400       4.961    
   4.500       4.941    
   4.600       4.920    
   4.700       4.900    
   4.800       4.878    
   4.900       4.857    
   5.000       4.835    
   5.100       4.813    
   5.200       4.790    
   5.300       4.768    
   5.400       4.745    
   5.500       4.721    
   5.600       4.697    
   5.700       4.673    
   5.800       4.649    
   5.900       4.624    
   6.000       4.599    
   6.100       4.574    
   6.200       4.549    
   6.300       4.523    
   6.400       4.497    
   6.500       4.470    
   6.600       4.444    
   6.700       4.417    
   6.800       4.390    
   6.900       4.362    
   7.000       4.334    
   7.100       4.307    
   7.200       4.278    
   7.300       4.250    
   7.400       4.221    
   7.500       4.192    
   7.600       4.163    
   7.700       4.134    
   7.800       4.104    
   7.900       4.074    
   8.000       4.044    
   8.100       4.014    
   8.200       3.984    
   8.300       3.953    
   8.400       3.922    
   8.500       3.891    
   8.600       3.860    
   8.700       3.829    
   8.800       3.797    
   8.900       3.765    
   9.000       3.733    
   9.100       3.701    
   9.200       3.669    
   9.300       3.637    
   9.400       3.604    
   9.500       3.571    
   9.600       3.539    
   9.700       3.506    
   9.800       3.473    
   9.900       3.439    
   10.00       3.406    
   10.10       3.373    
   10.20       3.339    
   10.30       3.306    
   10.40       3.272    
   10.50       3.239    
   10.60       3.205    
   10.70       3.171    
   10.80       3.137    
   10.90       3.103    
   11.00       3.069    
   11.10       3.035    
   11.20       3.001    
   11.30       2.967    
   11.40       2.933    
   11.50       2.899    
   11.60       2.865    
   11.70       2.831    
   11.80       2.797    
   11.90       2.763    
   12.00       2.729    
   12.10       2.695    
   12.20       2.661    
   12.30       2.627    
   12.40       2.594    
   12.50       2.560    
   12.60       2.527    
   12.70       2.493    
   12.80       2.460    
   12.90       2.426    
   13.00       2.393    
   13.10       2.360    
   13.20       2.327    
   13.30       2.294    
   13.40       2.262    
   13.50       2.229    
   13.60       2.197    
   13.70       2.165    
   13.80       2.133    
   13.90       2.101    
   14.00       2.069    
   14.10       2.038    
   14.20       2.007    
   14.30       1.976    
   14.40       1.945    
   14.50       1.914    
   14.60       1.884    
   14.70       1.854    
   14.80       1.824    
   14.90       1.794    
   15.00       1.765    
   15.10       1.736    
   15.20       1.707    
   15.30       1.678    
   15.40       1.650    
   15.50       1.622    
   15.60       1.594    
   15.70       1.567    
   15.80       1.540    
   15.90       1.513    
   16.00       1.486    
   16.10       1.460    
   16.20       1.434    
   16.30       1.409    
   16.40       1.384    
   16.50       1.359    
   16.60       1.334    
   16.70       1.310    
   16.80       1.286    
   16.90       1.263    
   17.00       1.239    
   17.10       1.217    
   17.20       1.194    
   17.30       1.172    
   17.40       1.150    
   17.50       1.129    
   17.60       1.108    
   17.70       1.088    
   17.80       1.067    
   17.90       1.047    
   18.00       1.028    
   18.10       1.009    
   18.20      0.9901    
   18.30      0.9717    
   18.40      0.9536    
   18.50      0.9360    
   18.60      0.9187    
   18.70      0.9017    
   18.80      0.8852    
   18.90      0.8690    
   19.00      0.8531    
   19.10      0.8376    
   19.20      0.8225    
   19.30      0.8077    
   19.40      0.7933    
   19.50      0.7792    
   19.60      0.7655    
   19.70      0.7521    
   19.80      0.7390    
   19.90      0.7263    
   20.00      0.7139    
   20.10      0.7018    
   20.20      0.6901    
   20.30      0.6786    
   20.40      0.6675    
   20.50      0.6567    
   20.60      0.6461    
   20.70      0.6359    
   20.80      0.6259    
   20.90      0.6163    
   21.00      0.6069    
   21.10      0.5978    
   21.20      0.5889    
   21.30      0.5803    
   21.40      0.5720    
   21.50      0.5639    
   21.60      0.5560    
   21.70      0.5484    
   21.80      0.5410    
   21.90      0.5339    
   22.00      0.5269    
   22.10      0.5202    
   22.20      0.5137    
   22.30      0.5074    
   22.40      0.5012    
   22.50      0.4953    
   22.60      0.4895    
   22.70      0.4839    
   22.80      0.4785    
   22.90      0.4732    
   23.00      0.4681    
   23.10      0.4631    
   23.20      0.4583    
   23.30      0.4536    
   23.40      0.4490    
   23.50      0.4446    
   23.60      0.4403    
   23.70      0.4361    
   23.80      0.4320    
   23.90      0.4280    
   24.00      0.4241    
   24.10      0.4203    
   24.20      0.4166    
   24.30      0.4130    
   24.40      0.4095    
   24.50      0.4060    
   24.60      0.4026    
   24.70      0.3993    
   24.80      0.3960    
   24.90      0.3928    
   25.00      0.3896    
   25.10      0.3865    
   25.20      0.3834    
   25.30      0.3804    
   25.40      0.3774    
   25.50      0.3744    
   25.60      0.3715    
   25.70      0.3686    
   25.80      0.3658    
   25.90      0.3629    
   26.00      0.3601    
   26.10      0.3573    
   26.20      0.3545    
   26.30      0.3517    
   26.40      0.3489    
   26.50      0.3462    
   26.60      0.3434    
   26.70      0.3407    
   26.80      0.3379    
   26.90      0.3352    
   27.00      0.3324    
   27.10      0.3297    
   27.20      0.3269    
   27.30      0.3242    
   27.40      0.3214    
   27.50      0.3186    
   27.60      0.3159    
   27.70      0.3131    
   27.80      0.3103    
   27.90      0.3075    
   28.00      0.3047    
   28.10      0.3019    
   28.20      0.2990    
   28.30      0.2962    
   28.40      0.2933    
   28.50      0.2905    
   28.60      0.2876    
   28.70      0.2847    
   28.80      0.2818    
   28.90      0.2789    
   29.00      0.2760    
   29.10      0.2731    
   29.20      0.2702    
   29.30      0.2672    
   29.40      0.2643    
   29.50      0.2614    
   29.60      0.2584    
   29.70      0.2554    
   29.80      0.2525    
   29.90      0.2495    
   30.00      0.2465    
   30.10      0.2436    
   30.20      0.2406    
   30.30      0.2376    
   30.40      0.2346    
   30.50      0.2317    
   30.60      0.2287    
   30.70      0.2257    
   30.80      0.2228    
   30.90      0.2198    
   31.00      0.2169    
   31.10      0.2139    
   31.20      0.2110    
   31.30      0.2081    
   31.40      0.2052    
   31.50      0.2023    
   31.60      0.1994    
   31.70      0.1965    
   31.80      0.1937    
   31.90      0.1909    
   32.00      0.1881    
   32.10      0.1853    
   32.20      0.1825    
   32.30      0.1798    
   32.40      0.1771    
   32.50      0.1744    
   32.60      0.1717    
   32.70      0.1691    
   32.80      0.1665    
   32.90      0.1639    
   33.00      0.1614    
   33.10      0.1588    
   33.20      0.1563    
   33.30      0.1539    
   33.40      0.1515    
   33.50      0.1491    
   33.60      0.1467    
   33.70      0.1444    
   33.80      0.1421    
   33.90      0.1399    
   34.00      0.1377    
   34.10      0.1355    
   34.20      0.1334    
   34.30      0.1313    
   34.40      0.1293    
   34.50      0.1273    
   34.60      0.1253    
   34.70      0.1234    
   34.80      0.1215    
   34.90      0.1196    
   35.00      0.1178    
   35.10      0.1160    
   35.20      0.1143    
   35.30      0.1126    
   35.40      0.1110    
   35.50      0.1094    
   35.60      0.1078    
   35.70      0.1063    
   35.80      0.1048    
   35.90      0.1033    
   36.00      0.1019    
   36.10      0.1005    
   36.20      0.9917E-01
   36.30      0.9786E-01
   36.40      0.9659E-01
   36.50      0.9535E-01
   36.60      0.9415E-01
   36.70      0.9299E-01
   36.80      0.9185E-01
   36.90      0.9075E-01
   37.00      0.8968E-01
   37.10      0.8865E-01
   37.20      0.8764E-01
   37.30      0.8666E-01
   37.40      0.8571E-01
   37.50      0.8479E-01
   37.60      0.8390E-01
   37.70      0.8303E-01
   37.80      0.8219E-01
   37.90      0.8138E-01
   38.00      0.8058E-01
   38.10      0.7982E-01
   38.20      0.7907E-01
   38.30      0.7834E-01
   38.40      0.7764E-01
   38.50      0.7695E-01
   38.60      0.7629E-01
   38.70      0.7564E-01
   38.80      0.7501E-01
   38.90      0.7439E-01
   39.00      0.7379E-01
   39.10      0.7321E-01
   39.20      0.7264E-01
   39.30      0.7208E-01
   39.40      0.7154E-01
   39.50      0.7101E-01
   39.60      0.7049E-01
   39.70      0.6998E-01
   39.80      0.6948E-01
   39.90      0.6898E-01
   40.00      0.6850E-01
   40.10      0.6803E-01
   40.20      0.6756E-01
   40.30      0.6710E-01
   40.40      0.6664E-01
   40.50      0.6619E-01
   40.60      0.6575E-01
   40.70      0.6531E-01
   40.80      0.6487E-01
   40.90      0.6444E-01
   41.00      0.6401E-01
   41.10      0.6358E-01
   41.20      0.6316E-01
   41.30      0.6273E-01
   41.40      0.6231E-01
   41.50      0.6189E-01
   41.60      0.6147E-01
   41.70      0.6105E-01
   41.80      0.6064E-01
   41.90      0.6022E-01
   42.00      0.5980E-01
   42.10      0.5938E-01
   42.20      0.5896E-01
   42.30      0.5854E-01
   42.40      0.5812E-01
   42.50      0.5769E-01
   42.60      0.5727E-01
   42.70      0.5684E-01
   42.80      0.5641E-01
   42.90      0.5598E-01
   43.00      0.5555E-01
   43.10      0.5512E-01
   43.20      0.5468E-01
   43.30      0.5424E-01
   43.40      0.5380E-01
   43.50      0.5336E-01
   43.60      0.5291E-01
   43.70      0.5246E-01
   43.80      0.5201E-01
   43.90      0.5156E-01
   44.00      0.5110E-01
   44.10      0.5065E-01
   44.20      0.5018E-01
   44.30      0.4972E-01
   44.40      0.4926E-01
   44.50      0.4879E-01
   44.60      0.4832E-01
   44.70      0.4785E-01
   44.80      0.4737E-01
   44.90      0.4690E-01
   45.00      0.4642E-01
   45.10      0.4594E-01
   45.20      0.4546E-01
   45.30      0.4498E-01
   45.40      0.4450E-01
   45.50      0.4401E-01
   45.60      0.4352E-01
   45.70      0.4304E-01
   45.80      0.4255E-01
   45.90      0.4206E-01
   46.00      0.4157E-01
   46.10      0.4108E-01
   46.20      0.4059E-01
   46.30      0.4010E-01
   46.40      0.3961E-01
   46.50      0.3912E-01
   46.60      0.3864E-01
   46.70      0.3815E-01
   46.80      0.3766E-01
   46.90      0.3718E-01
   47.00      0.3669E-01
   47.10      0.3621E-01
   47.20      0.3573E-01
   47.30      0.3525E-01
   47.40      0.3478E-01
   47.50      0.3430E-01
   47.60      0.3383E-01
   47.70      0.3336E-01
   47.80      0.3290E-01
   47.90      0.3244E-01
   48.00      0.3198E-01
   48.10      0.3152E-01
   48.20      0.3107E-01
   48.30      0.3063E-01
   48.40      0.3019E-01
   48.50      0.2975E-01
   48.60      0.2932E-01
   48.70      0.2889E-01
   48.80      0.2847E-01
   48.90      0.2805E-01
   49.00      0.2764E-01
   49.10      0.2723E-01
   49.20      0.2683E-01
   49.30      0.2644E-01
   49.40      0.2605E-01
   49.50      0.2567E-01
   49.60      0.2529E-01
   49.70      0.2492E-01
   49.80      0.2456E-01
   49.90      0.2420E-01
   50.00      0.2385E-01
   50.10      0.2351E-01
   50.20      0.2317E-01
   50.30      0.2285E-01
   50.40      0.2252E-01
   50.50      0.2221E-01
   50.60      0.2190E-01
   50.70      0.2160E-01
   50.80      0.2131E-01
   50.90      0.2102E-01
   51.00      0.2074E-01
   51.10      0.2047E-01
   51.20      0.2021E-01
   51.30      0.1995E-01
   51.40      0.1970E-01
   51.50      0.1945E-01
   51.60      0.1921E-01
   51.70      0.1898E-01
   51.80      0.1876E-01
   51.90      0.1854E-01
   52.00      0.1833E-01
   52.10      0.1813E-01
   52.20      0.1793E-01
   52.30      0.1774E-01
   52.40      0.1755E-01
   52.50      0.1737E-01
   52.60      0.1720E-01
   52.70      0.1703E-01
   52.80      0.1687E-01
   52.90      0.1671E-01
   53.00      0.1655E-01
   53.10      0.1641E-01
   53.20      0.1626E-01
   53.30      0.1613E-01
   53.40      0.1599E-01
   53.50      0.1586E-01
   53.60      0.1574E-01
   53.70      0.1562E-01
   53.80      0.1550E-01
   53.90      0.1538E-01
   54.00      0.1527E-01
   54.10      0.1517E-01
   54.20      0.1506E-01
   54.30      0.1496E-01
   54.40      0.1486E-01
   54.50      0.1477E-01
   54.60      0.1468E-01
   54.70      0.1458E-01
   54.80      0.1450E-01
   54.90      0.1441E-01
   55.00      0.1433E-01
   55.10      0.1424E-01
   55.20      0.1416E-01
   55.30      0.1408E-01
   55.40      0.1400E-01
   55.50      0.1393E-01
   55.60      0.1385E-01
   55.70      0.1378E-01
   55.80      0.1370E-01
   55.90      0.1363E-01
   56.00      0.1356E-01
   56.10      0.1349E-01
   56.20      0.1342E-01
   56.30      0.1334E-01
   56.40      0.1327E-01
   56.50      0.1320E-01
   56.60      0.1313E-01
   56.70      0.1306E-01
   56.80      0.1299E-01
   56.90      0.1292E-01
   57.00      0.1285E-01
   57.10      0.1278E-01
   57.20      0.1271E-01
   57.30      0.1264E-01
   57.40      0.1257E-01
   57.50      0.1250E-01
   57.60      0.1243E-01
   57.70      0.1236E-01
   57.80      0.1228E-01
   57.90      0.1221E-01
   58.00      0.1214E-01
   58.10      0.1206E-01
   58.20      0.1199E-01
   58.30      0.1191E-01
   58.40      0.1184E-01
   58.50      0.1176E-01
   58.60      0.1168E-01
   58.70      0.1161E-01
   58.80      0.1153E-01
   58.90      0.1145E-01
   59.00      0.1137E-01
   59.10      0.1129E-01
   59.20      0.1121E-01
   59.30      0.1112E-01
   59.40      0.1104E-01
   59.50      0.1096E-01
   59.60      0.1087E-01
   59.70      0.1079E-01
   59.80      0.1071E-01
   59.90      0.1062E-01
   60.00      0.1053E-01
   60.10      0.1044E-01
   60.20      0.1036E-01
   60.30      0.1027E-01
   60.40      0.1018E-01
   60.50      0.1009E-01
   60.60      0.9998E-02
   60.70      0.9907E-02
   60.80      0.9815E-02
   60.90      0.9723E-02
   61.00      0.9630E-02
   61.10      0.9536E-02
   61.20      0.9442E-02
   61.30      0.9348E-02
   61.40      0.9253E-02
   61.50      0.9157E-02
   61.60      0.9061E-02
   61.70      0.8965E-02
   61.80      0.8868E-02
   61.90      0.8771E-02
   62.00      0.8674E-02
   62.10      0.8577E-02
   62.20      0.8479E-02
   62.30      0.8381E-02
   62.40      0.8283E-02
   62.50      0.8185E-02
   62.60      0.8087E-02
   62.70      0.7989E-02
   62.80      0.7891E-02
   62.90      0.7793E-02
   63.00      0.7695E-02
   63.10      0.7598E-02
   63.20      0.7500E-02
   63.30      0.7403E-02
   63.40      0.7307E-02
   63.50      0.7210E-02
   63.60      0.7114E-02
   63.70      0.7019E-02
   63.80      0.6924E-02
   63.90      0.6830E-02
   64.00      0.6736E-02
   64.10      0.6643E-02
   64.20      0.6551E-02
   64.30      0.6460E-02
   64.40      0.6369E-02
   64.50      0.6279E-02
   64.60      0.6191E-02
   64.70      0.6103E-02
   64.80      0.6016E-02
   64.90      0.5931E-02
   65.00      0.5846E-02
   65.10      0.5763E-02
   65.20      0.5681E-02
   65.30      0.5600E-02
   65.40      0.5521E-02
   65.50      0.5442E-02
   65.60      0.5365E-02
   65.70      0.5290E-02
   65.80      0.5216E-02
   65.90      0.5143E-02
   66.00      0.5071E-02
   66.10      0.5001E-02
   66.20      0.4933E-02
   66.30      0.4866E-02
   66.40      0.4800E-02
   66.50      0.4736E-02
   66.60      0.4674E-02
   66.70      0.4613E-02
   66.80      0.4554E-02
   66.90      0.4496E-02
   67.00      0.4439E-02
   67.10      0.4384E-02
   67.20      0.4331E-02
   67.30      0.4279E-02
   67.40      0.4228E-02
   67.50      0.4179E-02
   67.60      0.4132E-02
   67.70      0.4085E-02
   67.80      0.4041E-02
   67.90      0.3997E-02
   68.00      0.3955E-02
   68.10      0.3914E-02
   68.20      0.3875E-02
   68.30      0.3837E-02
   68.40      0.3800E-02
   68.50      0.3764E-02
   68.60      0.3730E-02
   68.70      0.3696E-02
   68.80      0.3664E-02
   68.90      0.3633E-02
   69.00      0.3603E-02
   69.10      0.3574E-02
   69.20      0.3546E-02
   69.30      0.3519E-02
   69.40      0.3492E-02
   69.50      0.3467E-02
   69.60      0.3442E-02
   69.70      0.3419E-02
   69.80      0.3396E-02
   69.90      0.3374E-02
   70.00      0.3352E-02
   70.10      0.3331E-02
   70.20      0.3311E-02
   70.30      0.3292E-02
   70.40      0.3273E-02
   70.50      0.3254E-02
   70.60      0.3237E-02
   70.70      0.3219E-02
   70.80      0.3202E-02
   70.90      0.3186E-02
   71.00      0.3170E-02
   71.10      0.3154E-02
   71.20      0.3139E-02
   71.30      0.3124E-02
   71.40      0.3109E-02
   71.50      0.3095E-02
   71.60      0.3081E-02
   71.70      0.3067E-02
   71.80      0.3053E-02
   71.90      0.3040E-02
   72.00      0.3027E-02
   72.10      0.3014E-02
   72.20      0.3001E-02
   72.30      0.2988E-02
   72.40      0.2976E-02
   72.50      0.2963E-02
   72.60      0.2951E-02
   72.70      0.2939E-02
   72.80      0.2927E-02
   72.90      0.2915E-02
   73.00      0.2903E-02
   73.10      0.2891E-02
   73.20      0.2879E-02
   73.30      0.2867E-02
   73.40      0.2855E-02
   73.50      0.2843E-02
   73.60      0.2831E-02
   73.70      0.2819E-02
   73.80      0.2807E-02
   73.90      0.2795E-02
   74.00      0.2783E-02
   74.10      0.2771E-02
   74.20      0.2758E-02
   74.30      0.2746E-02
   74.40      0.2733E-02
   74.50      0.2721E-02
   74.60      0.2708E-02
   74.70      0.2695E-02
   74.80      0.2682E-02
   74.90      0.2669E-02
   75.00      0.2656E-02
   75.10      0.2643E-02
   75.20      0.2629E-02
   75.30      0.2615E-02
   75.40      0.2601E-02
   75.50      0.2587E-02
   75.60      0.2573E-02
   75.70      0.2558E-02
   75.80      0.2543E-02
   75.90      0.2528E-02
   76.00      0.2513E-02
   76.10      0.2497E-02
   76.20      0.2482E-02
   76.30      0.2465E-02
   76.40      0.2449E-02
   76.50      0.2433E-02
   76.60      0.2416E-02
   76.70      0.2399E-02
   76.80      0.2381E-02
   76.90      0.2363E-02
   77.00      0.2345E-02
   77.10      0.2327E-02
   77.20      0.2309E-02
   77.30      0.2290E-02
   77.40      0.2271E-02
   77.50      0.2252E-02
   77.60      0.2232E-02
   77.70      0.2212E-02
   77.80      0.2192E-02
   77.90      0.2172E-02
   78.00      0.2151E-02
   78.10      0.2131E-02
   78.20      0.2110E-02
   78.30      0.2088E-02
   78.40      0.2067E-02
   78.50      0.2046E-02
   78.60      0.2024E-02
   78.70      0.2002E-02
   78.80      0.1980E-02
   78.90      0.1958E-02
   79.00      0.1936E-02
   79.10      0.1914E-02
   79.20      0.1891E-02
   79.30      0.1869E-02
   79.40      0.1846E-02
   79.50      0.1824E-02
   79.60      0.1802E-02
   79.70      0.1779E-02
   79.80      0.1757E-02
   79.90      0.1734E-02
   80.00      0.1712E-02
   80.10      0.1690E-02
   80.20      0.1668E-02
   80.30      0.1646E-02
   80.40      0.1624E-02
   80.50      0.1602E-02
   80.60      0.1581E-02
   80.70      0.1559E-02
   80.80      0.1538E-02
   80.90      0.1517E-02
   81.00      0.1497E-02
   81.10      0.1476E-02
   81.20      0.1456E-02
   81.30      0.1436E-02
   81.40      0.1416E-02
   81.50      0.1397E-02
   81.60      0.1378E-02
   81.70      0.1359E-02
   81.80      0.1341E-02
   81.90      0.1323E-02
   82.00      0.1305E-02
   82.10      0.1287E-02
   82.20      0.1270E-02
   82.30      0.1253E-02
   82.40      0.1236E-02
   82.50      0.1220E-02
   82.60      0.1204E-02
   82.70      0.1189E-02
   82.80      0.1173E-02
   82.90      0.1159E-02
   83.00      0.1144E-02
   83.10      0.1130E-02
   83.20      0.1116E-02
   83.30      0.1102E-02
   83.40      0.1089E-02
   83.50      0.1076E-02
   83.60      0.1063E-02
   83.70      0.1051E-02
   83.80      0.1038E-02
   83.90      0.1027E-02
   84.00      0.1015E-02
   84.10      0.1004E-02
   84.20      0.9926E-03
   84.30      0.9818E-03
   84.40      0.9713E-03
   84.50      0.9610E-03
   84.60      0.9509E-03
   84.70      0.9411E-03
   84.80      0.9315E-03
   84.90      0.9221E-03
   85.00      0.9130E-03
   85.10      0.9040E-03
   85.20      0.8953E-03
   85.30      0.8867E-03
   85.40      0.8784E-03
   85.50      0.8702E-03
   85.60      0.8622E-03
   85.70      0.8544E-03
   85.80      0.8468E-03
   85.90      0.8394E-03
   86.00      0.8321E-03
   86.10      0.8250E-03
   86.20      0.8181E-03
   86.30      0.8113E-03
   86.40      0.8047E-03
   86.50      0.7983E-03
   86.60      0.7921E-03
   86.70      0.7860E-03
   86.80      0.7800E-03
   86.90      0.7743E-03
   87.00      0.7687E-03
   87.10      0.7632E-03
   87.20      0.7579E-03
   87.30      0.7528E-03
   87.40      0.7479E-03
   87.50      0.7431E-03
   87.60      0.7384E-03
   87.70      0.7339E-03
   87.80      0.7296E-03
   87.90      0.7254E-03
   88.00      0.7214E-03
   88.10      0.7176E-03
   88.20      0.7139E-03
   88.30      0.7104E-03
   88.40      0.7070E-03
   88.50      0.7037E-03
   88.60      0.7006E-03
   88.70      0.6977E-03
   88.80      0.6949E-03
   88.90      0.6922E-03
   89.00      0.6897E-03
   89.10      0.6873E-03
   89.20      0.6850E-03
   89.30      0.6828E-03
   89.40      0.6808E-03
   89.50      0.6788E-03
   89.60      0.6770E-03
   89.70      0.6752E-03
   89.80      0.6736E-03
   89.90      0.6720E-03
   90.00      0.6705E-03
   90.10      0.6690E-03
   90.20      0.6677E-03
   90.30      0.6663E-03
   90.40      0.6650E-03
   90.50      0.6638E-03
   90.60      0.6626E-03
   90.70      0.6613E-03
   90.80      0.6601E-03
   90.90      0.6589E-03
   91.00      0.6577E-03
   91.10      0.6565E-03
   91.20      0.6552E-03
   91.30      0.6540E-03
   91.40      0.6526E-03
   91.50      0.6513E-03
   91.60      0.6498E-03
   91.70      0.6483E-03
   91.80      0.6467E-03
   91.90      0.6451E-03
   92.00      0.6434E-03
   92.10      0.6415E-03
   92.20      0.6396E-03
   92.30      0.6376E-03
   92.40      0.6354E-03
   92.50      0.6332E-03
   92.60      0.6308E-03
   92.70      0.6284E-03
   92.80      0.6258E-03
   92.90      0.6230E-03
   93.00      0.6202E-03
   93.10      0.6172E-03
   93.20      0.6141E-03
   93.30      0.6108E-03
   93.40      0.6075E-03
   93.50      0.6040E-03
   93.60      0.6004E-03
   93.70      0.5966E-03
   93.80      0.5928E-03
   93.90      0.5888E-03
   94.00      0.5847E-03
   94.10      0.5804E-03
   94.20      0.5761E-03
   94.30      0.5717E-03
   94.40      0.5672E-03
   94.50      0.5626E-03
   94.60      0.5578E-03
   94.70      0.5530E-03
   94.80      0.5482E-03
   94.90      0.5432E-03
   95.00      0.5382E-03
   95.10      0.5332E-03
   95.20      0.5281E-03
   95.30      0.5229E-03
   95.40      0.5177E-03
   95.50      0.5125E-03
   95.60      0.5073E-03
   95.70      0.5020E-03
   95.80      0.4968E-03
   95.90      0.4915E-03
   96.00      0.4862E-03
   96.10      0.4810E-03
   96.20      0.4757E-03
   96.30      0.4705E-03
   96.40      0.4653E-03
   96.50      0.4602E-03
   96.60      0.4551E-03
   96.70      0.4500E-03
   96.80      0.4450E-03
   96.90      0.4400E-03
   97.00      0.4351E-03
   97.10      0.4302E-03
   97.20      0.4254E-03
   97.30      0.4207E-03
   97.40      0.4161E-03
   97.50      0.4115E-03
   97.60      0.4069E-03
   97.70      0.4025E-03
   97.80      0.3981E-03
   97.90      0.3938E-03
   98.00      0.3895E-03
   98.10      0.3853E-03
   98.20      0.3812E-03
   98.30      0.3772E-03
   98.40      0.3732E-03
   98.50      0.3693E-03
   98.60      0.3654E-03
   98.70      0.3616E-03
   98.80      0.3579E-03
   98.90      0.3542E-03
   99.00      0.3505E-03
   99.10      0.3469E-03
   99.20      0.3434E-03
   99.30      0.3398E-03
   99.40      0.3363E-03
   99.50      0.3329E-03
   99.60      0.3295E-03
   99.70      0.3260E-03
   99.80      0.3227E-03
   99.90      0.3193E-03
   100.0      0.3159E-03
   100.1      0.3126E-03
   100.2      0.3092E-03
   100.3      0.3059E-03
   100.4      0.3026E-03
   100.5      0.2992E-03
   100.6      0.2959E-03
   100.7      0.2925E-03
   100.8      0.2892E-03
   100.9      0.2858E-03
   101.0      0.2825E-03
   101.1      0.2791E-03
   101.2      0.2758E-03
   101.3      0.2724E-03
   101.4      0.2690E-03
   101.5      0.2656E-03
   101.6      0.2622E-03
   101.7      0.2589E-03
   101.8      0.2555E-03
   101.9      0.2521E-03
   102.0      0.2487E-03
   102.1      0.2454E-03
   102.2      0.2421E-03
   102.3      0.2387E-03
   102.4      0.2354E-03
   102.5      0.2322E-03
   102.6      0.2289E-03
   102.7      0.2257E-03
   102.8      0.2226E-03
   102.9      0.2195E-03
   103.0      0.2164E-03
   103.1      0.2134E-03
   103.2      0.2104E-03
   103.3      0.2075E-03
   103.4      0.2047E-03
   103.5      0.2020E-03
   103.6      0.1993E-03
   103.7      0.1967E-03
   103.8      0.1942E-03
   103.9      0.1918E-03
   104.0      0.1895E-03
   104.1      0.1873E-03
   104.2      0.1852E-03
   104.3      0.1831E-03
   104.4      0.1812E-03
   104.5      0.1794E-03
   104.6      0.1777E-03
   104.7      0.1761E-03
   104.8      0.1746E-03
   104.9      0.1732E-03
   105.0      0.1720E-03
   105.1      0.1708E-03
   105.2      0.1697E-03
   105.3      0.1688E-03
   105.4      0.1679E-03
   105.5      0.1672E-03
   105.6      0.1665E-03
   105.7      0.1659E-03
   105.8      0.1655E-03
   105.9      0.1651E-03
   106.0      0.1648E-03
   106.1      0.1645E-03
   106.2      0.1644E-03
   106.3      0.1643E-03
   106.4      0.1642E-03
   106.5      0.1643E-03
   106.6      0.1643E-03
   106.7      0.1644E-03
   106.8      0.1646E-03
   106.9      0.1648E-03
   107.0      0.1650E-03
   107.1      0.1652E-03
   107.2      0.1654E-03
   107.3      0.1657E-03
   107.4      0.1659E-03
   107.5      0.1662E-03
   107.6      0.1664E-03
   107.7      0.1667E-03
   107.8      0.1669E-03
   107.9      0.1670E-03
   108.0      0.1672E-03
   108.1      0.1673E-03
   108.2      0.1674E-03
   108.3      0.1674E-03
   108.4      0.1674E-03
   108.5      0.1673E-03
   108.6      0.1672E-03
   108.7      0.1671E-03
   108.8      0.1668E-03
   108.9      0.1666E-03
   109.0      0.1662E-03
   109.1      0.1658E-03
   109.2      0.1654E-03
   109.3      0.1649E-03
   109.4      0.1643E-03
   109.5      0.1637E-03
   109.6      0.1630E-03
   109.7      0.1623E-03
   109.8      0.1615E-03
   109.9      0.1607E-03
   110.0      0.1598E-03
   110.1      0.1589E-03
   110.2      0.1579E-03
   110.3      0.1569E-03
   110.4      0.1558E-03
   110.5      0.1548E-03
   110.6      0.1537E-03
   110.7      0.1525E-03
   110.8      0.1514E-03
   110.9      0.1502E-03
   111.0      0.1490E-03
   111.1      0.1478E-03
   111.2      0.1466E-03
   111.3      0.1454E-03
   111.4      0.1442E-03
   111.5      0.1429E-03
   111.6      0.1417E-03
   111.7      0.1405E-03
   111.8      0.1394E-03
   111.9      0.1382E-03
   112.0      0.1371E-03
   112.1      0.1359E-03
   112.2      0.1348E-03
   112.3      0.1338E-03
   112.4      0.1327E-03
   112.5      0.1317E-03
   112.6      0.1307E-03
   112.7      0.1298E-03
   112.8      0.1288E-03
   112.9      0.1279E-03
   113.0      0.1271E-03
   113.1      0.1263E-03
   113.2      0.1255E-03
   113.3      0.1247E-03
   113.4      0.1240E-03
   113.5      0.1233E-03
   113.6      0.1226E-03
   113.7      0.1220E-03
   113.8      0.1214E-03
   113.9      0.1208E-03
   114.0      0.1202E-03
   114.1      0.1197E-03
   114.2      0.1191E-03
   114.3      0.1186E-03
   114.4      0.1181E-03
   114.5      0.1176E-03
   114.6      0.1172E-03
   114.7      0.1167E-03
   114.8      0.1162E-03
   114.9      0.1158E-03
   115.0      0.1153E-03
   115.1      0.1148E-03
   115.2      0.1143E-03
   115.3      0.1138E-03
   115.4      0.1133E-03
   115.5      0.1128E-03
   115.6      0.1123E-03
   115.7      0.1117E-03
   115.8      0.1111E-03
   115.9      0.1105E-03
   116.0      0.1099E-03
   116.1      0.1092E-03
   116.2      0.1086E-03
   116.3      0.1078E-03
   116.4      0.1071E-03
   116.5      0.1063E-03
   116.6      0.1055E-03
   116.7      0.1046E-03
   116.8      0.1038E-03
   116.9      0.1028E-03
   117.0      0.1019E-03
   117.1      0.1009E-03
   117.2      0.9987E-04
   117.3      0.9881E-04
   117.4      0.9771E-04
   117.5      0.9659E-04
   117.6      0.9543E-04
   117.7      0.9425E-04
   117.8      0.9303E-04
   117.9      0.9179E-04
   118.0      0.9052E-04
   118.1      0.8924E-04
   118.2      0.8793E-04
   118.3      0.8660E-04
   118.4      0.8526E-04
   118.5      0.8390E-04
   118.6      0.8253E-04
   118.7      0.8116E-04
   118.8      0.7978E-04
   118.9      0.7839E-04
   119.0      0.7701E-04
   119.1      0.7563E-04
   119.2      0.7426E-04
   119.3      0.7290E-04
   119.4      0.7155E-04
   119.5      0.7022E-04
   119.6      0.6890E-04
   119.7      0.6760E-04
   119.8      0.6633E-04
   119.9      0.6508E-04
   120.0      0.6386E-04
   120.1      0.6268E-04
   120.2      0.6152E-04
   120.3      0.6040E-04
   120.4      0.5932E-04
   120.5      0.5828E-04
   120.6      0.5728E-04
   120.7      0.5632E-04
   120.8      0.5540E-04
   120.9      0.5453E-04
   121.0      0.5370E-04
   121.1      0.5292E-04
   121.2      0.5219E-04
   121.3      0.5150E-04
   121.4      0.5086E-04
   121.5      0.5026E-04
   121.6      0.4971E-04
   121.7      0.4921E-04
   121.8      0.4875E-04
   121.9      0.4833E-04
   122.0      0.4796E-04
   122.1      0.4762E-04
   122.2      0.4733E-04
   122.3      0.4707E-04
   122.4      0.4685E-04
   122.5      0.4666E-04
   122.6      0.4650E-04
   122.7      0.4637E-04
   122.8      0.4626E-04
   122.9      0.4618E-04
   123.0      0.4612E-04
   123.1      0.4608E-04
   123.2      0.4606E-04
   123.3      0.4605E-04
   123.4      0.4604E-04
   123.5      0.4605E-04
   123.6      0.4606E-04
   123.7      0.4607E-04
   123.8      0.4608E-04
   123.9      0.4609E-04
   124.0      0.4610E-04
   124.1      0.4610E-04
   124.2      0.4609E-04
   124.3      0.4606E-04
   124.4      0.4603E-04
   124.5      0.4598E-04
   124.6      0.4591E-04
   124.7      0.4583E-04
   124.8      0.4573E-04
   124.9      0.4561E-04
   125.0      0.4547E-04
   125.1      0.4531E-04
   125.2      0.4513E-04
   125.3      0.4492E-04
   125.4      0.4470E-04
   125.5      0.4446E-04
   125.6      0.4420E-04
   125.7      0.4392E-04
   125.8      0.4363E-04
   125.9      0.4331E-04
   126.0      0.4299E-04
   126.1      0.4265E-04
   126.2      0.4229E-04
   126.3      0.4193E-04
   126.4      0.4156E-04
   126.5      0.4118E-04
   126.6      0.4080E-04
   126.7      0.4042E-04
   126.8      0.4004E-04
   126.9      0.3966E-04
   127.0      0.3928E-04
   127.1      0.3892E-04
   127.2      0.3856E-04
   127.3      0.3821E-04
   127.4      0.3787E-04
   127.5      0.3755E-04
   127.6      0.3724E-04
   127.7      0.3696E-04
   127.8      0.3669E-04
   127.9      0.3645E-04
   128.0      0.3623E-04
   128.1      0.3603E-04
   128.2      0.3586E-04
   128.3      0.3571E-04
   128.4      0.3559E-04
   128.5      0.3549E-04
   128.6      0.3542E-04
   128.7      0.3538E-04
   128.8      0.3537E-04
   128.9      0.3538E-04
   129.0      0.3542E-04
   129.1      0.3548E-04
   129.2      0.3556E-04
   129.3      0.3567E-04
   129.4      0.3580E-04
   129.5      0.3594E-04
   129.6      0.3611E-04
   129.7      0.3629E-04
   129.8      0.3648E-04
   129.9      0.3669E-04
   130.0      0.3691E-04
   130.1      0.3713E-04
   130.2      0.3736E-04
   130.3      0.3759E-04
   130.4      0.3782E-04
   130.5      0.3805E-04
   130.6      0.3828E-04
   130.7      0.3850E-04
   130.8      0.3871E-04
   130.9      0.3891E-04
   131.0      0.3910E-04
   131.1      0.3928E-04
   131.2      0.3943E-04
   131.3      0.3957E-04
   131.4      0.3969E-04
   131.5      0.3978E-04
   131.6      0.3986E-04
   131.7      0.3991E-04
   131.8      0.3993E-04
   131.9      0.3993E-04
   132.0      0.3990E-04
   132.1      0.3985E-04
   132.2      0.3976E-04
   132.3      0.3965E-04
   132.4      0.3951E-04
   132.5      0.3935E-04
   132.6      0.3916E-04
   132.7      0.3894E-04
   132.8      0.3870E-04
   132.9      0.3844E-04
   133.0      0.3815E-04
   133.1      0.3784E-04
   133.2      0.3751E-04
   133.3      0.3716E-04
   133.4      0.3679E-04
   133.5      0.3641E-04
   133.6      0.3601E-04
   133.7      0.3560E-04
   133.8      0.3518E-04
   133.9      0.3476E-04
   134.0      0.3432E-04
   134.1      0.3389E-04
   134.2      0.3344E-04
   134.3      0.3300E-04
   134.4      0.3256E-04
   134.5      0.3212E-04
   134.6      0.3169E-04
   134.7      0.3126E-04
   134.8      0.3084E-04
   134.9      0.3043E-04
   135.0      0.3003E-04
   135.1      0.2964E-04
   135.2      0.2926E-04
   135.3      0.2889E-04
   135.4      0.2854E-04
   135.5      0.2820E-04
   135.6      0.2788E-04
   135.7      0.2758E-04
   135.8      0.2729E-04
   135.9      0.2702E-04
   136.0      0.2676E-04
   136.1      0.2652E-04
   136.2      0.2630E-04
   136.3      0.2609E-04
   136.4      0.2589E-04
   136.5      0.2571E-04
   136.6      0.2555E-04
   136.7      0.2540E-04
   136.8      0.2526E-04
   136.9      0.2513E-04
   137.0      0.2502E-04
   137.1      0.2491E-04
   137.2      0.2481E-04
   137.3      0.2472E-04
   137.4      0.2464E-04
   137.5      0.2456E-04
   137.6      0.2448E-04
   137.7      0.2441E-04
   137.8      0.2434E-04
   137.9      0.2427E-04
   138.0      0.2420E-04
   138.1      0.2413E-04
   138.2      0.2406E-04
   138.3      0.2399E-04
   138.4      0.2391E-04
   138.5      0.2382E-04
   138.6      0.2373E-04
   138.7      0.2363E-04
   138.8      0.2353E-04
   138.9      0.2341E-04
   139.0      0.2329E-04
   139.1      0.2316E-04
   139.2      0.2302E-04
   139.3      0.2287E-04
   139.4      0.2271E-04
   139.5      0.2254E-04
   139.6      0.2236E-04
   139.7      0.2216E-04
   139.8      0.2196E-04
   139.9      0.2174E-04
   140.0      0.2152E-04
   140.1      0.2128E-04
   140.2      0.2104E-04
   140.3      0.2078E-04
   140.4      0.2052E-04
   140.5      0.2024E-04
   140.6      0.1996E-04
   140.7      0.1966E-04
   140.8      0.1936E-04
   140.9      0.1905E-04
   141.0      0.1874E-04
   141.1      0.1842E-04
   141.2      0.1809E-04
   141.3      0.1776E-04
   141.4      0.1742E-04
   141.5      0.1708E-04
   141.6      0.1674E-04
   141.7      0.1640E-04
   141.8      0.1605E-04
   141.9      0.1571E-04
   142.0      0.1536E-04
   142.1      0.1502E-04
   142.2      0.1468E-04
   142.3      0.1435E-04
   142.4      0.1401E-04
   142.5      0.1369E-04
   142.6      0.1337E-04
   142.7      0.1306E-04
   142.8      0.1275E-04
   142.9      0.1246E-04
   143.0      0.1218E-04
   143.1      0.1190E-04
   143.2      0.1164E-04
   143.3      0.1139E-04
   143.4      0.1116E-04
   143.5      0.1094E-04
   143.6      0.1074E-04
   143.7      0.1055E-04
   143.8      0.1038E-04
   143.9      0.1022E-04
   144.0      0.1009E-04
   144.1      0.9969E-05
   144.2      0.9870E-05
   144.3      0.9790E-05
   144.4      0.9729E-05
   144.5      0.9688E-05
   144.6      0.9666E-05
   144.7      0.9665E-05
   144.8      0.9682E-05
   144.9      0.9719E-05
   145.0      0.9775E-05
   145.1      0.9850E-05
   145.2      0.9942E-05
   145.3      0.1005E-04
   145.4      0.1018E-04
   145.5      0.1032E-04
   145.6      0.1048E-04
   145.7      0.1065E-04
   145.8      0.1083E-04
   145.9      0.1103E-04
   146.0      0.1123E-04
   146.1      0.1144E-04
   146.2      0.1167E-04
   146.3      0.1189E-04
   146.4      0.1212E-04
   146.5      0.1235E-04
   146.6      0.1259E-04
   146.7      0.1282E-04
   146.8      0.1305E-04
   146.9      0.1327E-04
   147.0      0.1349E-04
   147.1      0.1370E-04
   147.2      0.1390E-04
   147.3      0.1409E-04
   147.4      0.1426E-04
   147.5      0.1442E-04
   147.6      0.1457E-04
   147.7      0.1470E-04
   147.8      0.1481E-04
   147.9      0.1490E-04
   148.0      0.1497E-04
   148.1      0.1502E-04
   148.2      0.1505E-04
   148.3      0.1505E-04
   148.4      0.1504E-04
   148.5      0.1500E-04
   148.6      0.1493E-04
   148.7      0.1485E-04
   148.8      0.1475E-04
   148.9      0.1462E-04
   149.0      0.1447E-04
   149.1      0.1431E-04
   149.2      0.1412E-04
   149.3      0.1392E-04
   149.4      0.1370E-04
   149.5      0.1347E-04
   149.6      0.1322E-04
   149.7      0.1297E-04
   149.8      0.1271E-04
   149.9      0.1243E-04
   150.0      0.1216E-04
   150.1      0.1188E-04
   150.2      0.1160E-04
   150.3      0.1133E-04
   150.4      0.1106E-04
   150.5      0.1079E-04
   150.6      0.1054E-04
   150.7      0.1029E-04
   150.8      0.1006E-04
   150.9      0.9848E-05
   151.0      0.9649E-05
   151.1      0.9470E-05
   151.2      0.9311E-05
   151.3      0.9175E-05
   151.4      0.9063E-05
   151.5      0.8976E-05
   151.6      0.8915E-05
   151.7      0.8881E-05
   151.8      0.8874E-05
   151.9      0.8895E-05
   152.0      0.8945E-05
   152.1      0.9023E-05
   152.2      0.9128E-05
   152.3      0.9261E-05
   152.4      0.9421E-05
   152.5      0.9607E-05
   152.6      0.9817E-05
   152.7      0.1005E-04
   152.8      0.1031E-04
   152.9      0.1058E-04
   153.0      0.1088E-04
   153.1      0.1119E-04
   153.2      0.1151E-04
   153.3      0.1185E-04
   153.4      0.1219E-04
   153.5      0.1254E-04
   153.6      0.1290E-04
   153.7      0.1326E-04
   153.8      0.1361E-04
   153.9      0.1397E-04
   154.0      0.1431E-04
   154.1      0.1465E-04
   154.2      0.1497E-04
   154.3      0.1529E-04
   154.4      0.1558E-04
   154.5      0.1586E-04
   154.6      0.1611E-04
   154.7      0.1635E-04
   154.8      0.1656E-04
   154.9      0.1674E-04
   155.0      0.1689E-04
   155.1      0.1702E-04
   155.2      0.1712E-04
   155.3      0.1718E-04
   155.4      0.1722E-04
   155.5      0.1722E-04
   155.6      0.1719E-04
   155.7      0.1713E-04
   155.8      0.1705E-04
   155.9      0.1693E-04
   156.0      0.1678E-04
   156.1      0.1660E-04
   156.2      0.1640E-04
   156.3      0.1617E-04
   156.4      0.1591E-04
   156.5      0.1564E-04
   156.6      0.1534E-04
   156.7      0.1503E-04
   156.8      0.1470E-04
   156.9      0.1436E-04
   157.0      0.1400E-04
   157.1      0.1364E-04
   157.2      0.1327E-04
   157.3      0.1290E-04
   157.4      0.1253E-04
   157.5      0.1215E-04
   157.6      0.1178E-04
   157.7      0.1142E-04
   157.8      0.1106E-04
   157.9      0.1072E-04
   158.0      0.1038E-04
   158.1      0.1006E-04
   158.2      0.9757E-05
   158.3      0.9469E-05
   158.4      0.9200E-05
   158.5      0.8950E-05
   158.6      0.8722E-05
   158.7      0.8515E-05
   158.8      0.8330E-05
   158.9      0.8168E-05
   159.0      0.8029E-05
   159.1      0.7913E-05
   159.2      0.7820E-05
   159.3      0.7750E-05
   159.4      0.7703E-05
   159.5      0.7677E-05
   159.6      0.7673E-05
   159.7      0.7688E-05
   159.8      0.7722E-05
   159.9      0.7775E-05
   160.0      0.7844E-05
   160.1      0.7929E-05
   160.2      0.8028E-05
   160.3      0.8139E-05
   160.4      0.8261E-05
   160.5      0.8393E-05
   160.6      0.8533E-05
   160.7      0.8679E-05
   160.8      0.8831E-05
   160.9      0.8986E-05
   161.0      0.9143E-05
   161.1      0.9301E-05
   161.2      0.9458E-05
   161.3      0.9614E-05
   161.4      0.9767E-05
   161.5      0.9916E-05
   161.6      0.1006E-04
   161.7      0.1020E-04
   161.8      0.1033E-04
   161.9      0.1046E-04
   162.0      0.1058E-04
   162.1      0.1069E-04
   162.2      0.1079E-04
   162.3      0.1088E-04
   162.4      0.1097E-04
   162.5      0.1105E-04
   162.6      0.1112E-04
   162.7      0.1119E-04
   162.8      0.1125E-04
   162.9      0.1130E-04
   163.0      0.1134E-04
   163.1      0.1138E-04
   163.2      0.1141E-04
   163.3      0.1144E-04
   163.4      0.1147E-04
   163.5      0.1149E-04
   163.6      0.1151E-04
   163.7      0.1153E-04
   163.8      0.1155E-04
   163.9      0.1156E-04
   164.0      0.1158E-04
   164.1      0.1160E-04
   164.2      0.1161E-04
   164.3      0.1163E-04
   164.4      0.1165E-04
   164.5      0.1167E-04
   164.6      0.1169E-04
   164.7      0.1171E-04
   164.8      0.1174E-04
   164.9      0.1177E-04
   165.0      0.1179E-04
   165.1      0.1182E-04
   165.2      0.1185E-04
   165.3      0.1189E-04
   165.4      0.1192E-04
   165.5      0.1195E-04
   165.6      0.1198E-04
   165.7      0.1202E-04
   165.8      0.1205E-04
   165.9      0.1208E-04
   166.0      0.1211E-04
   166.1      0.1213E-04
   166.2      0.1216E-04
   166.3      0.1218E-04
   166.4      0.1220E-04
   166.5      0.1222E-04
   166.6      0.1223E-04
   166.7      0.1224E-04
   166.8      0.1225E-04
   166.9      0.1226E-04
   167.0      0.1226E-04
   167.1      0.1226E-04
   167.2      0.1226E-04
   167.3      0.1226E-04
   167.4      0.1225E-04
   167.5      0.1225E-04
   167.6      0.1225E-04
   167.7      0.1225E-04
   167.8      0.1225E-04
   167.9      0.1225E-04
   168.0      0.1226E-04
   168.1      0.1228E-04
   168.2      0.1230E-04
   168.3      0.1233E-04
   168.4      0.1236E-04
   168.5      0.1241E-04
   168.6      0.1247E-04
   168.7      0.1254E-04
   168.8      0.1262E-04
   168.9      0.1271E-04
   169.0      0.1282E-04
   169.1      0.1294E-04
   169.2      0.1308E-04
   169.3      0.1323E-04
   169.4      0.1340E-04
   169.5      0.1359E-04
   169.6      0.1379E-04
   169.7      0.1400E-04
   169.8      0.1423E-04
   169.9      0.1448E-04
   170.0      0.1474E-04
   170.1      0.1501E-04
   170.2      0.1530E-04
   170.3      0.1560E-04
   170.4      0.1590E-04
   170.5      0.1621E-04
   170.6      0.1653E-04
   170.7      0.1686E-04
   170.8      0.1718E-04
   170.9      0.1751E-04
   171.0      0.1783E-04
   171.1      0.1815E-04
   171.2      0.1847E-04
   171.3      0.1877E-04
   171.4      0.1907E-04
   171.5      0.1935E-04
   171.6      0.1962E-04
   171.7      0.1986E-04
   171.8      0.2009E-04
   171.9      0.2030E-04
   172.0      0.2049E-04
   172.1      0.2065E-04
   172.2      0.2079E-04
   172.3      0.2089E-04
   172.4      0.2098E-04
   172.5      0.2103E-04
   172.6      0.2105E-04
   172.7      0.2105E-04
   172.8      0.2102E-04
   172.9      0.2096E-04
   173.0      0.2087E-04
   173.1      0.2076E-04
   173.2      0.2063E-04
   173.3      0.2047E-04
   173.4      0.2029E-04
   173.5      0.2010E-04
   173.6      0.1990E-04
   173.7      0.1968E-04
   173.8      0.1946E-04
   173.9      0.1923E-04
   174.0      0.1901E-04
   174.1      0.1878E-04
   174.2      0.1857E-04
   174.3      0.1838E-04
   174.4      0.1820E-04
   174.5      0.1805E-04
   174.6      0.1792E-04
   174.7      0.1783E-04
   174.8      0.1777E-04
   174.9      0.1776E-04
   175.0      0.1779E-04
   175.1      0.1788E-04
   175.2      0.1802E-04
   175.3      0.1822E-04
   175.4      0.1849E-04
   175.5      0.1882E-04
   175.6      0.1922E-04
   175.7      0.1969E-04
   175.8      0.2024E-04
   175.9      0.2086E-04
   176.0      0.2156E-04
   176.1      0.2234E-04
   176.2      0.2319E-04
   176.3      0.2413E-04
   176.4      0.2513E-04
   176.5      0.2622E-04
   176.6      0.2737E-04
   176.7      0.2860E-04
   176.8      0.2990E-04
   176.9      0.3125E-04
   177.0      0.3267E-04
   177.1      0.3414E-04
   177.2      0.3566E-04
   177.3      0.3722E-04
   177.4      0.3882E-04
   177.5      0.4045E-04
   177.6      0.4210E-04
   177.7      0.4377E-04
   177.8      0.4545E-04
   177.9      0.4713E-04
   178.0      0.4880E-04
   178.1      0.5045E-04
   178.2      0.5209E-04
   178.3      0.5369E-04
   178.4      0.5525E-04
   178.5      0.5677E-04
   178.6      0.5822E-04
   178.7      0.5962E-04
   178.8      0.6095E-04
   178.9      0.6219E-04
   179.0      0.6336E-04
   179.1      0.6443E-04
   179.2      0.6541E-04
   179.3      0.6628E-04
   179.4      0.6705E-04
   179.5      0.6771E-04
   179.6      0.6825E-04
   179.7      0.6868E-04
   179.8      0.6898E-04
   179.9      0.6917E-04
   180.0      0.6923E-04
 END
