#1801 angles,  1 tensor ranks for 0=projectile
@subtitle   "12C(7Li,6Li)13C @ Ed=70 MeV;"                                                  
@legend ON
@legend x1 0.2
@legend y1 0.8
@g0 type LOGY
@yaxis ticklabel format power
@legend string   0 "Lab energy =   70.0000"
#legend string   0 "Partition=  2 Excit=  1 near/far= 1"
#  Theta       sigma       iT11        T20         T21         T22         Kyy for projectile
   0.000       3.503    
  0.1000       3.507    
  0.2000       3.518    
  0.3000       3.536    
  0.4000       3.561    
  0.5000       3.594    
  0.6000       3.633    
  0.7000       3.680    
  0.8000       3.734    
  0.9000       3.796    
   1.000       3.865    
   1.100       3.941    
   1.200       4.024    
   1.300       4.115    
   1.400       4.212    
   1.500       4.318    
   1.600       4.430    
   1.700       4.550    
   1.800       4.676    
   1.900       4.810    
   2.000       4.952    
   2.100       5.100    
   2.200       5.255    
   2.300       5.417    
   2.400       5.585    
   2.500       5.760    
   2.600       5.942    
   2.700       6.130    
   2.800       6.324    
   2.900       6.523    
   3.000       6.728    
   3.100       6.939    
   3.200       7.155    
   3.300       7.375    
   3.400       7.600    
   3.500       7.829    
   3.600       8.061    
   3.700       8.297    
   3.800       8.535    
   3.900       8.776    
   4.000       9.019    
   4.100       9.263    
   4.200       9.508    
   4.300       9.754    
   4.400       10.00    
   4.500       10.24    
   4.600       10.49    
   4.700       10.73    
   4.800       10.97    
   4.900       11.21    
   5.000       11.44    
   5.100       11.67    
   5.200       11.89    
   5.300       12.11    
   5.400       12.32    
   5.500       12.53    
   5.600       12.72    
   5.700       12.91    
   5.800       13.10    
   5.900       13.27    
   6.000       13.43    
   6.100       13.59    
   6.200       13.73    
   6.300       13.86    
   6.400       13.98    
   6.500       14.09    
   6.600       14.19    
   6.700       14.27    
   6.800       14.34    
   6.900       14.40    
   7.000       14.44    
   7.100       14.47    
   7.200       14.49    
   7.300       14.49    
   7.400       14.48    
   7.500       14.45    
   7.600       14.41    
   7.700       14.36    
   7.800       14.29    
   7.900       14.21    
   8.000       14.11    
   8.100       14.00    
   8.200       13.87    
   8.300       13.74    
   8.400       13.59    
   8.500       13.42    
   8.600       13.25    
   8.700       13.06    
   8.800       12.86    
   8.900       12.66    
   9.000       12.44    
   9.100       12.21    
   9.200       11.97    
   9.300       11.72    
   9.400       11.47    
   9.500       11.21    
   9.600       10.94    
   9.700       10.66    
   9.800       10.38    
   9.900       10.10    
   10.00       9.807    
   10.10       9.514    
   10.20       9.219    
   10.30       8.921    
   10.40       8.622    
   10.50       8.323    
   10.60       8.024    
   10.70       7.725    
   10.80       7.427    
   10.90       7.132    
   11.00       6.839    
   11.10       6.549    
   11.20       6.264    
   11.30       5.982    
   11.40       5.705    
   11.50       5.434    
   11.60       5.168    
   11.70       4.909    
   11.80       4.656    
   11.90       4.410    
   12.00       4.172    
   12.10       3.942    
   12.20       3.719    
   12.30       3.505    
   12.40       3.299    
   12.50       3.102    
   12.60       2.914    
   12.70       2.735    
   12.80       2.565    
   12.90       2.404    
   13.00       2.253    
   13.10       2.110    
   13.20       1.977    
   13.30       1.853    
   13.40       1.738    
   13.50       1.631    
   13.60       1.534    
   13.70       1.445    
   13.80       1.364    
   13.90       1.292    
   14.00       1.228    
   14.10       1.171    
   14.20       1.122    
   14.30       1.080    
   14.40       1.045    
   14.50       1.016    
   14.60      0.9936    
   14.70      0.9773    
   14.80      0.9665    
   14.90      0.9610    
   15.00      0.9603    
   15.10      0.9643    
   15.20      0.9724    
   15.30      0.9845    
   15.40       1.000    
   15.50       1.019    
   15.60       1.040    
   15.70       1.064    
   15.80       1.090    
   15.90       1.118    
   16.00       1.148    
   16.10       1.178    
   16.20       1.210    
   16.30       1.242    
   16.40       1.275    
   16.50       1.307    
   16.60       1.340    
   16.70       1.372    
   16.80       1.403    
   16.90       1.433    
   17.00       1.463    
   17.10       1.491    
   17.20       1.518    
   17.30       1.543    
   17.40       1.567    
   17.50       1.588    
   17.60       1.608    
   17.70       1.626    
   17.80       1.642    
   17.90       1.655    
   18.00       1.666    
   18.10       1.676    
   18.20       1.682    
   18.30       1.687    
   18.40       1.689    
   18.50       1.689    
   18.60       1.686    
   18.70       1.681    
   18.80       1.675    
   18.90       1.665    
   19.00       1.654    
   19.10       1.641    
   19.20       1.625    
   19.30       1.608    
   19.40       1.589    
   19.50       1.568    
   19.60       1.545    
   19.70       1.521    
   19.80       1.495    
   19.90       1.468    
   20.00       1.440    
   20.10       1.410    
   20.20       1.380    
   20.30       1.348    
   20.40       1.316    
   20.50       1.282    
   20.60       1.249    
   20.70       1.214    
   20.80       1.179    
   20.90       1.144    
   21.00       1.108    
   21.10       1.073    
   21.20       1.037    
   21.30       1.001    
   21.40      0.9655    
   21.50      0.9300    
   21.60      0.8948    
   21.70      0.8600    
   21.80      0.8256    
   21.90      0.7917    
   22.00      0.7583    
   22.10      0.7256    
   22.20      0.6935    
   22.30      0.6622    
   22.40      0.6316    
   22.50      0.6018    
   22.60      0.5729    
   22.70      0.5449    
   22.80      0.5178    
   22.90      0.4917    
   23.00      0.4666    
   23.10      0.4424    
   23.20      0.4192    
   23.30      0.3971    
   23.40      0.3760    
   23.50      0.3559    
   23.60      0.3369    
   23.70      0.3189    
   23.80      0.3019    
   23.90      0.2860    
   24.00      0.2711    
   24.10      0.2572    
   24.20      0.2443    
   24.30      0.2323    
   24.40      0.2213    
   24.50      0.2113    
   24.60      0.2021    
   24.70      0.1939    
   24.80      0.1865    
   24.90      0.1799    
   25.00      0.1741    
   25.10      0.1692    
   25.20      0.1649    
   25.30      0.1614    
   25.40      0.1586    
   25.50      0.1564    
   25.60      0.1549    
   25.70      0.1539    
   25.80      0.1535    
   25.90      0.1536    
   26.00      0.1542    
   26.10      0.1553    
   26.20      0.1567    
   26.30      0.1586    
   26.40      0.1608    
   26.50      0.1633    
   26.60      0.1662    
   26.70      0.1693    
   26.80      0.1726    
   26.90      0.1761    
   27.00      0.1798    
   27.10      0.1837    
   27.20      0.1876    
   27.30      0.1917    
   27.40      0.1958    
   27.50      0.1999    
   27.60      0.2041    
   27.70      0.2082    
   27.80      0.2124    
   27.90      0.2164    
   28.00      0.2204    
   28.10      0.2244    
   28.20      0.2282    
   28.30      0.2318    
   28.40      0.2354    
   28.50      0.2387    
   28.60      0.2419    
   28.70      0.2450    
   28.80      0.2478    
   28.90      0.2504    
   29.00      0.2528    
   29.10      0.2549    
   29.20      0.2569    
   29.30      0.2586    
   29.40      0.2600    
   29.50      0.2612    
   29.60      0.2621    
   29.70      0.2628    
   29.80      0.2632    
   29.90      0.2634    
   30.00      0.2633    
   30.10      0.2629    
   30.20      0.2622    
   30.30      0.2613    
   30.40      0.2602    
   30.50      0.2588    
   30.60      0.2571    
   30.70      0.2552    
   30.80      0.2530    
   30.90      0.2506    
   31.00      0.2480    
   31.10      0.2452    
   31.20      0.2421    
   31.30      0.2389    
   31.40      0.2355    
   31.50      0.2318    
   31.60      0.2280    
   31.70      0.2241    
   31.80      0.2200    
   31.90      0.2157    
   32.00      0.2113    
   32.10      0.2068    
   32.20      0.2022    
   32.30      0.1975    
   32.40      0.1927    
   32.50      0.1878    
   32.60      0.1829    
   32.70      0.1779    
   32.80      0.1729    
   32.90      0.1679    
   33.00      0.1629    
   33.10      0.1578    
   33.20      0.1528    
   33.30      0.1478    
   33.40      0.1428    
   33.50      0.1379    
   33.60      0.1330    
   33.70      0.1283    
   33.80      0.1235    
   33.90      0.1189    
   34.00      0.1144    
   34.10      0.1099    
   34.20      0.1056    
   34.30      0.1014    
   34.40      0.9734E-01
   34.50      0.9340E-01
   34.60      0.8960E-01
   34.70      0.8595E-01
   34.80      0.8244E-01
   34.90      0.7908E-01
   35.00      0.7589E-01
   35.10      0.7285E-01
   35.20      0.6997E-01
   35.30      0.6726E-01
   35.40      0.6471E-01
   35.50      0.6233E-01
   35.60      0.6012E-01
   35.70      0.5807E-01
   35.80      0.5618E-01
   35.90      0.5446E-01
   36.00      0.5289E-01
   36.10      0.5149E-01
   36.20      0.5023E-01
   36.30      0.4913E-01
   36.40      0.4818E-01
   36.50      0.4736E-01
   36.60      0.4669E-01
   36.70      0.4614E-01
   36.80      0.4573E-01
   36.90      0.4543E-01
   37.00      0.4525E-01
   37.10      0.4518E-01
   37.20      0.4521E-01
   37.30      0.4533E-01
   37.40      0.4555E-01
   37.50      0.4584E-01
   37.60      0.4621E-01
   37.70      0.4665E-01
   37.80      0.4715E-01
   37.90      0.4770E-01
   38.00      0.4830E-01
   38.10      0.4894E-01
   38.20      0.4961E-01
   38.30      0.5031E-01
   38.40      0.5103E-01
   38.50      0.5176E-01
   38.60      0.5251E-01
   38.70      0.5325E-01
   38.80      0.5399E-01
   38.90      0.5472E-01
   39.00      0.5544E-01
   39.10      0.5614E-01
   39.20      0.5681E-01
   39.30      0.5746E-01
   39.40      0.5808E-01
   39.50      0.5866E-01
   39.60      0.5920E-01
   39.70      0.5970E-01
   39.80      0.6015E-01
   39.90      0.6056E-01
   40.00      0.6091E-01
   40.10      0.6122E-01
   40.20      0.6148E-01
   40.30      0.6168E-01
   40.40      0.6182E-01
   40.50      0.6191E-01
   40.60      0.6195E-01
   40.70      0.6193E-01
   40.80      0.6185E-01
   40.90      0.6172E-01
   41.00      0.6153E-01
   41.10      0.6129E-01
   41.20      0.6099E-01
   41.30      0.6065E-01
   41.40      0.6025E-01
   41.50      0.5980E-01
   41.60      0.5931E-01
   41.70      0.5877E-01
   41.80      0.5819E-01
   41.90      0.5756E-01
   42.00      0.5689E-01
   42.10      0.5619E-01
   42.20      0.5545E-01
   42.30      0.5468E-01
   42.40      0.5388E-01
   42.50      0.5304E-01
   42.60      0.5219E-01
   42.70      0.5130E-01
   42.80      0.5040E-01
   42.90      0.4947E-01
   43.00      0.4853E-01
   43.10      0.4757E-01
   43.20      0.4660E-01
   43.30      0.4562E-01
   43.40      0.4463E-01
   43.50      0.4363E-01
   43.60      0.4263E-01
   43.70      0.4163E-01
   43.80      0.4062E-01
   43.90      0.3962E-01
   44.00      0.3862E-01
   44.10      0.3762E-01
   44.20      0.3663E-01
   44.30      0.3565E-01
   44.40      0.3467E-01
   44.50      0.3371E-01
   44.60      0.3276E-01
   44.70      0.3182E-01
   44.80      0.3089E-01
   44.90      0.2998E-01
   45.00      0.2908E-01
   45.10      0.2821E-01
   45.20      0.2735E-01
   45.30      0.2650E-01
   45.40      0.2568E-01
   45.50      0.2488E-01
   45.60      0.2410E-01
   45.70      0.2333E-01
   45.80      0.2259E-01
   45.90      0.2187E-01
   46.00      0.2118E-01
   46.10      0.2050E-01
   46.20      0.1985E-01
   46.30      0.1922E-01
   46.40      0.1861E-01
   46.50      0.1803E-01
   46.60      0.1747E-01
   46.70      0.1693E-01
   46.80      0.1642E-01
   46.90      0.1593E-01
   47.00      0.1546E-01
   47.10      0.1501E-01
   47.20      0.1458E-01
   47.30      0.1418E-01
   47.40      0.1380E-01
   47.50      0.1344E-01
   47.60      0.1310E-01
   47.70      0.1278E-01
   47.80      0.1248E-01
   47.90      0.1220E-01
   48.00      0.1194E-01
   48.10      0.1170E-01
   48.20      0.1148E-01
   48.30      0.1127E-01
   48.40      0.1108E-01
   48.50      0.1091E-01
   48.60      0.1075E-01
   48.70      0.1061E-01
   48.80      0.1049E-01
   48.90      0.1038E-01
   49.00      0.1028E-01
   49.10      0.1020E-01
   49.20      0.1013E-01
   49.30      0.1007E-01
   49.40      0.1002E-01
   49.50      0.9985E-02
   49.60      0.9959E-02
   49.70      0.9942E-02
   49.80      0.9934E-02
   49.90      0.9935E-02
   50.00      0.9943E-02
   50.10      0.9958E-02
   50.20      0.9981E-02
   50.30      0.1001E-01
   50.40      0.1004E-01
   50.50      0.1008E-01
   50.60      0.1012E-01
   50.70      0.1017E-01
   50.80      0.1022E-01
   50.90      0.1027E-01
   51.00      0.1033E-01
   51.10      0.1039E-01
   51.20      0.1045E-01
   51.30      0.1051E-01
   51.40      0.1057E-01
   51.50      0.1063E-01
   51.60      0.1069E-01
   51.70      0.1074E-01
   51.80      0.1080E-01
   51.90      0.1086E-01
   52.00      0.1091E-01
   52.10      0.1096E-01
   52.20      0.1101E-01
   52.30      0.1106E-01
   52.40      0.1110E-01
   52.50      0.1114E-01
   52.60      0.1117E-01
   52.70      0.1120E-01
   52.80      0.1123E-01
   52.90      0.1125E-01
   53.00      0.1126E-01
   53.10      0.1127E-01
   53.20      0.1128E-01
   53.30      0.1127E-01
   53.40      0.1127E-01
   53.50      0.1125E-01
   53.60      0.1123E-01
   53.70      0.1121E-01
   53.80      0.1117E-01
   53.90      0.1113E-01
   54.00      0.1109E-01
   54.10      0.1104E-01
   54.20      0.1098E-01
   54.30      0.1091E-01
   54.40      0.1084E-01
   54.50      0.1076E-01
   54.60      0.1067E-01
   54.70      0.1058E-01
   54.80      0.1049E-01
   54.90      0.1038E-01
   55.00      0.1027E-01
   55.10      0.1015E-01
   55.20      0.1003E-01
   55.30      0.9906E-02
   55.40      0.9774E-02
   55.50      0.9638E-02
   55.60      0.9496E-02
   55.70      0.9351E-02
   55.80      0.9201E-02
   55.90      0.9048E-02
   56.00      0.8891E-02
   56.10      0.8732E-02
   56.20      0.8570E-02
   56.30      0.8406E-02
   56.40      0.8240E-02
   56.50      0.8072E-02
   56.60      0.7904E-02
   56.70      0.7735E-02
   56.80      0.7565E-02
   56.90      0.7396E-02
   57.00      0.7227E-02
   57.10      0.7059E-02
   57.20      0.6893E-02
   57.30      0.6727E-02
   57.40      0.6564E-02
   57.50      0.6403E-02
   57.60      0.6245E-02
   57.70      0.6090E-02
   57.80      0.5937E-02
   57.90      0.5789E-02
   58.00      0.5644E-02
   58.10      0.5502E-02
   58.20      0.5365E-02
   58.30      0.5233E-02
   58.40      0.5104E-02
   58.50      0.4981E-02
   58.60      0.4862E-02
   58.70      0.4748E-02
   58.80      0.4638E-02
   58.90      0.4534E-02
   59.00      0.4435E-02
   59.10      0.4340E-02
   59.20      0.4250E-02
   59.30      0.4166E-02
   59.40      0.4086E-02
   59.50      0.4011E-02
   59.60      0.3940E-02
   59.70      0.3874E-02
   59.80      0.3812E-02
   59.90      0.3755E-02
   60.00      0.3701E-02
   60.10      0.3652E-02
   60.20      0.3606E-02
   60.30      0.3563E-02
   60.40      0.3524E-02
   60.50      0.3488E-02
   60.60      0.3455E-02
   60.70      0.3425E-02
   60.80      0.3397E-02
   60.90      0.3372E-02
   61.00      0.3349E-02
   61.10      0.3327E-02
   61.20      0.3308E-02
   61.30      0.3290E-02
   61.40      0.3273E-02
   61.50      0.3258E-02
   61.60      0.3244E-02
   61.70      0.3230E-02
   61.80      0.3218E-02
   61.90      0.3206E-02
   62.00      0.3195E-02
   62.10      0.3184E-02
   62.20      0.3173E-02
   62.30      0.3163E-02
   62.40      0.3153E-02
   62.50      0.3143E-02
   62.60      0.3134E-02
   62.70      0.3124E-02
   62.80      0.3114E-02
   62.90      0.3105E-02
   63.00      0.3095E-02
   63.10      0.3086E-02
   63.20      0.3076E-02
   63.30      0.3066E-02
   63.40      0.3057E-02
   63.50      0.3047E-02
   63.60      0.3038E-02
   63.70      0.3028E-02
   63.80      0.3019E-02
   63.90      0.3009E-02
   64.00      0.3000E-02
   64.10      0.2991E-02
   64.20      0.2982E-02
   64.30      0.2973E-02
   64.40      0.2964E-02
   64.50      0.2955E-02
   64.60      0.2947E-02
   64.70      0.2938E-02
   64.80      0.2930E-02
   64.90      0.2922E-02
   65.00      0.2914E-02
   65.10      0.2906E-02
   65.20      0.2898E-02
   65.30      0.2890E-02
   65.40      0.2882E-02
   65.50      0.2874E-02
   65.60      0.2866E-02
   65.70      0.2857E-02
   65.80      0.2849E-02
   65.90      0.2840E-02
   66.00      0.2831E-02
   66.10      0.2821E-02
   66.20      0.2811E-02
   66.30      0.2800E-02
   66.40      0.2789E-02
   66.50      0.2777E-02
   66.60      0.2764E-02
   66.70      0.2751E-02
   66.80      0.2737E-02
   66.90      0.2721E-02
   67.00      0.2705E-02
   67.10      0.2689E-02
   67.20      0.2671E-02
   67.30      0.2652E-02
   67.40      0.2632E-02
   67.50      0.2611E-02
   67.60      0.2589E-02
   67.70      0.2566E-02
   67.80      0.2542E-02
   67.90      0.2517E-02
   68.00      0.2491E-02
   68.10      0.2464E-02
   68.20      0.2436E-02
   68.30      0.2407E-02
   68.40      0.2377E-02
   68.50      0.2346E-02
   68.60      0.2314E-02
   68.70      0.2282E-02
   68.80      0.2249E-02
   68.90      0.2216E-02
   69.00      0.2182E-02
   69.10      0.2147E-02
   69.20      0.2112E-02
   69.30      0.2077E-02
   69.40      0.2041E-02
   69.50      0.2005E-02
   69.60      0.1969E-02
   69.70      0.1933E-02
   69.80      0.1897E-02
   69.90      0.1862E-02
   70.00      0.1826E-02
   70.10      0.1790E-02
   70.20      0.1755E-02
   70.30      0.1720E-02
   70.40      0.1685E-02
   70.50      0.1651E-02
   70.60      0.1617E-02
   70.70      0.1584E-02
   70.80      0.1551E-02
   70.90      0.1519E-02
   71.00      0.1487E-02
   71.10      0.1456E-02
   71.20      0.1426E-02
   71.30      0.1396E-02
   71.40      0.1367E-02
   71.50      0.1338E-02
   71.60      0.1311E-02
   71.70      0.1284E-02
   71.80      0.1257E-02
   71.90      0.1231E-02
   72.00      0.1206E-02
   72.10      0.1182E-02
   72.20      0.1158E-02
   72.30      0.1135E-02
   72.40      0.1113E-02
   72.50      0.1091E-02
   72.60      0.1069E-02
   72.70      0.1049E-02
   72.80      0.1029E-02
   72.90      0.1009E-02
   73.00      0.9907E-03
   73.10      0.9725E-03
   73.20      0.9549E-03
   73.30      0.9379E-03
   73.40      0.9215E-03
   73.50      0.9057E-03
   73.60      0.8905E-03
   73.70      0.8759E-03
   73.80      0.8619E-03
   73.90      0.8485E-03
   74.00      0.8357E-03
   74.10      0.8236E-03
   74.20      0.8121E-03
   74.30      0.8012E-03
   74.40      0.7910E-03
   74.50      0.7814E-03
   74.60      0.7725E-03
   74.70      0.7642E-03
   74.80      0.7567E-03
   74.90      0.7498E-03
   75.00      0.7435E-03
   75.10      0.7379E-03
   75.20      0.7330E-03
   75.30      0.7287E-03
   75.40      0.7251E-03
   75.50      0.7220E-03
   75.60      0.7196E-03
   75.70      0.7178E-03
   75.80      0.7165E-03
   75.90      0.7157E-03
   76.00      0.7155E-03
   76.10      0.7157E-03
   76.20      0.7163E-03
   76.30      0.7173E-03
   76.40      0.7187E-03
   76.50      0.7204E-03
   76.60      0.7223E-03
   76.70      0.7244E-03
   76.80      0.7266E-03
   76.90      0.7290E-03
   77.00      0.7314E-03
   77.10      0.7337E-03
   77.20      0.7361E-03
   77.30      0.7382E-03
   77.40      0.7403E-03
   77.50      0.7420E-03
   77.60      0.7436E-03
   77.70      0.7448E-03
   77.80      0.7456E-03
   77.90      0.7460E-03
   78.00      0.7460E-03
   78.10      0.7454E-03
   78.20      0.7444E-03
   78.30      0.7428E-03
   78.40      0.7407E-03
   78.50      0.7380E-03
   78.60      0.7346E-03
   78.70      0.7307E-03
   78.80      0.7262E-03
   78.90      0.7211E-03
   79.00      0.7153E-03
   79.10      0.7090E-03
   79.20      0.7022E-03
   79.30      0.6948E-03
   79.40      0.6868E-03
   79.50      0.6784E-03
   79.60      0.6696E-03
   79.70      0.6603E-03
   79.80      0.6506E-03
   79.90      0.6407E-03
   80.00      0.6304E-03
   80.10      0.6199E-03
   80.20      0.6093E-03
   80.30      0.5984E-03
   80.40      0.5876E-03
   80.50      0.5766E-03
   80.60      0.5657E-03
   80.70      0.5549E-03
   80.80      0.5442E-03
   80.90      0.5336E-03
   81.00      0.5233E-03
   81.10      0.5132E-03
   81.20      0.5033E-03
   81.30      0.4938E-03
   81.40      0.4847E-03
   81.50      0.4759E-03
   81.60      0.4675E-03
   81.70      0.4595E-03
   81.80      0.4519E-03
   81.90      0.4448E-03
   82.00      0.4381E-03
   82.10      0.4318E-03
   82.20      0.4260E-03
   82.30      0.4206E-03
   82.40      0.4156E-03
   82.50      0.4110E-03
   82.60      0.4068E-03
   82.70      0.4029E-03
   82.80      0.3994E-03
   82.90      0.3961E-03
   83.00      0.3931E-03
   83.10      0.3904E-03
   83.20      0.3878E-03
   83.30      0.3854E-03
   83.40      0.3831E-03
   83.50      0.3809E-03
   83.60      0.3787E-03
   83.70      0.3766E-03
   83.80      0.3744E-03
   83.90      0.3722E-03
   84.00      0.3699E-03
   84.10      0.3675E-03
   84.20      0.3649E-03
   84.30      0.3622E-03
   84.40      0.3593E-03
   84.50      0.3561E-03
   84.60      0.3528E-03
   84.70      0.3492E-03
   84.80      0.3454E-03
   84.90      0.3414E-03
   85.00      0.3371E-03
   85.10      0.3325E-03
   85.20      0.3277E-03
   85.30      0.3227E-03
   85.40      0.3175E-03
   85.50      0.3121E-03
   85.60      0.3065E-03
   85.70      0.3008E-03
   85.80      0.2950E-03
   85.90      0.2890E-03
   86.00      0.2830E-03
   86.10      0.2769E-03
   86.20      0.2708E-03
   86.30      0.2647E-03
   86.40      0.2586E-03
   86.50      0.2526E-03
   86.60      0.2468E-03
   86.70      0.2410E-03
   86.80      0.2354E-03
   86.90      0.2300E-03
   87.00      0.2248E-03
   87.10      0.2199E-03
   87.20      0.2151E-03
   87.30      0.2107E-03
   87.40      0.2065E-03
   87.50      0.2027E-03
   87.60      0.1991E-03
   87.70      0.1958E-03
   87.80      0.1929E-03
   87.90      0.1903E-03
   88.00      0.1880E-03
   88.10      0.1860E-03
   88.20      0.1843E-03
   88.30      0.1829E-03
   88.40      0.1817E-03
   88.50      0.1809E-03
   88.60      0.1803E-03
   88.70      0.1799E-03
   88.80      0.1797E-03
   88.90      0.1797E-03
   89.00      0.1798E-03
   89.10      0.1801E-03
   89.20      0.1806E-03
   89.30      0.1811E-03
   89.40      0.1817E-03
   89.50      0.1823E-03
   89.60      0.1830E-03
   89.70      0.1836E-03
   89.80      0.1843E-03
   89.90      0.1849E-03
   90.00      0.1855E-03
   90.10      0.1860E-03
   90.20      0.1864E-03
   90.30      0.1868E-03
   90.40      0.1870E-03
   90.50      0.1872E-03
   90.60      0.1873E-03
   90.70      0.1872E-03
   90.80      0.1871E-03
   90.90      0.1868E-03
   91.00      0.1865E-03
   91.10      0.1861E-03
   91.20      0.1856E-03
   91.30      0.1851E-03
   91.40      0.1845E-03
   91.50      0.1839E-03
   91.60      0.1832E-03
   91.70      0.1826E-03
   91.80      0.1819E-03
   91.90      0.1813E-03
   92.00      0.1807E-03
   92.10      0.1802E-03
   92.20      0.1798E-03
   92.30      0.1795E-03
   92.40      0.1792E-03
   92.50      0.1791E-03
   92.60      0.1791E-03
   92.70      0.1792E-03
   92.80      0.1795E-03
   92.90      0.1800E-03
   93.00      0.1805E-03
   93.10      0.1813E-03
   93.20      0.1822E-03
   93.30      0.1832E-03
   93.40      0.1844E-03
   93.50      0.1857E-03
   93.60      0.1872E-03
   93.70      0.1887E-03
   93.80      0.1904E-03
   93.90      0.1921E-03
   94.00      0.1939E-03
   94.10      0.1958E-03
   94.20      0.1977E-03
   94.30      0.1995E-03
   94.40      0.2014E-03
   94.50      0.2032E-03
   94.60      0.2050E-03
   94.70      0.2066E-03
   94.80      0.2082E-03
   94.90      0.2096E-03
   95.00      0.2108E-03
   95.10      0.2119E-03
   95.20      0.2128E-03
   95.30      0.2135E-03
   95.40      0.2139E-03
   95.50      0.2141E-03
   95.60      0.2140E-03
   95.70      0.2137E-03
   95.80      0.2131E-03
   95.90      0.2122E-03
   96.00      0.2111E-03
   96.10      0.2097E-03
   96.20      0.2079E-03
   96.30      0.2060E-03
   96.40      0.2038E-03
   96.50      0.2013E-03
   96.60      0.1986E-03
   96.70      0.1957E-03
   96.80      0.1926E-03
   96.90      0.1893E-03
   97.00      0.1858E-03
   97.10      0.1823E-03
   97.20      0.1786E-03
   97.30      0.1749E-03
   97.40      0.1711E-03
   97.50      0.1673E-03
   97.60      0.1635E-03
   97.70      0.1597E-03
   97.80      0.1560E-03
   97.90      0.1523E-03
   98.00      0.1488E-03
   98.10      0.1455E-03
   98.20      0.1422E-03
   98.30      0.1392E-03
   98.40      0.1363E-03
   98.50      0.1337E-03
   98.60      0.1313E-03
   98.70      0.1291E-03
   98.80      0.1272E-03
   98.90      0.1255E-03
   99.00      0.1241E-03
   99.10      0.1229E-03
   99.20      0.1220E-03
   99.30      0.1214E-03
   99.40      0.1209E-03
   99.50      0.1207E-03
   99.60      0.1208E-03
   99.70      0.1210E-03
   99.80      0.1214E-03
   99.90      0.1219E-03
   100.0      0.1226E-03
   100.1      0.1234E-03
   100.2      0.1243E-03
   100.3      0.1253E-03
   100.4      0.1263E-03
   100.5      0.1274E-03
   100.6      0.1284E-03
   100.7      0.1294E-03
   100.8      0.1303E-03
   100.9      0.1312E-03
   101.0      0.1319E-03
   101.1      0.1325E-03
   101.2      0.1330E-03
   101.3      0.1333E-03
   101.4      0.1335E-03
   101.5      0.1334E-03
   101.6      0.1331E-03
   101.7      0.1327E-03
   101.8      0.1320E-03
   101.9      0.1310E-03
   102.0      0.1299E-03
   102.1      0.1285E-03
   102.2      0.1270E-03
   102.3      0.1252E-03
   102.4      0.1232E-03
   102.5      0.1210E-03
   102.6      0.1186E-03
   102.7      0.1161E-03
   102.8      0.1135E-03
   102.9      0.1107E-03
   103.0      0.1079E-03
   103.1      0.1049E-03
   103.2      0.1020E-03
   103.3      0.9896E-04
   103.4      0.9595E-04
   103.5      0.9297E-04
   103.6      0.9004E-04
   103.7      0.8718E-04
   103.8      0.8442E-04
   103.9      0.8177E-04
   104.0      0.7927E-04
   104.1      0.7692E-04
   104.2      0.7475E-04
   104.3      0.7277E-04
   104.4      0.7100E-04
   104.5      0.6945E-04
   104.6      0.6812E-04
   104.7      0.6702E-04
   104.8      0.6616E-04
   104.9      0.6554E-04
   105.0      0.6516E-04
   105.1      0.6501E-04
   105.2      0.6508E-04
   105.3      0.6538E-04
   105.4      0.6588E-04
   105.5      0.6658E-04
   105.6      0.6746E-04
   105.7      0.6850E-04
   105.8      0.6968E-04
   105.9      0.7099E-04
   106.0      0.7240E-04
   106.1      0.7390E-04
   106.2      0.7545E-04
   106.3      0.7703E-04
   106.4      0.7863E-04
   106.5      0.8022E-04
   106.6      0.8177E-04
   106.7      0.8327E-04
   106.8      0.8469E-04
   106.9      0.8602E-04
   107.0      0.8722E-04
   107.1      0.8830E-04
   107.2      0.8923E-04
   107.3      0.9000E-04
   107.4      0.9060E-04
   107.5      0.9102E-04
   107.6      0.9124E-04
   107.7      0.9128E-04
   107.8      0.9112E-04
   107.9      0.9077E-04
   108.0      0.9023E-04
   108.1      0.8950E-04
   108.2      0.8860E-04
   108.3      0.8752E-04
   108.4      0.8628E-04
   108.5      0.8490E-04
   108.6      0.8339E-04
   108.7      0.8177E-04
   108.8      0.8004E-04
   108.9      0.7824E-04
   109.0      0.7638E-04
   109.1      0.7449E-04
   109.2      0.7257E-04
   109.3      0.7066E-04
   109.4      0.6876E-04
   109.5      0.6692E-04
   109.6      0.6513E-04
   109.7      0.6342E-04
   109.8      0.6181E-04
   109.9      0.6031E-04
   110.0      0.5894E-04
   110.1      0.5770E-04
   110.2      0.5662E-04
   110.3      0.5570E-04
   110.4      0.5495E-04
   110.5      0.5437E-04
   110.6      0.5396E-04
   110.7      0.5373E-04
   110.8      0.5367E-04
   110.9      0.5379E-04
   111.0      0.5407E-04
   111.1      0.5450E-04
   111.2      0.5508E-04
   111.3      0.5580E-04
   111.4      0.5664E-04
   111.5      0.5759E-04
   111.6      0.5864E-04
   111.7      0.5976E-04
   111.8      0.6094E-04
   111.9      0.6215E-04
   112.0      0.6339E-04
   112.1      0.6464E-04
   112.2      0.6586E-04
   112.3      0.6705E-04
   112.4      0.6819E-04
   112.5      0.6926E-04
   112.6      0.7025E-04
   112.7      0.7113E-04
   112.8      0.7190E-04
   112.9      0.7254E-04
   113.0      0.7305E-04
   113.1      0.7341E-04
   113.2      0.7362E-04
   113.3      0.7367E-04
   113.4      0.7356E-04
   113.5      0.7328E-04
   113.6      0.7285E-04
   113.7      0.7226E-04
   113.8      0.7152E-04
   113.9      0.7064E-04
   114.0      0.6962E-04
   114.1      0.6848E-04
   114.2      0.6723E-04
   114.3      0.6588E-04
   114.4      0.6444E-04
   114.5      0.6295E-04
   114.6      0.6140E-04
   114.7      0.5983E-04
   114.8      0.5824E-04
   114.9      0.5666E-04
   115.0      0.5510E-04
   115.1      0.5359E-04
   115.2      0.5214E-04
   115.3      0.5076E-04
   115.4      0.4948E-04
   115.5      0.4831E-04
   115.6      0.4727E-04
   115.7      0.4636E-04
   115.8      0.4560E-04
   115.9      0.4499E-04
   116.0      0.4455E-04
   116.1      0.4428E-04
   116.2      0.4417E-04
   116.3      0.4424E-04
   116.4      0.4449E-04
   116.5      0.4490E-04
   116.6      0.4547E-04
   116.7      0.4620E-04
   116.8      0.4708E-04
   116.9      0.4810E-04
   117.0      0.4924E-04
   117.1      0.5049E-04
   117.2      0.5183E-04
   117.3      0.5326E-04
   117.4      0.5474E-04
   117.5      0.5626E-04
   117.6      0.5781E-04
   117.7      0.5936E-04
   117.8      0.6090E-04
   117.9      0.6240E-04
   118.0      0.6385E-04
   118.1      0.6522E-04
   118.2      0.6650E-04
   118.3      0.6768E-04
   118.4      0.6874E-04
   118.5      0.6966E-04
   118.6      0.7043E-04
   118.7      0.7105E-04
   118.8      0.7150E-04
   118.9      0.7177E-04
   119.0      0.7187E-04
   119.1      0.7178E-04
   119.2      0.7152E-04
   119.3      0.7107E-04
   119.4      0.7045E-04
   119.5      0.6966E-04
   119.6      0.6871E-04
   119.7      0.6761E-04
   119.8      0.6637E-04
   119.9      0.6501E-04
   120.0      0.6353E-04
   120.1      0.6196E-04
   120.2      0.6032E-04
   120.3      0.5862E-04
   120.4      0.5689E-04
   120.5      0.5514E-04
   120.6      0.5339E-04
   120.7      0.5167E-04
   120.8      0.4999E-04
   120.9      0.4838E-04
   121.0      0.4686E-04
   121.1      0.4544E-04
   121.2      0.4414E-04
   121.3      0.4298E-04
   121.4      0.4197E-04
   121.5      0.4113E-04
   121.6      0.4046E-04
   121.7      0.3998E-04
   121.8      0.3970E-04
   121.9      0.3961E-04
   122.0      0.3973E-04
   122.1      0.4004E-04
   122.2      0.4056E-04
   122.3      0.4128E-04
   122.4      0.4219E-04
   122.5      0.4328E-04
   122.6      0.4454E-04
   122.7      0.4596E-04
   122.8      0.4753E-04
   122.9      0.4923E-04
   123.0      0.5105E-04
   123.1      0.5296E-04
   123.2      0.5495E-04
   123.3      0.5699E-04
   123.4      0.5907E-04
   123.5      0.6116E-04
   123.6      0.6324E-04
   123.7      0.6529E-04
   123.8      0.6729E-04
   123.9      0.6922E-04
   124.0      0.7106E-04
   124.1      0.7279E-04
   124.2      0.7440E-04
   124.3      0.7586E-04
   124.4      0.7716E-04
   124.5      0.7829E-04
   124.6      0.7924E-04
   124.7      0.8000E-04
   124.8      0.8056E-04
   124.9      0.8092E-04
   125.0      0.8108E-04
   125.1      0.8104E-04
   125.2      0.8080E-04
   125.3      0.8036E-04
   125.4      0.7973E-04
   125.5      0.7892E-04
   125.6      0.7794E-04
   125.7      0.7680E-04
   125.8      0.7552E-04
   125.9      0.7412E-04
   126.0      0.7260E-04
   126.1      0.7100E-04
   126.2      0.6932E-04
   126.3      0.6759E-04
   126.4      0.6582E-04
   126.5      0.6405E-04
   126.6      0.6229E-04
   126.7      0.6055E-04
   126.8      0.5887E-04
   126.9      0.5725E-04
   127.0      0.5572E-04
   127.1      0.5430E-04
   127.2      0.5299E-04
   127.3      0.5182E-04
   127.4      0.5079E-04
   127.5      0.4992E-04
   127.6      0.4922E-04
   127.7      0.4869E-04
   127.8      0.4834E-04
   127.9      0.4816E-04
   128.0      0.4817E-04
   128.1      0.4835E-04
   128.2      0.4870E-04
   128.3      0.4923E-04
   128.4      0.4991E-04
   128.5      0.5074E-04
   128.6      0.5171E-04
   128.7      0.5280E-04
   128.8      0.5400E-04
   128.9      0.5530E-04
   129.0      0.5666E-04
   129.1      0.5809E-04
   129.2      0.5955E-04
   129.3      0.6104E-04
   129.4      0.6252E-04
   129.5      0.6398E-04
   129.6      0.6540E-04
   129.7      0.6677E-04
   129.8      0.6806E-04
   129.9      0.6926E-04
   130.0      0.7035E-04
   130.1      0.7131E-04
   130.2      0.7214E-04
   130.3      0.7282E-04
   130.4      0.7335E-04
   130.5      0.7371E-04
   130.6      0.7390E-04
   130.7      0.7392E-04
   130.8      0.7376E-04
   130.9      0.7342E-04
   131.0      0.7292E-04
   131.1      0.7225E-04
   131.2      0.7142E-04
   131.3      0.7044E-04
   131.4      0.6932E-04
   131.5      0.6807E-04
   131.6      0.6670E-04
   131.7      0.6525E-04
   131.8      0.6370E-04
   131.9      0.6210E-04
   132.0      0.6045E-04
   132.1      0.5878E-04
   132.2      0.5709E-04
   132.3      0.5543E-04
   132.4      0.5379E-04
   132.5      0.5221E-04
   132.6      0.5070E-04
   132.7      0.4928E-04
   132.8      0.4796E-04
   132.9      0.4677E-04
   133.0      0.4571E-04
   133.1      0.4480E-04
   133.2      0.4405E-04
   133.3      0.4347E-04
   133.4      0.4306E-04
   133.5      0.4284E-04
   133.6      0.4280E-04
   133.7      0.4294E-04
   133.8      0.4328E-04
   133.9      0.4379E-04
   134.0      0.4447E-04
   134.1      0.4533E-04
   134.2      0.4634E-04
   134.3      0.4750E-04
   134.4      0.4880E-04
   134.5      0.5021E-04
   134.6      0.5173E-04
   134.7      0.5333E-04
   134.8      0.5500E-04
   134.9      0.5671E-04
   135.0      0.5846E-04
   135.1      0.6021E-04
   135.2      0.6194E-04
   135.3      0.6365E-04
   135.4      0.6530E-04
   135.5      0.6688E-04
   135.6      0.6837E-04
   135.7      0.6975E-04
   135.8      0.7101E-04
   135.9      0.7212E-04
   136.0      0.7309E-04
   136.1      0.7388E-04
   136.2      0.7451E-04
   136.3      0.7495E-04
   136.4      0.7521E-04
   136.5      0.7527E-04
   136.6      0.7515E-04
   136.7      0.7483E-04
   136.8      0.7433E-04
   136.9      0.7364E-04
   137.0      0.7278E-04
   137.1      0.7175E-04
   137.2      0.7058E-04
   137.3      0.6926E-04
   137.4      0.6782E-04
   137.5      0.6627E-04
   137.6      0.6463E-04
   137.7      0.6292E-04
   137.8      0.6116E-04
   137.9      0.5936E-04
   138.0      0.5756E-04
   138.1      0.5577E-04
   138.2      0.5401E-04
   138.3      0.5230E-04
   138.4      0.5067E-04
   138.5      0.4913E-04
   138.6      0.4769E-04
   138.7      0.4639E-04
   138.8      0.4523E-04
   138.9      0.4423E-04
   139.0      0.4340E-04
   139.1      0.4275E-04
   139.2      0.4228E-04
   139.3      0.4202E-04
   139.4      0.4195E-04
   139.5      0.4208E-04
   139.6      0.4242E-04
   139.7      0.4295E-04
   139.8      0.4368E-04
   139.9      0.4459E-04
   140.0      0.4568E-04
   140.1      0.4694E-04
   140.2      0.4835E-04
   140.3      0.4989E-04
   140.4      0.5156E-04
   140.5      0.5334E-04
   140.6      0.5519E-04
   140.7      0.5711E-04
   140.8      0.5908E-04
   140.9      0.6107E-04
   141.0      0.6306E-04
   141.1      0.6504E-04
   141.2      0.6697E-04
   141.3      0.6884E-04
   141.4      0.7062E-04
   141.5      0.7231E-04
   141.6      0.7388E-04
   141.7      0.7532E-04
   141.8      0.7660E-04
   141.9      0.7773E-04
   142.0      0.7867E-04
   142.1      0.7944E-04
   142.2      0.8001E-04
   142.3      0.8039E-04
   142.4      0.8057E-04
   142.5      0.8055E-04
   142.6      0.8033E-04
   142.7      0.7992E-04
   142.8      0.7932E-04
   142.9      0.7855E-04
   143.0      0.7761E-04
   143.1      0.7651E-04
   143.2      0.7527E-04
   143.3      0.7391E-04
   143.4      0.7244E-04
   143.5      0.7088E-04
   143.6      0.6925E-04
   143.7      0.6758E-04
   143.8      0.6588E-04
   143.9      0.6417E-04
   144.0      0.6248E-04
   144.1      0.6082E-04
   144.2      0.5923E-04
   144.3      0.5771E-04
   144.4      0.5629E-04
   144.5      0.5499E-04
   144.6      0.5382E-04
   144.7      0.5280E-04
   144.8      0.5195E-04
   144.9      0.5127E-04
   145.0      0.5077E-04
   145.1      0.5047E-04
   145.2      0.5037E-04
   145.3      0.5047E-04
   145.4      0.5077E-04
   145.5      0.5128E-04
   145.6      0.5199E-04
   145.7      0.5289E-04
   145.8      0.5397E-04
   145.9      0.5523E-04
   146.0      0.5665E-04
   146.1      0.5822E-04
   146.2      0.5992E-04
   146.3      0.6174E-04
   146.4      0.6366E-04
   146.5      0.6565E-04
   146.6      0.6770E-04
   146.7      0.6979E-04
   146.8      0.7188E-04
   146.9      0.7397E-04
   147.0      0.7603E-04
   147.1      0.7803E-04
   147.2      0.7996E-04
   147.3      0.8179E-04
   147.4      0.8351E-04
   147.5      0.8510E-04
   147.6      0.8654E-04
   147.7      0.8781E-04
   147.8      0.8891E-04
   147.9      0.8981E-04
   148.0      0.9052E-04
   148.1      0.9102E-04
   148.2      0.9131E-04
   148.3      0.9139E-04
   148.4      0.9126E-04
   148.5      0.9092E-04
   148.6      0.9037E-04
   148.7      0.8962E-04
   148.8      0.8868E-04
   148.9      0.8756E-04
   149.0      0.8628E-04
   149.1      0.8485E-04
   149.2      0.8328E-04
   149.3      0.8160E-04
   149.4      0.7983E-04
   149.5      0.7798E-04
   149.6      0.7607E-04
   149.7      0.7414E-04
   149.8      0.7220E-04
   149.9      0.7028E-04
   150.0      0.6839E-04
   150.1      0.6656E-04
   150.2      0.6482E-04
   150.3      0.6318E-04
   150.4      0.6166E-04
   150.5      0.6028E-04
   150.6      0.5906E-04
   150.7      0.5801E-04
   150.8      0.5715E-04
   150.9      0.5649E-04
   151.0      0.5603E-04
   151.1      0.5579E-04
   151.2      0.5577E-04
   151.3      0.5597E-04
   151.4      0.5639E-04
   151.5      0.5703E-04
   151.6      0.5788E-04
   151.7      0.5895E-04
   151.8      0.6021E-04
   151.9      0.6165E-04
   152.0      0.6328E-04
   152.1      0.6506E-04
   152.2      0.6698E-04
   152.3      0.6902E-04
   152.4      0.7117E-04
   152.5      0.7341E-04
   152.6      0.7570E-04
   152.7      0.7804E-04
   152.8      0.8039E-04
   152.9      0.8273E-04
   153.0      0.8505E-04
   153.1      0.8732E-04
   153.2      0.8952E-04
   153.3      0.9163E-04
   153.4      0.9362E-04
   153.5      0.9549E-04
   153.6      0.9721E-04
   153.7      0.9876E-04
   153.8      0.1001E-03
   153.9      0.1013E-03
   154.0      0.1024E-03
   154.1      0.1032E-03
   154.2      0.1037E-03
   154.3      0.1041E-03
   154.4      0.1043E-03
   154.5      0.1043E-03
   154.6      0.1041E-03
   154.7      0.1036E-03
   154.8      0.1030E-03
   154.9      0.1022E-03
   155.0      0.1013E-03
   155.1      0.1002E-03
   155.2      0.9894E-04
   155.3      0.9760E-04
   155.4      0.9616E-04
   155.5      0.9465E-04
   155.6      0.9308E-04
   155.7      0.9148E-04
   155.8      0.8988E-04
   155.9      0.8828E-04
   156.0      0.8672E-04
   156.1      0.8521E-04
   156.2      0.8378E-04
   156.3      0.8245E-04
   156.4      0.8124E-04
   156.5      0.8016E-04
   156.6      0.7923E-04
   156.7      0.7847E-04
   156.8      0.7788E-04
   156.9      0.7749E-04
   157.0      0.7730E-04
   157.1      0.7732E-04
   157.2      0.7755E-04
   157.3      0.7799E-04
   157.4      0.7866E-04
   157.5      0.7954E-04
   157.6      0.8063E-04
   157.7      0.8193E-04
   157.8      0.8343E-04
   157.9      0.8511E-04
   158.0      0.8698E-04
   158.1      0.8900E-04
   158.2      0.9118E-04
   158.3      0.9349E-04
   158.4      0.9591E-04
   158.5      0.9842E-04
   158.6      0.1010E-03
   158.7      0.1037E-03
   158.8      0.1063E-03
   158.9      0.1090E-03
   159.0      0.1117E-03
   159.1      0.1144E-03
   159.2      0.1169E-03
   159.3      0.1195E-03
   159.4      0.1219E-03
   159.5      0.1242E-03
   159.6      0.1264E-03
   159.7      0.1285E-03
   159.8      0.1304E-03
   159.9      0.1321E-03
   160.0      0.1336E-03
   160.1      0.1350E-03
   160.2      0.1361E-03
   160.3      0.1371E-03
   160.4      0.1378E-03
   160.5      0.1384E-03
   160.6      0.1387E-03
   160.7      0.1388E-03
   160.8      0.1387E-03
   160.9      0.1384E-03
   161.0      0.1379E-03
   161.1      0.1373E-03
   161.2      0.1365E-03
   161.3      0.1355E-03
   161.4      0.1344E-03
   161.5      0.1331E-03
   161.6      0.1318E-03
   161.7      0.1303E-03
   161.8      0.1288E-03
   161.9      0.1273E-03
   162.0      0.1256E-03
   162.1      0.1240E-03
   162.2      0.1224E-03
   162.3      0.1208E-03
   162.4      0.1192E-03
   162.5      0.1177E-03
   162.6      0.1163E-03
   162.7      0.1149E-03
   162.8      0.1136E-03
   162.9      0.1125E-03
   163.0      0.1115E-03
   163.1      0.1107E-03
   163.2      0.1100E-03
   163.3      0.1094E-03
   163.4      0.1091E-03
   163.5      0.1089E-03
   163.6      0.1089E-03
   163.7      0.1091E-03
   163.8      0.1095E-03
   163.9      0.1101E-03
   164.0      0.1108E-03
   164.1      0.1118E-03
   164.2      0.1130E-03
   164.3      0.1143E-03
   164.4      0.1159E-03
   164.5      0.1176E-03
   164.6      0.1195E-03
   164.7      0.1216E-03
   164.8      0.1238E-03
   164.9      0.1262E-03
   165.0      0.1288E-03
   165.1      0.1314E-03
   165.2      0.1342E-03
   165.3      0.1372E-03
   165.4      0.1402E-03
   165.5      0.1434E-03
   165.6      0.1466E-03
   165.7      0.1500E-03
   165.8      0.1534E-03
   165.9      0.1569E-03
   166.0      0.1605E-03
   166.1      0.1641E-03
   166.2      0.1678E-03
   166.3      0.1716E-03
   166.4      0.1754E-03
   166.5      0.1792E-03
   166.6      0.1830E-03
   166.7      0.1869E-03
   166.8      0.1908E-03
   166.9      0.1948E-03
   167.0      0.1987E-03
   167.1      0.2027E-03
   167.2      0.2067E-03
   167.3      0.2106E-03
   167.4      0.2146E-03
   167.5      0.2186E-03
   167.6      0.2226E-03
   167.7      0.2266E-03
   167.8      0.2305E-03
   167.9      0.2345E-03
   168.0      0.2384E-03
   168.1      0.2423E-03
   168.2      0.2461E-03
   168.3      0.2499E-03
   168.4      0.2537E-03
   168.5      0.2574E-03
   168.6      0.2611E-03
   168.7      0.2646E-03
   168.8      0.2681E-03
   168.9      0.2716E-03
   169.0      0.2749E-03
   169.1      0.2781E-03
   169.2      0.2813E-03
   169.3      0.2843E-03
   169.4      0.2871E-03
   169.5      0.2899E-03
   169.6      0.2924E-03
   169.7      0.2949E-03
   169.8      0.2971E-03
   169.9      0.2992E-03
   170.0      0.3012E-03
   170.1      0.3029E-03
   170.2      0.3044E-03
   170.3      0.3058E-03
   170.4      0.3069E-03
   170.5      0.3079E-03
   170.6      0.3086E-03
   170.7      0.3092E-03
   170.8      0.3095E-03
   170.9      0.3096E-03
   171.0      0.3096E-03
   171.1      0.3093E-03
   171.2      0.3089E-03
   171.3      0.3082E-03
   171.4      0.3074E-03
   171.5      0.3064E-03
   171.6      0.3053E-03
   171.7      0.3040E-03
   171.8      0.3026E-03
   171.9      0.3010E-03
   172.0      0.2993E-03
   172.1      0.2976E-03
   172.2      0.2957E-03
   172.3      0.2938E-03
   172.4      0.2918E-03
   172.5      0.2898E-03
   172.6      0.2878E-03
   172.7      0.2858E-03
   172.8      0.2838E-03
   172.9      0.2817E-03
   173.0      0.2798E-03
   173.1      0.2779E-03
   173.2      0.2760E-03
   173.3      0.2742E-03
   173.4      0.2725E-03
   173.5      0.2709E-03
   173.6      0.2694E-03
   173.7      0.2680E-03
   173.8      0.2667E-03
   173.9      0.2655E-03
   174.0      0.2645E-03
   174.1      0.2635E-03
   174.2      0.2627E-03
   174.3      0.2620E-03
   174.4      0.2614E-03
   174.5      0.2609E-03
   174.6      0.2605E-03
   174.7      0.2602E-03
   174.8      0.2600E-03
   174.9      0.2598E-03
   175.0      0.2597E-03
   175.1      0.2597E-03
   175.2      0.2597E-03
   175.3      0.2597E-03
   175.4      0.2597E-03
   175.5      0.2597E-03
   175.6      0.2597E-03
   175.7      0.2597E-03
   175.8      0.2596E-03
   175.9      0.2594E-03
   176.0      0.2592E-03
   176.1      0.2589E-03
   176.2      0.2585E-03
   176.3      0.2580E-03
   176.4      0.2574E-03
   176.5      0.2566E-03
   176.6      0.2557E-03
   176.7      0.2547E-03
   176.8      0.2536E-03
   176.9      0.2523E-03
   177.0      0.2508E-03
   177.1      0.2493E-03
   177.2      0.2476E-03
   177.3      0.2458E-03
   177.4      0.2438E-03
   177.5      0.2418E-03
   177.6      0.2396E-03
   177.7      0.2374E-03
   177.8      0.2350E-03
   177.9      0.2326E-03
   178.0      0.2302E-03
   178.1      0.2277E-03
   178.2      0.2252E-03
   178.3      0.2227E-03
   178.4      0.2202E-03
   178.5      0.2178E-03
   178.6      0.2154E-03
   178.7      0.2131E-03
   178.8      0.2109E-03
   178.9      0.2087E-03
   179.0      0.2067E-03
   179.1      0.2049E-03
   179.2      0.2032E-03
   179.3      0.2016E-03
   179.4      0.2002E-03
   179.5      0.1991E-03
   179.6      0.1981E-03
   179.7      0.1973E-03
   179.8      0.1968E-03
   179.9      0.1965E-03
   180.0      0.1963E-03
 END
