#1801 angles,  1 tensor ranks for 0=projectile
@subtitle   "12C(7Li,6Li)13C @ Ed=49 MeV;"                                                  
@legend ON
@legend x1 0.2
@legend y1 0.8
@g0 type LOGY
@yaxis ticklabel format power
@legend string   0 "Lab energy =   49.0000"
#legend string   0 "Partition=  2 Excit=  1 near/far= 1"
#  Theta       sigma       iT11        T20         T21         T22         Kyy for projectile
   0.000       4.564    
  0.1000       4.564    
  0.2000       4.566    
  0.3000       4.570    
  0.4000       4.575    
  0.5000       4.582    
  0.6000       4.589    
  0.7000       4.599    
  0.8000       4.609    
  0.9000       4.622    
   1.000       4.635    
   1.100       4.650    
   1.200       4.666    
   1.300       4.684    
   1.400       4.702    
   1.500       4.723    
   1.600       4.744    
   1.700       4.767    
   1.800       4.791    
   1.900       4.816    
   2.000       4.842    
   2.100       4.869    
   2.200       4.898    
   2.300       4.927    
   2.400       4.958    
   2.500       4.989    
   2.600       5.022    
   2.700       5.055    
   2.800       5.089    
   2.900       5.124    
   3.000       5.160    
   3.100       5.197    
   3.200       5.234    
   3.300       5.272    
   3.400       5.310    
   3.500       5.349    
   3.600       5.388    
   3.700       5.427    
   3.800       5.467    
   3.900       5.507    
   4.000       5.547    
   4.100       5.588    
   4.200       5.628    
   4.300       5.668    
   4.400       5.708    
   4.500       5.748    
   4.600       5.787    
   4.700       5.827    
   4.800       5.865    
   4.900       5.903    
   5.000       5.941    
   5.100       5.978    
   5.200       6.014    
   5.300       6.049    
   5.400       6.083    
   5.500       6.117    
   5.600       6.149    
   5.700       6.180    
   5.800       6.209    
   5.900       6.238    
   6.000       6.265    
   6.100       6.290    
   6.200       6.314    
   6.300       6.336    
   6.400       6.356    
   6.500       6.375    
   6.600       6.392    
   6.700       6.407    
   6.800       6.420    
   6.900       6.430    
   7.000       6.439    
   7.100       6.446    
   7.200       6.450    
   7.300       6.452    
   7.400       6.452    
   7.500       6.449    
   7.600       6.444    
   7.700       6.437    
   7.800       6.427    
   7.900       6.414    
   8.000       6.399    
   8.100       6.382    
   8.200       6.362    
   8.300       6.339    
   8.400       6.314    
   8.500       6.287    
   8.600       6.256    
   8.700       6.224    
   8.800       6.188    
   8.900       6.150    
   9.000       6.110    
   9.100       6.067    
   9.200       6.022    
   9.300       5.974    
   9.400       5.924    
   9.500       5.871    
   9.600       5.817    
   9.700       5.760    
   9.800       5.700    
   9.900       5.639    
   10.00       5.576    
   10.10       5.510    
   10.20       5.443    
   10.30       5.374    
   10.40       5.303    
   10.50       5.230    
   10.60       5.156    
   10.70       5.080    
   10.80       5.003    
   10.90       4.924    
   11.00       4.844    
   11.10       4.763    
   11.20       4.680    
   11.30       4.597    
   11.40       4.513    
   11.50       4.428    
   11.60       4.342    
   11.70       4.255    
   11.80       4.168    
   11.90       4.081    
   12.00       3.993    
   12.10       3.905    
   12.20       3.817    
   12.30       3.729    
   12.40       3.641    
   12.50       3.553    
   12.60       3.465    
   12.70       3.378    
   12.80       3.291    
   12.90       3.205    
   13.00       3.119    
   13.10       3.034    
   13.20       2.950    
   13.30       2.866    
   13.40       2.784    
   13.50       2.702    
   13.60       2.622    
   13.70       2.543    
   13.80       2.465    
   13.90       2.388    
   14.00       2.312    
   14.10       2.238    
   14.20       2.166    
   14.30       2.095    
   14.40       2.025    
   14.50       1.958    
   14.60       1.891    
   14.70       1.827    
   14.80       1.764    
   14.90       1.703    
   15.00       1.644    
   15.10       1.586    
   15.20       1.531    
   15.30       1.477    
   15.40       1.425    
   15.50       1.375    
   15.60       1.326    
   15.70       1.280    
   15.80       1.235    
   15.90       1.193    
   16.00       1.152    
   16.10       1.113    
   16.20       1.076    
   16.30       1.040    
   16.40       1.007    
   16.50      0.9750    
   16.60      0.9450    
   16.70      0.9167    
   16.80      0.8901    
   16.90      0.8652    
   17.00      0.8418    
   17.10      0.8201    
   17.20      0.8000    
   17.30      0.7813    
   17.40      0.7642    
   17.50      0.7484    
   17.60      0.7341    
   17.70      0.7211    
   17.80      0.7095    
   17.90      0.6990    
   18.00      0.6898    
   18.10      0.6818    
   18.20      0.6748    
   18.30      0.6689    
   18.40      0.6640    
   18.50      0.6601    
   18.60      0.6571    
   18.70      0.6549    
   18.80      0.6535    
   18.90      0.6529    
   19.00      0.6530    
   19.10      0.6537    
   19.20      0.6550    
   19.30      0.6569    
   19.40      0.6593    
   19.50      0.6621    
   19.60      0.6653    
   19.70      0.6689    
   19.80      0.6728    
   19.90      0.6770    
   20.00      0.6814    
   20.10      0.6859    
   20.20      0.6906    
   20.30      0.6954    
   20.40      0.7002    
   20.50      0.7051    
   20.60      0.7100    
   20.70      0.7147    
   20.80      0.7194    
   20.90      0.7240    
   21.00      0.7285    
   21.10      0.7327    
   21.20      0.7368    
   21.30      0.7406    
   21.40      0.7441    
   21.50      0.7474    
   21.60      0.7504    
   21.70      0.7531    
   21.80      0.7554    
   21.90      0.7574    
   22.00      0.7590    
   22.10      0.7602    
   22.20      0.7610    
   22.30      0.7614    
   22.40      0.7614    
   22.50      0.7610    
   22.60      0.7602    
   22.70      0.7589    
   22.80      0.7572    
   22.90      0.7550    
   23.00      0.7524    
   23.10      0.7494    
   23.20      0.7460    
   23.30      0.7421    
   23.40      0.7378    
   23.50      0.7331    
   23.60      0.7279    
   23.70      0.7224    
   23.80      0.7164    
   23.90      0.7101    
   24.00      0.7034    
   24.10      0.6963    
   24.20      0.6889    
   24.30      0.6811    
   24.40      0.6730    
   24.50      0.6646    
   24.60      0.6559    
   24.70      0.6469    
   24.80      0.6377    
   24.90      0.6282    
   25.00      0.6184    
   25.10      0.6084    
   25.20      0.5983    
   25.30      0.5879    
   25.40      0.5774    
   25.50      0.5667    
   25.60      0.5558    
   25.70      0.5449    
   25.80      0.5339    
   25.90      0.5227    
   26.00      0.5115    
   26.10      0.5003    
   26.20      0.4890    
   26.30      0.4777    
   26.40      0.4664    
   26.50      0.4551    
   26.60      0.4439    
   26.70      0.4327    
   26.80      0.4216    
   26.90      0.4105    
   27.00      0.3995    
   27.10      0.3887    
   27.20      0.3779    
   27.30      0.3673    
   27.40      0.3568    
   27.50      0.3465    
   27.60      0.3363    
   27.70      0.3264    
   27.80      0.3166    
   27.90      0.3070    
   28.00      0.2976    
   28.10      0.2884    
   28.20      0.2795    
   28.30      0.2707    
   28.40      0.2622    
   28.50      0.2540    
   28.60      0.2460    
   28.70      0.2382    
   28.80      0.2307    
   28.90      0.2235    
   29.00      0.2165    
   29.10      0.2098    
   29.20      0.2033    
   29.30      0.1971    
   29.40      0.1912    
   29.50      0.1855    
   29.60      0.1801    
   29.70      0.1750    
   29.80      0.1701    
   29.90      0.1655    
   30.00      0.1612    
   30.10      0.1571    
   30.20      0.1533    
   30.30      0.1497    
   30.40      0.1463    
   30.50      0.1432    
   30.60      0.1404    
   30.70      0.1377    
   30.80      0.1353    
   30.90      0.1331    
   31.00      0.1311    
   31.10      0.1294    
   31.20      0.1278    
   31.30      0.1264    
   31.40      0.1252    
   31.50      0.1242    
   31.60      0.1233    
   31.70      0.1226    
   31.80      0.1221    
   31.90      0.1217    
   32.00      0.1215    
   32.10      0.1214    
   32.20      0.1214    
   32.30      0.1215    
   32.40      0.1218    
   32.50      0.1221    
   32.60      0.1225    
   32.70      0.1230    
   32.80      0.1236    
   32.90      0.1243    
   33.00      0.1250    
   33.10      0.1258    
   33.20      0.1266    
   33.30      0.1274    
   33.40      0.1283    
   33.50      0.1293    
   33.60      0.1302    
   33.70      0.1311    
   33.80      0.1321    
   33.90      0.1330    
   34.00      0.1340    
   34.10      0.1349    
   34.20      0.1358    
   34.30      0.1367    
   34.40      0.1376    
   34.50      0.1384    
   34.60      0.1392    
   34.70      0.1399    
   34.80      0.1406    
   34.90      0.1413    
   35.00      0.1419    
   35.10      0.1424    
   35.20      0.1429    
   35.30      0.1433    
   35.40      0.1437    
   35.50      0.1440    
   35.60      0.1442    
   35.70      0.1443    
   35.80      0.1444    
   35.90      0.1444    
   36.00      0.1443    
   36.10      0.1442    
   36.20      0.1439    
   36.30      0.1436    
   36.40      0.1433    
   36.50      0.1428    
   36.60      0.1423    
   36.70      0.1416    
   36.80      0.1410    
   36.90      0.1402    
   37.00      0.1394    
   37.10      0.1385    
   37.20      0.1375    
   37.30      0.1364    
   37.40      0.1353    
   37.50      0.1341    
   37.60      0.1329    
   37.70      0.1316    
   37.80      0.1302    
   37.90      0.1288    
   38.00      0.1273    
   38.10      0.1258    
   38.20      0.1242    
   38.30      0.1226    
   38.40      0.1209    
   38.50      0.1192    
   38.60      0.1174    
   38.70      0.1156    
   38.80      0.1138    
   38.90      0.1119    
   39.00      0.1100    
   39.10      0.1081    
   39.20      0.1061    
   39.30      0.1042    
   39.40      0.1022    
   39.50      0.1002    
   39.60      0.9820E-01
   39.70      0.9619E-01
   39.80      0.9417E-01
   39.90      0.9214E-01
   40.00      0.9011E-01
   40.10      0.8809E-01
   40.20      0.8607E-01
   40.30      0.8406E-01
   40.40      0.8205E-01
   40.50      0.8006E-01
   40.60      0.7809E-01
   40.70      0.7612E-01
   40.80      0.7418E-01
   40.90      0.7226E-01
   41.00      0.7036E-01
   41.10      0.6849E-01
   41.20      0.6664E-01
   41.30      0.6482E-01
   41.40      0.6303E-01
   41.50      0.6127E-01
   41.60      0.5955E-01
   41.70      0.5786E-01
   41.80      0.5621E-01
   41.90      0.5459E-01
   42.00      0.5301E-01
   42.10      0.5148E-01
   42.20      0.4998E-01
   42.30      0.4852E-01
   42.40      0.4711E-01
   42.50      0.4574E-01
   42.60      0.4441E-01
   42.70      0.4312E-01
   42.80      0.4189E-01
   42.90      0.4069E-01
   43.00      0.3954E-01
   43.10      0.3844E-01
   43.20      0.3738E-01
   43.30      0.3636E-01
   43.40      0.3540E-01
   43.50      0.3447E-01
   43.60      0.3359E-01
   43.70      0.3276E-01
   43.80      0.3197E-01
   43.90      0.3123E-01
   44.00      0.3052E-01
   44.10      0.2987E-01
   44.20      0.2925E-01
   44.30      0.2867E-01
   44.40      0.2814E-01
   44.50      0.2764E-01
   44.60      0.2719E-01
   44.70      0.2677E-01
   44.80      0.2639E-01
   44.90      0.2605E-01
   45.00      0.2574E-01
   45.10      0.2547E-01
   45.20      0.2523E-01
   45.30      0.2503E-01
   45.40      0.2485E-01
   45.50      0.2470E-01
   45.60      0.2459E-01
   45.70      0.2450E-01
   45.80      0.2443E-01
   45.90      0.2440E-01
   46.00      0.2438E-01
   46.10      0.2439E-01
   46.20      0.2442E-01
   46.30      0.2447E-01
   46.40      0.2454E-01
   46.50      0.2463E-01
   46.60      0.2473E-01
   46.70      0.2485E-01
   46.80      0.2498E-01
   46.90      0.2512E-01
   47.00      0.2528E-01
   47.10      0.2544E-01
   47.20      0.2561E-01
   47.30      0.2580E-01
   47.40      0.2598E-01
   47.50      0.2618E-01
   47.60      0.2637E-01
   47.70      0.2657E-01
   47.80      0.2677E-01
   47.90      0.2698E-01
   48.00      0.2718E-01
   48.10      0.2738E-01
   48.20      0.2758E-01
   48.30      0.2777E-01
   48.40      0.2797E-01
   48.50      0.2815E-01
   48.60      0.2833E-01
   48.70      0.2851E-01
   48.80      0.2868E-01
   48.90      0.2883E-01
   49.00      0.2898E-01
   49.10      0.2913E-01
   49.20      0.2926E-01
   49.30      0.2938E-01
   49.40      0.2949E-01
   49.50      0.2958E-01
   49.60      0.2967E-01
   49.70      0.2974E-01
   49.80      0.2980E-01
   49.90      0.2985E-01
   50.00      0.2988E-01
   50.10      0.2990E-01
   50.20      0.2991E-01
   50.30      0.2990E-01
   50.40      0.2987E-01
   50.50      0.2984E-01
   50.60      0.2979E-01
   50.70      0.2972E-01
   50.80      0.2964E-01
   50.90      0.2954E-01
   51.00      0.2943E-01
   51.10      0.2931E-01
   51.20      0.2917E-01
   51.30      0.2902E-01
   51.40      0.2885E-01
   51.50      0.2867E-01
   51.60      0.2848E-01
   51.70      0.2827E-01
   51.80      0.2805E-01
   51.90      0.2782E-01
   52.00      0.2758E-01
   52.10      0.2732E-01
   52.20      0.2706E-01
   52.30      0.2678E-01
   52.40      0.2649E-01
   52.50      0.2619E-01
   52.60      0.2588E-01
   52.70      0.2557E-01
   52.80      0.2524E-01
   52.90      0.2491E-01
   53.00      0.2457E-01
   53.10      0.2422E-01
   53.20      0.2386E-01
   53.30      0.2350E-01
   53.40      0.2313E-01
   53.50      0.2276E-01
   53.60      0.2238E-01
   53.70      0.2200E-01
   53.80      0.2161E-01
   53.90      0.2122E-01
   54.00      0.2083E-01
   54.10      0.2044E-01
   54.20      0.2005E-01
   54.30      0.1965E-01
   54.40      0.1925E-01
   54.50      0.1886E-01
   54.60      0.1846E-01
   54.70      0.1807E-01
   54.80      0.1767E-01
   54.90      0.1728E-01
   55.00      0.1689E-01
   55.10      0.1651E-01
   55.20      0.1612E-01
   55.30      0.1574E-01
   55.40      0.1537E-01
   55.50      0.1499E-01
   55.60      0.1463E-01
   55.70      0.1427E-01
   55.80      0.1391E-01
   55.90      0.1356E-01
   56.00      0.1321E-01
   56.10      0.1287E-01
   56.20      0.1254E-01
   56.30      0.1221E-01
   56.40      0.1189E-01
   56.50      0.1158E-01
   56.60      0.1128E-01
   56.70      0.1098E-01
   56.80      0.1069E-01
   56.90      0.1041E-01
   57.00      0.1013E-01
   57.10      0.9868E-02
   57.20      0.9610E-02
   57.30      0.9361E-02
   57.40      0.9120E-02
   57.50      0.8887E-02
   57.60      0.8662E-02
   57.70      0.8446E-02
   57.80      0.8239E-02
   57.90      0.8040E-02
   58.00      0.7849E-02
   58.10      0.7666E-02
   58.20      0.7492E-02
   58.30      0.7326E-02
   58.40      0.7169E-02
   58.50      0.7019E-02
   58.60      0.6877E-02
   58.70      0.6744E-02
   58.80      0.6618E-02
   58.90      0.6500E-02
   59.00      0.6389E-02
   59.10      0.6286E-02
   59.20      0.6190E-02
   59.30      0.6101E-02
   59.40      0.6019E-02
   59.50      0.5944E-02
   59.60      0.5876E-02
   59.70      0.5814E-02
   59.80      0.5758E-02
   59.90      0.5708E-02
   60.00      0.5664E-02
   60.10      0.5625E-02
   60.20      0.5592E-02
   60.30      0.5565E-02
   60.40      0.5542E-02
   60.50      0.5524E-02
   60.60      0.5511E-02
   60.70      0.5502E-02
   60.80      0.5497E-02
   60.90      0.5496E-02
   61.00      0.5499E-02
   61.10      0.5506E-02
   61.20      0.5515E-02
   61.30      0.5528E-02
   61.40      0.5544E-02
   61.50      0.5562E-02
   61.60      0.5583E-02
   61.70      0.5606E-02
   61.80      0.5631E-02
   61.90      0.5657E-02
   62.00      0.5686E-02
   62.10      0.5716E-02
   62.20      0.5747E-02
   62.30      0.5779E-02
   62.40      0.5812E-02
   62.50      0.5845E-02
   62.60      0.5880E-02
   62.70      0.5914E-02
   62.80      0.5948E-02
   62.90      0.5983E-02
   63.00      0.6017E-02
   63.10      0.6051E-02
   63.20      0.6085E-02
   63.30      0.6117E-02
   63.40      0.6149E-02
   63.50      0.6180E-02
   63.60      0.6210E-02
   63.70      0.6239E-02
   63.80      0.6267E-02
   63.90      0.6293E-02
   64.00      0.6317E-02
   64.10      0.6340E-02
   64.20      0.6362E-02
   64.30      0.6381E-02
   64.40      0.6398E-02
   64.50      0.6414E-02
   64.60      0.6427E-02
   64.70      0.6439E-02
   64.80      0.6448E-02
   64.90      0.6455E-02
   65.00      0.6459E-02
   65.10      0.6462E-02
   65.20      0.6462E-02
   65.30      0.6459E-02
   65.40      0.6454E-02
   65.50      0.6447E-02
   65.60      0.6437E-02
   65.70      0.6425E-02
   65.80      0.6410E-02
   65.90      0.6392E-02
   66.00      0.6372E-02
   66.10      0.6350E-02
   66.20      0.6325E-02
   66.30      0.6298E-02
   66.40      0.6268E-02
   66.50      0.6236E-02
   66.60      0.6201E-02
   66.70      0.6164E-02
   66.80      0.6125E-02
   66.90      0.6084E-02
   67.00      0.6040E-02
   67.10      0.5994E-02
   67.20      0.5946E-02
   67.30      0.5896E-02
   67.40      0.5844E-02
   67.50      0.5789E-02
   67.60      0.5733E-02
   67.70      0.5676E-02
   67.80      0.5616E-02
   67.90      0.5555E-02
   68.00      0.5492E-02
   68.10      0.5428E-02
   68.20      0.5362E-02
   68.30      0.5295E-02
   68.40      0.5227E-02
   68.50      0.5157E-02
   68.60      0.5086E-02
   68.70      0.5015E-02
   68.80      0.4942E-02
   68.90      0.4868E-02
   69.00      0.4794E-02
   69.10      0.4719E-02
   69.20      0.4643E-02
   69.30      0.4567E-02
   69.40      0.4491E-02
   69.50      0.4414E-02
   69.60      0.4337E-02
   69.70      0.4260E-02
   69.80      0.4182E-02
   69.90      0.4105E-02
   70.00      0.4028E-02
   70.10      0.3951E-02
   70.20      0.3874E-02
   70.30      0.3797E-02
   70.40      0.3721E-02
   70.50      0.3645E-02
   70.60      0.3570E-02
   70.70      0.3496E-02
   70.80      0.3422E-02
   70.90      0.3349E-02
   71.00      0.3277E-02
   71.10      0.3205E-02
   71.20      0.3135E-02
   71.30      0.3065E-02
   71.40      0.2997E-02
   71.50      0.2929E-02
   71.60      0.2863E-02
   71.70      0.2798E-02
   71.80      0.2734E-02
   71.90      0.2672E-02
   72.00      0.2611E-02
   72.10      0.2551E-02
   72.20      0.2492E-02
   72.30      0.2435E-02
   72.40      0.2379E-02
   72.50      0.2325E-02
   72.60      0.2273E-02
   72.70      0.2221E-02
   72.80      0.2172E-02
   72.90      0.2123E-02
   73.00      0.2077E-02
   73.10      0.2032E-02
   73.20      0.1988E-02
   73.30      0.1946E-02
   73.40      0.1906E-02
   73.50      0.1867E-02
   73.60      0.1829E-02
   73.70      0.1794E-02
   73.80      0.1759E-02
   73.90      0.1727E-02
   74.00      0.1695E-02
   74.10      0.1666E-02
   74.20      0.1637E-02
   74.30      0.1611E-02
   74.40      0.1585E-02
   74.50      0.1561E-02
   74.60      0.1539E-02
   74.70      0.1517E-02
   74.80      0.1498E-02
   74.90      0.1479E-02
   75.00      0.1462E-02
   75.10      0.1446E-02
   75.20      0.1431E-02
   75.30      0.1418E-02
   75.40      0.1405E-02
   75.50      0.1394E-02
   75.60      0.1384E-02
   75.70      0.1375E-02
   75.80      0.1367E-02
   75.90      0.1360E-02
   76.00      0.1354E-02
   76.10      0.1349E-02
   76.20      0.1344E-02
   76.30      0.1341E-02
   76.40      0.1338E-02
   76.50      0.1336E-02
   76.60      0.1335E-02
   76.70      0.1335E-02
   76.80      0.1335E-02
   76.90      0.1335E-02
   77.00      0.1337E-02
   77.10      0.1339E-02
   77.20      0.1341E-02
   77.30      0.1344E-02
   77.40      0.1347E-02
   77.50      0.1351E-02
   77.60      0.1355E-02
   77.70      0.1359E-02
   77.80      0.1364E-02
   77.90      0.1368E-02
   78.00      0.1373E-02
   78.10      0.1379E-02
   78.20      0.1384E-02
   78.30      0.1389E-02
   78.40      0.1395E-02
   78.50      0.1400E-02
   78.60      0.1406E-02
   78.70      0.1411E-02
   78.80      0.1417E-02
   78.90      0.1422E-02
   79.00      0.1428E-02
   79.10      0.1433E-02
   79.20      0.1438E-02
   79.30      0.1443E-02
   79.40      0.1448E-02
   79.50      0.1452E-02
   79.60      0.1457E-02
   79.70      0.1461E-02
   79.80      0.1464E-02
   79.90      0.1468E-02
   80.00      0.1471E-02
   80.10      0.1474E-02
   80.20      0.1476E-02
   80.30      0.1478E-02
   80.40      0.1480E-02
   80.50      0.1481E-02
   80.60      0.1482E-02
   80.70      0.1483E-02
   80.80      0.1483E-02
   80.90      0.1483E-02
   81.00      0.1482E-02
   81.10      0.1481E-02
   81.20      0.1480E-02
   81.30      0.1478E-02
   81.40      0.1475E-02
   81.50      0.1472E-02
   81.60      0.1469E-02
   81.70      0.1465E-02
   81.80      0.1461E-02
   81.90      0.1456E-02
   82.00      0.1451E-02
   82.10      0.1445E-02
   82.20      0.1439E-02
   82.30      0.1433E-02
   82.40      0.1426E-02
   82.50      0.1418E-02
   82.60      0.1411E-02
   82.70      0.1402E-02
   82.80      0.1394E-02
   82.90      0.1385E-02
   83.00      0.1375E-02
   83.10      0.1365E-02
   83.20      0.1355E-02
   83.30      0.1344E-02
   83.40      0.1333E-02
   83.50      0.1322E-02
   83.60      0.1310E-02
   83.70      0.1298E-02
   83.80      0.1286E-02
   83.90      0.1273E-02
   84.00      0.1260E-02
   84.10      0.1247E-02
   84.20      0.1234E-02
   84.30      0.1220E-02
   84.40      0.1206E-02
   84.50      0.1192E-02
   84.60      0.1177E-02
   84.70      0.1163E-02
   84.80      0.1148E-02
   84.90      0.1133E-02
   85.00      0.1118E-02
   85.10      0.1103E-02
   85.20      0.1087E-02
   85.30      0.1072E-02
   85.40      0.1056E-02
   85.50      0.1040E-02
   85.60      0.1025E-02
   85.70      0.1009E-02
   85.80      0.9929E-03
   85.90      0.9770E-03
   86.00      0.9611E-03
   86.10      0.9452E-03
   86.20      0.9293E-03
   86.30      0.9135E-03
   86.40      0.8977E-03
   86.50      0.8819E-03
   86.60      0.8663E-03
   86.70      0.8507E-03
   86.80      0.8352E-03
   86.90      0.8198E-03
   87.00      0.8045E-03
   87.10      0.7894E-03
   87.20      0.7744E-03
   87.30      0.7596E-03
   87.40      0.7449E-03
   87.50      0.7304E-03
   87.60      0.7161E-03
   87.70      0.7020E-03
   87.80      0.6881E-03
   87.90      0.6744E-03
   88.00      0.6609E-03
   88.10      0.6477E-03
   88.20      0.6347E-03
   88.30      0.6219E-03
   88.40      0.6094E-03
   88.50      0.5971E-03
   88.60      0.5851E-03
   88.70      0.5733E-03
   88.80      0.5618E-03
   88.90      0.5506E-03
   89.00      0.5397E-03
   89.10      0.5290E-03
   89.20      0.5186E-03
   89.30      0.5085E-03
   89.40      0.4987E-03
   89.50      0.4892E-03
   89.60      0.4800E-03
   89.70      0.4710E-03
   89.80      0.4623E-03
   89.90      0.4539E-03
   90.00      0.4458E-03
   90.10      0.4380E-03
   90.20      0.4305E-03
   90.30      0.4232E-03
   90.40      0.4163E-03
   90.50      0.4096E-03
   90.60      0.4031E-03
   90.70      0.3970E-03
   90.80      0.3911E-03
   90.90      0.3855E-03
   91.00      0.3801E-03
   91.10      0.3750E-03
   91.20      0.3702E-03
   91.30      0.3655E-03
   91.40      0.3612E-03
   91.50      0.3570E-03
   91.60      0.3532E-03
   91.70      0.3495E-03
   91.80      0.3460E-03
   91.90      0.3428E-03
   92.00      0.3398E-03
   92.10      0.3370E-03
   92.20      0.3344E-03
   92.30      0.3319E-03
   92.40      0.3297E-03
   92.50      0.3277E-03
   92.60      0.3258E-03
   92.70      0.3241E-03
   92.80      0.3225E-03
   92.90      0.3211E-03
   93.00      0.3199E-03
   93.10      0.3188E-03
   93.20      0.3179E-03
   93.30      0.3171E-03
   93.40      0.3164E-03
   93.50      0.3158E-03
   93.60      0.3154E-03
   93.70      0.3150E-03
   93.80      0.3148E-03
   93.90      0.3147E-03
   94.00      0.3146E-03
   94.10      0.3147E-03
   94.20      0.3148E-03
   94.30      0.3150E-03
   94.40      0.3153E-03
   94.50      0.3156E-03
   94.60      0.3160E-03
   94.70      0.3164E-03
   94.80      0.3169E-03
   94.90      0.3174E-03
   95.00      0.3180E-03
   95.10      0.3186E-03
   95.20      0.3192E-03
   95.30      0.3198E-03
   95.40      0.3205E-03
   95.50      0.3212E-03
   95.60      0.3218E-03
   95.70      0.3225E-03
   95.80      0.3232E-03
   95.90      0.3239E-03
   96.00      0.3245E-03
   96.10      0.3252E-03
   96.20      0.3258E-03
   96.30      0.3264E-03
   96.40      0.3270E-03
   96.50      0.3275E-03
   96.60      0.3280E-03
   96.70      0.3285E-03
   96.80      0.3289E-03
   96.90      0.3293E-03
   97.00      0.3297E-03
   97.10      0.3299E-03
   97.20      0.3302E-03
   97.30      0.3304E-03
   97.40      0.3305E-03
   97.50      0.3306E-03
   97.60      0.3306E-03
   97.70      0.3306E-03
   97.80      0.3304E-03
   97.90      0.3303E-03
   98.00      0.3300E-03
   98.10      0.3297E-03
   98.20      0.3293E-03
   98.30      0.3289E-03
   98.40      0.3283E-03
   98.50      0.3277E-03
   98.60      0.3271E-03
   98.70      0.3263E-03
   98.80      0.3255E-03
   98.90      0.3246E-03
   99.00      0.3236E-03
   99.10      0.3226E-03
   99.20      0.3215E-03
   99.30      0.3203E-03
   99.40      0.3190E-03
   99.50      0.3177E-03
   99.60      0.3163E-03
   99.70      0.3148E-03
   99.80      0.3133E-03
   99.90      0.3117E-03
   100.0      0.3100E-03
   100.1      0.3082E-03
   100.2      0.3064E-03
   100.3      0.3045E-03
   100.4      0.3026E-03
   100.5      0.3006E-03
   100.6      0.2985E-03
   100.7      0.2963E-03
   100.8      0.2942E-03
   100.9      0.2919E-03
   101.0      0.2896E-03
   101.1      0.2872E-03
   101.2      0.2848E-03
   101.3      0.2824E-03
   101.4      0.2799E-03
   101.5      0.2773E-03
   101.6      0.2747E-03
   101.7      0.2721E-03
   101.8      0.2694E-03
   101.9      0.2667E-03
   102.0      0.2639E-03
   102.1      0.2611E-03
   102.2      0.2583E-03
   102.3      0.2555E-03
   102.4      0.2526E-03
   102.5      0.2497E-03
   102.6      0.2467E-03
   102.7      0.2438E-03
   102.8      0.2408E-03
   102.9      0.2379E-03
   103.0      0.2349E-03
   103.1      0.2319E-03
   103.2      0.2288E-03
   103.3      0.2258E-03
   103.4      0.2228E-03
   103.5      0.2198E-03
   103.6      0.2167E-03
   103.7      0.2137E-03
   103.8      0.2107E-03
   103.9      0.2076E-03
   104.0      0.2046E-03
   104.1      0.2016E-03
   104.2      0.1986E-03
   104.3      0.1957E-03
   104.4      0.1927E-03
   104.5      0.1898E-03
   104.6      0.1868E-03
   104.7      0.1839E-03
   104.8      0.1811E-03
   104.9      0.1782E-03
   105.0      0.1754E-03
   105.1      0.1726E-03
   105.2      0.1698E-03
   105.3      0.1671E-03
   105.4      0.1644E-03
   105.5      0.1617E-03
   105.6      0.1591E-03
   105.7      0.1565E-03
   105.8      0.1539E-03
   105.9      0.1514E-03
   106.0      0.1489E-03
   106.1      0.1465E-03
   106.2      0.1441E-03
   106.3      0.1417E-03
   106.4      0.1394E-03
   106.5      0.1371E-03
   106.6      0.1349E-03
   106.7      0.1327E-03
   106.8      0.1306E-03
   106.9      0.1285E-03
   107.0      0.1264E-03
   107.1      0.1244E-03
   107.2      0.1224E-03
   107.3      0.1205E-03
   107.4      0.1186E-03
   107.5      0.1168E-03
   107.6      0.1150E-03
   107.7      0.1132E-03
   107.8      0.1115E-03
   107.9      0.1099E-03
   108.0      0.1082E-03
   108.1      0.1067E-03
   108.2      0.1051E-03
   108.3      0.1036E-03
   108.4      0.1021E-03
   108.5      0.1007E-03
   108.6      0.9934E-04
   108.7      0.9800E-04
   108.8      0.9670E-04
   108.9      0.9543E-04
   109.0      0.9420E-04
   109.1      0.9300E-04
   109.2      0.9185E-04
   109.3      0.9072E-04
   109.4      0.8964E-04
   109.5      0.8858E-04
   109.6      0.8757E-04
   109.7      0.8658E-04
   109.8      0.8563E-04
   109.9      0.8471E-04
   110.0      0.8382E-04
   110.1      0.8297E-04
   110.2      0.8214E-04
   110.3      0.8135E-04
   110.4      0.8058E-04
   110.5      0.7985E-04
   110.6      0.7914E-04
   110.7      0.7846E-04
   110.8      0.7781E-04
   110.9      0.7719E-04
   111.0      0.7660E-04
   111.1      0.7603E-04
   111.2      0.7549E-04
   111.3      0.7497E-04
   111.4      0.7448E-04
   111.5      0.7402E-04
   111.6      0.7358E-04
   111.7      0.7316E-04
   111.8      0.7276E-04
   111.9      0.7239E-04
   112.0      0.7204E-04
   112.1      0.7171E-04
   112.2      0.7140E-04
   112.3      0.7111E-04
   112.4      0.7083E-04
   112.5      0.7058E-04
   112.6      0.7035E-04
   112.7      0.7013E-04
   112.8      0.6993E-04
   112.9      0.6974E-04
   113.0      0.6957E-04
   113.1      0.6941E-04
   113.2      0.6926E-04
   113.3      0.6913E-04
   113.4      0.6901E-04
   113.5      0.6890E-04
   113.6      0.6880E-04
   113.7      0.6870E-04
   113.8      0.6862E-04
   113.9      0.6854E-04
   114.0      0.6847E-04
   114.1      0.6841E-04
   114.2      0.6835E-04
   114.3      0.6830E-04
   114.4      0.6825E-04
   114.5      0.6820E-04
   114.6      0.6815E-04
   114.7      0.6811E-04
   114.8      0.6806E-04
   114.9      0.6802E-04
   115.0      0.6798E-04
   115.1      0.6793E-04
   115.2      0.6789E-04
   115.3      0.6784E-04
   115.4      0.6779E-04
   115.5      0.6774E-04
   115.6      0.6769E-04
   115.7      0.6763E-04
   115.8      0.6756E-04
   115.9      0.6750E-04
   116.0      0.6743E-04
   116.1      0.6735E-04
   116.2      0.6727E-04
   116.3      0.6718E-04
   116.4      0.6709E-04
   116.5      0.6700E-04
   116.6      0.6689E-04
   116.7      0.6678E-04
   116.8      0.6667E-04
   116.9      0.6655E-04
   117.0      0.6642E-04
   117.1      0.6629E-04
   117.2      0.6615E-04
   117.3      0.6601E-04
   117.4      0.6586E-04
   117.5      0.6570E-04
   117.6      0.6554E-04
   117.7      0.6537E-04
   117.8      0.6520E-04
   117.9      0.6502E-04
   118.0      0.6483E-04
   118.1      0.6464E-04
   118.2      0.6444E-04
   118.3      0.6423E-04
   118.4      0.6402E-04
   118.5      0.6381E-04
   118.6      0.6358E-04
   118.7      0.6335E-04
   118.8      0.6312E-04
   118.9      0.6288E-04
   119.0      0.6263E-04
   119.1      0.6238E-04
   119.2      0.6212E-04
   119.3      0.6185E-04
   119.4      0.6158E-04
   119.5      0.6131E-04
   119.6      0.6103E-04
   119.7      0.6074E-04
   119.8      0.6044E-04
   119.9      0.6014E-04
   120.0      0.5984E-04
   120.1      0.5952E-04
   120.2      0.5921E-04
   120.3      0.5888E-04
   120.4      0.5855E-04
   120.5      0.5822E-04
   120.6      0.5788E-04
   120.7      0.5753E-04
   120.8      0.5718E-04
   120.9      0.5683E-04
   121.0      0.5647E-04
   121.1      0.5610E-04
   121.2      0.5573E-04
   121.3      0.5535E-04
   121.4      0.5497E-04
   121.5      0.5459E-04
   121.6      0.5420E-04
   121.7      0.5380E-04
   121.8      0.5341E-04
   121.9      0.5300E-04
   122.0      0.5260E-04
   122.1      0.5219E-04
   122.2      0.5178E-04
   122.3      0.5136E-04
   122.4      0.5095E-04
   122.5      0.5052E-04
   122.6      0.5010E-04
   122.7      0.4967E-04
   122.8      0.4925E-04
   122.9      0.4882E-04
   123.0      0.4838E-04
   123.1      0.4795E-04
   123.2      0.4751E-04
   123.3      0.4707E-04
   123.4      0.4663E-04
   123.5      0.4619E-04
   123.6      0.4575E-04
   123.7      0.4531E-04
   123.8      0.4486E-04
   123.9      0.4442E-04
   124.0      0.4397E-04
   124.1      0.4352E-04
   124.2      0.4307E-04
   124.3      0.4262E-04
   124.4      0.4217E-04
   124.5      0.4172E-04
   124.6      0.4127E-04
   124.7      0.4082E-04
   124.8      0.4037E-04
   124.9      0.3991E-04
   125.0      0.3946E-04
   125.1      0.3900E-04
   125.2      0.3855E-04
   125.3      0.3810E-04
   125.4      0.3764E-04
   125.5      0.3718E-04
   125.6      0.3673E-04
   125.7      0.3627E-04
   125.8      0.3582E-04
   125.9      0.3537E-04
   126.0      0.3491E-04
   126.1      0.3446E-04
   126.2      0.3401E-04
   126.3      0.3356E-04
   126.4      0.3311E-04
   126.5      0.3266E-04
   126.6      0.3222E-04
   126.7      0.3177E-04
   126.8      0.3133E-04
   126.9      0.3089E-04
   127.0      0.3046E-04
   127.1      0.3003E-04
   127.2      0.2960E-04
   127.3      0.2918E-04
   127.4      0.2876E-04
   127.5      0.2835E-04
   127.6      0.2794E-04
   127.7      0.2754E-04
   127.8      0.2714E-04
   127.9      0.2675E-04
   128.0      0.2637E-04
   128.1      0.2599E-04
   128.2      0.2562E-04
   128.3      0.2526E-04
   128.4      0.2490E-04
   128.5      0.2456E-04
   128.6      0.2422E-04
   128.7      0.2389E-04
   128.8      0.2357E-04
   128.9      0.2326E-04
   129.0      0.2296E-04
   129.1      0.2266E-04
   129.2      0.2238E-04
   129.3      0.2211E-04
   129.4      0.2184E-04
   129.5      0.2159E-04
   129.6      0.2134E-04
   129.7      0.2111E-04
   129.8      0.2088E-04
   129.9      0.2066E-04
   130.0      0.2045E-04
   130.1      0.2025E-04
   130.2      0.2006E-04
   130.3      0.1988E-04
   130.4      0.1970E-04
   130.5      0.1953E-04
   130.6      0.1937E-04
   130.7      0.1922E-04
   130.8      0.1907E-04
   130.9      0.1894E-04
   131.0      0.1880E-04
   131.1      0.1867E-04
   131.2      0.1855E-04
   131.3      0.1844E-04
   131.4      0.1832E-04
   131.5      0.1821E-04
   131.6      0.1811E-04
   131.7      0.1801E-04
   131.8      0.1791E-04
   131.9      0.1782E-04
   132.0      0.1773E-04
   132.1      0.1764E-04
   132.2      0.1755E-04
   132.3      0.1746E-04
   132.4      0.1738E-04
   132.5      0.1730E-04
   132.6      0.1722E-04
   132.7      0.1714E-04
   132.8      0.1706E-04
   132.9      0.1698E-04
   133.0      0.1690E-04
   133.1      0.1682E-04
   133.2      0.1674E-04
   133.3      0.1667E-04
   133.4      0.1659E-04
   133.5      0.1651E-04
   133.6      0.1644E-04
   133.7      0.1636E-04
   133.8      0.1629E-04
   133.9      0.1621E-04
   134.0      0.1614E-04
   134.1      0.1607E-04
   134.2      0.1600E-04
   134.3      0.1593E-04
   134.4      0.1586E-04
   134.5      0.1579E-04
   134.6      0.1572E-04
   134.7      0.1566E-04
   134.8      0.1559E-04
   134.9      0.1553E-04
   135.0      0.1547E-04
   135.1      0.1541E-04
   135.2      0.1536E-04
   135.3      0.1530E-04
   135.4      0.1525E-04
   135.5      0.1520E-04
   135.6      0.1515E-04
   135.7      0.1511E-04
   135.8      0.1506E-04
   135.9      0.1502E-04
   136.0      0.1498E-04
   136.1      0.1494E-04
   136.2      0.1490E-04
   136.3      0.1487E-04
   136.4      0.1483E-04
   136.5      0.1480E-04
   136.6      0.1477E-04
   136.7      0.1474E-04
   136.8      0.1471E-04
   136.9      0.1468E-04
   137.0      0.1466E-04
   137.1      0.1463E-04
   137.2      0.1460E-04
   137.3      0.1458E-04
   137.4      0.1455E-04
   137.5      0.1452E-04
   137.6      0.1450E-04
   137.7      0.1447E-04
   137.8      0.1444E-04
   137.9      0.1441E-04
   138.0      0.1438E-04
   138.1      0.1435E-04
   138.2      0.1432E-04
   138.3      0.1428E-04
   138.4      0.1425E-04
   138.5      0.1421E-04
   138.6      0.1418E-04
   138.7      0.1414E-04
   138.8      0.1410E-04
   138.9      0.1405E-04
   139.0      0.1401E-04
   139.1      0.1396E-04
   139.2      0.1392E-04
   139.3      0.1387E-04
   139.4      0.1382E-04
   139.5      0.1377E-04
   139.6      0.1372E-04
   139.7      0.1366E-04
   139.8      0.1361E-04
   139.9      0.1356E-04
   140.0      0.1350E-04
   140.1      0.1344E-04
   140.2      0.1339E-04
   140.3      0.1333E-04
   140.4      0.1327E-04
   140.5      0.1321E-04
   140.6      0.1315E-04
   140.7      0.1310E-04
   140.8      0.1304E-04
   140.9      0.1298E-04
   141.0      0.1292E-04
   141.1      0.1287E-04
   141.2      0.1281E-04
   141.3      0.1276E-04
   141.4      0.1270E-04
   141.5      0.1265E-04
   141.6      0.1259E-04
   141.7      0.1254E-04
   141.8      0.1249E-04
   141.9      0.1244E-04
   142.0      0.1239E-04
   142.1      0.1234E-04
   142.2      0.1229E-04
   142.3      0.1224E-04
   142.4      0.1219E-04
   142.5      0.1214E-04
   142.6      0.1210E-04
   142.7      0.1205E-04
   142.8      0.1200E-04
   142.9      0.1196E-04
   143.0      0.1191E-04
   143.1      0.1187E-04
   143.2      0.1182E-04
   143.3      0.1178E-04
   143.4      0.1173E-04
   143.5      0.1169E-04
   143.6      0.1165E-04
   143.7      0.1160E-04
   143.8      0.1156E-04
   143.9      0.1151E-04
   144.0      0.1147E-04
   144.1      0.1143E-04
   144.2      0.1138E-04
   144.3      0.1134E-04
   144.4      0.1129E-04
   144.5      0.1125E-04
   144.6      0.1121E-04
   144.7      0.1116E-04
   144.8      0.1112E-04
   144.9      0.1108E-04
   145.0      0.1103E-04
   145.1      0.1099E-04
   145.2      0.1095E-04
   145.3      0.1091E-04
   145.4      0.1087E-04
   145.5      0.1083E-04
   145.6      0.1080E-04
   145.7      0.1076E-04
   145.8      0.1072E-04
   145.9      0.1069E-04
   146.0      0.1065E-04
   146.1      0.1062E-04
   146.2      0.1059E-04
   146.3      0.1056E-04
   146.4      0.1053E-04
   146.5      0.1050E-04
   146.6      0.1047E-04
   146.7      0.1045E-04
   146.8      0.1042E-04
   146.9      0.1040E-04
   147.0      0.1037E-04
   147.1      0.1035E-04
   147.2      0.1033E-04
   147.3      0.1031E-04
   147.4      0.1028E-04
   147.5      0.1026E-04
   147.6      0.1024E-04
   147.7      0.1022E-04
   147.8      0.1019E-04
   147.9      0.1017E-04
   148.0      0.1014E-04
   148.1      0.1011E-04
   148.2      0.1008E-04
   148.3      0.1005E-04
   148.4      0.1002E-04
   148.5      0.9984E-05
   148.6      0.9946E-05
   148.7      0.9905E-05
   148.8      0.9862E-05
   148.9      0.9815E-05
   149.0      0.9765E-05
   149.1      0.9712E-05
   149.2      0.9655E-05
   149.3      0.9595E-05
   149.4      0.9530E-05
   149.5      0.9463E-05
   149.6      0.9391E-05
   149.7      0.9316E-05
   149.8      0.9237E-05
   149.9      0.9154E-05
   150.0      0.9068E-05
   150.1      0.8979E-05
   150.2      0.8886E-05
   150.3      0.8790E-05
   150.4      0.8691E-05
   150.5      0.8590E-05
   150.6      0.8486E-05
   150.7      0.8380E-05
   150.8      0.8272E-05
   150.9      0.8163E-05
   151.0      0.8052E-05
   151.1      0.7941E-05
   151.2      0.7829E-05
   151.3      0.7717E-05
   151.4      0.7605E-05
   151.5      0.7494E-05
   151.6      0.7384E-05
   151.7      0.7275E-05
   151.8      0.7168E-05
   151.9      0.7063E-05
   152.0      0.6960E-05
   152.1      0.6860E-05
   152.2      0.6763E-05
   152.3      0.6669E-05
   152.4      0.6578E-05
   152.5      0.6492E-05
   152.6      0.6409E-05
   152.7      0.6330E-05
   152.8      0.6256E-05
   152.9      0.6186E-05
   153.0      0.6120E-05
   153.1      0.6059E-05
   153.2      0.6002E-05
   153.3      0.5950E-05
   153.4      0.5902E-05
   153.5      0.5859E-05
   153.6      0.5819E-05
   153.7      0.5784E-05
   153.8      0.5753E-05
   153.9      0.5725E-05
   154.0      0.5700E-05
   154.1      0.5679E-05
   154.2      0.5661E-05
   154.3      0.5646E-05
   154.4      0.5632E-05
   154.5      0.5621E-05
   154.6      0.5612E-05
   154.7      0.5603E-05
   154.8      0.5596E-05
   154.9      0.5590E-05
   155.0      0.5584E-05
   155.1      0.5578E-05
   155.2      0.5572E-05
   155.3      0.5566E-05
   155.4      0.5558E-05
   155.5      0.5550E-05
   155.6      0.5540E-05
   155.7      0.5529E-05
   155.8      0.5516E-05
   155.9      0.5501E-05
   156.0      0.5484E-05
   156.1      0.5465E-05
   156.2      0.5444E-05
   156.3      0.5421E-05
   156.4      0.5395E-05
   156.5      0.5367E-05
   156.6      0.5337E-05
   156.7      0.5305E-05
   156.8      0.5270E-05
   156.9      0.5234E-05
   157.0      0.5195E-05
   157.1      0.5155E-05
   157.2      0.5114E-05
   157.3      0.5071E-05
   157.4      0.5027E-05
   157.5      0.4982E-05
   157.6      0.4937E-05
   157.7      0.4891E-05
   157.8      0.4845E-05
   157.9      0.4799E-05
   158.0      0.4753E-05
   158.1      0.4708E-05
   158.2      0.4664E-05
   158.3      0.4621E-05
   158.4      0.4580E-05
   158.5      0.4540E-05
   158.6      0.4502E-05
   158.7      0.4465E-05
   158.8      0.4431E-05
   158.9      0.4399E-05
   159.0      0.4370E-05
   159.1      0.4343E-05
   159.2      0.4319E-05
   159.3      0.4297E-05
   159.4      0.4279E-05
   159.5      0.4263E-05
   159.6      0.4249E-05
   159.7      0.4239E-05
   159.8      0.4231E-05
   159.9      0.4226E-05
   160.0      0.4224E-05
   160.1      0.4224E-05
   160.2      0.4226E-05
   160.3      0.4231E-05
   160.4      0.4238E-05
   160.5      0.4247E-05
   160.6      0.4258E-05
   160.7      0.4271E-05
   160.8      0.4285E-05
   160.9      0.4301E-05
   161.0      0.4318E-05
   161.1      0.4336E-05
   161.2      0.4355E-05
   161.3      0.4376E-05
   161.4      0.4397E-05
   161.5      0.4419E-05
   161.6      0.4442E-05
   161.7      0.4465E-05
   161.8      0.4489E-05
   161.9      0.4513E-05
   162.0      0.4538E-05
   162.1      0.4563E-05
   162.2      0.4590E-05
   162.3      0.4616E-05
   162.4      0.4644E-05
   162.5      0.4672E-05
   162.6      0.4701E-05
   162.7      0.4731E-05
   162.8      0.4763E-05
   162.9      0.4795E-05
   163.0      0.4829E-05
   163.1      0.4865E-05
   163.2      0.4902E-05
   163.3      0.4942E-05
   163.4      0.4983E-05
   163.5      0.5027E-05
   163.6      0.5073E-05
   163.7      0.5122E-05
   163.8      0.5174E-05
   163.9      0.5228E-05
   164.0      0.5286E-05
   164.1      0.5346E-05
   164.2      0.5410E-05
   164.3      0.5477E-05
   164.4      0.5548E-05
   164.5      0.5621E-05
   164.6      0.5699E-05
   164.7      0.5779E-05
   164.8      0.5863E-05
   164.9      0.5949E-05
   165.0      0.6039E-05
   165.1      0.6132E-05
   165.2      0.6227E-05
   165.3      0.6325E-05
   165.4      0.6425E-05
   165.5      0.6527E-05
   165.6      0.6630E-05
   165.7      0.6735E-05
   165.8      0.6841E-05
   165.9      0.6948E-05
   166.0      0.7055E-05
   166.1      0.7162E-05
   166.2      0.7268E-05
   166.3      0.7374E-05
   166.4      0.7478E-05
   166.5      0.7580E-05
   166.6      0.7681E-05
   166.7      0.7779E-05
   166.8      0.7874E-05
   166.9      0.7966E-05
   167.0      0.8054E-05
   167.1      0.8139E-05
   167.2      0.8219E-05
   167.3      0.8295E-05
   167.4      0.8367E-05
   167.5      0.8433E-05
   167.6      0.8494E-05
   167.7      0.8551E-05
   167.8      0.8602E-05
   167.9      0.8647E-05
   168.0      0.8688E-05
   168.1      0.8723E-05
   168.2      0.8753E-05
   168.3      0.8778E-05
   168.4      0.8798E-05
   168.5      0.8813E-05
   168.6      0.8824E-05
   168.7      0.8831E-05
   168.8      0.8834E-05
   168.9      0.8834E-05
   169.0      0.8830E-05
   169.1      0.8824E-05
   169.2      0.8816E-05
   169.3      0.8806E-05
   169.4      0.8795E-05
   169.5      0.8784E-05
   169.6      0.8772E-05
   169.7      0.8760E-05
   169.8      0.8750E-05
   169.9      0.8740E-05
   170.0      0.8733E-05
   170.1      0.8728E-05
   170.2      0.8726E-05
   170.3      0.8728E-05
   170.4      0.8733E-05
   170.5      0.8743E-05
   170.6      0.8757E-05
   170.7      0.8776E-05
   170.8      0.8800E-05
   170.9      0.8830E-05
   171.0      0.8866E-05
   171.1      0.8908E-05
   171.2      0.8956E-05
   171.3      0.9010E-05
   171.4      0.9070E-05
   171.5      0.9137E-05
   171.6      0.9210E-05
   171.7      0.9288E-05
   171.8      0.9373E-05
   171.9      0.9463E-05
   172.0      0.9559E-05
   172.1      0.9659E-05
   172.2      0.9765E-05
   172.3      0.9874E-05
   172.4      0.9988E-05
   172.5      0.1010E-04
   172.6      0.1022E-04
   172.7      0.1035E-04
   172.8      0.1047E-04
   172.9      0.1060E-04
   173.0      0.1072E-04
   173.1      0.1085E-04
   173.2      0.1097E-04
   173.3      0.1110E-04
   173.4      0.1122E-04
   173.5      0.1134E-04
   173.6      0.1145E-04
   173.7      0.1157E-04
   173.8      0.1167E-04
   173.9      0.1178E-04
   174.0      0.1188E-04
   174.1      0.1197E-04
   174.2      0.1205E-04
   174.3      0.1213E-04
   174.4      0.1221E-04
   174.5      0.1227E-04
   174.6      0.1233E-04
   174.7      0.1238E-04
   174.8      0.1242E-04
   174.9      0.1245E-04
   175.0      0.1247E-04
   175.1      0.1248E-04
   175.2      0.1249E-04
   175.3      0.1248E-04
   175.4      0.1247E-04
   175.5      0.1245E-04
   175.6      0.1242E-04
   175.7      0.1238E-04
   175.8      0.1234E-04
   175.9      0.1228E-04
   176.0      0.1222E-04
   176.1      0.1215E-04
   176.2      0.1207E-04
   176.3      0.1199E-04
   176.4      0.1190E-04
   176.5      0.1180E-04
   176.6      0.1170E-04
   176.7      0.1160E-04
   176.8      0.1149E-04
   176.9      0.1138E-04
   177.0      0.1126E-04
   177.1      0.1114E-04
   177.2      0.1102E-04
   177.3      0.1090E-04
   177.4      0.1077E-04
   177.5      0.1065E-04
   177.6      0.1052E-04
   177.7      0.1040E-04
   177.8      0.1028E-04
   177.9      0.1015E-04
   178.0      0.1003E-04
   178.1      0.9918E-05
   178.2      0.9804E-05
   178.3      0.9694E-05
   178.4      0.9588E-05
   178.5      0.9486E-05
   178.6      0.9388E-05
   178.7      0.9296E-05
   178.8      0.9209E-05
   178.9      0.9128E-05
   179.0      0.9053E-05
   179.1      0.8984E-05
   179.2      0.8922E-05
   179.3      0.8867E-05
   179.4      0.8818E-05
   179.5      0.8777E-05
   179.6      0.8743E-05
   179.7      0.8716E-05
   179.8      0.8697E-05
   179.9      0.8686E-05
   180.0      0.8682E-05
 END
