#1801 angles,  1 tensor ranks for 0=projectile
@subtitle   "12C(7Li,6Li)13C @ Ed=77 MeV;"                                                  
@legend ON
@legend x1 0.2
@legend y1 0.8
@g0 type LOGY
@yaxis ticklabel format power
@legend string   0 "Lab energy =   77.0000"
#legend string   0 "Partition=  2 Excit=  2 near/far= 1"
#  Theta       sigma       iT11        T20         T21         T22         Kyy for projectile
   0.000      0.1439    
  0.1000      0.1453    
  0.2000      0.1494    
  0.3000      0.1564    
  0.4000      0.1661    
  0.5000      0.1784    
  0.6000      0.1935    
  0.7000      0.2111    
  0.8000      0.2311    
  0.9000      0.2536    
   1.000      0.2785    
   1.100      0.3055    
   1.200      0.3346    
   1.300      0.3656    
   1.400      0.3985    
   1.500      0.4331    
   1.600      0.4692    
   1.700      0.5067    
   1.800      0.5454    
   1.900      0.5851    
   2.000      0.6258    
   2.100      0.6671    
   2.200      0.7090    
   2.300      0.7512    
   2.400      0.7936    
   2.500      0.8360    
   2.600      0.8783    
   2.700      0.9201    
   2.800      0.9615    
   2.900       1.002    
   3.000       1.042    
   3.100       1.081    
   3.200       1.118    
   3.300       1.154    
   3.400       1.189    
   3.500       1.222    
   3.600       1.254    
   3.700       1.283    
   3.800       1.311    
   3.900       1.336    
   4.000       1.360    
   4.100       1.381    
   4.200       1.399    
   4.300       1.416    
   4.400       1.429    
   4.500       1.441    
   4.600       1.450    
   4.700       1.456    
   4.800       1.459    
   4.900       1.461    
   5.000       1.459    
   5.100       1.455    
   5.200       1.449    
   5.300       1.440    
   5.400       1.428    
   5.500       1.415    
   5.600       1.399    
   5.700       1.381    
   5.800       1.360    
   5.900       1.338    
   6.000       1.314    
   6.100       1.287    
   6.200       1.259    
   6.300       1.230    
   6.400       1.199    
   6.500       1.167    
   6.600       1.133    
   6.700       1.098    
   6.800       1.063    
   6.900       1.026    
   7.000      0.9888    
   7.100      0.9509    
   7.200      0.9126    
   7.300      0.8739    
   7.400      0.8351    
   7.500      0.7962    
   7.600      0.7573    
   7.700      0.7187    
   7.800      0.6803    
   7.900      0.6424    
   8.000      0.6050    
   8.100      0.5683    
   8.200      0.5323    
   8.300      0.4971    
   8.400      0.4628    
   8.500      0.4296    
   8.600      0.3974    
   8.700      0.3664    
   8.800      0.3366    
   8.900      0.3081    
   9.000      0.2809    
   9.100      0.2551    
   9.200      0.2307    
   9.300      0.2078    
   9.400      0.1863    
   9.500      0.1662    
   9.600      0.1477    
   9.700      0.1306    
   9.800      0.1150    
   9.900      0.1009    
   10.00      0.8831E-01
   10.10      0.7711E-01
   10.20      0.6733E-01
   10.30      0.5893E-01
   10.40      0.5188E-01
   10.50      0.4614E-01
   10.60      0.4165E-01
   10.70      0.3838E-01
   10.80      0.3627E-01
   10.90      0.3527E-01
   11.00      0.3531E-01
   11.10      0.3634E-01
   11.20      0.3830E-01
   11.30      0.4112E-01
   11.40      0.4473E-01
   11.50      0.4908E-01
   11.60      0.5409E-01
   11.70      0.5969E-01
   11.80      0.6583E-01
   11.90      0.7242E-01
   12.00      0.7941E-01
   12.10      0.8674E-01
   12.20      0.9433E-01
   12.30      0.1021    
   12.40      0.1101    
   12.50      0.1181    
   12.60      0.1261    
   12.70      0.1342    
   12.80      0.1421    
   12.90      0.1499    
   13.00      0.1576    
   13.10      0.1650    
   13.20      0.1722    
   13.30      0.1790    
   13.40      0.1856    
   13.50      0.1917    
   13.60      0.1975    
   13.70      0.2029    
   13.80      0.2078    
   13.90      0.2123    
   14.00      0.2163    
   14.10      0.2199    
   14.20      0.2229    
   14.30      0.2254    
   14.40      0.2275    
   14.50      0.2290    
   14.60      0.2301    
   14.70      0.2306    
   14.80      0.2307    
   14.90      0.2302    
   15.00      0.2293    
   15.10      0.2280    
   15.20      0.2262    
   15.30      0.2240    
   15.40      0.2213    
   15.50      0.2183    
   15.60      0.2149    
   15.70      0.2112    
   15.80      0.2071    
   15.90      0.2028    
   16.00      0.1982    
   16.10      0.1933    
   16.20      0.1882    
   16.30      0.1828    
   16.40      0.1773    
   16.50      0.1717    
   16.60      0.1659    
   16.70      0.1600    
   16.80      0.1541    
   16.90      0.1480    
   17.00      0.1420    
   17.10      0.1359    
   17.20      0.1298    
   17.30      0.1238    
   17.40      0.1178    
   17.50      0.1119    
   17.60      0.1060    
   17.70      0.1003    
   17.80      0.9461E-01
   17.90      0.8910E-01
   18.00      0.8373E-01
   18.10      0.7851E-01
   18.20      0.7346E-01
   18.30      0.6858E-01
   18.40      0.6389E-01
   18.50      0.5938E-01
   18.60      0.5507E-01
   18.70      0.5096E-01
   18.80      0.4706E-01
   18.90      0.4337E-01
   19.00      0.3990E-01
   19.10      0.3663E-01
   19.20      0.3358E-01
   19.30      0.3074E-01
   19.40      0.2812E-01
   19.50      0.2571E-01
   19.60      0.2350E-01
   19.70      0.2150E-01
   19.80      0.1970E-01
   19.90      0.1809E-01
   20.00      0.1668E-01
   20.10      0.1545E-01
   20.20      0.1440E-01
   20.30      0.1352E-01
   20.40      0.1280E-01
   20.50      0.1224E-01
   20.60      0.1183E-01
   20.70      0.1157E-01
   20.80      0.1144E-01
   20.90      0.1143E-01
   21.00      0.1154E-01
   21.10      0.1177E-01
   21.20      0.1209E-01
   21.30      0.1251E-01
   21.40      0.1301E-01
   21.50      0.1359E-01
   21.60      0.1424E-01
   21.70      0.1495E-01
   21.80      0.1571E-01
   21.90      0.1652E-01
   22.00      0.1736E-01
   22.10      0.1824E-01
   22.20      0.1914E-01
   22.30      0.2006E-01
   22.40      0.2099E-01
   22.50      0.2193E-01
   22.60      0.2287E-01
   22.70      0.2379E-01
   22.80      0.2471E-01
   22.90      0.2561E-01
   23.00      0.2650E-01
   23.10      0.2735E-01
   23.20      0.2818E-01
   23.30      0.2897E-01
   23.40      0.2973E-01
   23.50      0.3045E-01
   23.60      0.3112E-01
   23.70      0.3176E-01
   23.80      0.3234E-01
   23.90      0.3288E-01
   24.00      0.3337E-01
   24.10      0.3380E-01
   24.20      0.3419E-01
   24.30      0.3452E-01
   24.40      0.3479E-01
   24.50      0.3502E-01
   24.60      0.3519E-01
   24.70      0.3530E-01
   24.80      0.3536E-01
   24.90      0.3537E-01
   25.00      0.3533E-01
   25.10      0.3524E-01
   25.20      0.3509E-01
   25.30      0.3490E-01
   25.40      0.3465E-01
   25.50      0.3437E-01
   25.60      0.3403E-01
   25.70      0.3366E-01
   25.80      0.3324E-01
   25.90      0.3279E-01
   26.00      0.3229E-01
   26.10      0.3176E-01
   26.20      0.3120E-01
   26.30      0.3061E-01
   26.40      0.2999E-01
   26.50      0.2934E-01
   26.60      0.2866E-01
   26.70      0.2797E-01
   26.80      0.2725E-01
   26.90      0.2652E-01
   27.00      0.2577E-01
   27.10      0.2501E-01
   27.20      0.2424E-01
   27.30      0.2346E-01
   27.40      0.2267E-01
   27.50      0.2188E-01
   27.60      0.2108E-01
   27.70      0.2028E-01
   27.80      0.1949E-01
   27.90      0.1870E-01
   28.00      0.1791E-01
   28.10      0.1713E-01
   28.20      0.1636E-01
   28.30      0.1560E-01
   28.40      0.1485E-01
   28.50      0.1412E-01
   28.60      0.1340E-01
   28.70      0.1270E-01
   28.80      0.1201E-01
   28.90      0.1134E-01
   29.00      0.1069E-01
   29.10      0.1006E-01
   29.20      0.9458E-02
   29.30      0.8874E-02
   29.40      0.8314E-02
   29.50      0.7777E-02
   29.60      0.7264E-02
   29.70      0.6777E-02
   29.80      0.6314E-02
   29.90      0.5878E-02
   30.00      0.5467E-02
   30.10      0.5082E-02
   30.20      0.4723E-02
   30.30      0.4390E-02
   30.40      0.4084E-02
   30.50      0.3803E-02
   30.60      0.3548E-02
   30.70      0.3318E-02
   30.80      0.3113E-02
   30.90      0.2933E-02
   31.00      0.2777E-02
   31.10      0.2645E-02
   31.20      0.2535E-02
   31.30      0.2448E-02
   31.40      0.2383E-02
   31.50      0.2338E-02
   31.60      0.2313E-02
   31.70      0.2308E-02
   31.80      0.2320E-02
   31.90      0.2350E-02
   32.00      0.2397E-02
   32.10      0.2459E-02
   32.20      0.2535E-02
   32.30      0.2625E-02
   32.40      0.2728E-02
   32.50      0.2841E-02
   32.60      0.2965E-02
   32.70      0.3098E-02
   32.80      0.3239E-02
   32.90      0.3387E-02
   33.00      0.3541E-02
   33.10      0.3701E-02
   33.20      0.3864E-02
   33.30      0.4030E-02
   33.40      0.4197E-02
   33.50      0.4366E-02
   33.60      0.4535E-02
   33.70      0.4702E-02
   33.80      0.4868E-02
   33.90      0.5031E-02
   34.00      0.5190E-02
   34.10      0.5345E-02
   34.20      0.5495E-02
   34.30      0.5639E-02
   34.40      0.5776E-02
   34.50      0.5906E-02
   34.60      0.6029E-02
   34.70      0.6143E-02
   34.80      0.6249E-02
   34.90      0.6346E-02
   35.00      0.6433E-02
   35.10      0.6510E-02
   35.20      0.6578E-02
   35.30      0.6635E-02
   35.40      0.6681E-02
   35.50      0.6717E-02
   35.60      0.6743E-02
   35.70      0.6758E-02
   35.80      0.6762E-02
   35.90      0.6756E-02
   36.00      0.6739E-02
   36.10      0.6713E-02
   36.20      0.6676E-02
   36.30      0.6629E-02
   36.40      0.6573E-02
   36.50      0.6508E-02
   36.60      0.6434E-02
   36.70      0.6352E-02
   36.80      0.6261E-02
   36.90      0.6163E-02
   37.00      0.6058E-02
   37.10      0.5946E-02
   37.20      0.5828E-02
   37.30      0.5704E-02
   37.40      0.5575E-02
   37.50      0.5442E-02
   37.60      0.5304E-02
   37.70      0.5162E-02
   37.80      0.5018E-02
   37.90      0.4871E-02
   38.00      0.4721E-02
   38.10      0.4571E-02
   38.20      0.4419E-02
   38.30      0.4266E-02
   38.40      0.4114E-02
   38.50      0.3962E-02
   38.60      0.3810E-02
   38.70      0.3660E-02
   38.80      0.3511E-02
   38.90      0.3365E-02
   39.00      0.3221E-02
   39.10      0.3079E-02
   39.20      0.2940E-02
   39.30      0.2805E-02
   39.40      0.2674E-02
   39.50      0.2546E-02
   39.60      0.2422E-02
   39.70      0.2302E-02
   39.80      0.2187E-02
   39.90      0.2076E-02
   40.00      0.1970E-02
   40.10      0.1868E-02
   40.20      0.1771E-02
   40.30      0.1679E-02
   40.40      0.1592E-02
   40.50      0.1510E-02
   40.60      0.1432E-02
   40.70      0.1359E-02
   40.80      0.1291E-02
   40.90      0.1228E-02
   41.00      0.1169E-02
   41.10      0.1115E-02
   41.20      0.1065E-02
   41.30      0.1019E-02
   41.40      0.9768E-03
   41.50      0.9389E-03
   41.60      0.9048E-03
   41.70      0.8743E-03
   41.80      0.8472E-03
   41.90      0.8234E-03
   42.00      0.8027E-03
   42.10      0.7849E-03
   42.20      0.7699E-03
   42.30      0.7574E-03
   42.40      0.7473E-03
   42.50      0.7394E-03
   42.60      0.7336E-03
   42.70      0.7296E-03
   42.80      0.7274E-03
   42.90      0.7267E-03
   43.00      0.7273E-03
   43.10      0.7293E-03
   43.20      0.7323E-03
   43.30      0.7362E-03
   43.40      0.7410E-03
   43.50      0.7464E-03
   43.60      0.7524E-03
   43.70      0.7589E-03
   43.80      0.7657E-03
   43.90      0.7727E-03
   44.00      0.7799E-03
   44.10      0.7871E-03
   44.20      0.7944E-03
   44.30      0.8015E-03
   44.40      0.8085E-03
   44.50      0.8152E-03
   44.60      0.8217E-03
   44.70      0.8279E-03
   44.80      0.8336E-03
   44.90      0.8390E-03
   45.00      0.8439E-03
   45.10      0.8484E-03
   45.20      0.8523E-03
   45.30      0.8558E-03
   45.40      0.8587E-03
   45.50      0.8610E-03
   45.60      0.8628E-03
   45.70      0.8641E-03
   45.80      0.8648E-03
   45.90      0.8649E-03
   46.00      0.8645E-03
   46.10      0.8635E-03
   46.20      0.8620E-03
   46.30      0.8599E-03
   46.40      0.8573E-03
   46.50      0.8542E-03
   46.60      0.8506E-03
   46.70      0.8466E-03
   46.80      0.8420E-03
   46.90      0.8371E-03
   47.00      0.8316E-03
   47.10      0.8258E-03
   47.20      0.8196E-03
   47.30      0.8130E-03
   47.40      0.8061E-03
   47.50      0.7988E-03
   47.60      0.7912E-03
   47.70      0.7833E-03
   47.80      0.7752E-03
   47.90      0.7668E-03
   48.00      0.7582E-03
   48.10      0.7493E-03
   48.20      0.7403E-03
   48.30      0.7311E-03
   48.40      0.7217E-03
   48.50      0.7122E-03
   48.60      0.7026E-03
   48.70      0.6929E-03
   48.80      0.6830E-03
   48.90      0.6731E-03
   49.00      0.6632E-03
   49.10      0.6532E-03
   49.20      0.6432E-03
   49.30      0.6331E-03
   49.40      0.6230E-03
   49.50      0.6130E-03
   49.60      0.6029E-03
   49.70      0.5929E-03
   49.80      0.5828E-03
   49.90      0.5728E-03
   50.00      0.5629E-03
   50.10      0.5530E-03
   50.20      0.5431E-03
   50.30      0.5333E-03
   50.40      0.5235E-03
   50.50      0.5138E-03
   50.60      0.5041E-03
   50.70      0.4945E-03
   50.80      0.4850E-03
   50.90      0.4755E-03
   51.00      0.4661E-03
   51.10      0.4567E-03
   51.20      0.4474E-03
   51.30      0.4382E-03
   51.40      0.4290E-03
   51.50      0.4199E-03
   51.60      0.4109E-03
   51.70      0.4019E-03
   51.80      0.3930E-03
   51.90      0.3841E-03
   52.00      0.3753E-03
   52.10      0.3666E-03
   52.20      0.3580E-03
   52.30      0.3495E-03
   52.40      0.3410E-03
   52.50      0.3326E-03
   52.60      0.3243E-03
   52.70      0.3162E-03
   52.80      0.3081E-03
   52.90      0.3002E-03
   53.00      0.2923E-03
   53.10      0.2847E-03
   53.20      0.2771E-03
   53.30      0.2697E-03
   53.40      0.2625E-03
   53.50      0.2555E-03
   53.60      0.2486E-03
   53.70      0.2420E-03
   53.80      0.2355E-03
   53.90      0.2293E-03
   54.00      0.2232E-03
   54.10      0.2175E-03
   54.20      0.2119E-03
   54.30      0.2066E-03
   54.40      0.2016E-03
   54.50      0.1968E-03
   54.60      0.1924E-03
   54.70      0.1882E-03
   54.80      0.1843E-03
   54.90      0.1806E-03
   55.00      0.1773E-03
   55.10      0.1743E-03
   55.20      0.1715E-03
   55.30      0.1691E-03
   55.40      0.1669E-03
   55.50      0.1650E-03
   55.60      0.1634E-03
   55.70      0.1621E-03
   55.80      0.1610E-03
   55.90      0.1602E-03
   56.00      0.1596E-03
   56.10      0.1593E-03
   56.20      0.1592E-03
   56.30      0.1593E-03
   56.40      0.1595E-03
   56.50      0.1600E-03
   56.60      0.1606E-03
   56.70      0.1613E-03
   56.80      0.1622E-03
   56.90      0.1631E-03
   57.00      0.1642E-03
   57.10      0.1653E-03
   57.20      0.1665E-03
   57.30      0.1676E-03
   57.40      0.1688E-03
   57.50      0.1700E-03
   57.60      0.1712E-03
   57.70      0.1723E-03
   57.80      0.1733E-03
   57.90      0.1742E-03
   58.00      0.1751E-03
   58.10      0.1759E-03
   58.20      0.1765E-03
   58.30      0.1770E-03
   58.40      0.1774E-03
   58.50      0.1776E-03
   58.60      0.1777E-03
   58.70      0.1776E-03
   58.80      0.1773E-03
   58.90      0.1768E-03
   59.00      0.1762E-03
   59.10      0.1755E-03
   59.20      0.1745E-03
   59.30      0.1734E-03
   59.40      0.1721E-03
   59.50      0.1707E-03
   59.60      0.1691E-03
   59.70      0.1673E-03
   59.80      0.1655E-03
   59.90      0.1635E-03
   60.00      0.1613E-03
   60.10      0.1591E-03
   60.20      0.1568E-03
   60.30      0.1544E-03
   60.40      0.1519E-03
   60.50      0.1494E-03
   60.60      0.1468E-03
   60.70      0.1442E-03
   60.80      0.1416E-03
   60.90      0.1389E-03
   61.00      0.1363E-03
   61.10      0.1336E-03
   61.20      0.1310E-03
   61.30      0.1284E-03
   61.40      0.1259E-03
   61.50      0.1234E-03
   61.60      0.1210E-03
   61.70      0.1186E-03
   61.80      0.1163E-03
   61.90      0.1141E-03
   62.00      0.1119E-03
   62.10      0.1098E-03
   62.20      0.1078E-03
   62.30      0.1059E-03
   62.40      0.1041E-03
   62.50      0.1024E-03
   62.60      0.1007E-03
   62.70      0.9912E-04
   62.80      0.9762E-04
   62.90      0.9619E-04
   63.00      0.9483E-04
   63.10      0.9354E-04
   63.20      0.9231E-04
   63.30      0.9114E-04
   63.40      0.9001E-04
   63.50      0.8893E-04
   63.60      0.8789E-04
   63.70      0.8689E-04
   63.80      0.8591E-04
   63.90      0.8495E-04
   64.00      0.8402E-04
   64.10      0.8309E-04
   64.20      0.8217E-04
   64.30      0.8126E-04
   64.40      0.8034E-04
   64.50      0.7942E-04
   64.60      0.7849E-04
   64.70      0.7756E-04
   64.80      0.7661E-04
   64.90      0.7565E-04
   65.00      0.7467E-04
   65.10      0.7368E-04
   65.20      0.7268E-04
   65.30      0.7166E-04
   65.40      0.7064E-04
   65.50      0.6960E-04
   65.60      0.6855E-04
   65.70      0.6749E-04
   65.80      0.6643E-04
   65.90      0.6537E-04
   66.00      0.6431E-04
   66.10      0.6326E-04
   66.20      0.6221E-04
   66.30      0.6117E-04
   66.40      0.6015E-04
   66.50      0.5915E-04
   66.60      0.5817E-04
   66.70      0.5721E-04
   66.80      0.5627E-04
   66.90      0.5537E-04
   67.00      0.5449E-04
   67.10      0.5365E-04
   67.20      0.5285E-04
   67.30      0.5207E-04
   67.40      0.5133E-04
   67.50      0.5063E-04
   67.60      0.4997E-04
   67.70      0.4933E-04
   67.80      0.4874E-04
   67.90      0.4817E-04
   68.00      0.4763E-04
   68.10      0.4712E-04
   68.20      0.4664E-04
   68.30      0.4618E-04
   68.40      0.4574E-04
   68.50      0.4531E-04
   68.60      0.4490E-04
   68.70      0.4450E-04
   68.80      0.4410E-04
   68.90      0.4370E-04
   69.00      0.4331E-04
   69.10      0.4290E-04
   69.20      0.4249E-04
   69.30      0.4206E-04
   69.40      0.4162E-04
   69.50      0.4116E-04
   69.60      0.4068E-04
   69.70      0.4018E-04
   69.80      0.3965E-04
   69.90      0.3909E-04
   70.00      0.3851E-04
   70.10      0.3790E-04
   70.20      0.3727E-04
   70.30      0.3660E-04
   70.40      0.3591E-04
   70.50      0.3520E-04
   70.60      0.3446E-04
   70.70      0.3370E-04
   70.80      0.3292E-04
   70.90      0.3213E-04
   71.00      0.3132E-04
   71.10      0.3051E-04
   71.20      0.2969E-04
   71.30      0.2888E-04
   71.40      0.2807E-04
   71.50      0.2727E-04
   71.60      0.2648E-04
   71.70      0.2571E-04
   71.80      0.2497E-04
   71.90      0.2425E-04
   72.00      0.2357E-04
   72.10      0.2292E-04
   72.20      0.2231E-04
   72.30      0.2175E-04
   72.40      0.2124E-04
   72.50      0.2078E-04
   72.60      0.2037E-04
   72.70      0.2002E-04
   72.80      0.1973E-04
   72.90      0.1950E-04
   73.00      0.1933E-04
   73.10      0.1922E-04
   73.20      0.1917E-04
   73.30      0.1919E-04
   73.40      0.1926E-04
   73.50      0.1939E-04
   73.60      0.1957E-04
   73.70      0.1981E-04
   73.80      0.2009E-04
   73.90      0.2042E-04
   74.00      0.2080E-04
   74.10      0.2121E-04
   74.20      0.2165E-04
   74.30      0.2213E-04
   74.40      0.2262E-04
   74.50      0.2314E-04
   74.60      0.2367E-04
   74.70      0.2420E-04
   74.80      0.2474E-04
   74.90      0.2527E-04
   75.00      0.2580E-04
   75.10      0.2632E-04
   75.20      0.2681E-04
   75.30      0.2729E-04
   75.40      0.2773E-04
   75.50      0.2815E-04
   75.60      0.2853E-04
   75.70      0.2888E-04
   75.80      0.2918E-04
   75.90      0.2944E-04
   76.00      0.2966E-04
   76.10      0.2983E-04
   76.20      0.2996E-04
   76.30      0.3003E-04
   76.40      0.3006E-04
   76.50      0.3004E-04
   76.60      0.2998E-04
   76.70      0.2987E-04
   76.80      0.2971E-04
   76.90      0.2951E-04
   77.00      0.2928E-04
   77.10      0.2900E-04
   77.20      0.2869E-04
   77.30      0.2835E-04
   77.40      0.2798E-04
   77.50      0.2759E-04
   77.60      0.2717E-04
   77.70      0.2674E-04
   77.80      0.2629E-04
   77.90      0.2582E-04
   78.00      0.2535E-04
   78.10      0.2488E-04
   78.20      0.2440E-04
   78.30      0.2393E-04
   78.40      0.2345E-04
   78.50      0.2299E-04
   78.60      0.2253E-04
   78.70      0.2208E-04
   78.80      0.2164E-04
   78.90      0.2122E-04
   79.00      0.2081E-04
   79.10      0.2041E-04
   79.20      0.2003E-04
   79.30      0.1966E-04
   79.40      0.1930E-04
   79.50      0.1896E-04
   79.60      0.1864E-04
   79.70      0.1832E-04
   79.80      0.1802E-04
   79.90      0.1772E-04
   80.00      0.1743E-04
   80.10      0.1715E-04
   80.20      0.1687E-04
   80.30      0.1659E-04
   80.40      0.1631E-04
   80.50      0.1603E-04
   80.60      0.1575E-04
   80.70      0.1546E-04
   80.80      0.1516E-04
   80.90      0.1485E-04
   81.00      0.1453E-04
   81.10      0.1421E-04
   81.20      0.1386E-04
   81.30      0.1351E-04
   81.40      0.1314E-04
   81.50      0.1276E-04
   81.60      0.1236E-04
   81.70      0.1195E-04
   81.80      0.1152E-04
   81.90      0.1109E-04
   82.00      0.1064E-04
   82.10      0.1018E-04
   82.20      0.9715E-05
   82.30      0.9244E-05
   82.40      0.8769E-05
   82.50      0.8293E-05
   82.60      0.7818E-05
   82.70      0.7347E-05
   82.80      0.6882E-05
   82.90      0.6427E-05
   83.00      0.5984E-05
   83.10      0.5556E-05
   83.20      0.5146E-05
   83.30      0.4757E-05
   83.40      0.4391E-05
   83.50      0.4051E-05
   83.60      0.3740E-05
   83.70      0.3459E-05
   83.80      0.3211E-05
   83.90      0.2997E-05
   84.00      0.2818E-05
   84.10      0.2677E-05
   84.20      0.2572E-05
   84.30      0.2506E-05
   84.40      0.2478E-05
   84.50      0.2488E-05
   84.60      0.2535E-05
   84.70      0.2619E-05
   84.80      0.2738E-05
   84.90      0.2891E-05
   85.00      0.3075E-05
   85.10      0.3290E-05
   85.20      0.3532E-05
   85.30      0.3798E-05
   85.40      0.4087E-05
   85.50      0.4394E-05
   85.60      0.4717E-05
   85.70      0.5052E-05
   85.80      0.5396E-05
   85.90      0.5745E-05
   86.00      0.6096E-05
   86.10      0.6445E-05
   86.20      0.6789E-05
   86.30      0.7125E-05
   86.40      0.7449E-05
   86.50      0.7758E-05
   86.60      0.8050E-05
   86.70      0.8323E-05
   86.80      0.8573E-05
   86.90      0.8798E-05
   87.00      0.8997E-05
   87.10      0.9169E-05
   87.20      0.9313E-05
   87.30      0.9426E-05
   87.40      0.9510E-05
   87.50      0.9564E-05
   87.60      0.9589E-05
   87.70      0.9584E-05
   87.80      0.9551E-05
   87.90      0.9491E-05
   88.00      0.9407E-05
   88.10      0.9298E-05
   88.20      0.9168E-05
   88.30      0.9019E-05
   88.40      0.8854E-05
   88.50      0.8674E-05
   88.60      0.8484E-05
   88.70      0.8285E-05
   88.80      0.8081E-05
   88.90      0.7874E-05
   89.00      0.7669E-05
   89.10      0.7466E-05
   89.20      0.7271E-05
   89.30      0.7084E-05
   89.40      0.6909E-05
   89.50      0.6749E-05
   89.60      0.6604E-05
   89.70      0.6478E-05
   89.80      0.6372E-05
   89.90      0.6287E-05
   90.00      0.6225E-05
   90.10      0.6187E-05
   90.20      0.6172E-05
   90.30      0.6181E-05
   90.40      0.6214E-05
   90.50      0.6271E-05
   90.60      0.6350E-05
   90.70      0.6451E-05
   90.80      0.6573E-05
   90.90      0.6713E-05
   91.00      0.6870E-05
   91.10      0.7042E-05
   91.20      0.7226E-05
   91.30      0.7420E-05
   91.40      0.7621E-05
   91.50      0.7828E-05
   91.60      0.8035E-05
   91.70      0.8242E-05
   91.80      0.8445E-05
   91.90      0.8641E-05
   92.00      0.8827E-05
   92.10      0.9001E-05
   92.20      0.9160E-05
   92.30      0.9302E-05
   92.40      0.9424E-05
   92.50      0.9524E-05
   92.60      0.9601E-05
   92.70      0.9653E-05
   92.80      0.9679E-05
   92.90      0.9677E-05
   93.00      0.9647E-05
   93.10      0.9590E-05
   93.20      0.9503E-05
   93.30      0.9389E-05
   93.40      0.9246E-05
   93.50      0.9077E-05
   93.60      0.8883E-05
   93.70      0.8664E-05
   93.80      0.8422E-05
   93.90      0.8160E-05
   94.00      0.7879E-05
   94.10      0.7582E-05
   94.20      0.7272E-05
   94.30      0.6950E-05
   94.40      0.6620E-05
   94.50      0.6285E-05
   94.60      0.5947E-05
   94.70      0.5610E-05
   94.80      0.5276E-05
   94.90      0.4948E-05
   95.00      0.4629E-05
   95.10      0.4321E-05
   95.20      0.4027E-05
   95.30      0.3749E-05
   95.40      0.3490E-05
   95.50      0.3250E-05
   95.60      0.3033E-05
   95.70      0.2839E-05
   95.80      0.2670E-05
   95.90      0.2525E-05
   96.00      0.2407E-05
   96.10      0.2315E-05
   96.20      0.2248E-05
   96.30      0.2208E-05
   96.40      0.2193E-05
   96.50      0.2202E-05
   96.60      0.2235E-05
   96.70      0.2290E-05
   96.80      0.2365E-05
   96.90      0.2459E-05
   97.00      0.2569E-05
   97.10      0.2694E-05
   97.20      0.2831E-05
   97.30      0.2979E-05
   97.40      0.3134E-05
   97.50      0.3294E-05
   97.60      0.3457E-05
   97.70      0.3620E-05
   97.80      0.3782E-05
   97.90      0.3938E-05
   98.00      0.4089E-05
   98.10      0.4231E-05
   98.20      0.4362E-05
   98.30      0.4481E-05
   98.40      0.4587E-05
   98.50      0.4677E-05
   98.60      0.4751E-05
   98.70      0.4809E-05
   98.80      0.4849E-05
   98.90      0.4871E-05
   99.00      0.4875E-05
   99.10      0.4861E-05
   99.20      0.4830E-05
   99.30      0.4783E-05
   99.40      0.4719E-05
   99.50      0.4642E-05
   99.60      0.4550E-05
   99.70      0.4448E-05
   99.80      0.4335E-05
   99.90      0.4213E-05
   100.0      0.4086E-05
   100.1      0.3954E-05
   100.2      0.3820E-05
   100.3      0.3686E-05
   100.4      0.3554E-05
   100.5      0.3427E-05
   100.6      0.3305E-05
   100.7      0.3192E-05
   100.8      0.3089E-05
   100.9      0.2998E-05
   101.0      0.2921E-05
   101.1      0.2858E-05
   101.2      0.2812E-05
   101.3      0.2783E-05
   101.4      0.2772E-05
   101.5      0.2780E-05
   101.6      0.2808E-05
   101.7      0.2854E-05
   101.8      0.2920E-05
   101.9      0.3004E-05
   102.0      0.3107E-05
   102.1      0.3227E-05
   102.2      0.3363E-05
   102.3      0.3514E-05
   102.4      0.3678E-05
   102.5      0.3855E-05
   102.6      0.4041E-05
   102.7      0.4235E-05
   102.8      0.4435E-05
   102.9      0.4639E-05
   103.0      0.4844E-05
   103.1      0.5048E-05
   103.2      0.5249E-05
   103.3      0.5445E-05
   103.4      0.5633E-05
   103.5      0.5811E-05
   103.6      0.5977E-05
   103.7      0.6129E-05
   103.8      0.6266E-05
   103.9      0.6385E-05
   104.0      0.6486E-05
   104.1      0.6567E-05
   104.2      0.6626E-05
   104.3      0.6664E-05
   104.4      0.6679E-05
   104.5      0.6672E-05
   104.6      0.6642E-05
   104.7      0.6590E-05
   104.8      0.6516E-05
   104.9      0.6420E-05
   105.0      0.6304E-05
   105.1      0.6169E-05
   105.2      0.6016E-05
   105.3      0.5846E-05
   105.4      0.5663E-05
   105.5      0.5466E-05
   105.6      0.5259E-05
   105.7      0.5044E-05
   105.8      0.4823E-05
   105.9      0.4598E-05
   106.0      0.4371E-05
   106.1      0.4146E-05
   106.2      0.3923E-05
   106.3      0.3706E-05
   106.4      0.3497E-05
   106.5      0.3297E-05
   106.6      0.3109E-05
   106.7      0.2935E-05
   106.8      0.2776E-05
   106.9      0.2633E-05
   107.0      0.2509E-05
   107.1      0.2403E-05
   107.2      0.2317E-05
   107.3      0.2251E-05
   107.4      0.2206E-05
   107.5      0.2181E-05
   107.6      0.2177E-05
   107.7      0.2193E-05
   107.8      0.2228E-05
   107.9      0.2282E-05
   108.0      0.2353E-05
   108.1      0.2440E-05
   108.2      0.2541E-05
   108.3      0.2656E-05
   108.4      0.2781E-05
   108.5      0.2915E-05
   108.6      0.3057E-05
   108.7      0.3203E-05
   108.8      0.3352E-05
   108.9      0.3501E-05
   109.0      0.3649E-05
   109.1      0.3793E-05
   109.2      0.3931E-05
   109.3      0.4061E-05
   109.4      0.4181E-05
   109.5      0.4289E-05
   109.6      0.4384E-05
   109.7      0.4465E-05
   109.8      0.4529E-05
   109.9      0.4576E-05
   110.0      0.4606E-05
   110.1      0.4617E-05
   110.2      0.4608E-05
   110.3      0.4581E-05
   110.4      0.4535E-05
   110.5      0.4470E-05
   110.6      0.4388E-05
   110.7      0.4288E-05
   110.8      0.4172E-05
   110.9      0.4041E-05
   111.0      0.3896E-05
   111.1      0.3740E-05
   111.2      0.3573E-05
   111.3      0.3398E-05
   111.4      0.3217E-05
   111.5      0.3031E-05
   111.6      0.2844E-05
   111.7      0.2657E-05
   111.8      0.2472E-05
   111.9      0.2291E-05
   112.0      0.2117E-05
   112.1      0.1952E-05
   112.2      0.1798E-05
   112.3      0.1656E-05
   112.4      0.1528E-05
   112.5      0.1416E-05
   112.6      0.1321E-05
   112.7      0.1244E-05
   112.8      0.1187E-05
   112.9      0.1149E-05
   113.0      0.1132E-05
   113.1      0.1136E-05
   113.2      0.1161E-05
   113.3      0.1206E-05
   113.4      0.1271E-05
   113.5      0.1355E-05
   113.6      0.1458E-05
   113.7      0.1579E-05
   113.8      0.1715E-05
   113.9      0.1866E-05
   114.0      0.2029E-05
   114.1      0.2204E-05
   114.2      0.2388E-05
   114.3      0.2578E-05
   114.4      0.2773E-05
   114.5      0.2971E-05
   114.6      0.3170E-05
   114.7      0.3366E-05
   114.8      0.3559E-05
   114.9      0.3745E-05
   115.0      0.3923E-05
   115.1      0.4091E-05
   115.2      0.4247E-05
   115.3      0.4389E-05
   115.4      0.4516E-05
   115.5      0.4627E-05
   115.6      0.4719E-05
   115.7      0.4793E-05
   115.8      0.4847E-05
   115.9      0.4882E-05
   116.0      0.4896E-05
   116.1      0.4891E-05
   116.2      0.4865E-05
   116.3      0.4820E-05
   116.4      0.4756E-05
   116.5      0.4675E-05
   116.6      0.4576E-05
   116.7      0.4463E-05
   116.8      0.4335E-05
   116.9      0.4195E-05
   117.0      0.4045E-05
   117.1      0.3886E-05
   117.2      0.3721E-05
   117.3      0.3551E-05
   117.4      0.3379E-05
   117.5      0.3207E-05
   117.6      0.3036E-05
   117.7      0.2870E-05
   117.8      0.2709E-05
   117.9      0.2557E-05
   118.0      0.2414E-05
   118.1      0.2284E-05
   118.2      0.2166E-05
   118.3      0.2063E-05
   118.4      0.1975E-05
   118.5      0.1905E-05
   118.6      0.1852E-05
   118.7      0.1817E-05
   118.8      0.1800E-05
   118.9      0.1803E-05
   119.0      0.1824E-05
   119.1      0.1863E-05
   119.2      0.1919E-05
   119.3      0.1993E-05
   119.4      0.2083E-05
   119.5      0.2187E-05
   119.6      0.2304E-05
   119.7      0.2433E-05
   119.8      0.2573E-05
   119.9      0.2720E-05
   120.0      0.2874E-05
   120.1      0.3032E-05
   120.2      0.3192E-05
   120.3      0.3353E-05
   120.4      0.3511E-05
   120.5      0.3666E-05
   120.6      0.3814E-05
   120.7      0.3955E-05
   120.8      0.4086E-05
   120.9      0.4205E-05
   121.0      0.4310E-05
   121.1      0.4402E-05
   121.2      0.4477E-05
   121.3      0.4535E-05
   121.4      0.4576E-05
   121.5      0.4598E-05
   121.6      0.4600E-05
   121.7      0.4584E-05
   121.8      0.4549E-05
   121.9      0.4494E-05
   122.0      0.4422E-05
   122.1      0.4332E-05
   122.2      0.4225E-05
   122.3      0.4102E-05
   122.4      0.3965E-05
   122.5      0.3815E-05
   122.6      0.3655E-05
   122.7      0.3485E-05
   122.8      0.3308E-05
   122.9      0.3125E-05
   123.0      0.2939E-05
   123.1      0.2752E-05
   123.2      0.2566E-05
   123.3      0.2384E-05
   123.4      0.2206E-05
   123.5      0.2036E-05
   123.6      0.1875E-05
   123.7      0.1726E-05
   123.8      0.1589E-05
   123.9      0.1466E-05
   124.0      0.1360E-05
   124.1      0.1271E-05
   124.2      0.1200E-05
   124.3      0.1148E-05
   124.4      0.1115E-05
   124.5      0.1102E-05
   124.6      0.1110E-05
   124.7      0.1137E-05
   124.8      0.1184E-05
   124.9      0.1249E-05
   125.0      0.1333E-05
   125.1      0.1434E-05
   125.2      0.1551E-05
   125.3      0.1683E-05
   125.4      0.1827E-05
   125.5      0.1983E-05
   125.6      0.2148E-05
   125.7      0.2320E-05
   125.8      0.2498E-05
   125.9      0.2678E-05
   126.0      0.2859E-05
   126.1      0.3040E-05
   126.2      0.3216E-05
   126.3      0.3387E-05
   126.4      0.3551E-05
   126.5      0.3705E-05
   126.6      0.3847E-05
   126.7      0.3976E-05
   126.8      0.4091E-05
   126.9      0.4189E-05
   127.0      0.4270E-05
   127.1      0.4333E-05
   127.2      0.4376E-05
   127.3      0.4400E-05
   127.4      0.4404E-05
   127.5      0.4388E-05
   127.6      0.4352E-05
   127.7      0.4297E-05
   127.8      0.4223E-05
   127.9      0.4131E-05
   128.0      0.4022E-05
   128.1      0.3898E-05
   128.2      0.3760E-05
   128.3      0.3609E-05
   128.4      0.3448E-05
   128.5      0.3277E-05
   128.6      0.3101E-05
   128.7      0.2919E-05
   128.8      0.2736E-05
   128.9      0.2552E-05
   129.0      0.2369E-05
   129.1      0.2192E-05
   129.2      0.2020E-05
   129.3      0.1856E-05
   129.4      0.1703E-05
   129.5      0.1562E-05
   129.6      0.1435E-05
   129.7      0.1322E-05
   129.8      0.1227E-05
   129.9      0.1149E-05
   130.0      0.1089E-05
   130.1      0.1049E-05
   130.2      0.1029E-05
   130.3      0.1029E-05
   130.4      0.1049E-05
   130.5      0.1088E-05
   130.6      0.1146E-05
   130.7      0.1224E-05
   130.8      0.1318E-05
   130.9      0.1429E-05
   131.0      0.1555E-05
   131.1      0.1694E-05
   131.2      0.1846E-05
   131.3      0.2007E-05
   131.4      0.2175E-05
   131.5      0.2350E-05
   131.6      0.2529E-05
   131.7      0.2709E-05
   131.8      0.2888E-05
   131.9      0.3065E-05
   132.0      0.3236E-05
   132.1      0.3401E-05
   132.2      0.3556E-05
   132.3      0.3700E-05
   132.4      0.3831E-05
   132.5      0.3948E-05
   132.6      0.4049E-05
   132.7      0.4133E-05
   132.8      0.4199E-05
   132.9      0.4245E-05
   133.0      0.4272E-05
   133.1      0.4279E-05
   133.2      0.4266E-05
   133.3      0.4233E-05
   133.4      0.4181E-05
   133.5      0.4109E-05
   133.6      0.4020E-05
   133.7      0.3913E-05
   133.8      0.3790E-05
   133.9      0.3654E-05
   134.0      0.3504E-05
   134.1      0.3344E-05
   134.2      0.3175E-05
   134.3      0.2999E-05
   134.4      0.2819E-05
   134.5      0.2636E-05
   134.6      0.2452E-05
   134.7      0.2271E-05
   134.8      0.2094E-05
   134.9      0.1924E-05
   135.0      0.1762E-05
   135.1      0.1611E-05
   135.2      0.1472E-05
   135.3      0.1348E-05
   135.4      0.1240E-05
   135.5      0.1148E-05
   135.6      0.1076E-05
   135.7      0.1022E-05
   135.8      0.9890E-06
   135.9      0.9765E-06
   136.0      0.9849E-06
   136.1      0.1014E-05
   136.2      0.1064E-05
   136.3      0.1134E-05
   136.4      0.1224E-05
   136.5      0.1332E-05
   136.6      0.1457E-05
   136.7      0.1599E-05
   136.8      0.1754E-05
   136.9      0.1922E-05
   137.0      0.2100E-05
   137.1      0.2286E-05
   137.2      0.2479E-05
   137.3      0.2676E-05
   137.4      0.2874E-05
   137.5      0.3072E-05
   137.6      0.3266E-05
   137.7      0.3455E-05
   137.8      0.3637E-05
   137.9      0.3808E-05
   138.0      0.3968E-05
   138.1      0.4113E-05
   138.2      0.4243E-05
   138.3      0.4356E-05
   138.4      0.4450E-05
   138.5      0.4524E-05
   138.6      0.4578E-05
   138.7      0.4609E-05
   138.8      0.4619E-05
   138.9      0.4607E-05
   139.0      0.4573E-05
   139.1      0.4517E-05
   139.2      0.4439E-05
   139.3      0.4342E-05
   139.4      0.4225E-05
   139.5      0.4090E-05
   139.6      0.3939E-05
   139.7      0.3773E-05
   139.8      0.3594E-05
   139.9      0.3405E-05
   140.0      0.3207E-05
   140.1      0.3002E-05
   140.2      0.2794E-05
   140.3      0.2585E-05
   140.4      0.2377E-05
   140.5      0.2172E-05
   140.6      0.1973E-05
   140.7      0.1782E-05
   140.8      0.1602E-05
   140.9      0.1434E-05
   141.0      0.1281E-05
   141.1      0.1144E-05
   141.2      0.1026E-05
   141.3      0.9264E-06
   141.4      0.8479E-06
   141.5      0.7910E-06
   141.6      0.7563E-06
   141.7      0.7444E-06
   141.8      0.7553E-06
   141.9      0.7889E-06
   142.0      0.8450E-06
   142.1      0.9227E-06
   142.2      0.1021E-05
   142.3      0.1139E-05
   142.4      0.1276E-05
   142.5      0.1429E-05
   142.6      0.1597E-05
   142.7      0.1778E-05
   142.8      0.1969E-05
   142.9      0.2169E-05
   143.0      0.2375E-05
   143.1      0.2585E-05
   143.2      0.2796E-05
   143.3      0.3005E-05
   143.4      0.3210E-05
   143.5      0.3410E-05
   143.6      0.3600E-05
   143.7      0.3779E-05
   143.8      0.3946E-05
   143.9      0.4097E-05
   144.0      0.4231E-05
   144.1      0.4347E-05
   144.2      0.4443E-05
   144.3      0.4518E-05
   144.4      0.4571E-05
   144.5      0.4601E-05
   144.6      0.4609E-05
   144.7      0.4594E-05
   144.8      0.4556E-05
   144.9      0.4496E-05
   145.0      0.4414E-05
   145.1      0.4312E-05
   145.2      0.4191E-05
   145.3      0.4052E-05
   145.4      0.3898E-05
   145.5      0.3729E-05
   145.6      0.3549E-05
   145.7      0.3360E-05
   145.8      0.3163E-05
   145.9      0.2962E-05
   146.0      0.2759E-05
   146.1      0.2556E-05
   146.2      0.2357E-05
   146.3      0.2163E-05
   146.4      0.1978E-05
   146.5      0.1803E-05
   146.6      0.1642E-05
   146.7      0.1495E-05
   146.8      0.1366E-05
   146.9      0.1256E-05
   147.0      0.1167E-05
   147.1      0.1099E-05
   147.2      0.1054E-05
   147.3      0.1034E-05
   147.4      0.1037E-05
   147.5      0.1065E-05
   147.6      0.1117E-05
   147.7      0.1194E-05
   147.8      0.1294E-05
   147.9      0.1416E-05
   148.0      0.1560E-05
   148.1      0.1723E-05
   148.2      0.1905E-05
   148.3      0.2102E-05
   148.4      0.2314E-05
   148.5      0.2537E-05
   148.6      0.2769E-05
   148.7      0.3008E-05
   148.8      0.3250E-05
   148.9      0.3493E-05
   149.0      0.3734E-05
   149.1      0.3971E-05
   149.2      0.4200E-05
   149.3      0.4419E-05
   149.4      0.4626E-05
   149.5      0.4817E-05
   149.6      0.4991E-05
   149.7      0.5145E-05
   149.8      0.5277E-05
   149.9      0.5387E-05
   150.0      0.5472E-05
   150.1      0.5532E-05
   150.2      0.5565E-05
   150.3      0.5572E-05
   150.4      0.5551E-05
   150.5      0.5503E-05
   150.6      0.5430E-05
   150.7      0.5330E-05
   150.8      0.5206E-05
   150.9      0.5059E-05
   151.0      0.4890E-05
   151.1      0.4701E-05
   151.2      0.4495E-05
   151.3      0.4274E-05
   151.4      0.4040E-05
   151.5      0.3796E-05
   151.6      0.3545E-05
   151.7      0.3290E-05
   151.8      0.3035E-05
   151.9      0.2781E-05
   152.0      0.2532E-05
   152.1      0.2291E-05
   152.2      0.2060E-05
   152.3      0.1844E-05
   152.4      0.1644E-05
   152.5      0.1462E-05
   152.6      0.1301E-05
   152.7      0.1164E-05
   152.8      0.1051E-05
   152.9      0.9640E-06
   153.0      0.9046E-06
   153.1      0.8734E-06
   153.2      0.8709E-06
   153.3      0.8973E-06
   153.4      0.9524E-06
   153.5      0.1036E-05
   153.6      0.1146E-05
   153.7      0.1283E-05
   153.8      0.1445E-05
   153.9      0.1630E-05
   154.0      0.1836E-05
   154.1      0.2060E-05
   154.2      0.2300E-05
   154.3      0.2554E-05
   154.4      0.2819E-05
   154.5      0.3091E-05
   154.6      0.3367E-05
   154.7      0.3644E-05
   154.8      0.3919E-05
   154.9      0.4189E-05
   155.0      0.4450E-05
   155.1      0.4700E-05
   155.2      0.4936E-05
   155.3      0.5154E-05
   155.4      0.5352E-05
   155.5      0.5528E-05
   155.6      0.5680E-05
   155.7      0.5805E-05
   155.8      0.5903E-05
   155.9      0.5972E-05
   156.0      0.6012E-05
   156.1      0.6021E-05
   156.2      0.6000E-05
   156.3      0.5949E-05
   156.4      0.5868E-05
   156.5      0.5759E-05
   156.6      0.5622E-05
   156.7      0.5460E-05
   156.8      0.5274E-05
   156.9      0.5067E-05
   157.0      0.4840E-05
   157.1      0.4598E-05
   157.2      0.4343E-05
   157.3      0.4077E-05
   157.4      0.3805E-05
   157.5      0.3530E-05
   157.6      0.3254E-05
   157.7      0.2983E-05
   157.8      0.2718E-05
   157.9      0.2464E-05
   158.0      0.2224E-05
   158.1      0.2001E-05
   158.2      0.1798E-05
   158.3      0.1618E-05
   158.4      0.1463E-05
   158.5      0.1336E-05
   158.6      0.1238E-05
   158.7      0.1172E-05
   158.8      0.1137E-05
   158.9      0.1136E-05
   159.0      0.1169E-05
   159.1      0.1236E-05
   159.2      0.1336E-05
   159.3      0.1469E-05
   159.4      0.1634E-05
   159.5      0.1829E-05
   159.6      0.2053E-05
   159.7      0.2302E-05
   159.8      0.2576E-05
   159.9      0.2871E-05
   160.0      0.3183E-05
   160.1      0.3510E-05
   160.2      0.3849E-05
   160.3      0.4194E-05
   160.4      0.4544E-05
   160.5      0.4893E-05
   160.6      0.5239E-05
   160.7      0.5576E-05
   160.8      0.5902E-05
   160.9      0.6213E-05
   161.0      0.6505E-05
   161.1      0.6774E-05
   161.2      0.7019E-05
   161.3      0.7236E-05
   161.4      0.7422E-05
   161.5      0.7576E-05
   161.6      0.7695E-05
   161.7      0.7779E-05
   161.8      0.7825E-05
   161.9      0.7835E-05
   162.0      0.7807E-05
   162.1      0.7742E-05
   162.2      0.7640E-05
   162.3      0.7504E-05
   162.4      0.7333E-05
   162.5      0.7132E-05
   162.6      0.6901E-05
   162.7      0.6643E-05
   162.8      0.6363E-05
   162.9      0.6063E-05
   163.0      0.5746E-05
   163.1      0.5417E-05
   163.2      0.5080E-05
   163.3      0.4739E-05
   163.4      0.4398E-05
   163.5      0.4061E-05
   163.6      0.3734E-05
   163.7      0.3419E-05
   163.8      0.3122E-05
   163.9      0.2845E-05
   164.0      0.2594E-05
   164.1      0.2371E-05
   164.2      0.2179E-05
   164.3      0.2022E-05
   164.4      0.1902E-05
   164.5      0.1821E-05
   164.6      0.1781E-05
   164.7      0.1782E-05
   164.8      0.1826E-05
   164.9      0.1912E-05
   165.0      0.2041E-05
   165.1      0.2212E-05
   165.2      0.2423E-05
   165.3      0.2674E-05
   165.4      0.2960E-05
   165.5      0.3281E-05
   165.6      0.3633E-05
   165.7      0.4013E-05
   165.8      0.4416E-05
   165.9      0.4839E-05
   166.0      0.5278E-05
   166.1      0.5728E-05
   166.2      0.6184E-05
   166.3      0.6642E-05
   166.4      0.7097E-05
   166.5      0.7543E-05
   166.6      0.7977E-05
   166.7      0.8393E-05
   166.8      0.8787E-05
   166.9      0.9155E-05
   167.0      0.9492E-05
   167.1      0.9796E-05
   167.2      0.1006E-04
   167.3      0.1029E-04
   167.4      0.1047E-04
   167.5      0.1061E-04
   167.6      0.1070E-04
   167.7      0.1075E-04
   167.8      0.1075E-04
   167.9      0.1070E-04
   168.0      0.1061E-04
   168.1      0.1047E-04
   168.2      0.1028E-04
   168.3      0.1006E-04
   168.4      0.9799E-05
   168.5      0.9502E-05
   168.6      0.9175E-05
   168.7      0.8822E-05
   168.8      0.8447E-05
   168.9      0.8054E-05
   169.0      0.7650E-05
   169.1      0.7239E-05
   169.2      0.6828E-05
   169.3      0.6421E-05
   169.4      0.6025E-05
   169.5      0.5646E-05
   169.6      0.5287E-05
   169.7      0.4956E-05
   169.8      0.4658E-05
   169.9      0.4396E-05
   170.0      0.4177E-05
   170.1      0.4003E-05
   170.2      0.3879E-05
   170.3      0.3807E-05
   170.4      0.3791E-05
   170.5      0.3833E-05
   170.6      0.3935E-05
   170.7      0.4096E-05
   170.8      0.4318E-05
   170.9      0.4599E-05
   171.0      0.4940E-05
   171.1      0.5338E-05
   171.2      0.5792E-05
   171.3      0.6297E-05
   171.4      0.6851E-05
   171.5      0.7450E-05
   171.6      0.8089E-05
   171.7      0.8764E-05
   171.8      0.9468E-05
   171.9      0.1020E-04
   172.0      0.1094E-04
   172.1      0.1170E-04
   172.2      0.1246E-04
   172.3      0.1322E-04
   172.4      0.1397E-04
   172.5      0.1471E-04
   172.6      0.1543E-04
   172.7      0.1612E-04
   172.8      0.1677E-04
   172.9      0.1739E-04
   173.0      0.1796E-04
   173.1      0.1848E-04
   173.2      0.1895E-04
   173.3      0.1936E-04
   173.4      0.1971E-04
   173.5      0.2000E-04
   173.6      0.2022E-04
   173.7      0.2037E-04
   173.8      0.2046E-04
   173.9      0.2048E-04
   174.0      0.2044E-04
   174.1      0.2033E-04
   174.2      0.2017E-04
   174.3      0.1994E-04
   174.4      0.1967E-04
   174.5      0.1934E-04
   174.6      0.1897E-04
   174.7      0.1857E-04
   174.8      0.1813E-04
   174.9      0.1767E-04
   175.0      0.1719E-04
   175.1      0.1670E-04
   175.2      0.1620E-04
   175.3      0.1571E-04
   175.4      0.1524E-04
   175.5      0.1479E-04
   175.6      0.1436E-04
   175.7      0.1397E-04
   175.8      0.1363E-04
   175.9      0.1333E-04
   176.0      0.1309E-04
   176.1      0.1291E-04
   176.2      0.1281E-04
   176.3      0.1277E-04
   176.4      0.1281E-04
   176.5      0.1293E-04
   176.6      0.1314E-04
   176.7      0.1343E-04
   176.8      0.1380E-04
   176.9      0.1426E-04
   177.0      0.1480E-04
   177.1      0.1543E-04
   177.2      0.1614E-04
   177.3      0.1692E-04
   177.4      0.1778E-04
   177.5      0.1871E-04
   177.6      0.1970E-04
   177.7      0.2074E-04
   177.8      0.2183E-04
   177.9      0.2297E-04
   178.0      0.2413E-04
   178.1      0.2532E-04
   178.2      0.2653E-04
   178.3      0.2774E-04
   178.4      0.2894E-04
   178.5      0.3014E-04
   178.6      0.3131E-04
   178.7      0.3245E-04
   178.8      0.3355E-04
   178.9      0.3460E-04
   179.0      0.3558E-04
   179.1      0.3651E-04
   179.2      0.3735E-04
   179.3      0.3812E-04
   179.4      0.3879E-04
   179.5      0.3938E-04
   179.6      0.3986E-04
   179.7      0.4024E-04
   179.8      0.4051E-04
   179.9      0.4068E-04
   180.0      0.4073E-04
 END
