#1801 angles,  1 tensor ranks for 0=projectile
@subtitle   "12C(7Li,6Li)13C @ Ed=42 MeV;"                                                  
@legend ON
@legend x1 0.2
@legend y1 0.8
@g0 type LOGY
@yaxis ticklabel format power
@legend string   0 "Lab energy =   42.0000"
#legend string   0 "Partition=  2 Excit=  4 near/far= 1"
#  Theta       sigma       iT11        T20         T21         T22         Kyy for projectile
   0.000       3.005    
  0.1000       3.004    
  0.2000       3.004    
  0.3000       3.003    
  0.4000       3.002    
  0.5000       3.001    
  0.6000       3.000    
  0.7000       2.998    
  0.8000       2.996    
  0.9000       2.994    
   1.000       2.992    
   1.100       2.989    
   1.200       2.986    
   1.300       2.983    
   1.400       2.980    
   1.500       2.976    
   1.600       2.972    
   1.700       2.968    
   1.800       2.964    
   1.900       2.959    
   2.000       2.954    
   2.100       2.949    
   2.200       2.944    
   2.300       2.939    
   2.400       2.933    
   2.500       2.927    
   2.600       2.921    
   2.700       2.915    
   2.800       2.908    
   2.900       2.902    
   3.000       2.895    
   3.100       2.888    
   3.200       2.880    
   3.300       2.873    
   3.400       2.865    
   3.500       2.858    
   3.600       2.850    
   3.700       2.842    
   3.800       2.833    
   3.900       2.825    
   4.000       2.816    
   4.100       2.807    
   4.200       2.799    
   4.300       2.789    
   4.400       2.780    
   4.500       2.771    
   4.600       2.761    
   4.700       2.752    
   4.800       2.742    
   4.900       2.732    
   5.000       2.722    
   5.100       2.711    
   5.200       2.701    
   5.300       2.690    
   5.400       2.680    
   5.500       2.669    
   5.600       2.658    
   5.700       2.647    
   5.800       2.636    
   5.900       2.624    
   6.000       2.613    
   6.100       2.601    
   6.200       2.589    
   6.300       2.577    
   6.400       2.565    
   6.500       2.553    
   6.600       2.541    
   6.700       2.528    
   6.800       2.516    
   6.900       2.503    
   7.000       2.490    
   7.100       2.477    
   7.200       2.464    
   7.300       2.451    
   7.400       2.437    
   7.500       2.424    
   7.600       2.410    
   7.700       2.396    
   7.800       2.382    
   7.900       2.368    
   8.000       2.354    
   8.100       2.340    
   8.200       2.325    
   8.300       2.311    
   8.400       2.296    
   8.500       2.281    
   8.600       2.266    
   8.700       2.251    
   8.800       2.236    
   8.900       2.221    
   9.000       2.206    
   9.100       2.190    
   9.200       2.175    
   9.300       2.159    
   9.400       2.143    
   9.500       2.127    
   9.600       2.111    
   9.700       2.095    
   9.800       2.079    
   9.900       2.063    
   10.00       2.046    
   10.10       2.030    
   10.20       2.013    
   10.30       1.997    
   10.40       1.980    
   10.50       1.964    
   10.60       1.947    
   10.70       1.930    
   10.80       1.913    
   10.90       1.896    
   11.00       1.879    
   11.10       1.862    
   11.20       1.845    
   11.30       1.828    
   11.40       1.811    
   11.50       1.794    
   11.60       1.777    
   11.70       1.760    
   11.80       1.743    
   11.90       1.725    
   12.00       1.708    
   12.10       1.691    
   12.20       1.674    
   12.30       1.657    
   12.40       1.639    
   12.50       1.622    
   12.60       1.605    
   12.70       1.588    
   12.80       1.571    
   12.90       1.554    
   13.00       1.537    
   13.10       1.520    
   13.20       1.503    
   13.30       1.486    
   13.40       1.469    
   13.50       1.452    
   13.60       1.435    
   13.70       1.419    
   13.80       1.402    
   13.90       1.385    
   14.00       1.369    
   14.10       1.352    
   14.20       1.336    
   14.30       1.319    
   14.40       1.303    
   14.50       1.287    
   14.60       1.271    
   14.70       1.254    
   14.80       1.238    
   14.90       1.223    
   15.00       1.207    
   15.10       1.191    
   15.20       1.175    
   15.30       1.160    
   15.40       1.144    
   15.50       1.129    
   15.60       1.113    
   15.70       1.098    
   15.80       1.083    
   15.90       1.068    
   16.00       1.053    
   16.10       1.038    
   16.20       1.024    
   16.30       1.009    
   16.40      0.9948    
   16.50      0.9805    
   16.60      0.9663    
   16.70      0.9522    
   16.80      0.9382    
   16.90      0.9243    
   17.00      0.9106    
   17.10      0.8970    
   17.20      0.8835    
   17.30      0.8702    
   17.40      0.8570    
   17.50      0.8439    
   17.60      0.8310    
   17.70      0.8182    
   17.80      0.8056    
   17.90      0.7930    
   18.00      0.7807    
   18.10      0.7685    
   18.20      0.7564    
   18.30      0.7445    
   18.40      0.7327    
   18.50      0.7211    
   18.60      0.7096    
   18.70      0.6983    
   18.80      0.6871    
   18.90      0.6761    
   19.00      0.6653    
   19.10      0.6546    
   19.20      0.6440    
   19.30      0.6337    
   19.40      0.6235    
   19.50      0.6134    
   19.60      0.6035    
   19.70      0.5938    
   19.80      0.5843    
   19.90      0.5749    
   20.00      0.5656    
   20.10      0.5566    
   20.20      0.5477    
   20.30      0.5389    
   20.40      0.5304    
   20.50      0.5219    
   20.60      0.5137    
   20.70      0.5056    
   20.80      0.4977    
   20.90      0.4899    
   21.00      0.4823    
   21.10      0.4748    
   21.20      0.4676    
   21.30      0.4604    
   21.40      0.4534    
   21.50      0.4466    
   21.60      0.4399    
   21.70      0.4334    
   21.80      0.4270    
   21.90      0.4208    
   22.00      0.4147    
   22.10      0.4088    
   22.20      0.4030    
   22.30      0.3973    
   22.40      0.3918    
   22.50      0.3864    
   22.60      0.3812    
   22.70      0.3760    
   22.80      0.3710    
   22.90      0.3662    
   23.00      0.3614    
   23.10      0.3568    
   23.20      0.3523    
   23.30      0.3479    
   23.40      0.3436    
   23.50      0.3394    
   23.60      0.3354    
   23.70      0.3314    
   23.80      0.3275    
   23.90      0.3238    
   24.00      0.3201    
   24.10      0.3166    
   24.20      0.3131    
   24.30      0.3097    
   24.40      0.3064    
   24.50      0.3032    
   24.60      0.3000    
   24.70      0.2970    
   24.80      0.2940    
   24.90      0.2911    
   25.00      0.2882    
   25.10      0.2855    
   25.20      0.2828    
   25.30      0.2801    
   25.40      0.2775    
   25.50      0.2750    
   25.60      0.2725    
   25.70      0.2701    
   25.80      0.2678    
   25.90      0.2654    
   26.00      0.2632    
   26.10      0.2610    
   26.20      0.2588    
   26.30      0.2566    
   26.40      0.2545    
   26.50      0.2525    
   26.60      0.2504    
   26.70      0.2485    
   26.80      0.2465    
   26.90      0.2446    
   27.00      0.2427    
   27.10      0.2408    
   27.20      0.2389    
   27.30      0.2371    
   27.40      0.2353    
   27.50      0.2335    
   27.60      0.2318    
   27.70      0.2300    
   27.80      0.2283    
   27.90      0.2266    
   28.00      0.2249    
   28.10      0.2232    
   28.20      0.2216    
   28.30      0.2199    
   28.40      0.2183    
   28.50      0.2166    
   28.60      0.2150    
   28.70      0.2134    
   28.80      0.2118    
   28.90      0.2102    
   29.00      0.2086    
   29.10      0.2071    
   29.20      0.2055    
   29.30      0.2039    
   29.40      0.2023    
   29.50      0.2008    
   29.60      0.1992    
   29.70      0.1977    
   29.80      0.1961    
   29.90      0.1945    
   30.00      0.1930    
   30.10      0.1914    
   30.20      0.1899    
   30.30      0.1883    
   30.40      0.1868    
   30.50      0.1852    
   30.60      0.1837    
   30.70      0.1821    
   30.80      0.1806    
   30.90      0.1790    
   31.00      0.1775    
   31.10      0.1759    
   31.20      0.1744    
   31.30      0.1728    
   31.40      0.1712    
   31.50      0.1697    
   31.60      0.1681    
   31.70      0.1665    
   31.80      0.1650    
   31.90      0.1634    
   32.00      0.1618    
   32.10      0.1603    
   32.20      0.1587    
   32.30      0.1571    
   32.40      0.1555    
   32.50      0.1539    
   32.60      0.1524    
   32.70      0.1508    
   32.80      0.1492    
   32.90      0.1476    
   33.00      0.1460    
   33.10      0.1444    
   33.20      0.1429    
   33.30      0.1413    
   33.40      0.1397    
   33.50      0.1381    
   33.60      0.1365    
   33.70      0.1350    
   33.80      0.1334    
   33.90      0.1318    
   34.00      0.1302    
   34.10      0.1287    
   34.20      0.1271    
   34.30      0.1256    
   34.40      0.1240    
   34.50      0.1225    
   34.60      0.1209    
   34.70      0.1194    
   34.80      0.1178    
   34.90      0.1163    
   35.00      0.1148    
   35.10      0.1133    
   35.20      0.1118    
   35.30      0.1103    
   35.40      0.1089    
   35.50      0.1074    
   35.60      0.1059    
   35.70      0.1045    
   35.80      0.1031    
   35.90      0.1016    
   36.00      0.1002    
   36.10      0.9884E-01
   36.20      0.9746E-01
   36.30      0.9610E-01
   36.40      0.9475E-01
   36.50      0.9341E-01
   36.60      0.9209E-01
   36.70      0.9079E-01
   36.80      0.8950E-01
   36.90      0.8823E-01
   37.00      0.8698E-01
   37.10      0.8574E-01
   37.20      0.8453E-01
   37.30      0.8333E-01
   37.40      0.8215E-01
   37.50      0.8098E-01
   37.60      0.7984E-01
   37.70      0.7872E-01
   37.80      0.7761E-01
   37.90      0.7653E-01
   38.00      0.7546E-01
   38.10      0.7441E-01
   38.20      0.7339E-01
   38.30      0.7238E-01
   38.40      0.7140E-01
   38.50      0.7043E-01
   38.60      0.6948E-01
   38.70      0.6856E-01
   38.80      0.6765E-01
   38.90      0.6676E-01
   39.00      0.6590E-01
   39.10      0.6505E-01
   39.20      0.6422E-01
   39.30      0.6341E-01
   39.40      0.6262E-01
   39.50      0.6185E-01
   39.60      0.6110E-01
   39.70      0.6036E-01
   39.80      0.5965E-01
   39.90      0.5895E-01
   40.00      0.5827E-01
   40.10      0.5761E-01
   40.20      0.5696E-01
   40.30      0.5633E-01
   40.40      0.5572E-01
   40.50      0.5512E-01
   40.60      0.5454E-01
   40.70      0.5397E-01
   40.80      0.5342E-01
   40.90      0.5288E-01
   41.00      0.5236E-01
   41.10      0.5185E-01
   41.20      0.5135E-01
   41.30      0.5087E-01
   41.40      0.5040E-01
   41.50      0.4994E-01
   41.60      0.4949E-01
   41.70      0.4905E-01
   41.80      0.4862E-01
   41.90      0.4821E-01
   42.00      0.4780E-01
   42.10      0.4740E-01
   42.20      0.4702E-01
   42.30      0.4664E-01
   42.40      0.4626E-01
   42.50      0.4590E-01
   42.60      0.4555E-01
   42.70      0.4520E-01
   42.80      0.4485E-01
   42.90      0.4452E-01
   43.00      0.4419E-01
   43.10      0.4387E-01
   43.20      0.4355E-01
   43.30      0.4324E-01
   43.40      0.4293E-01
   43.50      0.4262E-01
   43.60      0.4233E-01
   43.70      0.4203E-01
   43.80      0.4174E-01
   43.90      0.4145E-01
   44.00      0.4117E-01
   44.10      0.4089E-01
   44.20      0.4061E-01
   44.30      0.4034E-01
   44.40      0.4007E-01
   44.50      0.3980E-01
   44.60      0.3953E-01
   44.70      0.3926E-01
   44.80      0.3900E-01
   44.90      0.3874E-01
   45.00      0.3848E-01
   45.10      0.3822E-01
   45.20      0.3797E-01
   45.30      0.3771E-01
   45.40      0.3746E-01
   45.50      0.3721E-01
   45.60      0.3696E-01
   45.70      0.3671E-01
   45.80      0.3646E-01
   45.90      0.3621E-01
   46.00      0.3596E-01
   46.10      0.3572E-01
   46.20      0.3547E-01
   46.30      0.3523E-01
   46.40      0.3498E-01
   46.50      0.3474E-01
   46.60      0.3449E-01
   46.70      0.3425E-01
   46.80      0.3401E-01
   46.90      0.3377E-01
   47.00      0.3352E-01
   47.10      0.3328E-01
   47.20      0.3304E-01
   47.30      0.3280E-01
   47.40      0.3256E-01
   47.50      0.3232E-01
   47.60      0.3208E-01
   47.70      0.3183E-01
   47.80      0.3159E-01
   47.90      0.3135E-01
   48.00      0.3111E-01
   48.10      0.3087E-01
   48.20      0.3063E-01
   48.30      0.3038E-01
   48.40      0.3014E-01
   48.50      0.2990E-01
   48.60      0.2965E-01
   48.70      0.2941E-01
   48.80      0.2916E-01
   48.90      0.2892E-01
   49.00      0.2867E-01
   49.10      0.2843E-01
   49.20      0.2818E-01
   49.30      0.2793E-01
   49.40      0.2768E-01
   49.50      0.2744E-01
   49.60      0.2719E-01
   49.70      0.2694E-01
   49.80      0.2668E-01
   49.90      0.2643E-01
   50.00      0.2618E-01
   50.10      0.2593E-01
   50.20      0.2567E-01
   50.30      0.2542E-01
   50.40      0.2516E-01
   50.50      0.2490E-01
   50.60      0.2465E-01
   50.70      0.2439E-01
   50.80      0.2413E-01
   50.90      0.2387E-01
   51.00      0.2361E-01
   51.10      0.2335E-01
   51.20      0.2309E-01
   51.30      0.2283E-01
   51.40      0.2257E-01
   51.50      0.2231E-01
   51.60      0.2204E-01
   51.70      0.2178E-01
   51.80      0.2152E-01
   51.90      0.2126E-01
   52.00      0.2100E-01
   52.10      0.2073E-01
   52.20      0.2047E-01
   52.30      0.2021E-01
   52.40      0.1995E-01
   52.50      0.1969E-01
   52.60      0.1944E-01
   52.70      0.1918E-01
   52.80      0.1892E-01
   52.90      0.1867E-01
   53.00      0.1842E-01
   53.10      0.1816E-01
   53.20      0.1792E-01
   53.30      0.1767E-01
   53.40      0.1742E-01
   53.50      0.1718E-01
   53.60      0.1694E-01
   53.70      0.1670E-01
   53.80      0.1646E-01
   53.90      0.1622E-01
   54.00      0.1599E-01
   54.10      0.1576E-01
   54.20      0.1554E-01
   54.30      0.1532E-01
   54.40      0.1510E-01
   54.50      0.1488E-01
   54.60      0.1467E-01
   54.70      0.1446E-01
   54.80      0.1425E-01
   54.90      0.1405E-01
   55.00      0.1385E-01
   55.10      0.1366E-01
   55.20      0.1347E-01
   55.30      0.1328E-01
   55.40      0.1310E-01
   55.50      0.1292E-01
   55.60      0.1275E-01
   55.70      0.1258E-01
   55.80      0.1242E-01
   55.90      0.1225E-01
   56.00      0.1210E-01
   56.10      0.1194E-01
   56.20      0.1179E-01
   56.30      0.1165E-01
   56.40      0.1151E-01
   56.50      0.1137E-01
   56.60      0.1124E-01
   56.70      0.1111E-01
   56.80      0.1099E-01
   56.90      0.1087E-01
   57.00      0.1075E-01
   57.10      0.1064E-01
   57.20      0.1053E-01
   57.30      0.1042E-01
   57.40      0.1032E-01
   57.50      0.1022E-01
   57.60      0.1012E-01
   57.70      0.1003E-01
   57.80      0.9943E-02
   57.90      0.9856E-02
   58.00      0.9773E-02
   58.10      0.9692E-02
   58.20      0.9614E-02
   58.30      0.9539E-02
   58.40      0.9466E-02
   58.50      0.9395E-02
   58.60      0.9327E-02
   58.70      0.9261E-02
   58.80      0.9196E-02
   58.90      0.9134E-02
   59.00      0.9073E-02
   59.10      0.9014E-02
   59.20      0.8957E-02
   59.30      0.8900E-02
   59.40      0.8846E-02
   59.50      0.8792E-02
   59.60      0.8740E-02
   59.70      0.8688E-02
   59.80      0.8638E-02
   59.90      0.8588E-02
   60.00      0.8539E-02
   60.10      0.8491E-02
   60.20      0.8444E-02
   60.30      0.8397E-02
   60.40      0.8350E-02
   60.50      0.8304E-02
   60.60      0.8259E-02
   60.70      0.8214E-02
   60.80      0.8169E-02
   60.90      0.8124E-02
   61.00      0.8079E-02
   61.10      0.8035E-02
   61.20      0.7991E-02
   61.30      0.7947E-02
   61.40      0.7903E-02
   61.50      0.7859E-02
   61.60      0.7815E-02
   61.70      0.7771E-02
   61.80      0.7728E-02
   61.90      0.7684E-02
   62.00      0.7641E-02
   62.10      0.7597E-02
   62.20      0.7554E-02
   62.30      0.7511E-02
   62.40      0.7467E-02
   62.50      0.7424E-02
   62.60      0.7381E-02
   62.70      0.7338E-02
   62.80      0.7296E-02
   62.90      0.7253E-02
   63.00      0.7211E-02
   63.10      0.7168E-02
   63.20      0.7126E-02
   63.30      0.7084E-02
   63.40      0.7043E-02
   63.50      0.7001E-02
   63.60      0.6960E-02
   63.70      0.6919E-02
   63.80      0.6878E-02
   63.90      0.6838E-02
   64.00      0.6797E-02
   64.10      0.6757E-02
   64.20      0.6718E-02
   64.30      0.6678E-02
   64.40      0.6639E-02
   64.50      0.6600E-02
   64.60      0.6561E-02
   64.70      0.6522E-02
   64.80      0.6484E-02
   64.90      0.6446E-02
   65.00      0.6408E-02
   65.10      0.6370E-02
   65.20      0.6332E-02
   65.30      0.6295E-02
   65.40      0.6257E-02
   65.50      0.6220E-02
   65.60      0.6182E-02
   65.70      0.6145E-02
   65.80      0.6107E-02
   65.90      0.6070E-02
   66.00      0.6032E-02
   66.10      0.5995E-02
   66.20      0.5957E-02
   66.30      0.5919E-02
   66.40      0.5881E-02
   66.50      0.5842E-02
   66.60      0.5803E-02
   66.70      0.5764E-02
   66.80      0.5725E-02
   66.90      0.5685E-02
   67.00      0.5645E-02
   67.10      0.5604E-02
   67.20      0.5563E-02
   67.30      0.5522E-02
   67.40      0.5480E-02
   67.50      0.5437E-02
   67.60      0.5394E-02
   67.70      0.5351E-02
   67.80      0.5306E-02
   67.90      0.5262E-02
   68.00      0.5216E-02
   68.10      0.5170E-02
   68.20      0.5124E-02
   68.30      0.5076E-02
   68.40      0.5028E-02
   68.50      0.4980E-02
   68.60      0.4931E-02
   68.70      0.4881E-02
   68.80      0.4831E-02
   68.90      0.4780E-02
   69.00      0.4729E-02
   69.10      0.4677E-02
   69.20      0.4625E-02
   69.30      0.4572E-02
   69.40      0.4519E-02
   69.50      0.4466E-02
   69.60      0.4412E-02
   69.70      0.4357E-02
   69.80      0.4303E-02
   69.90      0.4248E-02
   70.00      0.4193E-02
   70.10      0.4138E-02
   70.20      0.4082E-02
   70.30      0.4027E-02
   70.40      0.3971E-02
   70.50      0.3916E-02
   70.60      0.3861E-02
   70.70      0.3806E-02
   70.80      0.3751E-02
   70.90      0.3696E-02
   71.00      0.3641E-02
   71.10      0.3587E-02
   71.20      0.3533E-02
   71.30      0.3480E-02
   71.40      0.3427E-02
   71.50      0.3375E-02
   71.60      0.3323E-02
   71.70      0.3272E-02
   71.80      0.3222E-02
   71.90      0.3172E-02
   72.00      0.3123E-02
   72.10      0.3075E-02
   72.20      0.3027E-02
   72.30      0.2981E-02
   72.40      0.2935E-02
   72.50      0.2891E-02
   72.60      0.2847E-02
   72.70      0.2805E-02
   72.80      0.2763E-02
   72.90      0.2722E-02
   73.00      0.2683E-02
   73.10      0.2644E-02
   73.20      0.2607E-02
   73.30      0.2571E-02
   73.40      0.2536E-02
   73.50      0.2501E-02
   73.60      0.2468E-02
   73.70      0.2436E-02
   73.80      0.2406E-02
   73.90      0.2376E-02
   74.00      0.2347E-02
   74.10      0.2320E-02
   74.20      0.2293E-02
   74.30      0.2268E-02
   74.40      0.2243E-02
   74.50      0.2219E-02
   74.60      0.2197E-02
   74.70      0.2175E-02
   74.80      0.2155E-02
   74.90      0.2135E-02
   75.00      0.2116E-02
   75.10      0.2097E-02
   75.20      0.2080E-02
   75.30      0.2063E-02
   75.40      0.2048E-02
   75.50      0.2032E-02
   75.60      0.2018E-02
   75.70      0.2004E-02
   75.80      0.1990E-02
   75.90      0.1977E-02
   76.00      0.1965E-02
   76.10      0.1953E-02
   76.20      0.1942E-02
   76.30      0.1931E-02
   76.40      0.1920E-02
   76.50      0.1910E-02
   76.60      0.1899E-02
   76.70      0.1890E-02
   76.80      0.1880E-02
   76.90      0.1871E-02
   77.00      0.1862E-02
   77.10      0.1853E-02
   77.20      0.1844E-02
   77.30      0.1835E-02
   77.40      0.1826E-02
   77.50      0.1817E-02
   77.60      0.1809E-02
   77.70      0.1800E-02
   77.80      0.1792E-02
   77.90      0.1783E-02
   78.00      0.1775E-02
   78.10      0.1766E-02
   78.20      0.1757E-02
   78.30      0.1749E-02
   78.40      0.1740E-02
   78.50      0.1731E-02
   78.60      0.1723E-02
   78.70      0.1714E-02
   78.80      0.1705E-02
   78.90      0.1696E-02
   79.00      0.1688E-02
   79.10      0.1679E-02
   79.20      0.1670E-02
   79.30      0.1661E-02
   79.40      0.1652E-02
   79.50      0.1643E-02
   79.60      0.1634E-02
   79.70      0.1626E-02
   79.80      0.1617E-02
   79.90      0.1608E-02
   80.00      0.1600E-02
   80.10      0.1591E-02
   80.20      0.1583E-02
   80.30      0.1574E-02
   80.40      0.1566E-02
   80.50      0.1558E-02
   80.60      0.1550E-02
   80.70      0.1542E-02
   80.80      0.1534E-02
   80.90      0.1527E-02
   81.00      0.1519E-02
   81.10      0.1512E-02
   81.20      0.1505E-02
   81.30      0.1498E-02
   81.40      0.1492E-02
   81.50      0.1485E-02
   81.60      0.1479E-02
   81.70      0.1473E-02
   81.80      0.1467E-02
   81.90      0.1461E-02
   82.00      0.1455E-02
   82.10      0.1450E-02
   82.20      0.1445E-02
   82.30      0.1440E-02
   82.40      0.1435E-02
   82.50      0.1430E-02
   82.60      0.1425E-02
   82.70      0.1421E-02
   82.80      0.1417E-02
   82.90      0.1412E-02
   83.00      0.1408E-02
   83.10      0.1404E-02
   83.20      0.1400E-02
   83.30      0.1396E-02
   83.40      0.1392E-02
   83.50      0.1388E-02
   83.60      0.1384E-02
   83.70      0.1380E-02
   83.80      0.1376E-02
   83.90      0.1372E-02
   84.00      0.1368E-02
   84.10      0.1363E-02
   84.20      0.1359E-02
   84.30      0.1354E-02
   84.40      0.1350E-02
   84.50      0.1345E-02
   84.60      0.1340E-02
   84.70      0.1335E-02
   84.80      0.1329E-02
   84.90      0.1324E-02
   85.00      0.1318E-02
   85.10      0.1312E-02
   85.20      0.1306E-02
   85.30      0.1299E-02
   85.40      0.1292E-02
   85.50      0.1285E-02
   85.60      0.1278E-02
   85.70      0.1270E-02
   85.80      0.1263E-02
   85.90      0.1254E-02
   86.00      0.1246E-02
   86.10      0.1237E-02
   86.20      0.1228E-02
   86.30      0.1219E-02
   86.40      0.1209E-02
   86.50      0.1199E-02
   86.60      0.1189E-02
   86.70      0.1179E-02
   86.80      0.1168E-02
   86.90      0.1157E-02
   87.00      0.1146E-02
   87.10      0.1135E-02
   87.20      0.1123E-02
   87.30      0.1111E-02
   87.40      0.1100E-02
   87.50      0.1087E-02
   87.60      0.1075E-02
   87.70      0.1063E-02
   87.80      0.1050E-02
   87.90      0.1037E-02
   88.00      0.1024E-02
   88.10      0.1011E-02
   88.20      0.9983E-03
   88.30      0.9852E-03
   88.40      0.9721E-03
   88.50      0.9589E-03
   88.60      0.9458E-03
   88.70      0.9326E-03
   88.80      0.9194E-03
   88.90      0.9063E-03
   89.00      0.8932E-03
   89.10      0.8802E-03
   89.20      0.8672E-03
   89.30      0.8543E-03
   89.40      0.8416E-03
   89.50      0.8289E-03
   89.60      0.8164E-03
   89.70      0.8040E-03
   89.80      0.7918E-03
   89.90      0.7797E-03
   90.00      0.7678E-03
   90.10      0.7560E-03
   90.20      0.7445E-03
   90.30      0.7331E-03
   90.40      0.7219E-03
   90.50      0.7110E-03
   90.60      0.7002E-03
   90.70      0.6896E-03
   90.80      0.6793E-03
   90.90      0.6692E-03
   91.00      0.6593E-03
   91.10      0.6497E-03
   91.20      0.6403E-03
   91.30      0.6311E-03
   91.40      0.6221E-03
   91.50      0.6134E-03
   91.60      0.6049E-03
   91.70      0.5966E-03
   91.80      0.5885E-03
   91.90      0.5807E-03
   92.00      0.5731E-03
   92.10      0.5657E-03
   92.20      0.5585E-03
   92.30      0.5515E-03
   92.40      0.5448E-03
   92.50      0.5382E-03
   92.60      0.5319E-03
   92.70      0.5257E-03
   92.80      0.5197E-03
   92.90      0.5140E-03
   93.00      0.5084E-03
   93.10      0.5029E-03
   93.20      0.4977E-03
   93.30      0.4926E-03
   93.40      0.4877E-03
   93.50      0.4829E-03
   93.60      0.4783E-03
   93.70      0.4738E-03
   93.80      0.4695E-03
   93.90      0.4653E-03
   94.00      0.4612E-03
   94.10      0.4573E-03
   94.20      0.4535E-03
   94.30      0.4498E-03
   94.40      0.4462E-03
   94.50      0.4427E-03
   94.60      0.4393E-03
   94.70      0.4360E-03
   94.80      0.4329E-03
   94.90      0.4298E-03
   95.00      0.4268E-03
   95.10      0.4239E-03
   95.20      0.4211E-03
   95.30      0.4184E-03
   95.40      0.4157E-03
   95.50      0.4131E-03
   95.60      0.4106E-03
   95.70      0.4082E-03
   95.80      0.4058E-03
   95.90      0.4035E-03
   96.00      0.4013E-03
   96.10      0.3991E-03
   96.20      0.3970E-03
   96.30      0.3950E-03
   96.40      0.3930E-03
   96.50      0.3910E-03
   96.60      0.3892E-03
   96.70      0.3873E-03
   96.80      0.3856E-03
   96.90      0.3839E-03
   97.00      0.3822E-03
   97.10      0.3806E-03
   97.20      0.3790E-03
   97.30      0.3775E-03
   97.40      0.3760E-03
   97.50      0.3746E-03
   97.60      0.3732E-03
   97.70      0.3719E-03
   97.80      0.3706E-03
   97.90      0.3693E-03
   98.00      0.3681E-03
   98.10      0.3669E-03
   98.20      0.3658E-03
   98.30      0.3647E-03
   98.40      0.3636E-03
   98.50      0.3626E-03
   98.60      0.3616E-03
   98.70      0.3606E-03
   98.80      0.3597E-03
   98.90      0.3588E-03
   99.00      0.3579E-03
   99.10      0.3570E-03
   99.20      0.3562E-03
   99.30      0.3554E-03
   99.40      0.3546E-03
   99.50      0.3538E-03
   99.60      0.3531E-03
   99.70      0.3523E-03
   99.80      0.3516E-03
   99.90      0.3508E-03
   100.0      0.3501E-03
   100.1      0.3494E-03
   100.2      0.3487E-03
   100.3      0.3480E-03
   100.4      0.3473E-03
   100.5      0.3466E-03
   100.6      0.3459E-03
   100.7      0.3452E-03
   100.8      0.3444E-03
   100.9      0.3437E-03
   101.0      0.3430E-03
   101.1      0.3422E-03
   101.2      0.3415E-03
   101.3      0.3407E-03
   101.4      0.3399E-03
   101.5      0.3391E-03
   101.6      0.3383E-03
   101.7      0.3374E-03
   101.8      0.3366E-03
   101.9      0.3357E-03
   102.0      0.3348E-03
   102.1      0.3339E-03
   102.2      0.3329E-03
   102.3      0.3320E-03
   102.4      0.3310E-03
   102.5      0.3300E-03
   102.6      0.3290E-03
   102.7      0.3280E-03
   102.8      0.3269E-03
   102.9      0.3259E-03
   103.0      0.3248E-03
   103.1      0.3237E-03
   103.2      0.3225E-03
   103.3      0.3214E-03
   103.4      0.3203E-03
   103.5      0.3191E-03
   103.6      0.3179E-03
   103.7      0.3168E-03
   103.8      0.3156E-03
   103.9      0.3144E-03
   104.0      0.3132E-03
   104.1      0.3119E-03
   104.2      0.3107E-03
   104.3      0.3095E-03
   104.4      0.3083E-03
   104.5      0.3070E-03
   104.6      0.3058E-03
   104.7      0.3046E-03
   104.8      0.3034E-03
   104.9      0.3021E-03
   105.0      0.3009E-03
   105.1      0.2997E-03
   105.2      0.2984E-03
   105.3      0.2972E-03
   105.4      0.2959E-03
   105.5      0.2947E-03
   105.6      0.2935E-03
   105.7      0.2922E-03
   105.8      0.2910E-03
   105.9      0.2897E-03
   106.0      0.2885E-03
   106.1      0.2872E-03
   106.2      0.2859E-03
   106.3      0.2846E-03
   106.4      0.2833E-03
   106.5      0.2820E-03
   106.6      0.2807E-03
   106.7      0.2793E-03
   106.8      0.2779E-03
   106.9      0.2765E-03
   107.0      0.2750E-03
   107.1      0.2735E-03
   107.2      0.2720E-03
   107.3      0.2705E-03
   107.4      0.2688E-03
   107.5      0.2672E-03
   107.6      0.2655E-03
   107.7      0.2638E-03
   107.8      0.2619E-03
   107.9      0.2601E-03
   108.0      0.2582E-03
   108.1      0.2562E-03
   108.2      0.2542E-03
   108.3      0.2521E-03
   108.4      0.2499E-03
   108.5      0.2476E-03
   108.6      0.2453E-03
   108.7      0.2430E-03
   108.8      0.2405E-03
   108.9      0.2380E-03
   109.0      0.2354E-03
   109.1      0.2327E-03
   109.2      0.2300E-03
   109.3      0.2272E-03
   109.4      0.2244E-03
   109.5      0.2215E-03
   109.6      0.2185E-03
   109.7      0.2154E-03
   109.8      0.2123E-03
   109.9      0.2092E-03
   110.0      0.2060E-03
   110.1      0.2028E-03
   110.2      0.1995E-03
   110.3      0.1962E-03
   110.4      0.1928E-03
   110.5      0.1895E-03
   110.6      0.1861E-03
   110.7      0.1827E-03
   110.8      0.1793E-03
   110.9      0.1759E-03
   111.0      0.1725E-03
   111.1      0.1691E-03
   111.2      0.1657E-03
   111.3      0.1624E-03
   111.4      0.1591E-03
   111.5      0.1558E-03
   111.6      0.1526E-03
   111.7      0.1494E-03
   111.8      0.1463E-03
   111.9      0.1433E-03
   112.0      0.1403E-03
   112.1      0.1374E-03
   112.2      0.1346E-03
   112.3      0.1319E-03
   112.4      0.1292E-03
   112.5      0.1267E-03
   112.6      0.1242E-03
   112.7      0.1219E-03
   112.8      0.1197E-03
   112.9      0.1176E-03
   113.0      0.1156E-03
   113.1      0.1137E-03
   113.2      0.1119E-03
   113.3      0.1103E-03
   113.4      0.1088E-03
   113.5      0.1074E-03
   113.6      0.1061E-03
   113.7      0.1049E-03
   113.8      0.1039E-03
   113.9      0.1029E-03
   114.0      0.1021E-03
   114.1      0.1014E-03
   114.2      0.1008E-03
   114.3      0.1003E-03
   114.4      0.9995E-04
   114.5      0.9966E-04
   114.6      0.9947E-04
   114.7      0.9936E-04
   114.8      0.9933E-04
   114.9      0.9938E-04
   115.0      0.9950E-04
   115.1      0.9968E-04
   115.2      0.9992E-04
   115.3      0.1002E-03
   115.4      0.1006E-03
   115.5      0.1009E-03
   115.6      0.1013E-03
   115.7      0.1018E-03
   115.8      0.1022E-03
   115.9      0.1027E-03
   116.0      0.1032E-03
   116.1      0.1036E-03
   116.2      0.1041E-03
   116.3      0.1046E-03
   116.4      0.1050E-03
   116.5      0.1054E-03
   116.6      0.1058E-03
   116.7      0.1061E-03
   116.8      0.1064E-03
   116.9      0.1067E-03
   117.0      0.1069E-03
   117.1      0.1070E-03
   117.2      0.1071E-03
   117.3      0.1072E-03
   117.4      0.1071E-03
   117.5      0.1070E-03
   117.6      0.1069E-03
   117.7      0.1067E-03
   117.8      0.1064E-03
   117.9      0.1061E-03
   118.0      0.1056E-03
   118.1      0.1052E-03
   118.2      0.1046E-03
   118.3      0.1040E-03
   118.4      0.1033E-03
   118.5      0.1026E-03
   118.6      0.1018E-03
   118.7      0.1010E-03
   118.8      0.1001E-03
   118.9      0.9912E-04
   119.0      0.9813E-04
   119.1      0.9709E-04
   119.2      0.9603E-04
   119.3      0.9493E-04
   119.4      0.9380E-04
   119.5      0.9265E-04
   119.6      0.9148E-04
   119.7      0.9030E-04
   119.8      0.8911E-04
   119.9      0.8791E-04
   120.0      0.8672E-04
   120.1      0.8554E-04
   120.2      0.8436E-04
   120.3      0.8321E-04
   120.4      0.8207E-04
   120.5      0.8097E-04
   120.6      0.7989E-04
   120.7      0.7885E-04
   120.8      0.7785E-04
   120.9      0.7689E-04
   121.0      0.7599E-04
   121.1      0.7513E-04
   121.2      0.7433E-04
   121.3      0.7359E-04
   121.4      0.7291E-04
   121.5      0.7229E-04
   121.6      0.7174E-04
   121.7      0.7126E-04
   121.8      0.7085E-04
   121.9      0.7050E-04
   122.0      0.7024E-04
   122.1      0.7004E-04
   122.2      0.6992E-04
   122.3      0.6987E-04
   122.4      0.6990E-04
   122.5      0.6999E-04
   122.6      0.7016E-04
   122.7      0.7040E-04
   122.8      0.7071E-04
   122.9      0.7109E-04
   123.0      0.7154E-04
   123.1      0.7204E-04
   123.2      0.7261E-04
   123.3      0.7323E-04
   123.4      0.7391E-04
   123.5      0.7464E-04
   123.6      0.7541E-04
   123.7      0.7623E-04
   123.8      0.7709E-04
   123.9      0.7798E-04
   124.0      0.7891E-04
   124.1      0.7986E-04
   124.2      0.8083E-04
   124.3      0.8183E-04
   124.4      0.8283E-04
   124.5      0.8384E-04
   124.6      0.8486E-04
   124.7      0.8587E-04
   124.8      0.8687E-04
   124.9      0.8787E-04
   125.0      0.8885E-04
   125.1      0.8980E-04
   125.2      0.9074E-04
   125.3      0.9164E-04
   125.4      0.9251E-04
   125.5      0.9333E-04
   125.6      0.9412E-04
   125.7      0.9486E-04
   125.8      0.9554E-04
   125.9      0.9618E-04
   126.0      0.9675E-04
   126.1      0.9727E-04
   126.2      0.9772E-04
   126.3      0.9810E-04
   126.4      0.9841E-04
   126.5      0.9866E-04
   126.6      0.9883E-04
   126.7      0.9892E-04
   126.8      0.9894E-04
   126.9      0.9889E-04
   127.0      0.9875E-04
   127.1      0.9854E-04
   127.2      0.9825E-04
   127.3      0.9788E-04
   127.4      0.9744E-04
   127.5      0.9692E-04
   127.6      0.9632E-04
   127.7      0.9566E-04
   127.8      0.9492E-04
   127.9      0.9411E-04
   128.0      0.9323E-04
   128.1      0.9229E-04
   128.2      0.9129E-04
   128.3      0.9023E-04
   128.4      0.8912E-04
   128.5      0.8796E-04
   128.6      0.8674E-04
   128.7      0.8549E-04
   128.8      0.8420E-04
   128.9      0.8287E-04
   129.0      0.8151E-04
   129.1      0.8012E-04
   129.2      0.7872E-04
   129.3      0.7729E-04
   129.4      0.7586E-04
   129.5      0.7442E-04
   129.6      0.7297E-04
   129.7      0.7153E-04
   129.8      0.7010E-04
   129.9      0.6867E-04
   130.0      0.6727E-04
   130.1      0.6588E-04
   130.2      0.6452E-04
   130.3      0.6318E-04
   130.4      0.6188E-04
   130.5      0.6061E-04
   130.6      0.5939E-04
   130.7      0.5820E-04
   130.8      0.5706E-04
   130.9      0.5597E-04
   131.0      0.5493E-04
   131.1      0.5394E-04
   131.2      0.5300E-04
   131.3      0.5212E-04
   131.4      0.5130E-04
   131.5      0.5054E-04
   131.6      0.4983E-04
   131.7      0.4918E-04
   131.8      0.4859E-04
   131.9      0.4806E-04
   132.0      0.4759E-04
   132.1      0.4717E-04
   132.2      0.4681E-04
   132.3      0.4650E-04
   132.4      0.4624E-04
   132.5      0.4603E-04
   132.6      0.4587E-04
   132.7      0.4576E-04
   132.8      0.4568E-04
   132.9      0.4565E-04
   133.0      0.4565E-04
   133.1      0.4568E-04
   133.2      0.4574E-04
   133.3      0.4583E-04
   133.4      0.4594E-04
   133.5      0.4607E-04
   133.6      0.4621E-04
   133.7      0.4637E-04
   133.8      0.4653E-04
   133.9      0.4670E-04
   134.0      0.4686E-04
   134.1      0.4702E-04
   134.2      0.4718E-04
   134.3      0.4733E-04
   134.4      0.4746E-04
   134.5      0.4758E-04
   134.6      0.4768E-04
   134.7      0.4776E-04
   134.8      0.4782E-04
   134.9      0.4785E-04
   135.0      0.4785E-04
   135.1      0.4782E-04
   135.2      0.4777E-04
   135.3      0.4768E-04
   135.4      0.4756E-04
   135.5      0.4740E-04
   135.6      0.4722E-04
   135.7      0.4700E-04
   135.8      0.4674E-04
   135.9      0.4645E-04
   136.0      0.4613E-04
   136.1      0.4578E-04
   136.2      0.4540E-04
   136.3      0.4499E-04
   136.4      0.4455E-04
   136.5      0.4408E-04
   136.6      0.4359E-04
   136.7      0.4308E-04
   136.8      0.4255E-04
   136.9      0.4200E-04
   137.0      0.4144E-04
   137.1      0.4086E-04
   137.2      0.4028E-04
   137.3      0.3968E-04
   137.4      0.3908E-04
   137.5      0.3848E-04
   137.6      0.3788E-04
   137.7      0.3729E-04
   137.8      0.3670E-04
   137.9      0.3611E-04
   138.0      0.3554E-04
   138.1      0.3498E-04
   138.2      0.3444E-04
   138.3      0.3391E-04
   138.4      0.3340E-04
   138.5      0.3292E-04
   138.6      0.3245E-04
   138.7      0.3201E-04
   138.8      0.3160E-04
   138.9      0.3121E-04
   139.0      0.3085E-04
   139.1      0.3051E-04
   139.2      0.3021E-04
   139.3      0.2993E-04
   139.4      0.2969E-04
   139.5      0.2947E-04
   139.6      0.2927E-04
   139.7      0.2911E-04
   139.8      0.2898E-04
   139.9      0.2887E-04
   140.0      0.2878E-04
   140.1      0.2872E-04
   140.2      0.2868E-04
   140.3      0.2867E-04
   140.4      0.2867E-04
   140.5      0.2870E-04
   140.6      0.2874E-04
   140.7      0.2879E-04
   140.8      0.2886E-04
   140.9      0.2894E-04
   141.0      0.2903E-04
   141.1      0.2912E-04
   141.2      0.2923E-04
   141.3      0.2933E-04
   141.4      0.2944E-04
   141.5      0.2955E-04
   141.6      0.2966E-04
   141.7      0.2977E-04
   141.8      0.2987E-04
   141.9      0.2996E-04
   142.0      0.3005E-04
   142.1      0.3013E-04
   142.2      0.3020E-04
   142.3      0.3026E-04
   142.4      0.3030E-04
   142.5      0.3034E-04
   142.6      0.3036E-04
   142.7      0.3037E-04
   142.8      0.3037E-04
   142.9      0.3035E-04
   143.0      0.3032E-04
   143.1      0.3027E-04
   143.2      0.3022E-04
   143.3      0.3015E-04
   143.4      0.3006E-04
   143.5      0.2997E-04
   143.6      0.2986E-04
   143.7      0.2974E-04
   143.8      0.2962E-04
   143.9      0.2948E-04
   144.0      0.2934E-04
   144.1      0.2919E-04
   144.2      0.2904E-04
   144.3      0.2889E-04
   144.4      0.2873E-04
   144.5      0.2857E-04
   144.6      0.2841E-04
   144.7      0.2825E-04
   144.8      0.2810E-04
   144.9      0.2795E-04
   145.0      0.2781E-04
   145.1      0.2767E-04
   145.2      0.2754E-04
   145.3      0.2743E-04
   145.4      0.2732E-04
   145.5      0.2722E-04
   145.6      0.2714E-04
   145.7      0.2707E-04
   145.8      0.2701E-04
   145.9      0.2697E-04
   146.0      0.2695E-04
   146.1      0.2694E-04
   146.2      0.2695E-04
   146.3      0.2698E-04
   146.4      0.2703E-04
   146.5      0.2709E-04
   146.6      0.2717E-04
   146.7      0.2727E-04
   146.8      0.2739E-04
   146.9      0.2752E-04
   147.0      0.2768E-04
   147.1      0.2785E-04
   147.2      0.2803E-04
   147.3      0.2824E-04
   147.4      0.2846E-04
   147.5      0.2869E-04
   147.6      0.2894E-04
   147.7      0.2920E-04
   147.8      0.2948E-04
   147.9      0.2977E-04
   148.0      0.3006E-04
   148.1      0.3037E-04
   148.2      0.3069E-04
   148.3      0.3101E-04
   148.4      0.3135E-04
   148.5      0.3168E-04
   148.6      0.3202E-04
   148.7      0.3237E-04
   148.8      0.3272E-04
   148.9      0.3306E-04
   149.0      0.3341E-04
   149.1      0.3376E-04
   149.2      0.3410E-04
   149.3      0.3444E-04
   149.4      0.3477E-04
   149.5      0.3510E-04
   149.6      0.3542E-04
   149.7      0.3573E-04
   149.8      0.3603E-04
   149.9      0.3632E-04
   150.0      0.3660E-04
   150.1      0.3687E-04
   150.2      0.3712E-04
   150.3      0.3735E-04
   150.4      0.3757E-04
   150.5      0.3778E-04
   150.6      0.3796E-04
   150.7      0.3813E-04
   150.8      0.3827E-04
   150.9      0.3840E-04
   151.0      0.3850E-04
   151.1      0.3858E-04
   151.2      0.3864E-04
   151.3      0.3868E-04
   151.4      0.3869E-04
   151.5      0.3868E-04
   151.6      0.3864E-04
   151.7      0.3858E-04
   151.8      0.3850E-04
   151.9      0.3839E-04
   152.0      0.3825E-04
   152.1      0.3809E-04
   152.2      0.3790E-04
   152.3      0.3769E-04
   152.4      0.3745E-04
   152.5      0.3719E-04
   152.6      0.3690E-04
   152.7      0.3659E-04
   152.8      0.3626E-04
   152.9      0.3591E-04
   153.0      0.3553E-04
   153.1      0.3513E-04
   153.2      0.3472E-04
   153.3      0.3428E-04
   153.4      0.3383E-04
   153.5      0.3336E-04
   153.6      0.3288E-04
   153.7      0.3239E-04
   153.8      0.3188E-04
   153.9      0.3137E-04
   154.0      0.3084E-04
   154.1      0.3031E-04
   154.2      0.2977E-04
   154.3      0.2924E-04
   154.4      0.2870E-04
   154.5      0.2816E-04
   154.6      0.2762E-04
   154.7      0.2709E-04
   154.8      0.2657E-04
   154.9      0.2606E-04
   155.0      0.2555E-04
   155.1      0.2506E-04
   155.2      0.2459E-04
   155.3      0.2413E-04
   155.4      0.2369E-04
   155.5      0.2326E-04
   155.6      0.2286E-04
   155.7      0.2249E-04
   155.8      0.2214E-04
   155.9      0.2181E-04
   156.0      0.2151E-04
   156.1      0.2124E-04
   156.2      0.2100E-04
   156.3      0.2079E-04
   156.4      0.2061E-04
   156.5      0.2046E-04
   156.6      0.2034E-04
   156.7      0.2025E-04
   156.8      0.2020E-04
   156.9      0.2018E-04
   157.0      0.2018E-04
   157.1      0.2022E-04
   157.2      0.2029E-04
   157.3      0.2039E-04
   157.4      0.2052E-04
   157.5      0.2067E-04
   157.6      0.2085E-04
   157.7      0.2106E-04
   157.8      0.2129E-04
   157.9      0.2153E-04
   158.0      0.2180E-04
   158.1      0.2209E-04
   158.2      0.2239E-04
   158.3      0.2270E-04
   158.4      0.2303E-04
   158.5      0.2336E-04
   158.6      0.2370E-04
   158.7      0.2404E-04
   158.8      0.2439E-04
   158.9      0.2473E-04
   159.0      0.2507E-04
   159.1      0.2541E-04
   159.2      0.2574E-04
   159.3      0.2606E-04
   159.4      0.2637E-04
   159.5      0.2666E-04
   159.6      0.2693E-04
   159.7      0.2719E-04
   159.8      0.2743E-04
   159.9      0.2765E-04
   160.0      0.2784E-04
   160.1      0.2801E-04
   160.2      0.2816E-04
   160.3      0.2828E-04
   160.4      0.2837E-04
   160.5      0.2843E-04
   160.6      0.2847E-04
   160.7      0.2848E-04
   160.8      0.2845E-04
   160.9      0.2840E-04
   161.0      0.2832E-04
   161.1      0.2822E-04
   161.2      0.2808E-04
   161.3      0.2792E-04
   161.4      0.2774E-04
   161.5      0.2753E-04
   161.6      0.2729E-04
   161.7      0.2704E-04
   161.8      0.2676E-04
   161.9      0.2646E-04
   162.0      0.2615E-04
   162.1      0.2582E-04
   162.2      0.2548E-04
   162.3      0.2513E-04
   162.4      0.2477E-04
   162.5      0.2440E-04
   162.6      0.2403E-04
   162.7      0.2365E-04
   162.8      0.2327E-04
   162.9      0.2289E-04
   163.0      0.2252E-04
   163.1      0.2215E-04
   163.2      0.2178E-04
   163.3      0.2143E-04
   163.4      0.2108E-04
   163.5      0.2075E-04
   163.6      0.2043E-04
   163.7      0.2013E-04
   163.8      0.1984E-04
   163.9      0.1957E-04
   164.0      0.1932E-04
   164.1      0.1909E-04
   164.2      0.1888E-04
   164.3      0.1870E-04
   164.4      0.1853E-04
   164.5      0.1839E-04
   164.6      0.1827E-04
   164.7      0.1817E-04
   164.8      0.1810E-04
   164.9      0.1805E-04
   165.0      0.1802E-04
   165.1      0.1802E-04
   165.2      0.1804E-04
   165.3      0.1808E-04
   165.4      0.1815E-04
   165.5      0.1823E-04
   165.6      0.1834E-04
   165.7      0.1846E-04
   165.8      0.1861E-04
   165.9      0.1877E-04
   166.0      0.1895E-04
   166.1      0.1915E-04
   166.2      0.1936E-04
   166.3      0.1959E-04
   166.4      0.1983E-04
   166.5      0.2008E-04
   166.6      0.2035E-04
   166.7      0.2063E-04
   166.8      0.2091E-04
   166.9      0.2121E-04
   167.0      0.2152E-04
   167.1      0.2184E-04
   167.2      0.2216E-04
   167.3      0.2249E-04
   167.4      0.2283E-04
   167.5      0.2318E-04
   167.6      0.2353E-04
   167.7      0.2389E-04
   167.8      0.2426E-04
   167.9      0.2463E-04
   168.0      0.2501E-04
   168.1      0.2539E-04
   168.2      0.2578E-04
   168.3      0.2618E-04
   168.4      0.2658E-04
   168.5      0.2698E-04
   168.6      0.2740E-04
   168.7      0.2782E-04
   168.8      0.2825E-04
   168.9      0.2868E-04
   169.0      0.2912E-04
   169.1      0.2957E-04
   169.2      0.3003E-04
   169.3      0.3049E-04
   169.4      0.3096E-04
   169.5      0.3144E-04
   169.6      0.3193E-04
   169.7      0.3243E-04
   169.8      0.3293E-04
   169.9      0.3345E-04
   170.0      0.3396E-04
   170.1      0.3449E-04
   170.2      0.3503E-04
   170.3      0.3557E-04
   170.4      0.3611E-04
   170.5      0.3667E-04
   170.6      0.3722E-04
   170.7      0.3779E-04
   170.8      0.3835E-04
   170.9      0.3892E-04
   171.0      0.3949E-04
   171.1      0.4007E-04
   171.2      0.4064E-04
   171.3      0.4121E-04
   171.4      0.4178E-04
   171.5      0.4235E-04
   171.6      0.4291E-04
   171.7      0.4348E-04
   171.8      0.4403E-04
   171.9      0.4458E-04
   172.0      0.4512E-04
   172.1      0.4565E-04
   172.2      0.4617E-04
   172.3      0.4668E-04
   172.4      0.4718E-04
   172.5      0.4767E-04
   172.6      0.4814E-04
   172.7      0.4861E-04
   172.8      0.4905E-04
   172.9      0.4949E-04
   173.0      0.4990E-04
   173.1      0.5030E-04
   173.2      0.5069E-04
   173.3      0.5106E-04
   173.4      0.5142E-04
   173.5      0.5175E-04
   173.6      0.5208E-04
   173.7      0.5239E-04
   173.8      0.5268E-04
   173.9      0.5296E-04
   174.0      0.5323E-04
   174.1      0.5348E-04
   174.2      0.5372E-04
   174.3      0.5395E-04
   174.4      0.5417E-04
   174.5      0.5438E-04
   174.6      0.5458E-04
   174.7      0.5478E-04
   174.8      0.5497E-04
   174.9      0.5515E-04
   175.0      0.5533E-04
   175.1      0.5550E-04
   175.2      0.5568E-04
   175.3      0.5586E-04
   175.4      0.5603E-04
   175.5      0.5621E-04
   175.6      0.5639E-04
   175.7      0.5657E-04
   175.8      0.5676E-04
   175.9      0.5695E-04
   176.0      0.5715E-04
   176.1      0.5736E-04
   176.2      0.5758E-04
   176.3      0.5780E-04
   176.4      0.5803E-04
   176.5      0.5827E-04
   176.6      0.5851E-04
   176.7      0.5877E-04
   176.8      0.5903E-04
   176.9      0.5931E-04
   177.0      0.5958E-04
   177.1      0.5987E-04
   177.2      0.6016E-04
   177.3      0.6046E-04
   177.4      0.6077E-04
   177.5      0.6107E-04
   177.6      0.6138E-04
   177.7      0.6170E-04
   177.8      0.6201E-04
   177.9      0.6232E-04
   178.0      0.6263E-04
   178.1      0.6294E-04
   178.2      0.6324E-04
   178.3      0.6354E-04
   178.4      0.6383E-04
   178.5      0.6411E-04
   178.6      0.6438E-04
   178.7      0.6464E-04
   178.8      0.6488E-04
   178.9      0.6511E-04
   179.0      0.6533E-04
   179.1      0.6553E-04
   179.2      0.6571E-04
   179.3      0.6587E-04
   179.4      0.6601E-04
   179.5      0.6613E-04
   179.6      0.6623E-04
   179.7      0.6631E-04
   179.8      0.6637E-04
   179.9      0.6640E-04
   180.0      0.6641E-04
 END
