#1801 angles,  1 tensor ranks for 0=projectile
@subtitle   "12C(7Li,6Li)13C @ Ed=42.82126 MeV;"                                            
@legend ON
@legend x1 0.2
@legend y1 0.8
@g0 type LOGY
@yaxis ticklabel format power
@legend string   0 "Lab energy =   42.8213"
#legend string   0 "Partition=  2 Excit=  4 near/far= 1"
#  Theta       sigma       iT11        T20         T21         T22         Kyy for projectile
   0.000       12.04    
  0.1000       12.04    
  0.2000       12.04    
  0.3000       12.04    
  0.4000       12.03    
  0.5000       12.03    
  0.6000       12.02    
  0.7000       12.02    
  0.8000       12.01    
  0.9000       12.00    
   1.000       11.99    
   1.100       11.98    
   1.200       11.97    
   1.300       11.96    
   1.400       11.95    
   1.500       11.93    
   1.600       11.92    
   1.700       11.90    
   1.800       11.88    
   1.900       11.87    
   2.000       11.85    
   2.100       11.83    
   2.200       11.81    
   2.300       11.79    
   2.400       11.76    
   2.500       11.74    
   2.600       11.71    
   2.700       11.69    
   2.800       11.66    
   2.900       11.64    
   3.000       11.61    
   3.100       11.58    
   3.200       11.55    
   3.300       11.52    
   3.400       11.49    
   3.500       11.46    
   3.600       11.42    
   3.700       11.39    
   3.800       11.36    
   3.900       11.32    
   4.000       11.29    
   4.100       11.25    
   4.200       11.21    
   4.300       11.17    
   4.400       11.13    
   4.500       11.09    
   4.600       11.05    
   4.700       11.01    
   4.800       10.97    
   4.900       10.93    
   5.000       10.89    
   5.100       10.84    
   5.200       10.80    
   5.300       10.75    
   5.400       10.71    
   5.500       10.66    
   5.600       10.61    
   5.700       10.57    
   5.800       10.52    
   5.900       10.47    
   6.000       10.42    
   6.100       10.37    
   6.200       10.32    
   6.300       10.27    
   6.400       10.22    
   6.500       10.16    
   6.600       10.11    
   6.700       10.06    
   6.800       10.01    
   6.900       9.951    
   7.000       9.896    
   7.100       9.841    
   7.200       9.785    
   7.300       9.729    
   7.400       9.672    
   7.500       9.615    
   7.600       9.557    
   7.700       9.499    
   7.800       9.440    
   7.900       9.381    
   8.000       9.321    
   8.100       9.261    
   8.200       9.201    
   8.300       9.140    
   8.400       9.078    
   8.500       9.017    
   8.600       8.954    
   8.700       8.892    
   8.800       8.828    
   8.900       8.765    
   9.000       8.701    
   9.100       8.637    
   9.200       8.572    
   9.300       8.507    
   9.400       8.441    
   9.500       8.375    
   9.600       8.309    
   9.700       8.242    
   9.800       8.175    
   9.900       8.107    
   10.00       8.039    
   10.10       7.971    
   10.20       7.903    
   10.30       7.834    
   10.40       7.765    
   10.50       7.695    
   10.60       7.625    
   10.70       7.555    
   10.80       7.484    
   10.90       7.413    
   11.00       7.342    
   11.10       7.271    
   11.20       7.199    
   11.30       7.127    
   11.40       7.055    
   11.50       6.983    
   11.60       6.910    
   11.70       6.837    
   11.80       6.764    
   11.90       6.691    
   12.00       6.618    
   12.10       6.544    
   12.20       6.470    
   12.30       6.397    
   12.40       6.323    
   12.50       6.249    
   12.60       6.175    
   12.70       6.101    
   12.80       6.026    
   12.90       5.952    
   13.00       5.878    
   13.10       5.804    
   13.20       5.730    
   13.30       5.655    
   13.40       5.581    
   13.50       5.507    
   13.60       5.434    
   13.70       5.360    
   13.80       5.286    
   13.90       5.213    
   14.00       5.140    
   14.10       5.067    
   14.20       4.994    
   14.30       4.921    
   14.40       4.849    
   14.50       4.777    
   14.60       4.705    
   14.70       4.634    
   14.80       4.563    
   14.90       4.492    
   15.00       4.422    
   15.10       4.352    
   15.20       4.283    
   15.30       4.214    
   15.40       4.145    
   15.50       4.077    
   15.60       4.010    
   15.70       3.943    
   15.80       3.876    
   15.90       3.810    
   16.00       3.745    
   16.10       3.680    
   16.20       3.616    
   16.30       3.553    
   16.40       3.490    
   16.50       3.428    
   16.60       3.366    
   16.70       3.306    
   16.80       3.245    
   16.90       3.186    
   17.00       3.127    
   17.10       3.069    
   17.20       3.012    
   17.30       2.956    
   17.40       2.900    
   17.50       2.845    
   17.60       2.791    
   17.70       2.738    
   17.80       2.685    
   17.90       2.633    
   18.00       2.582    
   18.10       2.532    
   18.20       2.483    
   18.30       2.435    
   18.40       2.387    
   18.50       2.340    
   18.60       2.294    
   18.70       2.249    
   18.80       2.205    
   18.90       2.161    
   19.00       2.119    
   19.10       2.077    
   19.20       2.036    
   19.30       1.996    
   19.40       1.956    
   19.50       1.918    
   19.60       1.880    
   19.70       1.843    
   19.80       1.807    
   19.90       1.772    
   20.00       1.738    
   20.10       1.704    
   20.20       1.671    
   20.30       1.639    
   20.40       1.608    
   20.50       1.577    
   20.60       1.548    
   20.70       1.519    
   20.80       1.490    
   20.90       1.463    
   21.00       1.436    
   21.10       1.410    
   21.20       1.385    
   21.30       1.360    
   21.40       1.336    
   21.50       1.313    
   21.60       1.290    
   21.70       1.268    
   21.80       1.247    
   21.90       1.226    
   22.00       1.206    
   22.10       1.186    
   22.20       1.167    
   22.30       1.149    
   22.40       1.131    
   22.50       1.114    
   22.60       1.097    
   22.70       1.081    
   22.80       1.065    
   22.90       1.050    
   23.00       1.035    
   23.10       1.021    
   23.20       1.007    
   23.30      0.9940    
   23.40      0.9811    
   23.50      0.9686    
   23.60      0.9566    
   23.70      0.9449    
   23.80      0.9336    
   23.90      0.9227    
   24.00      0.9121    
   24.10      0.9019    
   24.20      0.8920    
   24.30      0.8824    
   24.40      0.8731    
   24.50      0.8641    
   24.60      0.8554    
   24.70      0.8469    
   24.80      0.8387    
   24.90      0.8308    
   25.00      0.8231    
   25.10      0.8156    
   25.20      0.8083    
   25.30      0.8012    
   25.40      0.7943    
   25.50      0.7876    
   25.60      0.7810    
   25.70      0.7747    
   25.80      0.7684    
   25.90      0.7623    
   26.00      0.7563    
   26.10      0.7505    
   26.20      0.7447    
   26.30      0.7391    
   26.40      0.7335    
   26.50      0.7280    
   26.60      0.7226    
   26.70      0.7173    
   26.80      0.7121    
   26.90      0.7069    
   27.00      0.7017    
   27.10      0.6966    
   27.20      0.6915    
   27.30      0.6865    
   27.40      0.6815    
   27.50      0.6765    
   27.60      0.6715    
   27.70      0.6665    
   27.80      0.6616    
   27.90      0.6566    
   28.00      0.6516    
   28.10      0.6467    
   28.20      0.6417    
   28.30      0.6367    
   28.40      0.6317    
   28.50      0.6266    
   28.60      0.6216    
   28.70      0.6165    
   28.80      0.6114    
   28.90      0.6062    
   29.00      0.6011    
   29.10      0.5959    
   29.20      0.5906    
   29.30      0.5854    
   29.40      0.5801    
   29.50      0.5747    
   29.60      0.5694    
   29.70      0.5640    
   29.80      0.5585    
   29.90      0.5531    
   30.00      0.5476    
   30.10      0.5420    
   30.20      0.5364    
   30.30      0.5308    
   30.40      0.5252    
   30.50      0.5196    
   30.60      0.5139    
   30.70      0.5082    
   30.80      0.5024    
   30.90      0.4967    
   31.00      0.4909    
   31.10      0.4851    
   31.20      0.4793    
   31.30      0.4734    
   31.40      0.4676    
   31.50      0.4618    
   31.60      0.4559    
   31.70      0.4500    
   31.80      0.4442    
   31.90      0.4383    
   32.00      0.4325    
   32.10      0.4266    
   32.20      0.4208    
   32.30      0.4149    
   32.40      0.4091    
   32.50      0.4033    
   32.60      0.3975    
   32.70      0.3918    
   32.80      0.3860    
   32.90      0.3803    
   33.00      0.3746    
   33.10      0.3690    
   33.20      0.3634    
   33.30      0.3578    
   33.40      0.3523    
   33.50      0.3468    
   33.60      0.3413    
   33.70      0.3359    
   33.80      0.3306    
   33.90      0.3253    
   34.00      0.3200    
   34.10      0.3148    
   34.20      0.3097    
   34.30      0.3046    
   34.40      0.2996    
   34.50      0.2947    
   34.60      0.2898    
   34.70      0.2850    
   34.80      0.2803    
   34.90      0.2756    
   35.00      0.2710    
   35.10      0.2664    
   35.20      0.2620    
   35.30      0.2576    
   35.40      0.2533    
   35.50      0.2491    
   35.60      0.2449    
   35.70      0.2408    
   35.80      0.2368    
   35.90      0.2329    
   36.00      0.2290    
   36.10      0.2253    
   36.20      0.2216    
   36.30      0.2180    
   36.40      0.2144    
   36.50      0.2110    
   36.60      0.2076    
   36.70      0.2043    
   36.80      0.2011    
   36.90      0.1980    
   37.00      0.1949    
   37.10      0.1919    
   37.20      0.1890    
   37.30      0.1862    
   37.40      0.1834    
   37.50      0.1807    
   37.60      0.1781    
   37.70      0.1756    
   37.80      0.1731    
   37.90      0.1707    
   38.00      0.1683    
   38.10      0.1661    
   38.20      0.1639    
   38.30      0.1617    
   38.40      0.1597    
   38.50      0.1577    
   38.60      0.1557    
   38.70      0.1538    
   38.80      0.1520    
   38.90      0.1502    
   39.00      0.1485    
   39.10      0.1468    
   39.20      0.1452    
   39.30      0.1436    
   39.40      0.1421    
   39.50      0.1406    
   39.60      0.1392    
   39.70      0.1378    
   39.80      0.1365    
   39.90      0.1352    
   40.00      0.1340    
   40.10      0.1328    
   40.20      0.1316    
   40.30      0.1304    
   40.40      0.1293    
   40.50      0.1283    
   40.60      0.1272    
   40.70      0.1262    
   40.80      0.1252    
   40.90      0.1243    
   41.00      0.1233    
   41.10      0.1224    
   41.20      0.1216    
   41.30      0.1207    
   41.40      0.1199    
   41.50      0.1190    
   41.60      0.1182    
   41.70      0.1174    
   41.80      0.1167    
   41.90      0.1159    
   42.00      0.1152    
   42.10      0.1144    
   42.20      0.1137    
   42.30      0.1130    
   42.40      0.1123    
   42.50      0.1116    
   42.60      0.1109    
   42.70      0.1102    
   42.80      0.1096    
   42.90      0.1089    
   43.00      0.1082    
   43.10      0.1075    
   43.20      0.1069    
   43.30      0.1062    
   43.40      0.1056    
   43.50      0.1049    
   43.60      0.1042    
   43.70      0.1036    
   43.80      0.1029    
   43.90      0.1022    
   44.00      0.1015    
   44.10      0.1009    
   44.20      0.1002    
   44.30      0.9950E-01
   44.40      0.9881E-01
   44.50      0.9811E-01
   44.60      0.9741E-01
   44.70      0.9670E-01
   44.80      0.9599E-01
   44.90      0.9527E-01
   45.00      0.9455E-01
   45.10      0.9381E-01
   45.20      0.9307E-01
   45.30      0.9233E-01
   45.40      0.9158E-01
   45.50      0.9082E-01
   45.60      0.9005E-01
   45.70      0.8928E-01
   45.80      0.8850E-01
   45.90      0.8771E-01
   46.00      0.8692E-01
   46.10      0.8612E-01
   46.20      0.8531E-01
   46.30      0.8450E-01
   46.40      0.8368E-01
   46.50      0.8285E-01
   46.60      0.8202E-01
   46.70      0.8118E-01
   46.80      0.8034E-01
   46.90      0.7950E-01
   47.00      0.7864E-01
   47.10      0.7779E-01
   47.20      0.7693E-01
   47.30      0.7606E-01
   47.40      0.7520E-01
   47.50      0.7433E-01
   47.60      0.7345E-01
   47.70      0.7258E-01
   47.80      0.7170E-01
   47.90      0.7082E-01
   48.00      0.6994E-01
   48.10      0.6906E-01
   48.20      0.6818E-01
   48.30      0.6729E-01
   48.40      0.6641E-01
   48.50      0.6553E-01
   48.60      0.6465E-01
   48.70      0.6378E-01
   48.80      0.6290E-01
   48.90      0.6203E-01
   49.00      0.6116E-01
   49.10      0.6030E-01
   49.20      0.5943E-01
   49.30      0.5858E-01
   49.40      0.5772E-01
   49.50      0.5688E-01
   49.60      0.5604E-01
   49.70      0.5520E-01
   49.80      0.5437E-01
   49.90      0.5355E-01
   50.00      0.5273E-01
   50.10      0.5193E-01
   50.20      0.5113E-01
   50.30      0.5034E-01
   50.40      0.4955E-01
   50.50      0.4878E-01
   50.60      0.4802E-01
   50.70      0.4726E-01
   50.80      0.4652E-01
   50.90      0.4579E-01
   51.00      0.4506E-01
   51.10      0.4435E-01
   51.20      0.4365E-01
   51.30      0.4296E-01
   51.40      0.4228E-01
   51.50      0.4161E-01
   51.60      0.4095E-01
   51.70      0.4031E-01
   51.80      0.3968E-01
   51.90      0.3906E-01
   52.00      0.3845E-01
   52.10      0.3786E-01
   52.20      0.3728E-01
   52.30      0.3671E-01
   52.40      0.3615E-01
   52.50      0.3561E-01
   52.60      0.3508E-01
   52.70      0.3456E-01
   52.80      0.3405E-01
   52.90      0.3356E-01
   53.00      0.3308E-01
   53.10      0.3262E-01
   53.20      0.3216E-01
   53.30      0.3172E-01
   53.40      0.3129E-01
   53.50      0.3087E-01
   53.60      0.3047E-01
   53.70      0.3008E-01
   53.80      0.2969E-01
   53.90      0.2933E-01
   54.00      0.2897E-01
   54.10      0.2862E-01
   54.20      0.2829E-01
   54.30      0.2797E-01
   54.40      0.2765E-01
   54.50      0.2735E-01
   54.60      0.2706E-01
   54.70      0.2678E-01
   54.80      0.2651E-01
   54.90      0.2625E-01
   55.00      0.2599E-01
   55.10      0.2575E-01
   55.20      0.2552E-01
   55.30      0.2529E-01
   55.40      0.2508E-01
   55.50      0.2487E-01
   55.60      0.2467E-01
   55.70      0.2447E-01
   55.80      0.2429E-01
   55.90      0.2411E-01
   56.00      0.2394E-01
   56.10      0.2377E-01
   56.20      0.2362E-01
   56.30      0.2346E-01
   56.40      0.2332E-01
   56.50      0.2317E-01
   56.60      0.2304E-01
   56.70      0.2291E-01
   56.80      0.2278E-01
   56.90      0.2266E-01
   57.00      0.2254E-01
   57.10      0.2242E-01
   57.20      0.2231E-01
   57.30      0.2221E-01
   57.40      0.2210E-01
   57.50      0.2200E-01
   57.60      0.2190E-01
   57.70      0.2181E-01
   57.80      0.2171E-01
   57.90      0.2162E-01
   58.00      0.2153E-01
   58.10      0.2144E-01
   58.20      0.2135E-01
   58.30      0.2127E-01
   58.40      0.2118E-01
   58.50      0.2110E-01
   58.60      0.2101E-01
   58.70      0.2093E-01
   58.80      0.2085E-01
   58.90      0.2076E-01
   59.00      0.2068E-01
   59.10      0.2060E-01
   59.20      0.2052E-01
   59.30      0.2043E-01
   59.40      0.2035E-01
   59.50      0.2026E-01
   59.60      0.2018E-01
   59.70      0.2009E-01
   59.80      0.2001E-01
   59.90      0.1992E-01
   60.00      0.1983E-01
   60.10      0.1974E-01
   60.20      0.1965E-01
   60.30      0.1955E-01
   60.40      0.1946E-01
   60.50      0.1936E-01
   60.60      0.1926E-01
   60.70      0.1916E-01
   60.80      0.1906E-01
   60.90      0.1896E-01
   61.00      0.1885E-01
   61.10      0.1875E-01
   61.20      0.1864E-01
   61.30      0.1853E-01
   61.40      0.1841E-01
   61.50      0.1830E-01
   61.60      0.1818E-01
   61.70      0.1806E-01
   61.80      0.1794E-01
   61.90      0.1782E-01
   62.00      0.1770E-01
   62.10      0.1757E-01
   62.20      0.1744E-01
   62.30      0.1731E-01
   62.40      0.1718E-01
   62.50      0.1704E-01
   62.60      0.1690E-01
   62.70      0.1677E-01
   62.80      0.1662E-01
   62.90      0.1648E-01
   63.00      0.1634E-01
   63.10      0.1619E-01
   63.20      0.1604E-01
   63.30      0.1589E-01
   63.40      0.1574E-01
   63.50      0.1559E-01
   63.60      0.1543E-01
   63.70      0.1528E-01
   63.80      0.1512E-01
   63.90      0.1496E-01
   64.00      0.1480E-01
   64.10      0.1464E-01
   64.20      0.1448E-01
   64.30      0.1431E-01
   64.40      0.1415E-01
   64.50      0.1398E-01
   64.60      0.1382E-01
   64.70      0.1365E-01
   64.80      0.1348E-01
   64.90      0.1331E-01
   65.00      0.1315E-01
   65.10      0.1298E-01
   65.20      0.1281E-01
   65.30      0.1264E-01
   65.40      0.1247E-01
   65.50      0.1230E-01
   65.60      0.1213E-01
   65.70      0.1196E-01
   65.80      0.1179E-01
   65.90      0.1162E-01
   66.00      0.1146E-01
   66.10      0.1129E-01
   66.20      0.1112E-01
   66.30      0.1096E-01
   66.40      0.1079E-01
   66.50      0.1063E-01
   66.60      0.1046E-01
   66.70      0.1030E-01
   66.80      0.1014E-01
   66.90      0.9983E-02
   67.00      0.9826E-02
   67.10      0.9670E-02
   67.20      0.9515E-02
   67.30      0.9363E-02
   67.40      0.9212E-02
   67.50      0.9063E-02
   67.60      0.8915E-02
   67.70      0.8770E-02
   67.80      0.8627E-02
   67.90      0.8486E-02
   68.00      0.8347E-02
   68.10      0.8211E-02
   68.20      0.8076E-02
   68.30      0.7944E-02
   68.40      0.7814E-02
   68.50      0.7687E-02
   68.60      0.7562E-02
   68.70      0.7440E-02
   68.80      0.7320E-02
   68.90      0.7203E-02
   69.00      0.7088E-02
   69.10      0.6975E-02
   69.20      0.6866E-02
   69.30      0.6759E-02
   69.40      0.6654E-02
   69.50      0.6552E-02
   69.60      0.6453E-02
   69.70      0.6357E-02
   69.80      0.6262E-02
   69.90      0.6171E-02
   70.00      0.6082E-02
   70.10      0.5996E-02
   70.20      0.5912E-02
   70.30      0.5831E-02
   70.40      0.5752E-02
   70.50      0.5676E-02
   70.60      0.5602E-02
   70.70      0.5531E-02
   70.80      0.5462E-02
   70.90      0.5395E-02
   71.00      0.5331E-02
   71.10      0.5268E-02
   71.20      0.5209E-02
   71.30      0.5151E-02
   71.40      0.5095E-02
   71.50      0.5042E-02
   71.60      0.4991E-02
   71.70      0.4941E-02
   71.80      0.4894E-02
   71.90      0.4848E-02
   72.00      0.4804E-02
   72.10      0.4763E-02
   72.20      0.4722E-02
   72.30      0.4684E-02
   72.40      0.4647E-02
   72.50      0.4612E-02
   72.60      0.4578E-02
   72.70      0.4546E-02
   72.80      0.4515E-02
   72.90      0.4486E-02
   73.00      0.4457E-02
   73.10      0.4430E-02
   73.20      0.4405E-02
   73.30      0.4380E-02
   73.40      0.4357E-02
   73.50      0.4334E-02
   73.60      0.4313E-02
   73.70      0.4292E-02
   73.80      0.4273E-02
   73.90      0.4254E-02
   74.00      0.4236E-02
   74.10      0.4219E-02
   74.20      0.4202E-02
   74.30      0.4187E-02
   74.40      0.4171E-02
   74.50      0.4157E-02
   74.60      0.4143E-02
   74.70      0.4129E-02
   74.80      0.4116E-02
   74.90      0.4103E-02
   75.00      0.4091E-02
   75.10      0.4079E-02
   75.20      0.4067E-02
   75.30      0.4056E-02
   75.40      0.4045E-02
   75.50      0.4034E-02
   75.60      0.4023E-02
   75.70      0.4013E-02
   75.80      0.4002E-02
   75.90      0.3992E-02
   76.00      0.3981E-02
   76.10      0.3971E-02
   76.20      0.3961E-02
   76.30      0.3951E-02
   76.40      0.3941E-02
   76.50      0.3930E-02
   76.60      0.3920E-02
   76.70      0.3910E-02
   76.80      0.3899E-02
   76.90      0.3888E-02
   77.00      0.3878E-02
   77.10      0.3867E-02
   77.20      0.3856E-02
   77.30      0.3845E-02
   77.40      0.3833E-02
   77.50      0.3822E-02
   77.60      0.3810E-02
   77.70      0.3798E-02
   77.80      0.3786E-02
   77.90      0.3773E-02
   78.00      0.3760E-02
   78.10      0.3747E-02
   78.20      0.3734E-02
   78.30      0.3720E-02
   78.40      0.3706E-02
   78.50      0.3692E-02
   78.60      0.3678E-02
   78.70      0.3663E-02
   78.80      0.3647E-02
   78.90      0.3632E-02
   79.00      0.3616E-02
   79.10      0.3599E-02
   79.20      0.3583E-02
   79.30      0.3566E-02
   79.40      0.3548E-02
   79.50      0.3530E-02
   79.60      0.3512E-02
   79.70      0.3493E-02
   79.80      0.3474E-02
   79.90      0.3455E-02
   80.00      0.3435E-02
   80.10      0.3414E-02
   80.20      0.3393E-02
   80.30      0.3372E-02
   80.40      0.3351E-02
   80.50      0.3328E-02
   80.60      0.3306E-02
   80.70      0.3283E-02
   80.80      0.3259E-02
   80.90      0.3235E-02
   81.00      0.3211E-02
   81.10      0.3186E-02
   81.20      0.3161E-02
   81.30      0.3136E-02
   81.40      0.3109E-02
   81.50      0.3083E-02
   81.60      0.3056E-02
   81.70      0.3029E-02
   81.80      0.3001E-02
   81.90      0.2973E-02
   82.00      0.2945E-02
   82.10      0.2916E-02
   82.20      0.2887E-02
   82.30      0.2857E-02
   82.40      0.2828E-02
   82.50      0.2797E-02
   82.60      0.2767E-02
   82.70      0.2736E-02
   82.80      0.2705E-02
   82.90      0.2674E-02
   83.00      0.2643E-02
   83.10      0.2611E-02
   83.20      0.2580E-02
   83.30      0.2548E-02
   83.40      0.2516E-02
   83.50      0.2484E-02
   83.60      0.2452E-02
   83.70      0.2419E-02
   83.80      0.2387E-02
   83.90      0.2355E-02
   84.00      0.2322E-02
   84.10      0.2290E-02
   84.20      0.2258E-02
   84.30      0.2226E-02
   84.40      0.2194E-02
   84.50      0.2162E-02
   84.60      0.2130E-02
   84.70      0.2099E-02
   84.80      0.2067E-02
   84.90      0.2036E-02
   85.00      0.2006E-02
   85.10      0.1975E-02
   85.20      0.1945E-02
   85.30      0.1915E-02
   85.40      0.1885E-02
   85.50      0.1856E-02
   85.60      0.1827E-02
   85.70      0.1798E-02
   85.80      0.1770E-02
   85.90      0.1743E-02
   86.00      0.1715E-02
   86.10      0.1689E-02
   86.20      0.1662E-02
   86.30      0.1636E-02
   86.40      0.1611E-02
   86.50      0.1586E-02
   86.60      0.1562E-02
   86.70      0.1538E-02
   86.80      0.1515E-02
   86.90      0.1492E-02
   87.00      0.1469E-02
   87.10      0.1448E-02
   87.20      0.1426E-02
   87.30      0.1406E-02
   87.40      0.1386E-02
   87.50      0.1366E-02
   87.60      0.1347E-02
   87.70      0.1328E-02
   87.80      0.1310E-02
   87.90      0.1293E-02
   88.00      0.1276E-02
   88.10      0.1259E-02
   88.20      0.1243E-02
   88.30      0.1227E-02
   88.40      0.1212E-02
   88.50      0.1198E-02
   88.60      0.1184E-02
   88.70      0.1170E-02
   88.80      0.1157E-02
   88.90      0.1144E-02
   89.00      0.1132E-02
   89.10      0.1120E-02
   89.20      0.1108E-02
   89.30      0.1097E-02
   89.40      0.1086E-02
   89.50      0.1076E-02
   89.60      0.1066E-02
   89.70      0.1056E-02
   89.80      0.1047E-02
   89.90      0.1038E-02
   90.00      0.1029E-02
   90.10      0.1021E-02
   90.20      0.1013E-02
   90.30      0.1005E-02
   90.40      0.9978E-03
   90.50      0.9905E-03
   90.60      0.9836E-03
   90.70      0.9768E-03
   90.80      0.9704E-03
   90.90      0.9641E-03
   91.00      0.9580E-03
   91.10      0.9522E-03
   91.20      0.9466E-03
   91.30      0.9411E-03
   91.40      0.9359E-03
   91.50      0.9308E-03
   91.60      0.9259E-03
   91.70      0.9211E-03
   91.80      0.9165E-03
   91.90      0.9121E-03
   92.00      0.9077E-03
   92.10      0.9036E-03
   92.20      0.8995E-03
   92.30      0.8956E-03
   92.40      0.8918E-03
   92.50      0.8881E-03
   92.60      0.8845E-03
   92.70      0.8810E-03
   92.80      0.8776E-03
   92.90      0.8743E-03
   93.00      0.8711E-03
   93.10      0.8679E-03
   93.20      0.8648E-03
   93.30      0.8619E-03
   93.40      0.8589E-03
   93.50      0.8561E-03
   93.60      0.8533E-03
   93.70      0.8505E-03
   93.80      0.8478E-03
   93.90      0.8451E-03
   94.00      0.8425E-03
   94.10      0.8400E-03
   94.20      0.8374E-03
   94.30      0.8349E-03
   94.40      0.8324E-03
   94.50      0.8300E-03
   94.60      0.8275E-03
   94.70      0.8251E-03
   94.80      0.8227E-03
   94.90      0.8203E-03
   95.00      0.8179E-03
   95.10      0.8154E-03
   95.20      0.8130E-03
   95.30      0.8106E-03
   95.40      0.8082E-03
   95.50      0.8058E-03
   95.60      0.8033E-03
   95.70      0.8008E-03
   95.80      0.7983E-03
   95.90      0.7958E-03
   96.00      0.7932E-03
   96.10      0.7906E-03
   96.20      0.7880E-03
   96.30      0.7853E-03
   96.40      0.7826E-03
   96.50      0.7799E-03
   96.60      0.7771E-03
   96.70      0.7742E-03
   96.80      0.7713E-03
   96.90      0.7683E-03
   97.00      0.7653E-03
   97.10      0.7622E-03
   97.20      0.7590E-03
   97.30      0.7558E-03
   97.40      0.7525E-03
   97.50      0.7491E-03
   97.60      0.7457E-03
   97.70      0.7421E-03
   97.80      0.7385E-03
   97.90      0.7348E-03
   98.00      0.7310E-03
   98.10      0.7272E-03
   98.20      0.7232E-03
   98.30      0.7192E-03
   98.40      0.7151E-03
   98.50      0.7108E-03
   98.60      0.7065E-03
   98.70      0.7021E-03
   98.80      0.6976E-03
   98.90      0.6930E-03
   99.00      0.6883E-03
   99.10      0.6835E-03
   99.20      0.6786E-03
   99.30      0.6736E-03
   99.40      0.6685E-03
   99.50      0.6634E-03
   99.60      0.6581E-03
   99.70      0.6527E-03
   99.80      0.6472E-03
   99.90      0.6417E-03
   100.0      0.6360E-03
   100.1      0.6303E-03
   100.2      0.6245E-03
   100.3      0.6186E-03
   100.4      0.6126E-03
   100.5      0.6065E-03
   100.6      0.6003E-03
   100.7      0.5941E-03
   100.8      0.5878E-03
   100.9      0.5815E-03
   101.0      0.5751E-03
   101.1      0.5686E-03
   101.2      0.5621E-03
   101.3      0.5555E-03
   101.4      0.5488E-03
   101.5      0.5422E-03
   101.6      0.5355E-03
   101.7      0.5288E-03
   101.8      0.5220E-03
   101.9      0.5152E-03
   102.0      0.5084E-03
   102.1      0.5016E-03
   102.2      0.4949E-03
   102.3      0.4881E-03
   102.4      0.4813E-03
   102.5      0.4745E-03
   102.6      0.4678E-03
   102.7      0.4611E-03
   102.8      0.4544E-03
   102.9      0.4477E-03
   103.0      0.4411E-03
   103.1      0.4346E-03
   103.2      0.4281E-03
   103.3      0.4216E-03
   103.4      0.4152E-03
   103.5      0.4089E-03
   103.6      0.4027E-03
   103.7      0.3966E-03
   103.8      0.3905E-03
   103.9      0.3845E-03
   104.0      0.3786E-03
   104.1      0.3728E-03
   104.2      0.3671E-03
   104.3      0.3615E-03
   104.4      0.3560E-03
   104.5      0.3506E-03
   104.6      0.3453E-03
   104.7      0.3401E-03
   104.8      0.3350E-03
   104.9      0.3300E-03
   105.0      0.3251E-03
   105.1      0.3204E-03
   105.2      0.3157E-03
   105.3      0.3112E-03
   105.4      0.3068E-03
   105.5      0.3024E-03
   105.6      0.2982E-03
   105.7      0.2941E-03
   105.8      0.2901E-03
   105.9      0.2862E-03
   106.0      0.2824E-03
   106.1      0.2788E-03
   106.2      0.2752E-03
   106.3      0.2717E-03
   106.4      0.2683E-03
   106.5      0.2650E-03
   106.6      0.2617E-03
   106.7      0.2586E-03
   106.8      0.2556E-03
   106.9      0.2526E-03
   107.0      0.2497E-03
   107.1      0.2469E-03
   107.2      0.2442E-03
   107.3      0.2416E-03
   107.4      0.2390E-03
   107.5      0.2365E-03
   107.6      0.2341E-03
   107.7      0.2317E-03
   107.8      0.2295E-03
   107.9      0.2272E-03
   108.0      0.2251E-03
   108.1      0.2230E-03
   108.2      0.2210E-03
   108.3      0.2190E-03
   108.4      0.2171E-03
   108.5      0.2152E-03
   108.6      0.2135E-03
   108.7      0.2117E-03
   108.8      0.2101E-03
   108.9      0.2085E-03
   109.0      0.2070E-03
   109.1      0.2055E-03
   109.2      0.2041E-03
   109.3      0.2027E-03
   109.4      0.2015E-03
   109.5      0.2002E-03
   109.6      0.1991E-03
   109.7      0.1980E-03
   109.8      0.1970E-03
   109.9      0.1961E-03
   110.0      0.1952E-03
   110.1      0.1944E-03
   110.2      0.1936E-03
   110.3      0.1930E-03
   110.4      0.1924E-03
   110.5      0.1919E-03
   110.6      0.1914E-03
   110.7      0.1910E-03
   110.8      0.1907E-03
   110.9      0.1905E-03
   111.0      0.1903E-03
   111.1      0.1902E-03
   111.2      0.1901E-03
   111.3      0.1902E-03
   111.4      0.1902E-03
   111.5      0.1904E-03
   111.6      0.1906E-03
   111.7      0.1909E-03
   111.8      0.1912E-03
   111.9      0.1916E-03
   112.0      0.1920E-03
   112.1      0.1925E-03
   112.2      0.1930E-03
   112.3      0.1936E-03
   112.4      0.1942E-03
   112.5      0.1948E-03
   112.6      0.1955E-03
   112.7      0.1962E-03
   112.8      0.1969E-03
   112.9      0.1977E-03
   113.0      0.1984E-03
   113.1      0.1992E-03
   113.2      0.1999E-03
   113.3      0.2007E-03
   113.4      0.2015E-03
   113.5      0.2022E-03
   113.6      0.2030E-03
   113.7      0.2037E-03
   113.8      0.2045E-03
   113.9      0.2051E-03
   114.0      0.2058E-03
   114.1      0.2065E-03
   114.2      0.2071E-03
   114.3      0.2076E-03
   114.4      0.2082E-03
   114.5      0.2086E-03
   114.6      0.2091E-03
   114.7      0.2095E-03
   114.8      0.2098E-03
   114.9      0.2101E-03
   115.0      0.2103E-03
   115.1      0.2104E-03
   115.2      0.2105E-03
   115.3      0.2106E-03
   115.4      0.2106E-03
   115.5      0.2105E-03
   115.6      0.2103E-03
   115.7      0.2101E-03
   115.8      0.2098E-03
   115.9      0.2095E-03
   116.0      0.2091E-03
   116.1      0.2086E-03
   116.2      0.2080E-03
   116.3      0.2074E-03
   116.4      0.2067E-03
   116.5      0.2060E-03
   116.6      0.2052E-03
   116.7      0.2043E-03
   116.8      0.2034E-03
   116.9      0.2024E-03
   117.0      0.2014E-03
   117.1      0.2003E-03
   117.2      0.1991E-03
   117.3      0.1979E-03
   117.4      0.1967E-03
   117.5      0.1954E-03
   117.6      0.1940E-03
   117.7      0.1926E-03
   117.8      0.1912E-03
   117.9      0.1897E-03
   118.0      0.1882E-03
   118.1      0.1866E-03
   118.2      0.1851E-03
   118.3      0.1834E-03
   118.4      0.1818E-03
   118.5      0.1801E-03
   118.6      0.1784E-03
   118.7      0.1766E-03
   118.8      0.1748E-03
   118.9      0.1730E-03
   119.0      0.1712E-03
   119.1      0.1694E-03
   119.2      0.1675E-03
   119.3      0.1656E-03
   119.4      0.1637E-03
   119.5      0.1618E-03
   119.6      0.1599E-03
   119.7      0.1579E-03
   119.8      0.1560E-03
   119.9      0.1540E-03
   120.0      0.1520E-03
   120.1      0.1500E-03
   120.2      0.1480E-03
   120.3      0.1460E-03
   120.4      0.1440E-03
   120.5      0.1420E-03
   120.6      0.1400E-03
   120.7      0.1380E-03
   120.8      0.1360E-03
   120.9      0.1339E-03
   121.0      0.1319E-03
   121.1      0.1299E-03
   121.2      0.1279E-03
   121.3      0.1259E-03
   121.4      0.1239E-03
   121.5      0.1219E-03
   121.6      0.1199E-03
   121.7      0.1179E-03
   121.8      0.1159E-03
   121.9      0.1140E-03
   122.0      0.1120E-03
   122.1      0.1101E-03
   122.2      0.1082E-03
   122.3      0.1063E-03
   122.4      0.1044E-03
   122.5      0.1025E-03
   122.6      0.1006E-03
   122.7      0.9880E-04
   122.8      0.9699E-04
   122.9      0.9519E-04
   123.0      0.9342E-04
   123.1      0.9167E-04
   123.2      0.8994E-04
   123.3      0.8823E-04
   123.4      0.8655E-04
   123.5      0.8489E-04
   123.6      0.8326E-04
   123.7      0.8165E-04
   123.8      0.8007E-04
   123.9      0.7851E-04
   124.0      0.7698E-04
   124.1      0.7547E-04
   124.2      0.7399E-04
   124.3      0.7253E-04
   124.4      0.7110E-04
   124.5      0.6969E-04
   124.6      0.6831E-04
   124.7      0.6695E-04
   124.8      0.6562E-04
   124.9      0.6431E-04
   125.0      0.6303E-04
   125.1      0.6177E-04
   125.2      0.6053E-04
   125.3      0.5932E-04
   125.4      0.5813E-04
   125.5      0.5696E-04
   125.6      0.5581E-04
   125.7      0.5468E-04
   125.8      0.5358E-04
   125.9      0.5250E-04
   126.0      0.5144E-04
   126.1      0.5040E-04
   126.2      0.4938E-04
   126.3      0.4839E-04
   126.4      0.4741E-04
   126.5      0.4646E-04
   126.6      0.4553E-04
   126.7      0.4462E-04
   126.8      0.4374E-04
   126.9      0.4288E-04
   127.0      0.4204E-04
   127.1      0.4123E-04
   127.2      0.4044E-04
   127.3      0.3968E-04
   127.4      0.3895E-04
   127.5      0.3824E-04
   127.6      0.3757E-04
   127.7      0.3692E-04
   127.8      0.3630E-04
   127.9      0.3572E-04
   128.0      0.3516E-04
   128.1      0.3464E-04
   128.2      0.3416E-04
   128.3      0.3371E-04
   128.4      0.3329E-04
   128.5      0.3291E-04
   128.6      0.3257E-04
   128.7      0.3227E-04
   128.8      0.3201E-04
   128.9      0.3178E-04
   129.0      0.3160E-04
   129.1      0.3146E-04
   129.2      0.3135E-04
   129.3      0.3129E-04
   129.4      0.3127E-04
   129.5      0.3128E-04
   129.6      0.3134E-04
   129.7      0.3144E-04
   129.8      0.3157E-04
   129.9      0.3175E-04
   130.0      0.3196E-04
   130.1      0.3220E-04
   130.2      0.3248E-04
   130.3      0.3280E-04
   130.4      0.3314E-04
   130.5      0.3352E-04
   130.6      0.3392E-04
   130.7      0.3435E-04
   130.8      0.3480E-04
   130.9      0.3527E-04
   131.0      0.3577E-04
   131.1      0.3628E-04
   131.2      0.3680E-04
   131.3      0.3734E-04
   131.4      0.3789E-04
   131.5      0.3844E-04
   131.6      0.3900E-04
   131.7      0.3956E-04
   131.8      0.4012E-04
   131.9      0.4067E-04
   132.0      0.4122E-04
   132.1      0.4176E-04
   132.2      0.4229E-04
   132.3      0.4281E-04
   132.4      0.4331E-04
   132.5      0.4380E-04
   132.6      0.4426E-04
   132.7      0.4471E-04
   132.8      0.4513E-04
   132.9      0.4553E-04
   133.0      0.4590E-04
   133.1      0.4625E-04
   133.2      0.4657E-04
   133.3      0.4687E-04
   133.4      0.4713E-04
   133.5      0.4737E-04
   133.6      0.4758E-04
   133.7      0.4777E-04
   133.8      0.4792E-04
   133.9      0.4805E-04
   134.0      0.4815E-04
   134.1      0.4823E-04
   134.2      0.4828E-04
   134.3      0.4831E-04
   134.4      0.4832E-04
   134.5      0.4831E-04
   134.6      0.4829E-04
   134.7      0.4824E-04
   134.8      0.4819E-04
   134.9      0.4812E-04
   135.0      0.4804E-04
   135.1      0.4796E-04
   135.2      0.4786E-04
   135.3      0.4777E-04
   135.4      0.4768E-04
   135.5      0.4758E-04
   135.6      0.4749E-04
   135.7      0.4741E-04
   135.8      0.4733E-04
   135.9      0.4726E-04
   136.0      0.4721E-04
   136.1      0.4716E-04
   136.2      0.4714E-04
   136.3      0.4712E-04
   136.4      0.4713E-04
   136.5      0.4715E-04
   136.6      0.4719E-04
   136.7      0.4726E-04
   136.8      0.4734E-04
   136.9      0.4744E-04
   137.0      0.4757E-04
   137.1      0.4771E-04
   137.2      0.4788E-04
   137.3      0.4807E-04
   137.4      0.4827E-04
   137.5      0.4850E-04
   137.6      0.4874E-04
   137.7      0.4900E-04
   137.8      0.4927E-04
   137.9      0.4956E-04
   138.0      0.4986E-04
   138.1      0.5017E-04
   138.2      0.5049E-04
   138.3      0.5081E-04
   138.4      0.5114E-04
   138.5      0.5147E-04
   138.6      0.5180E-04
   138.7      0.5212E-04
   138.8      0.5244E-04
   138.9      0.5276E-04
   139.0      0.5306E-04
   139.1      0.5336E-04
   139.2      0.5363E-04
   139.3      0.5390E-04
   139.4      0.5414E-04
   139.5      0.5437E-04
   139.6      0.5457E-04
   139.7      0.5475E-04
   139.8      0.5491E-04
   139.9      0.5503E-04
   140.0      0.5513E-04
   140.1      0.5521E-04
   140.2      0.5525E-04
   140.3      0.5526E-04
   140.4      0.5524E-04
   140.5      0.5518E-04
   140.6      0.5510E-04
   140.7      0.5498E-04
   140.8      0.5483E-04
   140.9      0.5465E-04
   141.0      0.5444E-04
   141.1      0.5420E-04
   141.2      0.5393E-04
   141.3      0.5362E-04
   141.4      0.5329E-04
   141.5      0.5294E-04
   141.6      0.5255E-04
   141.7      0.5214E-04
   141.8      0.5171E-04
   141.9      0.5126E-04
   142.0      0.5079E-04
   142.1      0.5029E-04
   142.2      0.4979E-04
   142.3      0.4926E-04
   142.4      0.4873E-04
   142.5      0.4818E-04
   142.6      0.4762E-04
   142.7      0.4705E-04
   142.8      0.4648E-04
   142.9      0.4590E-04
   143.0      0.4532E-04
   143.1      0.4473E-04
   143.2      0.4415E-04
   143.3      0.4356E-04
   143.4      0.4298E-04
   143.5      0.4239E-04
   143.6      0.4182E-04
   143.7      0.4124E-04
   143.8      0.4067E-04
   143.9      0.4011E-04
   144.0      0.3955E-04
   144.1      0.3900E-04
   144.2      0.3845E-04
   144.3      0.3791E-04
   144.4      0.3738E-04
   144.5      0.3686E-04
   144.6      0.3634E-04
   144.7      0.3583E-04
   144.8      0.3532E-04
   144.9      0.3482E-04
   145.0      0.3433E-04
   145.1      0.3384E-04
   145.2      0.3336E-04
   145.3      0.3288E-04
   145.4      0.3241E-04
   145.5      0.3194E-04
   145.6      0.3147E-04
   145.7      0.3100E-04
   145.8      0.3054E-04
   145.9      0.3008E-04
   146.0      0.2962E-04
   146.1      0.2916E-04
   146.2      0.2870E-04
   146.3      0.2824E-04
   146.4      0.2778E-04
   146.5      0.2732E-04
   146.6      0.2686E-04
   146.7      0.2641E-04
   146.8      0.2595E-04
   146.9      0.2549E-04
   147.0      0.2503E-04
   147.1      0.2458E-04
   147.2      0.2412E-04
   147.3      0.2367E-04
   147.4      0.2322E-04
   147.5      0.2277E-04
   147.6      0.2232E-04
   147.7      0.2188E-04
   147.8      0.2144E-04
   147.9      0.2101E-04
   148.0      0.2059E-04
   148.1      0.2017E-04
   148.2      0.1976E-04
   148.3      0.1935E-04
   148.4      0.1896E-04
   148.5      0.1857E-04
   148.6      0.1820E-04
   148.7      0.1783E-04
   148.8      0.1748E-04
   148.9      0.1714E-04
   149.0      0.1681E-04
   149.1      0.1649E-04
   149.2      0.1619E-04
   149.3      0.1589E-04
   149.4      0.1561E-04
   149.5      0.1535E-04
   149.6      0.1509E-04
   149.7      0.1485E-04
   149.8      0.1462E-04
   149.9      0.1440E-04
   150.0      0.1420E-04
   150.1      0.1400E-04
   150.2      0.1381E-04
   150.3      0.1364E-04
   150.4      0.1347E-04
   150.5      0.1331E-04
   150.6      0.1315E-04
   150.7      0.1300E-04
   150.8      0.1286E-04
   150.9      0.1272E-04
   151.0      0.1258E-04
   151.1      0.1244E-04
   151.2      0.1231E-04
   151.3      0.1217E-04
   151.4      0.1203E-04
   151.5      0.1189E-04
   151.6      0.1175E-04
   151.7      0.1160E-04
   151.8      0.1144E-04
   151.9      0.1128E-04
   152.0      0.1112E-04
   152.1      0.1095E-04
   152.2      0.1076E-04
   152.3      0.1058E-04
   152.4      0.1038E-04
   152.5      0.1018E-04
   152.6      0.9968E-05
   152.7      0.9750E-05
   152.8      0.9525E-05
   152.9      0.9293E-05
   153.0      0.9056E-05
   153.1      0.8814E-05
   153.2      0.8568E-05
   153.3      0.8320E-05
   153.4      0.8069E-05
   153.5      0.7818E-05
   153.6      0.7568E-05
   153.7      0.7320E-05
   153.8      0.7076E-05
   153.9      0.6838E-05
   154.0      0.6607E-05
   154.1      0.6385E-05
   154.2      0.6173E-05
   154.3      0.5974E-05
   154.4      0.5789E-05
   154.5      0.5620E-05
   154.6      0.5468E-05
   154.7      0.5336E-05
   154.8      0.5224E-05
   154.9      0.5134E-05
   155.0      0.5068E-05
   155.1      0.5027E-05
   155.2      0.5012E-05
   155.3      0.5023E-05
   155.4      0.5063E-05
   155.5      0.5131E-05
   155.6      0.5228E-05
   155.7      0.5354E-05
   155.8      0.5511E-05
   155.9      0.5696E-05
   156.0      0.5912E-05
   156.1      0.6156E-05
   156.2      0.6429E-05
   156.3      0.6729E-05
   156.4      0.7056E-05
   156.5      0.7409E-05
   156.6      0.7786E-05
   156.7      0.8186E-05
   156.8      0.8607E-05
   156.9      0.9048E-05
   157.0      0.9507E-05
   157.1      0.9981E-05
   157.2      0.1047E-04
   157.3      0.1097E-04
   157.4      0.1148E-04
   157.5      0.1199E-04
   157.6      0.1251E-04
   157.7      0.1303E-04
   157.8      0.1356E-04
   157.9      0.1408E-04
   158.0      0.1459E-04
   158.1      0.1510E-04
   158.2      0.1560E-04
   158.3      0.1609E-04
   158.4      0.1657E-04
   158.5      0.1704E-04
   158.6      0.1749E-04
   158.7      0.1792E-04
   158.8      0.1833E-04
   158.9      0.1873E-04
   159.0      0.1910E-04
   159.1      0.1946E-04
   159.2      0.1979E-04
   159.3      0.2011E-04
   159.4      0.2040E-04
   159.5      0.2068E-04
   159.6      0.2094E-04
   159.7      0.2117E-04
   159.8      0.2139E-04
   159.9      0.2160E-04
   160.0      0.2179E-04
   160.1      0.2197E-04
   160.2      0.2214E-04
   160.3      0.2229E-04
   160.4      0.2245E-04
   160.5      0.2259E-04
   160.6      0.2274E-04
   160.7      0.2289E-04
   160.8      0.2304E-04
   160.9      0.2319E-04
   161.0      0.2335E-04
   161.1      0.2353E-04
   161.2      0.2372E-04
   161.3      0.2392E-04
   161.4      0.2414E-04
   161.5      0.2439E-04
   161.6      0.2465E-04
   161.7      0.2494E-04
   161.8      0.2526E-04
   161.9      0.2560E-04
   162.0      0.2598E-04
   162.1      0.2639E-04
   162.2      0.2682E-04
   162.3      0.2729E-04
   162.4      0.2780E-04
   162.5      0.2833E-04
   162.6      0.2890E-04
   162.7      0.2950E-04
   162.8      0.3014E-04
   162.9      0.3080E-04
   163.0      0.3149E-04
   163.1      0.3221E-04
   163.2      0.3296E-04
   163.3      0.3373E-04
   163.4      0.3452E-04
   163.5      0.3532E-04
   163.6      0.3614E-04
   163.7      0.3698E-04
   163.8      0.3782E-04
   163.9      0.3866E-04
   164.0      0.3951E-04
   164.1      0.4035E-04
   164.2      0.4119E-04
   164.3      0.4202E-04
   164.4      0.4283E-04
   164.5      0.4362E-04
   164.6      0.4438E-04
   164.7      0.4513E-04
   164.8      0.4583E-04
   164.9      0.4651E-04
   165.0      0.4715E-04
   165.1      0.4774E-04
   165.2      0.4829E-04
   165.3      0.4879E-04
   165.4      0.4924E-04
   165.5      0.4963E-04
   165.6      0.4997E-04
   165.7      0.5025E-04
   165.8      0.5047E-04
   165.9      0.5064E-04
   166.0      0.5074E-04
   166.1      0.5077E-04
   166.2      0.5075E-04
   166.3      0.5066E-04
   166.4      0.5051E-04
   166.5      0.5030E-04
   166.6      0.5004E-04
   166.7      0.4971E-04
   166.8      0.4933E-04
   166.9      0.4890E-04
   167.0      0.4841E-04
   167.1      0.4788E-04
   167.2      0.4731E-04
   167.3      0.4669E-04
   167.4      0.4604E-04
   167.5      0.4536E-04
   167.6      0.4465E-04
   167.7      0.4391E-04
   167.8      0.4316E-04
   167.9      0.4239E-04
   168.0      0.4161E-04
   168.1      0.4082E-04
   168.2      0.4003E-04
   168.3      0.3925E-04
   168.4      0.3847E-04
   168.5      0.3771E-04
   168.6      0.3696E-04
   168.7      0.3624E-04
   168.8      0.3554E-04
   168.9      0.3486E-04
   169.0      0.3422E-04
   169.1      0.3361E-04
   169.2      0.3304E-04
   169.3      0.3251E-04
   169.4      0.3202E-04
   169.5      0.3158E-04
   169.6      0.3117E-04
   169.7      0.3082E-04
   169.8      0.3051E-04
   169.9      0.3025E-04
   170.0      0.3003E-04
   170.1      0.2987E-04
   170.2      0.2974E-04
   170.3      0.2966E-04
   170.4      0.2963E-04
   170.5      0.2963E-04
   170.6      0.2968E-04
   170.7      0.2976E-04
   170.8      0.2988E-04
   170.9      0.3002E-04
   171.0      0.3020E-04
   171.1      0.3040E-04
   171.2      0.3062E-04
   171.3      0.3086E-04
   171.4      0.3111E-04
   171.5      0.3138E-04
   171.6      0.3165E-04
   171.7      0.3193E-04
   171.8      0.3221E-04
   171.9      0.3248E-04
   172.0      0.3275E-04
   172.1      0.3301E-04
   172.2      0.3326E-04
   172.3      0.3349E-04
   172.4      0.3371E-04
   172.5      0.3390E-04
   172.6      0.3407E-04
   172.7      0.3422E-04
   172.8      0.3435E-04
   172.9      0.3445E-04
   173.0      0.3452E-04
   173.1      0.3456E-04
   173.2      0.3458E-04
   173.3      0.3457E-04
   173.4      0.3453E-04
   173.5      0.3447E-04
   173.6      0.3439E-04
   173.7      0.3428E-04
   173.8      0.3415E-04
   173.9      0.3401E-04
   174.0      0.3385E-04
   174.1      0.3367E-04
   174.2      0.3349E-04
   174.3      0.3330E-04
   174.4      0.3310E-04
   174.5      0.3291E-04
   174.6      0.3272E-04
   174.7      0.3253E-04
   174.8      0.3236E-04
   174.9      0.3220E-04
   175.0      0.3206E-04
   175.1      0.3194E-04
   175.2      0.3185E-04
   175.3      0.3179E-04
   175.4      0.3176E-04
   175.5      0.3176E-04
   175.6      0.3180E-04
   175.7      0.3189E-04
   175.8      0.3201E-04
   175.9      0.3218E-04
   176.0      0.3240E-04
   176.1      0.3266E-04
   176.2      0.3297E-04
   176.3      0.3333E-04
   176.4      0.3374E-04
   176.5      0.3420E-04
   176.6      0.3471E-04
   176.7      0.3526E-04
   176.8      0.3586E-04
   176.9      0.3651E-04
   177.0      0.3719E-04
   177.1      0.3792E-04
   177.2      0.3868E-04
   177.3      0.3948E-04
   177.4      0.4030E-04
   177.5      0.4115E-04
   177.6      0.4202E-04
   177.7      0.4291E-04
   177.8      0.4382E-04
   177.9      0.4472E-04
   178.0      0.4564E-04
   178.1      0.4655E-04
   178.2      0.4745E-04
   178.3      0.4834E-04
   178.4      0.4921E-04
   178.5      0.5006E-04
   178.6      0.5088E-04
   178.7      0.5167E-04
   178.8      0.5243E-04
   178.9      0.5314E-04
   179.0      0.5380E-04
   179.1      0.5442E-04
   179.2      0.5498E-04
   179.3      0.5548E-04
   179.4      0.5592E-04
   179.5      0.5630E-04
   179.6      0.5661E-04
   179.7      0.5686E-04
   179.8      0.5704E-04
   179.9      0.5714E-04
   180.0      0.5718E-04
 END
