#1801 angles,  1 tensor ranks for 0=projectile
@subtitle   "12C(7Li,6Li)13C @ Ed=70 MeV;"                                                  
@legend ON
@legend x1 0.2
@legend y1 0.8
@g0 type LOGY
@yaxis ticklabel format power
@legend string   0 "Lab energy =   70.0000"
#legend string   0 "Partition=  2 Excit=  1 near/far= 1"
#  Theta       sigma       iT11        T20         T21         T22         Kyy for projectile
   0.000       3.988    
  0.1000       3.990    
  0.2000       3.996    
  0.3000       4.006    
  0.4000       4.020    
  0.5000       4.037    
  0.6000       4.058    
  0.7000       4.084    
  0.8000       4.113    
  0.9000       4.145    
   1.000       4.182    
   1.100       4.222    
   1.200       4.266    
   1.300       4.314    
   1.400       4.365    
   1.500       4.420    
   1.600       4.478    
   1.700       4.539    
   1.800       4.604    
   1.900       4.672    
   2.000       4.743    
   2.100       4.817    
   2.200       4.894    
   2.300       4.974    
   2.400       5.056    
   2.500       5.141    
   2.600       5.229    
   2.700       5.319    
   2.800       5.411    
   2.900       5.505    
   3.000       5.600    
   3.100       5.698    
   3.200       5.797    
   3.300       5.897    
   3.400       5.999    
   3.500       6.101    
   3.600       6.204    
   3.700       6.308    
   3.800       6.412    
   3.900       6.516    
   4.000       6.620    
   4.100       6.723    
   4.200       6.826    
   4.300       6.928    
   4.400       7.029    
   4.500       7.129    
   4.600       7.227    
   4.700       7.323    
   4.800       7.417    
   4.900       7.509    
   5.000       7.599    
   5.100       7.685    
   5.200       7.769    
   5.300       7.849    
   5.400       7.925    
   5.500       7.998    
   5.600       8.067    
   5.700       8.132    
   5.800       8.192    
   5.900       8.248    
   6.000       8.299    
   6.100       8.344    
   6.200       8.385    
   6.300       8.420    
   6.400       8.450    
   6.500       8.474    
   6.600       8.493    
   6.700       8.505    
   6.800       8.512    
   6.900       8.512    
   7.000       8.507    
   7.100       8.495    
   7.200       8.477    
   7.300       8.452    
   7.400       8.422    
   7.500       8.385    
   7.600       8.341    
   7.700       8.292    
   7.800       8.236    
   7.900       8.175    
   8.000       8.107    
   8.100       8.033    
   8.200       7.954    
   8.300       7.868    
   8.400       7.778    
   8.500       7.682    
   8.600       7.580    
   8.700       7.474    
   8.800       7.363    
   8.900       7.247    
   9.000       7.127    
   9.100       7.002    
   9.200       6.874    
   9.300       6.742    
   9.400       6.607    
   9.500       6.469    
   9.600       6.327    
   9.700       6.183    
   9.800       6.037    
   9.900       5.889    
   10.00       5.739    
   10.10       5.587    
   10.20       5.435    
   10.30       5.281    
   10.40       5.127    
   10.50       4.973    
   10.60       4.818    
   10.70       4.664    
   10.80       4.511    
   10.90       4.358    
   11.00       4.206    
   11.10       4.056    
   11.20       3.907    
   11.30       3.760    
   11.40       3.616    
   11.50       3.473    
   11.60       3.333    
   11.70       3.196    
   11.80       3.061    
   11.90       2.930    
   12.00       2.802    
   12.10       2.678    
   12.20       2.556    
   12.30       2.439    
   12.40       2.325    
   12.50       2.216    
   12.60       2.110    
   12.70       2.008    
   12.80       1.911    
   12.90       1.818    
   13.00       1.729    
   13.10       1.644    
   13.20       1.563    
   13.30       1.487    
   13.40       1.415    
   13.50       1.347    
   13.60       1.284    
   13.70       1.224    
   13.80       1.169    
   13.90       1.118    
   14.00       1.070    
   14.10       1.027    
   14.20      0.9872    
   14.30      0.9512    
   14.40      0.9187    
   14.50      0.8898    
   14.60      0.8642    
   14.70      0.8418    
   14.80      0.8224    
   14.90      0.8061    
   15.00      0.7925    
   15.10      0.7816    
   15.20      0.7732    
   15.30      0.7671    
   15.40      0.7633    
   15.50      0.7615    
   15.60      0.7617    
   15.70      0.7636    
   15.80      0.7671    
   15.90      0.7721    
   16.00      0.7784    
   16.10      0.7859    
   16.20      0.7944    
   16.30      0.8038    
   16.40      0.8140    
   16.50      0.8247    
   16.60      0.8360    
   16.70      0.8476    
   16.80      0.8595    
   16.90      0.8715    
   17.00      0.8835    
   17.10      0.8954    
   17.20      0.9071    
   17.30      0.9186    
   17.40      0.9296    
   17.50      0.9402    
   17.60      0.9503    
   17.70      0.9598    
   17.80      0.9686    
   17.90      0.9767    
   18.00      0.9840    
   18.10      0.9905    
   18.20      0.9961    
   18.30       1.001    
   18.40       1.005    
   18.50       1.007    
   18.60       1.009    
   18.70       1.010    
   18.80       1.010    
   18.90       1.009    
   19.00       1.006    
   19.10       1.003    
   19.20      0.9988    
   19.30      0.9936    
   19.40      0.9874    
   19.50      0.9802    
   19.60      0.9721    
   19.70      0.9631    
   19.80      0.9532    
   19.90      0.9425    
   20.00      0.9309    
   20.10      0.9186    
   20.20      0.9055    
   20.30      0.8918    
   20.40      0.8773    
   20.50      0.8623    
   20.60      0.8467    
   20.70      0.8305    
   20.80      0.8139    
   20.90      0.7969    
   21.00      0.7794    
   21.10      0.7616    
   21.20      0.7435    
   21.30      0.7252    
   21.40      0.7067    
   21.50      0.6879    
   21.60      0.6691    
   21.70      0.6502    
   21.80      0.6313    
   21.90      0.6123    
   22.00      0.5935    
   22.10      0.5747    
   22.20      0.5560    
   22.30      0.5375    
   22.40      0.5192    
   22.50      0.5011    
   22.60      0.4833    
   22.70      0.4657    
   22.80      0.4485    
   22.90      0.4316    
   23.00      0.4151    
   23.10      0.3990    
   23.20      0.3833    
   23.30      0.3680    
   23.40      0.3532    
   23.50      0.3388    
   23.60      0.3250    
   23.70      0.3116    
   23.80      0.2987    
   23.90      0.2863    
   24.00      0.2744    
   24.10      0.2631    
   24.20      0.2523    
   24.30      0.2420    
   24.40      0.2322    
   24.50      0.2230    
   24.60      0.2143    
   24.70      0.2061    
   24.80      0.1984    
   24.90      0.1913    
   25.00      0.1846    
   25.10      0.1785    
   25.20      0.1728    
   25.30      0.1676    
   25.40      0.1629    
   25.50      0.1586    
   25.60      0.1548    
   25.70      0.1514    
   25.80      0.1484    
   25.90      0.1458    
   26.00      0.1436    
   26.10      0.1418    
   26.20      0.1403    
   26.30      0.1391    
   26.40      0.1383    
   26.50      0.1378    
   26.60      0.1376    
   26.70      0.1376    
   26.80      0.1379    
   26.90      0.1384    
   27.00      0.1391    
   27.10      0.1400    
   27.20      0.1412    
   27.30      0.1424    
   27.40      0.1438    
   27.50      0.1454    
   27.60      0.1470    
   27.70      0.1488    
   27.80      0.1506    
   27.90      0.1525    
   28.00      0.1545    
   28.10      0.1565    
   28.20      0.1585    
   28.30      0.1605    
   28.40      0.1625    
   28.50      0.1645    
   28.60      0.1664    
   28.70      0.1683    
   28.80      0.1702    
   28.90      0.1719    
   29.00      0.1736    
   29.10      0.1753    
   29.20      0.1768    
   29.30      0.1782    
   29.40      0.1795    
   29.50      0.1807    
   29.60      0.1818    
   29.70      0.1827    
   29.80      0.1835    
   29.90      0.1842    
   30.00      0.1847    
   30.10      0.1851    
   30.20      0.1853    
   30.30      0.1854    
   30.40      0.1853    
   30.50      0.1850    
   30.60      0.1847    
   30.70      0.1841    
   30.80      0.1834    
   30.90      0.1825    
   31.00      0.1815    
   31.10      0.1804    
   31.20      0.1791    
   31.30      0.1776    
   31.40      0.1760    
   31.50      0.1743    
   31.60      0.1724    
   31.70      0.1705    
   31.80      0.1684    
   31.90      0.1661    
   32.00      0.1638    
   32.10      0.1614    
   32.20      0.1588    
   32.30      0.1562    
   32.40      0.1535    
   32.50      0.1507    
   32.60      0.1478    
   32.70      0.1449    
   32.80      0.1419    
   32.90      0.1388    
   33.00      0.1357    
   33.10      0.1326    
   33.20      0.1294    
   33.30      0.1262    
   33.40      0.1230    
   33.50      0.1198    
   33.60      0.1166    
   33.70      0.1134    
   33.80      0.1102    
   33.90      0.1071    
   34.00      0.1039    
   34.10      0.1008    
   34.20      0.9770E-01
   34.30      0.9465E-01
   34.40      0.9165E-01
   34.50      0.8871E-01
   34.60      0.8582E-01
   34.70      0.8300E-01
   34.80      0.8024E-01
   34.90      0.7755E-01
   35.00      0.7493E-01
   35.10      0.7239E-01
   35.20      0.6994E-01
   35.30      0.6756E-01
   35.40      0.6527E-01
   35.50      0.6307E-01
   35.60      0.6096E-01
   35.70      0.5894E-01
   35.80      0.5701E-01
   35.90      0.5517E-01
   36.00      0.5343E-01
   36.10      0.5178E-01
   36.20      0.5023E-01
   36.30      0.4877E-01
   36.40      0.4740E-01
   36.50      0.4612E-01
   36.60      0.4494E-01
   36.70      0.4384E-01
   36.80      0.4283E-01
   36.90      0.4191E-01
   37.00      0.4107E-01
   37.10      0.4032E-01
   37.20      0.3964E-01
   37.30      0.3904E-01
   37.40      0.3851E-01
   37.50      0.3805E-01
   37.60      0.3766E-01
   37.70      0.3734E-01
   37.80      0.3707E-01
   37.90      0.3687E-01
   38.00      0.3672E-01
   38.10      0.3662E-01
   38.20      0.3657E-01
   38.30      0.3656E-01
   38.40      0.3659E-01
   38.50      0.3666E-01
   38.60      0.3676E-01
   38.70      0.3690E-01
   38.80      0.3706E-01
   38.90      0.3724E-01
   39.00      0.3744E-01
   39.10      0.3766E-01
   39.20      0.3789E-01
   39.30      0.3814E-01
   39.40      0.3839E-01
   39.50      0.3864E-01
   39.60      0.3890E-01
   39.70      0.3915E-01
   39.80      0.3940E-01
   39.90      0.3965E-01
   40.00      0.3989E-01
   40.10      0.4011E-01
   40.20      0.4033E-01
   40.30      0.4053E-01
   40.40      0.4071E-01
   40.50      0.4088E-01
   40.60      0.4102E-01
   40.70      0.4115E-01
   40.80      0.4126E-01
   40.90      0.4134E-01
   41.00      0.4140E-01
   41.10      0.4143E-01
   41.20      0.4144E-01
   41.30      0.4142E-01
   41.40      0.4138E-01
   41.50      0.4131E-01
   41.60      0.4122E-01
   41.70      0.4109E-01
   41.80      0.4095E-01
   41.90      0.4077E-01
   42.00      0.4057E-01
   42.10      0.4034E-01
   42.20      0.4009E-01
   42.30      0.3981E-01
   42.40      0.3951E-01
   42.50      0.3919E-01
   42.60      0.3884E-01
   42.70      0.3847E-01
   42.80      0.3808E-01
   42.90      0.3767E-01
   43.00      0.3724E-01
   43.10      0.3679E-01
   43.20      0.3632E-01
   43.30      0.3584E-01
   43.40      0.3534E-01
   43.50      0.3482E-01
   43.60      0.3429E-01
   43.70      0.3375E-01
   43.80      0.3320E-01
   43.90      0.3264E-01
   44.00      0.3207E-01
   44.10      0.3149E-01
   44.20      0.3090E-01
   44.30      0.3031E-01
   44.40      0.2971E-01
   44.50      0.2911E-01
   44.60      0.2851E-01
   44.70      0.2790E-01
   44.80      0.2730E-01
   44.90      0.2669E-01
   45.00      0.2609E-01
   45.10      0.2548E-01
   45.20      0.2488E-01
   45.30      0.2428E-01
   45.40      0.2369E-01
   45.50      0.2310E-01
   45.60      0.2252E-01
   45.70      0.2195E-01
   45.80      0.2138E-01
   45.90      0.2082E-01
   46.00      0.2027E-01
   46.10      0.1973E-01
   46.20      0.1919E-01
   46.30      0.1867E-01
   46.40      0.1816E-01
   46.50      0.1766E-01
   46.60      0.1717E-01
   46.70      0.1669E-01
   46.80      0.1623E-01
   46.90      0.1577E-01
   47.00      0.1533E-01
   47.10      0.1491E-01
   47.20      0.1449E-01
   47.30      0.1409E-01
   47.40      0.1370E-01
   47.50      0.1333E-01
   47.60      0.1297E-01
   47.70      0.1262E-01
   47.80      0.1229E-01
   47.90      0.1197E-01
   48.00      0.1167E-01
   48.10      0.1138E-01
   48.20      0.1110E-01
   48.30      0.1084E-01
   48.40      0.1059E-01
   48.50      0.1035E-01
   48.60      0.1013E-01
   48.70      0.9918E-02
   48.80      0.9720E-02
   48.90      0.9536E-02
   49.00      0.9363E-02
   49.10      0.9203E-02
   49.20      0.9055E-02
   49.30      0.8919E-02
   49.40      0.8794E-02
   49.50      0.8680E-02
   49.60      0.8577E-02
   49.70      0.8485E-02
   49.80      0.8403E-02
   49.90      0.8330E-02
   50.00      0.8267E-02
   50.10      0.8213E-02
   50.20      0.8168E-02
   50.30      0.8132E-02
   50.40      0.8103E-02
   50.50      0.8082E-02
   50.60      0.8068E-02
   50.70      0.8061E-02
   50.80      0.8061E-02
   50.90      0.8067E-02
   51.00      0.8078E-02
   51.10      0.8094E-02
   51.20      0.8116E-02
   51.30      0.8142E-02
   51.40      0.8171E-02
   51.50      0.8205E-02
   51.60      0.8241E-02
   51.70      0.8281E-02
   51.80      0.8323E-02
   51.90      0.8367E-02
   52.00      0.8412E-02
   52.10      0.8459E-02
   52.20      0.8506E-02
   52.30      0.8554E-02
   52.40      0.8602E-02
   52.50      0.8650E-02
   52.60      0.8697E-02
   52.70      0.8744E-02
   52.80      0.8789E-02
   52.90      0.8832E-02
   53.00      0.8874E-02
   53.10      0.8913E-02
   53.20      0.8950E-02
   53.30      0.8984E-02
   53.40      0.9016E-02
   53.50      0.9044E-02
   53.60      0.9068E-02
   53.70      0.9089E-02
   53.80      0.9106E-02
   53.90      0.9118E-02
   54.00      0.9127E-02
   54.10      0.9131E-02
   54.20      0.9131E-02
   54.30      0.9126E-02
   54.40      0.9116E-02
   54.50      0.9102E-02
   54.60      0.9083E-02
   54.70      0.9059E-02
   54.80      0.9029E-02
   54.90      0.8995E-02
   55.00      0.8956E-02
   55.10      0.8913E-02
   55.20      0.8864E-02
   55.30      0.8810E-02
   55.40      0.8752E-02
   55.50      0.8689E-02
   55.60      0.8622E-02
   55.70      0.8550E-02
   55.80      0.8473E-02
   55.90      0.8393E-02
   56.00      0.8309E-02
   56.10      0.8221E-02
   56.20      0.8129E-02
   56.30      0.8033E-02
   56.40      0.7935E-02
   56.50      0.7833E-02
   56.60      0.7729E-02
   56.70      0.7621E-02
   56.80      0.7512E-02
   56.90      0.7400E-02
   57.00      0.7286E-02
   57.10      0.7170E-02
   57.20      0.7053E-02
   57.30      0.6935E-02
   57.40      0.6815E-02
   57.50      0.6695E-02
   57.60      0.6574E-02
   57.70      0.6453E-02
   57.80      0.6331E-02
   57.90      0.6209E-02
   58.00      0.6088E-02
   58.10      0.5967E-02
   58.20      0.5847E-02
   58.30      0.5728E-02
   58.40      0.5609E-02
   58.50      0.5492E-02
   58.60      0.5376E-02
   58.70      0.5262E-02
   58.80      0.5149E-02
   58.90      0.5038E-02
   59.00      0.4929E-02
   59.10      0.4822E-02
   59.20      0.4717E-02
   59.30      0.4614E-02
   59.40      0.4513E-02
   59.50      0.4415E-02
   59.60      0.4320E-02
   59.70      0.4226E-02
   59.80      0.4136E-02
   59.90      0.4048E-02
   60.00      0.3962E-02
   60.10      0.3879E-02
   60.20      0.3799E-02
   60.30      0.3721E-02
   60.40      0.3646E-02
   60.50      0.3574E-02
   60.60      0.3504E-02
   60.70      0.3437E-02
   60.80      0.3373E-02
   60.90      0.3311E-02
   61.00      0.3251E-02
   61.10      0.3194E-02
   61.20      0.3139E-02
   61.30      0.3087E-02
   61.40      0.3037E-02
   61.50      0.2989E-02
   61.60      0.2944E-02
   61.70      0.2901E-02
   61.80      0.2859E-02
   61.90      0.2820E-02
   62.00      0.2783E-02
   62.10      0.2748E-02
   62.20      0.2714E-02
   62.30      0.2682E-02
   62.40      0.2652E-02
   62.50      0.2624E-02
   62.60      0.2597E-02
   62.70      0.2572E-02
   62.80      0.2548E-02
   62.90      0.2526E-02
   63.00      0.2505E-02
   63.10      0.2485E-02
   63.20      0.2467E-02
   63.30      0.2450E-02
   63.40      0.2433E-02
   63.50      0.2418E-02
   63.60      0.2404E-02
   63.70      0.2391E-02
   63.80      0.2378E-02
   63.90      0.2367E-02
   64.00      0.2356E-02
   64.10      0.2346E-02
   64.20      0.2336E-02
   64.30      0.2328E-02
   64.40      0.2319E-02
   64.50      0.2312E-02
   64.60      0.2304E-02
   64.70      0.2297E-02
   64.80      0.2291E-02
   64.90      0.2284E-02
   65.00      0.2278E-02
   65.10      0.2272E-02
   65.20      0.2266E-02
   65.30      0.2261E-02
   65.40      0.2255E-02
   65.50      0.2249E-02
   65.60      0.2243E-02
   65.70      0.2238E-02
   65.80      0.2231E-02
   65.90      0.2225E-02
   66.00      0.2219E-02
   66.10      0.2212E-02
   66.20      0.2205E-02
   66.30      0.2198E-02
   66.40      0.2190E-02
   66.50      0.2182E-02
   66.60      0.2173E-02
   66.70      0.2164E-02
   66.80      0.2154E-02
   66.90      0.2144E-02
   67.00      0.2133E-02
   67.10      0.2122E-02
   67.20      0.2110E-02
   67.30      0.2098E-02
   67.40      0.2085E-02
   67.50      0.2071E-02
   67.60      0.2057E-02
   67.70      0.2042E-02
   67.80      0.2027E-02
   67.90      0.2010E-02
   68.00      0.1994E-02
   68.10      0.1976E-02
   68.20      0.1958E-02
   68.30      0.1940E-02
   68.40      0.1921E-02
   68.50      0.1901E-02
   68.60      0.1881E-02
   68.70      0.1860E-02
   68.80      0.1839E-02
   68.90      0.1818E-02
   69.00      0.1795E-02
   69.10      0.1773E-02
   69.20      0.1750E-02
   69.30      0.1727E-02
   69.40      0.1703E-02
   69.50      0.1679E-02
   69.60      0.1655E-02
   69.70      0.1631E-02
   69.80      0.1606E-02
   69.90      0.1582E-02
   70.00      0.1557E-02
   70.10      0.1532E-02
   70.20      0.1507E-02
   70.30      0.1482E-02
   70.40      0.1457E-02
   70.50      0.1432E-02
   70.60      0.1407E-02
   70.70      0.1382E-02
   70.80      0.1357E-02
   70.90      0.1332E-02
   71.00      0.1308E-02
   71.10      0.1283E-02
   71.20      0.1259E-02
   71.30      0.1235E-02
   71.40      0.1211E-02
   71.50      0.1188E-02
   71.60      0.1165E-02
   71.70      0.1142E-02
   71.80      0.1119E-02
   71.90      0.1097E-02
   72.00      0.1075E-02
   72.10      0.1053E-02
   72.20      0.1032E-02
   72.30      0.1011E-02
   72.40      0.9907E-03
   72.50      0.9707E-03
   72.60      0.9510E-03
   72.70      0.9318E-03
   72.80      0.9130E-03
   72.90      0.8947E-03
   73.00      0.8768E-03
   73.10      0.8593E-03
   73.20      0.8423E-03
   73.30      0.8257E-03
   73.40      0.8096E-03
   73.50      0.7939E-03
   73.60      0.7787E-03
   73.70      0.7640E-03
   73.80      0.7497E-03
   73.90      0.7360E-03
   74.00      0.7226E-03
   74.10      0.7098E-03
   74.20      0.6974E-03
   74.30      0.6855E-03
   74.40      0.6740E-03
   74.50      0.6630E-03
   74.60      0.6524E-03
   74.70      0.6423E-03
   74.80      0.6327E-03
   74.90      0.6235E-03
   75.00      0.6147E-03
   75.10      0.6064E-03
   75.20      0.5985E-03
   75.30      0.5910E-03
   75.40      0.5839E-03
   75.50      0.5771E-03
   75.60      0.5708E-03
   75.70      0.5649E-03
   75.80      0.5593E-03
   75.90      0.5540E-03
   76.00      0.5491E-03
   76.10      0.5445E-03
   76.20      0.5402E-03
   76.30      0.5362E-03
   76.40      0.5325E-03
   76.50      0.5291E-03
   76.60      0.5259E-03
   76.70      0.5229E-03
   76.80      0.5202E-03
   76.90      0.5176E-03
   77.00      0.5153E-03
   77.10      0.5131E-03
   77.20      0.5111E-03
   77.30      0.5092E-03
   77.40      0.5074E-03
   77.50      0.5058E-03
   77.60      0.5042E-03
   77.70      0.5028E-03
   77.80      0.5014E-03
   77.90      0.5001E-03
   78.00      0.4988E-03
   78.10      0.4976E-03
   78.20      0.4964E-03
   78.30      0.4953E-03
   78.40      0.4941E-03
   78.50      0.4930E-03
   78.60      0.4918E-03
   78.70      0.4907E-03
   78.80      0.4895E-03
   78.90      0.4884E-03
   79.00      0.4872E-03
   79.10      0.4860E-03
   79.20      0.4848E-03
   79.30      0.4836E-03
   79.40      0.4824E-03
   79.50      0.4811E-03
   79.60      0.4799E-03
   79.70      0.4786E-03
   79.80      0.4773E-03
   79.90      0.4760E-03
   80.00      0.4747E-03
   80.10      0.4734E-03
   80.20      0.4721E-03
   80.30      0.4708E-03
   80.40      0.4695E-03
   80.50      0.4681E-03
   80.60      0.4668E-03
   80.70      0.4656E-03
   80.80      0.4643E-03
   80.90      0.4630E-03
   81.00      0.4617E-03
   81.10      0.4605E-03
   81.20      0.4592E-03
   81.30      0.4580E-03
   81.40      0.4567E-03
   81.50      0.4555E-03
   81.60      0.4543E-03
   81.70      0.4530E-03
   81.80      0.4518E-03
   81.90      0.4505E-03
   82.00      0.4492E-03
   82.10      0.4479E-03
   82.20      0.4466E-03
   82.30      0.4452E-03
   82.40      0.4438E-03
   82.50      0.4423E-03
   82.60      0.4408E-03
   82.70      0.4392E-03
   82.80      0.4376E-03
   82.90      0.4358E-03
   83.00      0.4340E-03
   83.10      0.4320E-03
   83.20      0.4300E-03
   83.30      0.4279E-03
   83.40      0.4256E-03
   83.50      0.4232E-03
   83.60      0.4207E-03
   83.70      0.4181E-03
   83.80      0.4153E-03
   83.90      0.4124E-03
   84.00      0.4093E-03
   84.10      0.4062E-03
   84.20      0.4028E-03
   84.30      0.3994E-03
   84.40      0.3958E-03
   84.50      0.3920E-03
   84.60      0.3882E-03
   84.70      0.3842E-03
   84.80      0.3801E-03
   84.90      0.3758E-03
   85.00      0.3715E-03
   85.10      0.3671E-03
   85.20      0.3625E-03
   85.30      0.3579E-03
   85.40      0.3532E-03
   85.50      0.3485E-03
   85.60      0.3437E-03
   85.70      0.3388E-03
   85.80      0.3339E-03
   85.90      0.3290E-03
   86.00      0.3241E-03
   86.10      0.3191E-03
   86.20      0.3142E-03
   86.30      0.3093E-03
   86.40      0.3045E-03
   86.50      0.2997E-03
   86.60      0.2949E-03
   86.70      0.2902E-03
   86.80      0.2856E-03
   86.90      0.2810E-03
   87.00      0.2765E-03
   87.10      0.2722E-03
   87.20      0.2679E-03
   87.30      0.2637E-03
   87.40      0.2596E-03
   87.50      0.2557E-03
   87.60      0.2518E-03
   87.70      0.2481E-03
   87.80      0.2444E-03
   87.90      0.2409E-03
   88.00      0.2375E-03
   88.10      0.2342E-03
   88.20      0.2311E-03
   88.30      0.2280E-03
   88.40      0.2250E-03
   88.50      0.2222E-03
   88.60      0.2194E-03
   88.70      0.2167E-03
   88.80      0.2141E-03
   88.90      0.2116E-03
   89.00      0.2091E-03
   89.10      0.2067E-03
   89.20      0.2044E-03
   89.30      0.2021E-03
   89.40      0.1999E-03
   89.50      0.1977E-03
   89.60      0.1956E-03
   89.70      0.1935E-03
   89.80      0.1914E-03
   89.90      0.1893E-03
   90.00      0.1872E-03
   90.10      0.1852E-03
   90.20      0.1832E-03
   90.30      0.1812E-03
   90.40      0.1792E-03
   90.50      0.1771E-03
   90.60      0.1751E-03
   90.70      0.1731E-03
   90.80      0.1711E-03
   90.90      0.1691E-03
   91.00      0.1672E-03
   91.10      0.1652E-03
   91.20      0.1632E-03
   91.30      0.1612E-03
   91.40      0.1593E-03
   91.50      0.1573E-03
   91.60      0.1554E-03
   91.70      0.1535E-03
   91.80      0.1516E-03
   91.90      0.1498E-03
   92.00      0.1479E-03
   92.10      0.1462E-03
   92.20      0.1444E-03
   92.30      0.1427E-03
   92.40      0.1410E-03
   92.50      0.1394E-03
   92.60      0.1379E-03
   92.70      0.1364E-03
   92.80      0.1349E-03
   92.90      0.1335E-03
   93.00      0.1321E-03
   93.10      0.1308E-03
   93.20      0.1296E-03
   93.30      0.1284E-03
   93.40      0.1273E-03
   93.50      0.1262E-03
   93.60      0.1252E-03
   93.70      0.1242E-03
   93.80      0.1232E-03
   93.90      0.1223E-03
   94.00      0.1215E-03
   94.10      0.1206E-03
   94.20      0.1198E-03
   94.30      0.1191E-03
   94.40      0.1183E-03
   94.50      0.1176E-03
   94.60      0.1168E-03
   94.70      0.1161E-03
   94.80      0.1154E-03
   94.90      0.1147E-03
   95.00      0.1139E-03
   95.10      0.1132E-03
   95.20      0.1124E-03
   95.30      0.1117E-03
   95.40      0.1108E-03
   95.50      0.1100E-03
   95.60      0.1091E-03
   95.70      0.1083E-03
   95.80      0.1073E-03
   95.90      0.1064E-03
   96.00      0.1054E-03
   96.10      0.1043E-03
   96.20      0.1032E-03
   96.30      0.1021E-03
   96.40      0.1010E-03
   96.50      0.9981E-04
   96.60      0.9860E-04
   96.70      0.9736E-04
   96.80      0.9609E-04
   96.90      0.9480E-04
   97.00      0.9348E-04
   97.10      0.9215E-04
   97.20      0.9081E-04
   97.30      0.8946E-04
   97.40      0.8811E-04
   97.50      0.8675E-04
   97.60      0.8540E-04
   97.70      0.8406E-04
   97.80      0.8272E-04
   97.90      0.8141E-04
   98.00      0.8012E-04
   98.10      0.7885E-04
   98.20      0.7760E-04
   98.30      0.7639E-04
   98.40      0.7521E-04
   98.50      0.7407E-04
   98.60      0.7296E-04
   98.70      0.7190E-04
   98.80      0.7088E-04
   98.90      0.6990E-04
   99.00      0.6896E-04
   99.10      0.6806E-04
   99.20      0.6720E-04
   99.30      0.6639E-04
   99.40      0.6562E-04
   99.50      0.6488E-04
   99.60      0.6418E-04
   99.70      0.6352E-04
   99.80      0.6288E-04
   99.90      0.6228E-04
   100.0      0.6170E-04
   100.1      0.6114E-04
   100.2      0.6061E-04
   100.3      0.6009E-04
   100.4      0.5958E-04
   100.5      0.5908E-04
   100.6      0.5858E-04
   100.7      0.5809E-04
   100.8      0.5760E-04
   100.9      0.5710E-04
   101.0      0.5660E-04
   101.1      0.5609E-04
   101.2      0.5557E-04
   101.3      0.5504E-04
   101.4      0.5449E-04
   101.5      0.5393E-04
   101.6      0.5335E-04
   101.7      0.5275E-04
   101.8      0.5214E-04
   101.9      0.5152E-04
   102.0      0.5088E-04
   102.1      0.5022E-04
   102.2      0.4956E-04
   102.3      0.4888E-04
   102.4      0.4820E-04
   102.5      0.4751E-04
   102.6      0.4682E-04
   102.7      0.4613E-04
   102.8      0.4544E-04
   102.9      0.4476E-04
   103.0      0.4409E-04
   103.1      0.4343E-04
   103.2      0.4279E-04
   103.3      0.4217E-04
   103.4      0.4157E-04
   103.5      0.4100E-04
   103.6      0.4046E-04
   103.7      0.3995E-04
   103.8      0.3948E-04
   103.9      0.3905E-04
   104.0      0.3865E-04
   104.1      0.3829E-04
   104.2      0.3798E-04
   104.3      0.3771E-04
   104.4      0.3748E-04
   104.5      0.3729E-04
   104.6      0.3715E-04
   104.7      0.3705E-04
   104.8      0.3699E-04
   104.9      0.3697E-04
   105.0      0.3699E-04
   105.1      0.3704E-04
   105.2      0.3712E-04
   105.3      0.3724E-04
   105.4      0.3737E-04
   105.5      0.3753E-04
   105.6      0.3771E-04
   105.7      0.3791E-04
   105.8      0.3811E-04
   105.9      0.3833E-04
   106.0      0.3854E-04
   106.1      0.3876E-04
   106.2      0.3897E-04
   106.3      0.3917E-04
   106.4      0.3936E-04
   106.5      0.3953E-04
   106.6      0.3968E-04
   106.7      0.3982E-04
   106.8      0.3993E-04
   106.9      0.4001E-04
   107.0      0.4006E-04
   107.1      0.4009E-04
   107.2      0.4008E-04
   107.3      0.4004E-04
   107.4      0.3998E-04
   107.5      0.3988E-04
   107.6      0.3975E-04
   107.7      0.3959E-04
   107.8      0.3940E-04
   107.9      0.3919E-04
   108.0      0.3896E-04
   108.1      0.3870E-04
   108.2      0.3843E-04
   108.3      0.3814E-04
   108.4      0.3784E-04
   108.5      0.3753E-04
   108.6      0.3722E-04
   108.7      0.3691E-04
   108.8      0.3661E-04
   108.9      0.3631E-04
   109.0      0.3602E-04
   109.1      0.3575E-04
   109.2      0.3549E-04
   109.3      0.3526E-04
   109.4      0.3505E-04
   109.5      0.3488E-04
   109.6      0.3473E-04
   109.7      0.3462E-04
   109.8      0.3454E-04
   109.9      0.3450E-04
   110.0      0.3449E-04
   110.1      0.3453E-04
   110.2      0.3460E-04
   110.3      0.3471E-04
   110.4      0.3485E-04
   110.5      0.3504E-04
   110.6      0.3525E-04
   110.7      0.3550E-04
   110.8      0.3578E-04
   110.9      0.3609E-04
   111.0      0.3642E-04
   111.1      0.3677E-04
   111.2      0.3714E-04
   111.3      0.3752E-04
   111.4      0.3791E-04
   111.5      0.3830E-04
   111.6      0.3870E-04
   111.7      0.3909E-04
   111.8      0.3946E-04
   111.9      0.3983E-04
   112.0      0.4018E-04
   112.1      0.4050E-04
   112.2      0.4080E-04
   112.3      0.4107E-04
   112.4      0.4130E-04
   112.5      0.4150E-04
   112.6      0.4166E-04
   112.7      0.4177E-04
   112.8      0.4185E-04
   112.9      0.4187E-04
   113.0      0.4185E-04
   113.1      0.4178E-04
   113.2      0.4167E-04
   113.3      0.4151E-04
   113.4      0.4130E-04
   113.5      0.4104E-04
   113.6      0.4074E-04
   113.7      0.4040E-04
   113.8      0.4002E-04
   113.9      0.3961E-04
   114.0      0.3916E-04
   114.1      0.3868E-04
   114.2      0.3817E-04
   114.3      0.3764E-04
   114.4      0.3710E-04
   114.5      0.3654E-04
   114.6      0.3597E-04
   114.7      0.3539E-04
   114.8      0.3481E-04
   114.9      0.3423E-04
   115.0      0.3367E-04
   115.1      0.3311E-04
   115.2      0.3256E-04
   115.3      0.3204E-04
   115.4      0.3153E-04
   115.5      0.3105E-04
   115.6      0.3060E-04
   115.7      0.3017E-04
   115.8      0.2978E-04
   115.9      0.2941E-04
   116.0      0.2908E-04
   116.1      0.2878E-04
   116.2      0.2852E-04
   116.3      0.2828E-04
   116.4      0.2808E-04
   116.5      0.2791E-04
   116.6      0.2776E-04
   116.7      0.2765E-04
   116.8      0.2755E-04
   116.9      0.2748E-04
   117.0      0.2743E-04
   117.1      0.2739E-04
   117.2      0.2737E-04
   117.3      0.2735E-04
   117.4      0.2734E-04
   117.5      0.2733E-04
   117.6      0.2731E-04
   117.7      0.2729E-04
   117.8      0.2726E-04
   117.9      0.2722E-04
   118.0      0.2716E-04
   118.1      0.2709E-04
   118.2      0.2699E-04
   118.3      0.2686E-04
   118.4      0.2671E-04
   118.5      0.2653E-04
   118.6      0.2632E-04
   118.7      0.2608E-04
   118.8      0.2580E-04
   118.9      0.2550E-04
   119.0      0.2516E-04
   119.1      0.2479E-04
   119.2      0.2439E-04
   119.3      0.2396E-04
   119.4      0.2351E-04
   119.5      0.2303E-04
   119.6      0.2252E-04
   119.7      0.2200E-04
   119.8      0.2146E-04
   119.9      0.2090E-04
   120.0      0.2034E-04
   120.1      0.1977E-04
   120.2      0.1919E-04
   120.3      0.1862E-04
   120.4      0.1805E-04
   120.5      0.1749E-04
   120.6      0.1695E-04
   120.7      0.1642E-04
   120.8      0.1591E-04
   120.9      0.1542E-04
   121.0      0.1496E-04
   121.1      0.1453E-04
   121.2      0.1413E-04
   121.3      0.1377E-04
   121.4      0.1344E-04
   121.5      0.1315E-04
   121.6      0.1290E-04
   121.7      0.1268E-04
   121.8      0.1251E-04
   121.9      0.1238E-04
   122.0      0.1228E-04
   122.1      0.1223E-04
   122.2      0.1221E-04
   122.3      0.1222E-04
   122.4      0.1227E-04
   122.5      0.1235E-04
   122.6      0.1245E-04
   122.7      0.1258E-04
   122.8      0.1273E-04
   122.9      0.1290E-04
   123.0      0.1308E-04
   123.1      0.1328E-04
   123.2      0.1347E-04
   123.3      0.1368E-04
   123.4      0.1388E-04
   123.5      0.1407E-04
   123.6      0.1426E-04
   123.7      0.1444E-04
   123.8      0.1460E-04
   123.9      0.1474E-04
   124.0      0.1486E-04
   124.1      0.1496E-04
   124.2      0.1503E-04
   124.3      0.1508E-04
   124.4      0.1509E-04
   124.5      0.1508E-04
   124.6      0.1504E-04
   124.7      0.1496E-04
   124.8      0.1486E-04
   124.9      0.1473E-04
   125.0      0.1457E-04
   125.1      0.1438E-04
   125.2      0.1416E-04
   125.3      0.1392E-04
   125.4      0.1367E-04
   125.5      0.1339E-04
   125.6      0.1310E-04
   125.7      0.1279E-04
   125.8      0.1248E-04
   125.9      0.1216E-04
   126.0      0.1185E-04
   126.1      0.1153E-04
   126.2      0.1122E-04
   126.3      0.1092E-04
   126.4      0.1063E-04
   126.5      0.1036E-04
   126.6      0.1011E-04
   126.7      0.9882E-05
   126.8      0.9679E-05
   126.9      0.9504E-05
   127.0      0.9359E-05
   127.1      0.9247E-05
   127.2      0.9168E-05
   127.3      0.9123E-05
   127.4      0.9114E-05
   127.5      0.9141E-05
   127.6      0.9203E-05
   127.7      0.9300E-05
   127.8      0.9432E-05
   127.9      0.9597E-05
   128.0      0.9793E-05
   128.1      0.1002E-04
   128.2      0.1027E-04
   128.3      0.1055E-04
   128.4      0.1084E-04
   128.5      0.1116E-04
   128.6      0.1149E-04
   128.7      0.1184E-04
   128.8      0.1219E-04
   128.9      0.1254E-04
   129.0      0.1290E-04
   129.1      0.1325E-04
   129.2      0.1360E-04
   129.3      0.1394E-04
   129.4      0.1426E-04
   129.5      0.1457E-04
   129.6      0.1485E-04
   129.7      0.1512E-04
   129.8      0.1536E-04
   129.9      0.1558E-04
   130.0      0.1576E-04
   130.1      0.1592E-04
   130.2      0.1605E-04
   130.3      0.1614E-04
   130.4      0.1621E-04
   130.5      0.1624E-04
   130.6      0.1625E-04
   130.7      0.1623E-04
   130.8      0.1617E-04
   130.9      0.1610E-04
   131.0      0.1600E-04
   131.1      0.1588E-04
   131.2      0.1574E-04
   131.3      0.1558E-04
   131.4      0.1541E-04
   131.5      0.1524E-04
   131.6      0.1506E-04
   131.7      0.1488E-04
   131.8      0.1470E-04
   131.9      0.1452E-04
   132.0      0.1436E-04
   132.1      0.1420E-04
   132.2      0.1407E-04
   132.3      0.1395E-04
   132.4      0.1385E-04
   132.5      0.1378E-04
   132.6      0.1374E-04
   132.7      0.1372E-04
   132.8      0.1374E-04
   132.9      0.1378E-04
   133.0      0.1386E-04
   133.1      0.1397E-04
   133.2      0.1412E-04
   133.3      0.1429E-04
   133.4      0.1450E-04
   133.5      0.1474E-04
   133.6      0.1501E-04
   133.7      0.1530E-04
   133.8      0.1562E-04
   133.9      0.1596E-04
   134.0      0.1631E-04
   134.1      0.1668E-04
   134.2      0.1707E-04
   134.3      0.1746E-04
   134.4      0.1785E-04
   134.5      0.1824E-04
   134.6      0.1863E-04
   134.7      0.1901E-04
   134.8      0.1938E-04
   134.9      0.1973E-04
   135.0      0.2005E-04
   135.1      0.2036E-04
   135.2      0.2063E-04
   135.3      0.2087E-04
   135.4      0.2108E-04
   135.5      0.2125E-04
   135.6      0.2138E-04
   135.7      0.2147E-04
   135.8      0.2152E-04
   135.9      0.2152E-04
   136.0      0.2148E-04
   136.1      0.2139E-04
   136.2      0.2127E-04
   136.3      0.2109E-04
   136.4      0.2088E-04
   136.5      0.2062E-04
   136.6      0.2033E-04
   136.7      0.2000E-04
   136.8      0.1964E-04
   136.9      0.1925E-04
   137.0      0.1884E-04
   137.1      0.1840E-04
   137.2      0.1795E-04
   137.3      0.1748E-04
   137.4      0.1701E-04
   137.5      0.1653E-04
   137.6      0.1605E-04
   137.7      0.1558E-04
   137.8      0.1512E-04
   137.9      0.1467E-04
   138.0      0.1424E-04
   138.1      0.1383E-04
   138.2      0.1345E-04
   138.3      0.1309E-04
   138.4      0.1277E-04
   138.5      0.1249E-04
   138.6      0.1224E-04
   138.7      0.1203E-04
   138.8      0.1186E-04
   138.9      0.1173E-04
   139.0      0.1165E-04
   139.1      0.1160E-04
   139.2      0.1160E-04
   139.3      0.1164E-04
   139.4      0.1172E-04
   139.5      0.1183E-04
   139.6      0.1198E-04
   139.7      0.1216E-04
   139.8      0.1237E-04
   139.9      0.1261E-04
   140.0      0.1287E-04
   140.1      0.1315E-04
   140.2      0.1344E-04
   140.3      0.1375E-04
   140.4      0.1406E-04
   140.5      0.1437E-04
   140.6      0.1468E-04
   140.7      0.1499E-04
   140.8      0.1528E-04
   140.9      0.1556E-04
   141.0      0.1582E-04
   141.1      0.1606E-04
   141.2      0.1627E-04
   141.3      0.1646E-04
   141.4      0.1662E-04
   141.5      0.1674E-04
   141.6      0.1684E-04
   141.7      0.1689E-04
   141.8      0.1692E-04
   141.9      0.1690E-04
   142.0      0.1685E-04
   142.1      0.1677E-04
   142.2      0.1665E-04
   142.3      0.1651E-04
   142.4      0.1633E-04
   142.5      0.1612E-04
   142.6      0.1589E-04
   142.7      0.1564E-04
   142.8      0.1538E-04
   142.9      0.1509E-04
   143.0      0.1480E-04
   143.1      0.1450E-04
   143.2      0.1420E-04
   143.3      0.1390E-04
   143.4      0.1361E-04
   143.5      0.1333E-04
   143.6      0.1307E-04
   143.7      0.1282E-04
   143.8      0.1260E-04
   143.9      0.1240E-04
   144.0      0.1224E-04
   144.1      0.1211E-04
   144.2      0.1201E-04
   144.3      0.1195E-04
   144.4      0.1193E-04
   144.5      0.1195E-04
   144.6      0.1201E-04
   144.7      0.1211E-04
   144.8      0.1225E-04
   144.9      0.1244E-04
   145.0      0.1266E-04
   145.1      0.1293E-04
   145.2      0.1323E-04
   145.3      0.1356E-04
   145.4      0.1392E-04
   145.5      0.1431E-04
   145.6      0.1472E-04
   145.7      0.1516E-04
   145.8      0.1560E-04
   145.9      0.1606E-04
   146.0      0.1653E-04
   146.1      0.1699E-04
   146.2      0.1745E-04
   146.3      0.1791E-04
   146.4      0.1835E-04
   146.5      0.1877E-04
   146.6      0.1917E-04
   146.7      0.1955E-04
   146.8      0.1989E-04
   146.9      0.2020E-04
   147.0      0.2047E-04
   147.1      0.2070E-04
   147.2      0.2089E-04
   147.3      0.2104E-04
   147.4      0.2114E-04
   147.5      0.2119E-04
   147.6      0.2120E-04
   147.7      0.2115E-04
   147.8      0.2106E-04
   147.9      0.2093E-04
   148.0      0.2075E-04
   148.1      0.2053E-04
   148.2      0.2027E-04
   148.3      0.1997E-04
   148.4      0.1965E-04
   148.5      0.1929E-04
   148.6      0.1891E-04
   148.7      0.1851E-04
   148.8      0.1809E-04
   148.9      0.1767E-04
   149.0      0.1724E-04
   149.1      0.1681E-04
   149.2      0.1638E-04
   149.3      0.1596E-04
   149.4      0.1556E-04
   149.5      0.1518E-04
   149.6      0.1482E-04
   149.7      0.1449E-04
   149.8      0.1420E-04
   149.9      0.1394E-04
   150.0      0.1372E-04
   150.1      0.1354E-04
   150.2      0.1340E-04
   150.3      0.1331E-04
   150.4      0.1327E-04
   150.5      0.1327E-04
   150.6      0.1332E-04
   150.7      0.1342E-04
   150.8      0.1356E-04
   150.9      0.1375E-04
   151.0      0.1398E-04
   151.1      0.1425E-04
   151.2      0.1455E-04
   151.3      0.1489E-04
   151.4      0.1525E-04
   151.5      0.1564E-04
   151.6      0.1605E-04
   151.7      0.1648E-04
   151.8      0.1691E-04
   151.9      0.1735E-04
   152.0      0.1779E-04
   152.1      0.1822E-04
   152.2      0.1865E-04
   152.3      0.1905E-04
   152.4      0.1944E-04
   152.5      0.1980E-04
   152.6      0.2013E-04
   152.7      0.2043E-04
   152.8      0.2069E-04
   152.9      0.2092E-04
   153.0      0.2110E-04
   153.1      0.2123E-04
   153.2      0.2132E-04
   153.3      0.2136E-04
   153.4      0.2135E-04
   153.5      0.2129E-04
   153.6      0.2119E-04
   153.7      0.2104E-04
   153.8      0.2085E-04
   153.9      0.2062E-04
   154.0      0.2034E-04
   154.1      0.2004E-04
   154.2      0.1970E-04
   154.3      0.1933E-04
   154.4      0.1895E-04
   154.5      0.1854E-04
   154.6      0.1812E-04
   154.7      0.1770E-04
   154.8      0.1728E-04
   154.9      0.1686E-04
   155.0      0.1645E-04
   155.1      0.1605E-04
   155.2      0.1568E-04
   155.3      0.1534E-04
   155.4      0.1502E-04
   155.5      0.1474E-04
   155.6      0.1450E-04
   155.7      0.1431E-04
   155.8      0.1416E-04
   155.9      0.1406E-04
   156.0      0.1401E-04
   156.1      0.1402E-04
   156.2      0.1409E-04
   156.3      0.1421E-04
   156.4      0.1438E-04
   156.5      0.1461E-04
   156.6      0.1489E-04
   156.7      0.1523E-04
   156.8      0.1561E-04
   156.9      0.1604E-04
   157.0      0.1650E-04
   157.1      0.1701E-04
   157.2      0.1755E-04
   157.3      0.1812E-04
   157.4      0.1870E-04
   157.5      0.1931E-04
   157.6      0.1992E-04
   157.7      0.2054E-04
   157.8      0.2116E-04
   157.9      0.2177E-04
   158.0      0.2237E-04
   158.1      0.2294E-04
   158.2      0.2350E-04
   158.3      0.2402E-04
   158.4      0.2450E-04
   158.5      0.2494E-04
   158.6      0.2534E-04
   158.7      0.2569E-04
   158.8      0.2599E-04
   158.9      0.2623E-04
   159.0      0.2641E-04
   159.1      0.2654E-04
   159.2      0.2661E-04
   159.3      0.2662E-04
   159.4      0.2658E-04
   159.5      0.2647E-04
   159.6      0.2632E-04
   159.7      0.2611E-04
   159.8      0.2585E-04
   159.9      0.2555E-04
   160.0      0.2522E-04
   160.1      0.2484E-04
   160.2      0.2444E-04
   160.3      0.2402E-04
   160.4      0.2358E-04
   160.5      0.2313E-04
   160.6      0.2267E-04
   160.7      0.2222E-04
   160.8      0.2178E-04
   160.9      0.2136E-04
   161.0      0.2096E-04
   161.1      0.2059E-04
   161.2      0.2026E-04
   161.3      0.1997E-04
   161.4      0.1973E-04
   161.5      0.1954E-04
   161.6      0.1941E-04
   161.7      0.1934E-04
   161.8      0.1933E-04
   161.9      0.1939E-04
   162.0      0.1952E-04
   162.1      0.1972E-04
   162.2      0.1999E-04
   162.3      0.2033E-04
   162.4      0.2074E-04
   162.5      0.2122E-04
   162.6      0.2175E-04
   162.7      0.2235E-04
   162.8      0.2301E-04
   162.9      0.2372E-04
   163.0      0.2447E-04
   163.1      0.2526E-04
   163.2      0.2609E-04
   163.3      0.2695E-04
   163.4      0.2783E-04
   163.5      0.2872E-04
   163.6      0.2961E-04
   163.7      0.3051E-04
   163.8      0.3139E-04
   163.9      0.3226E-04
   164.0      0.3311E-04
   164.1      0.3392E-04
   164.2      0.3469E-04
   164.3      0.3542E-04
   164.4      0.3610E-04
   164.5      0.3673E-04
   164.6      0.3729E-04
   164.7      0.3779E-04
   164.8      0.3822E-04
   164.9      0.3857E-04
   165.0      0.3886E-04
   165.1      0.3907E-04
   165.2      0.3921E-04
   165.3      0.3927E-04
   165.4      0.3926E-04
   165.5      0.3918E-04
   165.6      0.3903E-04
   165.7      0.3881E-04
   165.8      0.3854E-04
   165.9      0.3821E-04
   166.0      0.3783E-04
   166.1      0.3741E-04
   166.2      0.3695E-04
   166.3      0.3646E-04
   166.4      0.3596E-04
   166.5      0.3544E-04
   166.6      0.3491E-04
   166.7      0.3439E-04
   166.8      0.3388E-04
   166.9      0.3339E-04
   167.0      0.3292E-04
   167.1      0.3249E-04
   167.2      0.3210E-04
   167.3      0.3177E-04
   167.4      0.3149E-04
   167.5      0.3127E-04
   167.6      0.3112E-04
   167.7      0.3105E-04
   167.8      0.3105E-04
   167.9      0.3113E-04
   168.0      0.3130E-04
   168.1      0.3155E-04
   168.2      0.3189E-04
   168.3      0.3231E-04
   168.4      0.3282E-04
   168.5      0.3342E-04
   168.6      0.3410E-04
   168.7      0.3486E-04
   168.8      0.3569E-04
   168.9      0.3660E-04
   169.0      0.3757E-04
   169.1      0.3861E-04
   169.2      0.3970E-04
   169.3      0.4084E-04
   169.4      0.4202E-04
   169.5      0.4324E-04
   169.6      0.4449E-04
   169.7      0.4576E-04
   169.8      0.4704E-04
   169.9      0.4833E-04
   170.0      0.4962E-04
   170.1      0.5090E-04
   170.2      0.5216E-04
   170.3      0.5341E-04
   170.4      0.5463E-04
   170.5      0.5582E-04
   170.6      0.5698E-04
   170.7      0.5809E-04
   170.8      0.5917E-04
   170.9      0.6019E-04
   171.0      0.6117E-04
   171.1      0.6210E-04
   171.2      0.6299E-04
   171.3      0.6382E-04
   171.4      0.6461E-04
   171.5      0.6535E-04
   171.6      0.6605E-04
   171.7      0.6672E-04
   171.8      0.6734E-04
   171.9      0.6794E-04
   172.0      0.6851E-04
   172.1      0.6906E-04
   172.2      0.6959E-04
   172.3      0.7012E-04
   172.4      0.7065E-04
   172.5      0.7118E-04
   172.6      0.7172E-04
   172.7      0.7227E-04
   172.8      0.7286E-04
   172.9      0.7347E-04
   173.0      0.7412E-04
   173.1      0.7481E-04
   173.2      0.7554E-04
   173.3      0.7633E-04
   173.4      0.7717E-04
   173.5      0.7807E-04
   173.6      0.7903E-04
   173.7      0.8006E-04
   173.8      0.8114E-04
   173.9      0.8230E-04
   174.0      0.8351E-04
   174.1      0.8479E-04
   174.2      0.8612E-04
   174.3      0.8751E-04
   174.4      0.8895E-04
   174.5      0.9045E-04
   174.6      0.9198E-04
   174.7      0.9355E-04
   174.8      0.9514E-04
   174.9      0.9676E-04
   175.0      0.9840E-04
   175.1      0.1000E-03
   175.2      0.1017E-03
   175.3      0.1033E-03
   175.4      0.1049E-03
   175.5      0.1065E-03
   175.6      0.1080E-03
   175.7      0.1095E-03
   175.8      0.1109E-03
   175.9      0.1123E-03
   176.0      0.1135E-03
   176.1      0.1147E-03
   176.2      0.1159E-03
   176.3      0.1169E-03
   176.4      0.1178E-03
   176.5      0.1186E-03
   176.6      0.1193E-03
   176.7      0.1199E-03
   176.8      0.1204E-03
   176.9      0.1207E-03
   177.0      0.1210E-03
   177.1      0.1211E-03
   177.2      0.1211E-03
   177.3      0.1210E-03
   177.4      0.1208E-03
   177.5      0.1205E-03
   177.6      0.1201E-03
   177.7      0.1197E-03
   177.8      0.1191E-03
   177.9      0.1185E-03
   178.0      0.1178E-03
   178.1      0.1170E-03
   178.2      0.1162E-03
   178.3      0.1154E-03
   178.4      0.1145E-03
   178.5      0.1136E-03
   178.6      0.1127E-03
   178.7      0.1119E-03
   178.8      0.1110E-03
   178.9      0.1102E-03
   179.0      0.1094E-03
   179.1      0.1086E-03
   179.2      0.1079E-03
   179.3      0.1073E-03
   179.4      0.1067E-03
   179.5      0.1062E-03
   179.6      0.1058E-03
   179.7      0.1055E-03
   179.8      0.1053E-03
   179.9      0.1051E-03
   180.0      0.1051E-03
 END
