#1801 angles,  1 tensor ranks for 0=projectile
@subtitle   "12C(7Li,6Li)13C @ Ed=70 MeV;"                                                  
@legend ON
@legend x1 0.2
@legend y1 0.8
@g0 type LOGY
@yaxis ticklabel format power
@legend string   0 "Lab energy =   70.0000"
#legend string   0 "Partition=  2 Excit=  4 near/far= 1"
#  Theta       sigma       iT11        T20         T21         T22         Kyy for projectile
   0.000       26.70    
  0.1000       26.70    
  0.2000       26.69    
  0.3000       26.68    
  0.4000       26.67    
  0.5000       26.65    
  0.6000       26.63    
  0.7000       26.60    
  0.8000       26.57    
  0.9000       26.53    
   1.000       26.49    
   1.100       26.45    
   1.200       26.41    
   1.300       26.36    
   1.400       26.30    
   1.500       26.24    
   1.600       26.18    
   1.700       26.11    
   1.800       26.05    
   1.900       25.97    
   2.000       25.90    
   2.100       25.82    
   2.200       25.73    
   2.300       25.64    
   2.400       25.55    
   2.500       25.46    
   2.600       25.36    
   2.700       25.26    
   2.800       25.16    
   2.900       25.05    
   3.000       24.94    
   3.100       24.83    
   3.200       24.72    
   3.300       24.60    
   3.400       24.48    
   3.500       24.35    
   3.600       24.23    
   3.700       24.10    
   3.800       23.97    
   3.900       23.83    
   4.000       23.70    
   4.100       23.56    
   4.200       23.42    
   4.300       23.27    
   4.400       23.13    
   4.500       22.98    
   4.600       22.83    
   4.700       22.68    
   4.800       22.52    
   4.900       22.37    
   5.000       22.21    
   5.100       22.05    
   5.200       21.89    
   5.300       21.72    
   5.400       21.56    
   5.500       21.39    
   5.600       21.22    
   5.700       21.05    
   5.800       20.88    
   5.900       20.71    
   6.000       20.53    
   6.100       20.35    
   6.200       20.18    
   6.300       20.00    
   6.400       19.81    
   6.500       19.63    
   6.600       19.45    
   6.700       19.26    
   6.800       19.07    
   6.900       18.89    
   7.000       18.70    
   7.100       18.51    
   7.200       18.31    
   7.300       18.12    
   7.400       17.93    
   7.500       17.73    
   7.600       17.53    
   7.700       17.34    
   7.800       17.14    
   7.900       16.94    
   8.000       16.74    
   8.100       16.53    
   8.200       16.33    
   8.300       16.13    
   8.400       15.92    
   8.500       15.72    
   8.600       15.51    
   8.700       15.30    
   8.800       15.10    
   8.900       14.89    
   9.000       14.68    
   9.100       14.47    
   9.200       14.26    
   9.300       14.05    
   9.400       13.84    
   9.500       13.63    
   9.600       13.42    
   9.700       13.21    
   9.800       13.00    
   9.900       12.79    
   10.00       12.58    
   10.10       12.37    
   10.20       12.16    
   10.30       11.95    
   10.40       11.74    
   10.50       11.53    
   10.60       11.33    
   10.70       11.12    
   10.80       10.91    
   10.90       10.71    
   11.00       10.50    
   11.10       10.30    
   11.20       10.10    
   11.30       9.898    
   11.40       9.698    
   11.50       9.500    
   11.60       9.304    
   11.70       9.109    
   11.80       8.915    
   11.90       8.724    
   12.00       8.534    
   12.10       8.347    
   12.20       8.161    
   12.30       7.977    
   12.40       7.796    
   12.50       7.617    
   12.60       7.440    
   12.70       7.265    
   12.80       7.093    
   12.90       6.924    
   13.00       6.757    
   13.10       6.592    
   13.20       6.431    
   13.30       6.272    
   13.40       6.116    
   13.50       5.962    
   13.60       5.812    
   13.70       5.665    
   13.80       5.520    
   13.90       5.378    
   14.00       5.240    
   14.10       5.104    
   14.20       4.972    
   14.30       4.842    
   14.40       4.716    
   14.50       4.593    
   14.60       4.472    
   14.70       4.355    
   14.80       4.241    
   14.90       4.130    
   15.00       4.022    
   15.10       3.917    
   15.20       3.815    
   15.30       3.716    
   15.40       3.620    
   15.50       3.527    
   15.60       3.437    
   15.70       3.350    
   15.80       3.265    
   15.90       3.184    
   16.00       3.105    
   16.10       3.028    
   16.20       2.955    
   16.30       2.884    
   16.40       2.815    
   16.50       2.749    
   16.60       2.686    
   16.70       2.624    
   16.80       2.565    
   16.90       2.509    
   17.00       2.454    
   17.10       2.402    
   17.20       2.351    
   17.30       2.303    
   17.40       2.257    
   17.50       2.212    
   17.60       2.169    
   17.70       2.128    
   17.80       2.089    
   17.90       2.051    
   18.00       2.015    
   18.10       1.980    
   18.20       1.946    
   18.30       1.914    
   18.40       1.883    
   18.50       1.853    
   18.60       1.825    
   18.70       1.797    
   18.80       1.771    
   18.90       1.745    
   19.00       1.721    
   19.10       1.697    
   19.20       1.674    
   19.30       1.652    
   19.40       1.630    
   19.50       1.610    
   19.60       1.589    
   19.70       1.570    
   19.80       1.550    
   19.90       1.532    
   20.00       1.513    
   20.10       1.496    
   20.20       1.478    
   20.30       1.461    
   20.40       1.444    
   20.50       1.427    
   20.60       1.411    
   20.70       1.395    
   20.80       1.379    
   20.90       1.363    
   21.00       1.347    
   21.10       1.332    
   21.20       1.316    
   21.30       1.301    
   21.40       1.286    
   21.50       1.270    
   21.60       1.255    
   21.70       1.240    
   21.80       1.225    
   21.90       1.210    
   22.00       1.195    
   22.10       1.180    
   22.20       1.165    
   22.30       1.150    
   22.40       1.134    
   22.50       1.119    
   22.60       1.104    
   22.70       1.089    
   22.80       1.074    
   22.90       1.059    
   23.00       1.044    
   23.10       1.029    
   23.20       1.014    
   23.30      0.9992    
   23.40      0.9842    
   23.50      0.9692    
   23.60      0.9543    
   23.70      0.9395    
   23.80      0.9246    
   23.90      0.9099    
   24.00      0.8951    
   24.10      0.8805    
   24.20      0.8659    
   24.30      0.8515    
   24.40      0.8371    
   24.50      0.8228    
   24.60      0.8086    
   24.70      0.7945    
   24.80      0.7805    
   24.90      0.7666    
   25.00      0.7529    
   25.10      0.7394    
   25.20      0.7259    
   25.30      0.7126    
   25.40      0.6995    
   25.50      0.6865    
   25.60      0.6738    
   25.70      0.6611    
   25.80      0.6487    
   25.90      0.6364    
   26.00      0.6244    
   26.10      0.6125    
   26.20      0.6008    
   26.30      0.5894    
   26.40      0.5781    
   26.50      0.5671    
   26.60      0.5562    
   26.70      0.5456    
   26.80      0.5352    
   26.90      0.5250    
   27.00      0.5150    
   27.10      0.5053    
   27.20      0.4958    
   27.30      0.4865    
   27.40      0.4774    
   27.50      0.4686    
   27.60      0.4600    
   27.70      0.4516    
   27.80      0.4434    
   27.90      0.4355    
   28.00      0.4278    
   28.10      0.4203    
   28.20      0.4130    
   28.30      0.4059    
   28.40      0.3991    
   28.50      0.3925    
   28.60      0.3861    
   28.70      0.3799    
   28.80      0.3739    
   28.90      0.3681    
   29.00      0.3625    
   29.10      0.3571    
   29.20      0.3519    
   29.30      0.3468    
   29.40      0.3420    
   29.50      0.3373    
   29.60      0.3328    
   29.70      0.3285    
   29.80      0.3244    
   29.90      0.3204    
   30.00      0.3165    
   30.10      0.3128    
   30.20      0.3093    
   30.30      0.3059    
   30.40      0.3026    
   30.50      0.2995    
   30.60      0.2964    
   30.70      0.2935    
   30.80      0.2907    
   30.90      0.2881    
   31.00      0.2855    
   31.10      0.2830    
   31.20      0.2806    
   31.30      0.2783    
   31.40      0.2760    
   31.50      0.2739    
   31.60      0.2718    
   31.70      0.2697    
   31.80      0.2677    
   31.90      0.2658    
   32.00      0.2639    
   32.10      0.2621    
   32.20      0.2603    
   32.30      0.2585    
   32.40      0.2568    
   32.50      0.2551    
   32.60      0.2534    
   32.70      0.2517    
   32.80      0.2500    
   32.90      0.2484    
   33.00      0.2467    
   33.10      0.2451    
   33.20      0.2434    
   33.30      0.2417    
   33.40      0.2400    
   33.50      0.2384    
   33.60      0.2366    
   33.70      0.2349    
   33.80      0.2332    
   33.90      0.2314    
   34.00      0.2296    
   34.10      0.2278    
   34.20      0.2260    
   34.30      0.2241    
   34.40      0.2222    
   34.50      0.2203    
   34.60      0.2183    
   34.70      0.2163    
   34.80      0.2143    
   34.90      0.2123    
   35.00      0.2102    
   35.10      0.2081    
   35.20      0.2059    
   35.30      0.2038    
   35.40      0.2016    
   35.50      0.1993    
   35.60      0.1971    
   35.70      0.1948    
   35.80      0.1925    
   35.90      0.1902    
   36.00      0.1878    
   36.10      0.1854    
   36.20      0.1830    
   36.30      0.1806    
   36.40      0.1782    
   36.50      0.1758    
   36.60      0.1733    
   36.70      0.1709    
   36.80      0.1684    
   36.90      0.1659    
   37.00      0.1635    
   37.10      0.1610    
   37.20      0.1585    
   37.30      0.1560    
   37.40      0.1536    
   37.50      0.1511    
   37.60      0.1487    
   37.70      0.1463    
   37.80      0.1438    
   37.90      0.1414    
   38.00      0.1390    
   38.10      0.1367    
   38.20      0.1343    
   38.30      0.1320    
   38.40      0.1297    
   38.50      0.1275    
   38.60      0.1252    
   38.70      0.1230    
   38.80      0.1208    
   38.90      0.1187    
   39.00      0.1166    
   39.10      0.1145    
   39.20      0.1124    
   39.30      0.1104    
   39.40      0.1085    
   39.50      0.1065    
   39.60      0.1046    
   39.70      0.1028    
   39.80      0.1010    
   39.90      0.9919E-01
   40.00      0.9745E-01
   40.10      0.9576E-01
   40.20      0.9411E-01
   40.30      0.9250E-01
   40.40      0.9093E-01
   40.50      0.8940E-01
   40.60      0.8791E-01
   40.70      0.8646E-01
   40.80      0.8505E-01
   40.90      0.8368E-01
   41.00      0.8235E-01
   41.10      0.8105E-01
   41.20      0.7980E-01
   41.30      0.7858E-01
   41.40      0.7740E-01
   41.50      0.7625E-01
   41.60      0.7514E-01
   41.70      0.7406E-01
   41.80      0.7302E-01
   41.90      0.7201E-01
   42.00      0.7103E-01
   42.10      0.7008E-01
   42.20      0.6916E-01
   42.30      0.6827E-01
   42.40      0.6741E-01
   42.50      0.6658E-01
   42.60      0.6577E-01
   42.70      0.6498E-01
   42.80      0.6422E-01
   42.90      0.6348E-01
   43.00      0.6277E-01
   43.10      0.6208E-01
   43.20      0.6140E-01
   43.30      0.6075E-01
   43.40      0.6011E-01
   43.50      0.5949E-01
   43.60      0.5889E-01
   43.70      0.5830E-01
   43.80      0.5773E-01
   43.90      0.5717E-01
   44.00      0.5662E-01
   44.10      0.5609E-01
   44.20      0.5557E-01
   44.30      0.5505E-01
   44.40      0.5455E-01
   44.50      0.5406E-01
   44.60      0.5358E-01
   44.70      0.5310E-01
   44.80      0.5263E-01
   44.90      0.5217E-01
   45.00      0.5172E-01
   45.10      0.5127E-01
   45.20      0.5082E-01
   45.30      0.5038E-01
   45.40      0.4995E-01
   45.50      0.4951E-01
   45.60      0.4909E-01
   45.70      0.4866E-01
   45.80      0.4824E-01
   45.90      0.4782E-01
   46.00      0.4740E-01
   46.10      0.4698E-01
   46.20      0.4656E-01
   46.30      0.4615E-01
   46.40      0.4574E-01
   46.50      0.4532E-01
   46.60      0.4491E-01
   46.70      0.4450E-01
   46.80      0.4408E-01
   46.90      0.4367E-01
   47.00      0.4326E-01
   47.10      0.4284E-01
   47.20      0.4243E-01
   47.30      0.4202E-01
   47.40      0.4160E-01
   47.50      0.4119E-01
   47.60      0.4077E-01
   47.70      0.4036E-01
   47.80      0.3994E-01
   47.90      0.3953E-01
   48.00      0.3911E-01
   48.10      0.3869E-01
   48.20      0.3828E-01
   48.30      0.3786E-01
   48.40      0.3744E-01
   48.50      0.3702E-01
   48.60      0.3660E-01
   48.70      0.3619E-01
   48.80      0.3577E-01
   48.90      0.3535E-01
   49.00      0.3494E-01
   49.10      0.3452E-01
   49.20      0.3411E-01
   49.30      0.3369E-01
   49.40      0.3328E-01
   49.50      0.3287E-01
   49.60      0.3246E-01
   49.70      0.3205E-01
   49.80      0.3165E-01
   49.90      0.3124E-01
   50.00      0.3084E-01
   50.10      0.3044E-01
   50.20      0.3005E-01
   50.30      0.2965E-01
   50.40      0.2926E-01
   50.50      0.2887E-01
   50.60      0.2849E-01
   50.70      0.2811E-01
   50.80      0.2773E-01
   50.90      0.2735E-01
   51.00      0.2698E-01
   51.10      0.2662E-01
   51.20      0.2626E-01
   51.30      0.2590E-01
   51.40      0.2555E-01
   51.50      0.2520E-01
   51.60      0.2485E-01
   51.70      0.2452E-01
   51.80      0.2418E-01
   51.90      0.2385E-01
   52.00      0.2353E-01
   52.10      0.2321E-01
   52.20      0.2290E-01
   52.30      0.2259E-01
   52.40      0.2229E-01
   52.50      0.2200E-01
   52.60      0.2171E-01
   52.70      0.2142E-01
   52.80      0.2114E-01
   52.90      0.2087E-01
   53.00      0.2060E-01
   53.10      0.2034E-01
   53.20      0.2009E-01
   53.30      0.1984E-01
   53.40      0.1959E-01
   53.50      0.1935E-01
   53.60      0.1912E-01
   53.70      0.1889E-01
   53.80      0.1867E-01
   53.90      0.1846E-01
   54.00      0.1825E-01
   54.10      0.1804E-01
   54.20      0.1784E-01
   54.30      0.1765E-01
   54.40      0.1746E-01
   54.50      0.1727E-01
   54.60      0.1709E-01
   54.70      0.1692E-01
   54.80      0.1675E-01
   54.90      0.1658E-01
   55.00      0.1642E-01
   55.10      0.1626E-01
   55.20      0.1611E-01
   55.30      0.1596E-01
   55.40      0.1581E-01
   55.50      0.1567E-01
   55.60      0.1553E-01
   55.70      0.1540E-01
   55.80      0.1527E-01
   55.90      0.1514E-01
   56.00      0.1501E-01
   56.10      0.1489E-01
   56.20      0.1477E-01
   56.30      0.1465E-01
   56.40      0.1453E-01
   56.50      0.1442E-01
   56.60      0.1431E-01
   56.70      0.1420E-01
   56.80      0.1409E-01
   56.90      0.1398E-01
   57.00      0.1388E-01
   57.10      0.1378E-01
   57.20      0.1367E-01
   57.30      0.1357E-01
   57.40      0.1347E-01
   57.50      0.1337E-01
   57.60      0.1327E-01
   57.70      0.1317E-01
   57.80      0.1307E-01
   57.90      0.1298E-01
   58.00      0.1288E-01
   58.10      0.1278E-01
   58.20      0.1268E-01
   58.30      0.1259E-01
   58.40      0.1249E-01
   58.50      0.1239E-01
   58.60      0.1229E-01
   58.70      0.1220E-01
   58.80      0.1210E-01
   58.90      0.1200E-01
   59.00      0.1190E-01
   59.10      0.1180E-01
   59.20      0.1170E-01
   59.30      0.1160E-01
   59.40      0.1150E-01
   59.50      0.1140E-01
   59.60      0.1129E-01
   59.70      0.1119E-01
   59.80      0.1109E-01
   59.90      0.1099E-01
   60.00      0.1088E-01
   60.10      0.1078E-01
   60.20      0.1067E-01
   60.30      0.1057E-01
   60.40      0.1046E-01
   60.50      0.1035E-01
   60.60      0.1025E-01
   60.70      0.1014E-01
   60.80      0.1003E-01
   60.90      0.9925E-02
   61.00      0.9817E-02
   61.10      0.9709E-02
   61.20      0.9601E-02
   61.30      0.9492E-02
   61.40      0.9384E-02
   61.50      0.9276E-02
   61.60      0.9167E-02
   61.70      0.9059E-02
   61.80      0.8951E-02
   61.90      0.8843E-02
   62.00      0.8735E-02
   62.10      0.8627E-02
   62.20      0.8520E-02
   62.30      0.8413E-02
   62.40      0.8306E-02
   62.50      0.8200E-02
   62.60      0.8094E-02
   62.70      0.7989E-02
   62.80      0.7885E-02
   62.90      0.7781E-02
   63.00      0.7677E-02
   63.10      0.7575E-02
   63.20      0.7473E-02
   63.30      0.7372E-02
   63.40      0.7272E-02
   63.50      0.7172E-02
   63.60      0.7074E-02
   63.70      0.6976E-02
   63.80      0.6879E-02
   63.90      0.6784E-02
   64.00      0.6689E-02
   64.10      0.6596E-02
   64.20      0.6503E-02
   64.30      0.6412E-02
   64.40      0.6322E-02
   64.50      0.6233E-02
   64.60      0.6145E-02
   64.70      0.6058E-02
   64.80      0.5973E-02
   64.90      0.5889E-02
   65.00      0.5806E-02
   65.10      0.5725E-02
   65.20      0.5645E-02
   65.30      0.5566E-02
   65.40      0.5489E-02
   65.50      0.5413E-02
   65.60      0.5338E-02
   65.70      0.5265E-02
   65.80      0.5193E-02
   65.90      0.5123E-02
   66.00      0.5055E-02
   66.10      0.4987E-02
   66.20      0.4922E-02
   66.30      0.4857E-02
   66.40      0.4795E-02
   66.50      0.4733E-02
   66.60      0.4673E-02
   66.70      0.4615E-02
   66.80      0.4558E-02
   66.90      0.4503E-02
   67.00      0.4449E-02
   67.10      0.4397E-02
   67.20      0.4346E-02
   67.30      0.4296E-02
   67.40      0.4248E-02
   67.50      0.4202E-02
   67.60      0.4156E-02
   67.70      0.4112E-02
   67.80      0.4070E-02
   67.90      0.4029E-02
   68.00      0.3989E-02
   68.10      0.3950E-02
   68.20      0.3913E-02
   68.30      0.3876E-02
   68.40      0.3841E-02
   68.50      0.3808E-02
   68.60      0.3775E-02
   68.70      0.3743E-02
   68.80      0.3713E-02
   68.90      0.3683E-02
   69.00      0.3654E-02
   69.10      0.3626E-02
   69.20      0.3600E-02
   69.30      0.3574E-02
   69.40      0.3548E-02
   69.50      0.3524E-02
   69.60      0.3500E-02
   69.70      0.3477E-02
   69.80      0.3454E-02
   69.90      0.3433E-02
   70.00      0.3411E-02
   70.10      0.3390E-02
   70.20      0.3370E-02
   70.30      0.3350E-02
   70.40      0.3330E-02
   70.50      0.3311E-02
   70.60      0.3292E-02
   70.70      0.3273E-02
   70.80      0.3255E-02
   70.90      0.3236E-02
   71.00      0.3218E-02
   71.10      0.3200E-02
   71.20      0.3182E-02
   71.30      0.3165E-02
   71.40      0.3147E-02
   71.50      0.3129E-02
   71.60      0.3111E-02
   71.70      0.3094E-02
   71.80      0.3076E-02
   71.90      0.3058E-02
   72.00      0.3040E-02
   72.10      0.3022E-02
   72.20      0.3004E-02
   72.30      0.2985E-02
   72.40      0.2967E-02
   72.50      0.2948E-02
   72.60      0.2930E-02
   72.70      0.2911E-02
   72.80      0.2892E-02
   72.90      0.2873E-02
   73.00      0.2853E-02
   73.10      0.2834E-02
   73.20      0.2814E-02
   73.30      0.2794E-02
   73.40      0.2774E-02
   73.50      0.2754E-02
   73.60      0.2733E-02
   73.70      0.2713E-02
   73.80      0.2692E-02
   73.90      0.2671E-02
   74.00      0.2650E-02
   74.10      0.2629E-02
   74.20      0.2607E-02
   74.30      0.2586E-02
   74.40      0.2564E-02
   74.50      0.2542E-02
   74.60      0.2521E-02
   74.70      0.2498E-02
   74.80      0.2476E-02
   74.90      0.2454E-02
   75.00      0.2432E-02
   75.10      0.2409E-02
   75.20      0.2386E-02
   75.30      0.2364E-02
   75.40      0.2341E-02
   75.50      0.2318E-02
   75.60      0.2295E-02
   75.70      0.2272E-02
   75.80      0.2249E-02
   75.90      0.2226E-02
   76.00      0.2203E-02
   76.10      0.2180E-02
   76.20      0.2157E-02
   76.30      0.2133E-02
   76.40      0.2110E-02
   76.50      0.2087E-02
   76.60      0.2064E-02
   76.70      0.2040E-02
   76.80      0.2017E-02
   76.90      0.1994E-02
   77.00      0.1971E-02
   77.10      0.1948E-02
   77.20      0.1925E-02
   77.30      0.1902E-02
   77.40      0.1879E-02
   77.50      0.1856E-02
   77.60      0.1833E-02
   77.70      0.1811E-02
   77.80      0.1788E-02
   77.90      0.1766E-02
   78.00      0.1743E-02
   78.10      0.1721E-02
   78.20      0.1699E-02
   78.30      0.1677E-02
   78.40      0.1656E-02
   78.50      0.1634E-02
   78.60      0.1613E-02
   78.70      0.1592E-02
   78.80      0.1571E-02
   78.90      0.1550E-02
   79.00      0.1530E-02
   79.10      0.1510E-02
   79.20      0.1490E-02
   79.30      0.1470E-02
   79.40      0.1450E-02
   79.50      0.1431E-02
   79.60      0.1412E-02
   79.70      0.1393E-02
   79.80      0.1375E-02
   79.90      0.1357E-02
   80.00      0.1339E-02
   80.10      0.1321E-02
   80.20      0.1304E-02
   80.30      0.1287E-02
   80.40      0.1270E-02
   80.50      0.1254E-02
   80.60      0.1237E-02
   80.70      0.1222E-02
   80.80      0.1206E-02
   80.90      0.1191E-02
   81.00      0.1176E-02
   81.10      0.1161E-02
   81.20      0.1146E-02
   81.30      0.1132E-02
   81.40      0.1118E-02
   81.50      0.1105E-02
   81.60      0.1091E-02
   81.70      0.1078E-02
   81.80      0.1065E-02
   81.90      0.1053E-02
   82.00      0.1040E-02
   82.10      0.1028E-02
   82.20      0.1016E-02
   82.30      0.1004E-02
   82.40      0.9929E-03
   82.50      0.9816E-03
   82.60      0.9705E-03
   82.70      0.9596E-03
   82.80      0.9490E-03
   82.90      0.9385E-03
   83.00      0.9282E-03
   83.10      0.9180E-03
   83.20      0.9081E-03
   83.30      0.8983E-03
   83.40      0.8886E-03
   83.50      0.8792E-03
   83.60      0.8698E-03
   83.70      0.8607E-03
   83.80      0.8517E-03
   83.90      0.8428E-03
   84.00      0.8340E-03
   84.10      0.8254E-03
   84.20      0.8169E-03
   84.30      0.8086E-03
   84.40      0.8004E-03
   84.50      0.7922E-03
   84.60      0.7843E-03
   84.70      0.7764E-03
   84.80      0.7686E-03
   84.90      0.7610E-03
   85.00      0.7535E-03
   85.10      0.7461E-03
   85.20      0.7387E-03
   85.30      0.7315E-03
   85.40      0.7244E-03
   85.50      0.7174E-03
   85.60      0.7106E-03
   85.70      0.7038E-03
   85.80      0.6971E-03
   85.90      0.6905E-03
   86.00      0.6840E-03
   86.10      0.6775E-03
   86.20      0.6712E-03
   86.30      0.6650E-03
   86.40      0.6589E-03
   86.50      0.6528E-03
   86.60      0.6468E-03
   86.70      0.6410E-03
   86.80      0.6352E-03
   86.90      0.6294E-03
   87.00      0.6238E-03
   87.10      0.6183E-03
   87.20      0.6128E-03
   87.30      0.6074E-03
   87.40      0.6021E-03
   87.50      0.5968E-03
   87.60      0.5916E-03
   87.70      0.5865E-03
   87.80      0.5815E-03
   87.90      0.5765E-03
   88.00      0.5716E-03
   88.10      0.5668E-03
   88.20      0.5620E-03
   88.30      0.5573E-03
   88.40      0.5527E-03
   88.50      0.5482E-03
   88.60      0.5437E-03
   88.70      0.5392E-03
   88.80      0.5349E-03
   88.90      0.5306E-03
   89.00      0.5263E-03
   89.10      0.5222E-03
   89.20      0.5181E-03
   89.30      0.5140E-03
   89.40      0.5100E-03
   89.50      0.5061E-03
   89.60      0.5023E-03
   89.70      0.4985E-03
   89.80      0.4948E-03
   89.90      0.4911E-03
   90.00      0.4876E-03
   90.10      0.4840E-03
   90.20      0.4806E-03
   90.30      0.4772E-03
   90.40      0.4739E-03
   90.50      0.4706E-03
   90.60      0.4674E-03
   90.70      0.4643E-03
   90.80      0.4612E-03
   90.90      0.4582E-03
   91.00      0.4552E-03
   91.10      0.4523E-03
   91.20      0.4495E-03
   91.30      0.4467E-03
   91.40      0.4440E-03
   91.50      0.4413E-03
   91.60      0.4387E-03
   91.70      0.4361E-03
   91.80      0.4336E-03
   91.90      0.4311E-03
   92.00      0.4287E-03
   92.10      0.4263E-03
   92.20      0.4239E-03
   92.30      0.4216E-03
   92.40      0.4193E-03
   92.50      0.4170E-03
   92.60      0.4148E-03
   92.70      0.4126E-03
   92.80      0.4104E-03
   92.90      0.4083E-03
   93.00      0.4061E-03
   93.10      0.4040E-03
   93.20      0.4019E-03
   93.30      0.3998E-03
   93.40      0.3978E-03
   93.50      0.3957E-03
   93.60      0.3937E-03
   93.70      0.3916E-03
   93.80      0.3896E-03
   93.90      0.3876E-03
   94.00      0.3856E-03
   94.10      0.3836E-03
   94.20      0.3816E-03
   94.30      0.3796E-03
   94.40      0.3777E-03
   94.50      0.3757E-03
   94.60      0.3738E-03
   94.70      0.3719E-03
   94.80      0.3700E-03
   94.90      0.3681E-03
   95.00      0.3662E-03
   95.10      0.3644E-03
   95.20      0.3626E-03
   95.30      0.3608E-03
   95.40      0.3590E-03
   95.50      0.3573E-03
   95.60      0.3555E-03
   95.70      0.3538E-03
   95.80      0.3522E-03
   95.90      0.3506E-03
   96.00      0.3490E-03
   96.10      0.3474E-03
   96.20      0.3459E-03
   96.30      0.3444E-03
   96.40      0.3430E-03
   96.50      0.3416E-03
   96.60      0.3402E-03
   96.70      0.3389E-03
   96.80      0.3376E-03
   96.90      0.3364E-03
   97.00      0.3352E-03
   97.10      0.3340E-03
   97.20      0.3328E-03
   97.30      0.3317E-03
   97.40      0.3306E-03
   97.50      0.3295E-03
   97.60      0.3284E-03
   97.70      0.3274E-03
   97.80      0.3264E-03
   97.90      0.3254E-03
   98.00      0.3244E-03
   98.10      0.3233E-03
   98.20      0.3223E-03
   98.30      0.3213E-03
   98.40      0.3203E-03
   98.50      0.3193E-03
   98.60      0.3182E-03
   98.70      0.3172E-03
   98.80      0.3161E-03
   98.90      0.3149E-03
   99.00      0.3138E-03
   99.10      0.3126E-03
   99.20      0.3113E-03
   99.30      0.3101E-03
   99.40      0.3087E-03
   99.50      0.3074E-03
   99.60      0.3059E-03
   99.70      0.3044E-03
   99.80      0.3029E-03
   99.90      0.3013E-03
   100.0      0.2996E-03
   100.1      0.2979E-03
   100.2      0.2961E-03
   100.3      0.2943E-03
   100.4      0.2924E-03
   100.5      0.2905E-03
   100.6      0.2884E-03
   100.7      0.2864E-03
   100.8      0.2843E-03
   100.9      0.2821E-03
   101.0      0.2799E-03
   101.1      0.2776E-03
   101.2      0.2753E-03
   101.3      0.2729E-03
   101.4      0.2705E-03
   101.5      0.2681E-03
   101.6      0.2656E-03
   101.7      0.2631E-03
   101.8      0.2606E-03
   101.9      0.2581E-03
   102.0      0.2555E-03
   102.1      0.2530E-03
   102.2      0.2504E-03
   102.3      0.2478E-03
   102.4      0.2453E-03
   102.5      0.2427E-03
   102.6      0.2401E-03
   102.7      0.2376E-03
   102.8      0.2350E-03
   102.9      0.2325E-03
   103.0      0.2300E-03
   103.1      0.2275E-03
   103.2      0.2250E-03
   103.3      0.2226E-03
   103.4      0.2201E-03
   103.5      0.2177E-03
   103.6      0.2154E-03
   103.7      0.2130E-03
   103.8      0.2107E-03
   103.9      0.2084E-03
   104.0      0.2062E-03
   104.1      0.2039E-03
   104.2      0.2017E-03
   104.3      0.1996E-03
   104.4      0.1974E-03
   104.5      0.1953E-03
   104.6      0.1932E-03
   104.7      0.1911E-03
   104.8      0.1891E-03
   104.9      0.1870E-03
   105.0      0.1850E-03
   105.1      0.1830E-03
   105.2      0.1810E-03
   105.3      0.1791E-03
   105.4      0.1771E-03
   105.5      0.1752E-03
   105.6      0.1733E-03
   105.7      0.1714E-03
   105.8      0.1695E-03
   105.9      0.1676E-03
   106.0      0.1657E-03
   106.1      0.1639E-03
   106.2      0.1620E-03
   106.3      0.1602E-03
   106.4      0.1583E-03
   106.5      0.1565E-03
   106.6      0.1547E-03
   106.7      0.1529E-03
   106.8      0.1512E-03
   106.9      0.1494E-03
   107.0      0.1477E-03
   107.1      0.1460E-03
   107.2      0.1443E-03
   107.3      0.1426E-03
   107.4      0.1410E-03
   107.5      0.1393E-03
   107.6      0.1378E-03
   107.7      0.1362E-03
   107.8      0.1347E-03
   107.9      0.1332E-03
   108.0      0.1318E-03
   108.1      0.1304E-03
   108.2      0.1290E-03
   108.3      0.1277E-03
   108.4      0.1264E-03
   108.5      0.1252E-03
   108.6      0.1240E-03
   108.7      0.1228E-03
   108.8      0.1218E-03
   108.9      0.1207E-03
   109.0      0.1197E-03
   109.1      0.1188E-03
   109.2      0.1179E-03
   109.3      0.1171E-03
   109.4      0.1163E-03
   109.5      0.1156E-03
   109.6      0.1149E-03
   109.7      0.1142E-03
   109.8      0.1137E-03
   109.9      0.1131E-03
   110.0      0.1126E-03
   110.1      0.1121E-03
   110.2      0.1117E-03
   110.3      0.1113E-03
   110.4      0.1110E-03
   110.5      0.1106E-03
   110.6      0.1104E-03
   110.7      0.1101E-03
   110.8      0.1099E-03
   110.9      0.1096E-03
   111.0      0.1094E-03
   111.1      0.1093E-03
   111.2      0.1091E-03
   111.3      0.1090E-03
   111.4      0.1088E-03
   111.5      0.1087E-03
   111.6      0.1086E-03
   111.7      0.1085E-03
   111.8      0.1084E-03
   111.9      0.1083E-03
   112.0      0.1082E-03
   112.1      0.1081E-03
   112.2      0.1081E-03
   112.3      0.1080E-03
   112.4      0.1079E-03
   112.5      0.1078E-03
   112.6      0.1077E-03
   112.7      0.1076E-03
   112.8      0.1076E-03
   112.9      0.1075E-03
   113.0      0.1074E-03
   113.1      0.1073E-03
   113.2      0.1072E-03
   113.3      0.1071E-03
   113.4      0.1071E-03
   113.5      0.1070E-03
   113.6      0.1069E-03
   113.7      0.1069E-03
   113.8      0.1068E-03
   113.9      0.1068E-03
   114.0      0.1067E-03
   114.1      0.1067E-03
   114.2      0.1067E-03
   114.3      0.1067E-03
   114.4      0.1067E-03
   114.5      0.1067E-03
   114.6      0.1067E-03
   114.7      0.1068E-03
   114.8      0.1068E-03
   114.9      0.1069E-03
   115.0      0.1069E-03
   115.1      0.1070E-03
   115.2      0.1071E-03
   115.3      0.1072E-03
   115.4      0.1073E-03
   115.5      0.1074E-03
   115.6      0.1075E-03
   115.7      0.1077E-03
   115.8      0.1078E-03
   115.9      0.1079E-03
   116.0      0.1081E-03
   116.1      0.1082E-03
   116.2      0.1083E-03
   116.3      0.1085E-03
   116.4      0.1086E-03
   116.5      0.1087E-03
   116.6      0.1088E-03
   116.7      0.1089E-03
   116.8      0.1090E-03
   116.9      0.1091E-03
   117.0      0.1092E-03
   117.1      0.1093E-03
   117.2      0.1093E-03
   117.3      0.1093E-03
   117.4      0.1094E-03
   117.5      0.1094E-03
   117.6      0.1093E-03
   117.7      0.1093E-03
   117.8      0.1093E-03
   117.9      0.1092E-03
   118.0      0.1091E-03
   118.1      0.1090E-03
   118.2      0.1089E-03
   118.3      0.1088E-03
   118.4      0.1087E-03
   118.5      0.1085E-03
   118.6      0.1084E-03
   118.7      0.1082E-03
   118.8      0.1081E-03
   118.9      0.1079E-03
   119.0      0.1077E-03
   119.1      0.1075E-03
   119.2      0.1073E-03
   119.3      0.1071E-03
   119.4      0.1070E-03
   119.5      0.1068E-03
   119.6      0.1066E-03
   119.7      0.1064E-03
   119.8      0.1062E-03
   119.9      0.1061E-03
   120.0      0.1059E-03
   120.1      0.1057E-03
   120.2      0.1056E-03
   120.3      0.1055E-03
   120.4      0.1053E-03
   120.5      0.1052E-03
   120.6      0.1051E-03
   120.7      0.1050E-03
   120.8      0.1049E-03
   120.9      0.1048E-03
   121.0      0.1047E-03
   121.1      0.1046E-03
   121.2      0.1046E-03
   121.3      0.1045E-03
   121.4      0.1044E-03
   121.5      0.1043E-03
   121.6      0.1043E-03
   121.7      0.1042E-03
   121.8      0.1041E-03
   121.9      0.1040E-03
   122.0      0.1039E-03
   122.1      0.1038E-03
   122.2      0.1037E-03
   122.3      0.1035E-03
   122.4      0.1034E-03
   122.5      0.1032E-03
   122.6      0.1031E-03
   122.7      0.1029E-03
   122.8      0.1026E-03
   122.9      0.1024E-03
   123.0      0.1021E-03
   123.1      0.1019E-03
   123.2      0.1015E-03
   123.3      0.1012E-03
   123.4      0.1009E-03
   123.5      0.1005E-03
   123.6      0.1001E-03
   123.7      0.9971E-04
   123.8      0.9928E-04
   123.9      0.9883E-04
   124.0      0.9837E-04
   124.1      0.9789E-04
   124.2      0.9740E-04
   124.3      0.9690E-04
   124.4      0.9639E-04
   124.5      0.9587E-04
   124.6      0.9535E-04
   124.7      0.9482E-04
   124.8      0.9430E-04
   124.9      0.9378E-04
   125.0      0.9326E-04
   125.1      0.9275E-04
   125.2      0.9225E-04
   125.3      0.9176E-04
   125.4      0.9128E-04
   125.5      0.9083E-04
   125.6      0.9039E-04
   125.7      0.8997E-04
   125.8      0.8957E-04
   125.9      0.8919E-04
   126.0      0.8884E-04
   126.1      0.8851E-04
   126.2      0.8821E-04
   126.3      0.8794E-04
   126.4      0.8769E-04
   126.5      0.8747E-04
   126.6      0.8728E-04
   126.7      0.8712E-04
   126.8      0.8698E-04
   126.9      0.8686E-04
   127.0      0.8677E-04
   127.1      0.8670E-04
   127.2      0.8665E-04
   127.3      0.8663E-04
   127.4      0.8662E-04
   127.5      0.8662E-04
   127.6      0.8664E-04
   127.7      0.8667E-04
   127.8      0.8671E-04
   127.9      0.8676E-04
   128.0      0.8681E-04
   128.1      0.8686E-04
   128.2      0.8692E-04
   128.3      0.8697E-04
   128.4      0.8701E-04
   128.5      0.8705E-04
   128.6      0.8708E-04
   128.7      0.8710E-04
   128.8      0.8711E-04
   128.9      0.8711E-04
   129.0      0.8709E-04
   129.1      0.8705E-04
   129.2      0.8700E-04
   129.3      0.8693E-04
   129.4      0.8684E-04
   129.5      0.8674E-04
   129.6      0.8662E-04
   129.7      0.8648E-04
   129.8      0.8632E-04
   129.9      0.8615E-04
   130.0      0.8597E-04
   130.1      0.8577E-04
   130.2      0.8556E-04
   130.3      0.8534E-04
   130.4      0.8511E-04
   130.5      0.8488E-04
   130.6      0.8464E-04
   130.7      0.8440E-04
   130.8      0.8416E-04
   130.9      0.8392E-04
   131.0      0.8368E-04
   131.1      0.8346E-04
   131.2      0.8324E-04
   131.3      0.8304E-04
   131.4      0.8285E-04
   131.5      0.8267E-04
   131.6      0.8251E-04
   131.7      0.8238E-04
   131.8      0.8226E-04
   131.9      0.8217E-04
   132.0      0.8210E-04
   132.1      0.8205E-04
   132.2      0.8203E-04
   132.3      0.8204E-04
   132.4      0.8207E-04
   132.5      0.8213E-04
   132.6      0.8221E-04
   132.7      0.8233E-04
   132.8      0.8246E-04
   132.9      0.8262E-04
   133.0      0.8281E-04
   133.1      0.8301E-04
   133.2      0.8324E-04
   133.3      0.8348E-04
   133.4      0.8374E-04
   133.5      0.8402E-04
   133.6      0.8431E-04
   133.7      0.8460E-04
   133.8      0.8491E-04
   133.9      0.8522E-04
   134.0      0.8554E-04
   134.1      0.8586E-04
   134.2      0.8617E-04
   134.3      0.8648E-04
   134.4      0.8679E-04
   134.5      0.8709E-04
   134.6      0.8738E-04
   134.7      0.8766E-04
   134.8      0.8792E-04
   134.9      0.8817E-04
   135.0      0.8841E-04
   135.1      0.8863E-04
   135.2      0.8883E-04
   135.3      0.8901E-04
   135.4      0.8918E-04
   135.5      0.8933E-04
   135.6      0.8945E-04
   135.7      0.8957E-04
   135.8      0.8966E-04
   135.9      0.8974E-04
   136.0      0.8980E-04
   136.1      0.8984E-04
   136.2      0.8988E-04
   136.3      0.8990E-04
   136.4      0.8991E-04
   136.5      0.8992E-04
   136.6      0.8991E-04
   136.7      0.8991E-04
   136.8      0.8990E-04
   136.9      0.8989E-04
   137.0      0.8988E-04
   137.1      0.8988E-04
   137.2      0.8988E-04
   137.3      0.8989E-04
   137.4      0.8991E-04
   137.5      0.8994E-04
   137.6      0.8998E-04
   137.7      0.9004E-04
   137.8      0.9011E-04
   137.9      0.9019E-04
   138.0      0.9030E-04
   138.1      0.9042E-04
   138.2      0.9055E-04
   138.3      0.9071E-04
   138.4      0.9088E-04
   138.5      0.9107E-04
   138.6      0.9128E-04
   138.7      0.9150E-04
   138.8      0.9173E-04
   138.9      0.9198E-04
   139.0      0.9225E-04
   139.1      0.9252E-04
   139.2      0.9280E-04
   139.3      0.9309E-04
   139.4      0.9338E-04
   139.5      0.9368E-04
   139.6      0.9397E-04
   139.7      0.9427E-04
   139.8      0.9456E-04
   139.9      0.9485E-04
   140.0      0.9513E-04
   140.1      0.9539E-04
   140.2      0.9565E-04
   140.3      0.9589E-04
   140.4      0.9612E-04
   140.5      0.9633E-04
   140.6      0.9652E-04
   140.7      0.9669E-04
   140.8      0.9684E-04
   140.9      0.9697E-04
   141.0      0.9707E-04
   141.1      0.9715E-04
   141.2      0.9721E-04
   141.3      0.9725E-04
   141.4      0.9727E-04
   141.5      0.9726E-04
   141.6      0.9723E-04
   141.7      0.9719E-04
   141.8      0.9712E-04
   141.9      0.9704E-04
   142.0      0.9694E-04
   142.1      0.9683E-04
   142.2      0.9671E-04
   142.3      0.9659E-04
   142.4      0.9645E-04
   142.5      0.9631E-04
   142.6      0.9617E-04
   142.7      0.9603E-04
   142.8      0.9590E-04
   142.9      0.9577E-04
   143.0      0.9564E-04
   143.1      0.9553E-04
   143.2      0.9544E-04
   143.3      0.9535E-04
   143.4      0.9529E-04
   143.5      0.9524E-04
   143.6      0.9521E-04
   143.7      0.9521E-04
   143.8      0.9522E-04
   143.9      0.9526E-04
   144.0      0.9533E-04
   144.1      0.9542E-04
   144.2      0.9553E-04
   144.3      0.9567E-04
   144.4      0.9583E-04
   144.5      0.9602E-04
   144.6      0.9623E-04
   144.7      0.9645E-04
   144.8      0.9670E-04
   144.9      0.9697E-04
   145.0      0.9725E-04
   145.1      0.9755E-04
   145.2      0.9785E-04
   145.3      0.9817E-04
   145.4      0.9850E-04
   145.5      0.9882E-04
   145.6      0.9915E-04
   145.7      0.9948E-04
   145.8      0.9981E-04
   145.9      0.1001E-03
   146.0      0.1004E-03
   146.1      0.1007E-03
   146.2      0.1010E-03
   146.3      0.1013E-03
   146.4      0.1016E-03
   146.5      0.1018E-03
   146.6      0.1020E-03
   146.7      0.1022E-03
   146.8      0.1024E-03
   146.9      0.1025E-03
   147.0      0.1026E-03
   147.1      0.1027E-03
   147.2      0.1028E-03
   147.3      0.1028E-03
   147.4      0.1029E-03
   147.5      0.1029E-03
   147.6      0.1028E-03
   147.7      0.1028E-03
   147.8      0.1027E-03
   147.9      0.1027E-03
   148.0      0.1026E-03
   148.1      0.1025E-03
   148.2      0.1024E-03
   148.3      0.1022E-03
   148.4      0.1021E-03
   148.5      0.1020E-03
   148.6      0.1019E-03
   148.7      0.1018E-03
   148.8      0.1017E-03
   148.9      0.1016E-03
   149.0      0.1015E-03
   149.1      0.1014E-03
   149.2      0.1014E-03
   149.3      0.1013E-03
   149.4      0.1013E-03
   149.5      0.1014E-03
   149.6      0.1014E-03
   149.7      0.1015E-03
   149.8      0.1016E-03
   149.9      0.1018E-03
   150.0      0.1019E-03
   150.1      0.1021E-03
   150.2      0.1024E-03
   150.3      0.1027E-03
   150.4      0.1030E-03
   150.5      0.1033E-03
   150.6      0.1037E-03
   150.7      0.1041E-03
   150.8      0.1046E-03
   150.9      0.1050E-03
   151.0      0.1055E-03
   151.1      0.1060E-03
   151.2      0.1066E-03
   151.3      0.1071E-03
   151.4      0.1077E-03
   151.5      0.1083E-03
   151.6      0.1089E-03
   151.7      0.1095E-03
   151.8      0.1101E-03
   151.9      0.1107E-03
   152.0      0.1113E-03
   152.1      0.1119E-03
   152.2      0.1124E-03
   152.3      0.1130E-03
   152.4      0.1136E-03
   152.5      0.1141E-03
   152.6      0.1147E-03
   152.7      0.1152E-03
   152.8      0.1157E-03
   152.9      0.1162E-03
   153.0      0.1167E-03
   153.1      0.1171E-03
   153.2      0.1175E-03
   153.3      0.1179E-03
   153.4      0.1183E-03
   153.5      0.1186E-03
   153.6      0.1190E-03
   153.7      0.1193E-03
   153.8      0.1196E-03
   153.9      0.1199E-03
   154.0      0.1201E-03
   154.1      0.1204E-03
   154.2      0.1206E-03
   154.3      0.1209E-03
   154.4      0.1211E-03
   154.5      0.1214E-03
   154.6      0.1216E-03
   154.7      0.1218E-03
   154.8      0.1221E-03
   154.9      0.1223E-03
   155.0      0.1226E-03
   155.1      0.1229E-03
   155.2      0.1232E-03
   155.3      0.1235E-03
   155.4      0.1239E-03
   155.5      0.1243E-03
   155.6      0.1247E-03
   155.7      0.1251E-03
   155.8      0.1256E-03
   155.9      0.1261E-03
   156.0      0.1266E-03
   156.1      0.1271E-03
   156.2      0.1277E-03
   156.3      0.1284E-03
   156.4      0.1290E-03
   156.5      0.1297E-03
   156.6      0.1304E-03
   156.7      0.1312E-03
   156.8      0.1320E-03
   156.9      0.1328E-03
   157.0      0.1336E-03
   157.1      0.1345E-03
   157.2      0.1354E-03
   157.3      0.1363E-03
   157.4      0.1373E-03
   157.5      0.1382E-03
   157.6      0.1392E-03
   157.7      0.1401E-03
   157.8      0.1411E-03
   157.9      0.1421E-03
   158.0      0.1431E-03
   158.1      0.1441E-03
   158.2      0.1450E-03
   158.3      0.1460E-03
   158.4      0.1470E-03
   158.5      0.1479E-03
   158.6      0.1489E-03
   158.7      0.1498E-03
   158.8      0.1507E-03
   158.9      0.1517E-03
   159.0      0.1525E-03
   159.1      0.1534E-03
   159.2      0.1543E-03
   159.3      0.1551E-03
   159.4      0.1559E-03
   159.5      0.1567E-03
   159.6      0.1575E-03
   159.7      0.1583E-03
   159.8      0.1590E-03
   159.9      0.1597E-03
   160.0      0.1605E-03
   160.1      0.1612E-03
   160.2      0.1619E-03
   160.3      0.1625E-03
   160.4      0.1632E-03
   160.5      0.1639E-03
   160.6      0.1645E-03
   160.7      0.1652E-03
   160.8      0.1659E-03
   160.9      0.1665E-03
   161.0      0.1672E-03
   161.1      0.1679E-03
   161.2      0.1685E-03
   161.3      0.1692E-03
   161.4      0.1699E-03
   161.5      0.1706E-03
   161.6      0.1714E-03
   161.7      0.1721E-03
   161.8      0.1728E-03
   161.9      0.1736E-03
   162.0      0.1744E-03
   162.1      0.1752E-03
   162.2      0.1760E-03
   162.3      0.1769E-03
   162.4      0.1778E-03
   162.5      0.1786E-03
   162.6      0.1795E-03
   162.7      0.1805E-03
   162.8      0.1814E-03
   162.9      0.1824E-03
   163.0      0.1834E-03
   163.1      0.1844E-03
   163.2      0.1855E-03
   163.3      0.1865E-03
   163.4      0.1876E-03
   163.5      0.1887E-03
   163.6      0.1899E-03
   163.7      0.1910E-03
   163.8      0.1922E-03
   163.9      0.1934E-03
   164.0      0.1947E-03
   164.1      0.1960E-03
   164.2      0.1973E-03
   164.3      0.1986E-03
   164.4      0.2000E-03
   164.5      0.2014E-03
   164.6      0.2029E-03
   164.7      0.2044E-03
   164.8      0.2059E-03
   164.9      0.2075E-03
   165.0      0.2092E-03
   165.1      0.2109E-03
   165.2      0.2127E-03
   165.3      0.2145E-03
   165.4      0.2164E-03
   165.5      0.2184E-03
   165.6      0.2205E-03
   165.7      0.2226E-03
   165.8      0.2249E-03
   165.9      0.2272E-03
   166.0      0.2296E-03
   166.1      0.2322E-03
   166.2      0.2348E-03
   166.3      0.2375E-03
   166.4      0.2404E-03
   166.5      0.2433E-03
   166.6      0.2464E-03
   166.7      0.2496E-03
   166.8      0.2529E-03
   166.9      0.2563E-03
   167.0      0.2598E-03
   167.1      0.2635E-03
   167.2      0.2672E-03
   167.3      0.2711E-03
   167.4      0.2751E-03
   167.5      0.2792E-03
   167.6      0.2834E-03
   167.7      0.2877E-03
   167.8      0.2921E-03
   167.9      0.2966E-03
   168.0      0.3012E-03
   168.1      0.3059E-03
   168.2      0.3106E-03
   168.3      0.3154E-03
   168.4      0.3203E-03
   168.5      0.3252E-03
   168.6      0.3301E-03
   168.7      0.3350E-03
   168.8      0.3400E-03
   168.9      0.3450E-03
   169.0      0.3500E-03
   169.1      0.3549E-03
   169.2      0.3598E-03
   169.3      0.3647E-03
   169.4      0.3696E-03
   169.5      0.3743E-03
   169.6      0.3790E-03
   169.7      0.3837E-03
   169.8      0.3882E-03
   169.9      0.3926E-03
   170.0      0.3969E-03
   170.1      0.4011E-03
   170.2      0.4051E-03
   170.3      0.4091E-03
   170.4      0.4128E-03
   170.5      0.4164E-03
   170.6      0.4199E-03
   170.7      0.4232E-03
   170.8      0.4263E-03
   170.9      0.4292E-03
   171.0      0.4320E-03
   171.1      0.4346E-03
   171.2      0.4369E-03
   171.3      0.4392E-03
   171.4      0.4412E-03
   171.5      0.4430E-03
   171.6      0.4447E-03
   171.7      0.4461E-03
   171.8      0.4474E-03
   171.9      0.4485E-03
   172.0      0.4495E-03
   172.1      0.4502E-03
   172.2      0.4509E-03
   172.3      0.4513E-03
   172.4      0.4516E-03
   172.5      0.4517E-03
   172.6      0.4518E-03
   172.7      0.4516E-03
   172.8      0.4514E-03
   172.9      0.4510E-03
   173.0      0.4505E-03
   173.1      0.4499E-03
   173.2      0.4492E-03
   173.3      0.4484E-03
   173.4      0.4475E-03
   173.5      0.4465E-03
   173.6      0.4455E-03
   173.7      0.4444E-03
   173.8      0.4432E-03
   173.9      0.4419E-03
   174.0      0.4406E-03
   174.1      0.4393E-03
   174.2      0.4379E-03
   174.3      0.4365E-03
   174.4      0.4350E-03
   174.5      0.4335E-03
   174.6      0.4319E-03
   174.7      0.4304E-03
   174.8      0.4288E-03
   174.9      0.4271E-03
   175.0      0.4255E-03
   175.1      0.4238E-03
   175.2      0.4221E-03
   175.3      0.4204E-03
   175.4      0.4187E-03
   175.5      0.4169E-03
   175.6      0.4151E-03
   175.7      0.4133E-03
   175.8      0.4115E-03
   175.9      0.4097E-03
   176.0      0.4078E-03
   176.1      0.4059E-03
   176.2      0.4040E-03
   176.3      0.4021E-03
   176.4      0.4001E-03
   176.5      0.3982E-03
   176.6      0.3962E-03
   176.7      0.3942E-03
   176.8      0.3922E-03
   176.9      0.3902E-03
   177.0      0.3882E-03
   177.1      0.3862E-03
   177.2      0.3842E-03
   177.3      0.3822E-03
   177.4      0.3802E-03
   177.5      0.3782E-03
   177.6      0.3762E-03
   177.7      0.3743E-03
   177.8      0.3724E-03
   177.9      0.3705E-03
   178.0      0.3686E-03
   178.1      0.3668E-03
   178.2      0.3650E-03
   178.3      0.3633E-03
   178.4      0.3617E-03
   178.5      0.3601E-03
   178.6      0.3586E-03
   178.7      0.3571E-03
   178.8      0.3558E-03
   178.9      0.3545E-03
   179.0      0.3533E-03
   179.1      0.3522E-03
   179.2      0.3513E-03
   179.3      0.3504E-03
   179.4      0.3496E-03
   179.5      0.3490E-03
   179.6      0.3484E-03
   179.7      0.3480E-03
   179.8      0.3477E-03
   179.9      0.3475E-03
   180.0      0.3475E-03
 END
