#1801 angles,  1 tensor ranks for 0=projectile
@subtitle   "12C(7Li,6Li)13C @ Ed=70 MeV;"                                                  
@legend ON
@legend x1 0.2
@legend y1 0.8
@g0 type LOGY
@yaxis ticklabel format power
@legend string   0 "Lab energy =   70.0000"
#legend string   0 "Partition=  2 Excit=  2 near/far= 1"
#  Theta       sigma       iT11        T20         T21         T22         Kyy for projectile
   0.000      0.1392    
  0.1000      0.1438    
  0.2000      0.1574    
  0.3000      0.1801    
  0.4000      0.2118    
  0.5000      0.2523    
  0.6000      0.3014    
  0.7000      0.3590    
  0.8000      0.4247    
  0.9000      0.4983    
   1.000      0.5795    
   1.100      0.6680    
   1.200      0.7633    
   1.300      0.8650    
   1.400      0.9728    
   1.500       1.086    
   1.600       1.204    
   1.700       1.327    
   1.800       1.454    
   1.900       1.585    
   2.000       1.718    
   2.100       1.854    
   2.200       1.992    
   2.300       2.131    
   2.400       2.271    
   2.500       2.410    
   2.600       2.550    
   2.700       2.688    
   2.800       2.825    
   2.900       2.959    
   3.000       3.091    
   3.100       3.220    
   3.200       3.345    
   3.300       3.465    
   3.400       3.581    
   3.500       3.692    
   3.600       3.798    
   3.700       3.897    
   3.800       3.991    
   3.900       4.077    
   4.000       4.157    
   4.100       4.229    
   4.200       4.294    
   4.300       4.351    
   4.400       4.401    
   4.500       4.442    
   4.600       4.475    
   4.700       4.500    
   4.800       4.517    
   4.900       4.526    
   5.000       4.526    
   5.100       4.519    
   5.200       4.503    
   5.300       4.479    
   5.400       4.448    
   5.500       4.409    
   5.600       4.362    
   5.700       4.309    
   5.800       4.248    
   5.900       4.181    
   6.000       4.107    
   6.100       4.028    
   6.200       3.943    
   6.300       3.853    
   6.400       3.757    
   6.500       3.658    
   6.600       3.554    
   6.700       3.446    
   6.800       3.335    
   6.900       3.222    
   7.000       3.106    
   7.100       2.987    
   7.200       2.868    
   7.300       2.747    
   7.400       2.625    
   7.500       2.503    
   7.600       2.381    
   7.700       2.259    
   7.800       2.139    
   7.900       2.019    
   8.000       1.901    
   8.100       1.785    
   8.200       1.671    
   8.300       1.559    
   8.400       1.451    
   8.500       1.345    
   8.600       1.243    
   8.700       1.144    
   8.800       1.049    
   8.900      0.9581    
   9.000      0.8711    
   9.100      0.7884    
   9.200      0.7100    
   9.300      0.6361    
   9.400      0.5667    
   9.500      0.5019    
   9.600      0.4417    
   9.700      0.3862    
   9.800      0.3353    
   9.900      0.2890    
   10.00      0.2473    
   10.10      0.2101    
   10.20      0.1774    
   10.30      0.1490    
   10.40      0.1249    
   10.50      0.1048    
   10.60      0.8878E-01
   10.70      0.7656E-01
   10.80      0.6803E-01
   10.90      0.6302E-01
   11.00      0.6133E-01
   11.10      0.6281E-01
   11.20      0.6724E-01
   11.30      0.7444E-01
   11.40      0.8421E-01
   11.50      0.9635E-01
   11.60      0.1106    
   11.70      0.1269    
   11.80      0.1449    
   11.90      0.1644    
   12.00      0.1853    
   12.10      0.2073    
   12.20      0.2302    
   12.30      0.2539    
   12.40      0.2781    
   12.50      0.3027    
   12.60      0.3275    
   12.70      0.3523    
   12.80      0.3770    
   12.90      0.4014    
   13.00      0.4253    
   13.10      0.4487    
   13.20      0.4713    
   13.30      0.4932    
   13.40      0.5141    
   13.50      0.5340    
   13.60      0.5528    
   13.70      0.5703    
   13.80      0.5866    
   13.90      0.6016    
   14.00      0.6152    
   14.10      0.6273    
   14.20      0.6380    
   14.30      0.6472    
   14.40      0.6549    
   14.50      0.6611    
   14.60      0.6658    
   14.70      0.6690    
   14.80      0.6708    
   14.90      0.6710    
   15.00      0.6699    
   15.10      0.6673    
   15.20      0.6634    
   15.30      0.6581    
   15.40      0.6517    
   15.50      0.6440    
   15.60      0.6351    
   15.70      0.6252    
   15.80      0.6142    
   15.90      0.6023    
   16.00      0.5896    
   16.10      0.5760    
   16.20      0.5616    
   16.30      0.5466    
   16.40      0.5310    
   16.50      0.5148    
   16.60      0.4982    
   16.70      0.4812    
   16.80      0.4639    
   16.90      0.4463    
   17.00      0.4286    
   17.10      0.4107    
   17.20      0.3928    
   17.30      0.3749    
   17.40      0.3571    
   17.50      0.3394    
   17.60      0.3218    
   17.70      0.3046    
   17.80      0.2875    
   17.90      0.2708    
   18.00      0.2545    
   18.10      0.2385    
   18.20      0.2230    
   18.30      0.2080    
   18.40      0.1934    
   18.50      0.1794    
   18.60      0.1659    
   18.70      0.1530    
   18.80      0.1406    
   18.90      0.1289    
   19.00      0.1177    
   19.10      0.1072    
   19.20      0.9725E-01
   19.30      0.8794E-01
   19.40      0.7924E-01
   19.50      0.7115E-01
   19.60      0.6367E-01
   19.70      0.5680E-01
   19.80      0.5051E-01
   19.90      0.4482E-01
   20.00      0.3969E-01
   20.10      0.3512E-01
   20.20      0.3109E-01
   20.30      0.2759E-01
   20.40      0.2459E-01
   20.50      0.2209E-01
   20.60      0.2005E-01
   20.70      0.1846E-01
   20.80      0.1730E-01
   20.90      0.1655E-01
   21.00      0.1618E-01
   21.10      0.1618E-01
   21.20      0.1651E-01
   21.30      0.1716E-01
   21.40      0.1811E-01
   21.50      0.1932E-01
   21.60      0.2078E-01
   21.70      0.2247E-01
   21.80      0.2437E-01
   21.90      0.2644E-01
   22.00      0.2868E-01
   22.10      0.3106E-01
   22.20      0.3355E-01
   22.30      0.3615E-01
   22.40      0.3883E-01
   22.50      0.4157E-01
   22.60      0.4435E-01
   22.70      0.4717E-01
   22.80      0.4999E-01
   22.90      0.5281E-01
   23.00      0.5561E-01
   23.10      0.5838E-01
   23.20      0.6110E-01
   23.30      0.6376E-01
   23.40      0.6635E-01
   23.50      0.6887E-01
   23.60      0.7129E-01
   23.70      0.7361E-01
   23.80      0.7583E-01
   23.90      0.7793E-01
   24.00      0.7991E-01
   24.10      0.8176E-01
   24.20      0.8348E-01
   24.30      0.8506E-01
   24.40      0.8650E-01
   24.50      0.8779E-01
   24.60      0.8894E-01
   24.70      0.8994E-01
   24.80      0.9080E-01
   24.90      0.9150E-01
   25.00      0.9205E-01
   25.10      0.9246E-01
   25.20      0.9271E-01
   25.30      0.9282E-01
   25.40      0.9279E-01
   25.50      0.9261E-01
   25.60      0.9229E-01
   25.70      0.9184E-01
   25.80      0.9125E-01
   25.90      0.9054E-01
   26.00      0.8970E-01
   26.10      0.8875E-01
   26.20      0.8768E-01
   26.30      0.8650E-01
   26.40      0.8521E-01
   26.50      0.8382E-01
   26.60      0.8235E-01
   26.70      0.8078E-01
   26.80      0.7913E-01
   26.90      0.7740E-01
   27.00      0.7560E-01
   27.10      0.7374E-01
   27.20      0.7182E-01
   27.30      0.6985E-01
   27.40      0.6783E-01
   27.50      0.6577E-01
   27.60      0.6367E-01
   27.70      0.6154E-01
   27.80      0.5939E-01
   27.90      0.5723E-01
   28.00      0.5505E-01
   28.10      0.5286E-01
   28.20      0.5067E-01
   28.30      0.4849E-01
   28.40      0.4631E-01
   28.50      0.4415E-01
   28.60      0.4201E-01
   28.70      0.3989E-01
   28.80      0.3781E-01
   28.90      0.3575E-01
   29.00      0.3373E-01
   29.10      0.3175E-01
   29.20      0.2981E-01
   29.30      0.2792E-01
   29.40      0.2608E-01
   29.50      0.2430E-01
   29.60      0.2257E-01
   29.70      0.2090E-01
   29.80      0.1929E-01
   29.90      0.1775E-01
   30.00      0.1628E-01
   30.10      0.1487E-01
   30.20      0.1353E-01
   30.30      0.1226E-01
   30.40      0.1107E-01
   30.50      0.9942E-02
   30.60      0.8892E-02
   30.70      0.7915E-02
   30.80      0.7013E-02
   30.90      0.6185E-02
   31.00      0.5430E-02
   31.10      0.4749E-02
   31.20      0.4140E-02
   31.30      0.3603E-02
   31.40      0.3137E-02
   31.50      0.2741E-02
   31.60      0.2413E-02
   31.70      0.2151E-02
   31.80      0.1954E-02
   31.90      0.1821E-02
   32.00      0.1748E-02
   32.10      0.1734E-02
   32.20      0.1776E-02
   32.30      0.1873E-02
   32.40      0.2020E-02
   32.50      0.2217E-02
   32.60      0.2459E-02
   32.70      0.2744E-02
   32.80      0.3070E-02
   32.90      0.3432E-02
   33.00      0.3829E-02
   33.10      0.4257E-02
   33.20      0.4712E-02
   33.30      0.5192E-02
   33.40      0.5694E-02
   33.50      0.6214E-02
   33.60      0.6750E-02
   33.70      0.7297E-02
   33.80      0.7854E-02
   33.90      0.8417E-02
   34.00      0.8983E-02
   34.10      0.9550E-02
   34.20      0.1011E-01
   34.30      0.1067E-01
   34.40      0.1122E-01
   34.50      0.1176E-01
   34.60      0.1229E-01
   34.70      0.1281E-01
   34.80      0.1330E-01
   34.90      0.1378E-01
   35.00      0.1423E-01
   35.10      0.1467E-01
   35.20      0.1507E-01
   35.30      0.1546E-01
   35.40      0.1581E-01
   35.50      0.1614E-01
   35.60      0.1644E-01
   35.70      0.1671E-01
   35.80      0.1694E-01
   35.90      0.1715E-01
   36.00      0.1732E-01
   36.10      0.1747E-01
   36.20      0.1758E-01
   36.30      0.1765E-01
   36.40      0.1770E-01
   36.50      0.1772E-01
   36.60      0.1770E-01
   36.70      0.1765E-01
   36.80      0.1758E-01
   36.90      0.1747E-01
   37.00      0.1734E-01
   37.10      0.1718E-01
   37.20      0.1700E-01
   37.30      0.1679E-01
   37.40      0.1655E-01
   37.50      0.1630E-01
   37.60      0.1602E-01
   37.70      0.1572E-01
   37.80      0.1541E-01
   37.90      0.1507E-01
   38.00      0.1473E-01
   38.10      0.1437E-01
   38.20      0.1399E-01
   38.30      0.1361E-01
   38.40      0.1322E-01
   38.50      0.1281E-01
   38.60      0.1241E-01
   38.70      0.1199E-01
   38.80      0.1158E-01
   38.90      0.1116E-01
   39.00      0.1074E-01
   39.10      0.1032E-01
   39.20      0.9900E-02
   39.30      0.9484E-02
   39.40      0.9071E-02
   39.50      0.8663E-02
   39.60      0.8261E-02
   39.70      0.7865E-02
   39.80      0.7476E-02
   39.90      0.7096E-02
   40.00      0.6724E-02
   40.10      0.6362E-02
   40.20      0.6009E-02
   40.30      0.5667E-02
   40.40      0.5336E-02
   40.50      0.5016E-02
   40.60      0.4708E-02
   40.70      0.4412E-02
   40.80      0.4128E-02
   40.90      0.3856E-02
   41.00      0.3596E-02
   41.10      0.3349E-02
   41.20      0.3114E-02
   41.30      0.2892E-02
   41.40      0.2682E-02
   41.50      0.2485E-02
   41.60      0.2299E-02
   41.70      0.2126E-02
   41.80      0.1964E-02
   41.90      0.1813E-02
   42.00      0.1674E-02
   42.10      0.1546E-02
   42.20      0.1429E-02
   42.30      0.1321E-02
   42.40      0.1224E-02
   42.50      0.1137E-02
   42.60      0.1059E-02
   42.70      0.9903E-03
   42.80      0.9301E-03
   42.90      0.8782E-03
   43.00      0.8343E-03
   43.10      0.7980E-03
   43.20      0.7689E-03
   43.30      0.7467E-03
   43.40      0.7311E-03
   43.50      0.7216E-03
   43.60      0.7180E-03
   43.70      0.7199E-03
   43.80      0.7269E-03
   43.90      0.7388E-03
   44.00      0.7551E-03
   44.10      0.7756E-03
   44.20      0.7999E-03
   44.30      0.8278E-03
   44.40      0.8589E-03
   44.50      0.8930E-03
   44.60      0.9297E-03
   44.70      0.9688E-03
   44.80      0.1010E-02
   44.90      0.1053E-02
   45.00      0.1098E-02
   45.10      0.1143E-02
   45.20      0.1190E-02
   45.30      0.1238E-02
   45.40      0.1287E-02
   45.50      0.1336E-02
   45.60      0.1384E-02
   45.70      0.1433E-02
   45.80      0.1482E-02
   45.90      0.1530E-02
   46.00      0.1578E-02
   46.10      0.1625E-02
   46.20      0.1671E-02
   46.30      0.1715E-02
   46.40      0.1759E-02
   46.50      0.1801E-02
   46.60      0.1841E-02
   46.70      0.1880E-02
   46.80      0.1917E-02
   46.90      0.1952E-02
   47.00      0.1985E-02
   47.10      0.2015E-02
   47.20      0.2044E-02
   47.30      0.2070E-02
   47.40      0.2094E-02
   47.50      0.2116E-02
   47.60      0.2135E-02
   47.70      0.2152E-02
   47.80      0.2167E-02
   47.90      0.2178E-02
   48.00      0.2188E-02
   48.10      0.2195E-02
   48.20      0.2199E-02
   48.30      0.2201E-02
   48.40      0.2200E-02
   48.50      0.2197E-02
   48.60      0.2192E-02
   48.70      0.2184E-02
   48.80      0.2174E-02
   48.90      0.2162E-02
   49.00      0.2147E-02
   49.10      0.2131E-02
   49.20      0.2112E-02
   49.30      0.2092E-02
   49.40      0.2069E-02
   49.50      0.2045E-02
   49.60      0.2019E-02
   49.70      0.1991E-02
   49.80      0.1962E-02
   49.90      0.1932E-02
   50.00      0.1900E-02
   50.10      0.1866E-02
   50.20      0.1832E-02
   50.30      0.1796E-02
   50.40      0.1759E-02
   50.50      0.1722E-02
   50.60      0.1683E-02
   50.70      0.1644E-02
   50.80      0.1604E-02
   50.90      0.1563E-02
   51.00      0.1522E-02
   51.10      0.1480E-02
   51.20      0.1438E-02
   51.30      0.1396E-02
   51.40      0.1353E-02
   51.50      0.1311E-02
   51.60      0.1268E-02
   51.70      0.1225E-02
   51.80      0.1182E-02
   51.90      0.1139E-02
   52.00      0.1097E-02
   52.10      0.1055E-02
   52.20      0.1013E-02
   52.30      0.9714E-03
   52.40      0.9303E-03
   52.50      0.8898E-03
   52.60      0.8499E-03
   52.70      0.8106E-03
   52.80      0.7720E-03
   52.90      0.7341E-03
   53.00      0.6971E-03
   53.10      0.6609E-03
   53.20      0.6257E-03
   53.30      0.5915E-03
   53.40      0.5583E-03
   53.50      0.5262E-03
   53.60      0.4952E-03
   53.70      0.4654E-03
   53.80      0.4368E-03
   53.90      0.4095E-03
   54.00      0.3835E-03
   54.10      0.3588E-03
   54.20      0.3355E-03
   54.30      0.3136E-03
   54.40      0.2931E-03
   54.50      0.2740E-03
   54.60      0.2564E-03
   54.70      0.2402E-03
   54.80      0.2255E-03
   54.90      0.2122E-03
   55.00      0.2004E-03
   55.10      0.1900E-03
   55.20      0.1811E-03
   55.30      0.1736E-03
   55.40      0.1674E-03
   55.50      0.1626E-03
   55.60      0.1592E-03
   55.70      0.1570E-03
   55.80      0.1560E-03
   55.90      0.1562E-03
   56.00      0.1576E-03
   56.10      0.1600E-03
   56.20      0.1634E-03
   56.30      0.1678E-03
   56.40      0.1731E-03
   56.50      0.1791E-03
   56.60      0.1859E-03
   56.70      0.1933E-03
   56.80      0.2014E-03
   56.90      0.2099E-03
   57.00      0.2189E-03
   57.10      0.2282E-03
   57.20      0.2378E-03
   57.30      0.2476E-03
   57.40      0.2575E-03
   57.50      0.2675E-03
   57.60      0.2775E-03
   57.70      0.2874E-03
   57.80      0.2972E-03
   57.90      0.3068E-03
   58.00      0.3162E-03
   58.10      0.3252E-03
   58.20      0.3340E-03
   58.30      0.3423E-03
   58.40      0.3503E-03
   58.50      0.3578E-03
   58.60      0.3648E-03
   58.70      0.3713E-03
   58.80      0.3774E-03
   58.90      0.3829E-03
   59.00      0.3880E-03
   59.10      0.3925E-03
   59.20      0.3965E-03
   59.30      0.4000E-03
   59.40      0.4030E-03
   59.50      0.4056E-03
   59.60      0.4077E-03
   59.70      0.4094E-03
   59.80      0.4107E-03
   59.90      0.4117E-03
   60.00      0.4123E-03
   60.10      0.4126E-03
   60.20      0.4126E-03
   60.30      0.4124E-03
   60.40      0.4120E-03
   60.50      0.4114E-03
   60.60      0.4107E-03
   60.70      0.4099E-03
   60.80      0.4090E-03
   60.90      0.4080E-03
   61.00      0.4071E-03
   61.10      0.4061E-03
   61.20      0.4051E-03
   61.30      0.4042E-03
   61.40      0.4033E-03
   61.50      0.4025E-03
   61.60      0.4017E-03
   61.70      0.4010E-03
   61.80      0.4004E-03
   61.90      0.3998E-03
   62.00      0.3993E-03
   62.10      0.3988E-03
   62.20      0.3984E-03
   62.30      0.3980E-03
   62.40      0.3976E-03
   62.50      0.3971E-03
   62.60      0.3966E-03
   62.70      0.3960E-03
   62.80      0.3954E-03
   62.90      0.3946E-03
   63.00      0.3936E-03
   63.10      0.3925E-03
   63.20      0.3911E-03
   63.30      0.3895E-03
   63.40      0.3876E-03
   63.50      0.3855E-03
   63.60      0.3830E-03
   63.70      0.3801E-03
   63.80      0.3769E-03
   63.90      0.3733E-03
   64.00      0.3693E-03
   64.10      0.3649E-03
   64.20      0.3601E-03
   64.30      0.3549E-03
   64.40      0.3492E-03
   64.50      0.3431E-03
   64.60      0.3366E-03
   64.70      0.3296E-03
   64.80      0.3223E-03
   64.90      0.3145E-03
   65.00      0.3064E-03
   65.10      0.2980E-03
   65.20      0.2892E-03
   65.30      0.2801E-03
   65.40      0.2708E-03
   65.50      0.2612E-03
   65.60      0.2515E-03
   65.70      0.2416E-03
   65.80      0.2316E-03
   65.90      0.2215E-03
   66.00      0.2114E-03
   66.10      0.2014E-03
   66.20      0.1913E-03
   66.30      0.1814E-03
   66.40      0.1716E-03
   66.50      0.1620E-03
   66.60      0.1526E-03
   66.70      0.1435E-03
   66.80      0.1346E-03
   66.90      0.1261E-03
   67.00      0.1180E-03
   67.10      0.1102E-03
   67.20      0.1028E-03
   67.30      0.9588E-04
   67.40      0.8940E-04
   67.50      0.8338E-04
   67.60      0.7785E-04
   67.70      0.7279E-04
   67.80      0.6823E-04
   67.90      0.6415E-04
   68.00      0.6057E-04
   68.10      0.5747E-04
   68.20      0.5484E-04
   68.30      0.5267E-04
   68.40      0.5095E-04
   68.50      0.4965E-04
   68.60      0.4877E-04
   68.70      0.4826E-04
   68.80      0.4812E-04
   68.90      0.4832E-04
   69.00      0.4881E-04
   69.10      0.4959E-04
   69.20      0.5061E-04
   69.30      0.5185E-04
   69.40      0.5328E-04
   69.50      0.5486E-04
   69.60      0.5656E-04
   69.70      0.5836E-04
   69.80      0.6023E-04
   69.90      0.6213E-04
   70.00      0.6405E-04
   70.10      0.6595E-04
   70.20      0.6782E-04
   70.30      0.6963E-04
   70.40      0.7137E-04
   70.50      0.7301E-04
   70.60      0.7454E-04
   70.70      0.7594E-04
   70.80      0.7722E-04
   70.90      0.7835E-04
   71.00      0.7933E-04
   71.10      0.8016E-04
   71.20      0.8084E-04
   71.30      0.8136E-04
   71.40      0.8173E-04
   71.50      0.8195E-04
   71.60      0.8203E-04
   71.70      0.8197E-04
   71.80      0.8178E-04
   71.90      0.8147E-04
   72.00      0.8105E-04
   72.10      0.8053E-04
   72.20      0.7992E-04
   72.30      0.7924E-04
   72.40      0.7849E-04
   72.50      0.7768E-04
   72.60      0.7684E-04
   72.70      0.7596E-04
   72.80      0.7507E-04
   72.90      0.7416E-04
   73.00      0.7325E-04
   73.10      0.7235E-04
   73.20      0.7147E-04
   73.30      0.7061E-04
   73.40      0.6977E-04
   73.50      0.6897E-04
   73.60      0.6820E-04
   73.70      0.6747E-04
   73.80      0.6677E-04
   73.90      0.6611E-04
   74.00      0.6549E-04
   74.10      0.6490E-04
   74.20      0.6435E-04
   74.30      0.6382E-04
   74.40      0.6332E-04
   74.50      0.6283E-04
   74.60      0.6236E-04
   74.70      0.6190E-04
   74.80      0.6144E-04
   74.90      0.6097E-04
   75.00      0.6050E-04
   75.10      0.6001E-04
   75.20      0.5951E-04
   75.30      0.5898E-04
   75.40      0.5842E-04
   75.50      0.5783E-04
   75.60      0.5721E-04
   75.70      0.5655E-04
   75.80      0.5586E-04
   75.90      0.5512E-04
   76.00      0.5436E-04
   76.10      0.5355E-04
   76.20      0.5272E-04
   76.30      0.5186E-04
   76.40      0.5098E-04
   76.50      0.5007E-04
   76.60      0.4916E-04
   76.70      0.4824E-04
   76.80      0.4733E-04
   76.90      0.4642E-04
   77.00      0.4553E-04
   77.10      0.4468E-04
   77.20      0.4386E-04
   77.30      0.4308E-04
   77.40      0.4236E-04
   77.50      0.4170E-04
   77.60      0.4112E-04
   77.70      0.4061E-04
   77.80      0.4019E-04
   77.90      0.3986E-04
   78.00      0.3963E-04
   78.10      0.3950E-04
   78.20      0.3948E-04
   78.30      0.3956E-04
   78.40      0.3976E-04
   78.50      0.4006E-04
   78.60      0.4048E-04
   78.70      0.4100E-04
   78.80      0.4162E-04
   78.90      0.4233E-04
   79.00      0.4314E-04
   79.10      0.4402E-04
   79.20      0.4498E-04
   79.30      0.4600E-04
   79.40      0.4707E-04
   79.50      0.4818E-04
   79.60      0.4931E-04
   79.70      0.5046E-04
   79.80      0.5160E-04
   79.90      0.5273E-04
   80.00      0.5383E-04
   80.10      0.5488E-04
   80.20      0.5587E-04
   80.30      0.5678E-04
   80.40      0.5761E-04
   80.50      0.5833E-04
   80.60      0.5894E-04
   80.70      0.5942E-04
   80.80      0.5977E-04
   80.90      0.5997E-04
   81.00      0.6001E-04
   81.10      0.5989E-04
   81.20      0.5961E-04
   81.30      0.5915E-04
   81.40      0.5853E-04
   81.50      0.5773E-04
   81.60      0.5675E-04
   81.70      0.5561E-04
   81.80      0.5431E-04
   81.90      0.5285E-04
   82.00      0.5124E-04
   82.10      0.4949E-04
   82.20      0.4761E-04
   82.30      0.4562E-04
   82.40      0.4352E-04
   82.50      0.4134E-04
   82.60      0.3909E-04
   82.70      0.3678E-04
   82.80      0.3443E-04
   82.90      0.3206E-04
   83.00      0.2969E-04
   83.10      0.2734E-04
   83.20      0.2502E-04
   83.30      0.2275E-04
   83.40      0.2055E-04
   83.50      0.1844E-04
   83.60      0.1643E-04
   83.70      0.1454E-04
   83.80      0.1278E-04
   83.90      0.1116E-04
   84.00      0.9703E-05
   84.10      0.8411E-05
   84.20      0.7293E-05
   84.30      0.6356E-05
   84.40      0.5606E-05
   84.50      0.5046E-05
   84.60      0.4678E-05
   84.70      0.4502E-05
   84.80      0.4515E-05
   84.90      0.4715E-05
   85.00      0.5095E-05
   85.10      0.5649E-05
   85.20      0.6368E-05
   85.30      0.7242E-05
   85.40      0.8260E-05
   85.50      0.9410E-05
   85.60      0.1068E-04
   85.70      0.1205E-04
   85.80      0.1351E-04
   85.90      0.1504E-04
   86.00      0.1663E-04
   86.10      0.1826E-04
   86.20      0.1991E-04
   86.30      0.2157E-04
   86.40      0.2322E-04
   86.50      0.2485E-04
   86.60      0.2644E-04
   86.70      0.2797E-04
   86.80      0.2943E-04
   86.90      0.3082E-04
   87.00      0.3211E-04
   87.10      0.3330E-04
   87.20      0.3438E-04
   87.30      0.3535E-04
   87.40      0.3619E-04
   87.50      0.3690E-04
   87.60      0.3748E-04
   87.70      0.3793E-04
   87.80      0.3825E-04
   87.90      0.3844E-04
   88.00      0.3850E-04
   88.10      0.3844E-04
   88.20      0.3826E-04
   88.30      0.3797E-04
   88.40      0.3758E-04
   88.50      0.3710E-04
   88.60      0.3653E-04
   88.70      0.3588E-04
   88.80      0.3518E-04
   88.90      0.3442E-04
   89.00      0.3363E-04
   89.10      0.3280E-04
   89.20      0.3197E-04
   89.30      0.3112E-04
   89.40      0.3029E-04
   89.50      0.2947E-04
   89.60      0.2868E-04
   89.70      0.2793E-04
   89.80      0.2723E-04
   89.90      0.2658E-04
   90.00      0.2599E-04
   90.10      0.2547E-04
   90.20      0.2502E-04
   90.30      0.2465E-04
   90.40      0.2435E-04
   90.50      0.2414E-04
   90.60      0.2400E-04
   90.70      0.2394E-04
   90.80      0.2396E-04
   90.90      0.2405E-04
   91.00      0.2421E-04
   91.10      0.2442E-04
   91.20      0.2469E-04
   91.30      0.2501E-04
   91.40      0.2537E-04
   91.50      0.2576E-04
   91.60      0.2618E-04
   91.70      0.2660E-04
   91.80      0.2703E-04
   91.90      0.2745E-04
   92.00      0.2785E-04
   92.10      0.2823E-04
   92.20      0.2858E-04
   92.30      0.2888E-04
   92.40      0.2912E-04
   92.50      0.2931E-04
   92.60      0.2943E-04
   92.70      0.2948E-04
   92.80      0.2945E-04
   92.90      0.2934E-04
   93.00      0.2914E-04
   93.10      0.2886E-04
   93.20      0.2849E-04
   93.30      0.2803E-04
   93.40      0.2749E-04
   93.50      0.2686E-04
   93.60      0.2615E-04
   93.70      0.2537E-04
   93.80      0.2452E-04
   93.90      0.2361E-04
   94.00      0.2264E-04
   94.10      0.2163E-04
   94.20      0.2057E-04
   94.30      0.1949E-04
   94.40      0.1839E-04
   94.50      0.1728E-04
   94.60      0.1617E-04
   94.70      0.1508E-04
   94.80      0.1400E-04
   94.90      0.1296E-04
   95.00      0.1196E-04
   95.10      0.1102E-04
   95.20      0.1013E-04
   95.30      0.9314E-05
   95.40      0.8574E-05
   95.50      0.7917E-05
   95.60      0.7350E-05
   95.70      0.6876E-05
   95.80      0.6500E-05
   95.90      0.6224E-05
   96.00      0.6051E-05
   96.10      0.5980E-05
   96.20      0.6010E-05
   96.30      0.6141E-05
   96.40      0.6368E-05
   96.50      0.6689E-05
   96.60      0.7097E-05
   96.70      0.7587E-05
   96.80      0.8152E-05
   96.90      0.8784E-05
   97.00      0.9475E-05
   97.10      0.1022E-04
   97.20      0.1100E-04
   97.30      0.1181E-04
   97.40      0.1264E-04
   97.50      0.1348E-04
   97.60      0.1432E-04
   97.70      0.1515E-04
   97.80      0.1595E-04
   97.90      0.1673E-04
   98.00      0.1746E-04
   98.10      0.1815E-04
   98.20      0.1877E-04
   98.30      0.1934E-04
   98.40      0.1983E-04
   98.50      0.2024E-04
   98.60      0.2057E-04
   98.70      0.2082E-04
   98.80      0.2097E-04
   98.90      0.2104E-04
   99.00      0.2102E-04
   99.10      0.2090E-04
   99.20      0.2070E-04
   99.30      0.2042E-04
   99.40      0.2005E-04
   99.50      0.1960E-04
   99.60      0.1909E-04
   99.70      0.1851E-04
   99.80      0.1787E-04
   99.90      0.1719E-04
   100.0      0.1646E-04
   100.1      0.1570E-04
   100.2      0.1492E-04
   100.3      0.1413E-04
   100.4      0.1334E-04
   100.5      0.1255E-04
   100.6      0.1178E-04
   100.7      0.1103E-04
   100.8      0.1032E-04
   100.9      0.9648E-05
   101.0      0.9031E-05
   101.1      0.8472E-05
   101.2      0.7978E-05
   101.3      0.7554E-05
   101.4      0.7206E-05
   101.5      0.6938E-05
   101.6      0.6751E-05
   101.7      0.6649E-05
   101.8      0.6632E-05
   101.9      0.6699E-05
   102.0      0.6850E-05
   102.1      0.7082E-05
   102.2      0.7391E-05
   102.3      0.7774E-05
   102.4      0.8225E-05
   102.5      0.8739E-05
   102.6      0.9307E-05
   102.7      0.9924E-05
   102.8      0.1058E-04
   102.9      0.1127E-04
   103.0      0.1198E-04
   103.1      0.1270E-04
   103.2      0.1342E-04
   103.3      0.1414E-04
   103.4      0.1485E-04
   103.5      0.1553E-04
   103.6      0.1618E-04
   103.7      0.1678E-04
   103.8      0.1733E-04
   103.9      0.1783E-04
   104.0      0.1826E-04
   104.1      0.1863E-04
   104.2      0.1891E-04
   104.3      0.1912E-04
   104.4      0.1925E-04
   104.5      0.1929E-04
   104.6      0.1924E-04
   104.7      0.1911E-04
   104.8      0.1889E-04
   104.9      0.1859E-04
   105.0      0.1821E-04
   105.1      0.1775E-04
   105.2      0.1722E-04
   105.3      0.1662E-04
   105.4      0.1596E-04
   105.5      0.1525E-04
   105.6      0.1450E-04
   105.7      0.1370E-04
   105.8      0.1289E-04
   105.9      0.1205E-04
   106.0      0.1120E-04
   106.1      0.1036E-04
   106.2      0.9523E-05
   106.3      0.8707E-05
   106.4      0.7921E-05
   106.5      0.7173E-05
   106.6      0.6470E-05
   106.7      0.5823E-05
   106.8      0.5236E-05
   106.9      0.4718E-05
   107.0      0.4274E-05
   107.1      0.3909E-05
   107.2      0.3627E-05
   107.3      0.3431E-05
   107.4      0.3323E-05
   107.5      0.3304E-05
   107.6      0.3374E-05
   107.7      0.3532E-05
   107.8      0.3777E-05
   107.9      0.4104E-05
   108.0      0.4510E-05
   108.1      0.4990E-05
   108.2      0.5538E-05
   108.3      0.6148E-05
   108.4      0.6812E-05
   108.5      0.7522E-05
   108.6      0.8271E-05
   108.7      0.9048E-05
   108.8      0.9845E-05
   108.9      0.1065E-04
   109.0      0.1146E-04
   109.1      0.1226E-04
   109.2      0.1304E-04
   109.3      0.1379E-04
   109.4      0.1451E-04
   109.5      0.1519E-04
   109.6      0.1581E-04
   109.7      0.1637E-04
   109.8      0.1686E-04
   109.9      0.1729E-04
   110.0      0.1763E-04
   110.1      0.1790E-04
   110.2      0.1808E-04
   110.3      0.1817E-04
   110.4      0.1818E-04
   110.5      0.1810E-04
   110.6      0.1793E-04
   110.7      0.1768E-04
   110.8      0.1735E-04
   110.9      0.1694E-04
   111.0      0.1646E-04
   111.1      0.1591E-04
   111.2      0.1530E-04
   111.3      0.1463E-04
   111.4      0.1392E-04
   111.5      0.1317E-04
   111.6      0.1239E-04
   111.7      0.1159E-04
   111.8      0.1077E-04
   111.9      0.9954E-05
   112.0      0.9143E-05
   112.1      0.8347E-05
   112.2      0.7574E-05
   112.3      0.6833E-05
   112.4      0.6132E-05
   112.5      0.5479E-05
   112.6      0.4880E-05
   112.7      0.4341E-05
   112.8      0.3868E-05
   112.9      0.3465E-05
   113.0      0.3137E-05
   113.1      0.2885E-05
   113.2      0.2712E-05
   113.3      0.2619E-05
   113.4      0.2606E-05
   113.5      0.2671E-05
   113.6      0.2813E-05
   113.7      0.3029E-05
   113.8      0.3316E-05
   113.9      0.3668E-05
   114.0      0.4081E-05
   114.1      0.4548E-05
   114.2      0.5063E-05
   114.3      0.5620E-05
   114.4      0.6209E-05
   114.5      0.6825E-05
   114.6      0.7457E-05
   114.7      0.8099E-05
   114.8      0.8742E-05
   114.9      0.9377E-05
   115.0      0.9997E-05
   115.1      0.1059E-04
   115.2      0.1116E-04
   115.3      0.1169E-04
   115.4      0.1217E-04
   115.5      0.1260E-04
   115.6      0.1298E-04
   115.7      0.1330E-04
   115.8      0.1356E-04
   115.9      0.1375E-04
   116.0      0.1387E-04
   116.1      0.1392E-04
   116.2      0.1390E-04
   116.3      0.1382E-04
   116.4      0.1367E-04
   116.5      0.1346E-04
   116.6      0.1318E-04
   116.7      0.1285E-04
   116.8      0.1247E-04
   116.9      0.1204E-04
   117.0      0.1157E-04
   117.1      0.1108E-04
   117.2      0.1055E-04
   117.3      0.1001E-04
   117.4      0.9462E-05
   117.5      0.8910E-05
   117.6      0.8365E-05
   117.7      0.7835E-05
   117.8      0.7327E-05
   117.9      0.6850E-05
   118.0      0.6410E-05
   118.1      0.6015E-05
   118.2      0.5670E-05
   118.3      0.5382E-05
   118.4      0.5155E-05
   118.5      0.4994E-05
   118.6      0.4902E-05
   118.7      0.4882E-05
   118.8      0.4936E-05
   118.9      0.5064E-05
   119.0      0.5266E-05
   119.1      0.5542E-05
   119.2      0.5889E-05
   119.3      0.6305E-05
   119.4      0.6785E-05
   119.5      0.7326E-05
   119.6      0.7921E-05
   119.7      0.8564E-05
   119.8      0.9250E-05
   119.9      0.9970E-05
   120.0      0.1072E-04
   120.1      0.1148E-04
   120.2      0.1226E-04
   120.3      0.1303E-04
   120.4      0.1380E-04
   120.5      0.1455E-04
   120.6      0.1528E-04
   120.7      0.1597E-04
   120.8      0.1662E-04
   120.9      0.1722E-04
   121.0      0.1776E-04
   121.1      0.1824E-04
   121.2      0.1865E-04
   121.3      0.1898E-04
   121.4      0.1923E-04
   121.5      0.1940E-04
   121.6      0.1949E-04
   121.7      0.1948E-04
   121.8      0.1939E-04
   121.9      0.1921E-04
   122.0      0.1894E-04
   122.1      0.1859E-04
   122.2      0.1815E-04
   122.3      0.1764E-04
   122.4      0.1706E-04
   122.5      0.1641E-04
   122.6      0.1570E-04
   122.7      0.1493E-04
   122.8      0.1412E-04
   122.9      0.1327E-04
   123.0      0.1240E-04
   123.1      0.1151E-04
   123.2      0.1061E-04
   123.3      0.9704E-05
   123.4      0.8811E-05
   123.5      0.7938E-05
   123.6      0.7093E-05
   123.7      0.6284E-05
   123.8      0.5522E-05
   123.9      0.4812E-05
   124.0      0.4163E-05
   124.1      0.3582E-05
   124.2      0.3073E-05
   124.3      0.2643E-05
   124.4      0.2295E-05
   124.5      0.2033E-05
   124.6      0.1859E-05
   124.7      0.1774E-05
   124.8      0.1778E-05
   124.9      0.1870E-05
   125.0      0.2050E-05
   125.1      0.2314E-05
   125.2      0.2658E-05
   125.3      0.3078E-05
   125.4      0.3568E-05
   125.5      0.4122E-05
   125.6      0.4734E-05
   125.7      0.5396E-05
   125.8      0.6099E-05
   125.9      0.6836E-05
   126.0      0.7596E-05
   126.1      0.8372E-05
   126.2      0.9154E-05
   126.3      0.9933E-05
   126.4      0.1070E-04
   126.5      0.1144E-04
   126.6      0.1216E-04
   126.7      0.1284E-04
   126.8      0.1347E-04
   126.9      0.1404E-04
   127.0      0.1456E-04
   127.1      0.1501E-04
   127.2      0.1539E-04
   127.3      0.1569E-04
   127.4      0.1592E-04
   127.5      0.1607E-04
   127.6      0.1613E-04
   127.7      0.1611E-04
   127.8      0.1602E-04
   127.9      0.1584E-04
   128.0      0.1558E-04
   128.1      0.1525E-04
   128.2      0.1485E-04
   128.3      0.1438E-04
   128.4      0.1386E-04
   128.5      0.1329E-04
   128.6      0.1267E-04
   128.7      0.1201E-04
   128.8      0.1133E-04
   128.9      0.1062E-04
   129.0      0.9903E-05
   129.1      0.9183E-05
   129.2      0.8469E-05
   129.3      0.7769E-05
   129.4      0.7092E-05
   129.5      0.6447E-05
   129.6      0.5840E-05
   129.7      0.5280E-05
   129.8      0.4773E-05
   129.9      0.4325E-05
   130.0      0.3941E-05
   130.1      0.3626E-05
   130.2      0.3383E-05
   130.3      0.3215E-05
   130.4      0.3125E-05
   130.5      0.3113E-05
   130.6      0.3178E-05
   130.7      0.3320E-05
   130.8      0.3537E-05
   130.9      0.3826E-05
   131.0      0.4183E-05
   131.1      0.4604E-05
   131.2      0.5083E-05
   131.3      0.5614E-05
   131.4      0.6190E-05
   131.5      0.6804E-05
   131.6      0.7449E-05
   131.7      0.8116E-05
   131.8      0.8796E-05
   131.9      0.9482E-05
   132.0      0.1016E-04
   132.1      0.1083E-04
   132.2      0.1148E-04
   132.3      0.1211E-04
   132.4      0.1269E-04
   132.5      0.1323E-04
   132.6      0.1372E-04
   132.7      0.1415E-04
   132.8      0.1452E-04
   132.9      0.1483E-04
   133.0      0.1506E-04
   133.1      0.1521E-04
   133.2      0.1530E-04
   133.3      0.1530E-04
   133.4      0.1522E-04
   133.5      0.1507E-04
   133.6      0.1484E-04
   133.7      0.1454E-04
   133.8      0.1417E-04
   133.9      0.1374E-04
   134.0      0.1324E-04
   134.1      0.1269E-04
   134.2      0.1210E-04
   134.3      0.1146E-04
   134.4      0.1079E-04
   134.5      0.1010E-04
   134.6      0.9392E-05
   134.7      0.8678E-05
   134.8      0.7966E-05
   134.9      0.7266E-05
   135.0      0.6586E-05
   135.1      0.5935E-05
   135.2      0.5322E-05
   135.3      0.4753E-05
   135.4      0.4238E-05
   135.5      0.3782E-05
   135.6      0.3391E-05
   135.7      0.3072E-05
   135.8      0.2828E-05
   135.9      0.2665E-05
   136.0      0.2583E-05
   136.1      0.2586E-05
   136.2      0.2674E-05
   136.3      0.2846E-05
   136.4      0.3103E-05
   136.5      0.3441E-05
   136.6      0.3858E-05
   136.7      0.4350E-05
   136.8      0.4911E-05
   136.9      0.5536E-05
   137.0      0.6218E-05
   137.1      0.6950E-05
   137.2      0.7724E-05
   137.3      0.8533E-05
   137.4      0.9366E-05
   137.5      0.1021E-04
   137.6      0.1107E-04
   137.7      0.1192E-04
   137.8      0.1276E-04
   137.9      0.1358E-04
   138.0      0.1437E-04
   138.1      0.1511E-04
   138.2      0.1581E-04
   138.3      0.1645E-04
   138.4      0.1703E-04
   138.5      0.1754E-04
   138.6      0.1798E-04
   138.7      0.1833E-04
   138.8      0.1860E-04
   138.9      0.1878E-04
   139.0      0.1887E-04
   139.1      0.1888E-04
   139.2      0.1879E-04
   139.3      0.1861E-04
   139.4      0.1835E-04
   139.5      0.1800E-04
   139.6      0.1758E-04
   139.7      0.1707E-04
   139.8      0.1651E-04
   139.9      0.1587E-04
   140.0      0.1519E-04
   140.1      0.1446E-04
   140.2      0.1369E-04
   140.3      0.1289E-04
   140.4      0.1207E-04
   140.5      0.1125E-04
   140.6      0.1042E-04
   140.7      0.9606E-05
   140.8      0.8810E-05
   140.9      0.8042E-05
   141.0      0.7313E-05
   141.1      0.6630E-05
   141.2      0.6002E-05
   141.3      0.5436E-05
   141.4      0.4939E-05
   141.5      0.4516E-05
   141.6      0.4172E-05
   141.7      0.3912E-05
   141.8      0.3738E-05
   141.9      0.3653E-05
   142.0      0.3657E-05
   142.1      0.3751E-05
   142.2      0.3932E-05
   142.3      0.4199E-05
   142.4      0.4548E-05
   142.5      0.4976E-05
   142.6      0.5476E-05
   142.7      0.6044E-05
   142.8      0.6671E-05
   142.9      0.7350E-05
   143.0      0.8074E-05
   143.1      0.8832E-05
   143.2      0.9617E-05
   143.3      0.1042E-04
   143.4      0.1122E-04
   143.5      0.1203E-04
   143.6      0.1282E-04
   143.7      0.1359E-04
   143.8      0.1432E-04
   143.9      0.1501E-04
   144.0      0.1565E-04
   144.1      0.1624E-04
   144.2      0.1676E-04
   144.3      0.1720E-04
   144.4      0.1757E-04
   144.5      0.1785E-04
   144.6      0.1805E-04
   144.7      0.1816E-04
   144.8      0.1818E-04
   144.9      0.1810E-04
   145.0      0.1793E-04
   145.1      0.1768E-04
   145.2      0.1733E-04
   145.3      0.1690E-04
   145.4      0.1639E-04
   145.5      0.1581E-04
   145.6      0.1517E-04
   145.7      0.1446E-04
   145.8      0.1370E-04
   145.9      0.1290E-04
   146.0      0.1207E-04
   146.1      0.1121E-04
   146.2      0.1035E-04
   146.3      0.9478E-05
   146.4      0.8617E-05
   146.5      0.7775E-05
   146.6      0.6962E-05
   146.7      0.6189E-05
   146.8      0.5465E-05
   146.9      0.4798E-05
   147.0      0.4199E-05
   147.1      0.3674E-05
   147.2      0.3231E-05
   147.3      0.2876E-05
   147.4      0.2613E-05
   147.5      0.2447E-05
   147.6      0.2382E-05
   147.7      0.2418E-05
   147.8      0.2556E-05
   147.9      0.2797E-05
   148.0      0.3138E-05
   148.1      0.3577E-05
   148.2      0.4109E-05
   148.3      0.4731E-05
   148.4      0.5435E-05
   148.5      0.6214E-05
   148.6      0.7062E-05
   148.7      0.7969E-05
   148.8      0.8925E-05
   148.9      0.9922E-05
   149.0      0.1095E-04
   149.1      0.1199E-04
   149.2      0.1304E-04
   149.3      0.1409E-04
   149.4      0.1512E-04
   149.5      0.1613E-04
   149.6      0.1710E-04
   149.7      0.1802E-04
   149.8      0.1888E-04
   149.9      0.1968E-04
   150.0      0.2040E-04
   150.1      0.2104E-04
   150.2      0.2159E-04
   150.3      0.2205E-04
   150.4      0.2240E-04
   150.5      0.2266E-04
   150.6      0.2280E-04
   150.7      0.2284E-04
   150.8      0.2277E-04
   150.9      0.2259E-04
   151.0      0.2231E-04
   151.1      0.2193E-04
   151.2      0.2146E-04
   151.3      0.2089E-04
   151.4      0.2025E-04
   151.5      0.1953E-04
   151.6      0.1874E-04
   151.7      0.1790E-04
   151.8      0.1701E-04
   151.9      0.1608E-04
   152.0      0.1513E-04
   152.1      0.1417E-04
   152.2      0.1321E-04
   152.3      0.1225E-04
   152.4      0.1132E-04
   152.5      0.1042E-04
   152.6      0.9564E-05
   152.7      0.8762E-05
   152.8      0.8024E-05
   152.9      0.7358E-05
   153.0      0.6773E-05
   153.1      0.6276E-05
   153.2      0.5874E-05
   153.3      0.5570E-05
   153.4      0.5371E-05
   153.5      0.5277E-05
   153.6      0.5291E-05
   153.7      0.5413E-05
   153.8      0.5642E-05
   153.9      0.5976E-05
   154.0      0.6411E-05
   154.1      0.6942E-05
   154.2      0.7565E-05
   154.3      0.8271E-05
   154.4      0.9054E-05
   154.5      0.9903E-05
   154.6      0.1081E-04
   154.7      0.1177E-04
   154.8      0.1276E-04
   154.9      0.1377E-04
   155.0      0.1480E-04
   155.1      0.1583E-04
   155.2      0.1686E-04
   155.3      0.1785E-04
   155.4      0.1882E-04
   155.5      0.1974E-04
   155.6      0.2061E-04
   155.7      0.2140E-04
   155.8      0.2213E-04
   155.9      0.2277E-04
   156.0      0.2332E-04
   156.1      0.2377E-04
   156.2      0.2411E-04
   156.3      0.2435E-04
   156.4      0.2448E-04
   156.5      0.2450E-04
   156.6      0.2440E-04
   156.7      0.2419E-04
   156.8      0.2387E-04
   156.9      0.2345E-04
   157.0      0.2292E-04
   157.1      0.2230E-04
   157.2      0.2159E-04
   157.3      0.2079E-04
   157.4      0.1993E-04
   157.5      0.1901E-04
   157.6      0.1803E-04
   157.7      0.1702E-04
   157.8      0.1598E-04
   157.9      0.1492E-04
   158.0      0.1387E-04
   158.1      0.1282E-04
   158.2      0.1180E-04
   158.3      0.1081E-04
   158.4      0.9869E-05
   158.5      0.8989E-05
   158.6      0.8179E-05
   158.7      0.7451E-05
   158.8      0.6813E-05
   158.9      0.6274E-05
   159.0      0.5842E-05
   159.1      0.5522E-05
   159.2      0.5321E-05
   159.3      0.5242E-05
   159.4      0.5288E-05
   159.5      0.5459E-05
   159.6      0.5756E-05
   159.7      0.6177E-05
   159.8      0.6719E-05
   159.9      0.7378E-05
   160.0      0.8147E-05
   160.1      0.9022E-05
   160.2      0.9992E-05
   160.3      0.1105E-04
   160.4      0.1218E-04
   160.5      0.1339E-04
   160.6      0.1464E-04
   160.7      0.1594E-04
   160.8      0.1727E-04
   160.9      0.1861E-04
   161.0      0.1996E-04
   161.1      0.2129E-04
   161.2      0.2261E-04
   161.3      0.2388E-04
   161.4      0.2511E-04
   161.5      0.2627E-04
   161.6      0.2736E-04
   161.7      0.2837E-04
   161.8      0.2928E-04
   161.9      0.3009E-04
   162.0      0.3079E-04
   162.1      0.3137E-04
   162.2      0.3183E-04
   162.3      0.3216E-04
   162.4      0.3236E-04
   162.5      0.3244E-04
   162.6      0.3238E-04
   162.7      0.3219E-04
   162.8      0.3188E-04
   162.9      0.3145E-04
   163.0      0.3090E-04
   163.1      0.3025E-04
   163.2      0.2949E-04
   163.3      0.2865E-04
   163.4      0.2772E-04
   163.5      0.2672E-04
   163.6      0.2567E-04
   163.7      0.2457E-04
   163.8      0.2344E-04
   163.9      0.2228E-04
   164.0      0.2113E-04
   164.1      0.1998E-04
   164.2      0.1885E-04
   164.3      0.1776E-04
   164.4      0.1671E-04
   164.5      0.1572E-04
   164.6      0.1481E-04
   164.7      0.1397E-04
   164.8      0.1323E-04
   164.9      0.1259E-04
   165.0      0.1206E-04
   165.1      0.1165E-04
   165.2      0.1135E-04
   165.3      0.1118E-04
   165.4      0.1114E-04
   165.5      0.1124E-04
   165.6      0.1146E-04
   165.7      0.1181E-04
   165.8      0.1229E-04
   165.9      0.1289E-04
   166.0      0.1361E-04
   166.1      0.1445E-04
   166.2      0.1539E-04
   166.3      0.1643E-04
   166.4      0.1755E-04
   166.5      0.1876E-04
   166.6      0.2004E-04
   166.7      0.2137E-04
   166.8      0.2275E-04
   166.9      0.2416E-04
   167.0      0.2560E-04
   167.1      0.2705E-04
   167.2      0.2850E-04
   167.3      0.2994E-04
   167.4      0.3135E-04
   167.5      0.3274E-04
   167.6      0.3407E-04
   167.7      0.3536E-04
   167.8      0.3659E-04
   167.9      0.3775E-04
   168.0      0.3883E-04
   168.1      0.3984E-04
   168.2      0.4077E-04
   168.3      0.4160E-04
   168.4      0.4235E-04
   168.5      0.4301E-04
   168.6      0.4359E-04
   168.7      0.4407E-04
   168.8      0.4448E-04
   168.9      0.4480E-04
   169.0      0.4504E-04
   169.1      0.4522E-04
   169.2      0.4534E-04
   169.3      0.4540E-04
   169.4      0.4541E-04
   169.5      0.4538E-04
   169.6      0.4532E-04
   169.7      0.4524E-04
   169.8      0.4514E-04
   169.9      0.4505E-04
   170.0      0.4496E-04
   170.1      0.4488E-04
   170.2      0.4483E-04
   170.3      0.4481E-04
   170.4      0.4483E-04
   170.5      0.4489E-04
   170.6      0.4501E-04
   170.7      0.4518E-04
   170.8      0.4541E-04
   170.9      0.4571E-04
   171.0      0.4607E-04
   171.1      0.4650E-04
   171.2      0.4700E-04
   171.3      0.4756E-04
   171.4      0.4818E-04
   171.5      0.4887E-04
   171.6      0.4961E-04
   171.7      0.5039E-04
   171.8      0.5122E-04
   171.9      0.5209E-04
   172.0      0.5298E-04
   172.1      0.5389E-04
   172.2      0.5481E-04
   172.3      0.5572E-04
   172.4      0.5662E-04
   172.5      0.5750E-04
   172.6      0.5834E-04
   172.7      0.5914E-04
   172.8      0.5989E-04
   172.9      0.6057E-04
   173.0      0.6117E-04
   173.1      0.6169E-04
   173.2      0.6212E-04
   173.3      0.6245E-04
   173.4      0.6267E-04
   173.5      0.6278E-04
   173.6      0.6277E-04
   173.7      0.6265E-04
   173.8      0.6240E-04
   173.9      0.6203E-04
   174.0      0.6154E-04
   174.1      0.6092E-04
   174.2      0.6020E-04
   174.3      0.5936E-04
   174.4      0.5842E-04
   174.5      0.5738E-04
   174.6      0.5626E-04
   174.7      0.5505E-04
   174.8      0.5378E-04
   174.9      0.5245E-04
   175.0      0.5108E-04
   175.1      0.4968E-04
   175.2      0.4826E-04
   175.3      0.4685E-04
   175.4      0.4545E-04
   175.5      0.4407E-04
   175.6      0.4275E-04
   175.7      0.4147E-04
   175.8      0.4028E-04
   175.9      0.3916E-04
   176.0      0.3815E-04
   176.1      0.3725E-04
   176.2      0.3648E-04
   176.3      0.3583E-04
   176.4      0.3533E-04
   176.5      0.3498E-04
   176.6      0.3478E-04
   176.7      0.3475E-04
   176.8      0.3488E-04
   176.9      0.3518E-04
   177.0      0.3564E-04
   177.1      0.3627E-04
   177.2      0.3706E-04
   177.3      0.3800E-04
   177.4      0.3910E-04
   177.5      0.4033E-04
   177.6      0.4170E-04
   177.7      0.4319E-04
   177.8      0.4478E-04
   177.9      0.4647E-04
   178.0      0.4824E-04
   178.1      0.5007E-04
   178.2      0.5195E-04
   178.3      0.5386E-04
   178.4      0.5579E-04
   178.5      0.5771E-04
   178.6      0.5960E-04
   178.7      0.6146E-04
   178.8      0.6327E-04
   178.9      0.6500E-04
   179.0      0.6664E-04
   179.1      0.6817E-04
   179.2      0.6959E-04
   179.3      0.7087E-04
   179.4      0.7201E-04
   179.5      0.7299E-04
   179.6      0.7381E-04
   179.7      0.7445E-04
   179.8      0.7491E-04
   179.9      0.7519E-04
   180.0      0.7529E-04
 END
