#1801 angles,  1 tensor ranks for 0=projectile
@subtitle   "12C(7Li,6Li)13C @ Ed=42.82126 MeV;"                                            
@legend ON
@legend x1 0.2
@legend y1 0.8
@g0 type LOGY
@yaxis ticklabel format power
@legend string   0 "Lab energy =   42.8213"
#legend string   0 "Partition=  2 Excit=  1 near/far= 1"
#  Theta       sigma       iT11        T20         T21         T22         Kyy for projectile
   0.000       6.378    
  0.1000       6.379    
  0.2000       6.382    
  0.3000       6.388    
  0.4000       6.396    
  0.5000       6.407    
  0.6000       6.419    
  0.7000       6.435    
  0.8000       6.452    
  0.9000       6.472    
   1.000       6.494    
   1.100       6.519    
   1.200       6.546    
   1.300       6.576    
   1.400       6.608    
   1.500       6.643    
   1.600       6.680    
   1.700       6.720    
   1.800       6.763    
   1.900       6.808    
   2.000       6.857    
   2.100       6.907    
   2.200       6.961    
   2.300       7.017    
   2.400       7.077    
   2.500       7.139    
   2.600       7.203    
   2.700       7.271    
   2.800       7.342    
   2.900       7.415    
   3.000       7.491    
   3.100       7.570    
   3.200       7.652    
   3.300       7.737    
   3.400       7.824    
   3.500       7.914    
   3.600       8.007    
   3.700       8.102    
   3.800       8.200    
   3.900       8.301    
   4.000       8.403    
   4.100       8.508    
   4.200       8.615    
   4.300       8.725    
   4.400       8.836    
   4.500       8.949    
   4.600       9.064    
   4.700       9.180    
   4.800       9.298    
   4.900       9.417    
   5.000       9.537    
   5.100       9.659    
   5.200       9.781    
   5.300       9.903    
   5.400       10.03    
   5.500       10.15    
   5.600       10.27    
   5.700       10.39    
   5.800       10.52    
   5.900       10.64    
   6.000       10.76    
   6.100       10.88    
   6.200       11.00    
   6.300       11.11    
   6.400       11.23    
   6.500       11.34    
   6.600       11.45    
   6.700       11.56    
   6.800       11.67    
   6.900       11.77    
   7.000       11.87    
   7.100       11.96    
   7.200       12.05    
   7.300       12.14    
   7.400       12.23    
   7.500       12.30    
   7.600       12.38    
   7.700       12.45    
   7.800       12.51    
   7.900       12.57    
   8.000       12.63    
   8.100       12.68    
   8.200       12.72    
   8.300       12.76    
   8.400       12.79    
   8.500       12.82    
   8.600       12.84    
   8.700       12.85    
   8.800       12.86    
   8.900       12.86    
   9.000       12.85    
   9.100       12.84    
   9.200       12.82    
   9.300       12.79    
   9.400       12.76    
   9.500       12.72    
   9.600       12.67    
   9.700       12.62    
   9.800       12.56    
   9.900       12.49    
   10.00       12.42    
   10.10       12.34    
   10.20       12.25    
   10.30       12.16    
   10.40       12.06    
   10.50       11.95    
   10.60       11.84    
   10.70       11.72    
   10.80       11.60    
   10.90       11.47    
   11.00       11.34    
   11.10       11.20    
   11.20       11.05    
   11.30       10.90    
   11.40       10.75    
   11.50       10.59    
   11.60       10.43    
   11.70       10.26    
   11.80       10.09    
   11.90       9.919    
   12.00       9.742    
   12.10       9.562    
   12.20       9.379    
   12.30       9.193    
   12.40       9.006    
   12.50       8.816    
   12.60       8.624    
   12.70       8.431    
   12.80       8.237    
   12.90       8.042    
   13.00       7.846    
   13.10       7.649    
   13.20       7.453    
   13.30       7.256    
   13.40       7.059    
   13.50       6.863    
   13.60       6.668    
   13.70       6.474    
   13.80       6.281    
   13.90       6.089    
   14.00       5.900    
   14.10       5.711    
   14.20       5.525    
   14.30       5.342    
   14.40       5.160    
   14.50       4.982    
   14.60       4.806    
   14.70       4.633    
   14.80       4.463    
   14.90       4.297    
   15.00       4.134    
   15.10       3.974    
   15.20       3.818    
   15.30       3.666    
   15.40       3.518    
   15.50       3.374    
   15.60       3.234    
   15.70       3.098    
   15.80       2.966    
   15.90       2.838    
   16.00       2.715    
   16.10       2.596    
   16.20       2.482    
   16.30       2.372    
   16.40       2.266    
   16.50       2.165    
   16.60       2.069    
   16.70       1.976    
   16.80       1.889    
   16.90       1.805    
   17.00       1.726    
   17.10       1.651    
   17.20       1.580    
   17.30       1.514    
   17.40       1.452    
   17.50       1.394    
   17.60       1.340    
   17.70       1.289    
   17.80       1.243    
   17.90       1.200    
   18.00       1.162    
   18.10       1.126    
   18.20       1.094    
   18.30       1.066    
   18.40       1.041    
   18.50       1.018    
   18.60      0.9994    
   18.70      0.9833    
   18.80      0.9699    
   18.90      0.9593    
   19.00      0.9512    
   19.10      0.9456    
   19.20      0.9423    
   19.30      0.9412    
   19.40      0.9422    
   19.50      0.9451    
   19.60      0.9499    
   19.70      0.9564    
   19.80      0.9644    
   19.90      0.9740    
   20.00      0.9849    
   20.10      0.9970    
   20.20       1.010    
   20.30       1.024    
   20.40       1.039    
   20.50       1.055    
   20.60       1.072    
   20.70       1.089    
   20.80       1.107    
   20.90       1.124    
   21.00       1.143    
   21.10       1.161    
   21.20       1.179    
   21.30       1.198    
   21.40       1.216    
   21.50       1.234    
   21.60       1.252    
   21.70       1.269    
   21.80       1.286    
   21.90       1.303    
   22.00       1.319    
   22.10       1.334    
   22.20       1.349    
   22.30       1.363    
   22.40       1.377    
   22.50       1.389    
   22.60       1.401    
   22.70       1.412    
   22.80       1.422    
   22.90       1.430    
   23.00       1.438    
   23.10       1.445    
   23.20       1.451    
   23.30       1.456    
   23.40       1.460    
   23.50       1.463    
   23.60       1.464    
   23.70       1.465    
   23.80       1.465    
   23.90       1.463    
   24.00       1.460    
   24.10       1.457    
   24.20       1.452    
   24.30       1.446    
   24.40       1.439    
   24.50       1.432    
   24.60       1.423    
   24.70       1.413    
   24.80       1.402    
   24.90       1.391    
   25.00       1.378    
   25.10       1.365    
   25.20       1.350    
   25.30       1.335    
   25.40       1.319    
   25.50       1.303    
   25.60       1.285    
   25.70       1.267    
   25.80       1.248    
   25.90       1.229    
   26.00       1.209    
   26.10       1.189    
   26.20       1.168    
   26.30       1.146    
   26.40       1.125    
   26.50       1.102    
   26.60       1.080    
   26.70       1.057    
   26.80       1.034    
   26.90       1.011    
   27.00      0.9870    
   27.10      0.9633    
   27.20      0.9395    
   27.30      0.9157    
   27.40      0.8918    
   27.50      0.8678    
   27.60      0.8440    
   27.70      0.8201    
   27.80      0.7964    
   27.90      0.7728    
   28.00      0.7494    
   28.10      0.7262    
   28.20      0.7031    
   28.30      0.6804    
   28.40      0.6579    
   28.50      0.6357    
   28.60      0.6139    
   28.70      0.5924    
   28.80      0.5713    
   28.90      0.5506    
   29.00      0.5303    
   29.10      0.5104    
   29.20      0.4911    
   29.30      0.4721    
   29.40      0.4537    
   29.50      0.4358    
   29.60      0.4184    
   29.70      0.4016    
   29.80      0.3852    
   29.90      0.3695    
   30.00      0.3543    
   30.10      0.3396    
   30.20      0.3255    
   30.30      0.3121    
   30.40      0.2991    
   30.50      0.2868    
   30.60      0.2751    
   30.70      0.2639    
   30.80      0.2533    
   30.90      0.2433    
   31.00      0.2339    
   31.10      0.2250    
   31.20      0.2167    
   31.30      0.2089    
   31.40      0.2018    
   31.50      0.1951    
   31.60      0.1890    
   31.70      0.1834    
   31.80      0.1784    
   31.90      0.1738    
   32.00      0.1697    
   32.10      0.1661    
   32.20      0.1630    
   32.30      0.1603    
   32.40      0.1581    
   32.50      0.1563    
   32.60      0.1548    
   32.70      0.1538    
   32.80      0.1532    
   32.90      0.1529    
   33.00      0.1530    
   33.10      0.1534    
   33.20      0.1541    
   33.30      0.1550    
   33.40      0.1563    
   33.50      0.1578    
   33.60      0.1596    
   33.70      0.1616    
   33.80      0.1638    
   33.90      0.1662    
   34.00      0.1687    
   34.10      0.1714    
   34.20      0.1743    
   34.30      0.1773    
   34.40      0.1803    
   34.50      0.1835    
   34.60      0.1867    
   34.70      0.1900    
   34.80      0.1934    
   34.90      0.1968    
   35.00      0.2001    
   35.10      0.2035    
   35.20      0.2069    
   35.30      0.2102    
   35.40      0.2135    
   35.50      0.2168    
   35.60      0.2200    
   35.70      0.2231    
   35.80      0.2261    
   35.90      0.2291    
   36.00      0.2319    
   36.10      0.2346    
   36.20      0.2372    
   36.30      0.2397    
   36.40      0.2420    
   36.50      0.2442    
   36.60      0.2462    
   36.70      0.2481    
   36.80      0.2498    
   36.90      0.2514    
   37.00      0.2528    
   37.10      0.2540    
   37.20      0.2550    
   37.30      0.2559    
   37.40      0.2566    
   37.50      0.2570    
   37.60      0.2574    
   37.70      0.2575    
   37.80      0.2574    
   37.90      0.2572    
   38.00      0.2568    
   38.10      0.2562    
   38.20      0.2554    
   38.30      0.2545    
   38.40      0.2534    
   38.50      0.2521    
   38.60      0.2506    
   38.70      0.2490    
   38.80      0.2472    
   38.90      0.2453    
   39.00      0.2432    
   39.10      0.2410    
   39.20      0.2386    
   39.30      0.2361    
   39.40      0.2334    
   39.50      0.2307    
   39.60      0.2278    
   39.70      0.2248    
   39.80      0.2216    
   39.90      0.2184    
   40.00      0.2151    
   40.10      0.2117    
   40.20      0.2082    
   40.30      0.2047    
   40.40      0.2010    
   40.50      0.1973    
   40.60      0.1936    
   40.70      0.1898    
   40.80      0.1859    
   40.90      0.1820    
   41.00      0.1781    
   41.10      0.1741    
   41.20      0.1701    
   41.30      0.1661    
   41.40      0.1621    
   41.50      0.1581    
   41.60      0.1541    
   41.70      0.1501    
   41.80      0.1461    
   41.90      0.1422    
   42.00      0.1382    
   42.10      0.1343    
   42.20      0.1304    
   42.30      0.1265    
   42.40      0.1227    
   42.50      0.1190    
   42.60      0.1153    
   42.70      0.1116    
   42.80      0.1080    
   42.90      0.1044    
   43.00      0.1009    
   43.10      0.9753E-01
   43.20      0.9418E-01
   43.30      0.9090E-01
   43.40      0.8770E-01
   43.50      0.8458E-01
   43.60      0.8153E-01
   43.70      0.7856E-01
   43.80      0.7568E-01
   43.90      0.7287E-01
   44.00      0.7016E-01
   44.10      0.6753E-01
   44.20      0.6499E-01
   44.30      0.6253E-01
   44.40      0.6017E-01
   44.50      0.5789E-01
   44.60      0.5570E-01
   44.70      0.5360E-01
   44.80      0.5160E-01
   44.90      0.4968E-01
   45.00      0.4785E-01
   45.10      0.4611E-01
   45.20      0.4446E-01
   45.30      0.4289E-01
   45.40      0.4141E-01
   45.50      0.4002E-01
   45.60      0.3871E-01
   45.70      0.3749E-01
   45.80      0.3635E-01
   45.90      0.3529E-01
   46.00      0.3431E-01
   46.10      0.3340E-01
   46.20      0.3258E-01
   46.30      0.3183E-01
   46.40      0.3115E-01
   46.50      0.3054E-01
   46.60      0.3000E-01
   46.70      0.2953E-01
   46.80      0.2912E-01
   46.90      0.2878E-01
   47.00      0.2850E-01
   47.10      0.2828E-01
   47.20      0.2811E-01
   47.30      0.2800E-01
   47.40      0.2794E-01
   47.50      0.2793E-01
   47.60      0.2797E-01
   47.70      0.2806E-01
   47.80      0.2819E-01
   47.90      0.2836E-01
   48.00      0.2857E-01
   48.10      0.2881E-01
   48.20      0.2909E-01
   48.30      0.2940E-01
   48.40      0.2975E-01
   48.50      0.3012E-01
   48.60      0.3051E-01
   48.70      0.3093E-01
   48.80      0.3137E-01
   48.90      0.3182E-01
   49.00      0.3230E-01
   49.10      0.3279E-01
   49.20      0.3329E-01
   49.30      0.3380E-01
   49.40      0.3432E-01
   49.50      0.3485E-01
   49.60      0.3538E-01
   49.70      0.3592E-01
   49.80      0.3646E-01
   49.90      0.3699E-01
   50.00      0.3753E-01
   50.10      0.3806E-01
   50.20      0.3858E-01
   50.30      0.3910E-01
   50.40      0.3961E-01
   50.50      0.4011E-01
   50.60      0.4059E-01
   50.70      0.4107E-01
   50.80      0.4153E-01
   50.90      0.4197E-01
   51.00      0.4240E-01
   51.10      0.4282E-01
   51.20      0.4321E-01
   51.30      0.4358E-01
   51.40      0.4393E-01
   51.50      0.4426E-01
   51.60      0.4457E-01
   51.70      0.4486E-01
   51.80      0.4512E-01
   51.90      0.4536E-01
   52.00      0.4557E-01
   52.10      0.4576E-01
   52.20      0.4593E-01
   52.30      0.4606E-01
   52.40      0.4617E-01
   52.50      0.4626E-01
   52.60      0.4631E-01
   52.70      0.4634E-01
   52.80      0.4635E-01
   52.90      0.4632E-01
   53.00      0.4627E-01
   53.10      0.4619E-01
   53.20      0.4608E-01
   53.30      0.4595E-01
   53.40      0.4579E-01
   53.50      0.4561E-01
   53.60      0.4540E-01
   53.70      0.4516E-01
   53.80      0.4490E-01
   53.90      0.4461E-01
   54.00      0.4430E-01
   54.10      0.4397E-01
   54.20      0.4361E-01
   54.30      0.4323E-01
   54.40      0.4283E-01
   54.50      0.4241E-01
   54.60      0.4196E-01
   54.70      0.4150E-01
   54.80      0.4102E-01
   54.90      0.4052E-01
   55.00      0.4000E-01
   55.10      0.3947E-01
   55.20      0.3892E-01
   55.30      0.3836E-01
   55.40      0.3778E-01
   55.50      0.3719E-01
   55.60      0.3659E-01
   55.70      0.3598E-01
   55.80      0.3536E-01
   55.90      0.3472E-01
   56.00      0.3408E-01
   56.10      0.3344E-01
   56.20      0.3278E-01
   56.30      0.3213E-01
   56.40      0.3146E-01
   56.50      0.3080E-01
   56.60      0.3013E-01
   56.70      0.2946E-01
   56.80      0.2879E-01
   56.90      0.2812E-01
   57.00      0.2745E-01
   57.10      0.2678E-01
   57.20      0.2611E-01
   57.30      0.2545E-01
   57.40      0.2480E-01
   57.50      0.2414E-01
   57.60      0.2350E-01
   57.70      0.2286E-01
   57.80      0.2222E-01
   57.90      0.2160E-01
   58.00      0.2098E-01
   58.10      0.2038E-01
   58.20      0.1978E-01
   58.30      0.1919E-01
   58.40      0.1861E-01
   58.50      0.1805E-01
   58.60      0.1750E-01
   58.70      0.1696E-01
   58.80      0.1643E-01
   58.90      0.1591E-01
   59.00      0.1541E-01
   59.10      0.1492E-01
   59.20      0.1445E-01
   59.30      0.1398E-01
   59.40      0.1354E-01
   59.50      0.1311E-01
   59.60      0.1269E-01
   59.70      0.1229E-01
   59.80      0.1190E-01
   59.90      0.1153E-01
   60.00      0.1117E-01
   60.10      0.1083E-01
   60.20      0.1050E-01
   60.30      0.1018E-01
   60.40      0.9886E-02
   60.50      0.9603E-02
   60.60      0.9335E-02
   60.70      0.9081E-02
   60.80      0.8841E-02
   60.90      0.8616E-02
   61.00      0.8405E-02
   61.10      0.8208E-02
   61.20      0.8024E-02
   61.30      0.7853E-02
   61.40      0.7696E-02
   61.50      0.7551E-02
   61.60      0.7419E-02
   61.70      0.7300E-02
   61.80      0.7192E-02
   61.90      0.7095E-02
   62.00      0.7010E-02
   62.10      0.6936E-02
   62.20      0.6873E-02
   62.30      0.6819E-02
   62.40      0.6776E-02
   62.50      0.6741E-02
   62.60      0.6716E-02
   62.70      0.6700E-02
   62.80      0.6692E-02
   62.90      0.6692E-02
   63.00      0.6699E-02
   63.10      0.6713E-02
   63.20      0.6735E-02
   63.30      0.6762E-02
   63.40      0.6796E-02
   63.50      0.6835E-02
   63.60      0.6879E-02
   63.70      0.6928E-02
   63.80      0.6982E-02
   63.90      0.7039E-02
   64.00      0.7100E-02
   64.10      0.7165E-02
   64.20      0.7232E-02
   64.30      0.7302E-02
   64.40      0.7375E-02
   64.50      0.7449E-02
   64.60      0.7525E-02
   64.70      0.7602E-02
   64.80      0.7680E-02
   64.90      0.7758E-02
   65.00      0.7837E-02
   65.10      0.7916E-02
   65.20      0.7994E-02
   65.30      0.8073E-02
   65.40      0.8150E-02
   65.50      0.8226E-02
   65.60      0.8301E-02
   65.70      0.8374E-02
   65.80      0.8446E-02
   65.90      0.8515E-02
   66.00      0.8583E-02
   66.10      0.8648E-02
   66.20      0.8710E-02
   66.30      0.8770E-02
   66.40      0.8827E-02
   66.50      0.8881E-02
   66.60      0.8931E-02
   66.70      0.8978E-02
   66.80      0.9022E-02
   66.90      0.9062E-02
   67.00      0.9099E-02
   67.10      0.9131E-02
   67.20      0.9160E-02
   67.30      0.9185E-02
   67.40      0.9206E-02
   67.50      0.9223E-02
   67.60      0.9235E-02
   67.70      0.9244E-02
   67.80      0.9249E-02
   67.90      0.9249E-02
   68.00      0.9245E-02
   68.10      0.9237E-02
   68.20      0.9224E-02
   68.30      0.9208E-02
   68.40      0.9187E-02
   68.50      0.9162E-02
   68.60      0.9133E-02
   68.70      0.9100E-02
   68.80      0.9063E-02
   68.90      0.9022E-02
   69.00      0.8978E-02
   69.10      0.8929E-02
   69.20      0.8876E-02
   69.30      0.8820E-02
   69.40      0.8760E-02
   69.50      0.8697E-02
   69.60      0.8630E-02
   69.70      0.8560E-02
   69.80      0.8487E-02
   69.90      0.8410E-02
   70.00      0.8330E-02
   70.10      0.8248E-02
   70.20      0.8162E-02
   70.30      0.8074E-02
   70.40      0.7983E-02
   70.50      0.7890E-02
   70.60      0.7794E-02
   70.70      0.7696E-02
   70.80      0.7596E-02
   70.90      0.7494E-02
   71.00      0.7390E-02
   71.10      0.7284E-02
   71.20      0.7176E-02
   71.30      0.7067E-02
   71.40      0.6957E-02
   71.50      0.6845E-02
   71.60      0.6732E-02
   71.70      0.6618E-02
   71.80      0.6503E-02
   71.90      0.6387E-02
   72.00      0.6271E-02
   72.10      0.6154E-02
   72.20      0.6037E-02
   72.30      0.5919E-02
   72.40      0.5801E-02
   72.50      0.5683E-02
   72.60      0.5565E-02
   72.70      0.5447E-02
   72.80      0.5330E-02
   72.90      0.5213E-02
   73.00      0.5096E-02
   73.10      0.4980E-02
   73.20      0.4865E-02
   73.30      0.4751E-02
   73.40      0.4637E-02
   73.50      0.4524E-02
   73.60      0.4413E-02
   73.70      0.4303E-02
   73.80      0.4194E-02
   73.90      0.4086E-02
   74.00      0.3980E-02
   74.10      0.3876E-02
   74.20      0.3773E-02
   74.30      0.3671E-02
   74.40      0.3572E-02
   74.50      0.3474E-02
   74.60      0.3379E-02
   74.70      0.3285E-02
   74.80      0.3193E-02
   74.90      0.3103E-02
   75.00      0.3016E-02
   75.10      0.2930E-02
   75.20      0.2847E-02
   75.30      0.2766E-02
   75.40      0.2687E-02
   75.50      0.2611E-02
   75.60      0.2537E-02
   75.70      0.2465E-02
   75.80      0.2396E-02
   75.90      0.2329E-02
   76.00      0.2264E-02
   76.10      0.2202E-02
   76.20      0.2143E-02
   76.30      0.2085E-02
   76.40      0.2030E-02
   76.50      0.1978E-02
   76.60      0.1928E-02
   76.70      0.1880E-02
   76.80      0.1835E-02
   76.90      0.1792E-02
   77.00      0.1752E-02
   77.10      0.1713E-02
   77.20      0.1677E-02
   77.30      0.1644E-02
   77.40      0.1612E-02
   77.50      0.1583E-02
   77.60      0.1556E-02
   77.70      0.1531E-02
   77.80      0.1508E-02
   77.90      0.1487E-02
   78.00      0.1468E-02
   78.10      0.1451E-02
   78.20      0.1436E-02
   78.30      0.1423E-02
   78.40      0.1411E-02
   78.50      0.1401E-02
   78.60      0.1393E-02
   78.70      0.1387E-02
   78.80      0.1382E-02
   78.90      0.1379E-02
   79.00      0.1377E-02
   79.10      0.1377E-02
   79.20      0.1378E-02
   79.30      0.1380E-02
   79.40      0.1384E-02
   79.50      0.1388E-02
   79.60      0.1394E-02
   79.70      0.1401E-02
   79.80      0.1409E-02
   79.90      0.1418E-02
   80.00      0.1428E-02
   80.10      0.1439E-02
   80.20      0.1450E-02
   80.30      0.1462E-02
   80.40      0.1475E-02
   80.50      0.1489E-02
   80.60      0.1503E-02
   80.70      0.1518E-02
   80.80      0.1533E-02
   80.90      0.1548E-02
   81.00      0.1564E-02
   81.10      0.1581E-02
   81.20      0.1597E-02
   81.30      0.1614E-02
   81.40      0.1631E-02
   81.50      0.1648E-02
   81.60      0.1666E-02
   81.70      0.1683E-02
   81.80      0.1700E-02
   81.90      0.1718E-02
   82.00      0.1735E-02
   82.10      0.1752E-02
   82.20      0.1769E-02
   82.30      0.1785E-02
   82.40      0.1802E-02
   82.50      0.1818E-02
   82.60      0.1834E-02
   82.70      0.1849E-02
   82.80      0.1864E-02
   82.90      0.1879E-02
   83.00      0.1893E-02
   83.10      0.1907E-02
   83.20      0.1920E-02
   83.30      0.1932E-02
   83.40      0.1945E-02
   83.50      0.1956E-02
   83.60      0.1967E-02
   83.70      0.1977E-02
   83.80      0.1986E-02
   83.90      0.1995E-02
   84.00      0.2003E-02
   84.10      0.2010E-02
   84.20      0.2017E-02
   84.30      0.2022E-02
   84.40      0.2027E-02
   84.50      0.2031E-02
   84.60      0.2034E-02
   84.70      0.2037E-02
   84.80      0.2038E-02
   84.90      0.2039E-02
   85.00      0.2039E-02
   85.10      0.2038E-02
   85.20      0.2036E-02
   85.30      0.2033E-02
   85.40      0.2030E-02
   85.50      0.2025E-02
   85.60      0.2020E-02
   85.70      0.2013E-02
   85.80      0.2006E-02
   85.90      0.1998E-02
   86.00      0.1990E-02
   86.10      0.1980E-02
   86.20      0.1970E-02
   86.30      0.1959E-02
   86.40      0.1947E-02
   86.50      0.1934E-02
   86.60      0.1920E-02
   86.70      0.1906E-02
   86.80      0.1891E-02
   86.90      0.1876E-02
   87.00      0.1859E-02
   87.10      0.1842E-02
   87.20      0.1825E-02
   87.30      0.1807E-02
   87.40      0.1788E-02
   87.50      0.1768E-02
   87.60      0.1749E-02
   87.70      0.1728E-02
   87.80      0.1707E-02
   87.90      0.1686E-02
   88.00      0.1664E-02
   88.10      0.1642E-02
   88.20      0.1620E-02
   88.30      0.1597E-02
   88.40      0.1573E-02
   88.50      0.1550E-02
   88.60      0.1526E-02
   88.70      0.1502E-02
   88.80      0.1478E-02
   88.90      0.1453E-02
   89.00      0.1429E-02
   89.10      0.1404E-02
   89.20      0.1379E-02
   89.30      0.1354E-02
   89.40      0.1329E-02
   89.50      0.1304E-02
   89.60      0.1278E-02
   89.70      0.1253E-02
   89.80      0.1228E-02
   89.90      0.1203E-02
   90.00      0.1178E-02
   90.10      0.1153E-02
   90.20      0.1128E-02
   90.30      0.1103E-02
   90.40      0.1078E-02
   90.50      0.1054E-02
   90.60      0.1030E-02
   90.70      0.1006E-02
   90.80      0.9816E-03
   90.90      0.9579E-03
   91.00      0.9344E-03
   91.10      0.9112E-03
   91.20      0.8882E-03
   91.30      0.8656E-03
   91.40      0.8432E-03
   91.50      0.8212E-03
   91.60      0.7995E-03
   91.70      0.7782E-03
   91.80      0.7572E-03
   91.90      0.7365E-03
   92.00      0.7163E-03
   92.10      0.6965E-03
   92.20      0.6770E-03
   92.30      0.6580E-03
   92.40      0.6394E-03
   92.50      0.6212E-03
   92.60      0.6035E-03
   92.70      0.5863E-03
   92.80      0.5695E-03
   92.90      0.5531E-03
   93.00      0.5373E-03
   93.10      0.5219E-03
   93.20      0.5070E-03
   93.30      0.4927E-03
   93.40      0.4788E-03
   93.50      0.4654E-03
   93.60      0.4525E-03
   93.70      0.4401E-03
   93.80      0.4282E-03
   93.90      0.4168E-03
   94.00      0.4060E-03
   94.10      0.3956E-03
   94.20      0.3858E-03
   94.30      0.3764E-03
   94.40      0.3676E-03
   94.50      0.3592E-03
   94.60      0.3513E-03
   94.70      0.3439E-03
   94.80      0.3370E-03
   94.90      0.3306E-03
   95.00      0.3246E-03
   95.10      0.3190E-03
   95.20      0.3139E-03
   95.30      0.3093E-03
   95.40      0.3050E-03
   95.50      0.3012E-03
   95.60      0.2978E-03
   95.70      0.2947E-03
   95.80      0.2921E-03
   95.90      0.2897E-03
   96.00      0.2878E-03
   96.10      0.2861E-03
   96.20      0.2848E-03
   96.30      0.2838E-03
   96.40      0.2831E-03
   96.50      0.2826E-03
   96.60      0.2824E-03
   96.70      0.2824E-03
   96.80      0.2827E-03
   96.90      0.2832E-03
   97.00      0.2838E-03
   97.10      0.2847E-03
   97.20      0.2857E-03
   97.30      0.2869E-03
   97.40      0.2882E-03
   97.50      0.2896E-03
   97.60      0.2912E-03
   97.70      0.2928E-03
   97.80      0.2945E-03
   97.90      0.2963E-03
   98.00      0.2982E-03
   98.10      0.3001E-03
   98.20      0.3020E-03
   98.30      0.3040E-03
   98.40      0.3060E-03
   98.50      0.3080E-03
   98.60      0.3100E-03
   98.70      0.3120E-03
   98.80      0.3140E-03
   98.90      0.3159E-03
   99.00      0.3179E-03
   99.10      0.3198E-03
   99.20      0.3216E-03
   99.30      0.3235E-03
   99.40      0.3252E-03
   99.50      0.3270E-03
   99.60      0.3287E-03
   99.70      0.3303E-03
   99.80      0.3318E-03
   99.90      0.3333E-03
   100.0      0.3348E-03
   100.1      0.3362E-03
   100.2      0.3375E-03
   100.3      0.3387E-03
   100.4      0.3399E-03
   100.5      0.3410E-03
   100.6      0.3421E-03
   100.7      0.3431E-03
   100.8      0.3440E-03
   100.9      0.3449E-03
   101.0      0.3457E-03
   101.1      0.3465E-03
   101.2      0.3472E-03
   101.3      0.3478E-03
   101.4      0.3483E-03
   101.5      0.3489E-03
   101.6      0.3493E-03
   101.7      0.3497E-03
   101.8      0.3500E-03
   101.9      0.3503E-03
   102.0      0.3505E-03
   102.1      0.3507E-03
   102.2      0.3508E-03
   102.3      0.3509E-03
   102.4      0.3509E-03
   102.5      0.3508E-03
   102.6      0.3507E-03
   102.7      0.3506E-03
   102.8      0.3503E-03
   102.9      0.3501E-03
   103.0      0.3498E-03
   103.1      0.3494E-03
   103.2      0.3490E-03
   103.3      0.3485E-03
   103.4      0.3480E-03
   103.5      0.3474E-03
   103.6      0.3467E-03
   103.7      0.3460E-03
   103.8      0.3453E-03
   103.9      0.3445E-03
   104.0      0.3436E-03
   104.1      0.3427E-03
   104.2      0.3418E-03
   104.3      0.3408E-03
   104.4      0.3397E-03
   104.5      0.3386E-03
   104.6      0.3374E-03
   104.7      0.3362E-03
   104.8      0.3349E-03
   104.9      0.3336E-03
   105.0      0.3322E-03
   105.1      0.3308E-03
   105.2      0.3293E-03
   105.3      0.3278E-03
   105.4      0.3262E-03
   105.5      0.3246E-03
   105.6      0.3230E-03
   105.7      0.3212E-03
   105.8      0.3195E-03
   105.9      0.3177E-03
   106.0      0.3158E-03
   106.1      0.3139E-03
   106.2      0.3120E-03
   106.3      0.3100E-03
   106.4      0.3079E-03
   106.5      0.3059E-03
   106.6      0.3037E-03
   106.7      0.3016E-03
   106.8      0.2994E-03
   106.9      0.2971E-03
   107.0      0.2948E-03
   107.1      0.2924E-03
   107.2      0.2900E-03
   107.3      0.2876E-03
   107.4      0.2851E-03
   107.5      0.2825E-03
   107.6      0.2800E-03
   107.7      0.2773E-03
   107.8      0.2746E-03
   107.9      0.2719E-03
   108.0      0.2691E-03
   108.1      0.2663E-03
   108.2      0.2634E-03
   108.3      0.2604E-03
   108.4      0.2575E-03
   108.5      0.2544E-03
   108.6      0.2513E-03
   108.7      0.2482E-03
   108.8      0.2450E-03
   108.9      0.2418E-03
   109.0      0.2385E-03
   109.1      0.2352E-03
   109.2      0.2318E-03
   109.3      0.2284E-03
   109.4      0.2249E-03
   109.5      0.2214E-03
   109.6      0.2179E-03
   109.7      0.2143E-03
   109.8      0.2107E-03
   109.9      0.2071E-03
   110.0      0.2034E-03
   110.1      0.1998E-03
   110.2      0.1961E-03
   110.3      0.1924E-03
   110.4      0.1887E-03
   110.5      0.1850E-03
   110.6      0.1813E-03
   110.7      0.1777E-03
   110.8      0.1740E-03
   110.9      0.1703E-03
   111.0      0.1667E-03
   111.1      0.1631E-03
   111.2      0.1596E-03
   111.3      0.1561E-03
   111.4      0.1526E-03
   111.5      0.1492E-03
   111.6      0.1459E-03
   111.7      0.1426E-03
   111.8      0.1395E-03
   111.9      0.1363E-03
   112.0      0.1333E-03
   112.1      0.1304E-03
   112.2      0.1275E-03
   112.3      0.1248E-03
   112.4      0.1221E-03
   112.5      0.1196E-03
   112.6      0.1172E-03
   112.7      0.1149E-03
   112.8      0.1127E-03
   112.9      0.1106E-03
   113.0      0.1087E-03
   113.1      0.1068E-03
   113.2      0.1051E-03
   113.3      0.1035E-03
   113.4      0.1020E-03
   113.5      0.1007E-03
   113.6      0.9948E-04
   113.7      0.9837E-04
   113.8      0.9738E-04
   113.9      0.9651E-04
   114.0      0.9574E-04
   114.1      0.9509E-04
   114.2      0.9454E-04
   114.3      0.9408E-04
   114.4      0.9373E-04
   114.5      0.9346E-04
   114.6      0.9329E-04
   114.7      0.9319E-04
   114.8      0.9316E-04
   114.9      0.9321E-04
   115.0      0.9331E-04
   115.1      0.9348E-04
   115.2      0.9369E-04
   115.3      0.9395E-04
   115.4      0.9424E-04
   115.5      0.9457E-04
   115.6      0.9492E-04
   115.7      0.9529E-04
   115.8      0.9568E-04
   115.9      0.9607E-04
   116.0      0.9647E-04
   116.1      0.9686E-04
   116.2      0.9724E-04
   116.3      0.9761E-04
   116.4      0.9796E-04
   116.5      0.9829E-04
   116.6      0.9859E-04
   116.7      0.9886E-04
   116.8      0.9910E-04
   116.9      0.9931E-04
   117.0      0.9948E-04
   117.1      0.9960E-04
   117.2      0.9969E-04
   117.3      0.9973E-04
   117.4      0.9973E-04
   117.5      0.9969E-04
   117.6      0.9960E-04
   117.7      0.9946E-04
   117.8      0.9929E-04
   117.9      0.9907E-04
   118.0      0.9881E-04
   118.1      0.9850E-04
   118.2      0.9816E-04
   118.3      0.9778E-04
   118.4      0.9737E-04
   118.5      0.9692E-04
   118.6      0.9645E-04
   118.7      0.9594E-04
   118.8      0.9541E-04
   118.9      0.9485E-04
   119.0      0.9428E-04
   119.1      0.9368E-04
   119.2      0.9307E-04
   119.3      0.9245E-04
   119.4      0.9181E-04
   119.5      0.9117E-04
   119.6      0.9052E-04
   119.7      0.8987E-04
   119.8      0.8921E-04
   119.9      0.8855E-04
   120.0      0.8790E-04
   120.1      0.8724E-04
   120.2      0.8659E-04
   120.3      0.8595E-04
   120.4      0.8531E-04
   120.5      0.8468E-04
   120.6      0.8406E-04
   120.7      0.8344E-04
   120.8      0.8283E-04
   120.9      0.8223E-04
   121.0      0.8164E-04
   121.1      0.8106E-04
   121.2      0.8048E-04
   121.3      0.7991E-04
   121.4      0.7935E-04
   121.5      0.7880E-04
   121.6      0.7825E-04
   121.7      0.7770E-04
   121.8      0.7716E-04
   121.9      0.7662E-04
   122.0      0.7608E-04
   122.1      0.7555E-04
   122.2      0.7501E-04
   122.3      0.7448E-04
   122.4      0.7394E-04
   122.5      0.7340E-04
   122.6      0.7286E-04
   122.7      0.7232E-04
   122.8      0.7178E-04
   122.9      0.7123E-04
   123.0      0.7068E-04
   123.1      0.7012E-04
   123.2      0.6956E-04
   123.3      0.6900E-04
   123.4      0.6843E-04
   123.5      0.6787E-04
   123.6      0.6730E-04
   123.7      0.6672E-04
   123.8      0.6615E-04
   123.9      0.6558E-04
   124.0      0.6501E-04
   124.1      0.6444E-04
   124.2      0.6387E-04
   124.3      0.6331E-04
   124.4      0.6275E-04
   124.5      0.6220E-04
   124.6      0.6165E-04
   124.7      0.6112E-04
   124.8      0.6059E-04
   124.9      0.6007E-04
   125.0      0.5956E-04
   125.1      0.5907E-04
   125.2      0.5859E-04
   125.3      0.5812E-04
   125.4      0.5766E-04
   125.5      0.5722E-04
   125.6      0.5679E-04
   125.7      0.5638E-04
   125.8      0.5598E-04
   125.9      0.5560E-04
   126.0      0.5523E-04
   126.1      0.5488E-04
   126.2      0.5454E-04
   126.3      0.5421E-04
   126.4      0.5389E-04
   126.5      0.5359E-04
   126.6      0.5330E-04
   126.7      0.5301E-04
   126.8      0.5274E-04
   126.9      0.5247E-04
   127.0      0.5221E-04
   127.1      0.5195E-04
   127.2      0.5169E-04
   127.3      0.5144E-04
   127.4      0.5118E-04
   127.5      0.5093E-04
   127.6      0.5066E-04
   127.7      0.5040E-04
   127.8      0.5013E-04
   127.9      0.4985E-04
   128.0      0.4956E-04
   128.1      0.4926E-04
   128.2      0.4895E-04
   128.3      0.4862E-04
   128.4      0.4829E-04
   128.5      0.4794E-04
   128.6      0.4757E-04
   128.7      0.4719E-04
   128.8      0.4680E-04
   128.9      0.4639E-04
   129.0      0.4597E-04
   129.1      0.4553E-04
   129.2      0.4508E-04
   129.3      0.4461E-04
   129.4      0.4413E-04
   129.5      0.4364E-04
   129.6      0.4314E-04
   129.7      0.4263E-04
   129.8      0.4211E-04
   129.9      0.4159E-04
   130.0      0.4106E-04
   130.1      0.4053E-04
   130.2      0.4000E-04
   130.3      0.3947E-04
   130.4      0.3894E-04
   130.5      0.3841E-04
   130.6      0.3789E-04
   130.7      0.3738E-04
   130.8      0.3688E-04
   130.9      0.3639E-04
   131.0      0.3592E-04
   131.1      0.3546E-04
   131.2      0.3501E-04
   131.3      0.3458E-04
   131.4      0.3417E-04
   131.5      0.3378E-04
   131.6      0.3342E-04
   131.7      0.3307E-04
   131.8      0.3274E-04
   131.9      0.3244E-04
   132.0      0.3215E-04
   132.1      0.3189E-04
   132.2      0.3165E-04
   132.3      0.3143E-04
   132.4      0.3123E-04
   132.5      0.3105E-04
   132.6      0.3089E-04
   132.7      0.3074E-04
   132.8      0.3061E-04
   132.9      0.3049E-04
   133.0      0.3039E-04
   133.1      0.3029E-04
   133.2      0.3020E-04
   133.3      0.3012E-04
   133.4      0.3004E-04
   133.5      0.2997E-04
   133.6      0.2989E-04
   133.7      0.2981E-04
   133.8      0.2973E-04
   133.9      0.2964E-04
   134.0      0.2954E-04
   134.1      0.2943E-04
   134.2      0.2930E-04
   134.3      0.2917E-04
   134.4      0.2902E-04
   134.5      0.2885E-04
   134.6      0.2867E-04
   134.7      0.2847E-04
   134.8      0.2824E-04
   134.9      0.2800E-04
   135.0      0.2775E-04
   135.1      0.2747E-04
   135.2      0.2717E-04
   135.3      0.2686E-04
   135.4      0.2652E-04
   135.5      0.2618E-04
   135.6      0.2581E-04
   135.7      0.2544E-04
   135.8      0.2505E-04
   135.9      0.2466E-04
   136.0      0.2426E-04
   136.1      0.2385E-04
   136.2      0.2344E-04
   136.3      0.2304E-04
   136.4      0.2264E-04
   136.5      0.2224E-04
   136.6      0.2186E-04
   136.7      0.2149E-04
   136.8      0.2113E-04
   136.9      0.2080E-04
   137.0      0.2049E-04
   137.1      0.2020E-04
   137.2      0.1994E-04
   137.3      0.1971E-04
   137.4      0.1952E-04
   137.5      0.1937E-04
   137.6      0.1925E-04
   137.7      0.1917E-04
   137.8      0.1914E-04
   137.9      0.1915E-04
   138.0      0.1920E-04
   138.1      0.1931E-04
   138.2      0.1946E-04
   138.3      0.1966E-04
   138.4      0.1990E-04
   138.5      0.2020E-04
   138.6      0.2054E-04
   138.7      0.2093E-04
   138.8      0.2136E-04
   138.9      0.2184E-04
   139.0      0.2236E-04
   139.1      0.2292E-04
   139.2      0.2352E-04
   139.3      0.2416E-04
   139.4      0.2482E-04
   139.5      0.2552E-04
   139.6      0.2625E-04
   139.7      0.2700E-04
   139.8      0.2777E-04
   139.9      0.2855E-04
   140.0      0.2935E-04
   140.1      0.3016E-04
   140.2      0.3097E-04
   140.3      0.3178E-04
   140.4      0.3260E-04
   140.5      0.3340E-04
   140.6      0.3420E-04
   140.7      0.3499E-04
   140.8      0.3576E-04
   140.9      0.3651E-04
   141.0      0.3724E-04
   141.1      0.3794E-04
   141.2      0.3862E-04
   141.3      0.3926E-04
   141.4      0.3987E-04
   141.5      0.4046E-04
   141.6      0.4100E-04
   141.7      0.4151E-04
   141.8      0.4198E-04
   141.9      0.4241E-04
   142.0      0.4280E-04
   142.1      0.4316E-04
   142.2      0.4347E-04
   142.3      0.4375E-04
   142.4      0.4399E-04
   142.5      0.4419E-04
   142.6      0.4435E-04
   142.7      0.4448E-04
   142.8      0.4458E-04
   142.9      0.4464E-04
   143.0      0.4468E-04
   143.1      0.4468E-04
   143.2      0.4466E-04
   143.3      0.4462E-04
   143.4      0.4455E-04
   143.5      0.4447E-04
   143.6      0.4436E-04
   143.7      0.4424E-04
   143.8      0.4410E-04
   143.9      0.4395E-04
   144.0      0.4380E-04
   144.1      0.4363E-04
   144.2      0.4346E-04
   144.3      0.4328E-04
   144.4      0.4309E-04
   144.5      0.4291E-04
   144.6      0.4272E-04
   144.7      0.4252E-04
   144.8      0.4233E-04
   144.9      0.4214E-04
   145.0      0.4194E-04
   145.1      0.4175E-04
   145.2      0.4155E-04
   145.3      0.4135E-04
   145.4      0.4115E-04
   145.5      0.4095E-04
   145.6      0.4074E-04
   145.7      0.4053E-04
   145.8      0.4030E-04
   145.9      0.4007E-04
   146.0      0.3984E-04
   146.1      0.3958E-04
   146.2      0.3932E-04
   146.3      0.3904E-04
   146.4      0.3875E-04
   146.5      0.3844E-04
   146.6      0.3810E-04
   146.7      0.3775E-04
   146.8      0.3738E-04
   146.9      0.3698E-04
   147.0      0.3656E-04
   147.1      0.3611E-04
   147.2      0.3563E-04
   147.3      0.3513E-04
   147.4      0.3460E-04
   147.5      0.3404E-04
   147.6      0.3346E-04
   147.7      0.3285E-04
   147.8      0.3221E-04
   147.9      0.3155E-04
   148.0      0.3086E-04
   148.1      0.3014E-04
   148.2      0.2941E-04
   148.3      0.2866E-04
   148.4      0.2789E-04
   148.5      0.2710E-04
   148.6      0.2630E-04
   148.7      0.2548E-04
   148.8      0.2466E-04
   148.9      0.2384E-04
   149.0      0.2301E-04
   149.1      0.2219E-04
   149.2      0.2136E-04
   149.3      0.2055E-04
   149.4      0.1975E-04
   149.5      0.1896E-04
   149.6      0.1818E-04
   149.7      0.1743E-04
   149.8      0.1670E-04
   149.9      0.1600E-04
   150.0      0.1533E-04
   150.1      0.1468E-04
   150.2      0.1408E-04
   150.3      0.1350E-04
   150.4      0.1297E-04
   150.5      0.1248E-04
   150.6      0.1203E-04
   150.7      0.1162E-04
   150.8      0.1125E-04
   150.9      0.1093E-04
   151.0      0.1065E-04
   151.1      0.1041E-04
   151.2      0.1022E-04
   151.3      0.1007E-04
   151.4      0.9964E-05
   151.5      0.9897E-05
   151.6      0.9868E-05
   151.7      0.9877E-05
   151.8      0.9919E-05
   151.9      0.9995E-05
   152.0      0.1010E-04
   152.1      0.1023E-04
   152.2      0.1039E-04
   152.3      0.1056E-04
   152.4      0.1076E-04
   152.5      0.1097E-04
   152.6      0.1119E-04
   152.7      0.1142E-04
   152.8      0.1165E-04
   152.9      0.1189E-04
   153.0      0.1212E-04
   153.1      0.1235E-04
   153.2      0.1257E-04
   153.3      0.1278E-04
   153.4      0.1298E-04
   153.5      0.1317E-04
   153.6      0.1334E-04
   153.7      0.1349E-04
   153.8      0.1361E-04
   153.9      0.1372E-04
   154.0      0.1381E-04
   154.1      0.1387E-04
   154.2      0.1391E-04
   154.3      0.1392E-04
   154.4      0.1392E-04
   154.5      0.1389E-04
   154.6      0.1384E-04
   154.7      0.1377E-04
   154.8      0.1368E-04
   154.9      0.1357E-04
   155.0      0.1346E-04
   155.1      0.1333E-04
   155.2      0.1318E-04
   155.3      0.1304E-04
   155.4      0.1289E-04
   155.5      0.1273E-04
   155.6      0.1258E-04
   155.7      0.1244E-04
   155.8      0.1230E-04
   155.9      0.1218E-04
   156.0      0.1207E-04
   156.1      0.1197E-04
   156.2      0.1190E-04
   156.3      0.1185E-04
   156.4      0.1182E-04
   156.5      0.1183E-04
   156.6      0.1186E-04
   156.7      0.1193E-04
   156.8      0.1202E-04
   156.9      0.1216E-04
   157.0      0.1233E-04
   157.1      0.1253E-04
   157.2      0.1278E-04
   157.3      0.1306E-04
   157.4      0.1337E-04
   157.5      0.1372E-04
   157.6      0.1411E-04
   157.7      0.1453E-04
   157.8      0.1498E-04
   157.9      0.1546E-04
   158.0      0.1597E-04
   158.1      0.1650E-04
   158.2      0.1705E-04
   158.3      0.1762E-04
   158.4      0.1821E-04
   158.5      0.1880E-04
   158.6      0.1941E-04
   158.7      0.2002E-04
   158.8      0.2062E-04
   158.9      0.2123E-04
   159.0      0.2183E-04
   159.1      0.2241E-04
   159.2      0.2298E-04
   159.3      0.2353E-04
   159.4      0.2406E-04
   159.5      0.2456E-04
   159.6      0.2503E-04
   159.7      0.2547E-04
   159.8      0.2588E-04
   159.9      0.2625E-04
   160.0      0.2658E-04
   160.1      0.2687E-04
   160.2      0.2712E-04
   160.3      0.2733E-04
   160.4      0.2750E-04
   160.5      0.2762E-04
   160.6      0.2770E-04
   160.7      0.2774E-04
   160.8      0.2774E-04
   160.9      0.2771E-04
   161.0      0.2764E-04
   161.1      0.2753E-04
   161.2      0.2740E-04
   161.3      0.2724E-04
   161.4      0.2705E-04
   161.5      0.2685E-04
   161.6      0.2663E-04
   161.7      0.2640E-04
   161.8      0.2616E-04
   161.9      0.2593E-04
   162.0      0.2569E-04
   162.1      0.2547E-04
   162.2      0.2526E-04
   162.3      0.2506E-04
   162.4      0.2489E-04
   162.5      0.2474E-04
   162.6      0.2463E-04
   162.7      0.2455E-04
   162.8      0.2452E-04
   162.9      0.2452E-04
   163.0      0.2458E-04
   163.1      0.2468E-04
   163.2      0.2484E-04
   163.3      0.2505E-04
   163.4      0.2532E-04
   163.5      0.2565E-04
   163.6      0.2604E-04
   163.7      0.2648E-04
   163.8      0.2699E-04
   163.9      0.2755E-04
   164.0      0.2817E-04
   164.1      0.2885E-04
   164.2      0.2958E-04
   164.3      0.3036E-04
   164.4      0.3119E-04
   164.5      0.3206E-04
   164.6      0.3298E-04
   164.7      0.3393E-04
   164.8      0.3491E-04
   164.9      0.3592E-04
   165.0      0.3694E-04
   165.1      0.3799E-04
   165.2      0.3904E-04
   165.3      0.4009E-04
   165.4      0.4115E-04
   165.5      0.4219E-04
   165.6      0.4322E-04
   165.7      0.4424E-04
   165.8      0.4522E-04
   165.9      0.4618E-04
   166.0      0.4709E-04
   166.1      0.4797E-04
   166.2      0.4880E-04
   166.3      0.4958E-04
   166.4      0.5030E-04
   166.5      0.5097E-04
   166.6      0.5157E-04
   166.7      0.5211E-04
   166.8      0.5259E-04
   166.9      0.5300E-04
   167.0      0.5333E-04
   167.1      0.5360E-04
   167.2      0.5381E-04
   167.3      0.5394E-04
   167.4      0.5401E-04
   167.5      0.5401E-04
   167.6      0.5395E-04
   167.7      0.5384E-04
   167.8      0.5367E-04
   167.9      0.5345E-04
   168.0      0.5318E-04
   168.1      0.5288E-04
   168.2      0.5254E-04
   168.3      0.5217E-04
   168.4      0.5177E-04
   168.5      0.5137E-04
   168.6      0.5095E-04
   168.7      0.5052E-04
   168.8      0.5011E-04
   168.9      0.4970E-04
   169.0      0.4931E-04
   169.1      0.4895E-04
   169.2      0.4862E-04
   169.3      0.4832E-04
   169.4      0.4808E-04
   169.5      0.4788E-04
   169.6      0.4774E-04
   169.7      0.4766E-04
   169.8      0.4765E-04
   169.9      0.4770E-04
   170.0      0.4784E-04
   170.1      0.4805E-04
   170.2      0.4834E-04
   170.3      0.4872E-04
   170.4      0.4918E-04
   170.5      0.4973E-04
   170.6      0.5036E-04
   170.7      0.5108E-04
   170.8      0.5189E-04
   170.9      0.5278E-04
   171.0      0.5374E-04
   171.1      0.5479E-04
   171.2      0.5591E-04
   171.3      0.5710E-04
   171.4      0.5836E-04
   171.5      0.5967E-04
   171.6      0.6104E-04
   171.7      0.6246E-04
   171.8      0.6392E-04
   171.9      0.6542E-04
   172.0      0.6694E-04
   172.1      0.6848E-04
   172.2      0.7004E-04
   172.3      0.7159E-04
   172.4      0.7315E-04
   172.5      0.7469E-04
   172.6      0.7621E-04
   172.7      0.7771E-04
   172.8      0.7917E-04
   172.9      0.8058E-04
   173.0      0.8195E-04
   173.1      0.8325E-04
   173.2      0.8450E-04
   173.3      0.8567E-04
   173.4      0.8676E-04
   173.5      0.8778E-04
   173.6      0.8870E-04
   173.7      0.8953E-04
   173.8      0.9027E-04
   173.9      0.9090E-04
   174.0      0.9143E-04
   174.1      0.9186E-04
   174.2      0.9218E-04
   174.3      0.9238E-04
   174.4      0.9249E-04
   174.5      0.9248E-04
   174.6      0.9236E-04
   174.7      0.9213E-04
   174.8      0.9180E-04
   174.9      0.9136E-04
   175.0      0.9083E-04
   175.1      0.9019E-04
   175.2      0.8946E-04
   175.3      0.8864E-04
   175.4      0.8773E-04
   175.5      0.8674E-04
   175.6      0.8567E-04
   175.7      0.8454E-04
   175.8      0.8333E-04
   175.9      0.8207E-04
   176.0      0.8075E-04
   176.1      0.7938E-04
   176.2      0.7797E-04
   176.3      0.7653E-04
   176.4      0.7505E-04
   176.5      0.7355E-04
   176.6      0.7203E-04
   176.7      0.7050E-04
   176.8      0.6896E-04
   176.9      0.6742E-04
   177.0      0.6589E-04
   177.1      0.6436E-04
   177.2      0.6285E-04
   177.3      0.6136E-04
   177.4      0.5989E-04
   177.5      0.5845E-04
   177.6      0.5704E-04
   177.7      0.5567E-04
   177.8      0.5434E-04
   177.9      0.5305E-04
   178.0      0.5180E-04
   178.1      0.5061E-04
   178.2      0.4946E-04
   178.3      0.4837E-04
   178.4      0.4733E-04
   178.5      0.4635E-04
   178.6      0.4542E-04
   178.7      0.4456E-04
   178.8      0.4375E-04
   178.9      0.4301E-04
   179.0      0.4233E-04
   179.1      0.4171E-04
   179.2      0.4116E-04
   179.3      0.4067E-04
   179.4      0.4025E-04
   179.5      0.3989E-04
   179.6      0.3959E-04
   179.7      0.3936E-04
   179.8      0.3920E-04
   179.9      0.3910E-04
   180.0      0.3907E-04
 END
