#1801 angles,  1 tensor ranks for 0=projectile
@subtitle   "12C(7Li,6Li)13C @ Ed=77 MeV;"                                                  
@legend ON
@legend x1 0.2
@legend y1 0.8
@g0 type LOGY
@yaxis ticklabel format power
@legend string   0 "Lab energy =   77.0000"
#legend string   0 "Partition=  1 Excit=  1 near/far= 1"
#  Theta       sigma       iT11        T20         T21         T22         Kyy for projectile
  0.1000E-01  0.3066E+16
  0.1000      0.3065E+12
  0.2000      0.1918E+11
  0.3000      0.3805E+10
  0.4000      0.1210E+10
  0.5000      0.4979E+09
  0.6000      0.2408E+09
  0.7000      0.1300E+09
  0.8000      0.7605E+08
  0.9000      0.4722E+08
   1.000      0.3072E+08
   1.100      0.2074E+08
   1.200      0.1443E+08
   1.300      0.1030E+08
   1.400      0.7505E+07
   1.500      0.5569E+07
   1.600      0.4197E+07
   1.700      0.3207E+07
   1.800      0.2481E+07
   1.900      0.1940E+07
   2.000      0.1533E+07
   2.100      0.1222E+07
   2.200      0.9828E+06
   2.300      0.7969E+06
   2.400      0.6513E+06
   2.500      0.5364E+06
   2.600      0.4450E+06
   2.700      0.3720E+06
   2.800      0.3132E+06
   2.900      0.2657E+06
   3.000      0.2270E+06
   3.100      0.1954E+06
   3.200      0.1694E+06
   3.300      0.1480E+06
   3.400      0.1301E+06
   3.500      0.1153E+06
   3.600      0.1028E+06
   3.700      0.9230E+05
   3.800      0.8339E+05
   3.900      0.7579E+05
   4.000      0.6926E+05
   4.100      0.6362E+05
   4.200      0.5872E+05
   4.300      0.5442E+05
   4.400      0.5064E+05
   4.500      0.4728E+05
   4.600      0.4427E+05
   4.700      0.4156E+05
   4.800      0.3910E+05
   4.900      0.3686E+05
   5.000      0.3479E+05
   5.100      0.3288E+05
   5.200      0.3111E+05
   5.300      0.2945E+05
   5.400      0.2790E+05
   5.500      0.2643E+05
   5.600      0.2504E+05
   5.700      0.2372E+05
   5.800      0.2247E+05
   5.900      0.2127E+05
   6.000      0.2013E+05
   6.100      0.1904E+05
   6.200      0.1799E+05
   6.300      0.1699E+05
   6.400      0.1603E+05
   6.500      0.1511E+05
   6.600      0.1422E+05
   6.700      0.1338E+05
   6.800      0.1257E+05
   6.900      0.1179E+05
   7.000      0.1104E+05
   7.100      0.1033E+05
   7.200       9652.    
   7.300       9002.    
   7.400       8383.    
   7.500       7793.    
   7.600       7232.    
   7.700       6699.    
   7.800       6193.    
   7.900       5714.    
   8.000       5261.    
   8.100       4833.    
   8.200       4430.    
   8.300       4050.    
   8.400       3694.    
   8.500       3360.    
   8.600       3048.    
   8.700       2757.    
   8.800       2486.    
   8.900       2235.    
   9.000       2002.    
   9.100       1787.    
   9.200       1589.    
   9.300       1407.    
   9.400       1241.    
   9.500       1090.    
   9.600       952.5    
   9.700       828.6    
   9.800       717.3    
   9.900       617.9    
   10.00       529.6    
   10.10       451.9    
   10.20       383.9    
   10.30       325.1    
   10.40       274.8    
   10.50       232.4    
   10.60       197.2    
   10.70       168.7    
   10.80       146.4    
   10.90       129.6    
   11.00       118.0    
   11.10       110.8    
   11.20       107.8    
   11.30       108.5    
   11.40       112.3    
   11.50       119.0    
   11.60       128.1    
   11.70       139.2    
   11.80       152.1    
   11.90       166.3    
   12.00       181.7    
   12.10       197.9    
   12.20       214.7    
   12.30       231.8    
   12.40       249.1    
   12.50       266.2    
   12.60       283.1    
   12.70       299.7    
   12.80       315.6    
   12.90       330.9    
   13.00       345.4    
   13.10       359.0    
   13.20       371.6    
   13.30       383.2    
   13.40       393.7    
   13.50       403.1    
   13.60       411.3    
   13.70       418.3    
   13.80       424.1    
   13.90       428.7    
   14.00       432.1    
   14.10       434.4    
   14.20       435.4    
   14.30       435.4    
   14.40       434.2    
   14.50       432.0    
   14.60       428.8    
   14.70       424.5    
   14.80       419.4    
   14.90       413.4    
   15.00       406.6    
   15.10       399.0    
   15.20       390.7    
   15.30       381.7    
   15.40       372.2    
   15.50       362.1    
   15.60       351.6    
   15.70       340.6    
   15.80       329.4    
   15.90       317.8    
   16.00       306.0    
   16.10       293.9    
   16.20       281.8    
   16.30       269.6    
   16.40       257.3    
   16.50       245.1    
   16.60       232.9    
   16.70       220.8    
   16.80       208.8    
   16.90       197.0    
   17.00       185.4    
   17.10       174.1    
   17.20       163.0    
   17.30       152.2    
   17.40       141.7    
   17.50       131.5    
   17.60       121.7    
   17.70       112.2    
   17.80       103.2    
   17.90       94.49    
   18.00       86.22    
   18.10       78.35    
   18.20       70.89    
   18.30       63.84    
   18.40       57.21    
   18.50       50.99    
   18.60       45.19    
   18.70       39.79    
   18.80       34.79    
   18.90       30.19    
   19.00       25.97    
   19.10       22.13    
   19.20       18.66    
   19.30       15.54    
   19.40       12.77    
   19.50       10.34    
   19.60       8.215    
   19.70       6.399    
   19.80       4.875    
   19.90       3.626    
   20.00       2.639    
   20.10       1.898    
   20.20       1.388    
   20.30       1.095    
   20.40       1.003    
   20.50       1.096    
   20.60       1.361    
   20.70       1.783    
   20.80       2.346    
   20.90       3.037    
   21.00       3.843    
   21.10       4.749    
   21.20       5.743    
   21.30       6.813    
   21.40       7.945    
   21.50       9.129    
   21.60       10.35    
   21.70       11.61    
   21.80       12.88    
   21.90       14.17    
   22.00       15.45    
   22.10       16.73    
   22.20       17.99    
   22.30       19.23    
   22.40       20.44    
   22.50       21.62    
   22.60       22.76    
   22.70       23.84    
   22.80       24.88    
   22.90       25.87    
   23.00       26.79    
   23.10       27.66    
   23.20       28.46    
   23.30       29.19    
   23.40       29.86    
   23.50       30.45    
   23.60       30.98    
   23.70       31.43    
   23.80       31.81    
   23.90       32.13    
   24.00       32.37    
   24.10       32.54    
   24.20       32.64    
   24.30       32.68    
   24.40       32.65    
   24.50       32.55    
   24.60       32.39    
   24.70       32.18    
   24.80       31.90    
   24.90       31.57    
   25.00       31.19    
   25.10       30.75    
   25.20       30.27    
   25.30       29.74    
   25.40       29.18    
   25.50       28.57    
   25.60       27.93    
   25.70       27.26    
   25.80       26.56    
   25.90       25.83    
   26.00       25.08    
   26.10       24.30    
   26.20       23.52    
   26.30       22.71    
   26.40       21.90    
   26.50       21.08    
   26.60       20.25    
   26.70       19.42    
   26.80       18.59    
   26.90       17.76    
   27.00       16.94    
   27.10       16.12    
   27.20       15.32    
   27.30       14.52    
   27.40       13.74    
   27.50       12.98    
   27.60       12.23    
   27.70       11.50    
   27.80       10.79    
   27.90       10.10    
   28.00       9.434    
   28.10       8.792    
   28.20       8.176    
   28.30       7.585    
   28.40       7.022    
   28.50       6.485    
   28.60       5.976    
   28.70       5.496    
   28.80       5.043    
   28.90       4.620    
   29.00       4.225    
   29.10       3.858    
   29.20       3.520    
   29.30       3.210    
   29.40       2.928    
   29.50       2.673    
   29.60       2.445    
   29.70       2.243    
   29.80       2.067    
   29.90       1.915    
   30.00       1.788    
   30.10       1.684    
   30.20       1.601    
   30.30       1.540    
   30.40       1.500    
   30.50       1.478    
   30.60       1.474    
   30.70       1.488    
   30.80       1.517    
   30.90       1.561    
   31.00       1.618    
   31.10       1.688    
   31.20       1.768    
   31.30       1.859    
   31.40       1.959    
   31.50       2.066    
   31.60       2.180    
   31.70       2.299    
   31.80       2.423    
   31.90       2.550    
   32.00       2.679    
   32.10       2.810    
   32.20       2.941    
   32.30       3.072    
   32.40       3.201    
   32.50       3.328    
   32.60       3.453    
   32.70       3.573    
   32.80       3.690    
   32.90       3.801    
   33.00       3.907    
   33.10       4.007    
   33.20       4.100    
   33.30       4.187    
   33.40       4.266    
   33.50       4.338    
   33.60       4.402    
   33.70       4.458    
   33.80       4.506    
   33.90       4.546    
   34.00       4.578    
   34.10       4.601    
   34.20       4.616    
   34.30       4.623    
   34.40       4.622    
   34.50       4.613    
   34.60       4.596    
   34.70       4.571    
   34.80       4.539    
   34.90       4.501    
   35.00       4.455    
   35.10       4.403    
   35.20       4.345    
   35.30       4.282    
   35.40       4.213    
   35.50       4.139    
   35.60       4.060    
   35.70       3.977    
   35.80       3.890    
   35.90       3.800    
   36.00       3.707    
   36.10       3.612    
   36.20       3.514    
   36.30       3.414    
   36.40       3.313    
   36.50       3.211    
   36.60       3.108    
   36.70       3.005    
   36.80       2.901    
   36.90       2.798    
   37.00       2.696    
   37.10       2.595    
   37.20       2.494    
   37.30       2.395    
   37.40       2.298    
   37.50       2.203    
   37.60       2.110    
   37.70       2.019    
   37.80       1.930    
   37.90       1.845    
   38.00       1.761    
   38.10       1.681    
   38.20       1.604    
   38.30       1.529    
   38.40       1.458    
   38.50       1.390    
   38.60       1.325    
   38.70       1.263    
   38.80       1.204    
   38.90       1.148    
   39.00       1.096    
   39.10       1.046    
   39.20      0.9997    
   39.30      0.9561    
   39.40      0.9155    
   39.50      0.8777    
   39.60      0.8427    
   39.70      0.8103    
   39.80      0.7805    
   39.90      0.7531    
   40.00      0.7281    
   40.10      0.7054    
   40.20      0.6848    
   40.30      0.6662    
   40.40      0.6496    
   40.50      0.6349    
   40.60      0.6218    
   40.70      0.6104    
   40.80      0.6005    
   40.90      0.5919    
   41.00      0.5847    
   41.10      0.5787    
   41.20      0.5738    
   41.30      0.5699    
   41.40      0.5669    
   41.50      0.5648    
   41.60      0.5634    
   41.70      0.5626    
   41.80      0.5625    
   41.90      0.5629    
   42.00      0.5637    
   42.10      0.5650    
   42.20      0.5665    
   42.30      0.5684    
   42.40      0.5704    
   42.50      0.5727    
   42.60      0.5751    
   42.70      0.5775    
   42.80      0.5801    
   42.90      0.5826    
   43.00      0.5851    
   43.10      0.5876    
   43.20      0.5900    
   43.30      0.5924    
   43.40      0.5946    
   43.50      0.5967    
   43.60      0.5986    
   43.70      0.6004    
   43.80      0.6020    
   43.90      0.6034    
   44.00      0.6046    
   44.10      0.6056    
   44.20      0.6064    
   44.30      0.6069    
   44.40      0.6073    
   44.50      0.6074    
   44.60      0.6072    
   44.70      0.6068    
   44.80      0.6062    
   44.90      0.6052    
   45.00      0.6041    
   45.10      0.6027    
   45.20      0.6010    
   45.30      0.5990    
   45.40      0.5968    
   45.50      0.5943    
   45.60      0.5915    
   45.70      0.5885    
   45.80      0.5852    
   45.90      0.5816    
   46.00      0.5777    
   46.10      0.5735    
   46.20      0.5691    
   46.30      0.5644    
   46.40      0.5594    
   46.50      0.5542    
   46.60      0.5487    
   46.70      0.5429    
   46.80      0.5368    
   46.90      0.5305    
   47.00      0.5239    
   47.10      0.5170    
   47.20      0.5099    
   47.30      0.5026    
   47.40      0.4950    
   47.50      0.4872    
   47.60      0.4792    
   47.70      0.4709    
   47.80      0.4625    
   47.90      0.4538    
   48.00      0.4450    
   48.10      0.4360    
   48.20      0.4268    
   48.30      0.4175    
   48.40      0.4080    
   48.50      0.3985    
   48.60      0.3888    
   48.70      0.3791    
   48.80      0.3693    
   48.90      0.3594    
   49.00      0.3495    
   49.10      0.3396    
   49.20      0.3297    
   49.30      0.3199    
   49.40      0.3100    
   49.50      0.3003    
   49.60      0.2906    
   49.70      0.2810    
   49.80      0.2715    
   49.90      0.2622    
   50.00      0.2530    
   50.10      0.2440    
   50.20      0.2352    
   50.30      0.2266    
   50.40      0.2183    
   50.50      0.2101    
   50.60      0.2023    
   50.70      0.1947    
   50.80      0.1874    
   50.90      0.1804    
   51.00      0.1737    
   51.10      0.1673    
   51.20      0.1613    
   51.30      0.1555    
   51.40      0.1502    
   51.50      0.1452    
   51.60      0.1405    
   51.70      0.1362    
   51.80      0.1322    
   51.90      0.1286    
   52.00      0.1254    
   52.10      0.1225    
   52.20      0.1200    
   52.30      0.1178    
   52.40      0.1159    
   52.50      0.1143    
   52.60      0.1131    
   52.70      0.1122    
   52.80      0.1115    
   52.90      0.1111    
   53.00      0.1110    
   53.10      0.1112    
   53.20      0.1115    
   53.30      0.1121    
   53.40      0.1129    
   53.50      0.1139    
   53.60      0.1150    
   53.70      0.1162    
   53.80      0.1176    
   53.90      0.1191    
   54.00      0.1207    
   54.10      0.1223    
   54.20      0.1240    
   54.30      0.1257    
   54.40      0.1274    
   54.50      0.1291    
   54.60      0.1308    
   54.70      0.1324    
   54.80      0.1340    
   54.90      0.1355    
   55.00      0.1369    
   55.10      0.1382    
   55.20      0.1394    
   55.30      0.1405    
   55.40      0.1415    
   55.50      0.1423    
   55.60      0.1429    
   55.70      0.1434    
   55.80      0.1438    
   55.90      0.1439    
   56.00      0.1440    
   56.10      0.1438    
   56.20      0.1435    
   56.30      0.1430    
   56.40      0.1423    
   56.50      0.1415    
   56.60      0.1406    
   56.70      0.1395    
   56.80      0.1382    
   56.90      0.1368    
   57.00      0.1353    
   57.10      0.1336    
   57.20      0.1318    
   57.30      0.1300    
   57.40      0.1280    
   57.50      0.1260    
   57.60      0.1239    
   57.70      0.1217    
   57.80      0.1194    
   57.90      0.1172    
   58.00      0.1149    
   58.10      0.1125    
   58.20      0.1102    
   58.30      0.1079    
   58.40      0.1055    
   58.50      0.1032    
   58.60      0.1009    
   58.70      0.9865E-01
   58.80      0.9643E-01
   58.90      0.9426E-01
   59.00      0.9214E-01
   59.10      0.9007E-01
   59.20      0.8807E-01
   59.30      0.8613E-01
   59.40      0.8426E-01
   59.50      0.8247E-01
   59.60      0.8074E-01
   59.70      0.7909E-01
   59.80      0.7751E-01
   59.90      0.7601E-01
   60.00      0.7458E-01
   60.10      0.7323E-01
   60.20      0.7194E-01
   60.30      0.7072E-01
   60.40      0.6956E-01
   60.50      0.6847E-01
   60.60      0.6743E-01
   60.70      0.6645E-01
   60.80      0.6552E-01
   60.90      0.6463E-01
   61.00      0.6378E-01
   61.10      0.6297E-01
   61.20      0.6219E-01
   61.30      0.6144E-01
   61.40      0.6071E-01
   61.50      0.6000E-01
   61.60      0.5931E-01
   61.70      0.5862E-01
   61.80      0.5794E-01
   61.90      0.5727E-01
   62.00      0.5659E-01
   62.10      0.5591E-01
   62.20      0.5523E-01
   62.30      0.5454E-01
   62.40      0.5383E-01
   62.50      0.5312E-01
   62.60      0.5239E-01
   62.70      0.5165E-01
   62.80      0.5090E-01
   62.90      0.5013E-01
   63.00      0.4935E-01
   63.10      0.4856E-01
   63.20      0.4775E-01
   63.30      0.4693E-01
   63.40      0.4610E-01
   63.50      0.4527E-01
   63.60      0.4442E-01
   63.70      0.4357E-01
   63.80      0.4272E-01
   63.90      0.4187E-01
   64.00      0.4102E-01
   64.10      0.4018E-01
   64.20      0.3934E-01
   64.30      0.3852E-01
   64.40      0.3770E-01
   64.50      0.3690E-01
   64.60      0.3611E-01
   64.70      0.3534E-01
   64.80      0.3460E-01
   64.90      0.3387E-01
   65.00      0.3317E-01
   65.10      0.3249E-01
   65.20      0.3185E-01
   65.30      0.3122E-01
   65.40      0.3063E-01
   65.50      0.3007E-01
   65.60      0.2954E-01
   65.70      0.2903E-01
   65.80      0.2856E-01
   65.90      0.2812E-01
   66.00      0.2771E-01
   66.10      0.2732E-01
   66.20      0.2697E-01
   66.30      0.2664E-01
   66.40      0.2634E-01
   66.50      0.2607E-01
   66.60      0.2582E-01
   66.70      0.2560E-01
   66.80      0.2539E-01
   66.90      0.2521E-01
   67.00      0.2504E-01
   67.10      0.2489E-01
   67.20      0.2476E-01
   67.30      0.2464E-01
   67.40      0.2453E-01
   67.50      0.2444E-01
   67.60      0.2435E-01
   67.70      0.2427E-01
   67.80      0.2419E-01
   67.90      0.2412E-01
   68.00      0.2405E-01
   68.10      0.2398E-01
   68.20      0.2391E-01
   68.30      0.2385E-01
   68.40      0.2378E-01
   68.50      0.2370E-01
   68.60      0.2363E-01
   68.70      0.2355E-01
   68.80      0.2346E-01
   68.90      0.2337E-01
   69.00      0.2327E-01
   69.10      0.2317E-01
   69.20      0.2306E-01
   69.30      0.2294E-01
   69.40      0.2282E-01
   69.50      0.2268E-01
   69.60      0.2254E-01
   69.70      0.2240E-01
   69.80      0.2224E-01
   69.90      0.2208E-01
   70.00      0.2191E-01
   70.10      0.2173E-01
   70.20      0.2154E-01
   70.30      0.2135E-01
   70.40      0.2114E-01
   70.50      0.2093E-01
   70.60      0.2072E-01
   70.70      0.2049E-01
   70.80      0.2026E-01
   70.90      0.2001E-01
   71.00      0.1977E-01
   71.10      0.1951E-01
   71.20      0.1924E-01
   71.30      0.1897E-01
   71.40      0.1869E-01
   71.50      0.1840E-01
   71.60      0.1810E-01
   71.70      0.1780E-01
   71.80      0.1748E-01
   71.90      0.1716E-01
   72.00      0.1684E-01
   72.10      0.1650E-01
   72.20      0.1616E-01
   72.30      0.1581E-01
   72.40      0.1546E-01
   72.50      0.1509E-01
   72.60      0.1473E-01
   72.70      0.1436E-01
   72.80      0.1398E-01
   72.90      0.1360E-01
   73.00      0.1322E-01
   73.10      0.1284E-01
   73.20      0.1245E-01
   73.30      0.1207E-01
   73.40      0.1168E-01
   73.50      0.1130E-01
   73.60      0.1092E-01
   73.70      0.1055E-01
   73.80      0.1018E-01
   73.90      0.9821E-02
   74.00      0.9468E-02
   74.10      0.9123E-02
   74.20      0.8789E-02
   74.30      0.8467E-02
   74.40      0.8157E-02
   74.50      0.7861E-02
   74.60      0.7580E-02
   74.70      0.7315E-02
   74.80      0.7067E-02
   74.90      0.6836E-02
   75.00      0.6623E-02
   75.10      0.6429E-02
   75.20      0.6254E-02
   75.30      0.6099E-02
   75.40      0.5963E-02
   75.50      0.5848E-02
   75.60      0.5752E-02
   75.70      0.5676E-02
   75.80      0.5620E-02
   75.90      0.5582E-02
   76.00      0.5562E-02
   76.10      0.5560E-02
   76.20      0.5574E-02
   76.30      0.5604E-02
   76.40      0.5648E-02
   76.50      0.5706E-02
   76.60      0.5776E-02
   76.70      0.5856E-02
   76.80      0.5944E-02
   76.90      0.6041E-02
   77.00      0.6143E-02
   77.10      0.6249E-02
   77.20      0.6358E-02
   77.30      0.6468E-02
   77.40      0.6577E-02
   77.50      0.6684E-02
   77.60      0.6787E-02
   77.70      0.6884E-02
   77.80      0.6974E-02
   77.90      0.7056E-02
   78.00      0.7129E-02
   78.10      0.7191E-02
   78.20      0.7241E-02
   78.30      0.7278E-02
   78.40      0.7302E-02
   78.50      0.7312E-02
   78.60      0.7307E-02
   78.70      0.7288E-02
   78.80      0.7254E-02
   78.90      0.7204E-02
   79.00      0.7140E-02
   79.10      0.7061E-02
   79.20      0.6968E-02
   79.30      0.6862E-02
   79.40      0.6743E-02
   79.50      0.6612E-02
   79.60      0.6470E-02
   79.70      0.6319E-02
   79.80      0.6159E-02
   79.90      0.5991E-02
   80.00      0.5818E-02
   80.10      0.5639E-02
   80.20      0.5458E-02
   80.30      0.5275E-02
   80.40      0.5092E-02
   80.50      0.4911E-02
   80.60      0.4732E-02
   80.70      0.4557E-02
   80.80      0.4387E-02
   80.90      0.4225E-02
   81.00      0.4070E-02
   81.10      0.3924E-02
   81.20      0.3789E-02
   81.30      0.3665E-02
   81.40      0.3552E-02
   81.50      0.3452E-02
   81.60      0.3365E-02
   81.70      0.3292E-02
   81.80      0.3232E-02
   81.90      0.3186E-02
   82.00      0.3154E-02
   82.10      0.3136E-02
   82.20      0.3130E-02
   82.30      0.3138E-02
   82.40      0.3158E-02
   82.50      0.3189E-02
   82.60      0.3231E-02
   82.70      0.3284E-02
   82.80      0.3345E-02
   82.90      0.3414E-02
   83.00      0.3489E-02
   83.10      0.3570E-02
   83.20      0.3656E-02
   83.30      0.3744E-02
   83.40      0.3835E-02
   83.50      0.3925E-02
   83.60      0.4016E-02
   83.70      0.4104E-02
   83.80      0.4189E-02
   83.90      0.4270E-02
   84.00      0.4346E-02
   84.10      0.4415E-02
   84.20      0.4477E-02
   84.30      0.4532E-02
   84.40      0.4577E-02
   84.50      0.4614E-02
   84.60      0.4640E-02
   84.70      0.4657E-02
   84.80      0.4663E-02
   84.90      0.4659E-02
   85.00      0.4645E-02
   85.10      0.4620E-02
   85.20      0.4585E-02
   85.30      0.4540E-02
   85.40      0.4486E-02
   85.50      0.4423E-02
   85.60      0.4352E-02
   85.70      0.4273E-02
   85.80      0.4188E-02
   85.90      0.4097E-02
   86.00      0.4000E-02
   86.10      0.3900E-02
   86.20      0.3796E-02
   86.30      0.3691E-02
   86.40      0.3584E-02
   86.50      0.3477E-02
   86.60      0.3370E-02
   86.70      0.3265E-02
   86.80      0.3163E-02
   86.90      0.3064E-02
   87.00      0.2969E-02
   87.10      0.2879E-02
   87.20      0.2794E-02
   87.30      0.2715E-02
   87.40      0.2642E-02
   87.50      0.2577E-02
   87.60      0.2518E-02
   87.70      0.2467E-02
   87.80      0.2423E-02
   87.90      0.2386E-02
   88.00      0.2356E-02
   88.10      0.2334E-02
   88.20      0.2318E-02
   88.30      0.2309E-02
   88.40      0.2306E-02
   88.50      0.2309E-02
   88.60      0.2317E-02
   88.70      0.2329E-02
   88.80      0.2345E-02
   88.90      0.2364E-02
   89.00      0.2385E-02
   89.10      0.2409E-02
   89.20      0.2433E-02
   89.30      0.2458E-02
   89.40      0.2482E-02
   89.50      0.2506E-02
   89.60      0.2528E-02
   89.70      0.2547E-02
   89.80      0.2564E-02
   89.90      0.2578E-02
   90.00      0.2587E-02
   90.10      0.2593E-02
   90.20      0.2594E-02
   90.30      0.2591E-02
   90.40      0.2583E-02
   90.50      0.2570E-02
   90.60      0.2552E-02
   90.70      0.2529E-02
   90.80      0.2502E-02
   90.90      0.2470E-02
   91.00      0.2435E-02
   91.10      0.2395E-02
   91.20      0.2352E-02
   91.30      0.2306E-02
   91.40      0.2258E-02
   91.50      0.2208E-02
   91.60      0.2156E-02
   91.70      0.2104E-02
   91.80      0.2052E-02
   91.90      0.2000E-02
   92.00      0.1950E-02
   92.10      0.1901E-02
   92.20      0.1855E-02
   92.30      0.1812E-02
   92.40      0.1772E-02
   92.50      0.1735E-02
   92.60      0.1704E-02
   92.70      0.1677E-02
   92.80      0.1654E-02
   92.90      0.1638E-02
   93.00      0.1626E-02
   93.10      0.1620E-02
   93.20      0.1620E-02
   93.30      0.1625E-02
   93.40      0.1635E-02
   93.50      0.1650E-02
   93.60      0.1671E-02
   93.70      0.1696E-02
   93.80      0.1725E-02
   93.90      0.1757E-02
   94.00      0.1793E-02
   94.10      0.1832E-02
   94.20      0.1872E-02
   94.30      0.1914E-02
   94.40      0.1957E-02
   94.50      0.1999E-02
   94.60      0.2041E-02
   94.70      0.2082E-02
   94.80      0.2120E-02
   94.90      0.2156E-02
   95.00      0.2189E-02
   95.10      0.2217E-02
   95.20      0.2242E-02
   95.30      0.2261E-02
   95.40      0.2275E-02
   95.50      0.2283E-02
   95.60      0.2284E-02
   95.70      0.2280E-02
   95.80      0.2268E-02
   95.90      0.2251E-02
   96.00      0.2226E-02
   96.10      0.2195E-02
   96.20      0.2157E-02
   96.30      0.2113E-02
   96.40      0.2062E-02
   96.50      0.2007E-02
   96.60      0.1945E-02
   96.70      0.1880E-02
   96.80      0.1810E-02
   96.90      0.1736E-02
   97.00      0.1660E-02
   97.10      0.1581E-02
   97.20      0.1501E-02
   97.30      0.1421E-02
   97.40      0.1340E-02
   97.50      0.1260E-02
   97.60      0.1182E-02
   97.70      0.1106E-02
   97.80      0.1034E-02
   97.90      0.9647E-03
   98.00      0.9002E-03
   98.10      0.8408E-03
   98.20      0.7869E-03
   98.30      0.7392E-03
   98.40      0.6980E-03
   98.50      0.6637E-03
   98.60      0.6366E-03
   98.70      0.6168E-03
   98.80      0.6046E-03
   98.90      0.5999E-03
   99.00      0.6026E-03
   99.10      0.6127E-03
   99.20      0.6300E-03
   99.30      0.6540E-03
   99.40      0.6846E-03
   99.50      0.7211E-03
   99.60      0.7631E-03
   99.70      0.8101E-03
   99.80      0.8614E-03
   99.90      0.9162E-03
   100.0      0.9740E-03
   100.1      0.1034E-02
   100.2      0.1095E-02
   100.3      0.1157E-02
   100.4      0.1218E-02
   100.5      0.1279E-02
   100.6      0.1338E-02
   100.7      0.1394E-02
   100.8      0.1447E-02
   100.9      0.1496E-02
   101.0      0.1540E-02
   101.1      0.1580E-02
   101.2      0.1613E-02
   101.3      0.1640E-02
   101.4      0.1661E-02
   101.5      0.1675E-02
   101.6      0.1682E-02
   101.7      0.1681E-02
   101.8      0.1674E-02
   101.9      0.1658E-02
   102.0      0.1636E-02
   102.1      0.1607E-02
   102.2      0.1571E-02
   102.3      0.1528E-02
   102.4      0.1480E-02
   102.5      0.1426E-02
   102.6      0.1367E-02
   102.7      0.1304E-02
   102.8      0.1237E-02
   102.9      0.1167E-02
   103.0      0.1095E-02
   103.1      0.1021E-02
   103.2      0.9467E-03
   103.3      0.8721E-03
   103.4      0.7983E-03
   103.5      0.7260E-03
   103.6      0.6559E-03
   103.7      0.5888E-03
   103.8      0.5253E-03
   103.9      0.4661E-03
   104.0      0.4117E-03
   104.1      0.3626E-03
   104.2      0.3193E-03
   104.3      0.2823E-03
   104.4      0.2517E-03
   104.5      0.2279E-03
   104.6      0.2109E-03
   104.7      0.2010E-03
   104.8      0.1981E-03
   104.9      0.2021E-03
   105.0      0.2128E-03
   105.1      0.2301E-03
   105.2      0.2535E-03
   105.3      0.2829E-03
   105.4      0.3176E-03
   105.5      0.3572E-03
   105.6      0.4012E-03
   105.7      0.4490E-03
   105.8      0.4999E-03
   105.9      0.5533E-03
   106.0      0.6084E-03
   106.1      0.6646E-03
   106.2      0.7212E-03
   106.3      0.7774E-03
   106.4      0.8327E-03
   106.5      0.8862E-03
   106.6      0.9373E-03
   106.7      0.9855E-03
   106.8      0.1030E-02
   106.9      0.1071E-02
   107.0      0.1107E-02
   107.1      0.1138E-02
   107.2      0.1164E-02
   107.3      0.1184E-02
   107.4      0.1198E-02
   107.5      0.1207E-02
   107.6      0.1209E-02
   107.7      0.1205E-02
   107.8      0.1196E-02
   107.9      0.1181E-02
   108.0      0.1160E-02
   108.1      0.1134E-02
   108.2      0.1103E-02
   108.3      0.1068E-02
   108.4      0.1029E-02
   108.5      0.9860E-03
   108.6      0.9403E-03
   108.7      0.8923E-03
   108.8      0.8425E-03
   108.9      0.7915E-03
   109.0      0.7401E-03
   109.1      0.6888E-03
   109.2      0.6384E-03
   109.3      0.5893E-03
   109.4      0.5423E-03
   109.5      0.4978E-03
   109.6      0.4564E-03
   109.7      0.4187E-03
   109.8      0.3850E-03
   109.9      0.3557E-03
   110.0      0.3312E-03
   110.1      0.3118E-03
   110.2      0.2977E-03
   110.3      0.2890E-03
   110.4      0.2857E-03
   110.5      0.2880E-03
   110.6      0.2957E-03
   110.7      0.3086E-03
   110.8      0.3267E-03
   110.9      0.3496E-03
   111.0      0.3771E-03
   111.1      0.4087E-03
   111.2      0.4440E-03
   111.3      0.4826E-03
   111.4      0.5239E-03
   111.5      0.5674E-03
   111.6      0.6125E-03
   111.7      0.6586E-03
   111.8      0.7052E-03
   111.9      0.7517E-03
   112.0      0.7973E-03
   112.1      0.8417E-03
   112.2      0.8841E-03
   112.3      0.9240E-03
   112.4      0.9610E-03
   112.5      0.9945E-03
   112.6      0.1024E-02
   112.7      0.1050E-02
   112.8      0.1070E-02
   112.9      0.1086E-02
   113.0      0.1097E-02
   113.1      0.1103E-02
   113.2      0.1104E-02
   113.3      0.1099E-02
   113.4      0.1089E-02
   113.5      0.1074E-02
   113.6      0.1054E-02
   113.7      0.1030E-02
   113.8      0.1001E-02
   113.9      0.9680E-03
   114.0      0.9318E-03
   114.1      0.8925E-03
   114.2      0.8507E-03
   114.3      0.8068E-03
   114.4      0.7615E-03
   114.5      0.7154E-03
   114.6      0.6690E-03
   114.7      0.6229E-03
   114.8      0.5777E-03
   114.9      0.5340E-03
   115.0      0.4925E-03
   115.1      0.4535E-03
   115.2      0.4177E-03
   115.3      0.3856E-03
   115.4      0.3574E-03
   115.5      0.3337E-03
   115.6      0.3148E-03
   115.7      0.3009E-03
   115.8      0.2922E-03
   115.9      0.2889E-03
   116.0      0.2911E-03
   116.1      0.2987E-03
   116.2      0.3118E-03
   116.3      0.3301E-03
   116.4      0.3536E-03
   116.5      0.3819E-03
   116.6      0.4147E-03
   116.7      0.4517E-03
   116.8      0.4924E-03
   116.9      0.5363E-03
   117.0      0.5830E-03
   117.1      0.6319E-03
   117.2      0.6824E-03
   117.3      0.7340E-03
   117.4      0.7859E-03
   117.5      0.8376E-03
   117.6      0.8884E-03
   117.7      0.9378E-03
   117.8      0.9850E-03
   117.9      0.1030E-02
   118.0      0.1071E-02
   118.1      0.1109E-02
   118.2      0.1142E-02
   118.3      0.1171E-02
   118.4      0.1195E-02
   118.5      0.1214E-02
   118.6      0.1227E-02
   118.7      0.1235E-02
   118.8      0.1236E-02
   118.9      0.1232E-02
   119.0      0.1222E-02
   119.1      0.1206E-02
   119.2      0.1185E-02
   119.3      0.1158E-02
   119.4      0.1126E-02
   119.5      0.1089E-02
   119.6      0.1048E-02
   119.7      0.1004E-02
   119.8      0.9558E-03
   119.9      0.9050E-03
   120.0      0.8521E-03
   120.1      0.7976E-03
   120.2      0.7422E-03
   120.3      0.6865E-03
   120.4      0.6312E-03
   120.5      0.5770E-03
   120.6      0.5244E-03
   120.7      0.4741E-03
   120.8      0.4267E-03
   120.9      0.3827E-03
   121.0      0.3427E-03
   121.1      0.3072E-03
   121.2      0.2765E-03
   121.3      0.2511E-03
   121.4      0.2312E-03
   121.5      0.2172E-03
   121.6      0.2091E-03
   121.7      0.2070E-03
   121.8      0.2111E-03
   121.9      0.2213E-03
   122.0      0.2374E-03
   122.1      0.2593E-03
   122.2      0.2867E-03
   122.3      0.3193E-03
   122.4      0.3568E-03
   122.5      0.3986E-03
   122.6      0.4444E-03
   122.7      0.4935E-03
   122.8      0.5454E-03
   122.9      0.5996E-03
   123.0      0.6553E-03
   123.1      0.7118E-03
   123.2      0.7687E-03
   123.3      0.8251E-03
   123.4      0.8804E-03
   123.5      0.9339E-03
   123.6      0.9851E-03
   123.7      0.1033E-02
   123.8      0.1078E-02
   123.9      0.1118E-02
   124.0      0.1154E-02
   124.1      0.1185E-02
   124.2      0.1211E-02
   124.3      0.1231E-02
   124.4      0.1245E-02
   124.5      0.1253E-02
   124.6      0.1254E-02
   124.7      0.1250E-02
   124.8      0.1239E-02
   124.9      0.1222E-02
   125.0      0.1200E-02
   125.1      0.1172E-02
   125.2      0.1138E-02
   125.3      0.1100E-02
   125.4      0.1057E-02
   125.5      0.1010E-02
   125.6      0.9599E-03
   125.7      0.9068E-03
   125.8      0.8515E-03
   125.9      0.7947E-03
   126.0      0.7369E-03
   126.1      0.6788E-03
   126.2      0.6212E-03
   126.3      0.5647E-03
   126.4      0.5099E-03
   126.5      0.4575E-03
   126.6      0.4080E-03
   126.7      0.3621E-03
   126.8      0.3202E-03
   126.9      0.2829E-03
   127.0      0.2505E-03
   127.1      0.2235E-03
   127.2      0.2021E-03
   127.3      0.1865E-03
   127.4      0.1770E-03
   127.5      0.1736E-03
   127.6      0.1763E-03
   127.7      0.1850E-03
   127.8      0.1997E-03
   127.9      0.2202E-03
   128.0      0.2462E-03
   128.1      0.2773E-03
   128.2      0.3132E-03
   128.3      0.3533E-03
   128.4      0.3974E-03
   128.5      0.4447E-03
   128.6      0.4946E-03
   128.7      0.5467E-03
   128.8      0.6002E-03
   128.9      0.6545E-03
   129.0      0.7090E-03
   129.1      0.7629E-03
   129.2      0.8156E-03
   129.3      0.8666E-03
   129.4      0.9150E-03
   129.5      0.9605E-03
   129.6      0.1002E-02
   129.7      0.1040E-02
   129.8      0.1073E-02
   129.9      0.1102E-02
   130.0      0.1125E-02
   130.1      0.1142E-02
   130.2      0.1154E-02
   130.3      0.1160E-02
   130.4      0.1160E-02
   130.5      0.1154E-02
   130.6      0.1142E-02
   130.7      0.1124E-02
   130.8      0.1101E-02
   130.9      0.1072E-02
   131.0      0.1039E-02
   131.1      0.1001E-02
   131.2      0.9595E-03
   131.3      0.9142E-03
   131.4      0.8660E-03
   131.5      0.8154E-03
   131.6      0.7630E-03
   131.7      0.7096E-03
   131.8      0.6557E-03
   131.9      0.6020E-03
   132.0      0.5492E-03
   132.1      0.4979E-03
   132.2      0.4487E-03
   132.3      0.4022E-03
   132.4      0.3591E-03
   132.5      0.3198E-03
   132.6      0.2848E-03
   132.7      0.2546E-03
   132.8      0.2295E-03
   132.9      0.2098E-03
   133.0      0.1958E-03
   133.1      0.1876E-03
   133.2      0.1854E-03
   133.3      0.1892E-03
   133.4      0.1989E-03
   133.5      0.2145E-03
   133.6      0.2358E-03
   133.7      0.2624E-03
   133.8      0.2942E-03
   133.9      0.3306E-03
   134.0      0.3714E-03
   134.1      0.4159E-03
   134.2      0.4636E-03
   134.3      0.5141E-03
   134.4      0.5666E-03
   134.5      0.6205E-03
   134.6      0.6752E-03
   134.7      0.7300E-03
   134.8      0.7843E-03
   134.9      0.8374E-03
   135.0      0.8886E-03
   135.1      0.9374E-03
   135.2      0.9830E-03
   135.3      0.1025E-02
   135.4      0.1063E-02
   135.5      0.1096E-02
   135.6      0.1125E-02
   135.7      0.1148E-02
   135.8      0.1165E-02
   135.9      0.1176E-02
   136.0      0.1182E-02
   136.1      0.1181E-02
   136.2      0.1175E-02
   136.3      0.1162E-02
   136.4      0.1143E-02
   136.5      0.1119E-02
   136.6      0.1090E-02
   136.7      0.1055E-02
   136.8      0.1016E-02
   136.9      0.9734E-03
   137.0      0.9268E-03
   137.1      0.8773E-03
   137.2      0.8254E-03
   137.3      0.7717E-03
   137.4      0.7170E-03
   137.5      0.6620E-03
   137.6      0.6072E-03
   137.7      0.5534E-03
   137.8      0.5013E-03
   137.9      0.4514E-03
   138.0      0.4045E-03
   138.1      0.3612E-03
   138.2      0.3219E-03
   138.3      0.2873E-03
   138.4      0.2577E-03
   138.5      0.2335E-03
   138.6      0.2151E-03
   138.7      0.2028E-03
   138.8      0.1967E-03
   138.9      0.1969E-03
   139.0      0.2035E-03
   139.1      0.2164E-03
   139.2      0.2355E-03
   139.3      0.2607E-03
   139.4      0.2917E-03
   139.5      0.3280E-03
   139.6      0.3694E-03
   139.7      0.4154E-03
   139.8      0.4654E-03
   139.9      0.5189E-03
   140.0      0.5752E-03
   140.1      0.6338E-03
   140.2      0.6938E-03
   140.3      0.7547E-03
   140.4      0.8158E-03
   140.5      0.8762E-03
   140.6      0.9353E-03
   140.7      0.9924E-03
   140.8      0.1047E-02
   140.9      0.1098E-02
   141.0      0.1145E-02
   141.1      0.1187E-02
   141.2      0.1225E-02
   141.3      0.1257E-02
   141.4      0.1283E-02
   141.5      0.1303E-02
   141.6      0.1317E-02
   141.7      0.1324E-02
   141.8      0.1324E-02
   141.9      0.1318E-02
   142.0      0.1304E-02
   142.1      0.1285E-02
   142.2      0.1259E-02
   142.3      0.1227E-02
   142.4      0.1190E-02
   142.5      0.1147E-02
   142.6      0.1100E-02
   142.7      0.1048E-02
   142.8      0.9937E-03
   142.9      0.9361E-03
   143.0      0.8765E-03
   143.1      0.8154E-03
   143.2      0.7537E-03
   143.3      0.6922E-03
   143.4      0.6315E-03
   143.5      0.5724E-03
   143.6      0.5158E-03
   143.7      0.4622E-03
   143.8      0.4123E-03
   143.9      0.3668E-03
   144.0      0.3263E-03
   144.1      0.2912E-03
   144.2      0.2621E-03
   144.3      0.2394E-03
   144.4      0.2233E-03
   144.5      0.2142E-03
   144.6      0.2121E-03
   144.7      0.2171E-03
   144.8      0.2293E-03
   144.9      0.2486E-03
   145.0      0.2747E-03
   145.1      0.3075E-03
   145.2      0.3465E-03
   145.3      0.3914E-03
   145.4      0.4416E-03
   145.5      0.4968E-03
   145.6      0.5561E-03
   145.7      0.6190E-03
   145.8      0.6847E-03
   145.9      0.7525E-03
   146.0      0.8217E-03
   146.1      0.8914E-03
   146.2      0.9609E-03
   146.3      0.1029E-02
   146.4      0.1096E-02
   146.5      0.1160E-02
   146.6      0.1220E-02
   146.7      0.1277E-02
   146.8      0.1329E-02
   146.9      0.1375E-02
   147.0      0.1415E-02
   147.1      0.1450E-02
   147.2      0.1477E-02
   147.3      0.1497E-02
   147.4      0.1510E-02
   147.5      0.1515E-02
   147.6      0.1513E-02
   147.7      0.1503E-02
   147.8      0.1486E-02
   147.9      0.1462E-02
   148.0      0.1430E-02
   148.1      0.1392E-02
   148.2      0.1348E-02
   148.3      0.1298E-02
   148.4      0.1243E-02
   148.5      0.1184E-02
   148.6      0.1121E-02
   148.7      0.1055E-02
   148.8      0.9875E-03
   148.9      0.9183E-03
   149.0      0.8485E-03
   149.1      0.7792E-03
   149.2      0.7111E-03
   149.3      0.6450E-03
   149.4      0.5818E-03
   149.5      0.5223E-03
   149.6      0.4672E-03
   149.7      0.4173E-03
   149.8      0.3730E-03
   149.9      0.3351E-03
   150.0      0.3040E-03
   150.1      0.2802E-03
   150.2      0.2639E-03
   150.3      0.2555E-03
   150.4      0.2551E-03
   150.5      0.2627E-03
   150.6      0.2784E-03
   150.7      0.3019E-03
   150.8      0.3332E-03
   150.9      0.3718E-03
   151.0      0.4174E-03
   151.1      0.4695E-03
   151.2      0.5275E-03
   151.3      0.5909E-03
   151.4      0.6588E-03
   151.5      0.7306E-03
   151.6      0.8054E-03
   151.7      0.8824E-03
   151.8      0.9608E-03
   151.9      0.1040E-02
   152.0      0.1118E-02
   152.1      0.1195E-02
   152.2      0.1269E-02
   152.3      0.1341E-02
   152.4      0.1409E-02
   152.5      0.1471E-02
   152.6      0.1529E-02
   152.7      0.1580E-02
   152.8      0.1625E-02
   152.9      0.1662E-02
   153.0      0.1691E-02
   153.1      0.1713E-02
   153.2      0.1726E-02
   153.3      0.1730E-02
   153.4      0.1727E-02
   153.5      0.1714E-02
   153.6      0.1693E-02
   153.7      0.1664E-02
   153.8      0.1628E-02
   153.9      0.1583E-02
   154.0      0.1533E-02
   154.1      0.1475E-02
   154.2      0.1413E-02
   154.3      0.1345E-02
   154.4      0.1274E-02
   154.5      0.1199E-02
   154.6      0.1122E-02
   154.7      0.1044E-02
   154.8      0.9658E-03
   154.9      0.8881E-03
   155.0      0.8119E-03
   155.1      0.7384E-03
   155.2      0.6683E-03
   155.3      0.6026E-03
   155.4      0.5421E-03
   155.5      0.4877E-03
   155.6      0.4399E-03
   155.7      0.3996E-03
   155.8      0.3672E-03
   155.9      0.3432E-03
   156.0      0.3280E-03
   156.1      0.3218E-03
   156.2      0.3249E-03
   156.3      0.3373E-03
   156.4      0.3590E-03
   156.5      0.3897E-03
   156.6      0.4293E-03
   156.7      0.4774E-03
   156.8      0.5334E-03
   156.9      0.5969E-03
   157.0      0.6672E-03
   157.1      0.7436E-03
   157.2      0.8252E-03
   157.3      0.9112E-03
   157.4      0.1001E-02
   157.5      0.1092E-02
   157.6      0.1186E-02
   157.7      0.1279E-02
   157.8      0.1372E-02
   157.9      0.1464E-02
   158.0      0.1552E-02
   158.1      0.1637E-02
   158.2      0.1718E-02
   158.3      0.1792E-02
   158.4      0.1860E-02
   158.5      0.1921E-02
   158.6      0.1974E-02
   158.7      0.2019E-02
   158.8      0.2054E-02
   158.9      0.2080E-02
   159.0      0.2096E-02
   159.1      0.2102E-02
   159.2      0.2098E-02
   159.3      0.2084E-02
   159.4      0.2060E-02
   159.5      0.2026E-02
   159.6      0.1983E-02
   159.7      0.1932E-02
   159.8      0.1872E-02
   159.9      0.1805E-02
   160.0      0.1732E-02
   160.1      0.1652E-02
   160.2      0.1568E-02
   160.3      0.1480E-02
   160.4      0.1390E-02
   160.5      0.1297E-02
   160.6      0.1205E-02
   160.7      0.1113E-02
   160.8      0.1023E-02
   160.9      0.9356E-03
   161.0      0.8526E-03
   161.1      0.7748E-03
   161.2      0.7031E-03
   161.3      0.6386E-03
   161.4      0.5821E-03
   161.5      0.5344E-03
   161.6      0.4962E-03
   161.7      0.4682E-03
   161.8      0.4508E-03
   161.9      0.4444E-03
   162.0      0.4492E-03
   162.1      0.4653E-03
   162.2      0.4928E-03
   162.3      0.5316E-03
   162.4      0.5812E-03
   162.5      0.6415E-03
   162.6      0.7118E-03
   162.7      0.7915E-03
   162.8      0.8799E-03
   162.9      0.9761E-03
   163.0      0.1079E-02
   163.1      0.1188E-02
   163.2      0.1302E-02
   163.3      0.1419E-02
   163.4      0.1539E-02
   163.5      0.1660E-02
   163.6      0.1781E-02
   163.7      0.1901E-02
   163.8      0.2018E-02
   163.9      0.2131E-02
   164.0      0.2239E-02
   164.1      0.2340E-02
   164.2      0.2435E-02
   164.3      0.2521E-02
   164.4      0.2598E-02
   164.5      0.2665E-02
   164.6      0.2721E-02
   164.7      0.2766E-02
   164.8      0.2799E-02
   164.9      0.2820E-02
   165.0      0.2828E-02
   165.1      0.2824E-02
   165.2      0.2807E-02
   165.3      0.2778E-02
   165.4      0.2738E-02
   165.5      0.2686E-02
   165.6      0.2623E-02
   165.7      0.2551E-02
   165.8      0.2469E-02
   165.9      0.2379E-02
   166.0      0.2282E-02
   166.1      0.2180E-02
   166.2      0.2072E-02
   166.3      0.1962E-02
   166.4      0.1849E-02
   166.5      0.1736E-02
   166.6      0.1623E-02
   166.7      0.1513E-02
   166.8      0.1406E-02
   166.9      0.1304E-02
   167.0      0.1209E-02
   167.1      0.1121E-02
   167.2      0.1042E-02
   167.3      0.9725E-03
   167.4      0.9140E-03
   167.5      0.8673E-03
   167.6      0.8332E-03
   167.7      0.8122E-03
   167.8      0.8050E-03
   167.9      0.8119E-03
   168.0      0.8331E-03
   168.1      0.8688E-03
   168.2      0.9188E-03
   168.3      0.9830E-03
   168.4      0.1061E-02
   168.5      0.1152E-02
   168.6      0.1256E-02
   168.7      0.1372E-02
   168.8      0.1499E-02
   168.9      0.1636E-02
   169.0      0.1782E-02
   169.1      0.1935E-02
   169.2      0.2095E-02
   169.3      0.2259E-02
   169.4      0.2428E-02
   169.5      0.2599E-02
   169.6      0.2770E-02
   169.7      0.2941E-02
   169.8      0.3110E-02
   169.9      0.3276E-02
   170.0      0.3436E-02
   170.1      0.3591E-02
   170.2      0.3739E-02
   170.3      0.3878E-02
   170.4      0.4008E-02
   170.5      0.4127E-02
   170.6      0.4236E-02
   170.7      0.4333E-02
   170.8      0.4418E-02
   170.9      0.4490E-02
   171.0      0.4550E-02
   171.1      0.4597E-02
   171.2      0.4631E-02
   171.3      0.4653E-02
   171.4      0.4663E-02
   171.5      0.4662E-02
   171.6      0.4650E-02
   171.7      0.4629E-02
   171.8      0.4598E-02
   171.9      0.4559E-02
   172.0      0.4514E-02
   172.1      0.4463E-02
   172.2      0.4408E-02
   172.3      0.4350E-02
   172.4      0.4291E-02
   172.5      0.4231E-02
   172.6      0.4173E-02
   172.7      0.4118E-02
   172.8      0.4066E-02
   172.9      0.4020E-02
   173.0      0.3980E-02
   173.1      0.3949E-02
   173.2      0.3926E-02
   173.3      0.3912E-02
   173.4      0.3910E-02
   173.5      0.3919E-02
   173.6      0.3940E-02
   173.7      0.3973E-02
   173.8      0.4019E-02
   173.9      0.4078E-02
   174.0      0.4149E-02
   174.1      0.4233E-02
   174.2      0.4330E-02
   174.3      0.4437E-02
   174.4      0.4556E-02
   174.5      0.4684E-02
   174.6      0.4822E-02
   174.7      0.4967E-02
   174.8      0.5119E-02
   174.9      0.5277E-02
   175.0      0.5438E-02
   175.1      0.5601E-02
   175.2      0.5765E-02
   175.3      0.5928E-02
   175.4      0.6088E-02
   175.5      0.6244E-02
   175.6      0.6394E-02
   175.7      0.6536E-02
   175.8      0.6668E-02
   175.9      0.6790E-02
   176.0      0.6899E-02
   176.1      0.6995E-02
   176.2      0.7075E-02
   176.3      0.7140E-02
   176.4      0.7187E-02
   176.5      0.7216E-02
   176.6      0.7226E-02
   176.7      0.7218E-02
   176.8      0.7190E-02
   176.9      0.7142E-02
   177.0      0.7075E-02
   177.1      0.6989E-02
   177.2      0.6883E-02
   177.3      0.6760E-02
   177.4      0.6620E-02
   177.5      0.6463E-02
   177.6      0.6291E-02
   177.7      0.6105E-02
   177.8      0.5907E-02
   177.9      0.5699E-02
   178.0      0.5481E-02
   178.1      0.5257E-02
   178.2      0.5027E-02
   178.3      0.4794E-02
   178.4      0.4561E-02
   178.5      0.4328E-02
   178.6      0.4098E-02
   178.7      0.3873E-02
   178.8      0.3656E-02
   178.9      0.3448E-02
   179.0      0.3250E-02
   179.1      0.3066E-02
   179.2      0.2896E-02
   179.3      0.2742E-02
   179.4      0.2606E-02
   179.5      0.2488E-02
   179.6      0.2390E-02
   179.7      0.2313E-02
   179.8      0.2258E-02
   179.9      0.2224E-02
   180.0      0.2213E-02
 END
