#1801 angles,  1 tensor ranks for 0=projectile
@subtitle   "12C(7Li,6Li)13C @ Ed=63 MeV;"                                                  
@legend ON
@legend x1 0.2
@legend y1 0.8
@g0 type LOGY
@yaxis ticklabel format power
@legend string   0 "Lab energy =   63.0000"
#legend string   0 "Partition=  2 Excit=  4 near/far= 1"
#  Theta       sigma       iT11        T20         T21         T22         Kyy for projectile
   0.000       23.82    
  0.1000       23.82    
  0.2000       23.82    
  0.3000       23.81    
  0.4000       23.80    
  0.5000       23.78    
  0.6000       23.76    
  0.7000       23.74    
  0.8000       23.72    
  0.9000       23.69    
   1.000       23.66    
   1.100       23.62    
   1.200       23.59    
   1.300       23.55    
   1.400       23.50    
   1.500       23.46    
   1.600       23.41    
   1.700       23.35    
   1.800       23.30    
   1.900       23.24    
   2.000       23.18    
   2.100       23.11    
   2.200       23.04    
   2.300       22.97    
   2.400       22.90    
   2.500       22.82    
   2.600       22.74    
   2.700       22.66    
   2.800       22.58    
   2.900       22.49    
   3.000       22.40    
   3.100       22.31    
   3.200       22.22    
   3.300       22.12    
   3.400       22.03    
   3.500       21.93    
   3.600       21.82    
   3.700       21.72    
   3.800       21.61    
   3.900       21.50    
   4.000       21.39    
   4.100       21.28    
   4.200       21.16    
   4.300       21.04    
   4.400       20.93    
   4.500       20.81    
   4.600       20.68    
   4.700       20.56    
   4.800       20.43    
   4.900       20.30    
   5.000       20.18    
   5.100       20.04    
   5.200       19.91    
   5.300       19.78    
   5.400       19.64    
   5.500       19.50    
   5.600       19.37    
   5.700       19.23    
   5.800       19.08    
   5.900       18.94    
   6.000       18.80    
   6.100       18.65    
   6.200       18.50    
   6.300       18.36    
   6.400       18.21    
   6.500       18.06    
   6.600       17.90    
   6.700       17.75    
   6.800       17.60    
   6.900       17.44    
   7.000       17.28    
   7.100       17.13    
   7.200       16.97    
   7.300       16.81    
   7.400       16.64    
   7.500       16.48    
   7.600       16.32    
   7.700       16.15    
   7.800       15.99    
   7.900       15.82    
   8.000       15.65    
   8.100       15.49    
   8.200       15.32    
   8.300       15.15    
   8.400       14.98    
   8.500       14.80    
   8.600       14.63    
   8.700       14.46    
   8.800       14.28    
   8.900       14.11    
   9.000       13.93    
   9.100       13.76    
   9.200       13.58    
   9.300       13.40    
   9.400       13.23    
   9.500       13.05    
   9.600       12.87    
   9.700       12.69    
   9.800       12.51    
   9.900       12.33    
   10.00       12.15    
   10.10       11.97    
   10.20       11.79    
   10.30       11.61    
   10.40       11.43    
   10.50       11.25    
   10.60       11.07    
   10.70       10.89    
   10.80       10.71    
   10.90       10.54    
   11.00       10.36    
   11.10       10.18    
   11.20       10.00    
   11.30       9.826    
   11.40       9.651    
   11.50       9.475    
   11.60       9.301    
   11.70       9.128    
   11.80       8.955    
   11.90       8.784    
   12.00       8.614    
   12.10       8.445    
   12.20       8.277    
   12.30       8.110    
   12.40       7.945    
   12.50       7.781    
   12.60       7.619    
   12.70       7.459    
   12.80       7.300    
   12.90       7.142    
   13.00       6.987    
   13.10       6.833    
   13.20       6.681    
   13.30       6.531    
   13.40       6.383    
   13.50       6.237    
   13.60       6.094    
   13.70       5.952    
   13.80       5.812    
   13.90       5.675    
   14.00       5.540    
   14.10       5.407    
   14.20       5.277    
   14.30       5.149    
   14.40       5.023    
   14.50       4.900    
   14.60       4.779    
   14.70       4.660    
   14.80       4.544    
   14.90       4.431    
   15.00       4.320    
   15.10       4.211    
   15.20       4.105    
   15.30       4.001    
   15.40       3.900    
   15.50       3.802    
   15.60       3.706    
   15.70       3.612    
   15.80       3.521    
   15.90       3.432    
   16.00       3.346    
   16.10       3.262    
   16.20       3.181    
   16.30       3.102    
   16.40       3.025    
   16.50       2.951    
   16.60       2.879    
   16.70       2.809    
   16.80       2.742    
   16.90       2.677    
   17.00       2.614    
   17.10       2.553    
   17.20       2.494    
   17.30       2.437    
   17.40       2.382    
   17.50       2.329    
   17.60       2.278    
   17.70       2.229    
   17.80       2.182    
   17.90       2.136    
   18.00       2.092    
   18.10       2.050    
   18.20       2.010    
   18.30       1.971    
   18.40       1.933    
   18.50       1.897    
   18.60       1.863    
   18.70       1.829    
   18.80       1.797    
   18.90       1.767    
   19.00       1.737    
   19.10       1.709    
   19.20       1.682    
   19.30       1.656    
   19.40       1.631    
   19.50       1.607    
   19.60       1.584    
   19.70       1.562    
   19.80       1.540    
   19.90       1.520    
   20.00       1.500    
   20.10       1.481    
   20.20       1.462    
   20.30       1.445    
   20.40       1.427    
   20.50       1.411    
   20.60       1.394    
   20.70       1.379    
   20.80       1.364    
   20.90       1.349    
   21.00       1.334    
   21.10       1.320    
   21.20       1.306    
   21.30       1.293    
   21.40       1.280    
   21.50       1.267    
   21.60       1.254    
   21.70       1.241    
   21.80       1.229    
   21.90       1.217    
   22.00       1.205    
   22.10       1.193    
   22.20       1.181    
   22.30       1.169    
   22.40       1.157    
   22.50       1.146    
   22.60       1.134    
   22.70       1.123    
   22.80       1.111    
   22.90       1.099    
   23.00       1.088    
   23.10       1.076    
   23.20       1.065    
   23.30       1.053    
   23.40       1.042    
   23.50       1.030    
   23.60       1.018    
   23.70       1.007    
   23.80      0.9951    
   23.90      0.9833    
   24.00      0.9716    
   24.10      0.9598    
   24.20      0.9480    
   24.30      0.9361    
   24.40      0.9243    
   24.50      0.9124    
   24.60      0.9005    
   24.70      0.8885    
   24.80      0.8766    
   24.90      0.8646    
   25.00      0.8527    
   25.10      0.8407    
   25.20      0.8287    
   25.30      0.8168    
   25.40      0.8048    
   25.50      0.7929    
   25.60      0.7810    
   25.70      0.7691    
   25.80      0.7572    
   25.90      0.7454    
   26.00      0.7337    
   26.10      0.7220    
   26.20      0.7103    
   26.30      0.6987    
   26.40      0.6872    
   26.50      0.6758    
   26.60      0.6644    
   26.70      0.6532    
   26.80      0.6420    
   26.90      0.6309    
   27.00      0.6200    
   27.10      0.6091    
   27.20      0.5984    
   27.30      0.5877    
   27.40      0.5772    
   27.50      0.5669    
   27.60      0.5567    
   27.70      0.5466    
   27.80      0.5366    
   27.90      0.5268    
   28.00      0.5172    
   28.10      0.5077    
   28.20      0.4984    
   28.30      0.4892    
   28.40      0.4802    
   28.50      0.4714    
   28.60      0.4627    
   28.70      0.4543    
   28.80      0.4460    
   28.90      0.4378    
   29.00      0.4299    
   29.10      0.4221    
   29.20      0.4145    
   29.30      0.4071    
   29.40      0.3999    
   29.50      0.3928    
   29.60      0.3860    
   29.70      0.3793    
   29.80      0.3728    
   29.90      0.3665    
   30.00      0.3604    
   30.10      0.3544    
   30.20      0.3486    
   30.30      0.3430    
   30.40      0.3376    
   30.50      0.3323    
   30.60      0.3272    
   30.70      0.3223    
   30.80      0.3176    
   30.90      0.3130    
   31.00      0.3085    
   31.10      0.3042    
   31.20      0.3001    
   31.30      0.2961    
   31.40      0.2923    
   31.50      0.2886    
   31.60      0.2850    
   31.70      0.2816    
   31.80      0.2783    
   31.90      0.2751    
   32.00      0.2720    
   32.10      0.2691    
   32.20      0.2662    
   32.30      0.2635    
   32.40      0.2608    
   32.50      0.2583    
   32.60      0.2558    
   32.70      0.2535    
   32.80      0.2512    
   32.90      0.2490    
   33.00      0.2469    
   33.10      0.2448    
   33.20      0.2428    
   33.30      0.2408    
   33.40      0.2389    
   33.50      0.2371    
   33.60      0.2353    
   33.70      0.2335    
   33.80      0.2318    
   33.90      0.2301    
   34.00      0.2285    
   34.10      0.2268    
   34.20      0.2252    
   34.30      0.2236    
   34.40      0.2220    
   34.50      0.2205    
   34.60      0.2189    
   34.70      0.2173    
   34.80      0.2158    
   34.90      0.2142    
   35.00      0.2126    
   35.10      0.2110    
   35.20      0.2094    
   35.30      0.2079    
   35.40      0.2062    
   35.50      0.2046    
   35.60      0.2030    
   35.70      0.2013    
   35.80      0.1996    
   35.90      0.1979    
   36.00      0.1962    
   36.10      0.1945    
   36.20      0.1927    
   36.30      0.1909    
   36.40      0.1891    
   36.50      0.1873    
   36.60      0.1855    
   36.70      0.1836    
   36.80      0.1817    
   36.90      0.1798    
   37.00      0.1778    
   37.10      0.1759    
   37.20      0.1739    
   37.30      0.1719    
   37.40      0.1699    
   37.50      0.1678    
   37.60      0.1658    
   37.70      0.1637    
   37.80      0.1616    
   37.90      0.1595    
   38.00      0.1574    
   38.10      0.1553    
   38.20      0.1532    
   38.30      0.1511    
   38.40      0.1489    
   38.50      0.1468    
   38.60      0.1447    
   38.70      0.1425    
   38.80      0.1404    
   38.90      0.1383    
   39.00      0.1361    
   39.10      0.1340    
   39.20      0.1319    
   39.30      0.1298    
   39.40      0.1277    
   39.50      0.1256    
   39.60      0.1235    
   39.70      0.1215    
   39.80      0.1194    
   39.90      0.1174    
   40.00      0.1154    
   40.10      0.1134    
   40.20      0.1115    
   40.30      0.1095    
   40.40      0.1076    
   40.50      0.1057    
   40.60      0.1039    
   40.70      0.1020    
   40.80      0.1002    
   40.90      0.9844E-01
   41.00      0.9669E-01
   41.10      0.9497E-01
   41.20      0.9328E-01
   41.30      0.9162E-01
   41.40      0.8999E-01
   41.50      0.8839E-01
   41.60      0.8683E-01
   41.70      0.8530E-01
   41.80      0.8380E-01
   41.90      0.8233E-01
   42.00      0.8090E-01
   42.10      0.7950E-01
   42.20      0.7814E-01
   42.30      0.7681E-01
   42.40      0.7551E-01
   42.50      0.7425E-01
   42.60      0.7302E-01
   42.70      0.7182E-01
   42.80      0.7065E-01
   42.90      0.6952E-01
   43.00      0.6842E-01
   43.10      0.6735E-01
   43.20      0.6631E-01
   43.30      0.6531E-01
   43.40      0.6433E-01
   43.50      0.6339E-01
   43.60      0.6247E-01
   43.70      0.6159E-01
   43.80      0.6073E-01
   43.90      0.5990E-01
   44.00      0.5910E-01
   44.10      0.5832E-01
   44.20      0.5757E-01
   44.30      0.5685E-01
   44.40      0.5615E-01
   44.50      0.5548E-01
   44.60      0.5483E-01
   44.70      0.5420E-01
   44.80      0.5359E-01
   44.90      0.5301E-01
   45.00      0.5244E-01
   45.10      0.5190E-01
   45.20      0.5137E-01
   45.30      0.5087E-01
   45.40      0.5038E-01
   45.50      0.4991E-01
   45.60      0.4945E-01
   45.70      0.4901E-01
   45.80      0.4859E-01
   45.90      0.4818E-01
   46.00      0.4778E-01
   46.10      0.4739E-01
   46.20      0.4702E-01
   46.30      0.4666E-01
   46.40      0.4631E-01
   46.50      0.4597E-01
   46.60      0.4564E-01
   46.70      0.4531E-01
   46.80      0.4500E-01
   46.90      0.4469E-01
   47.00      0.4439E-01
   47.10      0.4409E-01
   47.20      0.4381E-01
   47.30      0.4352E-01
   47.40      0.4324E-01
   47.50      0.4297E-01
   47.60      0.4269E-01
   47.70      0.4242E-01
   47.80      0.4216E-01
   47.90      0.4189E-01
   48.00      0.4163E-01
   48.10      0.4137E-01
   48.20      0.4111E-01
   48.30      0.4084E-01
   48.40      0.4058E-01
   48.50      0.4032E-01
   48.60      0.4006E-01
   48.70      0.3980E-01
   48.80      0.3953E-01
   48.90      0.3926E-01
   49.00      0.3900E-01
   49.10      0.3873E-01
   49.20      0.3845E-01
   49.30      0.3818E-01
   49.40      0.3790E-01
   49.50      0.3762E-01
   49.60      0.3734E-01
   49.70      0.3705E-01
   49.80      0.3676E-01
   49.90      0.3647E-01
   50.00      0.3617E-01
   50.10      0.3587E-01
   50.20      0.3557E-01
   50.30      0.3526E-01
   50.40      0.3496E-01
   50.50      0.3464E-01
   50.60      0.3433E-01
   50.70      0.3401E-01
   50.80      0.3369E-01
   50.90      0.3336E-01
   51.00      0.3303E-01
   51.10      0.3270E-01
   51.20      0.3237E-01
   51.30      0.3204E-01
   51.40      0.3170E-01
   51.50      0.3136E-01
   51.60      0.3102E-01
   51.70      0.3067E-01
   51.80      0.3033E-01
   51.90      0.2998E-01
   52.00      0.2963E-01
   52.10      0.2928E-01
   52.20      0.2893E-01
   52.30      0.2858E-01
   52.40      0.2823E-01
   52.50      0.2788E-01
   52.60      0.2753E-01
   52.70      0.2718E-01
   52.80      0.2683E-01
   52.90      0.2648E-01
   53.00      0.2613E-01
   53.10      0.2578E-01
   53.20      0.2543E-01
   53.30      0.2509E-01
   53.40      0.2475E-01
   53.50      0.2441E-01
   53.60      0.2407E-01
   53.70      0.2373E-01
   53.80      0.2340E-01
   53.90      0.2307E-01
   54.00      0.2274E-01
   54.10      0.2241E-01
   54.20      0.2209E-01
   54.30      0.2177E-01
   54.40      0.2146E-01
   54.50      0.2115E-01
   54.60      0.2084E-01
   54.70      0.2054E-01
   54.80      0.2024E-01
   54.90      0.1995E-01
   55.00      0.1966E-01
   55.10      0.1938E-01
   55.20      0.1910E-01
   55.30      0.1882E-01
   55.40      0.1855E-01
   55.50      0.1829E-01
   55.60      0.1803E-01
   55.70      0.1777E-01
   55.80      0.1752E-01
   55.90      0.1728E-01
   56.00      0.1704E-01
   56.10      0.1680E-01
   56.20      0.1657E-01
   56.30      0.1635E-01
   56.40      0.1613E-01
   56.50      0.1592E-01
   56.60      0.1571E-01
   56.70      0.1550E-01
   56.80      0.1530E-01
   56.90      0.1511E-01
   57.00      0.1492E-01
   57.10      0.1474E-01
   57.20      0.1456E-01
   57.30      0.1438E-01
   57.40      0.1421E-01
   57.50      0.1405E-01
   57.60      0.1388E-01
   57.70      0.1373E-01
   57.80      0.1358E-01
   57.90      0.1343E-01
   58.00      0.1328E-01
   58.10      0.1314E-01
   58.20      0.1301E-01
   58.30      0.1288E-01
   58.40      0.1275E-01
   58.50      0.1262E-01
   58.60      0.1250E-01
   58.70      0.1238E-01
   58.80      0.1227E-01
   58.90      0.1216E-01
   59.00      0.1205E-01
   59.10      0.1194E-01
   59.20      0.1184E-01
   59.30      0.1174E-01
   59.40      0.1164E-01
   59.50      0.1155E-01
   59.60      0.1146E-01
   59.70      0.1137E-01
   59.80      0.1128E-01
   59.90      0.1119E-01
   60.00      0.1111E-01
   60.10      0.1102E-01
   60.20      0.1094E-01
   60.30      0.1086E-01
   60.40      0.1079E-01
   60.50      0.1071E-01
   60.60      0.1064E-01
   60.70      0.1056E-01
   60.80      0.1049E-01
   60.90      0.1042E-01
   61.00      0.1035E-01
   61.10      0.1028E-01
   61.20      0.1021E-01
   61.30      0.1014E-01
   61.40      0.1007E-01
   61.50      0.1000E-01
   61.60      0.9936E-02
   61.70      0.9870E-02
   61.80      0.9803E-02
   61.90      0.9737E-02
   62.00      0.9670E-02
   62.10      0.9604E-02
   62.20      0.9538E-02
   62.30      0.9471E-02
   62.40      0.9405E-02
   62.50      0.9338E-02
   62.60      0.9271E-02
   62.70      0.9204E-02
   62.80      0.9137E-02
   62.90      0.9069E-02
   63.00      0.9001E-02
   63.10      0.8932E-02
   63.20      0.8863E-02
   63.30      0.8793E-02
   63.40      0.8723E-02
   63.50      0.8653E-02
   63.60      0.8582E-02
   63.70      0.8510E-02
   63.80      0.8438E-02
   63.90      0.8365E-02
   64.00      0.8292E-02
   64.10      0.8218E-02
   64.20      0.8144E-02
   64.30      0.8069E-02
   64.40      0.7994E-02
   64.50      0.7918E-02
   64.60      0.7842E-02
   64.70      0.7765E-02
   64.80      0.7688E-02
   64.90      0.7610E-02
   65.00      0.7532E-02
   65.10      0.7453E-02
   65.20      0.7375E-02
   65.30      0.7296E-02
   65.40      0.7216E-02
   65.50      0.7137E-02
   65.60      0.7057E-02
   65.70      0.6977E-02
   65.80      0.6897E-02
   65.90      0.6817E-02
   66.00      0.6737E-02
   66.10      0.6657E-02
   66.20      0.6577E-02
   66.30      0.6498E-02
   66.40      0.6418E-02
   66.50      0.6339E-02
   66.60      0.6260E-02
   66.70      0.6181E-02
   66.80      0.6102E-02
   66.90      0.6025E-02
   67.00      0.5947E-02
   67.10      0.5870E-02
   67.20      0.5794E-02
   67.30      0.5718E-02
   67.40      0.5642E-02
   67.50      0.5568E-02
   67.60      0.5494E-02
   67.70      0.5421E-02
   67.80      0.5349E-02
   67.90      0.5277E-02
   68.00      0.5206E-02
   68.10      0.5137E-02
   68.20      0.5068E-02
   68.30      0.5000E-02
   68.40      0.4933E-02
   68.50      0.4867E-02
   68.60      0.4801E-02
   68.70      0.4737E-02
   68.80      0.4674E-02
   68.90      0.4612E-02
   69.00      0.4551E-02
   69.10      0.4491E-02
   69.20      0.4432E-02
   69.30      0.4375E-02
   69.40      0.4318E-02
   69.50      0.4262E-02
   69.60      0.4207E-02
   69.70      0.4154E-02
   69.80      0.4101E-02
   69.90      0.4050E-02
   70.00      0.3999E-02
   70.10      0.3950E-02
   70.20      0.3901E-02
   70.30      0.3854E-02
   70.40      0.3808E-02
   70.50      0.3762E-02
   70.60      0.3718E-02
   70.70      0.3674E-02
   70.80      0.3632E-02
   70.90      0.3590E-02
   71.00      0.3550E-02
   71.10      0.3510E-02
   71.20      0.3471E-02
   71.30      0.3433E-02
   71.40      0.3396E-02
   71.50      0.3360E-02
   71.60      0.3324E-02
   71.70      0.3289E-02
   71.80      0.3255E-02
   71.90      0.3222E-02
   72.00      0.3190E-02
   72.10      0.3158E-02
   72.20      0.3127E-02
   72.30      0.3097E-02
   72.40      0.3067E-02
   72.50      0.3038E-02
   72.60      0.3010E-02
   72.70      0.2982E-02
   72.80      0.2955E-02
   72.90      0.2928E-02
   73.00      0.2902E-02
   73.10      0.2877E-02
   73.20      0.2852E-02
   73.30      0.2828E-02
   73.40      0.2804E-02
   73.50      0.2780E-02
   73.60      0.2757E-02
   73.70      0.2735E-02
   73.80      0.2713E-02
   73.90      0.2691E-02
   74.00      0.2670E-02
   74.10      0.2649E-02
   74.20      0.2629E-02
   74.30      0.2608E-02
   74.40      0.2589E-02
   74.50      0.2569E-02
   74.60      0.2550E-02
   74.70      0.2531E-02
   74.80      0.2512E-02
   74.90      0.2494E-02
   75.00      0.2476E-02
   75.10      0.2458E-02
   75.20      0.2440E-02
   75.30      0.2422E-02
   75.40      0.2405E-02
   75.50      0.2387E-02
   75.60      0.2370E-02
   75.70      0.2353E-02
   75.80      0.2336E-02
   75.90      0.2319E-02
   76.00      0.2302E-02
   76.10      0.2286E-02
   76.20      0.2269E-02
   76.30      0.2252E-02
   76.40      0.2236E-02
   76.50      0.2219E-02
   76.60      0.2202E-02
   76.70      0.2186E-02
   76.80      0.2169E-02
   76.90      0.2152E-02
   77.00      0.2135E-02
   77.10      0.2118E-02
   77.20      0.2102E-02
   77.30      0.2085E-02
   77.40      0.2067E-02
   77.50      0.2050E-02
   77.60      0.2033E-02
   77.70      0.2016E-02
   77.80      0.1998E-02
   77.90      0.1981E-02
   78.00      0.1963E-02
   78.10      0.1945E-02
   78.20      0.1928E-02
   78.30      0.1910E-02
   78.40      0.1892E-02
   78.50      0.1874E-02
   78.60      0.1855E-02
   78.70      0.1837E-02
   78.80      0.1819E-02
   78.90      0.1801E-02
   79.00      0.1782E-02
   79.10      0.1764E-02
   79.20      0.1745E-02
   79.30      0.1726E-02
   79.40      0.1708E-02
   79.50      0.1689E-02
   79.60      0.1670E-02
   79.70      0.1652E-02
   79.80      0.1633E-02
   79.90      0.1614E-02
   80.00      0.1596E-02
   80.10      0.1577E-02
   80.20      0.1558E-02
   80.30      0.1540E-02
   80.40      0.1521E-02
   80.50      0.1503E-02
   80.60      0.1484E-02
   80.70      0.1466E-02
   80.80      0.1448E-02
   80.90      0.1430E-02
   81.00      0.1412E-02
   81.10      0.1394E-02
   81.20      0.1376E-02
   81.30      0.1359E-02
   81.40      0.1341E-02
   81.50      0.1324E-02
   81.60      0.1307E-02
   81.70      0.1290E-02
   81.80      0.1273E-02
   81.90      0.1257E-02
   82.00      0.1240E-02
   82.10      0.1224E-02
   82.20      0.1208E-02
   82.30      0.1193E-02
   82.40      0.1177E-02
   82.50      0.1162E-02
   82.60      0.1147E-02
   82.70      0.1132E-02
   82.80      0.1117E-02
   82.90      0.1103E-02
   83.00      0.1089E-02
   83.10      0.1075E-02
   83.20      0.1061E-02
   83.30      0.1048E-02
   83.40      0.1035E-02
   83.50      0.1022E-02
   83.60      0.1009E-02
   83.70      0.9969E-03
   83.80      0.9848E-03
   83.90      0.9730E-03
   84.00      0.9614E-03
   84.10      0.9500E-03
   84.20      0.9389E-03
   84.30      0.9280E-03
   84.40      0.9174E-03
   84.50      0.9071E-03
   84.60      0.8970E-03
   84.70      0.8871E-03
   84.80      0.8774E-03
   84.90      0.8680E-03
   85.00      0.8589E-03
   85.10      0.8499E-03
   85.20      0.8412E-03
   85.30      0.8328E-03
   85.40      0.8245E-03
   85.50      0.8165E-03
   85.60      0.8086E-03
   85.70      0.8010E-03
   85.80      0.7936E-03
   85.90      0.7864E-03
   86.00      0.7794E-03
   86.10      0.7726E-03
   86.20      0.7659E-03
   86.30      0.7595E-03
   86.40      0.7532E-03
   86.50      0.7472E-03
   86.60      0.7413E-03
   86.70      0.7355E-03
   86.80      0.7300E-03
   86.90      0.7246E-03
   87.00      0.7193E-03
   87.10      0.7142E-03
   87.20      0.7093E-03
   87.30      0.7045E-03
   87.40      0.6999E-03
   87.50      0.6954E-03
   87.60      0.6910E-03
   87.70      0.6868E-03
   87.80      0.6827E-03
   87.90      0.6787E-03
   88.00      0.6748E-03
   88.10      0.6711E-03
   88.20      0.6675E-03
   88.30      0.6640E-03
   88.40      0.6606E-03
   88.50      0.6573E-03
   88.60      0.6541E-03
   88.70      0.6510E-03
   88.80      0.6480E-03
   88.90      0.6451E-03
   89.00      0.6423E-03
   89.10      0.6396E-03
   89.20      0.6370E-03
   89.30      0.6345E-03
   89.40      0.6320E-03
   89.50      0.6296E-03
   89.60      0.6273E-03
   89.70      0.6250E-03
   89.80      0.6229E-03
   89.90      0.6207E-03
   90.00      0.6187E-03
   90.10      0.6166E-03
   90.20      0.6147E-03
   90.30      0.6127E-03
   90.40      0.6108E-03
   90.50      0.6090E-03
   90.60      0.6071E-03
   90.70      0.6053E-03
   90.80      0.6035E-03
   90.90      0.6017E-03
   91.00      0.5999E-03
   91.10      0.5981E-03
   91.20      0.5963E-03
   91.30      0.5945E-03
   91.40      0.5927E-03
   91.50      0.5908E-03
   91.60      0.5890E-03
   91.70      0.5870E-03
   91.80      0.5851E-03
   91.90      0.5831E-03
   92.00      0.5810E-03
   92.10      0.5789E-03
   92.20      0.5767E-03
   92.30      0.5744E-03
   92.40      0.5721E-03
   92.50      0.5697E-03
   92.60      0.5672E-03
   92.70      0.5646E-03
   92.80      0.5619E-03
   92.90      0.5591E-03
   93.00      0.5563E-03
   93.10      0.5533E-03
   93.20      0.5502E-03
   93.30      0.5470E-03
   93.40      0.5437E-03
   93.50      0.5403E-03
   93.60      0.5368E-03
   93.70      0.5331E-03
   93.80      0.5294E-03
   93.90      0.5255E-03
   94.00      0.5216E-03
   94.10      0.5175E-03
   94.20      0.5133E-03
   94.30      0.5090E-03
   94.40      0.5047E-03
   94.50      0.5002E-03
   94.60      0.4956E-03
   94.70      0.4910E-03
   94.80      0.4862E-03
   94.90      0.4814E-03
   95.00      0.4765E-03
   95.10      0.4716E-03
   95.20      0.4665E-03
   95.30      0.4615E-03
   95.40      0.4563E-03
   95.50      0.4512E-03
   95.60      0.4459E-03
   95.70      0.4407E-03
   95.80      0.4354E-03
   95.90      0.4302E-03
   96.00      0.4249E-03
   96.10      0.4196E-03
   96.20      0.4143E-03
   96.30      0.4090E-03
   96.40      0.4037E-03
   96.50      0.3984E-03
   96.60      0.3932E-03
   96.70      0.3879E-03
   96.80      0.3828E-03
   96.90      0.3776E-03
   97.00      0.3725E-03
   97.10      0.3674E-03
   97.20      0.3624E-03
   97.30      0.3575E-03
   97.40      0.3526E-03
   97.50      0.3477E-03
   97.60      0.3429E-03
   97.70      0.3382E-03
   97.80      0.3335E-03
   97.90      0.3289E-03
   98.00      0.3244E-03
   98.10      0.3199E-03
   98.20      0.3155E-03
   98.30      0.3112E-03
   98.40      0.3069E-03
   98.50      0.3027E-03
   98.60      0.2985E-03
   98.70      0.2944E-03
   98.80      0.2904E-03
   98.90      0.2864E-03
   99.00      0.2825E-03
   99.10      0.2786E-03
   99.20      0.2748E-03
   99.30      0.2711E-03
   99.40      0.2674E-03
   99.50      0.2637E-03
   99.60      0.2601E-03
   99.70      0.2565E-03
   99.80      0.2530E-03
   99.90      0.2495E-03
   100.0      0.2461E-03
   100.1      0.2427E-03
   100.2      0.2394E-03
   100.3      0.2361E-03
   100.4      0.2328E-03
   100.5      0.2295E-03
   100.6      0.2264E-03
   100.7      0.2232E-03
   100.8      0.2201E-03
   100.9      0.2170E-03
   101.0      0.2140E-03
   101.1      0.2110E-03
   101.2      0.2080E-03
   101.3      0.2051E-03
   101.4      0.2022E-03
   101.5      0.1994E-03
   101.6      0.1966E-03
   101.7      0.1939E-03
   101.8      0.1912E-03
   101.9      0.1885E-03
   102.0      0.1859E-03
   102.1      0.1834E-03
   102.2      0.1809E-03
   102.3      0.1785E-03
   102.4      0.1762E-03
   102.5      0.1739E-03
   102.6      0.1716E-03
   102.7      0.1694E-03
   102.8      0.1673E-03
   102.9      0.1653E-03
   103.0      0.1633E-03
   103.1      0.1614E-03
   103.2      0.1595E-03
   103.3      0.1577E-03
   103.4      0.1560E-03
   103.5      0.1543E-03
   103.6      0.1528E-03
   103.7      0.1512E-03
   103.8      0.1498E-03
   103.9      0.1484E-03
   104.0      0.1471E-03
   104.1      0.1458E-03
   104.2      0.1446E-03
   104.3      0.1435E-03
   104.4      0.1424E-03
   104.5      0.1414E-03
   104.6      0.1404E-03
   104.7      0.1395E-03
   104.8      0.1386E-03
   104.9      0.1378E-03
   105.0      0.1371E-03
   105.1      0.1364E-03
   105.2      0.1357E-03
   105.3      0.1350E-03
   105.4      0.1344E-03
   105.5      0.1339E-03
   105.6      0.1333E-03
   105.7      0.1328E-03
   105.8      0.1324E-03
   105.9      0.1319E-03
   106.0      0.1315E-03
   106.1      0.1311E-03
   106.2      0.1307E-03
   106.3      0.1304E-03
   106.4      0.1300E-03
   106.5      0.1297E-03
   106.6      0.1294E-03
   106.7      0.1291E-03
   106.8      0.1288E-03
   106.9      0.1285E-03
   107.0      0.1283E-03
   107.1      0.1280E-03
   107.2      0.1277E-03
   107.3      0.1275E-03
   107.4      0.1273E-03
   107.5      0.1270E-03
   107.6      0.1268E-03
   107.7      0.1266E-03
   107.8      0.1264E-03
   107.9      0.1261E-03
   108.0      0.1259E-03
   108.1      0.1257E-03
   108.2      0.1255E-03
   108.3      0.1253E-03
   108.4      0.1251E-03
   108.5      0.1250E-03
   108.6      0.1248E-03
   108.7      0.1246E-03
   108.8      0.1244E-03
   108.9      0.1242E-03
   109.0      0.1240E-03
   109.1      0.1239E-03
   109.2      0.1237E-03
   109.3      0.1235E-03
   109.4      0.1233E-03
   109.5      0.1232E-03
   109.6      0.1230E-03
   109.7      0.1228E-03
   109.8      0.1226E-03
   109.9      0.1225E-03
   110.0      0.1223E-03
   110.1      0.1221E-03
   110.2      0.1219E-03
   110.3      0.1217E-03
   110.4      0.1215E-03
   110.5      0.1213E-03
   110.6      0.1211E-03
   110.7      0.1208E-03
   110.8      0.1206E-03
   110.9      0.1203E-03
   111.0      0.1201E-03
   111.1      0.1198E-03
   111.2      0.1195E-03
   111.3      0.1192E-03
   111.4      0.1189E-03
   111.5      0.1186E-03
   111.6      0.1183E-03
   111.7      0.1179E-03
   111.8      0.1176E-03
   111.9      0.1172E-03
   112.0      0.1168E-03
   112.1      0.1164E-03
   112.2      0.1160E-03
   112.3      0.1156E-03
   112.4      0.1151E-03
   112.5      0.1147E-03
   112.6      0.1142E-03
   112.7      0.1138E-03
   112.8      0.1133E-03
   112.9      0.1128E-03
   113.0      0.1123E-03
   113.1      0.1118E-03
   113.2      0.1113E-03
   113.3      0.1107E-03
   113.4      0.1102E-03
   113.5      0.1097E-03
   113.6      0.1091E-03
   113.7      0.1086E-03
   113.8      0.1080E-03
   113.9      0.1075E-03
   114.0      0.1069E-03
   114.1      0.1064E-03
   114.2      0.1058E-03
   114.3      0.1053E-03
   114.4      0.1047E-03
   114.5      0.1041E-03
   114.6      0.1036E-03
   114.7      0.1030E-03
   114.8      0.1024E-03
   114.9      0.1019E-03
   115.0      0.1013E-03
   115.1      0.1007E-03
   115.2      0.1002E-03
   115.3      0.9958E-04
   115.4      0.9900E-04
   115.5      0.9841E-04
   115.6      0.9782E-04
   115.7      0.9723E-04
   115.8      0.9663E-04
   115.9      0.9602E-04
   116.0      0.9541E-04
   116.1      0.9479E-04
   116.2      0.9417E-04
   116.3      0.9353E-04
   116.4      0.9289E-04
   116.5      0.9224E-04
   116.6      0.9158E-04
   116.7      0.9091E-04
   116.8      0.9023E-04
   116.9      0.8955E-04
   117.0      0.8885E-04
   117.1      0.8815E-04
   117.2      0.8743E-04
   117.3      0.8671E-04
   117.4      0.8598E-04
   117.5      0.8525E-04
   117.6      0.8451E-04
   117.7      0.8377E-04
   117.8      0.8302E-04
   117.9      0.8227E-04
   118.0      0.8152E-04
   118.1      0.8077E-04
   118.2      0.8002E-04
   118.3      0.7928E-04
   118.4      0.7854E-04
   118.5      0.7781E-04
   118.6      0.7708E-04
   118.7      0.7637E-04
   118.8      0.7567E-04
   118.9      0.7498E-04
   119.0      0.7430E-04
   119.1      0.7364E-04
   119.2      0.7300E-04
   119.3      0.7238E-04
   119.4      0.7178E-04
   119.5      0.7120E-04
   119.6      0.7065E-04
   119.7      0.7011E-04
   119.8      0.6961E-04
   119.9      0.6913E-04
   120.0      0.6867E-04
   120.1      0.6824E-04
   120.2      0.6784E-04
   120.3      0.6746E-04
   120.4      0.6711E-04
   120.5      0.6679E-04
   120.6      0.6649E-04
   120.7      0.6622E-04
   120.8      0.6597E-04
   120.9      0.6575E-04
   121.0      0.6554E-04
   121.1      0.6536E-04
   121.2      0.6519E-04
   121.3      0.6504E-04
   121.4      0.6491E-04
   121.5      0.6479E-04
   121.6      0.6469E-04
   121.7      0.6459E-04
   121.8      0.6450E-04
   121.9      0.6442E-04
   122.0      0.6434E-04
   122.1      0.6426E-04
   122.2      0.6418E-04
   122.3      0.6411E-04
   122.4      0.6402E-04
   122.5      0.6394E-04
   122.6      0.6384E-04
   122.7      0.6374E-04
   122.8      0.6362E-04
   122.9      0.6350E-04
   123.0      0.6336E-04
   123.1      0.6321E-04
   123.2      0.6305E-04
   123.3      0.6287E-04
   123.4      0.6268E-04
   123.5      0.6247E-04
   123.6      0.6225E-04
   123.7      0.6201E-04
   123.8      0.6176E-04
   123.9      0.6149E-04
   124.0      0.6121E-04
   124.1      0.6092E-04
   124.2      0.6062E-04
   124.3      0.6030E-04
   124.4      0.5998E-04
   124.5      0.5965E-04
   124.6      0.5932E-04
   124.7      0.5898E-04
   124.8      0.5864E-04
   124.9      0.5830E-04
   125.0      0.5796E-04
   125.1      0.5762E-04
   125.2      0.5729E-04
   125.3      0.5697E-04
   125.4      0.5665E-04
   125.5      0.5634E-04
   125.6      0.5604E-04
   125.7      0.5576E-04
   125.8      0.5549E-04
   125.9      0.5524E-04
   126.0      0.5500E-04
   126.1      0.5478E-04
   126.2      0.5457E-04
   126.3      0.5439E-04
   126.4      0.5422E-04
   126.5      0.5407E-04
   126.6      0.5395E-04
   126.7      0.5384E-04
   126.8      0.5374E-04
   126.9      0.5367E-04
   127.0      0.5362E-04
   127.1      0.5358E-04
   127.2      0.5355E-04
   127.3      0.5354E-04
   127.4      0.5355E-04
   127.5      0.5356E-04
   127.6      0.5359E-04
   127.7      0.5362E-04
   127.8      0.5366E-04
   127.9      0.5371E-04
   128.0      0.5376E-04
   128.1      0.5381E-04
   128.2      0.5386E-04
   128.3      0.5392E-04
   128.4      0.5396E-04
   128.5      0.5401E-04
   128.6      0.5405E-04
   128.7      0.5408E-04
   128.8      0.5410E-04
   128.9      0.5411E-04
   129.0      0.5412E-04
   129.1      0.5411E-04
   129.2      0.5409E-04
   129.3      0.5405E-04
   129.4      0.5400E-04
   129.5      0.5394E-04
   129.6      0.5387E-04
   129.7      0.5378E-04
   129.8      0.5368E-04
   129.9      0.5356E-04
   130.0      0.5343E-04
   130.1      0.5329E-04
   130.2      0.5314E-04
   130.3      0.5298E-04
   130.4      0.5282E-04
   130.5      0.5264E-04
   130.6      0.5246E-04
   130.7      0.5227E-04
   130.8      0.5208E-04
   130.9      0.5189E-04
   131.0      0.5169E-04
   131.1      0.5150E-04
   131.2      0.5131E-04
   131.3      0.5112E-04
   131.4      0.5094E-04
   131.5      0.5077E-04
   131.6      0.5060E-04
   131.7      0.5044E-04
   131.8      0.5029E-04
   131.9      0.5015E-04
   132.0      0.5002E-04
   132.1      0.4991E-04
   132.2      0.4981E-04
   132.3      0.4971E-04
   132.4      0.4964E-04
   132.5      0.4957E-04
   132.6      0.4952E-04
   132.7      0.4948E-04
   132.8      0.4946E-04
   132.9      0.4944E-04
   133.0      0.4944E-04
   133.1      0.4944E-04
   133.2      0.4946E-04
   133.3      0.4948E-04
   133.4      0.4951E-04
   133.5      0.4955E-04
   133.6      0.4959E-04
   133.7      0.4963E-04
   133.8      0.4967E-04
   133.9      0.4972E-04
   134.0      0.4976E-04
   134.1      0.4980E-04
   134.2      0.4983E-04
   134.3      0.4987E-04
   134.4      0.4989E-04
   134.5      0.4990E-04
   134.6      0.4991E-04
   134.7      0.4991E-04
   134.8      0.4990E-04
   134.9      0.4987E-04
   135.0      0.4983E-04
   135.1      0.4979E-04
   135.2      0.4972E-04
   135.3      0.4965E-04
   135.4      0.4956E-04
   135.5      0.4946E-04
   135.6      0.4935E-04
   135.7      0.4923E-04
   135.8      0.4909E-04
   135.9      0.4895E-04
   136.0      0.4879E-04
   136.1      0.4863E-04
   136.2      0.4846E-04
   136.3      0.4829E-04
   136.4      0.4811E-04
   136.5      0.4793E-04
   136.6      0.4774E-04
   136.7      0.4756E-04
   136.8      0.4738E-04
   136.9      0.4720E-04
   137.0      0.4702E-04
   137.1      0.4686E-04
   137.2      0.4669E-04
   137.3      0.4654E-04
   137.4      0.4640E-04
   137.5      0.4627E-04
   137.6      0.4615E-04
   137.7      0.4604E-04
   137.8      0.4595E-04
   137.9      0.4587E-04
   138.0      0.4581E-04
   138.1      0.4576E-04
   138.2      0.4573E-04
   138.3      0.4572E-04
   138.4      0.4572E-04
   138.5      0.4573E-04
   138.6      0.4576E-04
   138.7      0.4581E-04
   138.8      0.4586E-04
   138.9      0.4593E-04
   139.0      0.4601E-04
   139.1      0.4610E-04
   139.2      0.4620E-04
   139.3      0.4631E-04
   139.4      0.4642E-04
   139.5      0.4654E-04
   139.6      0.4666E-04
   139.7      0.4679E-04
   139.8      0.4691E-04
   139.9      0.4703E-04
   140.0      0.4715E-04
   140.1      0.4726E-04
   140.2      0.4737E-04
   140.3      0.4747E-04
   140.4      0.4756E-04
   140.5      0.4765E-04
   140.6      0.4772E-04
   140.7      0.4778E-04
   140.8      0.4783E-04
   140.9      0.4786E-04
   141.0      0.4789E-04
   141.1      0.4789E-04
   141.2      0.4789E-04
   141.3      0.4787E-04
   141.4      0.4784E-04
   141.5      0.4780E-04
   141.6      0.4775E-04
   141.7      0.4768E-04
   141.8      0.4761E-04
   141.9      0.4753E-04
   142.0      0.4743E-04
   142.1      0.4734E-04
   142.2      0.4723E-04
   142.3      0.4713E-04
   142.4      0.4702E-04
   142.5      0.4691E-04
   142.6      0.4680E-04
   142.7      0.4670E-04
   142.8      0.4660E-04
   142.9      0.4651E-04
   143.0      0.4643E-04
   143.1      0.4635E-04
   143.2      0.4629E-04
   143.3      0.4624E-04
   143.4      0.4620E-04
   143.5      0.4617E-04
   143.6      0.4617E-04
   143.7      0.4618E-04
   143.8      0.4620E-04
   143.9      0.4625E-04
   144.0      0.4631E-04
   144.1      0.4639E-04
   144.2      0.4649E-04
   144.3      0.4661E-04
   144.4      0.4674E-04
   144.5      0.4689E-04
   144.6      0.4706E-04
   144.7      0.4724E-04
   144.8      0.4744E-04
   144.9      0.4765E-04
   145.0      0.4787E-04
   145.1      0.4811E-04
   145.2      0.4835E-04
   145.3      0.4860E-04
   145.4      0.4886E-04
   145.5      0.4912E-04
   145.6      0.4938E-04
   145.7      0.4964E-04
   145.8      0.4990E-04
   145.9      0.5016E-04
   146.0      0.5041E-04
   146.1      0.5066E-04
   146.2      0.5090E-04
   146.3      0.5113E-04
   146.4      0.5136E-04
   146.5      0.5157E-04
   146.6      0.5177E-04
   146.7      0.5195E-04
   146.8      0.5212E-04
   146.9      0.5228E-04
   147.0      0.5242E-04
   147.1      0.5255E-04
   147.2      0.5267E-04
   147.3      0.5277E-04
   147.4      0.5285E-04
   147.5      0.5293E-04
   147.6      0.5299E-04
   147.7      0.5304E-04
   147.8      0.5308E-04
   147.9      0.5311E-04
   148.0      0.5314E-04
   148.1      0.5315E-04
   148.2      0.5317E-04
   148.3      0.5318E-04
   148.4      0.5319E-04
   148.5      0.5320E-04
   148.6      0.5321E-04
   148.7      0.5322E-04
   148.8      0.5324E-04
   148.9      0.5327E-04
   149.0      0.5331E-04
   149.1      0.5335E-04
   149.2      0.5341E-04
   149.3      0.5348E-04
   149.4      0.5356E-04
   149.5      0.5366E-04
   149.6      0.5378E-04
   149.7      0.5391E-04
   149.8      0.5405E-04
   149.9      0.5422E-04
   150.0      0.5440E-04
   150.1      0.5459E-04
   150.2      0.5481E-04
   150.3      0.5503E-04
   150.4      0.5528E-04
   150.5      0.5554E-04
   150.6      0.5581E-04
   150.7      0.5609E-04
   150.8      0.5639E-04
   150.9      0.5669E-04
   151.0      0.5700E-04
   151.1      0.5732E-04
   151.2      0.5764E-04
   151.3      0.5796E-04
   151.4      0.5828E-04
   151.5      0.5861E-04
   151.6      0.5893E-04
   151.7      0.5924E-04
   151.8      0.5955E-04
   151.9      0.5985E-04
   152.0      0.6014E-04
   152.1      0.6041E-04
   152.2      0.6068E-04
   152.3      0.6093E-04
   152.4      0.6116E-04
   152.5      0.6138E-04
   152.6      0.6158E-04
   152.7      0.6176E-04
   152.8      0.6193E-04
   152.9      0.6208E-04
   153.0      0.6221E-04
   153.1      0.6232E-04
   153.2      0.6242E-04
   153.3      0.6249E-04
   153.4      0.6256E-04
   153.5      0.6261E-04
   153.6      0.6264E-04
   153.7      0.6267E-04
   153.8      0.6268E-04
   153.9      0.6269E-04
   154.0      0.6269E-04
   154.1      0.6268E-04
   154.2      0.6267E-04
   154.3      0.6266E-04
   154.4      0.6266E-04
   154.5      0.6265E-04
   154.6      0.6266E-04
   154.7      0.6267E-04
   154.8      0.6269E-04
   154.9      0.6272E-04
   155.0      0.6276E-04
   155.1      0.6282E-04
   155.2      0.6290E-04
   155.3      0.6300E-04
   155.4      0.6311E-04
   155.5      0.6325E-04
   155.6      0.6341E-04
   155.7      0.6358E-04
   155.8      0.6379E-04
   155.9      0.6401E-04
   156.0      0.6426E-04
   156.1      0.6453E-04
   156.2      0.6482E-04
   156.3      0.6513E-04
   156.4      0.6546E-04
   156.5      0.6582E-04
   156.6      0.6619E-04
   156.7      0.6658E-04
   156.8      0.6698E-04
   156.9      0.6739E-04
   157.0      0.6782E-04
   157.1      0.6826E-04
   157.2      0.6870E-04
   157.3      0.6915E-04
   157.4      0.6961E-04
   157.5      0.7006E-04
   157.6      0.7051E-04
   157.7      0.7096E-04
   157.8      0.7141E-04
   157.9      0.7185E-04
   158.0      0.7228E-04
   158.1      0.7269E-04
   158.2      0.7310E-04
   158.3      0.7349E-04
   158.4      0.7387E-04
   158.5      0.7423E-04
   158.6      0.7458E-04
   158.7      0.7491E-04
   158.8      0.7522E-04
   158.9      0.7551E-04
   159.0      0.7578E-04
   159.1      0.7604E-04
   159.2      0.7628E-04
   159.3      0.7650E-04
   159.4      0.7670E-04
   159.5      0.7689E-04
   159.6      0.7707E-04
   159.7      0.7723E-04
   159.8      0.7739E-04
   159.9      0.7753E-04
   160.0      0.7767E-04
   160.1      0.7780E-04
   160.2      0.7793E-04
   160.3      0.7806E-04
   160.4      0.7818E-04
   160.5      0.7831E-04
   160.6      0.7845E-04
   160.7      0.7859E-04
   160.8      0.7874E-04
   160.9      0.7890E-04
   161.0      0.7908E-04
   161.1      0.7927E-04
   161.2      0.7947E-04
   161.3      0.7969E-04
   161.4      0.7993E-04
   161.5      0.8019E-04
   161.6      0.8046E-04
   161.7      0.8076E-04
   161.8      0.8108E-04
   161.9      0.8143E-04
   162.0      0.8179E-04
   162.1      0.8217E-04
   162.2      0.8258E-04
   162.3      0.8301E-04
   162.4      0.8346E-04
   162.5      0.8393E-04
   162.6      0.8442E-04
   162.7      0.8492E-04
   162.8      0.8545E-04
   162.9      0.8599E-04
   163.0      0.8654E-04
   163.1      0.8711E-04
   163.2      0.8770E-04
   163.3      0.8829E-04
   163.4      0.8890E-04
   163.5      0.8951E-04
   163.6      0.9014E-04
   163.7      0.9077E-04
   163.8      0.9141E-04
   163.9      0.9206E-04
   164.0      0.9272E-04
   164.1      0.9339E-04
   164.2      0.9406E-04
   164.3      0.9474E-04
   164.4      0.9543E-04
   164.5      0.9613E-04
   164.6      0.9683E-04
   164.7      0.9755E-04
   164.8      0.9829E-04
   164.9      0.9904E-04
   165.0      0.9980E-04
   165.1      0.1006E-03
   165.2      0.1014E-03
   165.3      0.1022E-03
   165.4      0.1031E-03
   165.5      0.1040E-03
   165.6      0.1049E-03
   165.7      0.1059E-03
   165.8      0.1069E-03
   165.9      0.1079E-03
   166.0      0.1090E-03
   166.1      0.1101E-03
   166.2      0.1113E-03
   166.3      0.1125E-03
   166.4      0.1138E-03
   166.5      0.1152E-03
   166.6      0.1166E-03
   166.7      0.1181E-03
   166.8      0.1196E-03
   166.9      0.1212E-03
   167.0      0.1229E-03
   167.1      0.1246E-03
   167.2      0.1264E-03
   167.3      0.1283E-03
   167.4      0.1303E-03
   167.5      0.1323E-03
   167.6      0.1343E-03
   167.7      0.1365E-03
   167.8      0.1387E-03
   167.9      0.1409E-03
   168.0      0.1432E-03
   168.1      0.1456E-03
   168.2      0.1480E-03
   168.3      0.1504E-03
   168.4      0.1529E-03
   168.5      0.1554E-03
   168.6      0.1579E-03
   168.7      0.1604E-03
   168.8      0.1630E-03
   168.9      0.1656E-03
   169.0      0.1682E-03
   169.1      0.1707E-03
   169.2      0.1733E-03
   169.3      0.1758E-03
   169.4      0.1783E-03
   169.5      0.1808E-03
   169.6      0.1832E-03
   169.7      0.1857E-03
   169.8      0.1880E-03
   169.9      0.1903E-03
   170.0      0.1925E-03
   170.1      0.1947E-03
   170.2      0.1968E-03
   170.3      0.1988E-03
   170.4      0.2008E-03
   170.5      0.2027E-03
   170.6      0.2044E-03
   170.7      0.2061E-03
   170.8      0.2077E-03
   170.9      0.2093E-03
   171.0      0.2107E-03
   171.1      0.2120E-03
   171.2      0.2133E-03
   171.3      0.2144E-03
   171.4      0.2155E-03
   171.5      0.2164E-03
   171.6      0.2173E-03
   171.7      0.2181E-03
   171.8      0.2188E-03
   171.9      0.2195E-03
   172.0      0.2200E-03
   172.1      0.2205E-03
   172.2      0.2209E-03
   172.3      0.2213E-03
   172.4      0.2216E-03
   172.5      0.2218E-03
   172.6      0.2220E-03
   172.7      0.2221E-03
   172.8      0.2222E-03
   172.9      0.2222E-03
   173.0      0.2223E-03
   173.1      0.2222E-03
   173.2      0.2222E-03
   173.3      0.2221E-03
   173.4      0.2220E-03
   173.5      0.2219E-03
   173.6      0.2217E-03
   173.7      0.2216E-03
   173.8      0.2214E-03
   173.9      0.2212E-03
   174.0      0.2210E-03
   174.1      0.2208E-03
   174.2      0.2206E-03
   174.3      0.2204E-03
   174.4      0.2202E-03
   174.5      0.2199E-03
   174.6      0.2197E-03
   174.7      0.2194E-03
   174.8      0.2192E-03
   174.9      0.2189E-03
   175.0      0.2186E-03
   175.1      0.2183E-03
   175.2      0.2179E-03
   175.3      0.2176E-03
   175.4      0.2172E-03
   175.5      0.2168E-03
   175.6      0.2163E-03
   175.7      0.2159E-03
   175.8      0.2154E-03
   175.9      0.2149E-03
   176.0      0.2143E-03
   176.1      0.2137E-03
   176.2      0.2131E-03
   176.3      0.2124E-03
   176.4      0.2117E-03
   176.5      0.2109E-03
   176.6      0.2101E-03
   176.7      0.2093E-03
   176.8      0.2084E-03
   176.9      0.2075E-03
   177.0      0.2066E-03
   177.1      0.2056E-03
   177.2      0.2046E-03
   177.3      0.2036E-03
   177.4      0.2025E-03
   177.5      0.2014E-03
   177.6      0.2003E-03
   177.7      0.1992E-03
   177.8      0.1981E-03
   177.9      0.1970E-03
   178.0      0.1959E-03
   178.1      0.1948E-03
   178.2      0.1937E-03
   178.3      0.1926E-03
   178.4      0.1916E-03
   178.5      0.1906E-03
   178.6      0.1896E-03
   178.7      0.1886E-03
   178.8      0.1877E-03
   178.9      0.1869E-03
   179.0      0.1861E-03
   179.1      0.1854E-03
   179.2      0.1847E-03
   179.3      0.1841E-03
   179.4      0.1836E-03
   179.5      0.1832E-03
   179.6      0.1828E-03
   179.7      0.1825E-03
   179.8      0.1823E-03
   179.9      0.1822E-03
   180.0      0.1821E-03
 END
