angle,xsec,integral
0.000110,14840000000000000.000000,0
0.001101,1484000000000.000000,0
0.002203,92790000000.000000,0
0.003304,18310000000.000000,0
0.004406,5783000000.000000,0
0.005507,2366000000.000000,0
0.006608,1141000000.000000,0
0.007710,616300000.000000,0
0.008811,362100000.000000,0
0.009913,226900000.000000,0
0.011014,149600000.000000,0
0.012115,102700000.000000,0
0.013217,72920000.000000,0
0.014318,53250000.000000,0
0.015420,39800000.000000,0
0.016521,30360000.000000,0
0.017622,23550000.000000,0
0.018724,18550000.000000,0
0.019825,14800000.000000,0
0.020927,11940000.000000,0
0.022028,9729000.000000,0
0.023130,7999000.000000,0
0.024231,6629000.000000,0
0.025333,5532000.000000,0
0.026434,4647000.000000,0
0.027535,3926000.000000,0
0.028637,3334000.000000,0
0.029738,2845000.000000,0
0.030840,2439000.000000,0
0.031941,2099000.000000,0
0.033043,1814000.000000,0
0.034145,1573000.000000,0
0.035246,1368000.000000,0
0.036348,1194000.000000,0
0.037449,1045000.000000,0
0.038551,917300.000000,0
0.039652,807400.000000,0
0.040754,712500.000000,0
0.041856,630300.000000,0
0.042957,559000.000000,0
0.044059,497000.000000,0
0.045161,442900.000000,0
0.046262,395600.000000,0
0.047364,354100.000000,0
0.048466,317700.000000,0
0.049567,285700.000000,0
0.050669,257500.000000,0
0.051771,232600.000000,0
0.052872,210600.000000,210600.000000
0.053974,191100.000000,401700.000000
0.055076,173800.000000,575500.000000
0.056178,158400.000000,733900.000000
0.057280,144700.000000,878600.000000
0.058381,132400.000000,1011000.000000
0.059483,121500.000000,1132500.000000
0.060585,111700.000000,1244200.000000
0.061687,103000.000000,1347200.000000
0.062789,95110.000000,1442310.000000
0.063891,88030.000000,1530340.000000
0.064993,81650.000000,1611990.000000
0.066095,75890.000000,1687880.000000
0.067197,70690.000000,1758570.000000
0.068299,65970.000000,1824540.000000
0.069401,61690.000000,1886230.000000
0.070503,57790.000000,1944020.000000
0.071605,54240.000000,1998260.000000
0.072707,51000.000000,2049260.000000
0.073809,48030.000000,2097290.000000
0.074911,45310.000000,2142600.000000
0.076013,42810.000000,2185410.000000
0.077116,40500.000000,2225910.000000
0.078218,38370.000000,2264280.000000
0.079320,36410.000000,2300690.000000
0.080422,34580.000000,2335270.000000
0.081524,32880.000000,2368150.000000
0.082627,31300.000000,2399450.000000
0.083729,29830.000000,2429280.000000
0.084831,28450.000000,2457730.000000
0.085934,27150.000000,2484880.000000
0.087036,25940.000000,2510820.000000
0.088139,24790.000000,2535610.000000
0.089241,23710.000000,2559320.000000
0.090343,22690.000000,2582010.000000
0.091446,21720.000000,2603730.000000
0.092548,20800.000000,2624530.000000
0.093651,19930.000000,2644460.000000
0.094754,19100.000000,2663560.000000
0.095856,18310.000000,2681870.000000
0.096959,17550.000000,2699420.000000
0.098062,16830.000000,2716250.000000
0.099164,16140.000000,2732390.000000
0.100267,15480.000000,2747870.000000
0.101370,14840.000000,2762710.000000
0.102472,14230.000000,2776940.000000
0.103575,13650.000000,2790590.000000
0.104678,13090.000000,2803680.000000
0.105781,12550.000000,2816230.000000
0.106884,12030.000000,2828260.000000
0.107987,11520.000000,2839780.000000
0.109090,11040.000000,2850820.000000
0.110193,10570.000000,2861390.000000
0.111296,10130.000000,2871520.000000
0.112399,9694.000000,2881214.000000
0.113502,9276.000000,2890490.000000
0.114605,8874.000000,2899364.000000
0.115708,8486.000000,2907850.000000
0.116811,8112.000000,2915962.000000
0.117915,7751.000000,2923713.000000
0.119018,7403.000000,2931116.000000
0.120121,7068.000000,2938184.000000
0.121225,6744.000000,2944928.000000
0.122328,6433.000000,2951361.000000
0.123431,6133.000000,2957494.000000
0.124535,5844.000000,2963338.000000
0.125638,5566.000000,2968904.000000
0.126742,5298.000000,2974202.000000
0.127845,5040.000000,2979242.000000
0.128949,4793.000000,2984035.000000
0.130053,4555.000000,2988590.000000
0.131156,4326.000000,2992916.000000
0.132260,4106.000000,2997022.000000
0.133364,3896.000000,3000918.000000
0.134468,3694.000000,3004612.000000
0.135571,3500.000000,3008112.000000
0.136675,3315.000000,3011427.000000
0.137779,3137.000000,3014564.000000
0.138883,2967.000000,3017531.000000
0.139987,2805.000000,3020336.000000
0.141091,2650.000000,3022986.000000
0.142195,2502.000000,3025488.000000
0.143299,2361.000000,3027849.000000
0.144404,2226.000000,3030075.000000
0.145508,2098.000000,3032173.000000
0.146612,1976.000000,3034149.000000
0.147716,1860.000000,3036009.000000
0.148821,1751.000000,3037760.000000
0.149925,1646.000000,3039406.000000
0.151030,1547.000000,3040953.000000
0.152134,1454.000000,3042407.000000
0.153239,1365.000000,3043772.000000
0.154343,1282.000000,3045054.000000
0.155448,1203.000000,3046257.000000
0.156552,1129.000000,3047386.000000
0.157657,1059.000000,3048445.000000
0.158762,993.300000,3049438.300000
0.159867,931.700000,3050370.000000
0.160972,873.900000,3051243.900000
0.162076,819.900000,3052063.800000
0.163181,769.400000,3052833.200000
0.164286,722.400000,3053555.600000
0.165391,678.600000,3054234.200000
0.166497,637.900000,3054872.100000
0.167602,600.200000,3055472.300000
0.168707,565.300000,3056037.600000
0.169812,533.100000,3056570.700000
0.170917,503.500000,3057074.200000
0.172023,476.300000,3057550.500000
0.173128,451.400000,3058001.900000
0.174234,428.600000,3058430.500000
0.175339,407.900000,3058838.400000
0.176445,389.200000,3059227.600000
0.177550,372.300000,3059599.900000
0.178656,357.100000,3059957.000000
0.179762,343.500000,3060300.500000
0.180868,331.400000,3060631.900000
0.181973,320.800000,3060952.700000
0.183079,311.400000,3061264.100000
0.184185,303.300000,3061567.400000
0.185291,296.300000,3061863.700000
0.186397,290.400000,3062154.100000
0.187503,285.400000,3062439.500000
0.188609,281.300000,3062720.800000
0.189716,278.000000,3062998.800000
0.190822,275.500000,3063274.300000
0.191928,273.600000,3063547.900000
0.193035,272.400000,3063820.300000
0.194141,271.700000,3064092.000000
0.195248,271.500000,3064363.500000
0.196354,271.700000,3064635.200000
0.197461,272.300000,3064907.500000
0.198568,273.200000,3065180.700000
0.199674,274.400000,3065455.100000
0.200781,275.800000,3065730.900000
0.201888,277.400000,3066008.300000
0.202995,279.100000,3066287.400000
0.204102,280.900000,3066568.300000
0.205209,282.900000,3066851.200000
0.206316,284.800000,3067136.000000
0.207423,286.800000,3067422.800000
0.208531,288.700000,3067711.500000
0.209638,290.600000,3068002.100000
0.210745,292.500000,3068294.600000
0.211853,294.200000,3068588.800000
0.212960,295.800000,3068884.600000
0.214068,297.300000,3069181.900000
0.215175,298.600000,3069480.500000
0.216283,299.800000,3069780.300000
0.217391,300.800000,3070081.100000
0.218499,301.600000,3070382.700000
0.219606,302.200000,3070684.900000
0.220714,302.600000,3070987.500000
0.221822,302.800000,3071290.300000
0.222931,302.800000,3071593.100000
0.224039,302.500000,3071895.600000
0.225147,302.000000,3072197.600000
0.226255,301.300000,3072498.900000
0.227364,300.400000,3072799.300000
0.228472,299.200000,3073098.500000
0.229581,297.800000,3073396.300000
0.230689,296.100000,3073692.400000
0.231798,294.300000,3073986.700000
0.232907,292.200000,3074278.900000
0.234015,289.900000,3074568.800000
0.235124,287.300000,3074856.100000
0.236233,284.600000,3075140.700000
0.237342,281.600000,3075422.300000
0.238451,278.500000,3075700.800000
0.239560,275.200000,3075976.000000
0.240670,271.700000,3076247.700000
0.241779,268.000000,3076515.700000
0.242888,264.100000,3076779.800000
0.243998,260.100000,3077039.900000
0.245107,255.900000,3077295.800000
0.246217,251.600000,3077547.400000
0.247327,247.200000,3077794.600000
0.248436,242.600000,3078037.200000
0.249546,237.900000,3078275.100000
0.250656,233.200000,3078508.300000
0.251766,228.300000,3078736.600000
0.252876,223.300000,3078959.900000
0.253986,218.300000,3079178.200000
0.255096,213.100000,3079391.300000
0.256207,208.000000,3079599.300000
0.257317,202.700000,3079802.000000
0.258428,197.500000,3079999.500000
0.259538,192.200000,3080191.700000
0.260649,186.800000,3080378.500000
0.261759,181.500000,3080560.000000
0.262870,176.200000,3080736.200000
0.263981,170.800000,3080907.000000
0.265092,165.500000,3081072.500000
0.266203,160.200000,3081232.700000
0.267314,154.900000,3081387.600000
0.268425,149.600000,3081537.200000
0.269537,144.400000,3081681.600000
0.270648,139.200000,3081820.800000
0.271759,134.100000,3081954.900000
0.272871,129.000000,3082083.900000
0.273982,124.000000,3082207.900000
0.275094,119.100000,3082327.000000
0.276206,114.200000,3082441.200000
0.277318,109.400000,3082550.600000
0.278430,104.700000,3082655.300000
0.279542,100.100000,3082755.400000
0.280654,95.590000,3082850.990000
0.281766,91.170000,3082942.160000
0.282878,86.850000,3083029.010000
0.283991,82.630000,3083111.640000
0.285103,78.510000,3083190.150000
0.286216,74.510000,3083264.660000
0.287328,70.610000,3083335.270000
0.288441,66.830000,3083402.100000
0.289554,63.160000,3083465.260000
0.290667,59.610000,3083524.870000
0.291780,56.180000,3083581.050000
0.292893,52.860000,3083633.910000
0.294006,49.660000,3083683.570000
0.295120,46.590000,3083730.160000
0.296233,43.630000,3083773.790000
0.297346,40.790000,3083814.580000
0.298460,38.070000,3083852.650000
0.299574,35.470000,3083888.120000
0.300687,32.990000,3083921.110000
0.301801,30.620000,3083951.730000
0.302915,28.380000,3083980.110000
0.304029,26.240000,3084006.350000
0.305143,24.220000,3084030.570000
0.306258,22.320000,3084052.890000
0.307372,20.520000,3084073.410000
0.308486,18.830000,3084092.240000
0.309601,17.250000,3084109.490000
0.310716,15.780000,3084125.270000
0.311830,14.410000,3084139.680000
0.312945,13.130000,3084152.810000
0.314060,11.960000,3084164.770000
0.315175,10.880000,3084175.650000
0.316290,9.894000,3084185.544000
0.317405,8.997000,3084194.541000
0.318521,8.188000,3084202.729000
0.319636,7.463000,3084210.192000
0.320752,6.820000,3084217.012000
0.321867,6.255000,3084223.267000
0.322983,5.766000,3084229.033000
0.324099,5.350000,3084234.383000
0.325215,5.004000,3084239.387000
0.326331,4.724000,3084244.111000
0.327447,4.509000,3084248.620000
0.328563,4.353000,3084252.973000
0.329679,4.256000,3084257.229000
0.330796,4.213000,3084261.442000
0.331912,4.222000,3084265.664000
0.333029,4.279000,3084269.943000
0.334146,4.382000,3084274.325000
0.335263,4.528000,3084278.853000
0.336380,4.714000,3084283.567000
0.337497,4.936000,3084288.503000
0.338614,5.193000,3084293.696000
0.339731,5.481000,3084299.177000
0.340849,5.798000,3084304.975000
0.341966,6.141000,3084311.116000
0.343084,6.508000,3084317.624000
0.344202,6.895000,3084324.519000
0.345319,7.301000,3084331.820000
0.346437,7.722000,3084339.542000
0.347555,8.158000,3084347.700000
0.348674,8.605000,3084356.305000
0.349792,9.061000,3084365.366000
0.350910,9.524000,3084374.890000
0.352029,9.992000,3084384.882000
0.353147,10.460000,3084395.342000
0.354266,10.940000,3084406.282000
0.355385,11.410000,3084417.692000
0.356504,11.880000,3084429.572000
0.357623,12.340000,3084441.912000
0.358742,12.800000,3084454.712000
0.359862,13.260000,3084467.972000
0.360981,13.700000,3084481.672000
0.362101,14.140000,3084495.812000
0.363220,14.560000,3084510.372000
0.364340,14.970000,3084525.342000
0.365460,15.370000,3084540.712000
0.366580,15.750000,3084556.462000
0.367700,16.120000,3084572.582000
0.368820,16.480000,3084589.062000
0.369941,16.810000,3084605.872000
0.371061,17.130000,3084623.002000
0.372182,17.430000,3084640.432000
0.373303,17.720000,3084658.152000
0.374423,17.980000,3084676.132000
0.375544,18.220000,3084694.352000
0.376666,18.450000,3084712.802000
0.377787,18.650000,3084731.452000
0.378908,18.830000,3084750.282000
0.380030,18.990000,3084769.272000
0.381151,19.140000,3084788.412000
0.382273,19.260000,3084807.672000
0.383395,19.360000,3084827.032000
0.384517,19.440000,3084846.472000
0.385639,19.500000,3084865.972000
0.386761,19.540000,3084885.512000
0.387883,19.550000,3084905.062000
0.389006,19.550000,3084924.612000
0.390129,19.530000,3084944.142000
0.391251,19.490000,3084963.632000
0.392374,19.430000,3084983.062000
0.393497,19.360000,3085002.422000
0.394620,19.260000,3085021.682000
0.395744,19.150000,3085040.832000
0.396867,19.010000,3085059.842000
0.397990,18.870000,3085078.712000
0.399114,18.700000,3085097.412000
0.400238,18.520000,3085115.932000
0.401362,18.330000,3085134.262000
0.402486,18.120000,3085152.382000
0.403610,17.900000,3085170.282000
0.404734,17.660000,3085187.942000
0.405859,17.420000,3085205.362000
0.406983,17.160000,3085222.522000
0.408108,16.880000,3085239.402000
0.409233,16.600000,3085256.002000
0.410358,16.310000,3085272.312000
0.411483,16.010000,3085288.322000
0.412608,15.700000,3085304.022000
0.413734,15.380000,3085319.402000
0.414859,15.060000,3085334.462000
0.415985,14.730000,3085349.192000
0.417111,14.390000,3085363.582000
0.418237,14.050000,3085377.632000
0.419363,13.700000,3085391.332000
0.420489,13.350000,3085404.682000
0.421615,13.000000,3085417.682000
0.422742,12.640000,3085430.322000
0.423868,12.280000,3085442.602000
0.424995,11.920000,3085454.522000
0.426122,11.560000,3085466.082000
0.427249,11.200000,3085477.282000
0.428376,10.840000,3085488.122000
0.429504,10.480000,3085498.602000
0.430631,10.120000,3085508.722000
0.431759,9.762000,3085518.484000
0.432887,9.407000,3085527.891000
0.434015,9.054000,3085536.945000
0.435143,8.705000,3085545.650000
0.436271,8.360000,3085554.010000
0.437399,8.019000,3085562.029000
0.438528,7.682000,3085569.711000
0.439657,7.350000,3085577.061000
0.440785,7.024000,3085584.085000
0.441914,6.702000,3085590.787000
0.443044,6.387000,3085597.174000
0.444173,6.078000,3085603.252000
0.445302,5.775000,3085609.027000
0.446432,5.480000,3085614.507000
0.447562,5.191000,3085619.698000
0.448691,4.909000,3085624.607000
0.449821,4.634000,3085629.241000
0.450952,4.368000,3085633.609000
0.452082,4.108000,3085637.717000
0.453212,3.857000,3085641.574000
0.454343,3.614000,3085645.188000
0.455474,3.379000,3085648.567000
0.456605,3.152000,3085651.719000
0.457736,2.933000,3085654.652000
0.458867,2.723000,3085657.375000
0.459999,2.521000,3085659.896000
0.461130,2.327000,3085662.223000
0.462262,2.142000,3085664.365000
0.463394,1.965000,3085666.330000
0.464526,1.797000,3085668.127000
0.465658,1.637000,3085669.764000
0.466791,1.485000,3085671.249000
0.467923,1.341000,3085672.590000
0.469056,1.206000,3085673.796000
0.470189,1.079000,3085674.875000
0.471322,0.959500,3085675.834500
0.472455,0.848000,3085676.682500
0.473588,0.744400,3085677.426900
0.474722,0.648300,3085678.075200
0.475855,0.559800,3085678.635000
0.476989,0.478500,3085679.113500
0.478123,0.404500,3085679.518000
0.479257,0.337500,3085679.855500
0.480392,0.277400,3085680.132900
0.481526,0.223900,3085680.356800
0.482661,0.177000,3085680.533800
0.483796,0.136300,3085680.670100
0.484931,0.101800,3085680.771900
0.486066,0.073210,3085680.845110
0.487201,0.050340,3085680.895450
0.488337,0.032990,3085680.928440
0.489472,0.020950,3085680.949390
0.490608,0.014010,3085680.963400
0.491744,0.011970,3085680.975370
0.492881,0.014600,3085680.989970
0.494017,0.021700,3085681.011670
0.495153,0.033040,3085681.044710
0.496290,0.048420,3085681.093130
0.497427,0.067620,3085681.160750
0.498564,0.090420,3085681.251170
0.499701,0.116600,3085681.367770
0.500839,0.146000,3085681.513770
0.501976,0.178300,3085681.692070
0.503114,0.213400,3085681.905470
0.504252,0.251000,3085682.156470
0.505390,0.291000,3085682.447470
0.506529,0.333100,3085682.780570
0.507667,0.377200,3085683.157770
0.508806,0.423000,3085683.580770
0.509945,0.470400,3085684.051170
0.511084,0.519100,3085684.570270
0.512223,0.569100,3085685.139370
0.513362,0.620000,3085685.759370
0.514502,0.671800,3085686.431170
0.515641,0.724200,3085687.155370
0.516781,0.777100,3085687.932470
0.517922,0.830400,3085688.762870
0.519062,0.883800,3085689.646670
0.520202,0.937300,3085690.583970
0.521343,0.990600,3085691.574570
0.522484,1.044000,3085692.618570
0.523625,1.096000,3085693.714570
0.524766,1.149000,3085694.863570
0.525908,1.200000,3085696.063570
0.527049,1.251000,3085697.314570
0.528191,1.301000,3085698.615570
0.529333,1.350000,3085699.965570
0.530475,1.397000,3085701.362570
0.531618,1.444000,3085702.806570
0.532760,1.489000,3085704.295570
0.533903,1.533000,3085705.828570
0.535046,1.576000,3085707.404570
0.536189,1.617000,3085709.021570
0.537332,1.656000,3085710.677570
0.538476,1.694000,3085712.371570
0.539620,1.730000,3085714.101570
0.540763,1.765000,3085715.866570
0.541908,1.797000,3085717.663570
0.543052,1.828000,3085719.491570
0.544196,1.857000,3085721.348570
0.545341,1.884000,3085723.232570
0.546486,1.909000,3085725.141570
0.547631,1.932000,3085727.073570
0.548776,1.953000,3085729.026570
0.549922,1.972000,3085730.998570
0.551068,1.989000,3085732.987570
0.552213,2.005000,3085734.992570
0.553360,2.018000,3085737.010570
0.554506,2.029000,3085739.039570
0.555652,2.038000,3085741.077570
0.556799,2.045000,3085743.122570
0.557946,2.051000,3085745.173570
0.559093,2.054000,3085747.227570
0.560240,2.056000,3085749.283570
0.561388,2.055000,3085751.338570
0.562536,2.053000,3085753.391570
0.563684,2.049000,3085755.440570
0.564832,2.043000,3085757.483570
0.565980,2.035000,3085759.518570
0.567129,2.026000,3085761.544570
0.568278,2.015000,3085763.559570
0.569427,2.002000,3085765.561570
0.570576,1.988000,3085767.549570
0.571725,1.972000,3085769.521570
0.572875,1.955000,3085771.476570
0.574025,1.936000,3085773.412570
0.575175,1.916000,3085775.328570
0.576325,1.894000,3085777.222570
0.577475,1.871000,3085779.093570
0.578626,1.848000,3085780.941570
0.579777,1.822000,3085782.763570
0.580928,1.796000,3085784.559570
0.582080,1.769000,3085786.328570
0.583231,1.741000,3085788.069570
0.584383,1.711000,3085789.780570
0.585535,1.681000,3085791.461570
0.586687,1.650000,3085793.111570
0.587840,1.619000,3085794.730570
0.588992,1.586000,3085796.316570
0.590145,1.554000,3085797.870570
0.591298,1.520000,3085799.390570
0.592452,1.486000,3085800.876570
0.593605,1.451000,3085802.327570
0.594759,1.417000,3085803.744570
0.595913,1.381000,3085805.125570
0.597067,1.346000,3085806.471570
0.598222,1.310000,3085807.781570
0.599376,1.274000,3085809.055570
0.600531,1.238000,3085810.293570
0.601686,1.202000,3085811.495570
0.602842,1.166000,3085812.661570
0.603997,1.129000,3085813.790570
0.605153,1.093000,3085814.883570
0.606309,1.057000,3085815.940570
0.607466,1.022000,3085816.962570
0.608622,0.986000,3085817.948570
0.609779,0.950700,3085818.899270
0.610936,0.915700,3085819.814970
0.612093,0.881000,3085820.695970
0.613251,0.846700,3085821.542670
0.614408,0.812900,3085822.355570
0.615566,0.779500,3085823.135070
0.616724,0.746500,3085823.881570
0.617883,0.714100,3085824.595670
0.619041,0.682300,3085825.277970
0.620200,0.651000,3085825.928970
0.621359,0.620300,3085826.549270
0.622519,0.590300,3085827.139570
0.623678,0.560900,3085827.700470
0.624838,0.532200,3085828.232670
0.625998,0.504200,3085828.736870
0.627159,0.477000,3085829.213870
0.628319,0.450400,3085829.664270
0.629480,0.424600,3085830.088870
0.630641,0.399600,3085830.488470
0.631803,0.375400,3085830.863870
0.632964,0.351900,3085831.215770
0.634126,0.329300,3085831.545070
0.635288,0.307500,3085831.852570
0.636450,0.286400,3085832.138970
0.637613,0.266200,3085832.405170
0.638776,0.246900,3085832.652070
0.639939,0.228300,3085832.880370
0.641102,0.210600,3085833.090970
0.642266,0.193700,3085833.284670
0.643429,0.177600,3085833.462270
0.644593,0.162400,3085833.624670
0.645758,0.147900,3085833.772570
0.646922,0.134300,3085833.906870
0.648087,0.121500,3085834.028370
0.649252,0.109400,3085834.137770
0.650418,0.098170,3085834.235940
0.651583,0.087700,3085834.323640
0.652749,0.078000,3085834.401640
0.653915,0.069040,3085834.470680
0.655082,0.060830,3085834.531510
0.656248,0.053350,3085834.584860
0.657415,0.046570,3085834.631430
0.658582,0.040500,3085834.671930
0.659750,0.035100,3085834.707030
0.660918,0.030370,3085834.737400
0.662086,0.026290,3085834.763690
0.663254,0.022840,3085834.786530
0.664422,0.020000,3085834.806530
0.665591,0.017750,3085834.824280
0.666760,0.016070,3085834.840350
0.667929,0.014950,3085834.855300
0.669099,0.014370,3085834.869670
0.670269,0.014300,3085834.883970
0.671439,0.014720,3085834.898690
0.672609,0.015620,3085834.914310
0.673780,0.016970,3085834.931280
0.674951,0.018750,3085834.950030
0.676122,0.020940,3085834.970970
0.677294,0.023530,3085834.994500
0.678465,0.026480,3085835.020980
0.679637,0.029790,3085835.050770
0.680810,0.033420,3085835.084190
0.681982,0.037350,3085835.121540
0.683155,0.041580,3085835.163120
0.684328,0.046070,3085835.209190
0.685502,0.050800,3085835.259990
0.686675,0.055770,3085835.315760
0.687849,0.060930,3085835.376690
0.689024,0.066290,3085835.442980
0.690198,0.071810,3085835.514790
0.691373,0.077480,3085835.592270
0.692548,0.083280,3085835.675550
0.693724,0.089200,3085835.764750
0.694899,0.095200,3085835.859950
0.696075,0.101300,3085835.961250
0.697252,0.107400,3085836.068650
0.698428,0.113600,3085836.182250
0.699605,0.119800,3085836.302050
0.700782,0.126100,3085836.428150
0.701960,0.132300,3085836.560450
0.703137,0.138500,3085836.698950
0.704315,0.144700,3085836.843650
0.705494,0.150800,3085836.994450
0.706672,0.156900,3085837.151350
0.707851,0.162900,3085837.314250
0.709031,0.168800,3085837.483050
0.710210,0.174600,3085837.657650
0.711390,0.180300,3085837.837950
0.712570,0.185900,3085838.023850
0.713750,0.191400,3085838.215250
0.714931,0.196800,3085838.412050
0.716112,0.202000,3085838.614050
0.717293,0.207000,3085838.821050
0.718475,0.211900,3085839.032950
0.719657,0.216600,3085839.249550
0.720839,0.221200,3085839.470750
0.722022,0.225600,3085839.696350
0.723205,0.229700,3085839.926050
0.724388,0.233700,3085840.159750
0.725571,0.237500,3085840.397250
0.726755,0.241200,3085840.638450
0.727939,0.244600,3085840.883050
0.729124,0.247800,3085841.130850
0.730308,0.250700,3085841.381550
0.731493,0.253500,3085841.635050
0.732679,0.256100,3085841.891150
0.733864,0.258400,3085842.149550
0.735050,0.260600,3085842.410150
0.736236,0.262500,3085842.672650
0.737423,0.264200,3085842.936850
0.738610,0.265700,3085843.202550
0.739797,0.267000,3085843.469550
0.740985,0.268000,3085843.737550
0.742173,0.268900,3085844.006450
0.743361,0.269500,3085844.275950
0.744549,0.270000,3085844.545950
0.745738,0.270200,3085844.816150
0.746927,0.270200,3085845.086350
0.748117,0.270000,3085845.356350
0.749307,0.269700,3085845.626050
0.750497,0.269100,3085845.895150
0.751687,0.268300,3085846.163450
0.752878,0.267400,3085846.430850
0.754069,0.266200,3085846.697050
0.755261,0.264900,3085846.961950
0.756453,0.263400,3085847.225350
0.757645,0.261800,3085847.487150
0.758837,0.259900,3085847.747050
0.760030,0.258000,3085848.005050
0.761223,0.255800,3085848.260850
0.762417,0.253500,3085848.514350
0.763611,0.251100,3085848.765450
0.764805,0.248500,3085849.013950
0.765999,0.245800,3085849.259750
0.767194,0.243000,3085849.502750
0.768389,0.240000,3085849.742750
0.769585,0.236900,3085849.979650
0.770781,0.233700,3085850.213350
0.771977,0.230400,3085850.443750
0.773173,0.227000,3085850.670750
0.774370,0.223500,3085850.894250
0.775568,0.219900,3085851.114150
0.776765,0.216200,3085851.330350
0.777963,0.212500,3085851.542850
0.779161,0.208700,3085851.751550
0.780360,0.204800,3085851.956350
0.781559,0.200800,3085852.157150
0.782759,0.196800,3085852.353950
0.783958,0.192800,3085852.546750
0.785158,0.188700,3085852.735450
0.786359,0.184600,3085852.920050
0.787560,0.180400,3085853.100450
0.788761,0.176200,3085853.276650
0.789962,0.172000,3085853.448650
0.791164,0.167800,3085853.616450
0.792366,0.163500,3085853.779950
0.793569,0.159300,3085853.939250
0.794772,0.155000,3085854.094250
0.795975,0.150800,3085854.245050
0.797179,0.146500,3085854.391550
0.798383,0.142300,3085854.533850
0.799587,0.138100,3085854.671950
0.800792,0.133900,3085854.805850
0.801997,0.129800,3085854.935650
0.803203,0.125600,3085855.061250
0.804409,0.121500,3085855.182750
0.805615,0.117500,3085855.300250
0.806822,0.113500,3085855.413750
0.808029,0.109500,3085855.523250
0.809236,0.105600,3085855.628850
0.810444,0.101700,3085855.730550
0.811652,0.097880,3085855.828430
0.812861,0.094120,3085855.922550
0.814070,0.090420,3085856.012970
0.815279,0.086790,3085856.099760
0.816489,0.083230,3085856.182990
0.817699,0.079730,3085856.262720
0.818909,0.076300,3085856.339020
0.820120,0.072950,3085856.411970
0.821331,0.069680,3085856.481650
0.822543,0.066480,3085856.548130
0.823755,0.063360,3085856.611490
0.824967,0.060320,3085856.671810
0.826180,0.057370,3085856.729180
0.827393,0.054500,3085856.783680
0.828607,0.051720,3085856.835400
0.829821,0.049020,3085856.884420
0.831035,0.046410,3085856.930830
0.832250,0.043880,3085856.974710
0.833465,0.041450,3085857.016160
0.834681,0.039100,3085857.055260
0.835897,0.036850,3085857.092110
0.837113,0.034680,3085857.126790
0.838330,0.032600,3085857.159390
0.839547,0.030620,3085857.190010
0.840765,0.028720,3085857.218730
0.841983,0.026920,3085857.245650
0.843201,0.025200,3085857.270850
0.844420,0.023580,3085857.294430
0.845639,0.022040,3085857.316470
0.846859,0.020590,3085857.337060
0.848079,0.019220,3085857.356280
0.849300,0.017950,3085857.374230
0.850520,0.016760,3085857.390990
0.851742,0.015650,3085857.406640
0.852963,0.014620,3085857.421260
0.854186,0.013680,3085857.434940
0.855408,0.012820,3085857.447760
0.856631,0.012040,3085857.459800
0.857855,0.011340,3085857.471140
0.859078,0.010710,3085857.481850
0.860303,0.010160,3085857.492010
0.861527,0.009675,3085857.501685
0.862752,0.009266,3085857.510951
0.863978,0.008926,3085857.519877
0.865204,0.008654,3085857.528531
0.866430,0.008448,3085857.536979
0.867657,0.008306,3085857.545285
0.868884,0.008225,3085857.553510
0.870112,0.008204,3085857.561714
0.871340,0.008240,3085857.569954
0.872569,0.008332,3085857.578286
0.873798,0.008478,3085857.586764
0.875027,0.008675,3085857.595439
0.876257,0.008921,3085857.604360
0.877487,0.009213,3085857.613573
0.878718,0.009551,3085857.623124
0.879949,0.009930,3085857.633054
0.881181,0.010350,3085857.643404
0.882413,0.010810,3085857.654214
0.883646,0.011300,3085857.665514
0.884879,0.011830,3085857.677344
0.886112,0.012390,3085857.689734
0.887346,0.012980,3085857.702714
0.888580,0.013590,3085857.716304
0.889815,0.014230,3085857.730534
0.891051,0.014890,3085857.745424
0.892286,0.015580,3085857.761004
0.893522,0.016280,3085857.777284
0.894759,0.017000,3085857.794284
0.895996,0.017730,3085857.812014
0.897234,0.018470,3085857.830484
0.898472,0.019230,3085857.849714
0.899710,0.019990,3085857.869704
0.900949,0.020760,3085857.890464
0.902189,0.021540,3085857.912004
0.903429,0.022310,3085857.934314
0.904669,0.023090,3085857.957404
0.905910,0.023870,3085857.981274
0.907151,0.024650,3085858.005924
0.908393,0.025420,3085858.031344
0.909635,0.026190,3085858.057534
0.910878,0.026950,3085858.084484
0.912121,0.027700,3085858.112184
0.913365,0.028440,3085858.140624
0.914609,0.029170,3085858.169794
0.915854,0.029890,3085858.199684
0.917099,0.030590,3085858.230274
0.918345,0.031280,3085858.261554
0.919591,0.031950,3085858.293504
0.920838,0.032610,3085858.326114
0.922085,0.033250,3085858.359364
0.923332,0.033870,3085858.393234
0.924580,0.034470,3085858.427704
0.925829,0.035040,3085858.462744
0.927078,0.035600,3085858.498344
0.928328,0.036140,3085858.534484
0.929578,0.036650,3085858.571134
0.930828,0.037140,3085858.608274
0.932079,0.037600,3085858.645874
0.933331,0.038040,3085858.683914
0.934583,0.038460,3085858.722374
0.935836,0.038850,3085858.761224
0.937089,0.039210,3085858.800434
0.938343,0.039550,3085858.839984
0.939597,0.039860,3085858.879844
0.940851,0.040150,3085858.919994
0.942107,0.040410,3085858.960404
0.943362,0.040640,3085859.001044
0.944618,0.040850,3085859.041894
0.945875,0.041030,3085859.082924
0.947132,0.041180,3085859.124104
0.948390,0.041310,3085859.165414
0.949649,0.041410,3085859.206824
0.950907,0.041480,3085859.248304
0.952167,0.041530,3085859.289834
0.953427,0.041550,3085859.331384
0.954687,0.041550,3085859.372934
0.955948,0.041520,3085859.414454
0.957209,0.041470,3085859.455924
0.958471,0.041390,3085859.497314
0.959734,0.041290,3085859.538604
0.960997,0.041160,3085859.579764
0.962261,0.041010,3085859.620774
0.963525,0.040840,3085859.661614
0.964789,0.040650,3085859.702264
0.966055,0.040430,3085859.742694
0.967320,0.040200,3085859.782894
0.968587,0.039940,3085859.822834
0.969854,0.039660,3085859.862494
0.971121,0.039370,3085859.901864
0.972389,0.039050,3085859.940914
0.973658,0.038720,3085859.979634
0.974927,0.038370,3085860.018004
0.976196,0.038000,3085860.056004
0.977467,0.037620,3085860.093624
0.978737,0.037220,3085860.130844
0.980009,0.036800,3085860.167644
0.981281,0.036370,3085860.204014
0.982553,0.035930,3085860.239944
0.983826,0.035470,3085860.275414
0.985100,0.035010,3085860.310424
0.986374,0.034530,3085860.344954
0.987649,0.034030,3085860.378984
0.988924,0.033530,3085860.412514
0.990200,0.033020,3085860.445534
0.991476,0.032500,3085860.478034
0.992753,0.031970,3085860.510004
0.994031,0.031440,3085860.541444
0.995309,0.030900,3085860.572344
0.996588,0.030350,3085860.602694
0.997867,0.029790,3085860.632484
0.999147,0.029230,3085860.661714
1.000428,0.028670,3085860.690384
1.001709,0.028100,3085860.718484
1.002991,0.027530,3085860.746014
1.004273,0.026950,3085860.772964
1.005556,0.026380,3085860.799344
1.006839,0.025800,3085860.825144
1.008124,0.025220,3085860.850364
1.009408,0.024640,3085860.875004
1.010694,0.024060,3085860.899064
1.011980,0.023490,3085860.922554
1.013266,0.022910,3085860.945464
1.014553,0.022340,3085860.967804
1.015841,0.021760,3085860.989564
1.017129,0.021190,3085861.010754
1.018418,0.020630,3085861.031384
1.019708,0.020060,3085861.051444
1.020998,0.019510,3085861.070954
1.022289,0.018950,3085861.089904
1.023580,0.018400,3085861.108304
1.024873,0.017860,3085861.126164
1.026165,0.017320,3085861.143484
1.027459,0.016790,3085861.160274
1.028753,0.016270,3085861.176544
1.030047,0.015750,3085861.192294
1.031342,0.015240,3085861.207534
1.032638,0.014730,3085861.222264
1.033935,0.014240,3085861.236504
1.035232,0.013750,3085861.250254
1.036530,0.013270,3085861.263524
1.037828,0.012800,3085861.276324
1.039127,0.012340,3085861.288664
1.040427,0.011880,3085861.300544
1.041727,0.011440,3085861.311984
1.043028,0.011010,3085861.322994
1.044330,0.010580,3085861.333574
1.045632,0.010170,3085861.343744
1.046935,0.009765,3085861.353509
1.048239,0.009371,3085861.362880
1.049543,0.008987,3085861.371867
1.050848,0.008613,3085861.380480
1.052154,0.008251,3085861.388731
1.053460,0.007898,3085861.396629
1.054767,0.007557,3085861.404186
1.056075,0.007226,3085861.411412
1.057383,0.006907,3085861.418319
1.058692,0.006598,3085861.424917
1.060002,0.006300,3085861.431217
1.061312,0.006013,3085861.437230
1.062623,0.005737,3085861.442967
1.063935,0.005472,3085861.448439
1.065247,0.005218,3085861.453657
1.066561,0.004975,3085861.458632
1.067874,0.004743,3085861.463375
1.069189,0.004522,3085861.467897
1.070504,0.004312,3085861.472209
1.071820,0.004112,3085861.476321
1.073136,0.003923,3085861.480244
1.074454,0.003745,3085861.483989
1.075772,0.003577,3085861.487566
1.077090,0.003420,3085861.490986
1.078410,0.003273,3085861.494259
1.079730,0.003136,3085861.497395
1.081051,0.003009,3085861.500404
1.082372,0.002892,3085861.503296
1.083694,0.002785,3085861.506081
1.085017,0.002687,3085861.508768
1.086341,0.002599,3085861.511367
1.087665,0.002520,3085861.513887
1.088991,0.002451,3085861.516338
1.090316,0.002390,3085861.518728
1.091643,0.002338,3085861.521066
1.092970,0.002294,3085861.523360
1.094298,0.002259,3085861.525619
1.095627,0.002232,3085861.527851
1.096957,0.002213,3085861.530064
1.098287,0.002201,3085861.532265
1.099618,0.002197,3085861.534462
1.100950,0.002201,3085861.536663
1.102282,0.002211,3085861.538874
1.103615,0.002228,3085861.541102
1.104949,0.002251,3085861.543353
1.106284,0.002281,3085861.545634
1.107620,0.002316,3085861.547950
1.108956,0.002358,3085861.550308
1.110293,0.002405,3085861.552713
1.111631,0.002457,3085861.555170
1.112969,0.002514,3085861.557684
1.114309,0.002576,3085861.560260
1.115649,0.002643,3085861.562903
1.116989,0.002713,3085861.565616
1.118331,0.002788,3085861.568404
1.119674,0.002866,3085861.571270
1.121017,0.002948,3085861.574218
1.122361,0.003033,3085861.577251
1.123706,0.003120,3085861.580371
1.125051,0.003211,3085861.583582
1.126397,0.003304,3085861.586886
1.127745,0.003399,3085861.590285
1.129093,0.003495,3085861.593780
1.130441,0.003594,3085861.597374
1.131791,0.003694,3085861.601068
1.133141,0.003795,3085861.604863
1.134492,0.003897,3085861.608760
1.135844,0.003999,3085861.612759
1.137197,0.004103,3085861.616862
1.138551,0.004206,3085861.621068
1.139905,0.004309,3085861.625377
1.141260,0.004413,3085861.629790
1.142616,0.004515,3085861.634305
1.143973,0.004618,3085861.638923
1.145331,0.004719,3085861.643642
1.146690,0.004819,3085861.648461
1.148049,0.004918,3085861.653379
1.149409,0.005016,3085861.658395
1.150770,0.005113,3085861.663508
1.152132,0.005207,3085861.668715
1.153495,0.005300,3085861.674015
1.154858,0.005391,3085861.679406
1.156223,0.005480,3085861.684886
1.157588,0.005566,3085861.690452
1.158954,0.005650,3085861.696102
1.160321,0.005731,3085861.701833
1.161689,0.005810,3085861.707643
1.163058,0.005886,3085861.713529
1.164427,0.005959,3085861.719488
1.165798,0.006030,3085861.725518
1.167169,0.006097,3085861.731615
1.168541,0.006161,3085861.737776
1.169914,0.006222,3085861.743998
1.171288,0.006280,3085861.750278
1.172663,0.006335,3085861.756613
1.174039,0.006386,3085861.762999
1.175415,0.006434,3085861.769433
1.176793,0.006478,3085861.775911
1.178171,0.006519,3085861.782430
1.179550,0.006557,3085861.788987
1.180930,0.006591,3085861.795578
1.182311,0.006622,3085861.802200
1.183693,0.006649,3085861.808849
1.185076,0.006673,3085861.815522
1.186460,0.006693,3085861.822215
1.187845,0.006710,3085861.828925
1.189230,0.006723,3085861.835648
1.190617,0.006733,3085861.842381
1.192004,0.006740,3085861.849121
1.193393,0.006743,3085861.855864
1.194782,0.006744,3085861.862608
1.196172,0.006740,3085861.869348
1.197563,0.006734,3085861.876082
1.198956,0.006725,3085861.882807
1.200349,0.006712,3085861.889519
1.201743,0.006696,3085861.896215
1.203138,0.006678,3085861.902893
1.204533,0.006656,3085861.909549
1.205930,0.006632,3085861.916181
1.207328,0.006604,3085861.922785
1.208727,0.006574,3085861.929359
1.210127,0.006542,3085861.935901
1.211527,0.006507,3085861.942408
1.212929,0.006469,3085861.948877
1.214332,0.006429,3085861.955306
1.215735,0.006386,3085861.961692
1.217140,0.006342,3085861.968034
1.218545,0.006295,3085861.974329
1.219952,0.006246,3085861.980575
1.221359,0.006194,3085861.986769
1.222768,0.006141,3085861.992910
1.224177,0.006086,3085861.998996
1.225588,0.006029,3085862.005025
1.226999,0.005971,3085862.010996
1.228412,0.005910,3085862.016906
1.229825,0.005849,3085862.022755
1.231240,0.005785,3085862.028540
1.232656,0.005720,3085862.034260
1.234072,0.005654,3085862.039914
1.235490,0.005587,3085862.045501
1.236908,0.005518,3085862.051019
1.238328,0.005448,3085862.056467
1.239749,0.005377,3085862.061844
1.241170,0.005305,3085862.067149
1.242593,0.005233,3085862.072382
1.244017,0.005159,3085862.077541
1.245442,0.005084,3085862.082625
1.246868,0.005009,3085862.087634
1.248295,0.004933,3085862.092567
1.249723,0.004857,3085862.097424
1.251152,0.004780,3085862.102204
1.252582,0.004702,3085862.106906
1.254013,0.004624,3085862.111530
1.255445,0.004545,3085862.116075
1.256879,0.004467,3085862.120542
1.258313,0.004388,3085862.124930
1.259748,0.004309,3085862.129239
1.261185,0.004229,3085862.133468
1.262623,0.004150,3085862.137618
1.264061,0.004070,3085862.141688
1.265501,0.003991,3085862.145679
1.266942,0.003911,3085862.149590
1.268384,0.003832,3085862.153422
1.269827,0.003753,3085862.157175
1.271272,0.003674,3085862.160849
1.272717,0.003595,3085862.164444
1.274163,0.003516,3085862.167960
1.275611,0.003438,3085862.171398
1.277060,0.003360,3085862.174758
1.278510,0.003283,3085862.178041
1.279961,0.003206,3085862.181247
1.281413,0.003129,3085862.184376
1.282866,0.003053,3085862.187429
1.284320,0.002977,3085862.190406
1.285776,0.002903,3085862.193309
1.287233,0.002828,3085862.196137
1.288691,0.002755,3085862.198892
1.290150,0.002682,3085862.201574
1.291610,0.002610,3085862.204184
1.293071,0.002538,3085862.206722
1.294534,0.002468,3085862.209190
1.295997,0.002398,3085862.211588
1.297462,0.002329,3085862.213917
1.298928,0.002261,3085862.216178
1.300396,0.002194,3085862.218372
1.301864,0.002127,3085862.220499
1.303334,0.002062,3085862.222561
1.304805,0.001998,3085862.224559
1.306277,0.001935,3085862.226494
1.307750,0.001873,3085862.228367
1.309224,0.001812,3085862.230179
1.310700,0.001752,3085862.231931
1.312177,0.001693,3085862.233624
1.313655,0.001636,3085862.235260
1.315134,0.001580,3085862.236840
1.316615,0.001524,3085862.238364
1.318097,0.001471,3085862.239835
1.319580,0.001418,3085862.241253
1.321064,0.001367,3085862.242620
1.322550,0.001317,3085862.243937
1.324037,0.001268,3085862.245205
1.325525,0.001221,3085862.246426
1.327014,0.001175,3085862.247601
1.328505,0.001130,3085862.248731
1.329997,0.001087,3085862.249818
1.331490,0.001045,3085862.250863
1.332984,0.001005,3085862.251868
1.334480,0.000966,3085862.252834
1.335977,0.000928,3085862.253762
1.337475,0.000892,3085862.254655
1.338975,0.000858,3085862.255513
1.340476,0.000825,3085862.256338
1.341978,0.000793,3085862.257131
1.343482,0.000763,3085862.257895
1.344986,0.000735,3085862.258629
1.346493,0.000708,3085862.259337
1.348000,0.000682,3085862.260019
1.349509,0.000658,3085862.260677
1.351019,0.000636,3085862.261313
1.352531,0.000615,3085862.261928
1.354043,0.000595,3085862.262523
1.355558,0.000577,3085862.263100
1.357073,0.000560,3085862.263660
1.358590,0.000545,3085862.264205
1.360108,0.000532,3085862.264737
1.361628,0.000519,3085862.265256
1.363149,0.000508,3085862.265764
1.364671,0.000499,3085862.266264
1.366195,0.000491,3085862.266755
1.367720,0.000485,3085862.267239
1.369247,0.000479,3085862.267719
1.370775,0.000475,3085862.268194
1.372304,0.000473,3085862.268667
1.373835,0.000472,3085862.269138
1.375367,0.000471,3085862.269610
1.376901,0.000472,3085862.270082
1.378436,0.000475,3085862.270557
1.379972,0.000478,3085862.271036
1.381510,0.000483,3085862.271518
1.383049,0.000489,3085862.272007
1.384590,0.000495,3085862.272502
1.386132,0.000503,3085862.273006
1.387676,0.000512,3085862.273517
1.389221,0.000521,3085862.274039
1.390768,0.000532,3085862.274571
1.392316,0.000543,3085862.275114
1.393865,0.000555,3085862.275669
1.395416,0.000568,3085862.276238
1.396969,0.000582,3085862.276820
1.398522,0.000596,3085862.277416
1.400078,0.000611,3085862.278027
1.401635,0.000626,3085862.278653
1.403193,0.000642,3085862.279295
1.404753,0.000659,3085862.279954
1.406315,0.000675,3085862.280629
1.407878,0.000693,3085862.281322
1.409442,0.000710,3085862.282032
1.411008,0.000728,3085862.282760
1.412576,0.000746,3085862.283505
1.414145,0.000764,3085862.284269
1.415716,0.000782,3085862.285051
1.417288,0.000800,3085862.285851
1.418862,0.000818,3085862.286669
1.420437,0.000837,3085862.287506
1.422014,0.000855,3085862.288361
1.423593,0.000873,3085862.289234
1.425173,0.000891,3085862.290125
1.426755,0.000909,3085862.291033
1.428338,0.000926,3085862.291959
1.429923,0.000943,3085862.292902
1.431509,0.000960,3085862.293862
1.433097,0.000977,3085862.294839
1.434687,0.000993,3085862.295832
1.436278,0.001008,3085862.296840
1.437871,0.001024,3085862.297864
1.439466,0.001039,3085862.298903
1.441062,0.001053,3085862.299956
1.442660,0.001067,3085862.301023
1.444260,0.001080,3085862.302103
1.445861,0.001093,3085862.303196
1.447464,0.001105,3085862.304301
1.449068,0.001116,3085862.305417
1.450675,0.001127,3085862.306544
1.452282,0.001137,3085862.307681
1.453892,0.001147,3085862.308828
1.455503,0.001156,3085862.309984
1.457116,0.001164,3085862.311148
1.458731,0.001172,3085862.312320
1.460347,0.001179,3085862.313499
1.461966,0.001185,3085862.314684
1.463585,0.001191,3085862.315875
1.465207,0.001196,3085862.317071
1.466830,0.001200,3085862.318271
1.468455,0.001204,3085862.319475
1.470082,0.001207,3085862.320682
1.471711,0.001210,3085862.321892
1.473341,0.001211,3085862.323103
1.474973,0.001213,3085862.324316
1.476607,0.001213,3085862.325529
1.478243,0.001214,3085862.326743
1.479880,0.001213,3085862.327956
1.481519,0.001212,3085862.329168
1.483161,0.001211,3085862.330379
1.484803,0.001209,3085862.331588
1.486448,0.001206,3085862.332794
1.488095,0.001203,3085862.333997
1.489743,0.001200,3085862.335197
1.491393,0.001196,3085862.336393
1.493045,0.001192,3085862.337585
1.494699,0.001187,3085862.338772
1.496355,0.001183,3085862.339955
1.498012,0.001177,3085862.341132
1.499672,0.001172,3085862.342304
1.501333,0.001166,3085862.343470
1.502996,0.001160,3085862.344630
1.504661,0.001153,3085862.345783
1.506328,0.001146,3085862.346929
1.507997,0.001139,3085862.348068
1.509668,0.001132,3085862.349200
1.511341,0.001125,3085862.350325
1.513016,0.001117,3085862.351442
1.514692,0.001110,3085862.352552
1.516371,0.001102,3085862.353654
1.518051,0.001094,3085862.354748
1.519734,0.001086,3085862.355834
1.521418,0.001077,3085862.356911
1.523105,0.001069,3085862.357980
1.524793,0.001061,3085862.359041
1.526483,0.001052,3085862.360093
1.528176,0.001043,3085862.361136
1.529870,0.001035,3085862.362171
1.531567,0.001026,3085862.363197
1.533265,0.001017,3085862.364214
1.534965,0.001008,3085862.365222
1.536668,0.000999,3085862.366221
1.538372,0.000990,3085862.367211
1.540079,0.000981,3085862.368192
1.541787,0.000972,3085862.369164
1.543498,0.000963,3085862.370127
1.545211,0.000954,3085862.371081
1.546925,0.000944,3085862.372025
1.548642,0.000935,3085862.372960
1.550361,0.000925,3085862.373885
1.552082,0.000916,3085862.374801
1.553805,0.000907,3085862.375708
1.555531,0.000897,3085862.376605
1.557258,0.000887,3085862.377492
1.558988,0.000878,3085862.378370
1.560719,0.000868,3085862.379238
1.562453,0.000858,3085862.380096
1.564189,0.000848,3085862.380944
1.565927,0.000838,3085862.381781
1.567668,0.000828,3085862.382609
1.569410,0.000817,3085862.383427
1.571155,0.000807,3085862.384234
1.572902,0.000797,3085862.385031
1.574651,0.000786,3085862.385817
1.576402,0.000776,3085862.386593
1.578156,0.000765,3085862.387358
1.579911,0.000754,3085862.388112
1.581669,0.000743,3085862.388855
1.583430,0.000732,3085862.389587
1.585192,0.000721,3085862.390308
1.586957,0.000710,3085862.391018
1.588724,0.000698,3085862.391716
1.590493,0.000687,3085862.392403
1.592265,0.000675,3085862.393078
1.594039,0.000664,3085862.393742
1.595815,0.000652,3085862.394394
1.597593,0.000640,3085862.395034
1.599374,0.000628,3085862.395662
1.601157,0.000616,3085862.396279
1.602943,0.000604,3085862.396883
1.604731,0.000592,3085862.397475
1.606521,0.000580,3085862.398054
1.608314,0.000567,3085862.398622
1.610109,0.000555,3085862.399177
1.611906,0.000543,3085862.399720
1.613706,0.000530,3085862.400250
1.615508,0.000518,3085862.400768
1.617313,0.000505,3085862.401274
1.619120,0.000493,3085862.401767
1.620929,0.000481,3085862.402247
1.622741,0.000468,3085862.402716
1.624555,0.000456,3085862.403172
1.626372,0.000444,3085862.403615
1.628191,0.000431,3085862.404046
1.630013,0.000419,3085862.404465
1.631837,0.000407,3085862.404872
1.633664,0.000395,3085862.405267
1.635494,0.000383,3085862.405650
1.637325,0.000371,3085862.406021
1.639160,0.000359,3085862.406380
1.640996,0.000348,3085862.406728
1.642836,0.000336,3085862.407064
1.644678,0.000325,3085862.407388
1.646522,0.000314,3085862.407702
1.648369,0.000303,3085862.408005
1.650219,0.000292,3085862.408296
1.652071,0.000281,3085862.408577
1.653926,0.000271,3085862.408848
1.655784,0.000260,3085862.409109
1.657644,0.000251,3085862.409359
1.659507,0.000241,3085862.409600
1.661372,0.000231,3085862.409831
1.663240,0.000222,3085862.410053
1.665111,0.000213,3085862.410267
1.666985,0.000204,3085862.410471
1.668861,0.000196,3085862.410667
1.670739,0.000188,3085862.410855
1.672621,0.000180,3085862.411035
1.674505,0.000172,3085862.411207
1.676392,0.000165,3085862.411373
1.678282,0.000158,3085862.411531
1.680174,0.000152,3085862.411683
1.682070,0.000145,3085862.411828
1.683968,0.000139,3085862.411967
1.685869,0.000134,3085862.412101
1.687772,0.000128,3085862.412229
1.689679,0.000123,3085862.412353
1.691588,0.000119,3085862.412472
1.693500,0.000114,3085862.412586
1.695415,0.000110,3085862.412696
1.697332,0.000107,3085862.412803
1.699253,0.000103,3085862.412906
1.701176,0.000100,3085862.413006
1.703103,0.000097,3085862.413103
1.705032,0.000095,3085862.413198
1.706964,0.000093,3085862.413291
1.708899,0.000091,3085862.413382
1.710837,0.000089,3085862.413471
1.712778,0.000088,3085862.413559
1.714722,0.000087,3085862.413647
1.716669,0.000087,3085862.413733
1.718619,0.000086,3085862.413820
1.720571,0.000086,3085862.413906
1.722527,0.000086,3085862.413992
1.724486,0.000087,3085862.414078
1.726448,0.000087,3085862.414166
1.728413,0.000088,3085862.414254
1.730380,0.000089,3085862.414343
1.732351,0.000090,3085862.414433
1.734325,0.000092,3085862.414525
1.736302,0.000094,3085862.414619
1.738283,0.000095,3085862.414714
1.740266,0.000097,3085862.414811
1.742252,0.000099,3085862.414911
1.744242,0.000102,3085862.415012
1.746234,0.000104,3085862.415116
1.748230,0.000107,3085862.415223
1.750229,0.000109,3085862.415332
1.752231,0.000112,3085862.415444
1.754237,0.000115,3085862.415559
1.756245,0.000118,3085862.415677
1.758257,0.000121,3085862.415797
1.760272,0.000123,3085862.415921
1.762290,0.000126,3085862.416047
1.764311,0.000129,3085862.416176
1.766336,0.000132,3085862.416309
1.768364,0.000135,3085862.416444
1.770395,0.000138,3085862.416583
1.772430,0.000141,3085862.416724
1.774468,0.000144,3085862.416868
1.776509,0.000147,3085862.417015
1.778553,0.000150,3085862.417166
1.780601,0.000153,3085862.417318
1.782653,0.000156,3085862.417474
1.784707,0.000158,3085862.417633
1.786765,0.000161,3085862.417794
1.788827,0.000164,3085862.417957
1.790891,0.000166,3085862.418123
1.792960,0.000169,3085862.418292
1.795031,0.000171,3085862.418463
1.797106,0.000173,3085862.418636
1.799185,0.000175,3085862.418811
1.801267,0.000177,3085862.418988
1.803353,0.000179,3085862.419167
1.805442,0.000181,3085862.419348
1.807534,0.000183,3085862.419531
1.809631,0.000185,3085862.419716
1.811730,0.000186,3085862.419902
1.813833,0.000188,3085862.420090
1.815940,0.000189,3085862.420280
1.818051,0.000191,3085862.420471
1.820165,0.000192,3085862.420663
1.822282,0.000194,3085862.420857
1.824404,0.000195,3085862.421052
1.826529,0.000196,3085862.421248
1.828657,0.000198,3085862.421446
1.830789,0.000199,3085862.421645
1.832925,0.000200,3085862.421845
1.835065,0.000201,3085862.422046
1.837208,0.000202,3085862.422248
1.839355,0.000204,3085862.422452
1.841506,0.000205,3085862.422656
1.843661,0.000206,3085862.422862
1.845819,0.000207,3085862.423069
1.847981,0.000208,3085862.423278
1.850147,0.000210,3085862.423488
1.852317,0.000211,3085862.423699
1.854491,0.000212,3085862.423911
1.856668,0.000214,3085862.424125
1.858849,0.000216,3085862.424341
1.861035,0.000217,3085862.424558
1.863224,0.000219,3085862.424777
1.865417,0.000220,3085862.424997
1.867613,0.000222,3085862.425220
1.869814,0.000224,3085862.425444
1.872019,0.000226,3085862.425670
1.874228,0.000228,3085862.425898
1.876440,0.000230,3085862.426128
1.878657,0.000233,3085862.426361
1.880878,0.000235,3085862.426596
1.883102,0.000237,3085862.426833
1.885331,0.000240,3085862.427072
1.887564,0.000242,3085862.427314
1.889801,0.000245,3085862.427559
1.892042,0.000247,3085862.427806
1.894287,0.000250,3085862.428056
1.896536,0.000253,3085862.428309
1.898789,0.000255,3085862.428564
1.901047,0.000258,3085862.428822
1.903309,0.000261,3085862.429083
1.905574,0.000264,3085862.429346
1.907844,0.000266,3085862.429612
1.910118,0.000269,3085862.429881
1.912397,0.000272,3085862.430153
1.914680,0.000275,3085862.430428
1.916966,0.000277,3085862.430705
1.919258,0.000280,3085862.430985
1.921553,0.000282,3085862.431267
1.923853,0.000285,3085862.431552
1.926157,0.000287,3085862.431839
1.928465,0.000289,3085862.432128
1.930778,0.000291,3085862.432420
1.933095,0.000293,3085862.432713
1.935417,0.000295,3085862.433008
1.937743,0.000297,3085862.433305
1.940073,0.000298,3085862.433604
1.942408,0.000300,3085862.433904
1.944747,0.000301,3085862.434205
1.947091,0.000302,3085862.434507
1.949439,0.000303,3085862.434809
1.951791,0.000303,3085862.435113
1.954148,0.000304,3085862.435416
1.956510,0.000304,3085862.435720
1.958876,0.000304,3085862.436024
1.961247,0.000303,3085862.436327
1.963622,0.000303,3085862.436630
1.966002,0.000302,3085862.436932
1.968387,0.000301,3085862.437233
1.970776,0.000300,3085862.437532
1.973170,0.000298,3085862.437830
1.975568,0.000296,3085862.438126
1.977972,0.000294,3085862.438421
1.980379,0.000292,3085862.438712
1.982792,0.000289,3085862.439001
1.985209,0.000286,3085862.439288
1.987631,0.000283,3085862.439571
1.990058,0.000280,3085862.439851
1.992490,0.000277,3085862.440128
1.994926,0.000273,3085862.440401
1.997367,0.000269,3085862.440670
1.999813,0.000265,3085862.440935
2.002264,0.000261,3085862.441196
2.004720,0.000256,3085862.441452
2.007180,0.000252,3085862.441703
2.009646,0.000247,3085862.441950
2.012116,0.000242,3085862.442192
2.014591,0.000237,3085862.442429
2.017072,0.000232,3085862.442661
2.019557,0.000226,3085862.442887
2.022047,0.000221,3085862.443108
2.024542,0.000216,3085862.443324
2.027043,0.000210,3085862.443534
2.029548,0.000205,3085862.443739
2.032058,0.000199,3085862.443938
2.034573,0.000193,3085862.444131
2.037094,0.000188,3085862.444319
2.039619,0.000182,3085862.444501
2.042150,0.000176,3085862.444677
2.044686,0.000171,3085862.444848
2.047227,0.000165,3085862.445013
2.049773,0.000160,3085862.445173
2.052324,0.000154,3085862.445327
2.054881,0.000149,3085862.445476
2.057442,0.000144,3085862.445620
2.060009,0.000138,3085862.445758
2.062582,0.000133,3085862.445891
2.065159,0.000128,3085862.446020
2.067742,0.000123,3085862.446143
2.070330,0.000119,3085862.446262
2.072923,0.000114,3085862.446376
2.075522,0.000109,3085862.446485
2.078126,0.000105,3085862.446590
2.080736,0.000101,3085862.446691
2.083351,0.000097,3085862.446788
2.085971,0.000093,3085862.446880
2.088597,0.000089,3085862.446969
2.091228,0.000085,3085862.447055
2.093864,0.000082,3085862.447136
2.096506,0.000079,3085862.447215
2.099154,0.000075,3085862.447290
2.101807,0.000072,3085862.447363
2.104466,0.000069,3085862.447432
2.107130,0.000067,3085862.447499
2.109800,0.000064,3085862.447563
2.112475,0.000062,3085862.447625
2.115156,0.000059,3085862.447684
2.117842,0.000057,3085862.447742
2.120534,0.000055,3085862.447797
2.123232,0.000053,3085862.447850
2.125936,0.000052,3085862.447902
2.128645,0.000050,3085862.447952
2.131360,0.000048,3085862.448001
2.134080,0.000047,3085862.448048
2.136807,0.000046,3085862.448093
2.139539,0.000045,3085862.448138
2.142276,0.000043,3085862.448181
2.145020,0.000042,3085862.448224
2.147769,0.000041,3085862.448265
2.150525,0.000041,3085862.448306
2.153286,0.000040,3085862.448346
2.156053,0.000039,3085862.448385
2.158825,0.000038,3085862.448423
2.161604,0.000038,3085862.448461
2.164389,0.000037,3085862.448498
2.167179,0.000037,3085862.448534
2.169975,0.000036,3085862.448570
2.172778,0.000036,3085862.448606
2.175586,0.000035,3085862.448641
2.178400,0.000035,3085862.448676
2.181221,0.000034,3085862.448710
2.184047,0.000034,3085862.448744
2.186879,0.000034,3085862.448778
2.189718,0.000033,3085862.448811
2.192562,0.000033,3085862.448844
2.195412,0.000032,3085862.448876
2.198269,0.000032,3085862.448908
2.201132,0.000032,3085862.448940
2.204001,0.000031,3085862.448971
2.206876,0.000031,3085862.449002
2.209757,0.000030,3085862.449032
2.212644,0.000030,3085862.449062
2.215537,0.000030,3085862.449092
2.218437,0.000029,3085862.449121
2.221343,0.000029,3085862.449149
2.224255,0.000028,3085862.449177
2.227173,0.000027,3085862.449205
2.230098,0.000027,3085862.449232
2.233029,0.000026,3085862.449258
2.235966,0.000026,3085862.449284
2.238909,0.000025,3085862.449309
2.241859,0.000024,3085862.449333
2.244815,0.000024,3085862.449357
2.247777,0.000023,3085862.449380
2.250746,0.000022,3085862.449403
2.253721,0.000022,3085862.449424
2.256703,0.000021,3085862.449445
2.259691,0.000020,3085862.449465
2.262685,0.000019,3085862.449485
2.265686,0.000018,3085862.449503
2.268693,0.000018,3085862.449521
2.271707,0.000017,3085862.449538
2.274727,0.000016,3085862.449554
2.277753,0.000015,3085862.449569
2.280786,0.000014,3085862.449583
2.283826,0.000014,3085862.449597
2.286872,0.000013,3085862.449610
2.289925,0.000012,3085862.449621
2.292984,0.000011,3085862.449633
2.296050,0.000010,3085862.449643
2.299122,0.000010,3085862.449653
2.302201,0.000009,3085862.449662
2.305286,0.000008,3085862.449670
2.308378,0.000008,3085862.449678
2.311477,0.000007,3085862.449685
2.314582,0.000007,3085862.449692
2.317694,0.000006,3085862.449698
2.320812,0.000006,3085862.449704
2.323937,0.000006,3085862.449710
2.327069,0.000005,3085862.449715
2.330207,0.000005,3085862.449720
2.333352,0.000005,3085862.449725
2.336504,0.000005,3085862.449731
2.339663,0.000005,3085862.449736
2.342828,0.000006,3085862.449741
2.346000,0.000006,3085862.449747
2.349178,0.000006,3085862.449754
2.352364,0.000007,3085862.449761
2.355556,0.000008,3085862.449768
2.358755,0.000009,3085862.449777
2.361960,0.000010,3085862.449786
2.365173,0.000011,3085862.449797
2.368392,0.000012,3085862.449809
2.371618,0.000013,3085862.449822
2.374850,0.000015,3085862.449837
2.378090,0.000017,3085862.449854
2.381336,0.000018,3085862.449872
2.384589,0.000020,3085862.449893
2.387849,0.000023,3085862.449916
2.391116,0.000025,3085862.449941
2.394389,0.000027,3085862.449968
2.397670,0.000030,3085862.449998
2.400957,0.000033,3085862.450031
2.404251,0.000036,3085862.450067
2.407551,0.000039,3085862.450105
2.410859,0.000042,3085862.450147
2.414174,0.000045,3085862.450192
2.417495,0.000049,3085862.450241
2.420823,0.000052,3085862.450293
2.424158,0.000056,3085862.450349
2.427500,0.000059,3085862.450408
2.430849,0.000063,3085862.450471
2.434204,0.000067,3085862.450538
2.437567,0.000071,3085862.450609
2.440936,0.000075,3085862.450684
2.444312,0.000079,3085862.450763
2.447696,0.000083,3085862.450846
2.451085,0.000087,3085862.450933
2.454482,0.000091,3085862.451024
2.457886,0.000095,3085862.451119
2.461296,0.000099,3085862.451218
2.464714,0.000103,3085862.451320
2.468138,0.000107,3085862.451427
2.471569,0.000111,3085862.451538
2.475007,0.000114,3085862.451652
2.478452,0.000118,3085862.451770
2.481904,0.000121,3085862.451891
2.485362,0.000125,3085862.452016
2.488828,0.000128,3085862.452143
2.492300,0.000131,3085862.452274
2.495779,0.000134,3085862.452408
2.499265,0.000136,3085862.452544
2.502757,0.000139,3085862.452683
2.506257,0.000141,3085862.452824
2.509763,0.000143,3085862.452967
2.513276,0.000145,3085862.453112
2.516796,0.000146,3085862.453258
2.520323,0.000148,3085862.453406
2.523857,0.000149,3085862.453555
2.527397,0.000150,3085862.453704
2.530944,0.000150,3085862.453854
2.534498,0.000150,3085862.454005
2.538059,0.000150,3085862.454155
2.541626,0.000150,3085862.454305
2.545200,0.000150,3085862.454455
2.548781,0.000149,3085862.454604
2.552369,0.000148,3085862.454752
2.555963,0.000147,3085862.454898
2.559564,0.000145,3085862.455043
2.563171,0.000143,3085862.455187
2.566786,0.000141,3085862.455328
2.570407,0.000139,3085862.455467
2.574034,0.000137,3085862.455604
2.577669,0.000134,3085862.455738
2.581310,0.000131,3085862.455869
2.584957,0.000128,3085862.455998
2.588611,0.000125,3085862.456123
2.592272,0.000122,3085862.456245
2.595939,0.000119,3085862.456364
2.599613,0.000116,3085862.456480
2.603293,0.000112,3085862.456592
2.606980,0.000108,3085862.456700
2.610673,0.000105,3085862.456805
2.614373,0.000102,3085862.456907
2.618079,0.000098,3085862.457005
2.621791,0.000094,3085862.457099
2.625510,0.000091,3085862.457190
2.629236,0.000088,3085862.457278
2.632968,0.000084,3085862.457362
2.636706,0.000081,3085862.457443
2.640450,0.000078,3085862.457521
2.644201,0.000075,3085862.457597
2.647958,0.000073,3085862.457669
2.651721,0.000070,3085862.457739
2.655491,0.000068,3085862.457807
2.659267,0.000066,3085862.457872
2.663049,0.000064,3085862.457936
2.666837,0.000062,3085862.457998
2.670631,0.000061,3085862.458059
2.674431,0.000060,3085862.458119
2.678238,0.000059,3085862.458177
2.682050,0.000058,3085862.458236
2.685869,0.000058,3085862.458293
2.689693,0.000058,3085862.458351
2.693524,0.000058,3085862.458410
2.697360,0.000059,3085862.458469
2.701203,0.000060,3085862.458528
2.705051,0.000061,3085862.458589
2.708905,0.000062,3085862.458652
2.712765,0.000064,3085862.458716
2.716631,0.000066,3085862.458782
2.720502,0.000069,3085862.458851
2.724379,0.000071,3085862.458922
2.728262,0.000074,3085862.458996
2.732151,0.000077,3085862.459073
2.736045,0.000080,3085862.459153
2.739945,0.000083,3085862.459236
2.743850,0.000087,3085862.459323
2.747761,0.000091,3085862.459414
2.751677,0.000095,3085862.459508
2.755599,0.000099,3085862.459607
2.759526,0.000103,3085862.459710
2.763459,0.000107,3085862.459816
2.767397,0.000111,3085862.459927
2.771340,0.000115,3085862.460043
2.775288,0.000120,3085862.460162
2.779242,0.000124,3085862.460286
2.783200,0.000128,3085862.460414
2.787164,0.000132,3085862.460546
2.791133,0.000136,3085862.460682
2.795107,0.000140,3085862.460822
2.799086,0.000144,3085862.460966
2.803070,0.000148,3085862.461114
2.807059,0.000151,3085862.461265
2.811053,0.000155,3085862.461419
2.815052,0.000158,3085862.461577
2.819055,0.000161,3085862.461738
2.823063,0.000163,3085862.461901
2.827076,0.000166,3085862.462067
2.831093,0.000168,3085862.462236
2.835115,0.000170,3085862.462406
2.839142,0.000172,3085862.462578
2.843173,0.000173,3085862.462751
2.847208,0.000175,3085862.462926
2.851248,0.000175,3085862.463101
2.855293,0.000176,3085862.463277
2.859341,0.000176,3085862.463453
2.863394,0.000176,3085862.463629
2.867451,0.000176,3085862.463805
2.871512,0.000175,3085862.463980
2.875577,0.000174,3085862.464154
2.879647,0.000173,3085862.464327
2.883720,0.000171,3085862.464498
2.887797,0.000170,3085862.464668
2.891878,0.000168,3085862.464835
2.895963,0.000165,3085862.465001
2.900052,0.000163,3085862.465164
2.904144,0.000160,3085862.465324
2.908240,0.000157,3085862.465481
2.912340,0.000154,3085862.465635
2.916443,0.000151,3085862.465786
2.920550,0.000147,3085862.465933
2.924660,0.000144,3085862.466077
2.928774,0.000140,3085862.466216
2.932891,0.000136,3085862.466352
2.937011,0.000132,3085862.466484
2.941134,0.000128,3085862.466612
2.945261,0.000124,3085862.466736
2.949390,0.000120,3085862.466855
2.953523,0.000115,3085862.466971
2.957658,0.000111,3085862.467082
2.961797,0.000107,3085862.467189
2.965938,0.000103,3085862.467292
2.970082,0.000099,3085862.467390
2.974229,0.000094,3085862.467485
2.978379,0.000090,3085862.467575
2.982531,0.000086,3085862.467661
2.986685,0.000082,3085862.467744
2.990842,0.000079,3085862.467822
2.995002,0.000075,3085862.467897
2.999164,0.000071,3085862.467969
3.003328,0.000068,3085862.468037
3.007494,0.000065,3085862.468101
3.011663,0.000061,3085862.468162
3.015833,0.000058,3085862.468221
3.020006,0.000055,3085862.468276
3.024180,0.000053,3085862.468329
3.028357,0.000050,3085862.468378
3.032535,0.000047,3085862.468426
3.036715,0.000045,3085862.468471
3.040897,0.000043,3085862.468514
3.045080,0.000041,3085862.468554
3.049265,0.000039,3085862.468593
3.053451,0.000037,3085862.468630
3.057639,0.000035,3085862.468666
3.061829,0.000034,3085862.468700
3.066019,0.000033,3085862.468732
3.070211,0.000031,3085862.468763
3.074404,0.000030,3085862.468794
3.078598,0.000029,3085862.468823
3.082793,0.000028,3085862.468851
3.086989,0.000027,3085862.468878
3.091186,0.000027,3085862.468904
3.095383,0.000026,3085862.468930
3.099582,0.000025,3085862.468956
3.103781,0.000025,3085862.468980
3.107981,0.000024,3085862.469005
3.112181,0.000024,3085862.469028
3.116382,0.000024,3085862.469052
3.120583,0.000023,3085862.469075
3.124784,0.000023,3085862.469098
3.128986,0.000023,3085862.469121
3.133188,0.000023,3085862.469144
3.137390,0.000023,3085862.469167
3.141593,0.000023,3085862.469190
